                              1 ;--------------------------------------------------------
                              2 ; File Created by SDCC : free open source ANSI-C Compiler
                              3 ; Version 3.6.8 #9946 (Mac OS X ppc)
                              4 ;--------------------------------------------------------
                              5 	.module enemy
                              6 	.optsdcc -mz80
                              7 	
                              8 ;--------------------------------------------------------
                              9 ; Public variables in this module
                             10 ;--------------------------------------------------------
                             11 	.globl _collision_clamp_y_at
                             12 	.globl _collision_is_on_ground_at
                             13 	.globl _cpct_getScreenPtr
                             14 	.globl _cpct_drawSolidBox
                             15 	.globl _cpct_px2byteM0
                             16 	.globl _enemyinit
                             17 	.globl _enemyspawn
                             18 	.globl _enemyupdate
                             19 	.globl _enemyrender
                             20 	.globl _enemydamage
                             21 ;--------------------------------------------------------
                             22 ; special function registers
                             23 ;--------------------------------------------------------
                             24 ;--------------------------------------------------------
                             25 ; ram data
                             26 ;--------------------------------------------------------
                             27 	.area _DATA
                             28 ;--------------------------------------------------------
                             29 ; ram data
                             30 ;--------------------------------------------------------
                             31 	.area _INITIALIZED
                             32 ;--------------------------------------------------------
                             33 ; absolute external ram data
                             34 ;--------------------------------------------------------
                             35 	.area _DABS (ABS)
                             36 ;--------------------------------------------------------
                             37 ; global & static initialisations
                             38 ;--------------------------------------------------------
                             39 	.area _HOME
                             40 	.area _GSINIT
                             41 	.area _GSFINAL
                             42 	.area _GSINIT
                             43 ;--------------------------------------------------------
                             44 ; Home
                             45 ;--------------------------------------------------------
                             46 	.area _HOME
                             47 	.area _HOME
                             48 ;--------------------------------------------------------
                             49 ; code
                             50 ;--------------------------------------------------------
                             51 	.area _CODE
                             52 ;src/entities/enemy.c:5: void enemyinit(Enemy* enemy) {
                             53 ;	---------------------------------
                             54 ; Function enemyinit
                             55 ; ---------------------------------
   0000                      56 _enemyinit::
                             57 ;src/entities/enemy.c:6: if (!enemy) {
   0000 21 03 00      [10]   58 	ld	hl, #2+1
   0003 39            [11]   59 	add	hl, sp
   0004 7E            [ 7]   60 	ld	a, (hl)
   0005 2B            [ 6]   61 	dec	hl
   0006 B6            [ 7]   62 	or	a,(hl)
                             63 ;src/entities/enemy.c:7: return;
   0007 C8            [11]   64 	ret	Z
                             65 ;src/entities/enemy.c:10: enemy->x = 0;
   0008 D1            [10]   66 	pop	de
   0009 C1            [10]   67 	pop	bc
   000A C5            [11]   68 	push	bc
   000B D5            [11]   69 	push	de
   000C AF            [ 4]   70 	xor	a, a
   000D 02            [ 7]   71 	ld	(bc), a
                             72 ;src/entities/enemy.c:11: enemy->y = 0;
   000E 59            [ 4]   73 	ld	e, c
   000F 50            [ 4]   74 	ld	d, b
   0010 13            [ 6]   75 	inc	de
   0011 AF            [ 4]   76 	xor	a, a
   0012 12            [ 7]   77 	ld	(de), a
                             78 ;src/entities/enemy.c:12: enemy->vx = 0;
   0013 59            [ 4]   79 	ld	e, c
   0014 50            [ 4]   80 	ld	d, b
   0015 13            [ 6]   81 	inc	de
   0016 13            [ 6]   82 	inc	de
   0017 AF            [ 4]   83 	xor	a, a
   0018 12            [ 7]   84 	ld	(de), a
                             85 ;src/entities/enemy.c:13: enemy->vy = 0;
   0019 59            [ 4]   86 	ld	e, c
   001A 50            [ 4]   87 	ld	d, b
   001B 13            [ 6]   88 	inc	de
   001C 13            [ 6]   89 	inc	de
   001D 13            [ 6]   90 	inc	de
   001E AF            [ 4]   91 	xor	a, a
   001F 12            [ 7]   92 	ld	(de), a
                             93 ;src/entities/enemy.c:14: enemy->w = 4;
   0020 21 04 00      [10]   94 	ld	hl, #0x0004
   0023 09            [11]   95 	add	hl, bc
   0024 36 04         [10]   96 	ld	(hl), #0x04
                             97 ;src/entities/enemy.c:15: enemy->h = 16;
   0026 21 05 00      [10]   98 	ld	hl, #0x0005
   0029 09            [11]   99 	add	hl, bc
   002A 36 10         [10]  100 	ld	(hl), #0x10
                            101 ;src/entities/enemy.c:16: enemy->active = 0;
   002C 21 06 00      [10]  102 	ld	hl, #0x0006
   002F 09            [11]  103 	add	hl, bc
   0030 36 00         [10]  104 	ld	(hl), #0x00
                            105 ;src/entities/enemy.c:17: enemy->health = 1;
   0032 21 07 00      [10]  106 	ld	hl, #0x0007
   0035 09            [11]  107 	add	hl, bc
   0036 36 01         [10]  108 	ld	(hl), #0x01
                            109 ;src/entities/enemy.c:18: enemy->reward = 100;
   0038 21 08 00      [10]  110 	ld	hl, #0x0008
   003B 09            [11]  111 	add	hl, bc
   003C 36 64         [10]  112 	ld	(hl), #0x64
                            113 ;src/entities/enemy.c:19: enemy->kind = 0;
   003E 21 09 00      [10]  114 	ld	hl, #0x0009
   0041 09            [11]  115 	add	hl, bc
   0042 36 00         [10]  116 	ld	(hl), #0x00
   0044 C9            [10]  117 	ret
                            118 ;src/entities/enemy.c:22: void enemyspawn(Enemy* enemy, u8 x, u8 y, u8 kind, u8 move_right) {
                            119 ;	---------------------------------
                            120 ; Function enemyspawn
                            121 ; ---------------------------------
   0045                     122 _enemyspawn::
   0045 DD E5         [15]  123 	push	ix
   0047 DD 21 00 00   [14]  124 	ld	ix,#0
   004B DD 39         [15]  125 	add	ix,sp
   004D 21 F1 FF      [10]  126 	ld	hl, #-15
   0050 39            [11]  127 	add	hl, sp
   0051 F9            [ 6]  128 	ld	sp, hl
                            129 ;src/entities/enemy.c:23: if (!enemy) {
   0052 DD 7E 05      [19]  130 	ld	a, 5 (ix)
   0055 DD B6 04      [19]  131 	or	a,4 (ix)
                            132 ;src/entities/enemy.c:24: return;
   0058 CAr18r02      [10]  133 	jp	Z,00112$
                            134 ;src/entities/enemy.c:27: enemy->x = x;
   005B DD 7E 04      [19]  135 	ld	a, 4 (ix)
   005E DD 77 FE      [19]  136 	ld	-2 (ix), a
   0061 DD 7E 05      [19]  137 	ld	a, 5 (ix)
   0064 DD 77 FF      [19]  138 	ld	-1 (ix), a
   0067 DD 6E FE      [19]  139 	ld	l,-2 (ix)
   006A DD 66 FF      [19]  140 	ld	h,-1 (ix)
   006D DD 7E 06      [19]  141 	ld	a, 6 (ix)
   0070 77            [ 7]  142 	ld	(hl), a
                            143 ;src/entities/enemy.c:28: enemy->y = y;
   0071 DD 4E FE      [19]  144 	ld	c,-2 (ix)
   0074 DD 46 FF      [19]  145 	ld	b,-1 (ix)
   0077 03            [ 6]  146 	inc	bc
   0078 DD 7E 07      [19]  147 	ld	a, 7 (ix)
   007B 02            [ 7]  148 	ld	(bc), a
                            149 ;src/entities/enemy.c:29: enemy->vx = move_right ? 1 : -1;
   007C DD 7E FE      [19]  150 	ld	a, -2 (ix)
   007F C6 02         [ 7]  151 	add	a, #0x02
   0081 DD 77 FC      [19]  152 	ld	-4 (ix), a
   0084 DD 7E FF      [19]  153 	ld	a, -1 (ix)
   0087 CE 00         [ 7]  154 	adc	a, #0x00
   0089 DD 77 FD      [19]  155 	ld	-3 (ix), a
   008C DD 7E 09      [19]  156 	ld	a, 9 (ix)
   008F B7            [ 4]  157 	or	a, a
   0090 28 04         [12]  158 	jr	Z,00114$
   0092 0E 01         [ 7]  159 	ld	c, #0x01
   0094 18 02         [12]  160 	jr	00115$
   0096                     161 00114$:
   0096 0E FF         [ 7]  162 	ld	c, #0xff
   0098                     163 00115$:
   0098 DD 6E FC      [19]  164 	ld	l,-4 (ix)
   009B DD 66 FD      [19]  165 	ld	h,-3 (ix)
   009E 71            [ 7]  166 	ld	(hl), c
                            167 ;src/entities/enemy.c:30: enemy->vy = 0;
   009F DD 7E FE      [19]  168 	ld	a, -2 (ix)
   00A2 C6 03         [ 7]  169 	add	a, #0x03
   00A4 DD 77 FA      [19]  170 	ld	-6 (ix), a
   00A7 DD 7E FF      [19]  171 	ld	a, -1 (ix)
   00AA CE 00         [ 7]  172 	adc	a, #0x00
   00AC DD 77 FB      [19]  173 	ld	-5 (ix), a
   00AF DD 6E FA      [19]  174 	ld	l,-6 (ix)
   00B2 DD 66 FB      [19]  175 	ld	h,-5 (ix)
   00B5 36 00         [10]  176 	ld	(hl), #0x00
                            177 ;src/entities/enemy.c:31: enemy->active = 1;
   00B7 DD 7E FE      [19]  178 	ld	a, -2 (ix)
   00BA C6 06         [ 7]  179 	add	a, #0x06
   00BC DD 77 F8      [19]  180 	ld	-8 (ix), a
   00BF DD 7E FF      [19]  181 	ld	a, -1 (ix)
   00C2 CE 00         [ 7]  182 	adc	a, #0x00
   00C4 DD 77 F9      [19]  183 	ld	-7 (ix), a
   00C7 DD 6E F8      [19]  184 	ld	l,-8 (ix)
   00CA DD 66 F9      [19]  185 	ld	h,-7 (ix)
   00CD 36 01         [10]  186 	ld	(hl), #0x01
                            187 ;src/entities/enemy.c:32: enemy->kind = kind;
   00CF DD 7E FE      [19]  188 	ld	a, -2 (ix)
   00D2 C6 09         [ 7]  189 	add	a, #0x09
   00D4 DD 77 F8      [19]  190 	ld	-8 (ix), a
   00D7 DD 7E FF      [19]  191 	ld	a, -1 (ix)
   00DA CE 00         [ 7]  192 	adc	a, #0x00
   00DC DD 77 F9      [19]  193 	ld	-7 (ix), a
   00DF DD 6E F8      [19]  194 	ld	l,-8 (ix)
   00E2 DD 66 F9      [19]  195 	ld	h,-7 (ix)
   00E5 DD 7E 08      [19]  196 	ld	a, 8 (ix)
   00E8 77            [ 7]  197 	ld	(hl), a
                            198 ;src/entities/enemy.c:35: enemy->w = 5;
   00E9 DD 7E FE      [19]  199 	ld	a, -2 (ix)
   00EC C6 04         [ 7]  200 	add	a, #0x04
   00EE DD 77 F8      [19]  201 	ld	-8 (ix), a
   00F1 DD 7E FF      [19]  202 	ld	a, -1 (ix)
   00F4 CE 00         [ 7]  203 	adc	a, #0x00
   00F6 DD 77 F9      [19]  204 	ld	-7 (ix), a
                            205 ;src/entities/enemy.c:36: enemy->h = 14;
   00F9 DD 7E FE      [19]  206 	ld	a, -2 (ix)
   00FC C6 05         [ 7]  207 	add	a, #0x05
   00FE DD 77 F6      [19]  208 	ld	-10 (ix), a
   0101 DD 7E FF      [19]  209 	ld	a, -1 (ix)
   0104 CE 00         [ 7]  210 	adc	a, #0x00
   0106 DD 77 F7      [19]  211 	ld	-9 (ix), a
                            212 ;src/entities/enemy.c:37: enemy->health = 2;
   0109 DD 7E FE      [19]  213 	ld	a, -2 (ix)
   010C C6 07         [ 7]  214 	add	a, #0x07
   010E DD 77 F4      [19]  215 	ld	-12 (ix), a
   0111 DD 7E FF      [19]  216 	ld	a, -1 (ix)
   0114 CE 00         [ 7]  217 	adc	a, #0x00
   0116 DD 77 F5      [19]  218 	ld	-11 (ix), a
                            219 ;src/entities/enemy.c:38: enemy->reward = 180;
   0119 DD 7E FE      [19]  220 	ld	a, -2 (ix)
   011C C6 08         [ 7]  221 	add	a, #0x08
   011E DD 77 FE      [19]  222 	ld	-2 (ix), a
   0121 DD 7E FF      [19]  223 	ld	a, -1 (ix)
   0124 CE 00         [ 7]  224 	adc	a, #0x00
   0126 DD 77 FF      [19]  225 	ld	-1 (ix), a
                            226 ;src/entities/enemy.c:34: if (kind == 1) {
   0129 DD 7E 08      [19]  227 	ld	a, 8 (ix)
   012C 3D            [ 4]  228 	dec	a
   012D 20 49         [12]  229 	jr	NZ,00110$
                            230 ;src/entities/enemy.c:35: enemy->w = 5;
   012F DD 6E F8      [19]  231 	ld	l,-8 (ix)
   0132 DD 66 F9      [19]  232 	ld	h,-7 (ix)
   0135 36 05         [10]  233 	ld	(hl), #0x05
                            234 ;src/entities/enemy.c:36: enemy->h = 14;
   0137 DD 6E F6      [19]  235 	ld	l,-10 (ix)
   013A DD 66 F7      [19]  236 	ld	h,-9 (ix)
   013D 36 0E         [10]  237 	ld	(hl), #0x0e
                            238 ;src/entities/enemy.c:37: enemy->health = 2;
   013F DD 6E F4      [19]  239 	ld	l,-12 (ix)
   0142 DD 66 F5      [19]  240 	ld	h,-11 (ix)
   0145 36 02         [10]  241 	ld	(hl), #0x02
                            242 ;src/entities/enemy.c:38: enemy->reward = 180;
   0147 DD 6E FE      [19]  243 	ld	l,-2 (ix)
   014A DD 66 FF      [19]  244 	ld	h,-1 (ix)
   014D 36 B4         [10]  245 	ld	(hl), #0xb4
                            246 ;src/entities/enemy.c:39: enemy->vx = move_right ? 2 : -2;
   014F DD 7E FC      [19]  247 	ld	a, -4 (ix)
   0152 DD 77 F2      [19]  248 	ld	-14 (ix), a
   0155 DD 7E FD      [19]  249 	ld	a, -3 (ix)
   0158 DD 77 F3      [19]  250 	ld	-13 (ix), a
   015B DD 7E 09      [19]  251 	ld	a, 9 (ix)
   015E B7            [ 4]  252 	or	a, a
   015F 28 06         [12]  253 	jr	Z,00116$
   0161 DD 36 F1 02   [19]  254 	ld	-15 (ix), #0x02
   0165 18 04         [12]  255 	jr	00117$
   0167                     256 00116$:
   0167 DD 36 F1 FE   [19]  257 	ld	-15 (ix), #0xfe
   016B                     258 00117$:
   016B DD 6E F2      [19]  259 	ld	l,-14 (ix)
   016E DD 66 F3      [19]  260 	ld	h,-13 (ix)
   0171 DD 7E F1      [19]  261 	ld	a, -15 (ix)
   0174 77            [ 7]  262 	ld	(hl), a
   0175 C3r18r02      [10]  263 	jp	00112$
   0178                     264 00110$:
                            265 ;src/entities/enemy.c:40: } else if (kind == 2) {
   0178 DD 7E 08      [19]  266 	ld	a, 8 (ix)
   017B D6 02         [ 7]  267 	sub	a, #0x02
   017D 20 3D         [12]  268 	jr	NZ,00107$
                            269 ;src/entities/enemy.c:41: enemy->w = 6;
   017F DD 6E F8      [19]  270 	ld	l,-8 (ix)
   0182 DD 66 F9      [19]  271 	ld	h,-7 (ix)
   0185 36 06         [10]  272 	ld	(hl), #0x06
                            273 ;src/entities/enemy.c:42: enemy->h = 10;
   0187 DD 6E F6      [19]  274 	ld	l,-10 (ix)
   018A DD 66 F7      [19]  275 	ld	h,-9 (ix)
   018D 36 0A         [10]  276 	ld	(hl), #0x0a
                            277 ;src/entities/enemy.c:43: enemy->health = 1;
   018F DD 6E F4      [19]  278 	ld	l,-12 (ix)
   0192 DD 66 F5      [19]  279 	ld	h,-11 (ix)
   0195 36 01         [10]  280 	ld	(hl), #0x01
                            281 ;src/entities/enemy.c:44: enemy->reward = 150;
   0197 DD 6E FE      [19]  282 	ld	l,-2 (ix)
   019A DD 66 FF      [19]  283 	ld	h,-1 (ix)
   019D 36 96         [10]  284 	ld	(hl), #0x96
                            285 ;src/entities/enemy.c:45: enemy->vy = move_right ? 1 : -1;
   019F DD 4E FA      [19]  286 	ld	c,-6 (ix)
   01A2 DD 46 FB      [19]  287 	ld	b,-5 (ix)
   01A5 DD 7E 09      [19]  288 	ld	a, 9 (ix)
   01A8 B7            [ 4]  289 	or	a, a
   01A9 28 04         [12]  290 	jr	Z,00118$
   01AB 3E 01         [ 7]  291 	ld	a, #0x01
   01AD 18 02         [12]  292 	jr	00119$
   01AF                     293 00118$:
   01AF 3E FF         [ 7]  294 	ld	a, #0xff
   01B1                     295 00119$:
   01B1 02            [ 7]  296 	ld	(bc), a
                            297 ;src/entities/enemy.c:46: enemy->vx = 1;
   01B2 DD 6E FC      [19]  298 	ld	l,-4 (ix)
   01B5 DD 66 FD      [19]  299 	ld	h,-3 (ix)
   01B8 36 01         [10]  300 	ld	(hl), #0x01
   01BA 18 5C         [12]  301 	jr	00112$
   01BC                     302 00107$:
                            303 ;src/entities/enemy.c:47: } else if (kind == 3) {
   01BC DD 7E 08      [19]  304 	ld	a, 8 (ix)
   01BF D6 03         [ 7]  305 	sub	a, #0x03
   01C1 20 35         [12]  306 	jr	NZ,00104$
                            307 ;src/entities/enemy.c:48: enemy->w = 10;
   01C3 DD 6E F8      [19]  308 	ld	l,-8 (ix)
   01C6 DD 66 F9      [19]  309 	ld	h,-7 (ix)
   01C9 36 0A         [10]  310 	ld	(hl), #0x0a
                            311 ;src/entities/enemy.c:49: enemy->h = 18;
   01CB DD 6E F6      [19]  312 	ld	l,-10 (ix)
   01CE DD 66 F7      [19]  313 	ld	h,-9 (ix)
   01D1 36 12         [10]  314 	ld	(hl), #0x12
                            315 ;src/entities/enemy.c:50: enemy->health = 8;
   01D3 DD 6E F4      [19]  316 	ld	l,-12 (ix)
   01D6 DD 66 F5      [19]  317 	ld	h,-11 (ix)
   01D9 36 08         [10]  318 	ld	(hl), #0x08
                            319 ;src/entities/enemy.c:51: enemy->reward = 800;
   01DB DD 6E FE      [19]  320 	ld	l,-2 (ix)
   01DE DD 66 FF      [19]  321 	ld	h,-1 (ix)
   01E1 36 20         [10]  322 	ld	(hl), #0x20
                            323 ;src/entities/enemy.c:52: enemy->vx = move_right ? 1 : -1;
   01E3 DD 4E FC      [19]  324 	ld	c,-4 (ix)
   01E6 DD 46 FD      [19]  325 	ld	b,-3 (ix)
   01E9 DD 7E 09      [19]  326 	ld	a, 9 (ix)
   01EC B7            [ 4]  327 	or	a, a
   01ED 28 04         [12]  328 	jr	Z,00120$
   01EF 3E 01         [ 7]  329 	ld	a, #0x01
   01F1 18 02         [12]  330 	jr	00121$
   01F3                     331 00120$:
   01F3 3E FF         [ 7]  332 	ld	a, #0xff
   01F5                     333 00121$:
   01F5 02            [ 7]  334 	ld	(bc), a
   01F6 18 20         [12]  335 	jr	00112$
   01F8                     336 00104$:
                            337 ;src/entities/enemy.c:54: enemy->w = 4;
   01F8 DD 6E F8      [19]  338 	ld	l,-8 (ix)
   01FB DD 66 F9      [19]  339 	ld	h,-7 (ix)
   01FE 36 04         [10]  340 	ld	(hl), #0x04
                            341 ;src/entities/enemy.c:55: enemy->h = 16;
   0200 DD 6E F6      [19]  342 	ld	l,-10 (ix)
   0203 DD 66 F7      [19]  343 	ld	h,-9 (ix)
   0206 36 10         [10]  344 	ld	(hl), #0x10
                            345 ;src/entities/enemy.c:56: enemy->health = 1;
   0208 DD 6E F4      [19]  346 	ld	l,-12 (ix)
   020B DD 66 F5      [19]  347 	ld	h,-11 (ix)
   020E 36 01         [10]  348 	ld	(hl), #0x01
                            349 ;src/entities/enemy.c:57: enemy->reward = 100;
   0210 DD 6E FE      [19]  350 	ld	l,-2 (ix)
   0213 DD 66 FF      [19]  351 	ld	h,-1 (ix)
   0216 36 64         [10]  352 	ld	(hl), #0x64
   0218                     353 00112$:
   0218 DD F9         [10]  354 	ld	sp, ix
   021A DD E1         [14]  355 	pop	ix
   021C C9            [10]  356 	ret
                            357 ;src/entities/enemy.c:61: void enemyupdate(Enemy* enemy) {
                            358 ;	---------------------------------
                            359 ; Function enemyupdate
                            360 ; ---------------------------------
   021D                     361 _enemyupdate::
   021D DD E5         [15]  362 	push	ix
   021F DD 21 00 00   [14]  363 	ld	ix,#0
   0223 DD 39         [15]  364 	add	ix,sp
   0225 21 F6 FF      [10]  365 	ld	hl, #-10
   0228 39            [11]  366 	add	hl, sp
   0229 F9            [ 6]  367 	ld	sp, hl
                            368 ;src/entities/enemy.c:65: if (!enemy || !enemy->active) {
   022A DD 7E 05      [19]  369 	ld	a, 5 (ix)
   022D DD B6 04      [19]  370 	or	a,4 (ix)
   0230 CAr31r04      [10]  371 	jp	Z,00121$
   0233 DD 7E 04      [19]  372 	ld	a, 4 (ix)
   0236 DD 77 FC      [19]  373 	ld	-4 (ix), a
   0239 DD 7E 05      [19]  374 	ld	a, 5 (ix)
   023C DD 77 FD      [19]  375 	ld	-3 (ix), a
   023F DD 6E FC      [19]  376 	ld	l,-4 (ix)
   0242 DD 66 FD      [19]  377 	ld	h,-3 (ix)
   0245 11 06 00      [10]  378 	ld	de, #0x0006
   0248 19            [11]  379 	add	hl, de
   0249 7E            [ 7]  380 	ld	a, (hl)
   024A B7            [ 4]  381 	or	a, a
                            382 ;src/entities/enemy.c:66: return;
   024B CAr31r04      [10]  383 	jp	Z,00121$
                            384 ;src/entities/enemy.c:69: if (enemy->kind == 2) {
   024E DD 6E FC      [19]  385 	ld	l,-4 (ix)
   0251 DD 66 FD      [19]  386 	ld	h,-3 (ix)
   0254 11 09 00      [10]  387 	ld	de, #0x0009
   0257 19            [11]  388 	add	hl, de
   0258 7E            [ 7]  389 	ld	a, (hl)
   0259 DD 77 FB      [19]  390 	ld	-5 (ix), a
                            391 ;src/entities/enemy.c:70: nextx = (i16)enemy->x + (i16)enemy->vx;
   025C DD 6E FC      [19]  392 	ld	l,-4 (ix)
   025F DD 66 FD      [19]  393 	ld	h,-3 (ix)
   0262 4E            [ 7]  394 	ld	c, (hl)
   0263 DD 7E FC      [19]  395 	ld	a, -4 (ix)
   0266 C6 02         [ 7]  396 	add	a, #0x02
   0268 DD 77 F9      [19]  397 	ld	-7 (ix), a
   026B DD 7E FD      [19]  398 	ld	a, -3 (ix)
   026E CE 00         [ 7]  399 	adc	a, #0x00
   0270 DD 77 FA      [19]  400 	ld	-6 (ix), a
                            401 ;src/entities/enemy.c:71: nexty = (i16)enemy->y + (i16)enemy->vy;
   0273 DD 7E FC      [19]  402 	ld	a, -4 (ix)
   0276 C6 01         [ 7]  403 	add	a, #0x01
   0278 DD 77 F7      [19]  404 	ld	-9 (ix), a
   027B DD 7E FD      [19]  405 	ld	a, -3 (ix)
   027E CE 00         [ 7]  406 	adc	a, #0x00
   0280 DD 77 F8      [19]  407 	ld	-8 (ix), a
   0283 DD 5E FC      [19]  408 	ld	e,-4 (ix)
   0286 DD 56 FD      [19]  409 	ld	d,-3 (ix)
   0289 13            [ 6]  410 	inc	de
   028A 13            [ 6]  411 	inc	de
   028B 13            [ 6]  412 	inc	de
                            413 ;src/entities/enemy.c:70: nextx = (i16)enemy->x + (i16)enemy->vx;
   028C 06 00         [ 7]  414 	ld	b, #0x00
   028E DD 6E F9      [19]  415 	ld	l,-7 (ix)
   0291 DD 66 FA      [19]  416 	ld	h,-6 (ix)
   0294 7E            [ 7]  417 	ld	a, (hl)
   0295 DD 77 F6      [19]  418 	ld	-10 (ix), a
   0298 6F            [ 4]  419 	ld	l, a
   0299 DD 7E F6      [19]  420 	ld	a, -10 (ix)
   029C 17            [ 4]  421 	rla
   029D 9F            [ 4]  422 	sbc	a, a
   029E 67            [ 4]  423 	ld	h, a
   029F 09            [11]  424 	add	hl,bc
   02A0 4D            [ 4]  425 	ld	c, l
   02A1 44            [ 4]  426 	ld	b, h
                            427 ;src/entities/enemy.c:69: if (enemy->kind == 2) {
   02A2 DD 7E FB      [19]  428 	ld	a, -5 (ix)
   02A5 D6 02         [ 7]  429 	sub	a, #0x02
   02A7 C2r55r03      [10]  430 	jp	NZ,00111$
                            431 ;src/entities/enemy.c:70: nextx = (i16)enemy->x + (i16)enemy->vx;
                            432 ;src/entities/enemy.c:71: nexty = (i16)enemy->y + (i16)enemy->vy;
   02AA DD 6E F7      [19]  433 	ld	l,-9 (ix)
   02AD DD 66 F8      [19]  434 	ld	h,-8 (ix)
   02B0 6E            [ 7]  435 	ld	l, (hl)
   02B1 DD 75 FE      [19]  436 	ld	-2 (ix), l
   02B4 DD 36 FF 00   [19]  437 	ld	-1 (ix), #0x00
   02B8 1A            [ 7]  438 	ld	a, (de)
   02B9 6F            [ 4]  439 	ld	l, a
   02BA 17            [ 4]  440 	rla
   02BB 9F            [ 4]  441 	sbc	a, a
   02BC 67            [ 4]  442 	ld	h, a
   02BD DD 7E FE      [19]  443 	ld	a, -2 (ix)
   02C0 85            [ 4]  444 	add	a, l
   02C1 DD 77 FE      [19]  445 	ld	-2 (ix), a
   02C4 DD 7E FF      [19]  446 	ld	a, -1 (ix)
   02C7 8C            [ 4]  447 	adc	a, h
   02C8 DD 77 FF      [19]  448 	ld	-1 (ix), a
                            449 ;src/entities/enemy.c:73: if (nextx < 8 || nextx > 72) {
   02CB 79            [ 4]  450 	ld	a, c
   02CC D6 08         [ 7]  451 	sub	a, #0x08
   02CE 78            [ 4]  452 	ld	a, b
   02CF 17            [ 4]  453 	rla
   02D0 3F            [ 4]  454 	ccf
   02D1 1F            [ 4]  455 	rra
   02D2 DE 80         [ 7]  456 	sbc	a, #0x80
   02D4 38 0E         [12]  457 	jr	C,00104$
   02D6 3E 48         [ 7]  458 	ld	a, #0x48
   02D8 B9            [ 4]  459 	cp	a, c
   02D9 3E 00         [ 7]  460 	ld	a, #0x00
   02DB 98            [ 4]  461 	sbc	a, b
   02DC E2rE1r02      [10]  462 	jp	PO, 00161$
   02DF EE 80         [ 7]  463 	xor	a, #0x80
   02E1                     464 00161$:
   02E1 F2rFFr02      [10]  465 	jp	P, 00105$
   02E4                     466 00104$:
                            467 ;src/entities/enemy.c:74: enemy->vx = (i8)(-enemy->vx);
   02E4 AF            [ 4]  468 	xor	a, a
   02E5 DD 96 F6      [19]  469 	sub	a, -10 (ix)
   02E8 4F            [ 4]  470 	ld	c, a
   02E9 DD 6E F9      [19]  471 	ld	l,-7 (ix)
   02EC DD 66 FA      [19]  472 	ld	h,-6 (ix)
   02EF 71            [ 7]  473 	ld	(hl), c
                            474 ;src/entities/enemy.c:75: nextx = (i16)enemy->x + (i16)enemy->vx;
   02F0 DD 6E FC      [19]  475 	ld	l,-4 (ix)
   02F3 DD 66 FD      [19]  476 	ld	h,-3 (ix)
   02F6 6E            [ 7]  477 	ld	l, (hl)
   02F7 26 00         [ 7]  478 	ld	h, #0x00
   02F9 79            [ 4]  479 	ld	a, c
   02FA 17            [ 4]  480 	rla
   02FB 9F            [ 4]  481 	sbc	a, a
   02FC 47            [ 4]  482 	ld	b, a
   02FD 09            [11]  483 	add	hl,bc
   02FE 4D            [ 4]  484 	ld	c, l
   02FF                     485 00105$:
                            486 ;src/entities/enemy.c:77: if (nexty < 56 || nexty > 120) {
   02FF DD 7E FE      [19]  487 	ld	a, -2 (ix)
   0302 D6 38         [ 7]  488 	sub	a, #0x38
   0304 DD 7E FF      [19]  489 	ld	a, -1 (ix)
   0307 17            [ 4]  490 	rla
   0308 3F            [ 4]  491 	ccf
   0309 1F            [ 4]  492 	rra
   030A DE 80         [ 7]  493 	sbc	a, #0x80
   030C 38 12         [12]  494 	jr	C,00107$
   030E 3E 78         [ 7]  495 	ld	a, #0x78
   0310 DD BE FE      [19]  496 	cp	a, -2 (ix)
   0313 3E 00         [ 7]  497 	ld	a, #0x00
   0315 DD 9E FF      [19]  498 	sbc	a, -1 (ix)
   0318 E2r1Dr03      [10]  499 	jp	PO, 00162$
   031B EE 80         [ 7]  500 	xor	a, #0x80
   031D                     501 00162$:
   031D F2r41r03      [10]  502 	jp	P, 00108$
   0320                     503 00107$:
                            504 ;src/entities/enemy.c:78: enemy->vy = (i8)(-enemy->vy);
   0320 1A            [ 7]  505 	ld	a, (de)
   0321 6F            [ 4]  506 	ld	l, a
   0322 AF            [ 4]  507 	xor	a, a
   0323 95            [ 4]  508 	sub	a, l
   0324 DD 77 F6      [19]  509 	ld	-10 (ix), a
   0327 12            [ 7]  510 	ld	(de),a
                            511 ;src/entities/enemy.c:79: nexty = (i16)enemy->y + (i16)enemy->vy;
   0328 DD 6E F7      [19]  512 	ld	l,-9 (ix)
   032B DD 66 F8      [19]  513 	ld	h,-8 (ix)
   032E 5E            [ 7]  514 	ld	e, (hl)
   032F 16 00         [ 7]  515 	ld	d, #0x00
   0331 DD 6E F6      [19]  516 	ld	l, -10 (ix)
   0334 DD 7E F6      [19]  517 	ld	a, -10 (ix)
   0337 17            [ 4]  518 	rla
   0338 9F            [ 4]  519 	sbc	a, a
   0339 67            [ 4]  520 	ld	h, a
   033A 19            [11]  521 	add	hl,de
   033B DD 75 FE      [19]  522 	ld	-2 (ix), l
   033E DD 74 FF      [19]  523 	ld	-1 (ix), h
   0341                     524 00108$:
                            525 ;src/entities/enemy.c:82: enemy->x = (u8)nextx;
   0341 DD 6E FC      [19]  526 	ld	l,-4 (ix)
   0344 DD 66 FD      [19]  527 	ld	h,-3 (ix)
   0347 71            [ 7]  528 	ld	(hl), c
                            529 ;src/entities/enemy.c:83: enemy->y = (u8)nexty;
   0348 DD 4E FE      [19]  530 	ld	c, -2 (ix)
   034B DD 6E F7      [19]  531 	ld	l,-9 (ix)
   034E DD 66 F8      [19]  532 	ld	h,-8 (ix)
   0351 71            [ 7]  533 	ld	(hl), c
                            534 ;src/entities/enemy.c:84: return;
   0352 C3r31r04      [10]  535 	jp	00121$
   0355                     536 00111$:
                            537 ;src/entities/enemy.c:87: nextx = (i16)enemy->x + (i16)enemy->vx;
                            538 ;src/entities/enemy.c:88: if (nextx < 2) {
   0355 79            [ 4]  539 	ld	a, c
   0356 D6 02         [ 7]  540 	sub	a, #0x02
   0358 78            [ 4]  541 	ld	a, b
   0359 17            [ 4]  542 	rla
   035A 3F            [ 4]  543 	ccf
   035B 1F            [ 4]  544 	rra
   035C DE 80         [ 7]  545 	sbc	a, #0x80
   035E 30 0B         [12]  546 	jr	NC,00113$
                            547 ;src/entities/enemy.c:89: nextx = 2;
   0360 01 02 00      [10]  548 	ld	bc, #0x0002
                            549 ;src/entities/enemy.c:90: enemy->vx = 1;
   0363 DD 6E F9      [19]  550 	ld	l,-7 (ix)
   0366 DD 66 FA      [19]  551 	ld	h,-6 (ix)
   0369 36 01         [10]  552 	ld	(hl), #0x01
   036B                     553 00113$:
                            554 ;src/entities/enemy.c:93: i16 maxx = (i16)(80 - (i16)enemy->w);
   036B DD 6E FC      [19]  555 	ld	l,-4 (ix)
   036E DD 66 FD      [19]  556 	ld	h,-3 (ix)
   0371 23            [ 6]  557 	inc	hl
   0372 23            [ 6]  558 	inc	hl
   0373 23            [ 6]  559 	inc	hl
   0374 23            [ 6]  560 	inc	hl
   0375 6E            [ 7]  561 	ld	l, (hl)
   0376 26 00         [ 7]  562 	ld	h, #0x00
   0378 3E 50         [ 7]  563 	ld	a, #0x50
   037A 95            [ 4]  564 	sub	a, l
   037B 6F            [ 4]  565 	ld	l, a
   037C 3E 00         [ 7]  566 	ld	a, #0x00
   037E 9C            [ 4]  567 	sbc	a, h
   037F 67            [ 4]  568 	ld	h, a
                            569 ;src/entities/enemy.c:94: if (nextx > maxx) {
   0380 7D            [ 4]  570 	ld	a, l
   0381 91            [ 4]  571 	sub	a, c
   0382 7C            [ 4]  572 	ld	a, h
   0383 98            [ 4]  573 	sbc	a, b
   0384 E2r89r03      [10]  574 	jp	PO, 00163$
   0387 EE 80         [ 7]  575 	xor	a, #0x80
   0389                     576 00163$:
   0389 F2r95r03      [10]  577 	jp	P, 00115$
                            578 ;src/entities/enemy.c:95: nextx = maxx;
   038C 4D            [ 4]  579 	ld	c, l
                            580 ;src/entities/enemy.c:96: enemy->vx = -1;
   038D DD 6E F9      [19]  581 	ld	l,-7 (ix)
   0390 DD 66 FA      [19]  582 	ld	h,-6 (ix)
   0393 36 FF         [10]  583 	ld	(hl), #0xff
   0395                     584 00115$:
                            585 ;src/entities/enemy.c:99: enemy->x = (u8)nextx;
   0395 DD 6E FC      [19]  586 	ld	l,-4 (ix)
   0398 DD 66 FD      [19]  587 	ld	h,-3 (ix)
   039B 71            [ 7]  588 	ld	(hl), c
                            589 ;src/entities/enemy.c:101: enemy->vy = (i8)(enemy->vy + 1);
   039C 1A            [ 7]  590 	ld	a, (de)
   039D 4F            [ 4]  591 	ld	c, a
   039E 0C            [ 4]  592 	inc	c
   039F 79            [ 4]  593 	ld	a, c
   03A0 12            [ 7]  594 	ld	(de), a
                            595 ;src/entities/enemy.c:102: if (enemy->vy > 3) enemy->vy = 3;
   03A1 3E 03         [ 7]  596 	ld	a, #0x03
   03A3 91            [ 4]  597 	sub	a, c
   03A4 E2rA9r03      [10]  598 	jp	PO, 00164$
   03A7 EE 80         [ 7]  599 	xor	a, #0x80
   03A9                     600 00164$:
   03A9 F2rAFr03      [10]  601 	jp	P, 00117$
   03AC 3E 03         [ 7]  602 	ld	a, #0x03
   03AE 12            [ 7]  603 	ld	(de), a
   03AF                     604 00117$:
                            605 ;src/entities/enemy.c:103: nexty = (i16)enemy->y + (i16)enemy->vy;
   03AF DD 6E F7      [19]  606 	ld	l,-9 (ix)
   03B2 DD 66 F8      [19]  607 	ld	h,-8 (ix)
   03B5 4E            [ 7]  608 	ld	c, (hl)
   03B6 06 00         [ 7]  609 	ld	b, #0x00
   03B8 1A            [ 7]  610 	ld	a, (de)
   03B9 6F            [ 4]  611 	ld	l, a
   03BA 17            [ 4]  612 	rla
   03BB 9F            [ 4]  613 	sbc	a, a
   03BC 67            [ 4]  614 	ld	h, a
   03BD 09            [11]  615 	add	hl, bc
   03BE E5            [11]  616 	push	hl
   03BF FD E1         [14]  617 	pop	iy
                            618 ;src/entities/enemy.c:104: nexty = collision_clamp_y_at((i16)enemy->x, nexty, enemy->h);
   03C1 DD 7E FC      [19]  619 	ld	a, -4 (ix)
   03C4 C6 05         [ 7]  620 	add	a, #0x05
   03C6 DD 77 FE      [19]  621 	ld	-2 (ix), a
   03C9 DD 7E FD      [19]  622 	ld	a, -3 (ix)
   03CC CE 00         [ 7]  623 	adc	a, #0x00
   03CE DD 77 FF      [19]  624 	ld	-1 (ix), a
   03D1 DD 6E FE      [19]  625 	ld	l,-2 (ix)
   03D4 DD 66 FF      [19]  626 	ld	h,-1 (ix)
   03D7 7E            [ 7]  627 	ld	a, (hl)
   03D8 DD 6E FC      [19]  628 	ld	l,-4 (ix)
   03DB DD 66 FD      [19]  629 	ld	h,-3 (ix)
   03DE 4E            [ 7]  630 	ld	c, (hl)
   03DF 06 00         [ 7]  631 	ld	b, #0x00
   03E1 D5            [11]  632 	push	de
   03E2 F5            [11]  633 	push	af
   03E3 33            [ 6]  634 	inc	sp
   03E4 FD E5         [15]  635 	push	iy
   03E6 C5            [11]  636 	push	bc
   03E7 CDr00r00      [17]  637 	call	_collision_clamp_y_at
   03EA F1            [10]  638 	pop	af
   03EB F1            [10]  639 	pop	af
   03EC 33            [ 6]  640 	inc	sp
   03ED 4D            [ 4]  641 	ld	c, l
   03EE D1            [10]  642 	pop	de
                            643 ;src/entities/enemy.c:105: enemy->y = (u8)nexty;
   03EF DD 6E F7      [19]  644 	ld	l,-9 (ix)
   03F2 DD 66 F8      [19]  645 	ld	h,-8 (ix)
   03F5 71            [ 7]  646 	ld	(hl), c
                            647 ;src/entities/enemy.c:106: if (collision_is_on_ground_at((i16)enemy->x, (i16)enemy->y, enemy->h) && enemy->vy > 0) {
   03F6 DD 6E FE      [19]  648 	ld	l,-2 (ix)
   03F9 DD 66 FF      [19]  649 	ld	h,-1 (ix)
   03FC 7E            [ 7]  650 	ld	a, (hl)
   03FD 06 00         [ 7]  651 	ld	b, #0x00
   03FF DD 6E FC      [19]  652 	ld	l,-4 (ix)
   0402 DD 66 FD      [19]  653 	ld	h,-3 (ix)
   0405 6E            [ 7]  654 	ld	l, (hl)
   0406 DD 75 FE      [19]  655 	ld	-2 (ix), l
   0409 DD 36 FF 00   [19]  656 	ld	-1 (ix), #0x00
   040D D5            [11]  657 	push	de
   040E F5            [11]  658 	push	af
   040F 33            [ 6]  659 	inc	sp
   0410 C5            [11]  660 	push	bc
   0411 DD 6E FE      [19]  661 	ld	l,-2 (ix)
   0414 DD 66 FF      [19]  662 	ld	h,-1 (ix)
   0417 E5            [11]  663 	push	hl
   0418 CDr00r00      [17]  664 	call	_collision_is_on_ground_at
   041B F1            [10]  665 	pop	af
   041C F1            [10]  666 	pop	af
   041D 33            [ 6]  667 	inc	sp
   041E D1            [10]  668 	pop	de
   041F 7D            [ 4]  669 	ld	a, l
   0420 B7            [ 4]  670 	or	a, a
   0421 28 0E         [12]  671 	jr	Z,00121$
   0423 1A            [ 7]  672 	ld	a, (de)
   0424 4F            [ 4]  673 	ld	c, a
   0425 AF            [ 4]  674 	xor	a, a
   0426 91            [ 4]  675 	sub	a, c
   0427 E2r2Cr04      [10]  676 	jp	PO, 00165$
   042A EE 80         [ 7]  677 	xor	a, #0x80
   042C                     678 00165$:
   042C F2r31r04      [10]  679 	jp	P, 00121$
                            680 ;src/entities/enemy.c:107: enemy->vy = 0;
   042F AF            [ 4]  681 	xor	a, a
   0430 12            [ 7]  682 	ld	(de), a
   0431                     683 00121$:
   0431 DD F9         [10]  684 	ld	sp, ix
   0433 DD E1         [14]  685 	pop	ix
   0435 C9            [10]  686 	ret
                            687 ;src/entities/enemy.c:111: void enemyrender(const Enemy* enemy) {
                            688 ;	---------------------------------
                            689 ; Function enemyrender
                            690 ; ---------------------------------
   0436                     691 _enemyrender::
   0436 DD E5         [15]  692 	push	ix
   0438 DD 21 00 00   [14]  693 	ld	ix,#0
   043C DD 39         [15]  694 	add	ix,sp
   043E F5            [11]  695 	push	af
                            696 ;src/entities/enemy.c:115: if (!enemy || !enemy->active) {
   043F DD 7E 05      [19]  697 	ld	a, 5 (ix)
   0442 DD B6 04      [19]  698 	or	a,4 (ix)
   0445 CArC3r04      [10]  699 	jp	Z,00113$
   0448 DD 7E 04      [19]  700 	ld	a, 4 (ix)
   044B DD 77 FE      [19]  701 	ld	-2 (ix), a
   044E DD 7E 05      [19]  702 	ld	a, 5 (ix)
   0451 DD 77 FF      [19]  703 	ld	-1 (ix), a
   0454 E1            [10]  704 	pop	hl
   0455 E5            [11]  705 	push	hl
   0456 11 06 00      [10]  706 	ld	de, #0x0006
   0459 19            [11]  707 	add	hl, de
   045A 7E            [ 7]  708 	ld	a, (hl)
   045B B7            [ 4]  709 	or	a, a
                            710 ;src/entities/enemy.c:116: return;
   045C 28 65         [12]  711 	jr	Z,00113$
                            712 ;src/entities/enemy.c:119: if (enemy->kind == 3) colour = cpct_px2byteM0(12, 12);
   045E E1            [10]  713 	pop	hl
   045F E5            [11]  714 	push	hl
   0460 11 09 00      [10]  715 	ld	de, #0x0009
   0463 19            [11]  716 	add	hl, de
   0464 7E            [ 7]  717 	ld	a, (hl)
   0465 FE 03         [ 7]  718 	cp	a, #0x03
   0467 20 0A         [12]  719 	jr	NZ,00111$
   0469 21 0C 0C      [10]  720 	ld	hl, #0x0c0c
   046C E5            [11]  721 	push	hl
   046D CDr00r00      [17]  722 	call	_cpct_px2byteM0
   0470 4D            [ 4]  723 	ld	c, l
   0471 18 23         [12]  724 	jr	00112$
   0473                     725 00111$:
                            726 ;src/entities/enemy.c:120: else if (enemy->kind == 2) colour = cpct_px2byteM0(10, 10);
   0473 FE 02         [ 7]  727 	cp	a, #0x02
   0475 20 0A         [12]  728 	jr	NZ,00108$
   0477 21 0A 0A      [10]  729 	ld	hl, #0x0a0a
   047A E5            [11]  730 	push	hl
   047B CDr00r00      [17]  731 	call	_cpct_px2byteM0
   047E 4D            [ 4]  732 	ld	c, l
   047F 18 15         [12]  733 	jr	00112$
   0481                     734 00108$:
                            735 ;src/entities/enemy.c:121: else if (enemy->kind == 1) colour = cpct_px2byteM0(14, 14);
   0481 3D            [ 4]  736 	dec	a
   0482 20 0A         [12]  737 	jr	NZ,00105$
   0484 21 0E 0E      [10]  738 	ld	hl, #0x0e0e
   0487 E5            [11]  739 	push	hl
   0488 CDr00r00      [17]  740 	call	_cpct_px2byteM0
   048B 4D            [ 4]  741 	ld	c, l
   048C 18 08         [12]  742 	jr	00112$
   048E                     743 00105$:
                            744 ;src/entities/enemy.c:122: else colour = cpct_px2byteM0(4, 4);
   048E 21 04 04      [10]  745 	ld	hl, #0x0404
   0491 E5            [11]  746 	push	hl
   0492 CDr00r00      [17]  747 	call	_cpct_px2byteM0
   0495 4D            [ 4]  748 	ld	c, l
   0496                     749 00112$:
                            750 ;src/entities/enemy.c:124: pvmem = cpct_getScreenPtr(CPCT_VMEM_START, enemy->x, enemy->y);
   0496 E1            [10]  751 	pop	hl
   0497 E5            [11]  752 	push	hl
   0498 23            [ 6]  753 	inc	hl
   0499 46            [ 7]  754 	ld	b, (hl)
   049A E1            [10]  755 	pop	hl
   049B E5            [11]  756 	push	hl
   049C 56            [ 7]  757 	ld	d, (hl)
   049D C5            [11]  758 	push	bc
   049E 4A            [ 4]  759 	ld	c, d
   049F C5            [11]  760 	push	bc
   04A0 21 00 C0      [10]  761 	ld	hl, #0xc000
   04A3 E5            [11]  762 	push	hl
   04A4 CDr00r00      [17]  763 	call	_cpct_getScreenPtr
   04A7 EB            [ 4]  764 	ex	de,hl
   04A8 C1            [10]  765 	pop	bc
                            766 ;src/entities/enemy.c:125: cpct_drawSolidBox(pvmem, colour, enemy->w, enemy->h);
   04A9 E1            [10]  767 	pop	hl
   04AA E5            [11]  768 	push	hl
   04AB 23            [ 6]  769 	inc	hl
   04AC 23            [ 6]  770 	inc	hl
   04AD 23            [ 6]  771 	inc	hl
   04AE 23            [ 6]  772 	inc	hl
   04AF 23            [ 6]  773 	inc	hl
   04B0 46            [ 7]  774 	ld	b, (hl)
   04B1 E1            [10]  775 	pop	hl
   04B2 E5            [11]  776 	push	hl
   04B3 23            [ 6]  777 	inc	hl
   04B4 23            [ 6]  778 	inc	hl
   04B5 23            [ 6]  779 	inc	hl
   04B6 23            [ 6]  780 	inc	hl
   04B7 7E            [ 7]  781 	ld	a, (hl)
   04B8 C5            [11]  782 	push	bc
   04B9 33            [ 6]  783 	inc	sp
   04BA 47            [ 4]  784 	ld	b, a
   04BB C5            [11]  785 	push	bc
   04BC D5            [11]  786 	push	de
   04BD CDr00r00      [17]  787 	call	_cpct_drawSolidBox
   04C0 F1            [10]  788 	pop	af
   04C1 F1            [10]  789 	pop	af
   04C2 33            [ 6]  790 	inc	sp
   04C3                     791 00113$:
   04C3 DD F9         [10]  792 	ld	sp, ix
   04C5 DD E1         [14]  793 	pop	ix
   04C7 C9            [10]  794 	ret
                            795 ;src/entities/enemy.c:128: u8 enemydamage(Enemy* enemy, u8 damage) {
                            796 ;	---------------------------------
                            797 ; Function enemydamage
                            798 ; ---------------------------------
   04C8                     799 _enemydamage::
   04C8 DD E5         [15]  800 	push	ix
   04CA DD 21 00 00   [14]  801 	ld	ix,#0
   04CE DD 39         [15]  802 	add	ix,sp
                            803 ;src/entities/enemy.c:129: if (!enemy || !enemy->active) {
   04D0 DD 7E 05      [19]  804 	ld	a, 5 (ix)
   04D3 DD B6 04      [19]  805 	or	a,4 (ix)
   04D6 28 0F         [12]  806 	jr	Z,00101$
   04D8 DD 4E 04      [19]  807 	ld	c,4 (ix)
   04DB DD 46 05      [19]  808 	ld	b,5 (ix)
   04DE 21 06 00      [10]  809 	ld	hl, #0x0006
   04E1 09            [11]  810 	add	hl,bc
   04E2 EB            [ 4]  811 	ex	de,hl
   04E3 1A            [ 7]  812 	ld	a, (de)
   04E4 B7            [ 4]  813 	or	a, a
   04E5 20 04         [12]  814 	jr	NZ,00102$
   04E7                     815 00101$:
                            816 ;src/entities/enemy.c:130: return 0;
   04E7 2E 00         [ 7]  817 	ld	l, #0x00
   04E9 18 1A         [12]  818 	jr	00106$
   04EB                     819 00102$:
                            820 ;src/entities/enemy.c:133: if (damage >= enemy->health) {
   04EB 21 07 00      [10]  821 	ld	hl, #0x0007
   04EE 09            [11]  822 	add	hl, bc
   04EF 4E            [ 7]  823 	ld	c, (hl)
   04F0 DD 7E 06      [19]  824 	ld	a, 6 (ix)
   04F3 91            [ 4]  825 	sub	a, c
   04F4 38 08         [12]  826 	jr	C,00105$
                            827 ;src/entities/enemy.c:134: enemy->health = 0;
   04F6 36 00         [10]  828 	ld	(hl), #0x00
                            829 ;src/entities/enemy.c:135: enemy->active = 0;
   04F8 AF            [ 4]  830 	xor	a, a
   04F9 12            [ 7]  831 	ld	(de), a
                            832 ;src/entities/enemy.c:136: return 1;
   04FA 2E 01         [ 7]  833 	ld	l, #0x01
   04FC 18 07         [12]  834 	jr	00106$
   04FE                     835 00105$:
                            836 ;src/entities/enemy.c:139: enemy->health = (u8)(enemy->health - damage);
   04FE 79            [ 4]  837 	ld	a, c
   04FF DD 96 06      [19]  838 	sub	a, 6 (ix)
   0502 77            [ 7]  839 	ld	(hl), a
                            840 ;src/entities/enemy.c:140: return 0;
   0503 2E 00         [ 7]  841 	ld	l, #0x00
   0505                     842 00106$:
   0505 DD E1         [14]  843 	pop	ix
   0507 C9            [10]  844 	ret
                            845 	.area _CODE
                            846 	.area _INITIALIZER
                            847 	.area _CABS (ABS)
