                              1 ;--------------------------------------------------------
                              2 ; File Created by SDCC : free open source ANSI-C Compiler
                              3 ; Version 3.6.8 #9946 (Mac OS X ppc)
                              4 ;--------------------------------------------------------
                              5 	.module hud
                              6 	.optsdcc -mz80
                              7 	
                              8 ;--------------------------------------------------------
                              9 ; Public variables in this module
                             10 ;--------------------------------------------------------
                             11 	.globl _cpct_getScreenPtr
                             12 	.globl _cpct_drawSolidBox
                             13 	.globl _cpct_drawSprite
                             14 	.globl _cpct_px2byteM0
                             15 	.globl _hudinit
                             16 	.globl _hudupdate
                             17 	.globl _hudrender
                             18 ;--------------------------------------------------------
                             19 ; special function registers
                             20 ;--------------------------------------------------------
                             21 ;--------------------------------------------------------
                             22 ; ram data
                             23 ;--------------------------------------------------------
                             24 	.area _DATA
   0000                      25 _currenthealth:
   0000                      26 	.ds 1
   0001                      27 _currentscore:
   0001                      28 	.ds 2
   0003                      29 _currenttime:
   0003                      30 	.ds 1
   0004                      31 _currentlives:
   0004                      32 	.ds 1
   0005                      33 _currentweapon:
   0005                      34 	.ds 1
                             35 ;--------------------------------------------------------
                             36 ; ram data
                             37 ;--------------------------------------------------------
                             38 	.area _INITIALIZED
                             39 ;--------------------------------------------------------
                             40 ; absolute external ram data
                             41 ;--------------------------------------------------------
                             42 	.area _DABS (ABS)
                             43 ;--------------------------------------------------------
                             44 ; global & static initialisations
                             45 ;--------------------------------------------------------
                             46 	.area _HOME
                             47 	.area _GSINIT
                             48 	.area _GSFINAL
                             49 	.area _GSINIT
                             50 ;--------------------------------------------------------
                             51 ; Home
                             52 ;--------------------------------------------------------
                             53 	.area _HOME
                             54 	.area _HOME
                             55 ;--------------------------------------------------------
                             56 ; code
                             57 ;--------------------------------------------------------
                             58 	.area _CODE
                             59 ;src/systems/hud.c:16: static const u8* hud_get_number_sprite(u8 digit) {
                             60 ;	---------------------------------
                             61 ; Function hud_get_number_sprite
                             62 ; ---------------------------------
   0000                      63 _hud_get_number_sprite:
                             64 ;src/systems/hud.c:18: return _hud_dummy_sprite;
   0000 21r04r00      [10]   65 	ld	hl, #__hud_dummy_sprite
   0003 C9            [10]   66 	ret
   0004                      67 __hud_dummy_sprite:
   0004 00                   68 	.db #0x00	; 0
   0005 00                   69 	.db 0x00
   0006 00                   70 	.db 0x00
   0007 00                   71 	.db 0x00
   0008 00                   72 	.db 0x00
   0009 00                   73 	.db 0x00
   000A 00                   74 	.db 0x00
   000B 00                   75 	.db 0x00
   000C 00                   76 	.db 0x00
   000D 00                   77 	.db 0x00
   000E 00                   78 	.db 0x00
   000F 00                   79 	.db 0x00
   0010 00                   80 	.db 0x00
   0011 00                   81 	.db 0x00
   0012 00                   82 	.db 0x00
   0013 00                   83 	.db 0x00
   0014 00                   84 	.db 0x00
   0015 00                   85 	.db 0x00
   0016 00                   86 	.db 0x00
   0017 00                   87 	.db 0x00
   0018 00                   88 	.db 0x00
   0019 00                   89 	.db 0x00
   001A 00                   90 	.db 0x00
   001B 00                   91 	.db 0x00
   001C 00                   92 	.db 0x00
   001D 00                   93 	.db 0x00
   001E 00                   94 	.db 0x00
   001F 00                   95 	.db 0x00
   0020 00                   96 	.db 0x00
   0021 00                   97 	.db 0x00
   0022 00                   98 	.db 0x00
   0023 00                   99 	.db 0x00
   0024 00                  100 	.db 0x00
   0025 00                  101 	.db 0x00
   0026 00                  102 	.db 0x00
   0027 00                  103 	.db 0x00
   0028 00                  104 	.db 0x00
   0029 00                  105 	.db 0x00
   002A 00                  106 	.db 0x00
   002B 00                  107 	.db 0x00
   002C 00                  108 	.db 0x00
   002D 00                  109 	.db 0x00
   002E 00                  110 	.db 0x00
   002F 00                  111 	.db 0x00
   0030 00                  112 	.db 0x00
   0031 00                  113 	.db 0x00
   0032 00                  114 	.db 0x00
   0033 00                  115 	.db 0x00
   0034 00                  116 	.db 0x00
   0035 00                  117 	.db 0x00
   0036 00                  118 	.db 0x00
   0037 00                  119 	.db 0x00
   0038 00                  120 	.db 0x00
   0039 00                  121 	.db 0x00
   003A 00                  122 	.db 0x00
   003B 00                  123 	.db 0x00
   003C 00                  124 	.db 0x00
   003D 00                  125 	.db 0x00
   003E 00                  126 	.db 0x00
   003F 00                  127 	.db 0x00
   0040 00                  128 	.db 0x00
   0041 00                  129 	.db 0x00
   0042 00                  130 	.db 0x00
   0043 00                  131 	.db 0x00
   0044                     132 _hudhealth:
   0044 00                  133 	.db #0x00	; 0
   0045 00                  134 	.db 0x00
   0046 00                  135 	.db 0x00
   0047 00                  136 	.db 0x00
   0048 00                  137 	.db 0x00
   0049 00                  138 	.db 0x00
   004A 00                  139 	.db 0x00
   004B 00                  140 	.db 0x00
   004C 00                  141 	.db 0x00
   004D 00                  142 	.db 0x00
   004E 00                  143 	.db 0x00
   004F 00                  144 	.db 0x00
   0050 00                  145 	.db 0x00
   0051 00                  146 	.db 0x00
   0052 00                  147 	.db 0x00
   0053 00                  148 	.db 0x00
   0054 00                  149 	.db 0x00
   0055 00                  150 	.db 0x00
   0056 00                  151 	.db 0x00
   0057 00                  152 	.db 0x00
   0058 00                  153 	.db 0x00
   0059 00                  154 	.db 0x00
   005A 00                  155 	.db 0x00
   005B 00                  156 	.db 0x00
   005C 00                  157 	.db 0x00
   005D 00                  158 	.db 0x00
   005E 00                  159 	.db 0x00
   005F 00                  160 	.db 0x00
   0060 00                  161 	.db 0x00
   0061 00                  162 	.db 0x00
   0062 00                  163 	.db 0x00
   0063 00                  164 	.db 0x00
   0064 00                  165 	.db 0x00
   0065 00                  166 	.db 0x00
   0066 00                  167 	.db 0x00
   0067 00                  168 	.db 0x00
   0068 00                  169 	.db 0x00
   0069 00                  170 	.db 0x00
   006A 00                  171 	.db 0x00
   006B 00                  172 	.db 0x00
   006C 00                  173 	.db 0x00
   006D 00                  174 	.db 0x00
   006E 00                  175 	.db 0x00
   006F 00                  176 	.db 0x00
   0070 00                  177 	.db 0x00
   0071 00                  178 	.db 0x00
   0072 00                  179 	.db 0x00
   0073 00                  180 	.db 0x00
   0074 00                  181 	.db 0x00
   0075 00                  182 	.db 0x00
   0076 00                  183 	.db 0x00
   0077 00                  184 	.db 0x00
   0078 00                  185 	.db 0x00
   0079 00                  186 	.db 0x00
   007A 00                  187 	.db 0x00
   007B 00                  188 	.db 0x00
   007C 00                  189 	.db 0x00
   007D 00                  190 	.db 0x00
   007E 00                  191 	.db 0x00
   007F 00                  192 	.db 0x00
   0080 00                  193 	.db 0x00
   0081 00                  194 	.db 0x00
   0082 00                  195 	.db 0x00
   0083 00                  196 	.db 0x00
   0084                     197 _hudlives:
   0084 00                  198 	.db #0x00	; 0
   0085 00                  199 	.db 0x00
   0086 00                  200 	.db 0x00
   0087 00                  201 	.db 0x00
   0088 00                  202 	.db 0x00
   0089 00                  203 	.db 0x00
   008A 00                  204 	.db 0x00
   008B 00                  205 	.db 0x00
   008C 00                  206 	.db 0x00
   008D 00                  207 	.db 0x00
   008E 00                  208 	.db 0x00
   008F 00                  209 	.db 0x00
   0090 00                  210 	.db 0x00
   0091 00                  211 	.db 0x00
   0092 00                  212 	.db 0x00
   0093 00                  213 	.db 0x00
   0094 00                  214 	.db 0x00
   0095 00                  215 	.db 0x00
   0096 00                  216 	.db 0x00
   0097 00                  217 	.db 0x00
   0098 00                  218 	.db 0x00
   0099 00                  219 	.db 0x00
   009A 00                  220 	.db 0x00
   009B 00                  221 	.db 0x00
   009C 00                  222 	.db 0x00
   009D 00                  223 	.db 0x00
   009E 00                  224 	.db 0x00
   009F 00                  225 	.db 0x00
   00A0 00                  226 	.db 0x00
   00A1 00                  227 	.db 0x00
   00A2 00                  228 	.db 0x00
   00A3 00                  229 	.db 0x00
   00A4 00                  230 	.db 0x00
   00A5 00                  231 	.db 0x00
   00A6 00                  232 	.db 0x00
   00A7 00                  233 	.db 0x00
   00A8 00                  234 	.db 0x00
   00A9 00                  235 	.db 0x00
   00AA 00                  236 	.db 0x00
   00AB 00                  237 	.db 0x00
   00AC 00                  238 	.db 0x00
   00AD 00                  239 	.db 0x00
   00AE 00                  240 	.db 0x00
   00AF 00                  241 	.db 0x00
   00B0 00                  242 	.db 0x00
   00B1 00                  243 	.db 0x00
   00B2 00                  244 	.db 0x00
   00B3 00                  245 	.db 0x00
   00B4 00                  246 	.db 0x00
   00B5 00                  247 	.db 0x00
   00B6 00                  248 	.db 0x00
   00B7 00                  249 	.db 0x00
   00B8 00                  250 	.db 0x00
   00B9 00                  251 	.db 0x00
   00BA 00                  252 	.db 0x00
   00BB 00                  253 	.db 0x00
   00BC 00                  254 	.db 0x00
   00BD 00                  255 	.db 0x00
   00BE 00                  256 	.db 0x00
   00BF 00                  257 	.db 0x00
   00C0 00                  258 	.db 0x00
   00C1 00                  259 	.db 0x00
   00C2 00                  260 	.db 0x00
   00C3 00                  261 	.db 0x00
                            262 ;src/systems/hud.c:21: static void hud_draw_digits(u16 value, u8 digits, u8 startx, u8 y) {
                            263 ;	---------------------------------
                            264 ; Function hud_draw_digits
                            265 ; ---------------------------------
   00C4                     266 _hud_draw_digits:
   00C4 DD E5         [15]  267 	push	ix
   00C6 DD 21 00 00   [14]  268 	ld	ix,#0
   00CA DD 39         [15]  269 	add	ix,sp
   00CC 3B            [ 6]  270 	dec	sp
                            271 ;src/systems/hud.c:27: divisor = 1;
   00CD 01 01 00      [10]  272 	ld	bc, #0x0001
                            273 ;src/systems/hud.c:28: for (i = 1; i < digits; ++i) {
   00D0 1E 01         [ 7]  274 	ld	e, #0x01
   00D2                     275 00106$:
   00D2 7B            [ 4]  276 	ld	a, e
   00D3 DD 96 06      [19]  277 	sub	a, 6 (ix)
   00D6 30 0B         [12]  278 	jr	NC,00101$
                            279 ;src/systems/hud.c:29: divisor *= 10;
   00D8 69            [ 4]  280 	ld	l, c
   00D9 60            [ 4]  281 	ld	h, b
   00DA 29            [11]  282 	add	hl, hl
   00DB 29            [11]  283 	add	hl, hl
   00DC 09            [11]  284 	add	hl, bc
   00DD 29            [11]  285 	add	hl, hl
   00DE 4D            [ 4]  286 	ld	c, l
   00DF 44            [ 4]  287 	ld	b, h
                            288 ;src/systems/hud.c:28: for (i = 1; i < digits; ++i) {
   00E0 1C            [ 4]  289 	inc	e
   00E1 18 EF         [12]  290 	jr	00106$
   00E3                     291 00101$:
                            292 ;src/systems/hud.c:32: for (i = 0; i < digits; ++i) {
   00E3 DD 36 FF 00   [19]  293 	ld	-1 (ix), #0x00
   00E7                     294 00109$:
   00E7 DD 7E FF      [19]  295 	ld	a, -1 (ix)
   00EA DD 96 06      [19]  296 	sub	a, 6 (ix)
   00ED D2r6Cr01      [10]  297 	jp	NC, 00111$
                            298 ;src/systems/hud.c:33: digit = (u8)(value / divisor);
   00F0 C5            [11]  299 	push	bc
   00F1 C5            [11]  300 	push	bc
   00F2 DD 6E 04      [19]  301 	ld	l,4 (ix)
   00F5 DD 66 05      [19]  302 	ld	h,5 (ix)
   00F8 E5            [11]  303 	push	hl
   00F9 CDr00r00      [17]  304 	call	__divuint
   00FC F1            [10]  305 	pop	af
   00FD F1            [10]  306 	pop	af
   00FE 5D            [ 4]  307 	ld	e, l
   00FF C1            [10]  308 	pop	bc
                            309 ;src/systems/hud.c:34: value = (u16)(value % divisor);
   0100 C5            [11]  310 	push	bc
   0101 D5            [11]  311 	push	de
   0102 C5            [11]  312 	push	bc
   0103 DD 6E 04      [19]  313 	ld	l,4 (ix)
   0106 DD 66 05      [19]  314 	ld	h,5 (ix)
   0109 E5            [11]  315 	push	hl
   010A CDr00r00      [17]  316 	call	__moduint
   010D F1            [10]  317 	pop	af
   010E F1            [10]  318 	pop	af
   010F D1            [10]  319 	pop	de
   0110 C1            [10]  320 	pop	bc
   0111 DD 75 04      [19]  321 	ld	4 (ix), l
   0114 DD 74 05      [19]  322 	ld	5 (ix), h
                            323 ;src/systems/hud.c:36: pvmem = cpct_getScreenPtr(CPCT_VMEM_START, startx + (i * 8), y);
   0117 DD 7E FF      [19]  324 	ld	a, -1 (ix)
   011A 07            [ 4]  325 	rlca
   011B 07            [ 4]  326 	rlca
   011C 07            [ 4]  327 	rlca
   011D E6 F8         [ 7]  328 	and	a, #0xf8
   011F 57            [ 4]  329 	ld	d, a
   0120 DD 7E 07      [19]  330 	ld	a, 7 (ix)
   0123 82            [ 4]  331 	add	a, d
   0124 57            [ 4]  332 	ld	d, a
   0125 C5            [11]  333 	push	bc
   0126 D5            [11]  334 	push	de
   0127 DD 7E 08      [19]  335 	ld	a, 8 (ix)
   012A F5            [11]  336 	push	af
   012B 33            [ 6]  337 	inc	sp
   012C D5            [11]  338 	push	de
   012D 33            [ 6]  339 	inc	sp
   012E 21 00 C0      [10]  340 	ld	hl, #0xc000
   0131 E5            [11]  341 	push	hl
   0132 CDr00r00      [17]  342 	call	_cpct_getScreenPtr
   0135 D1            [10]  343 	pop	de
   0136 C1            [10]  344 	pop	bc
                            345 ;src/systems/hud.c:37: cpct_drawSprite((u8*)hud_get_number_sprite(digit), pvmem, 8, 8);
   0137 E5            [11]  346 	push	hl
   0138 C5            [11]  347 	push	bc
   0139 7B            [ 4]  348 	ld	a, e
   013A F5            [11]  349 	push	af
   013B 33            [ 6]  350 	inc	sp
   013C CDr00r00      [17]  351 	call	_hud_get_number_sprite
   013F 33            [ 6]  352 	inc	sp
   0140 EB            [ 4]  353 	ex	de,hl
   0141 C1            [10]  354 	pop	bc
   0142 E1            [10]  355 	pop	hl
   0143 D5            [11]  356 	push	de
   0144 FD E1         [14]  357 	pop	iy
   0146 C5            [11]  358 	push	bc
   0147 11 08 08      [10]  359 	ld	de, #0x0808
   014A D5            [11]  360 	push	de
   014B E5            [11]  361 	push	hl
   014C FD E5         [15]  362 	push	iy
   014E CDr00r00      [17]  363 	call	_cpct_drawSprite
   0151 C1            [10]  364 	pop	bc
                            365 ;src/systems/hud.c:39: if (divisor > 1) {
   0152 3E 01         [ 7]  366 	ld	a, #0x01
   0154 B9            [ 4]  367 	cp	a, c
   0155 3E 00         [ 7]  368 	ld	a, #0x00
   0157 98            [ 4]  369 	sbc	a, b
   0158 30 0C         [12]  370 	jr	NC,00110$
                            371 ;src/systems/hud.c:40: divisor /= 10;
   015A 21 0A 00      [10]  372 	ld	hl, #0x000a
   015D E5            [11]  373 	push	hl
   015E C5            [11]  374 	push	bc
   015F CDr00r00      [17]  375 	call	__divuint
   0162 F1            [10]  376 	pop	af
   0163 F1            [10]  377 	pop	af
   0164 4D            [ 4]  378 	ld	c, l
   0165 44            [ 4]  379 	ld	b, h
   0166                     380 00110$:
                            381 ;src/systems/hud.c:32: for (i = 0; i < digits; ++i) {
   0166 DD 34 FF      [23]  382 	inc	-1 (ix)
   0169 C3rE7r00      [10]  383 	jp	00109$
   016C                     384 00111$:
   016C 33            [ 6]  385 	inc	sp
   016D DD E1         [14]  386 	pop	ix
   016F C9            [10]  387 	ret
                            388 ;src/systems/hud.c:45: void hudinit(void) {
                            389 ;	---------------------------------
                            390 ; Function hudinit
                            391 ; ---------------------------------
   0170                     392 _hudinit::
                            393 ;src/systems/hud.c:46: currenthealth = 3;
   0170 21r00r00      [10]  394 	ld	hl,#_currenthealth + 0
   0173 36 03         [10]  395 	ld	(hl), #0x03
                            396 ;src/systems/hud.c:47: currentscore  = 0;
   0175 21 00 00      [10]  397 	ld	hl, #0x0000
   0178 22r01r00      [16]  398 	ld	(_currentscore), hl
                            399 ;src/systems/hud.c:48: currenttime   = 90;
   017B 21r03r00      [10]  400 	ld	hl,#_currenttime + 0
   017E 36 5A         [10]  401 	ld	(hl), #0x5a
                            402 ;src/systems/hud.c:49: currentlives  = 3;
   0180 21r04r00      [10]  403 	ld	hl,#_currentlives + 0
   0183 36 03         [10]  404 	ld	(hl), #0x03
                            405 ;src/systems/hud.c:50: currentweapon = 0;
   0185 21r05r00      [10]  406 	ld	hl,#_currentweapon + 0
   0188 36 00         [10]  407 	ld	(hl), #0x00
   018A C9            [10]  408 	ret
                            409 ;src/systems/hud.c:53: void hudupdate(u8 lives, u16 score, u8 time, u8 weapon) {
                            410 ;	---------------------------------
                            411 ; Function hudupdate
                            412 ; ---------------------------------
   018B                     413 _hudupdate::
                            414 ;src/systems/hud.c:54: currenthealth = lives;
   018B 21 02 00      [10]  415 	ld	hl, #2+0
   018E 39            [11]  416 	add	hl, sp
   018F 7E            [ 7]  417 	ld	a, (hl)
   0190 32r00r00      [13]  418 	ld	(#_currenthealth + 0),a
                            419 ;src/systems/hud.c:55: currentscore  = score;
   0193 21 03 00      [10]  420 	ld	hl, #3+0
   0196 39            [11]  421 	add	hl, sp
   0197 7E            [ 7]  422 	ld	a, (hl)
   0198 32r01r00      [13]  423 	ld	(#_currentscore + 0),a
   019B 21 04 00      [10]  424 	ld	hl, #3+1
   019E 39            [11]  425 	add	hl, sp
   019F 7E            [ 7]  426 	ld	a, (hl)
   01A0 32r02r00      [13]  427 	ld	(#_currentscore + 1),a
                            428 ;src/systems/hud.c:56: currenttime   = time;
   01A3 21 05 00      [10]  429 	ld	hl, #5+0
   01A6 39            [11]  430 	add	hl, sp
   01A7 7E            [ 7]  431 	ld	a, (hl)
   01A8 32r03r00      [13]  432 	ld	(#_currenttime + 0),a
                            433 ;src/systems/hud.c:57: currentlives  = lives;
   01AB 21 02 00      [10]  434 	ld	hl, #2+0
   01AE 39            [11]  435 	add	hl, sp
   01AF 7E            [ 7]  436 	ld	a, (hl)
   01B0 32r04r00      [13]  437 	ld	(#_currentlives + 0),a
                            438 ;src/systems/hud.c:58: currentweapon = weapon;
   01B3 21 06 00      [10]  439 	ld	hl, #6+0
   01B6 39            [11]  440 	add	hl, sp
   01B7 7E            [ 7]  441 	ld	a, (hl)
   01B8 32r05r00      [13]  442 	ld	(#_currentweapon + 0),a
   01BB C9            [10]  443 	ret
                            444 ;src/systems/hud.c:61: void hudrender(void) {
                            445 ;	---------------------------------
                            446 ; Function hudrender
                            447 ; ---------------------------------
   01BC                     448 _hudrender::
   01BC DD E5         [15]  449 	push	ix
   01BE DD 21 00 00   [14]  450 	ld	ix,#0
   01C2 DD 39         [15]  451 	add	ix,sp
   01C4 3B            [ 6]  452 	dec	sp
                            453 ;src/systems/hud.c:68: for (i = 0; i < currenthealth && i < 5; ++i) {
   01C5 0E 00         [ 7]  454 	ld	c, #0x00
   01C7                     455 00115$:
   01C7 21r00r00      [10]  456 	ld	hl, #_currenthealth
   01CA 79            [ 4]  457 	ld	a,c
   01CB BE            [ 7]  458 	cp	a,(hl)
   01CC 30 37         [12]  459 	jr	NC,00101$
                            460 ;src/systems/hud.c:69: pvmem = cpct_getScreenPtr(CPCT_VMEM_START, (u8)(i * 3), 2);
   01CE FE 05         [ 7]  461 	cp	a,#0x05
   01D0 30 33         [12]  462 	jr	NC,00101$
   01D2 87            [ 4]  463 	add	a, a
   01D3 81            [ 4]  464 	add	a, c
   01D4 47            [ 4]  465 	ld	b, a
   01D5 C5            [11]  466 	push	bc
   01D6 3E 02         [ 7]  467 	ld	a, #0x02
   01D8 F5            [11]  468 	push	af
   01D9 33            [ 6]  469 	inc	sp
   01DA C5            [11]  470 	push	bc
   01DB 33            [ 6]  471 	inc	sp
   01DC 21 00 C0      [10]  472 	ld	hl, #0xc000
   01DF E5            [11]  473 	push	hl
   01E0 CDr00r00      [17]  474 	call	_cpct_getScreenPtr
   01E3 C1            [10]  475 	pop	bc
                            476 ;src/systems/hud.c:70: cpct_drawSolidBox(pvmem, cpct_px2byteM0(6, 6), 2, 4);
   01E4 E5            [11]  477 	push	hl
   01E5 C5            [11]  478 	push	bc
   01E6 11 06 06      [10]  479 	ld	de, #0x0606
   01E9 D5            [11]  480 	push	de
   01EA CDr00r00      [17]  481 	call	_cpct_px2byteM0
   01ED 55            [ 4]  482 	ld	d, l
   01EE C1            [10]  483 	pop	bc
   01EF E1            [10]  484 	pop	hl
   01F0 5D            [ 4]  485 	ld	e, l
   01F1 44            [ 4]  486 	ld	b, h
   01F2 C5            [11]  487 	push	bc
   01F3 21 02 04      [10]  488 	ld	hl, #0x0402
   01F6 E5            [11]  489 	push	hl
   01F7 D5            [11]  490 	push	de
   01F8 33            [ 6]  491 	inc	sp
   01F9 4B            [ 4]  492 	ld	c,e
   01FA C5            [11]  493 	push	bc
   01FB CDr00r00      [17]  494 	call	_cpct_drawSolidBox
   01FE F1            [10]  495 	pop	af
   01FF F1            [10]  496 	pop	af
   0200 33            [ 6]  497 	inc	sp
   0201 C1            [10]  498 	pop	bc
                            499 ;src/systems/hud.c:68: for (i = 0; i < currenthealth && i < 5; ++i) {
   0202 0C            [ 4]  500 	inc	c
   0203 18 C2         [12]  501 	jr	00115$
   0205                     502 00101$:
                            503 ;src/systems/hud.c:73: scorebar = (u8)(currentscore / 100);
   0205 21 64 00      [10]  504 	ld	hl, #0x0064
   0208 E5            [11]  505 	push	hl
   0209 2Ar01r00      [16]  506 	ld	hl, (_currentscore)
   020C E5            [11]  507 	push	hl
   020D CDr00r00      [17]  508 	call	__divuint
   0210 F1            [10]  509 	pop	af
   0211 F1            [10]  510 	pop	af
   0212 4D            [ 4]  511 	ld	c, l
                            512 ;src/systems/hud.c:74: if (scorebar > 20) {
   0213 3E 14         [ 7]  513 	ld	a, #0x14
   0215 91            [ 4]  514 	sub	a, c
   0216 30 02         [12]  515 	jr	NC,00103$
                            516 ;src/systems/hud.c:75: scorebar = 20;
   0218 0E 14         [ 7]  517 	ld	c, #0x14
   021A                     518 00103$:
                            519 ;src/systems/hud.c:77: pvmem = cpct_getScreenPtr(CPCT_VMEM_START, 24, 2);
   021A C5            [11]  520 	push	bc
   021B 21 18 02      [10]  521 	ld	hl, #0x0218
   021E E5            [11]  522 	push	hl
   021F 21 00 C0      [10]  523 	ld	hl, #0xc000
   0222 E5            [11]  524 	push	hl
   0223 CDr00r00      [17]  525 	call	_cpct_getScreenPtr
   0226 E5            [11]  526 	push	hl
   0227 21 01 01      [10]  527 	ld	hl, #0x0101
   022A E5            [11]  528 	push	hl
   022B CDr00r00      [17]  529 	call	_cpct_px2byteM0
   022E 45            [ 4]  530 	ld	b, l
   022F D1            [10]  531 	pop	de
   0230 78            [ 4]  532 	ld	a, b
   0231 C1            [10]  533 	pop	bc
   0232 47            [ 4]  534 	ld	b, a
                            535 ;src/systems/hud.c:70: cpct_drawSolidBox(pvmem, cpct_px2byteM0(6, 6), 2, 4);
                            536 ;src/systems/hud.c:78: cpct_drawSolidBox(pvmem, cpct_px2byteM0(1, 1), 20, 2);
   0233 C5            [11]  537 	push	bc
   0234 D5            [11]  538 	push	de
   0235 21 14 02      [10]  539 	ld	hl, #0x0214
   0238 E5            [11]  540 	push	hl
   0239 C5            [11]  541 	push	bc
   023A 33            [ 6]  542 	inc	sp
   023B D5            [11]  543 	push	de
   023C CDr00r00      [17]  544 	call	_cpct_drawSolidBox
   023F F1            [10]  545 	pop	af
   0240 F1            [10]  546 	pop	af
   0241 33            [ 6]  547 	inc	sp
   0242 D1            [10]  548 	pop	de
   0243 C1            [10]  549 	pop	bc
                            550 ;src/systems/hud.c:79: if (scorebar) {
   0244 79            [ 4]  551 	ld	a, c
   0245 B7            [ 4]  552 	or	a, a
   0246 28 18         [12]  553 	jr	Z,00105$
                            554 ;src/systems/hud.c:80: cpct_drawSolidBox(pvmem, cpct_px2byteM0(14, 14), scorebar, 2);
   0248 C5            [11]  555 	push	bc
   0249 D5            [11]  556 	push	de
   024A 21 0E 0E      [10]  557 	ld	hl, #0x0e0e
   024D E5            [11]  558 	push	hl
   024E CDr00r00      [17]  559 	call	_cpct_px2byteM0
   0251 65            [ 4]  560 	ld	h, l
   0252 D1            [10]  561 	pop	de
   0253 C1            [10]  562 	pop	bc
   0254 06 02         [ 7]  563 	ld	b, #0x02
   0256 C5            [11]  564 	push	bc
   0257 E5            [11]  565 	push	hl
   0258 33            [ 6]  566 	inc	sp
   0259 D5            [11]  567 	push	de
   025A CDr00r00      [17]  568 	call	_cpct_drawSolidBox
   025D F1            [10]  569 	pop	af
   025E F1            [10]  570 	pop	af
   025F 33            [ 6]  571 	inc	sp
   0260                     572 00105$:
                            573 ;src/systems/hud.c:83: timebar = (u8)(currenttime / 5);
   0260 3E 05         [ 7]  574 	ld	a, #0x05
   0262 F5            [11]  575 	push	af
   0263 33            [ 6]  576 	inc	sp
   0264 3Ar03r00      [13]  577 	ld	a, (_currenttime)
   0267 F5            [11]  578 	push	af
   0268 33            [ 6]  579 	inc	sp
   0269 CDr00r00      [17]  580 	call	__divuchar
   026C F1            [10]  581 	pop	af
   026D 4D            [ 4]  582 	ld	c, l
                            583 ;src/systems/hud.c:84: if (timebar > 19) {
   026E 3E 13         [ 7]  584 	ld	a, #0x13
   0270 91            [ 4]  585 	sub	a, c
   0271 30 02         [12]  586 	jr	NC,00107$
                            587 ;src/systems/hud.c:85: timebar = 19;
   0273 0E 13         [ 7]  588 	ld	c, #0x13
   0275                     589 00107$:
                            590 ;src/systems/hud.c:87: pvmem = cpct_getScreenPtr(CPCT_VMEM_START, 56, 2);
   0275 C5            [11]  591 	push	bc
   0276 21 38 02      [10]  592 	ld	hl, #0x0238
   0279 E5            [11]  593 	push	hl
   027A 21 00 C0      [10]  594 	ld	hl, #0xc000
   027D E5            [11]  595 	push	hl
   027E CDr00r00      [17]  596 	call	_cpct_getScreenPtr
   0281 E5            [11]  597 	push	hl
   0282 21 01 01      [10]  598 	ld	hl, #0x0101
   0285 E5            [11]  599 	push	hl
   0286 CDr00r00      [17]  600 	call	_cpct_px2byteM0
   0289 45            [ 4]  601 	ld	b, l
   028A D1            [10]  602 	pop	de
   028B 78            [ 4]  603 	ld	a, b
   028C C1            [10]  604 	pop	bc
   028D 47            [ 4]  605 	ld	b, a
                            606 ;src/systems/hud.c:70: cpct_drawSolidBox(pvmem, cpct_px2byteM0(6, 6), 2, 4);
                            607 ;src/systems/hud.c:88: cpct_drawSolidBox(pvmem, cpct_px2byteM0(1, 1), 20, 2);
   028E C5            [11]  608 	push	bc
   028F D5            [11]  609 	push	de
   0290 21 14 02      [10]  610 	ld	hl, #0x0214
   0293 E5            [11]  611 	push	hl
   0294 C5            [11]  612 	push	bc
   0295 33            [ 6]  613 	inc	sp
   0296 D5            [11]  614 	push	de
   0297 CDr00r00      [17]  615 	call	_cpct_drawSolidBox
   029A F1            [10]  616 	pop	af
   029B F1            [10]  617 	pop	af
   029C 33            [ 6]  618 	inc	sp
   029D D1            [10]  619 	pop	de
   029E C1            [10]  620 	pop	bc
                            621 ;src/systems/hud.c:89: if (timebar) {
   029F 79            [ 4]  622 	ld	a, c
   02A0 B7            [ 4]  623 	or	a, a
   02A1 28 18         [12]  624 	jr	Z,00109$
                            625 ;src/systems/hud.c:90: cpct_drawSolidBox(pvmem, cpct_px2byteM0(9, 9), timebar, 2);
   02A3 C5            [11]  626 	push	bc
   02A4 D5            [11]  627 	push	de
   02A5 21 09 09      [10]  628 	ld	hl, #0x0909
   02A8 E5            [11]  629 	push	hl
   02A9 CDr00r00      [17]  630 	call	_cpct_px2byteM0
   02AC 65            [ 4]  631 	ld	h, l
   02AD D1            [10]  632 	pop	de
   02AE C1            [10]  633 	pop	bc
   02AF 06 02         [ 7]  634 	ld	b, #0x02
   02B1 C5            [11]  635 	push	bc
   02B2 E5            [11]  636 	push	hl
   02B3 33            [ 6]  637 	inc	sp
   02B4 D5            [11]  638 	push	de
   02B5 CDr00r00      [17]  639 	call	_cpct_drawSolidBox
   02B8 F1            [10]  640 	pop	af
   02B9 F1            [10]  641 	pop	af
   02BA 33            [ 6]  642 	inc	sp
   02BB                     643 00109$:
                            644 ;src/systems/hud.c:93: weaponboxes = currentweapon;
   02BB 21r05r00      [10]  645 	ld	hl,#_currentweapon + 0
   02BE 4E            [ 7]  646 	ld	c, (hl)
                            647 ;src/systems/hud.c:94: if (weaponboxes > 3) {
   02BF 3E 03         [ 7]  648 	ld	a, #0x03
   02C1 91            [ 4]  649 	sub	a, c
   02C2 30 02         [12]  650 	jr	NC,00131$
                            651 ;src/systems/hud.c:95: weaponboxes = 3;
   02C4 0E 03         [ 7]  652 	ld	c, #0x03
                            653 ;src/systems/hud.c:97: for (i = 0; i < weaponboxes; ++i) {
   02C6                     654 00131$:
   02C6 06 00         [ 7]  655 	ld	b, #0x00
   02C8                     656 00118$:
                            657 ;src/systems/hud.c:98: pvmem = cpct_getScreenPtr(CPCT_VMEM_START, (u8)(72 + (i * 2)), 6);
   02C8 78            [ 4]  658 	ld	a,b
   02C9 B9            [ 4]  659 	cp	a,c
   02CA 30 32         [12]  660 	jr	NC,00120$
   02CC 87            [ 4]  661 	add	a, a
   02CD C6 48         [ 7]  662 	add	a, #0x48
   02CF 57            [ 4]  663 	ld	d, a
   02D0 C5            [11]  664 	push	bc
   02D1 3E 06         [ 7]  665 	ld	a, #0x06
   02D3 F5            [11]  666 	push	af
   02D4 33            [ 6]  667 	inc	sp
   02D5 D5            [11]  668 	push	de
   02D6 33            [ 6]  669 	inc	sp
   02D7 21 00 C0      [10]  670 	ld	hl, #0xc000
   02DA E5            [11]  671 	push	hl
   02DB CDr00r00      [17]  672 	call	_cpct_getScreenPtr
   02DE E5            [11]  673 	push	hl
   02DF 21 0B 0B      [10]  674 	ld	hl, #0x0b0b
   02E2 E5            [11]  675 	push	hl
   02E3 CDr00r00      [17]  676 	call	_cpct_px2byteM0
   02E6 DD 75 FF      [19]  677 	ld	-1 (ix), l
   02E9 D1            [10]  678 	pop	de
   02EA 21 01 03      [10]  679 	ld	hl, #0x0301
   02ED E5            [11]  680 	push	hl
   02EE DD 7E FF      [19]  681 	ld	a, -1 (ix)
   02F1 F5            [11]  682 	push	af
   02F2 33            [ 6]  683 	inc	sp
   02F3 D5            [11]  684 	push	de
   02F4 CDr00r00      [17]  685 	call	_cpct_drawSolidBox
   02F7 F1            [10]  686 	pop	af
   02F8 F1            [10]  687 	pop	af
   02F9 33            [ 6]  688 	inc	sp
   02FA C1            [10]  689 	pop	bc
                            690 ;src/systems/hud.c:97: for (i = 0; i < weaponboxes; ++i) {
   02FB 04            [ 4]  691 	inc	b
   02FC 18 CA         [12]  692 	jr	00118$
   02FE                     693 00120$:
   02FE 33            [ 6]  694 	inc	sp
   02FF DD E1         [14]  695 	pop	ix
   0301 C9            [10]  696 	ret
                            697 	.area _CODE
                            698 	.area _INITIALIZER
                            699 	.area _CABS (ABS)
