                              1 ;--------------------------------------------------------
                              2 ; File Created by SDCC : free open source ANSI-C Compiler
                              3 ; Version 3.6.8 #9946 (Mac OS X ppc)
                              4 ;--------------------------------------------------------
                              5 	.module tilemap
                              6 	.optsdcc -mz80
                              7 	
                              8 ;--------------------------------------------------------
                              9 ; Public variables in this module
                             10 ;--------------------------------------------------------
                             11 	.globl _cpct_getScreenPtr
                             12 	.globl _cpct_drawSolidBox
                             13 	.globl _tilemap_init
                             14 	.globl _tilemap_render
                             15 	.globl _tilemap_ground_y
                             16 ;--------------------------------------------------------
                             17 ; special function registers
                             18 ;--------------------------------------------------------
                             19 ;--------------------------------------------------------
                             20 ; ram data
                             21 ;--------------------------------------------------------
                             22 	.area _DATA
                             23 ;--------------------------------------------------------
                             24 ; ram data
                             25 ;--------------------------------------------------------
                             26 	.area _INITIALIZED
   0000                      27 _gtilegroundy:
   0000                      28 	.ds 1
                             29 ;--------------------------------------------------------
                             30 ; absolute external ram data
                             31 ;--------------------------------------------------------
                             32 	.area _DABS (ABS)
                             33 ;--------------------------------------------------------
                             34 ; global & static initialisations
                             35 ;--------------------------------------------------------
                             36 	.area _HOME
                             37 	.area _GSINIT
                             38 	.area _GSFINAL
                             39 	.area _GSINIT
                             40 ;--------------------------------------------------------
                             41 ; Home
                             42 ;--------------------------------------------------------
                             43 	.area _HOME
                             44 	.area _HOME
                             45 ;--------------------------------------------------------
                             46 ; code
                             47 ;--------------------------------------------------------
                             48 	.area _CODE
                             49 ;src/systems/tilemap.c:7: void tilemap_init(void) {
                             50 ;	---------------------------------
                             51 ; Function tilemap_init
                             52 ; ---------------------------------
   0000                      53 _tilemap_init::
                             54 ;src/systems/tilemap.c:8: if (level1tilemapheight > 2) {
   0000 2Ar00r00      [16]   55 	ld	hl, (_level1tilemapheight)
   0003 3E 02         [ 7]   56 	ld	a, #0x02
   0005 BD            [ 4]   57 	cp	a, l
   0006 3E 00         [ 7]   58 	ld	a, #0x00
   0008 9C            [ 4]   59 	sbc	a, h
   0009 30 0C         [12]   60 	jr	NC,00102$
                             61 ;src/systems/tilemap.c:9: gtilegroundy = (u8)((level1tilemapheight - 2) * 8);
   000B 7D            [ 4]   62 	ld	a, l
   000C C6 FE         [ 7]   63 	add	a, #0xfe
   000E 07            [ 4]   64 	rlca
   000F 07            [ 4]   65 	rlca
   0010 07            [ 4]   66 	rlca
   0011 E6 F8         [ 7]   67 	and	a, #0xf8
   0013 32r00r00      [13]   68 	ld	(#_gtilegroundy + 0),a
   0016 C9            [10]   69 	ret
   0017                      70 00102$:
                             71 ;src/systems/tilemap.c:11: gtilegroundy = 160;
   0017 21r00r00      [10]   72 	ld	hl,#_gtilegroundy + 0
   001A 36 A0         [10]   73 	ld	(hl), #0xa0
   001C C9            [10]   74 	ret
                             75 ;src/systems/tilemap.c:15: void tilemap_render(void) {
                             76 ;	---------------------------------
                             77 ; Function tilemap_render
                             78 ; ---------------------------------
   001D                      79 _tilemap_render::
                             80 ;src/systems/tilemap.c:17: pvmem = cpct_getScreenPtr(CPCT_VMEM_START, 0, gtilegroundy);
   001D 3Ar00r00      [13]   81 	ld	a, (_gtilegroundy)
   0020 F5            [11]   82 	push	af
   0021 33            [ 6]   83 	inc	sp
   0022 AF            [ 4]   84 	xor	a, a
   0023 F5            [11]   85 	push	af
   0024 33            [ 6]   86 	inc	sp
   0025 21 00 C0      [10]   87 	ld	hl, #0xc000
   0028 E5            [11]   88 	push	hl
   0029 CDr00r00      [17]   89 	call	_cpct_getScreenPtr
                             90 ;src/systems/tilemap.c:18: cpct_drawSolidBox(pvmem, 0x11, 80, 8);
   002C 01 50 08      [10]   91 	ld	bc, #0x0850
   002F C5            [11]   92 	push	bc
   0030 3E 11         [ 7]   93 	ld	a, #0x11
   0032 F5            [11]   94 	push	af
   0033 33            [ 6]   95 	inc	sp
   0034 E5            [11]   96 	push	hl
   0035 CDr00r00      [17]   97 	call	_cpct_drawSolidBox
   0038 F1            [10]   98 	pop	af
   0039 F1            [10]   99 	pop	af
   003A 33            [ 6]  100 	inc	sp
   003B C9            [10]  101 	ret
                            102 ;src/systems/tilemap.c:21: u8 tilemap_ground_y(void) {
                            103 ;	---------------------------------
                            104 ; Function tilemap_ground_y
                            105 ; ---------------------------------
   003C                     106 _tilemap_ground_y::
                            107 ;src/systems/tilemap.c:22: return gtilegroundy;
   003C FD 21r00r00   [14]  108 	ld	iy, #_gtilegroundy
   0040 FD 6E 00      [19]  109 	ld	l, 0 (iy)
   0043 C9            [10]  110 	ret
                            111 	.area _CODE
                            112 	.area _INITIALIZER
   0000                     113 __xinit__gtilegroundy:
   0000 A0                  114 	.db #0xa0	; 160
                            115 	.area _CABS (ABS)
