                              1 ;--------------------------------------------------------
                              2 ; File Created by SDCC : free open source ANSI-C Compiler
                              3 ; Version 3.6.8 #9946 (Mac OS X ppc)
                              4 ;--------------------------------------------------------
                              5 	.module itesenemies
                              6 	.optsdcc -mz80
                              7 	
                              8 ;--------------------------------------------------------
                              9 ; Public variables in this module
                             10 ;--------------------------------------------------------
                             11 	.globl _sprites_enemies_data
                             12 ;--------------------------------------------------------
                             13 ; special function registers
                             14 ;--------------------------------------------------------
                             15 ;--------------------------------------------------------
                             16 ; ram data
                             17 ;--------------------------------------------------------
                             18 	.area _DATA
                             19 ;--------------------------------------------------------
                             20 ; ram data
                             21 ;--------------------------------------------------------
                             22 	.area _INITIALIZED
                             23 ;--------------------------------------------------------
                             24 ; absolute external ram data
                             25 ;--------------------------------------------------------
                             26 	.area _DABS (ABS)
                             27 ;--------------------------------------------------------
                             28 ; global & static initialisations
                             29 ;--------------------------------------------------------
                             30 	.area _HOME
                             31 	.area _GSINIT
                             32 	.area _GSFINAL
                             33 	.area _GSINIT
                             34 ;--------------------------------------------------------
                             35 ; Home
                             36 ;--------------------------------------------------------
                             37 	.area _HOME
                             38 	.area _HOME
                             39 ;--------------------------------------------------------
                             40 ; code
                             41 ;--------------------------------------------------------
                             42 	.area _CODE
                             43 	.area _CODE
   0000                      44 _sprites_enemies_data:
   0000 AA                   45 	.db #0xaa	; 170
   0001 AA                   46 	.db #0xaa	; 170
   0002 AA                   47 	.db #0xaa	; 170
   0003 AA                   48 	.db #0xaa	; 170
   0004 AA                   49 	.db #0xaa	; 170
   0005 AA                   50 	.db #0xaa	; 170
   0006 AA                   51 	.db #0xaa	; 170
   0007 AA                   52 	.db #0xaa	; 170
   0008 AA                   53 	.db #0xaa	; 170
   0009 00                   54 	.db #0x00	; 0
   000A 00                   55 	.db #0x00	; 0
   000B 00                   56 	.db #0x00	; 0
   000C AA                   57 	.db #0xaa	; 170
   000D 00                   58 	.db #0x00	; 0
   000E 00                   59 	.db #0x00	; 0
   000F AA                   60 	.db #0xaa	; 170
   0010 AA                   61 	.db #0xaa	; 170
   0011 00                   62 	.db #0x00	; 0
   0012 00                   63 	.db #0x00	; 0
   0013 00                   64 	.db #0x00	; 0
   0014 AA                   65 	.db #0xaa	; 170
   0015 00                   66 	.db #0x00	; 0
   0016 00                   67 	.db #0x00	; 0
   0017 AA                   68 	.db #0xaa	; 170
   0018 AA                   69 	.db #0xaa	; 170
   0019 00                   70 	.db #0x00	; 0
   001A 00                   71 	.db #0x00	; 0
   001B 00                   72 	.db #0x00	; 0
   001C AA                   73 	.db #0xaa	; 170
   001D 00                   74 	.db #0x00	; 0
   001E 00                   75 	.db #0x00	; 0
   001F AA                   76 	.db #0xaa	; 170
   0020 AA                   77 	.db #0xaa	; 170
   0021 AA                   78 	.db #0xaa	; 170
   0022 AA                   79 	.db #0xaa	; 170
   0023 AA                   80 	.db #0xaa	; 170
   0024 AA                   81 	.db #0xaa	; 170
   0025 AA                   82 	.db #0xaa	; 170
   0026 AA                   83 	.db #0xaa	; 170
   0027 AA                   84 	.db #0xaa	; 170
   0028 AA                   85 	.db #0xaa	; 170
   0029 00                   86 	.db #0x00	; 0
   002A 00                   87 	.db #0x00	; 0
   002B 00                   88 	.db #0x00	; 0
   002C AA                   89 	.db #0xaa	; 170
   002D 00                   90 	.db #0x00	; 0
   002E 00                   91 	.db #0x00	; 0
   002F AA                   92 	.db #0xaa	; 170
   0030 AA                   93 	.db #0xaa	; 170
   0031 00                   94 	.db #0x00	; 0
   0032 00                   95 	.db #0x00	; 0
   0033 00                   96 	.db #0x00	; 0
   0034 AA                   97 	.db #0xaa	; 170
   0035 00                   98 	.db #0x00	; 0
   0036 00                   99 	.db #0x00	; 0
   0037 AA                  100 	.db #0xaa	; 170
   0038 AA                  101 	.db #0xaa	; 170
   0039 AA                  102 	.db #0xaa	; 170
   003A AA                  103 	.db #0xaa	; 170
   003B AA                  104 	.db #0xaa	; 170
   003C AA                  105 	.db #0xaa	; 170
   003D AA                  106 	.db #0xaa	; 170
   003E AA                  107 	.db #0xaa	; 170
   003F AA                  108 	.db #0xaa	; 170
                            109 	.area _INITIALIZER
                            110 	.area _CABS (ABS)
