                              1 ;--------------------------------------------------------
                              2 ; File Created by SDCC : free open source ANSI-C Compiler
                              3 ; Version 3.6.8 #9946 (Mac OS X ppc)
                              4 ;--------------------------------------------------------
                              5 	.module game
                              6 	.optsdcc -mz80
                              7 	
                              8 ;--------------------------------------------------------
                              9 ; Public variables in this module
                             10 ;--------------------------------------------------------
                             11 	.globl _cpct_setVideoMode
                             12 	.globl _cpct_memset
                             13 	.globl _cpct_disableFirmware
                             14 	.globl _game_init
                             15 	.globl _game_update
                             16 	.globl _game_render
                             17 ;--------------------------------------------------------
                             18 ; special function registers
                             19 ;--------------------------------------------------------
                             20 ;--------------------------------------------------------
                             21 ; ram data
                             22 ;--------------------------------------------------------
                             23 	.area _DATA
                             24 ;--------------------------------------------------------
                             25 ; ram data
                             26 ;--------------------------------------------------------
                             27 	.area _INITIALIZED
                             28 ;--------------------------------------------------------
                             29 ; absolute external ram data
                             30 ;--------------------------------------------------------
                             31 	.area _DABS (ABS)
                             32 ;--------------------------------------------------------
                             33 ; global & static initialisations
                             34 ;--------------------------------------------------------
                             35 	.area _HOME
                             36 	.area _GSINIT
                             37 	.area _GSFINAL
                             38 	.area _GSINIT
                             39 ;--------------------------------------------------------
                             40 ; Home
                             41 ;--------------------------------------------------------
                             42 	.area _HOME
                             43 	.area _HOME
                             44 ;--------------------------------------------------------
                             45 ; code
                             46 ;--------------------------------------------------------
                             47 	.area _CODE
                             48 ;src/game.c:4: void game_init(void) {
                             49 ;	---------------------------------
                             50 ; Function game_init
                             51 ; ---------------------------------
   0000                      52 _game_init::
                             53 ;src/game.c:5: cpct_disableFirmware();
   0000 CDr00r00      [17]   54 	call	_cpct_disableFirmware
                             55 ;src/game.c:6: cpct_setVideoMode(1);
   0003 2E 01         [ 7]   56 	ld	l, #0x01
   0005 CDr00r00      [17]   57 	call	_cpct_setVideoMode
                             58 ;src/game.c:7: cpct_clearScreen(0x00);
   0008 21 00 40      [10]   59 	ld	hl, #0x4000
   000B E5            [11]   60 	push	hl
   000C AF            [ 4]   61 	xor	a, a
   000D F5            [11]   62 	push	af
   000E 33            [ 6]   63 	inc	sp
   000F 26 C0         [ 7]   64 	ld	h, #0xc0
   0011 E5            [11]   65 	push	hl
   0012 CDr00r00      [17]   66 	call	_cpct_memset
   0015 C9            [10]   67 	ret
                             68 ;src/game.c:10: void game_update(void) {
                             69 ;	---------------------------------
                             70 ; Function game_update
                             71 ; ---------------------------------
   0016                      72 _game_update::
                             73 ;src/game.c:11: }
   0016 C9            [10]   74 	ret
                             75 ;src/game.c:13: void game_render(void) {
                             76 ;	---------------------------------
                             77 ; Function game_render
                             78 ; ---------------------------------
   0017                      79 _game_render::
                             80 ;src/game.c:14: }
   0017 C9            [10]   81 	ret
                             82 	.area _CODE
                             83 	.area _INITIALIZER
                             84 	.area _CABS (ABS)
