                              1 ;--------------------------------------------------------
                              2 ; File Created by SDCC : free open source ANSI-C Compiler
                              3 ; Version 3.6.8 #9946 (Mac OS X ppc)
                              4 ;--------------------------------------------------------
                              5 	.module hud
                              6 	.optsdcc -mz80
                              7 	
                              8 ;--------------------------------------------------------
                              9 ; Public variables in this module
                             10 ;--------------------------------------------------------
                             11 	.globl _cpct_getScreenPtr
                             12 	.globl _cpct_drawSprite
                             13 	.globl _hudinit
                             14 	.globl _hudupdate
                             15 	.globl _hudrender
                             16 ;--------------------------------------------------------
                             17 ; special function registers
                             18 ;--------------------------------------------------------
                             19 ;--------------------------------------------------------
                             20 ; ram data
                             21 ;--------------------------------------------------------
                             22 	.area _DATA
   0000                      23 _currenthealth:
   0000                      24 	.ds 1
   0001                      25 _currentscore:
   0001                      26 	.ds 2
   0003                      27 _currenttime:
   0003                      28 	.ds 1
   0004                      29 _currentlives:
   0004                      30 	.ds 1
   0005                      31 _currentweapon:
   0005                      32 	.ds 1
                             33 ;--------------------------------------------------------
                             34 ; ram data
                             35 ;--------------------------------------------------------
                             36 	.area _INITIALIZED
                             37 ;--------------------------------------------------------
                             38 ; absolute external ram data
                             39 ;--------------------------------------------------------
                             40 	.area _DABS (ABS)
                             41 ;--------------------------------------------------------
                             42 ; global & static initialisations
                             43 ;--------------------------------------------------------
                             44 	.area _HOME
                             45 	.area _GSINIT
                             46 	.area _GSFINAL
                             47 	.area _GSINIT
                             48 ;--------------------------------------------------------
                             49 ; Home
                             50 ;--------------------------------------------------------
                             51 	.area _HOME
                             52 	.area _HOME
                             53 ;--------------------------------------------------------
                             54 ; code
                             55 ;--------------------------------------------------------
                             56 	.area _CODE
                             57 ;src/systems/hud.c:134: static const u8* hud_get_number_sprite(u8 digit) {
                             58 ;	---------------------------------
                             59 ; Function hud_get_number_sprite
                             60 ; ---------------------------------
   0000                      61 _hud_get_number_sprite:
                             62 ;src/systems/hud.c:135: switch (digit % 10) {
   0000 3E 0A         [ 7]   63 	ld	a, #0x0a
   0002 F5            [11]   64 	push	af
   0003 33            [ 6]   65 	inc	sp
   0004 21 03 00      [10]   66 	ld	hl, #3+0
   0007 39            [11]   67 	add	hl, sp
   0008 7E            [ 7]   68 	ld	a, (hl)
   0009 F5            [11]   69 	push	af
   000A 33            [ 6]   70 	inc	sp
   000B CDr00r00      [17]   71 	call	__moduchar
   000E F1            [10]   72 	pop	af
   000F 4D            [ 4]   73 	ld	c, l
   0010 3E 08         [ 7]   74 	ld	a, #0x08
   0012 91            [ 4]   75 	sub	a, c
   0013 38 48         [12]   76 	jr	C,00110$
   0015 06 00         [ 7]   77 	ld	b, #0x00
   0017 21r1Er00      [10]   78 	ld	hl, #00118$
   001A 09            [11]   79 	add	hl, bc
   001B 09            [11]   80 	add	hl, bc
   001C 09            [11]   81 	add	hl, bc
   001D E9            [ 4]   82 	jp	(hl)
   001E                      83 00118$:
   001E C3r39r00      [10]   84 	jp	00101$
   0021 C3r3Dr00      [10]   85 	jp	00102$
   0024 C3r41r00      [10]   86 	jp	00103$
   0027 C3r45r00      [10]   87 	jp	00104$
   002A C3r49r00      [10]   88 	jp	00105$
   002D C3r4Dr00      [10]   89 	jp	00106$
   0030 C3r51r00      [10]   90 	jp	00107$
   0033 C3r55r00      [10]   91 	jp	00108$
   0036 C3r59r00      [10]   92 	jp	00109$
                             93 ;src/systems/hud.c:136: case 0: return huddigit_0;
   0039                      94 00101$:
   0039 21rE1r00      [10]   95 	ld	hl, #_huddigit_0
   003C C9            [10]   96 	ret
                             97 ;src/systems/hud.c:137: case 1: return huddigit_1;
   003D                      98 00102$:
   003D 21r21r01      [10]   99 	ld	hl, #_huddigit_1
   0040 C9            [10]  100 	ret
                            101 ;src/systems/hud.c:138: case 2: return huddigit_2;
   0041                     102 00103$:
   0041 21r61r01      [10]  103 	ld	hl, #_huddigit_2
   0044 C9            [10]  104 	ret
                            105 ;src/systems/hud.c:139: case 3: return huddigit_3;
   0045                     106 00104$:
   0045 21rA1r01      [10]  107 	ld	hl, #_huddigit_3
   0048 C9            [10]  108 	ret
                            109 ;src/systems/hud.c:140: case 4: return huddigit_4;
   0049                     110 00105$:
   0049 21rE1r01      [10]  111 	ld	hl, #_huddigit_4
   004C C9            [10]  112 	ret
                            113 ;src/systems/hud.c:141: case 5: return huddigit_5;
   004D                     114 00106$:
   004D 21r21r02      [10]  115 	ld	hl, #_huddigit_5
   0050 C9            [10]  116 	ret
                            117 ;src/systems/hud.c:142: case 6: return huddigit_6;
   0051                     118 00107$:
   0051 21r61r02      [10]  119 	ld	hl, #_huddigit_6
   0054 C9            [10]  120 	ret
                            121 ;src/systems/hud.c:143: case 7: return huddigit_7;
   0055                     122 00108$:
   0055 21rA1r02      [10]  123 	ld	hl, #_huddigit_7
   0058 C9            [10]  124 	ret
                            125 ;src/systems/hud.c:144: case 8: return huddigit_8;
   0059                     126 00109$:
   0059 21rE1r02      [10]  127 	ld	hl, #_huddigit_8
   005C C9            [10]  128 	ret
                            129 ;src/systems/hud.c:145: default: return huddigit_9;
   005D                     130 00110$:
   005D 21r21r03      [10]  131 	ld	hl, #_huddigit_9
                            132 ;src/systems/hud.c:146: }
   0060 C9            [10]  133 	ret
   0061                     134 _hudhealth:
   0061 F0                  135 	.db #0xf0	; 240
   0062 F0                  136 	.db #0xf0	; 240
   0063 F0                  137 	.db #0xf0	; 240
   0064 F0                  138 	.db #0xf0	; 240
   0065 F0                  139 	.db #0xf0	; 240
   0066 F0                  140 	.db #0xf0	; 240
   0067 F0                  141 	.db #0xf0	; 240
   0068 F0                  142 	.db #0xf0	; 240
   0069 F0                  143 	.db #0xf0	; 240
   006A 00                  144 	.db #0x00	; 0
   006B F0                  145 	.db #0xf0	; 240
   006C 00                  146 	.db #0x00	; 0
   006D 00                  147 	.db #0x00	; 0
   006E 00                  148 	.db #0x00	; 0
   006F 00                  149 	.db #0x00	; 0
   0070 F0                  150 	.db #0xf0	; 240
   0071 F0                  151 	.db #0xf0	; 240
   0072 00                  152 	.db #0x00	; 0
   0073 F0                  153 	.db #0xf0	; 240
   0074 00                  154 	.db #0x00	; 0
   0075 00                  155 	.db #0x00	; 0
   0076 00                  156 	.db #0x00	; 0
   0077 00                  157 	.db #0x00	; 0
   0078 F0                  158 	.db #0xf0	; 240
   0079 F0                  159 	.db #0xf0	; 240
   007A 00                  160 	.db #0x00	; 0
   007B F0                  161 	.db #0xf0	; 240
   007C 00                  162 	.db #0x00	; 0
   007D 00                  163 	.db #0x00	; 0
   007E 00                  164 	.db #0x00	; 0
   007F 00                  165 	.db #0x00	; 0
   0080 F0                  166 	.db #0xf0	; 240
   0081 F0                  167 	.db #0xf0	; 240
   0082 F0                  168 	.db #0xf0	; 240
   0083 F0                  169 	.db #0xf0	; 240
   0084 F0                  170 	.db #0xf0	; 240
   0085 F0                  171 	.db #0xf0	; 240
   0086 F0                  172 	.db #0xf0	; 240
   0087 F0                  173 	.db #0xf0	; 240
   0088 F0                  174 	.db #0xf0	; 240
   0089 F0                  175 	.db #0xf0	; 240
   008A 00                  176 	.db #0x00	; 0
   008B F0                  177 	.db #0xf0	; 240
   008C 00                  178 	.db #0x00	; 0
   008D 00                  179 	.db #0x00	; 0
   008E 00                  180 	.db #0x00	; 0
   008F 00                  181 	.db #0x00	; 0
   0090 F0                  182 	.db #0xf0	; 240
   0091 F0                  183 	.db #0xf0	; 240
   0092 00                  184 	.db #0x00	; 0
   0093 F0                  185 	.db #0xf0	; 240
   0094 00                  186 	.db #0x00	; 0
   0095 00                  187 	.db #0x00	; 0
   0096 00                  188 	.db #0x00	; 0
   0097 00                  189 	.db #0x00	; 0
   0098 F0                  190 	.db #0xf0	; 240
   0099 F0                  191 	.db #0xf0	; 240
   009A F0                  192 	.db #0xf0	; 240
   009B F0                  193 	.db #0xf0	; 240
   009C F0                  194 	.db #0xf0	; 240
   009D F0                  195 	.db #0xf0	; 240
   009E F0                  196 	.db #0xf0	; 240
   009F F0                  197 	.db #0xf0	; 240
   00A0 F0                  198 	.db #0xf0	; 240
   00A1                     199 _hudlives:
   00A1 CC                  200 	.db #0xcc	; 204
   00A2 CC                  201 	.db #0xcc	; 204
   00A3 CC                  202 	.db #0xcc	; 204
   00A4 CC                  203 	.db #0xcc	; 204
   00A5 CC                  204 	.db #0xcc	; 204
   00A6 CC                  205 	.db #0xcc	; 204
   00A7 CC                  206 	.db #0xcc	; 204
   00A8 CC                  207 	.db #0xcc	; 204
   00A9 CC                  208 	.db #0xcc	; 204
   00AA 00                  209 	.db #0x00	; 0
   00AB 00                  210 	.db #0x00	; 0
   00AC CC                  211 	.db #0xcc	; 204
   00AD 00                  212 	.db #0x00	; 0
   00AE 00                  213 	.db #0x00	; 0
   00AF 00                  214 	.db #0x00	; 0
   00B0 CC                  215 	.db #0xcc	; 204
   00B1 CC                  216 	.db #0xcc	; 204
   00B2 00                  217 	.db #0x00	; 0
   00B3 00                  218 	.db #0x00	; 0
   00B4 CC                  219 	.db #0xcc	; 204
   00B5 00                  220 	.db #0x00	; 0
   00B6 00                  221 	.db #0x00	; 0
   00B7 00                  222 	.db #0x00	; 0
   00B8 CC                  223 	.db #0xcc	; 204
   00B9 CC                  224 	.db #0xcc	; 204
   00BA 00                  225 	.db #0x00	; 0
   00BB 00                  226 	.db #0x00	; 0
   00BC CC                  227 	.db #0xcc	; 204
   00BD 00                  228 	.db #0x00	; 0
   00BE 00                  229 	.db #0x00	; 0
   00BF 00                  230 	.db #0x00	; 0
   00C0 CC                  231 	.db #0xcc	; 204
   00C1 CC                  232 	.db #0xcc	; 204
   00C2 CC                  233 	.db #0xcc	; 204
   00C3 CC                  234 	.db #0xcc	; 204
   00C4 CC                  235 	.db #0xcc	; 204
   00C5 CC                  236 	.db #0xcc	; 204
   00C6 CC                  237 	.db #0xcc	; 204
   00C7 CC                  238 	.db #0xcc	; 204
   00C8 CC                  239 	.db #0xcc	; 204
   00C9 CC                  240 	.db #0xcc	; 204
   00CA 00                  241 	.db #0x00	; 0
   00CB 00                  242 	.db #0x00	; 0
   00CC CC                  243 	.db #0xcc	; 204
   00CD 00                  244 	.db #0x00	; 0
   00CE 00                  245 	.db #0x00	; 0
   00CF 00                  246 	.db #0x00	; 0
   00D0 CC                  247 	.db #0xcc	; 204
   00D1 CC                  248 	.db #0xcc	; 204
   00D2 00                  249 	.db #0x00	; 0
   00D3 00                  250 	.db #0x00	; 0
   00D4 CC                  251 	.db #0xcc	; 204
   00D5 00                  252 	.db #0x00	; 0
   00D6 00                  253 	.db #0x00	; 0
   00D7 00                  254 	.db #0x00	; 0
   00D8 CC                  255 	.db #0xcc	; 204
   00D9 CC                  256 	.db #0xcc	; 204
   00DA CC                  257 	.db #0xcc	; 204
   00DB CC                  258 	.db #0xcc	; 204
   00DC CC                  259 	.db #0xcc	; 204
   00DD CC                  260 	.db #0xcc	; 204
   00DE CC                  261 	.db #0xcc	; 204
   00DF CC                  262 	.db #0xcc	; 204
   00E0 CC                  263 	.db #0xcc	; 204
   00E1                     264 _huddigit_0:
   00E1 00                  265 	.db #0x00	; 0
   00E2 F0                  266 	.db #0xf0	; 240
   00E3 F0                  267 	.db #0xf0	; 240
   00E4 F0                  268 	.db #0xf0	; 240
   00E5 F0                  269 	.db #0xf0	; 240
   00E6 F0                  270 	.db #0xf0	; 240
   00E7 F0                  271 	.db #0xf0	; 240
   00E8 00                  272 	.db #0x00	; 0
   00E9 F0                  273 	.db #0xf0	; 240
   00EA 00                  274 	.db #0x00	; 0
   00EB 00                  275 	.db #0x00	; 0
   00EC 00                  276 	.db #0x00	; 0
   00ED 00                  277 	.db #0x00	; 0
   00EE 00                  278 	.db #0x00	; 0
   00EF 00                  279 	.db #0x00	; 0
   00F0 F0                  280 	.db #0xf0	; 240
   00F1 F0                  281 	.db #0xf0	; 240
   00F2 00                  282 	.db #0x00	; 0
   00F3 00                  283 	.db #0x00	; 0
   00F4 00                  284 	.db #0x00	; 0
   00F5 00                  285 	.db #0x00	; 0
   00F6 00                  286 	.db #0x00	; 0
   00F7 00                  287 	.db #0x00	; 0
   00F8 F0                  288 	.db #0xf0	; 240
   00F9 00                  289 	.db #0x00	; 0
   00FA 00                  290 	.db #0x00	; 0
   00FB 00                  291 	.db #0x00	; 0
   00FC 00                  292 	.db #0x00	; 0
   00FD 00                  293 	.db #0x00	; 0
   00FE 00                  294 	.db #0x00	; 0
   00FF 00                  295 	.db #0x00	; 0
   0100 00                  296 	.db #0x00	; 0
   0101 F0                  297 	.db #0xf0	; 240
   0102 00                  298 	.db #0x00	; 0
   0103 00                  299 	.db #0x00	; 0
   0104 00                  300 	.db #0x00	; 0
   0105 00                  301 	.db #0x00	; 0
   0106 00                  302 	.db #0x00	; 0
   0107 00                  303 	.db #0x00	; 0
   0108 F0                  304 	.db #0xf0	; 240
   0109 F0                  305 	.db #0xf0	; 240
   010A 00                  306 	.db #0x00	; 0
   010B 00                  307 	.db #0x00	; 0
   010C 00                  308 	.db #0x00	; 0
   010D 00                  309 	.db #0x00	; 0
   010E 00                  310 	.db #0x00	; 0
   010F 00                  311 	.db #0x00	; 0
   0110 F0                  312 	.db #0xf0	; 240
   0111 F0                  313 	.db #0xf0	; 240
   0112 00                  314 	.db #0x00	; 0
   0113 00                  315 	.db #0x00	; 0
   0114 00                  316 	.db #0x00	; 0
   0115 00                  317 	.db #0x00	; 0
   0116 00                  318 	.db #0x00	; 0
   0117 00                  319 	.db #0x00	; 0
   0118 F0                  320 	.db #0xf0	; 240
   0119 00                  321 	.db #0x00	; 0
   011A F0                  322 	.db #0xf0	; 240
   011B F0                  323 	.db #0xf0	; 240
   011C F0                  324 	.db #0xf0	; 240
   011D F0                  325 	.db #0xf0	; 240
   011E F0                  326 	.db #0xf0	; 240
   011F F0                  327 	.db #0xf0	; 240
   0120 00                  328 	.db #0x00	; 0
   0121                     329 _huddigit_1:
   0121 00                  330 	.db #0x00	; 0
   0122 00                  331 	.db #0x00	; 0
   0123 00                  332 	.db #0x00	; 0
   0124 00                  333 	.db #0x00	; 0
   0125 00                  334 	.db #0x00	; 0
   0126 00                  335 	.db #0x00	; 0
   0127 00                  336 	.db #0x00	; 0
   0128 00                  337 	.db #0x00	; 0
   0129 00                  338 	.db #0x00	; 0
   012A 00                  339 	.db #0x00	; 0
   012B 00                  340 	.db #0x00	; 0
   012C 00                  341 	.db #0x00	; 0
   012D 00                  342 	.db #0x00	; 0
   012E 00                  343 	.db #0x00	; 0
   012F 00                  344 	.db #0x00	; 0
   0130 F0                  345 	.db #0xf0	; 240
   0131 00                  346 	.db #0x00	; 0
   0132 00                  347 	.db #0x00	; 0
   0133 00                  348 	.db #0x00	; 0
   0134 00                  349 	.db #0x00	; 0
   0135 00                  350 	.db #0x00	; 0
   0136 00                  351 	.db #0x00	; 0
   0137 00                  352 	.db #0x00	; 0
   0138 F0                  353 	.db #0xf0	; 240
   0139 00                  354 	.db #0x00	; 0
   013A 00                  355 	.db #0x00	; 0
   013B 00                  356 	.db #0x00	; 0
   013C 00                  357 	.db #0x00	; 0
   013D 00                  358 	.db #0x00	; 0
   013E 00                  359 	.db #0x00	; 0
   013F 00                  360 	.db #0x00	; 0
   0140 00                  361 	.db #0x00	; 0
   0141 00                  362 	.db #0x00	; 0
   0142 00                  363 	.db #0x00	; 0
   0143 00                  364 	.db #0x00	; 0
   0144 00                  365 	.db #0x00	; 0
   0145 00                  366 	.db #0x00	; 0
   0146 00                  367 	.db #0x00	; 0
   0147 00                  368 	.db #0x00	; 0
   0148 F0                  369 	.db #0xf0	; 240
   0149 00                  370 	.db #0x00	; 0
   014A 00                  371 	.db #0x00	; 0
   014B 00                  372 	.db #0x00	; 0
   014C 00                  373 	.db #0x00	; 0
   014D 00                  374 	.db #0x00	; 0
   014E 00                  375 	.db #0x00	; 0
   014F 00                  376 	.db #0x00	; 0
   0150 F0                  377 	.db #0xf0	; 240
   0151 00                  378 	.db #0x00	; 0
   0152 00                  379 	.db #0x00	; 0
   0153 00                  380 	.db #0x00	; 0
   0154 00                  381 	.db #0x00	; 0
   0155 00                  382 	.db #0x00	; 0
   0156 00                  383 	.db #0x00	; 0
   0157 00                  384 	.db #0x00	; 0
   0158 F0                  385 	.db #0xf0	; 240
   0159 00                  386 	.db #0x00	; 0
   015A 00                  387 	.db #0x00	; 0
   015B 00                  388 	.db #0x00	; 0
   015C 00                  389 	.db #0x00	; 0
   015D 00                  390 	.db #0x00	; 0
   015E 00                  391 	.db #0x00	; 0
   015F 00                  392 	.db #0x00	; 0
   0160 00                  393 	.db #0x00	; 0
   0161                     394 _huddigit_2:
   0161 00                  395 	.db #0x00	; 0
   0162 F0                  396 	.db #0xf0	; 240
   0163 F0                  397 	.db #0xf0	; 240
   0164 F0                  398 	.db #0xf0	; 240
   0165 F0                  399 	.db #0xf0	; 240
   0166 F0                  400 	.db #0xf0	; 240
   0167 F0                  401 	.db #0xf0	; 240
   0168 00                  402 	.db #0x00	; 0
   0169 00                  403 	.db #0x00	; 0
   016A 00                  404 	.db #0x00	; 0
   016B 00                  405 	.db #0x00	; 0
   016C 00                  406 	.db #0x00	; 0
   016D 00                  407 	.db #0x00	; 0
   016E 00                  408 	.db #0x00	; 0
   016F 00                  409 	.db #0x00	; 0
   0170 F0                  410 	.db #0xf0	; 240
   0171 00                  411 	.db #0x00	; 0
   0172 00                  412 	.db #0x00	; 0
   0173 00                  413 	.db #0x00	; 0
   0174 00                  414 	.db #0x00	; 0
   0175 00                  415 	.db #0x00	; 0
   0176 00                  416 	.db #0x00	; 0
   0177 00                  417 	.db #0x00	; 0
   0178 F0                  418 	.db #0xf0	; 240
   0179 00                  419 	.db #0x00	; 0
   017A F0                  420 	.db #0xf0	; 240
   017B F0                  421 	.db #0xf0	; 240
   017C F0                  422 	.db #0xf0	; 240
   017D F0                  423 	.db #0xf0	; 240
   017E F0                  424 	.db #0xf0	; 240
   017F F0                  425 	.db #0xf0	; 240
   0180 00                  426 	.db #0x00	; 0
   0181 F0                  427 	.db #0xf0	; 240
   0182 00                  428 	.db #0x00	; 0
   0183 00                  429 	.db #0x00	; 0
   0184 00                  430 	.db #0x00	; 0
   0185 00                  431 	.db #0x00	; 0
   0186 00                  432 	.db #0x00	; 0
   0187 00                  433 	.db #0x00	; 0
   0188 00                  434 	.db #0x00	; 0
   0189 F0                  435 	.db #0xf0	; 240
   018A 00                  436 	.db #0x00	; 0
   018B 00                  437 	.db #0x00	; 0
   018C 00                  438 	.db #0x00	; 0
   018D 00                  439 	.db #0x00	; 0
   018E 00                  440 	.db #0x00	; 0
   018F 00                  441 	.db #0x00	; 0
   0190 00                  442 	.db #0x00	; 0
   0191 F0                  443 	.db #0xf0	; 240
   0192 00                  444 	.db #0x00	; 0
   0193 00                  445 	.db #0x00	; 0
   0194 00                  446 	.db #0x00	; 0
   0195 00                  447 	.db #0x00	; 0
   0196 00                  448 	.db #0x00	; 0
   0197 00                  449 	.db #0x00	; 0
   0198 00                  450 	.db #0x00	; 0
   0199 00                  451 	.db #0x00	; 0
   019A F0                  452 	.db #0xf0	; 240
   019B F0                  453 	.db #0xf0	; 240
   019C F0                  454 	.db #0xf0	; 240
   019D F0                  455 	.db #0xf0	; 240
   019E F0                  456 	.db #0xf0	; 240
   019F F0                  457 	.db #0xf0	; 240
   01A0 00                  458 	.db #0x00	; 0
   01A1                     459 _huddigit_3:
   01A1 00                  460 	.db #0x00	; 0
   01A2 F0                  461 	.db #0xf0	; 240
   01A3 F0                  462 	.db #0xf0	; 240
   01A4 F0                  463 	.db #0xf0	; 240
   01A5 F0                  464 	.db #0xf0	; 240
   01A6 F0                  465 	.db #0xf0	; 240
   01A7 F0                  466 	.db #0xf0	; 240
   01A8 00                  467 	.db #0x00	; 0
   01A9 00                  468 	.db #0x00	; 0
   01AA 00                  469 	.db #0x00	; 0
   01AB 00                  470 	.db #0x00	; 0
   01AC 00                  471 	.db #0x00	; 0
   01AD 00                  472 	.db #0x00	; 0
   01AE 00                  473 	.db #0x00	; 0
   01AF 00                  474 	.db #0x00	; 0
   01B0 F0                  475 	.db #0xf0	; 240
   01B1 00                  476 	.db #0x00	; 0
   01B2 00                  477 	.db #0x00	; 0
   01B3 00                  478 	.db #0x00	; 0
   01B4 00                  479 	.db #0x00	; 0
   01B5 00                  480 	.db #0x00	; 0
   01B6 00                  481 	.db #0x00	; 0
   01B7 00                  482 	.db #0x00	; 0
   01B8 F0                  483 	.db #0xf0	; 240
   01B9 00                  484 	.db #0x00	; 0
   01BA F0                  485 	.db #0xf0	; 240
   01BB F0                  486 	.db #0xf0	; 240
   01BC F0                  487 	.db #0xf0	; 240
   01BD F0                  488 	.db #0xf0	; 240
   01BE F0                  489 	.db #0xf0	; 240
   01BF F0                  490 	.db #0xf0	; 240
   01C0 00                  491 	.db #0x00	; 0
   01C1 00                  492 	.db #0x00	; 0
   01C2 00                  493 	.db #0x00	; 0
   01C3 00                  494 	.db #0x00	; 0
   01C4 00                  495 	.db #0x00	; 0
   01C5 00                  496 	.db #0x00	; 0
   01C6 00                  497 	.db #0x00	; 0
   01C7 00                  498 	.db #0x00	; 0
   01C8 F0                  499 	.db #0xf0	; 240
   01C9 00                  500 	.db #0x00	; 0
   01CA 00                  501 	.db #0x00	; 0
   01CB 00                  502 	.db #0x00	; 0
   01CC 00                  503 	.db #0x00	; 0
   01CD 00                  504 	.db #0x00	; 0
   01CE 00                  505 	.db #0x00	; 0
   01CF 00                  506 	.db #0x00	; 0
   01D0 F0                  507 	.db #0xf0	; 240
   01D1 00                  508 	.db #0x00	; 0
   01D2 00                  509 	.db #0x00	; 0
   01D3 00                  510 	.db #0x00	; 0
   01D4 00                  511 	.db #0x00	; 0
   01D5 00                  512 	.db #0x00	; 0
   01D6 00                  513 	.db #0x00	; 0
   01D7 00                  514 	.db #0x00	; 0
   01D8 F0                  515 	.db #0xf0	; 240
   01D9 00                  516 	.db #0x00	; 0
   01DA F0                  517 	.db #0xf0	; 240
   01DB F0                  518 	.db #0xf0	; 240
   01DC F0                  519 	.db #0xf0	; 240
   01DD F0                  520 	.db #0xf0	; 240
   01DE F0                  521 	.db #0xf0	; 240
   01DF F0                  522 	.db #0xf0	; 240
   01E0 00                  523 	.db #0x00	; 0
   01E1                     524 _huddigit_4:
   01E1 00                  525 	.db #0x00	; 0
   01E2 00                  526 	.db #0x00	; 0
   01E3 00                  527 	.db #0x00	; 0
   01E4 00                  528 	.db #0x00	; 0
   01E5 00                  529 	.db #0x00	; 0
   01E6 00                  530 	.db #0x00	; 0
   01E7 00                  531 	.db #0x00	; 0
   01E8 00                  532 	.db #0x00	; 0
   01E9 F0                  533 	.db #0xf0	; 240
   01EA 00                  534 	.db #0x00	; 0
   01EB 00                  535 	.db #0x00	; 0
   01EC 00                  536 	.db #0x00	; 0
   01ED 00                  537 	.db #0x00	; 0
   01EE 00                  538 	.db #0x00	; 0
   01EF 00                  539 	.db #0x00	; 0
   01F0 F0                  540 	.db #0xf0	; 240
   01F1 F0                  541 	.db #0xf0	; 240
   01F2 00                  542 	.db #0x00	; 0
   01F3 00                  543 	.db #0x00	; 0
   01F4 00                  544 	.db #0x00	; 0
   01F5 00                  545 	.db #0x00	; 0
   01F6 00                  546 	.db #0x00	; 0
   01F7 00                  547 	.db #0x00	; 0
   01F8 F0                  548 	.db #0xf0	; 240
   01F9 00                  549 	.db #0x00	; 0
   01FA F0                  550 	.db #0xf0	; 240
   01FB F0                  551 	.db #0xf0	; 240
   01FC F0                  552 	.db #0xf0	; 240
   01FD F0                  553 	.db #0xf0	; 240
   01FE F0                  554 	.db #0xf0	; 240
   01FF F0                  555 	.db #0xf0	; 240
   0200 00                  556 	.db #0x00	; 0
   0201 00                  557 	.db #0x00	; 0
   0202 00                  558 	.db #0x00	; 0
   0203 00                  559 	.db #0x00	; 0
   0204 00                  560 	.db #0x00	; 0
   0205 00                  561 	.db #0x00	; 0
   0206 00                  562 	.db #0x00	; 0
   0207 00                  563 	.db #0x00	; 0
   0208 F0                  564 	.db #0xf0	; 240
   0209 00                  565 	.db #0x00	; 0
   020A 00                  566 	.db #0x00	; 0
   020B 00                  567 	.db #0x00	; 0
   020C 00                  568 	.db #0x00	; 0
   020D 00                  569 	.db #0x00	; 0
   020E 00                  570 	.db #0x00	; 0
   020F 00                  571 	.db #0x00	; 0
   0210 F0                  572 	.db #0xf0	; 240
   0211 00                  573 	.db #0x00	; 0
   0212 00                  574 	.db #0x00	; 0
   0213 00                  575 	.db #0x00	; 0
   0214 00                  576 	.db #0x00	; 0
   0215 00                  577 	.db #0x00	; 0
   0216 00                  578 	.db #0x00	; 0
   0217 00                  579 	.db #0x00	; 0
   0218 F0                  580 	.db #0xf0	; 240
   0219 00                  581 	.db #0x00	; 0
   021A 00                  582 	.db #0x00	; 0
   021B 00                  583 	.db #0x00	; 0
   021C 00                  584 	.db #0x00	; 0
   021D 00                  585 	.db #0x00	; 0
   021E 00                  586 	.db #0x00	; 0
   021F 00                  587 	.db #0x00	; 0
   0220 00                  588 	.db #0x00	; 0
   0221                     589 _huddigit_5:
   0221 00                  590 	.db #0x00	; 0
   0222 F0                  591 	.db #0xf0	; 240
   0223 F0                  592 	.db #0xf0	; 240
   0224 F0                  593 	.db #0xf0	; 240
   0225 F0                  594 	.db #0xf0	; 240
   0226 F0                  595 	.db #0xf0	; 240
   0227 F0                  596 	.db #0xf0	; 240
   0228 00                  597 	.db #0x00	; 0
   0229 F0                  598 	.db #0xf0	; 240
   022A 00                  599 	.db #0x00	; 0
   022B 00                  600 	.db #0x00	; 0
   022C 00                  601 	.db #0x00	; 0
   022D 00                  602 	.db #0x00	; 0
   022E 00                  603 	.db #0x00	; 0
   022F 00                  604 	.db #0x00	; 0
   0230 00                  605 	.db #0x00	; 0
   0231 F0                  606 	.db #0xf0	; 240
   0232 00                  607 	.db #0x00	; 0
   0233 00                  608 	.db #0x00	; 0
   0234 00                  609 	.db #0x00	; 0
   0235 00                  610 	.db #0x00	; 0
   0236 00                  611 	.db #0x00	; 0
   0237 00                  612 	.db #0x00	; 0
   0238 00                  613 	.db #0x00	; 0
   0239 00                  614 	.db #0x00	; 0
   023A F0                  615 	.db #0xf0	; 240
   023B F0                  616 	.db #0xf0	; 240
   023C F0                  617 	.db #0xf0	; 240
   023D F0                  618 	.db #0xf0	; 240
   023E F0                  619 	.db #0xf0	; 240
   023F F0                  620 	.db #0xf0	; 240
   0240 00                  621 	.db #0x00	; 0
   0241 00                  622 	.db #0x00	; 0
   0242 00                  623 	.db #0x00	; 0
   0243 00                  624 	.db #0x00	; 0
   0244 00                  625 	.db #0x00	; 0
   0245 00                  626 	.db #0x00	; 0
   0246 00                  627 	.db #0x00	; 0
   0247 00                  628 	.db #0x00	; 0
   0248 F0                  629 	.db #0xf0	; 240
   0249 00                  630 	.db #0x00	; 0
   024A 00                  631 	.db #0x00	; 0
   024B 00                  632 	.db #0x00	; 0
   024C 00                  633 	.db #0x00	; 0
   024D 00                  634 	.db #0x00	; 0
   024E 00                  635 	.db #0x00	; 0
   024F 00                  636 	.db #0x00	; 0
   0250 F0                  637 	.db #0xf0	; 240
   0251 00                  638 	.db #0x00	; 0
   0252 00                  639 	.db #0x00	; 0
   0253 00                  640 	.db #0x00	; 0
   0254 00                  641 	.db #0x00	; 0
   0255 00                  642 	.db #0x00	; 0
   0256 00                  643 	.db #0x00	; 0
   0257 00                  644 	.db #0x00	; 0
   0258 F0                  645 	.db #0xf0	; 240
   0259 00                  646 	.db #0x00	; 0
   025A F0                  647 	.db #0xf0	; 240
   025B F0                  648 	.db #0xf0	; 240
   025C F0                  649 	.db #0xf0	; 240
   025D F0                  650 	.db #0xf0	; 240
   025E F0                  651 	.db #0xf0	; 240
   025F F0                  652 	.db #0xf0	; 240
   0260 00                  653 	.db #0x00	; 0
   0261                     654 _huddigit_6:
   0261 00                  655 	.db #0x00	; 0
   0262 F0                  656 	.db #0xf0	; 240
   0263 F0                  657 	.db #0xf0	; 240
   0264 F0                  658 	.db #0xf0	; 240
   0265 F0                  659 	.db #0xf0	; 240
   0266 F0                  660 	.db #0xf0	; 240
   0267 F0                  661 	.db #0xf0	; 240
   0268 00                  662 	.db #0x00	; 0
   0269 F0                  663 	.db #0xf0	; 240
   026A 00                  664 	.db #0x00	; 0
   026B 00                  665 	.db #0x00	; 0
   026C 00                  666 	.db #0x00	; 0
   026D 00                  667 	.db #0x00	; 0
   026E 00                  668 	.db #0x00	; 0
   026F 00                  669 	.db #0x00	; 0
   0270 00                  670 	.db #0x00	; 0
   0271 F0                  671 	.db #0xf0	; 240
   0272 00                  672 	.db #0x00	; 0
   0273 00                  673 	.db #0x00	; 0
   0274 00                  674 	.db #0x00	; 0
   0275 00                  675 	.db #0x00	; 0
   0276 00                  676 	.db #0x00	; 0
   0277 00                  677 	.db #0x00	; 0
   0278 00                  678 	.db #0x00	; 0
   0279 00                  679 	.db #0x00	; 0
   027A F0                  680 	.db #0xf0	; 240
   027B F0                  681 	.db #0xf0	; 240
   027C F0                  682 	.db #0xf0	; 240
   027D F0                  683 	.db #0xf0	; 240
   027E F0                  684 	.db #0xf0	; 240
   027F F0                  685 	.db #0xf0	; 240
   0280 00                  686 	.db #0x00	; 0
   0281 F0                  687 	.db #0xf0	; 240
   0282 00                  688 	.db #0x00	; 0
   0283 00                  689 	.db #0x00	; 0
   0284 00                  690 	.db #0x00	; 0
   0285 00                  691 	.db #0x00	; 0
   0286 00                  692 	.db #0x00	; 0
   0287 00                  693 	.db #0x00	; 0
   0288 F0                  694 	.db #0xf0	; 240
   0289 F0                  695 	.db #0xf0	; 240
   028A 00                  696 	.db #0x00	; 0
   028B 00                  697 	.db #0x00	; 0
   028C 00                  698 	.db #0x00	; 0
   028D 00                  699 	.db #0x00	; 0
   028E 00                  700 	.db #0x00	; 0
   028F 00                  701 	.db #0x00	; 0
   0290 F0                  702 	.db #0xf0	; 240
   0291 F0                  703 	.db #0xf0	; 240
   0292 00                  704 	.db #0x00	; 0
   0293 00                  705 	.db #0x00	; 0
   0294 00                  706 	.db #0x00	; 0
   0295 00                  707 	.db #0x00	; 0
   0296 00                  708 	.db #0x00	; 0
   0297 00                  709 	.db #0x00	; 0
   0298 F0                  710 	.db #0xf0	; 240
   0299 00                  711 	.db #0x00	; 0
   029A F0                  712 	.db #0xf0	; 240
   029B F0                  713 	.db #0xf0	; 240
   029C F0                  714 	.db #0xf0	; 240
   029D F0                  715 	.db #0xf0	; 240
   029E F0                  716 	.db #0xf0	; 240
   029F F0                  717 	.db #0xf0	; 240
   02A0 00                  718 	.db #0x00	; 0
   02A1                     719 _huddigit_7:
   02A1 00                  720 	.db #0x00	; 0
   02A2 F0                  721 	.db #0xf0	; 240
   02A3 F0                  722 	.db #0xf0	; 240
   02A4 F0                  723 	.db #0xf0	; 240
   02A5 F0                  724 	.db #0xf0	; 240
   02A6 F0                  725 	.db #0xf0	; 240
   02A7 F0                  726 	.db #0xf0	; 240
   02A8 00                  727 	.db #0x00	; 0
   02A9 00                  728 	.db #0x00	; 0
   02AA 00                  729 	.db #0x00	; 0
   02AB 00                  730 	.db #0x00	; 0
   02AC 00                  731 	.db #0x00	; 0
   02AD 00                  732 	.db #0x00	; 0
   02AE 00                  733 	.db #0x00	; 0
   02AF 00                  734 	.db #0x00	; 0
   02B0 F0                  735 	.db #0xf0	; 240
   02B1 00                  736 	.db #0x00	; 0
   02B2 00                  737 	.db #0x00	; 0
   02B3 00                  738 	.db #0x00	; 0
   02B4 00                  739 	.db #0x00	; 0
   02B5 00                  740 	.db #0x00	; 0
   02B6 00                  741 	.db #0x00	; 0
   02B7 00                  742 	.db #0x00	; 0
   02B8 F0                  743 	.db #0xf0	; 240
   02B9 00                  744 	.db #0x00	; 0
   02BA 00                  745 	.db #0x00	; 0
   02BB 00                  746 	.db #0x00	; 0
   02BC 00                  747 	.db #0x00	; 0
   02BD 00                  748 	.db #0x00	; 0
   02BE 00                  749 	.db #0x00	; 0
   02BF 00                  750 	.db #0x00	; 0
   02C0 00                  751 	.db #0x00	; 0
   02C1 00                  752 	.db #0x00	; 0
   02C2 00                  753 	.db #0x00	; 0
   02C3 00                  754 	.db #0x00	; 0
   02C4 00                  755 	.db #0x00	; 0
   02C5 00                  756 	.db #0x00	; 0
   02C6 00                  757 	.db #0x00	; 0
   02C7 00                  758 	.db #0x00	; 0
   02C8 F0                  759 	.db #0xf0	; 240
   02C9 00                  760 	.db #0x00	; 0
   02CA 00                  761 	.db #0x00	; 0
   02CB 00                  762 	.db #0x00	; 0
   02CC 00                  763 	.db #0x00	; 0
   02CD 00                  764 	.db #0x00	; 0
   02CE 00                  765 	.db #0x00	; 0
   02CF 00                  766 	.db #0x00	; 0
   02D0 F0                  767 	.db #0xf0	; 240
   02D1 00                  768 	.db #0x00	; 0
   02D2 00                  769 	.db #0x00	; 0
   02D3 00                  770 	.db #0x00	; 0
   02D4 00                  771 	.db #0x00	; 0
   02D5 00                  772 	.db #0x00	; 0
   02D6 00                  773 	.db #0x00	; 0
   02D7 00                  774 	.db #0x00	; 0
   02D8 F0                  775 	.db #0xf0	; 240
   02D9 00                  776 	.db #0x00	; 0
   02DA 00                  777 	.db #0x00	; 0
   02DB 00                  778 	.db #0x00	; 0
   02DC 00                  779 	.db #0x00	; 0
   02DD 00                  780 	.db #0x00	; 0
   02DE 00                  781 	.db #0x00	; 0
   02DF 00                  782 	.db #0x00	; 0
   02E0 00                  783 	.db #0x00	; 0
   02E1                     784 _huddigit_8:
   02E1 00                  785 	.db #0x00	; 0
   02E2 F0                  786 	.db #0xf0	; 240
   02E3 F0                  787 	.db #0xf0	; 240
   02E4 F0                  788 	.db #0xf0	; 240
   02E5 F0                  789 	.db #0xf0	; 240
   02E6 F0                  790 	.db #0xf0	; 240
   02E7 F0                  791 	.db #0xf0	; 240
   02E8 00                  792 	.db #0x00	; 0
   02E9 F0                  793 	.db #0xf0	; 240
   02EA 00                  794 	.db #0x00	; 0
   02EB 00                  795 	.db #0x00	; 0
   02EC 00                  796 	.db #0x00	; 0
   02ED 00                  797 	.db #0x00	; 0
   02EE 00                  798 	.db #0x00	; 0
   02EF 00                  799 	.db #0x00	; 0
   02F0 F0                  800 	.db #0xf0	; 240
   02F1 F0                  801 	.db #0xf0	; 240
   02F2 00                  802 	.db #0x00	; 0
   02F3 00                  803 	.db #0x00	; 0
   02F4 00                  804 	.db #0x00	; 0
   02F5 00                  805 	.db #0x00	; 0
   02F6 00                  806 	.db #0x00	; 0
   02F7 00                  807 	.db #0x00	; 0
   02F8 F0                  808 	.db #0xf0	; 240
   02F9 00                  809 	.db #0x00	; 0
   02FA F0                  810 	.db #0xf0	; 240
   02FB F0                  811 	.db #0xf0	; 240
   02FC F0                  812 	.db #0xf0	; 240
   02FD F0                  813 	.db #0xf0	; 240
   02FE F0                  814 	.db #0xf0	; 240
   02FF F0                  815 	.db #0xf0	; 240
   0300 00                  816 	.db #0x00	; 0
   0301 F0                  817 	.db #0xf0	; 240
   0302 00                  818 	.db #0x00	; 0
   0303 00                  819 	.db #0x00	; 0
   0304 00                  820 	.db #0x00	; 0
   0305 00                  821 	.db #0x00	; 0
   0306 00                  822 	.db #0x00	; 0
   0307 00                  823 	.db #0x00	; 0
   0308 F0                  824 	.db #0xf0	; 240
   0309 F0                  825 	.db #0xf0	; 240
   030A 00                  826 	.db #0x00	; 0
   030B 00                  827 	.db #0x00	; 0
   030C 00                  828 	.db #0x00	; 0
   030D 00                  829 	.db #0x00	; 0
   030E 00                  830 	.db #0x00	; 0
   030F 00                  831 	.db #0x00	; 0
   0310 F0                  832 	.db #0xf0	; 240
   0311 F0                  833 	.db #0xf0	; 240
   0312 00                  834 	.db #0x00	; 0
   0313 00                  835 	.db #0x00	; 0
   0314 00                  836 	.db #0x00	; 0
   0315 00                  837 	.db #0x00	; 0
   0316 00                  838 	.db #0x00	; 0
   0317 00                  839 	.db #0x00	; 0
   0318 F0                  840 	.db #0xf0	; 240
   0319 00                  841 	.db #0x00	; 0
   031A F0                  842 	.db #0xf0	; 240
   031B F0                  843 	.db #0xf0	; 240
   031C F0                  844 	.db #0xf0	; 240
   031D F0                  845 	.db #0xf0	; 240
   031E F0                  846 	.db #0xf0	; 240
   031F F0                  847 	.db #0xf0	; 240
   0320 00                  848 	.db #0x00	; 0
   0321                     849 _huddigit_9:
   0321 00                  850 	.db #0x00	; 0
   0322 F0                  851 	.db #0xf0	; 240
   0323 F0                  852 	.db #0xf0	; 240
   0324 F0                  853 	.db #0xf0	; 240
   0325 F0                  854 	.db #0xf0	; 240
   0326 F0                  855 	.db #0xf0	; 240
   0327 F0                  856 	.db #0xf0	; 240
   0328 00                  857 	.db #0x00	; 0
   0329 F0                  858 	.db #0xf0	; 240
   032A 00                  859 	.db #0x00	; 0
   032B 00                  860 	.db #0x00	; 0
   032C 00                  861 	.db #0x00	; 0
   032D 00                  862 	.db #0x00	; 0
   032E 00                  863 	.db #0x00	; 0
   032F 00                  864 	.db #0x00	; 0
   0330 F0                  865 	.db #0xf0	; 240
   0331 F0                  866 	.db #0xf0	; 240
   0332 00                  867 	.db #0x00	; 0
   0333 00                  868 	.db #0x00	; 0
   0334 00                  869 	.db #0x00	; 0
   0335 00                  870 	.db #0x00	; 0
   0336 00                  871 	.db #0x00	; 0
   0337 00                  872 	.db #0x00	; 0
   0338 F0                  873 	.db #0xf0	; 240
   0339 00                  874 	.db #0x00	; 0
   033A F0                  875 	.db #0xf0	; 240
   033B F0                  876 	.db #0xf0	; 240
   033C F0                  877 	.db #0xf0	; 240
   033D F0                  878 	.db #0xf0	; 240
   033E F0                  879 	.db #0xf0	; 240
   033F F0                  880 	.db #0xf0	; 240
   0340 00                  881 	.db #0x00	; 0
   0341 00                  882 	.db #0x00	; 0
   0342 00                  883 	.db #0x00	; 0
   0343 00                  884 	.db #0x00	; 0
   0344 00                  885 	.db #0x00	; 0
   0345 00                  886 	.db #0x00	; 0
   0346 00                  887 	.db #0x00	; 0
   0347 00                  888 	.db #0x00	; 0
   0348 F0                  889 	.db #0xf0	; 240
   0349 00                  890 	.db #0x00	; 0
   034A 00                  891 	.db #0x00	; 0
   034B 00                  892 	.db #0x00	; 0
   034C 00                  893 	.db #0x00	; 0
   034D 00                  894 	.db #0x00	; 0
   034E 00                  895 	.db #0x00	; 0
   034F 00                  896 	.db #0x00	; 0
   0350 F0                  897 	.db #0xf0	; 240
   0351 00                  898 	.db #0x00	; 0
   0352 00                  899 	.db #0x00	; 0
   0353 00                  900 	.db #0x00	; 0
   0354 00                  901 	.db #0x00	; 0
   0355 00                  902 	.db #0x00	; 0
   0356 00                  903 	.db #0x00	; 0
   0357 00                  904 	.db #0x00	; 0
   0358 F0                  905 	.db #0xf0	; 240
   0359 00                  906 	.db #0x00	; 0
   035A F0                  907 	.db #0xf0	; 240
   035B F0                  908 	.db #0xf0	; 240
   035C F0                  909 	.db #0xf0	; 240
   035D F0                  910 	.db #0xf0	; 240
   035E F0                  911 	.db #0xf0	; 240
   035F F0                  912 	.db #0xf0	; 240
   0360 00                  913 	.db #0x00	; 0
                            914 ;src/systems/hud.c:149: static void hud_draw_digits(u16 value, u8 digits, u8 startx, u8 y) {
                            915 ;	---------------------------------
                            916 ; Function hud_draw_digits
                            917 ; ---------------------------------
   0361                     918 _hud_draw_digits:
   0361 DD E5         [15]  919 	push	ix
   0363 DD 21 00 00   [14]  920 	ld	ix,#0
   0367 DD 39         [15]  921 	add	ix,sp
   0369 3B            [ 6]  922 	dec	sp
                            923 ;src/systems/hud.c:155: divisor = 1;
   036A 01 01 00      [10]  924 	ld	bc, #0x0001
                            925 ;src/systems/hud.c:156: for (i = 1; i < digits; ++i) {
   036D 1E 01         [ 7]  926 	ld	e, #0x01
   036F                     927 00106$:
   036F 7B            [ 4]  928 	ld	a, e
   0370 DD 96 06      [19]  929 	sub	a, 6 (ix)
   0373 30 0B         [12]  930 	jr	NC,00101$
                            931 ;src/systems/hud.c:157: divisor *= 10;
   0375 69            [ 4]  932 	ld	l, c
   0376 60            [ 4]  933 	ld	h, b
   0377 29            [11]  934 	add	hl, hl
   0378 29            [11]  935 	add	hl, hl
   0379 09            [11]  936 	add	hl, bc
   037A 29            [11]  937 	add	hl, hl
   037B 4D            [ 4]  938 	ld	c, l
   037C 44            [ 4]  939 	ld	b, h
                            940 ;src/systems/hud.c:156: for (i = 1; i < digits; ++i) {
   037D 1C            [ 4]  941 	inc	e
   037E 18 EF         [12]  942 	jr	00106$
   0380                     943 00101$:
                            944 ;src/systems/hud.c:160: for (i = 0; i < digits; ++i) {
   0380 DD 36 FF 00   [19]  945 	ld	-1 (ix), #0x00
   0384                     946 00109$:
   0384 DD 7E FF      [19]  947 	ld	a, -1 (ix)
   0387 DD 96 06      [19]  948 	sub	a, 6 (ix)
   038A D2r09r04      [10]  949 	jp	NC, 00111$
                            950 ;src/systems/hud.c:161: digit = (u8)(value / divisor);
   038D C5            [11]  951 	push	bc
   038E C5            [11]  952 	push	bc
   038F DD 6E 04      [19]  953 	ld	l,4 (ix)
   0392 DD 66 05      [19]  954 	ld	h,5 (ix)
   0395 E5            [11]  955 	push	hl
   0396 CDr00r00      [17]  956 	call	__divuint
   0399 F1            [10]  957 	pop	af
   039A F1            [10]  958 	pop	af
   039B 5D            [ 4]  959 	ld	e, l
   039C C1            [10]  960 	pop	bc
                            961 ;src/systems/hud.c:162: value = (u16)(value % divisor);
   039D C5            [11]  962 	push	bc
   039E D5            [11]  963 	push	de
   039F C5            [11]  964 	push	bc
   03A0 DD 6E 04      [19]  965 	ld	l,4 (ix)
   03A3 DD 66 05      [19]  966 	ld	h,5 (ix)
   03A6 E5            [11]  967 	push	hl
   03A7 CDr00r00      [17]  968 	call	__moduint
   03AA F1            [10]  969 	pop	af
   03AB F1            [10]  970 	pop	af
   03AC D1            [10]  971 	pop	de
   03AD C1            [10]  972 	pop	bc
   03AE DD 75 04      [19]  973 	ld	4 (ix), l
   03B1 DD 74 05      [19]  974 	ld	5 (ix), h
                            975 ;src/systems/hud.c:164: pvmem = cpct_getScreenPtr(CPCT_VMEM_START, startx + (i * 8), y);
   03B4 DD 7E FF      [19]  976 	ld	a, -1 (ix)
   03B7 07            [ 4]  977 	rlca
   03B8 07            [ 4]  978 	rlca
   03B9 07            [ 4]  979 	rlca
   03BA E6 F8         [ 7]  980 	and	a, #0xf8
   03BC 57            [ 4]  981 	ld	d, a
   03BD DD 7E 07      [19]  982 	ld	a, 7 (ix)
   03C0 82            [ 4]  983 	add	a, d
   03C1 57            [ 4]  984 	ld	d, a
   03C2 C5            [11]  985 	push	bc
   03C3 D5            [11]  986 	push	de
   03C4 DD 7E 08      [19]  987 	ld	a, 8 (ix)
   03C7 F5            [11]  988 	push	af
   03C8 33            [ 6]  989 	inc	sp
   03C9 D5            [11]  990 	push	de
   03CA 33            [ 6]  991 	inc	sp
   03CB 21 00 C0      [10]  992 	ld	hl, #0xc000
   03CE E5            [11]  993 	push	hl
   03CF CDr00r00      [17]  994 	call	_cpct_getScreenPtr
   03D2 D1            [10]  995 	pop	de
   03D3 C1            [10]  996 	pop	bc
                            997 ;src/systems/hud.c:165: cpct_drawSprite((u8*)hud_get_number_sprite(digit), pvmem, 8, 8);
   03D4 E5            [11]  998 	push	hl
   03D5 C5            [11]  999 	push	bc
   03D6 7B            [ 4] 1000 	ld	a, e
   03D7 F5            [11] 1001 	push	af
   03D8 33            [ 6] 1002 	inc	sp
   03D9 CDr00r00      [17] 1003 	call	_hud_get_number_sprite
   03DC 33            [ 6] 1004 	inc	sp
   03DD EB            [ 4] 1005 	ex	de,hl
   03DE C1            [10] 1006 	pop	bc
   03DF E1            [10] 1007 	pop	hl
   03E0 D5            [11] 1008 	push	de
   03E1 FD E1         [14] 1009 	pop	iy
   03E3 C5            [11] 1010 	push	bc
   03E4 11 08 08      [10] 1011 	ld	de, #0x0808
   03E7 D5            [11] 1012 	push	de
   03E8 E5            [11] 1013 	push	hl
   03E9 FD E5         [15] 1014 	push	iy
   03EB CDr00r00      [17] 1015 	call	_cpct_drawSprite
   03EE C1            [10] 1016 	pop	bc
                           1017 ;src/systems/hud.c:167: if (divisor > 1) {
   03EF 3E 01         [ 7] 1018 	ld	a, #0x01
   03F1 B9            [ 4] 1019 	cp	a, c
   03F2 3E 00         [ 7] 1020 	ld	a, #0x00
   03F4 98            [ 4] 1021 	sbc	a, b
   03F5 30 0C         [12] 1022 	jr	NC,00110$
                           1023 ;src/systems/hud.c:168: divisor /= 10;
   03F7 21 0A 00      [10] 1024 	ld	hl, #0x000a
   03FA E5            [11] 1025 	push	hl
   03FB C5            [11] 1026 	push	bc
   03FC CDr00r00      [17] 1027 	call	__divuint
   03FF F1            [10] 1028 	pop	af
   0400 F1            [10] 1029 	pop	af
   0401 4D            [ 4] 1030 	ld	c, l
   0402 44            [ 4] 1031 	ld	b, h
   0403                    1032 00110$:
                           1033 ;src/systems/hud.c:160: for (i = 0; i < digits; ++i) {
   0403 DD 34 FF      [23] 1034 	inc	-1 (ix)
   0406 C3r84r03      [10] 1035 	jp	00109$
   0409                    1036 00111$:
   0409 33            [ 6] 1037 	inc	sp
   040A DD E1         [14] 1038 	pop	ix
   040C C9            [10] 1039 	ret
                           1040 ;src/systems/hud.c:173: void hudinit(void) {
                           1041 ;	---------------------------------
                           1042 ; Function hudinit
                           1043 ; ---------------------------------
   040D                    1044 _hudinit::
                           1045 ;src/systems/hud.c:174: currenthealth = 3;
   040D 21r00r00      [10] 1046 	ld	hl,#_currenthealth + 0
   0410 36 03         [10] 1047 	ld	(hl), #0x03
                           1048 ;src/systems/hud.c:175: currentscore  = 0;
   0412 21 00 00      [10] 1049 	ld	hl, #0x0000
   0415 22r01r00      [16] 1050 	ld	(_currentscore), hl
                           1051 ;src/systems/hud.c:176: currenttime   = 90;
   0418 21r03r00      [10] 1052 	ld	hl,#_currenttime + 0
   041B 36 5A         [10] 1053 	ld	(hl), #0x5a
                           1054 ;src/systems/hud.c:177: currentlives  = 3;
   041D 21r04r00      [10] 1055 	ld	hl,#_currentlives + 0
   0420 36 03         [10] 1056 	ld	(hl), #0x03
                           1057 ;src/systems/hud.c:178: currentweapon = 0;
   0422 21r05r00      [10] 1058 	ld	hl,#_currentweapon + 0
   0425 36 00         [10] 1059 	ld	(hl), #0x00
   0427 C9            [10] 1060 	ret
                           1061 ;src/systems/hud.c:181: void hudupdate(u8 lives, u16 score, u8 time, u8 weapon) {
                           1062 ;	---------------------------------
                           1063 ; Function hudupdate
                           1064 ; ---------------------------------
   0428                    1065 _hudupdate::
                           1066 ;src/systems/hud.c:182: currenthealth = lives;
   0428 21 02 00      [10] 1067 	ld	hl, #2+0
   042B 39            [11] 1068 	add	hl, sp
   042C 7E            [ 7] 1069 	ld	a, (hl)
   042D 32r00r00      [13] 1070 	ld	(#_currenthealth + 0),a
                           1071 ;src/systems/hud.c:183: currentscore  = score;
   0430 21 03 00      [10] 1072 	ld	hl, #3+0
   0433 39            [11] 1073 	add	hl, sp
   0434 7E            [ 7] 1074 	ld	a, (hl)
   0435 32r01r00      [13] 1075 	ld	(#_currentscore + 0),a
   0438 21 04 00      [10] 1076 	ld	hl, #3+1
   043B 39            [11] 1077 	add	hl, sp
   043C 7E            [ 7] 1078 	ld	a, (hl)
   043D 32r02r00      [13] 1079 	ld	(#_currentscore + 1),a
                           1080 ;src/systems/hud.c:184: currenttime   = time;
   0440 21 05 00      [10] 1081 	ld	hl, #5+0
   0443 39            [11] 1082 	add	hl, sp
   0444 7E            [ 7] 1083 	ld	a, (hl)
   0445 32r03r00      [13] 1084 	ld	(#_currenttime + 0),a
                           1085 ;src/systems/hud.c:185: currentlives  = lives;
   0448 21 02 00      [10] 1086 	ld	hl, #2+0
   044B 39            [11] 1087 	add	hl, sp
   044C 7E            [ 7] 1088 	ld	a, (hl)
   044D 32r04r00      [13] 1089 	ld	(#_currentlives + 0),a
                           1090 ;src/systems/hud.c:186: currentweapon = weapon;
   0450 21 06 00      [10] 1091 	ld	hl, #6+0
   0453 39            [11] 1092 	add	hl, sp
   0454 7E            [ 7] 1093 	ld	a, (hl)
   0455 32r05r00      [13] 1094 	ld	(#_currentweapon + 0),a
   0458 C9            [10] 1095 	ret
                           1096 ;src/systems/hud.c:189: void hudrender(void) {
                           1097 ;	---------------------------------
                           1098 ; Function hudrender
                           1099 ; ---------------------------------
   0459                    1100 _hudrender::
                           1101 ;src/systems/hud.c:195: for (i = 0; i < currenthealth; ++i) {
   0459 0E 00         [ 7] 1102 	ld	c, #0x00
   045B                    1103 00103$:
   045B 21r00r00      [10] 1104 	ld	hl, #_currenthealth
                           1105 ;src/systems/hud.c:196: pvmem = cpct_getScreenPtr(CPCT_VMEM_START, (i * 8), 2);
   045E 79            [ 4] 1106 	ld	a,c
   045F BE            [ 7] 1107 	cp	a,(hl)
   0460 30 24         [12] 1108 	jr	NC,00101$
   0462 07            [ 4] 1109 	rlca
   0463 07            [ 4] 1110 	rlca
   0464 07            [ 4] 1111 	rlca
   0465 E6 F8         [ 7] 1112 	and	a, #0xf8
   0467 47            [ 4] 1113 	ld	b, a
   0468 C5            [11] 1114 	push	bc
   0469 3E 02         [ 7] 1115 	ld	a, #0x02
   046B F5            [11] 1116 	push	af
   046C 33            [ 6] 1117 	inc	sp
   046D C5            [11] 1118 	push	bc
   046E 33            [ 6] 1119 	inc	sp
   046F 21 00 C0      [10] 1120 	ld	hl, #0xc000
   0472 E5            [11] 1121 	push	hl
   0473 CDr00r00      [17] 1122 	call	_cpct_getScreenPtr
   0476 11 08 08      [10] 1123 	ld	de, #0x0808
   0479 D5            [11] 1124 	push	de
   047A E5            [11] 1125 	push	hl
   047B 21r61r00      [10] 1126 	ld	hl, #_hudhealth
   047E E5            [11] 1127 	push	hl
   047F CDr00r00      [17] 1128 	call	_cpct_drawSprite
   0482 C1            [10] 1129 	pop	bc
                           1130 ;src/systems/hud.c:195: for (i = 0; i < currenthealth; ++i) {
   0483 0C            [ 4] 1131 	inc	c
   0484 18 D5         [12] 1132 	jr	00103$
   0486                    1133 00101$:
                           1134 ;src/systems/hud.c:200: scoretemp = currentscore;
   0486 2Ar01r00      [16] 1135 	ld	hl, (_currentscore)
                           1136 ;src/systems/hud.c:201: hud_draw_digits(scoretemp, 4, 24, 2);
   0489 01 18 02      [10] 1137 	ld	bc, #0x0218
   048C C5            [11] 1138 	push	bc
   048D 3E 04         [ 7] 1139 	ld	a, #0x04
   048F F5            [11] 1140 	push	af
   0490 33            [ 6] 1141 	inc	sp
   0491 E5            [11] 1142 	push	hl
   0492 CDr61r03      [17] 1143 	call	_hud_draw_digits
   0495 F1            [10] 1144 	pop	af
   0496 F1            [10] 1145 	pop	af
   0497 33            [ 6] 1146 	inc	sp
                           1147 ;src/systems/hud.c:203: timetemp = currenttime;
   0498 21r03r00      [10] 1148 	ld	hl,#_currenttime + 0
   049B 4E            [ 7] 1149 	ld	c, (hl)
                           1150 ;src/systems/hud.c:204: hud_draw_digits((u16)timetemp, 3, 56, 2);
   049C 06 00         [ 7] 1151 	ld	b, #0x00
   049E 21 38 02      [10] 1152 	ld	hl, #0x0238
   04A1 E5            [11] 1153 	push	hl
   04A2 3E 03         [ 7] 1154 	ld	a, #0x03
   04A4 F5            [11] 1155 	push	af
   04A5 33            [ 6] 1156 	inc	sp
   04A6 C5            [11] 1157 	push	bc
   04A7 CDr61r03      [17] 1158 	call	_hud_draw_digits
   04AA F1            [10] 1159 	pop	af
                           1160 ;src/systems/hud.c:206: pvmem = cpct_getScreenPtr(CPCT_VMEM_START, 2, 180);
   04AB 33            [ 6] 1161 	inc	sp
   04AC 21 02 B4      [10] 1162 	ld	hl,#0xb402
   04AF E3            [19] 1163 	ex	(sp),hl
   04B0 21 00 C0      [10] 1164 	ld	hl, #0xc000
   04B3 E5            [11] 1165 	push	hl
   04B4 CDr00r00      [17] 1166 	call	_cpct_getScreenPtr
                           1167 ;src/systems/hud.c:207: cpct_drawSprite((u8*)hudlives, pvmem, 8, 8);
   04B7 01rA1r00      [10] 1168 	ld	bc, #_hudlives+0
   04BA 11 08 08      [10] 1169 	ld	de, #0x0808
   04BD D5            [11] 1170 	push	de
   04BE E5            [11] 1171 	push	hl
   04BF C5            [11] 1172 	push	bc
   04C0 CDr00r00      [17] 1173 	call	_cpct_drawSprite
                           1174 ;src/systems/hud.c:209: pvmem = cpct_getScreenPtr(CPCT_VMEM_START, 12, 180);
   04C3 21 0C B4      [10] 1175 	ld	hl, #0xb40c
   04C6 E5            [11] 1176 	push	hl
   04C7 21 00 C0      [10] 1177 	ld	hl, #0xc000
   04CA E5            [11] 1178 	push	hl
   04CB CDr00r00      [17] 1179 	call	_cpct_getScreenPtr
                           1180 ;src/systems/hud.c:210: cpct_drawSprite((u8*)hud_get_number_sprite(currentlives % 10), pvmem, 8, 8);
   04CE E5            [11] 1181 	push	hl
   04CF 3E 0A         [ 7] 1182 	ld	a, #0x0a
   04D1 F5            [11] 1183 	push	af
   04D2 33            [ 6] 1184 	inc	sp
   04D3 3Ar04r00      [13] 1185 	ld	a, (_currentlives)
   04D6 F5            [11] 1186 	push	af
   04D7 33            [ 6] 1187 	inc	sp
   04D8 CDr00r00      [17] 1188 	call	__moduchar
   04DB F1            [10] 1189 	pop	af
   04DC 55            [ 4] 1190 	ld	d, l
   04DD D5            [11] 1191 	push	de
   04DE 33            [ 6] 1192 	inc	sp
   04DF CDr00r00      [17] 1193 	call	_hud_get_number_sprite
   04E2 33            [ 6] 1194 	inc	sp
   04E3 C1            [10] 1195 	pop	bc
   04E4 11 08 08      [10] 1196 	ld	de, #0x0808
   04E7 D5            [11] 1197 	push	de
   04E8 C5            [11] 1198 	push	bc
   04E9 E5            [11] 1199 	push	hl
   04EA CDr00r00      [17] 1200 	call	_cpct_drawSprite
                           1201 ;src/systems/hud.c:212: pvmem = cpct_getScreenPtr(CPCT_VMEM_START, 70, 180);
   04ED 21 46 B4      [10] 1202 	ld	hl, #0xb446
   04F0 E5            [11] 1203 	push	hl
   04F1 21 00 C0      [10] 1204 	ld	hl, #0xc000
   04F4 E5            [11] 1205 	push	hl
   04F5 CDr00r00      [17] 1206 	call	_cpct_getScreenPtr
                           1207 ;src/systems/hud.c:213: cpct_drawSprite((u8*)hud_get_number_sprite(currentweapon % 10), pvmem, 8, 8);
   04F8 E5            [11] 1208 	push	hl
   04F9 3E 0A         [ 7] 1209 	ld	a, #0x0a
   04FB F5            [11] 1210 	push	af
   04FC 33            [ 6] 1211 	inc	sp
   04FD 3Ar05r00      [13] 1212 	ld	a, (_currentweapon)
   0500 F5            [11] 1213 	push	af
   0501 33            [ 6] 1214 	inc	sp
   0502 CDr00r00      [17] 1215 	call	__moduchar
   0505 F1            [10] 1216 	pop	af
   0506 55            [ 4] 1217 	ld	d, l
   0507 D5            [11] 1218 	push	de
   0508 33            [ 6] 1219 	inc	sp
   0509 CDr00r00      [17] 1220 	call	_hud_get_number_sprite
   050C 33            [ 6] 1221 	inc	sp
   050D C1            [10] 1222 	pop	bc
   050E 11 08 08      [10] 1223 	ld	de, #0x0808
   0511 D5            [11] 1224 	push	de
   0512 C5            [11] 1225 	push	bc
   0513 E5            [11] 1226 	push	hl
   0514 CDr00r00      [17] 1227 	call	_cpct_drawSprite
   0517 C9            [10] 1228 	ret
                           1229 	.area _CODE
                           1230 	.area _INITIALIZER
                           1231 	.area _CABS (ABS)
