                              1 ;--------------------------------------------------------
                              2 ; File Created by SDCC : free open source ANSI-C Compiler
                              3 ; Version 3.6.8 #9946 (Mac OS X ppc)
                              4 ;--------------------------------------------------------
                              5 	.module tilemap
                              6 	.optsdcc -mz80
                              7 	
                              8 ;--------------------------------------------------------
                              9 ; Public variables in this module
                             10 ;--------------------------------------------------------
                             11 	.globl _cpct_getScreenPtr
                             12 	.globl _cpct_drawSolidBox
                             13 	.globl _tilemap_init
                             14 	.globl _tilemap_render
                             15 	.globl _tilemap_ground_y
                             16 	.globl _tilemap_platform_y_at
                             17 	.globl _tilemap_is_trap
                             18 	.globl _tilemap_is_ladder
                             19 	.globl _tilemap_is_hidden_zone
                             20 	.globl _tilemap_goal_x
                             21 ;--------------------------------------------------------
                             22 ; special function registers
                             23 ;--------------------------------------------------------
                             24 ;--------------------------------------------------------
                             25 ; ram data
                             26 ;--------------------------------------------------------
                             27 	.area _DATA
                             28 ;--------------------------------------------------------
                             29 ; ram data
                             30 ;--------------------------------------------------------
                             31 	.area _INITIALIZED
   0000                      32 _gtilegroundy:
   0000                      33 	.ds 1
   0001                      34 _gtileplatformy:
   0001                      35 	.ds 1
   0002                      36 _ggoalx:
   0002                      37 	.ds 1
                             38 ;--------------------------------------------------------
                             39 ; absolute external ram data
                             40 ;--------------------------------------------------------
                             41 	.area _DABS (ABS)
                             42 ;--------------------------------------------------------
                             43 ; global & static initialisations
                             44 ;--------------------------------------------------------
                             45 	.area _HOME
                             46 	.area _GSINIT
                             47 	.area _GSFINAL
                             48 	.area _GSINIT
                             49 ;--------------------------------------------------------
                             50 ; Home
                             51 ;--------------------------------------------------------
                             52 	.area _HOME
                             53 	.area _HOME
                             54 ;--------------------------------------------------------
                             55 ; code
                             56 ;--------------------------------------------------------
                             57 	.area _CODE
                             58 ;src/systems/tilemap.c:9: void tilemap_init(void) {
                             59 ;	---------------------------------
                             60 ; Function tilemap_init
                             61 ; ---------------------------------
   0000                      62 _tilemap_init::
                             63 ;src/systems/tilemap.c:10: if (level1tilemapheight > 2) {
   0000 2Ar00r00      [16]   64 	ld	hl, (_level1tilemapheight)
   0003 3E 02         [ 7]   65 	ld	a, #0x02
   0005 BD            [ 4]   66 	cp	a, l
   0006 3E 00         [ 7]   67 	ld	a, #0x00
   0008 9C            [ 4]   68 	sbc	a, h
   0009 30 0D         [12]   69 	jr	NC,00102$
                             70 ;src/systems/tilemap.c:11: gtilegroundy = (u8)((level1tilemapheight - 2) * 8);
   000B 7D            [ 4]   71 	ld	a, l
   000C C6 FE         [ 7]   72 	add	a, #0xfe
   000E 07            [ 4]   73 	rlca
   000F 07            [ 4]   74 	rlca
   0010 07            [ 4]   75 	rlca
   0011 E6 F8         [ 7]   76 	and	a, #0xf8
   0013 32r00r00      [13]   77 	ld	(#_gtilegroundy + 0),a
   0016 18 05         [12]   78 	jr	00103$
   0018                      79 00102$:
                             80 ;src/systems/tilemap.c:13: gtilegroundy = 160;
   0018 21r00r00      [10]   81 	ld	hl,#_gtilegroundy + 0
   001B 36 A0         [10]   82 	ld	(hl), #0xa0
   001D                      83 00103$:
                             84 ;src/systems/tilemap.c:15: gtileplatformy = (u8)(gtilegroundy - 24);
   001D 21r01r00      [10]   85 	ld	hl, #_gtileplatformy
   0020 3Ar00r00      [13]   86 	ld	a,(#_gtilegroundy + 0)
   0023 C6 E8         [ 7]   87 	add	a, #0xe8
   0025 77            [ 7]   88 	ld	(hl), a
                             89 ;src/systems/tilemap.c:16: ggoalx = 72;
   0026 21r02r00      [10]   90 	ld	hl,#_ggoalx + 0
   0029 36 48         [10]   91 	ld	(hl), #0x48
   002B C9            [10]   92 	ret
                             93 ;src/systems/tilemap.c:19: void tilemap_render(void) {
                             94 ;	---------------------------------
                             95 ; Function tilemap_render
                             96 ; ---------------------------------
   002C                      97 _tilemap_render::
                             98 ;src/systems/tilemap.c:21: pvmem = cpct_getScreenPtr(CPCT_VMEM_START, 0, gtilegroundy);
   002C 3Ar00r00      [13]   99 	ld	a, (_gtilegroundy)
   002F F5            [11]  100 	push	af
   0030 33            [ 6]  101 	inc	sp
   0031 AF            [ 4]  102 	xor	a, a
   0032 F5            [11]  103 	push	af
   0033 33            [ 6]  104 	inc	sp
   0034 21 00 C0      [10]  105 	ld	hl, #0xc000
   0037 E5            [11]  106 	push	hl
   0038 CDr00r00      [17]  107 	call	_cpct_getScreenPtr
                            108 ;src/systems/tilemap.c:22: cpct_drawSolidBox(pvmem, 0x11, 80, 8);
   003B 01 50 08      [10]  109 	ld	bc, #0x0850
   003E C5            [11]  110 	push	bc
   003F 3E 11         [ 7]  111 	ld	a, #0x11
   0041 F5            [11]  112 	push	af
   0042 33            [ 6]  113 	inc	sp
   0043 E5            [11]  114 	push	hl
   0044 CDr00r00      [17]  115 	call	_cpct_drawSolidBox
   0047 F1            [10]  116 	pop	af
   0048 F1            [10]  117 	pop	af
   0049 33            [ 6]  118 	inc	sp
                            119 ;src/systems/tilemap.c:24: pvmem = cpct_getScreenPtr(CPCT_VMEM_START, 24, gtileplatformy);
   004A 3Ar01r00      [13]  120 	ld	a, (_gtileplatformy)
   004D 57            [ 4]  121 	ld	d,a
   004E 1E 18         [ 7]  122 	ld	e,#0x18
   0050 D5            [11]  123 	push	de
   0051 21 00 C0      [10]  124 	ld	hl, #0xc000
   0054 E5            [11]  125 	push	hl
   0055 CDr00r00      [17]  126 	call	_cpct_getScreenPtr
                            127 ;src/systems/tilemap.c:25: cpct_drawSolidBox(pvmem, 0x33, 32, 4);
   0058 01 20 04      [10]  128 	ld	bc, #0x0420
   005B C5            [11]  129 	push	bc
   005C 3E 33         [ 7]  130 	ld	a, #0x33
   005E F5            [11]  131 	push	af
   005F 33            [ 6]  132 	inc	sp
   0060 E5            [11]  133 	push	hl
   0061 CDr00r00      [17]  134 	call	_cpct_drawSolidBox
   0064 F1            [10]  135 	pop	af
   0065 F1            [10]  136 	pop	af
   0066 33            [ 6]  137 	inc	sp
                            138 ;src/systems/tilemap.c:27: pvmem = cpct_getScreenPtr(CPCT_VMEM_START, 56, gtilegroundy - 2);
   0067 21r00r00      [10]  139 	ld	hl,#_gtilegroundy + 0
   006A 46            [ 7]  140 	ld	b, (hl)
   006B 05            [ 4]  141 	dec	b
   006C 05            [ 4]  142 	dec	b
   006D C5            [11]  143 	push	bc
   006E 33            [ 6]  144 	inc	sp
   006F 3E 38         [ 7]  145 	ld	a, #0x38
   0071 F5            [11]  146 	push	af
   0072 33            [ 6]  147 	inc	sp
   0073 21 00 C0      [10]  148 	ld	hl, #0xc000
   0076 E5            [11]  149 	push	hl
   0077 CDr00r00      [17]  150 	call	_cpct_getScreenPtr
                            151 ;src/systems/tilemap.c:28: cpct_drawSolidBox(pvmem, 0x66, 16, 2);
   007A 01 10 02      [10]  152 	ld	bc, #0x0210
   007D C5            [11]  153 	push	bc
   007E 3E 66         [ 7]  154 	ld	a, #0x66
   0080 F5            [11]  155 	push	af
   0081 33            [ 6]  156 	inc	sp
   0082 E5            [11]  157 	push	hl
   0083 CDr00r00      [17]  158 	call	_cpct_drawSolidBox
   0086 F1            [10]  159 	pop	af
   0087 F1            [10]  160 	pop	af
   0088 33            [ 6]  161 	inc	sp
                            162 ;src/systems/tilemap.c:30: pvmem = cpct_getScreenPtr(CPCT_VMEM_START, ggoalx, gtilegroundy - 16);
   0089 3Ar00r00      [13]  163 	ld	a,(#_gtilegroundy + 0)
   008C C6 F0         [ 7]  164 	add	a, #0xf0
   008E 47            [ 4]  165 	ld	b, a
   008F C5            [11]  166 	push	bc
   0090 33            [ 6]  167 	inc	sp
   0091 3Ar02r00      [13]  168 	ld	a, (_ggoalx)
   0094 F5            [11]  169 	push	af
   0095 33            [ 6]  170 	inc	sp
   0096 21 00 C0      [10]  171 	ld	hl, #0xc000
   0099 E5            [11]  172 	push	hl
   009A CDr00r00      [17]  173 	call	_cpct_getScreenPtr
                            174 ;src/systems/tilemap.c:31: cpct_drawSolidBox(pvmem, 0x5F, 2, 16);
   009D 01 02 10      [10]  175 	ld	bc, #0x1002
   00A0 C5            [11]  176 	push	bc
   00A1 3E 5F         [ 7]  177 	ld	a, #0x5f
   00A3 F5            [11]  178 	push	af
   00A4 33            [ 6]  179 	inc	sp
   00A5 E5            [11]  180 	push	hl
   00A6 CDr00r00      [17]  181 	call	_cpct_drawSolidBox
   00A9 F1            [10]  182 	pop	af
   00AA F1            [10]  183 	pop	af
   00AB 33            [ 6]  184 	inc	sp
   00AC C9            [10]  185 	ret
                            186 ;src/systems/tilemap.c:34: u8 tilemap_ground_y(void) {
                            187 ;	---------------------------------
                            188 ; Function tilemap_ground_y
                            189 ; ---------------------------------
   00AD                     190 _tilemap_ground_y::
                            191 ;src/systems/tilemap.c:35: return gtilegroundy;
   00AD FD 21r00r00   [14]  192 	ld	iy, #_gtilegroundy
   00B1 FD 6E 00      [19]  193 	ld	l, 0 (iy)
   00B4 C9            [10]  194 	ret
                            195 ;src/systems/tilemap.c:38: u8 tilemap_platform_y_at(i16 x) {
                            196 ;	---------------------------------
                            197 ; Function tilemap_platform_y_at
                            198 ; ---------------------------------
   00B5                     199 _tilemap_platform_y_at::
                            200 ;src/systems/tilemap.c:39: if (x >= 24 && x <= 56) {
   00B5 FD 21 02 00   [14]  201 	ld	iy, #2
   00B9 FD 39         [15]  202 	add	iy, sp
   00BB FD 7E 00      [19]  203 	ld	a, 0 (iy)
   00BE D6 18         [ 7]  204 	sub	a, #0x18
   00C0 FD 7E 01      [19]  205 	ld	a, 1 (iy)
   00C3 17            [ 4]  206 	rla
   00C4 3F            [ 4]  207 	ccf
   00C5 1F            [ 4]  208 	rra
   00C6 DE 80         [ 7]  209 	sbc	a, #0x80
   00C8 38 1A         [12]  210 	jr	C,00102$
   00CA 3E 38         [ 7]  211 	ld	a, #0x38
   00CC FD BE 00      [19]  212 	cp	a, 0 (iy)
   00CF 3E 00         [ 7]  213 	ld	a, #0x00
   00D1 FD 9E 01      [19]  214 	sbc	a, 1 (iy)
   00D4 E2rD9r00      [10]  215 	jp	PO, 00114$
   00D7 EE 80         [ 7]  216 	xor	a, #0x80
   00D9                     217 00114$:
   00D9 FArE4r00      [10]  218 	jp	M, 00102$
                            219 ;src/systems/tilemap.c:40: return gtileplatformy;
   00DC FD 21r01r00   [14]  220 	ld	iy, #_gtileplatformy
   00E0 FD 6E 00      [19]  221 	ld	l, 0 (iy)
   00E3 C9            [10]  222 	ret
   00E4                     223 00102$:
                            224 ;src/systems/tilemap.c:42: return 255;
   00E4 2E FF         [ 7]  225 	ld	l, #0xff
   00E6 C9            [10]  226 	ret
                            227 ;src/systems/tilemap.c:45: u8 tilemap_is_trap(i16 x, i16 y, u8 w, u8 h) {
                            228 ;	---------------------------------
                            229 ; Function tilemap_is_trap
                            230 ; ---------------------------------
   00E7                     231 _tilemap_is_trap::
   00E7 DD E5         [15]  232 	push	ix
   00E9 DD 21 00 00   [14]  233 	ld	ix,#0
   00ED DD 39         [15]  234 	add	ix,sp
   00EF F5            [11]  235 	push	af
                            236 ;src/systems/tilemap.c:50: left = x;
   00F0 DD 4E 04      [19]  237 	ld	c,4 (ix)
   00F3 DD 46 05      [19]  238 	ld	b,5 (ix)
                            239 ;src/systems/tilemap.c:51: right = x + (i16)w;
   00F6 DD 6E 08      [19]  240 	ld	l, 8 (ix)
   00F9 26 00         [ 7]  241 	ld	h, #0x00
   00FB 09            [11]  242 	add	hl, bc
   00FC 33            [ 6]  243 	inc	sp
   00FD 33            [ 6]  244 	inc	sp
   00FE E5            [11]  245 	push	hl
                            246 ;src/systems/tilemap.c:52: feet = y + (i16)h;
   00FF DD 5E 09      [19]  247 	ld	e, 9 (ix)
   0102 16 00         [ 7]  248 	ld	d, #0x00
   0104 DD 6E 06      [19]  249 	ld	l,6 (ix)
   0107 DD 66 07      [19]  250 	ld	h,7 (ix)
   010A 19            [11]  251 	add	hl, de
   010B EB            [ 4]  252 	ex	de,hl
                            253 ;src/systems/tilemap.c:54: if (feet >= (i16)gtilegroundy - 2 && left < 72 && right > 56) {
   010C FD 21r00r00   [14]  254 	ld	iy, #_gtilegroundy
   0110 FD 6E 00      [19]  255 	ld	l, 0 (iy)
   0113 26 00         [ 7]  256 	ld	h, #0x00
   0115 2B            [ 6]  257 	dec	hl
   0116 2B            [ 6]  258 	dec	hl
   0117 7B            [ 4]  259 	ld	a, e
   0118 95            [ 4]  260 	sub	a, l
   0119 7A            [ 4]  261 	ld	a, d
   011A 9C            [ 4]  262 	sbc	a, h
   011B E2r20r01      [10]  263 	jp	PO, 00119$
   011E EE 80         [ 7]  264 	xor	a, #0x80
   0120                     265 00119$:
   0120 FAr44r01      [10]  266 	jp	M, 00102$
   0123 79            [ 4]  267 	ld	a, c
   0124 D6 48         [ 7]  268 	sub	a, #0x48
   0126 78            [ 4]  269 	ld	a, b
   0127 17            [ 4]  270 	rla
   0128 3F            [ 4]  271 	ccf
   0129 1F            [ 4]  272 	rra
   012A DE 80         [ 7]  273 	sbc	a, #0x80
   012C 30 16         [12]  274 	jr	NC,00102$
   012E 3E 38         [ 7]  275 	ld	a, #0x38
   0130 DD BE FE      [19]  276 	cp	a, -2 (ix)
   0133 3E 00         [ 7]  277 	ld	a, #0x00
   0135 DD 9E FF      [19]  278 	sbc	a, -1 (ix)
   0138 E2r3Dr01      [10]  279 	jp	PO, 00120$
   013B EE 80         [ 7]  280 	xor	a, #0x80
   013D                     281 00120$:
   013D F2r44r01      [10]  282 	jp	P, 00102$
                            283 ;src/systems/tilemap.c:55: return 1;
   0140 2E 01         [ 7]  284 	ld	l, #0x01
   0142 18 02         [12]  285 	jr	00105$
   0144                     286 00102$:
                            287 ;src/systems/tilemap.c:57: return 0;
   0144 2E 00         [ 7]  288 	ld	l, #0x00
   0146                     289 00105$:
   0146 DD F9         [10]  290 	ld	sp, ix
   0148 DD E1         [14]  291 	pop	ix
   014A C9            [10]  292 	ret
                            293 ;src/systems/tilemap.c:60: u8 tilemap_is_ladder(i16 x, i16 y, u8 w, u8 h) {
                            294 ;	---------------------------------
                            295 ; Function tilemap_is_ladder
                            296 ; ---------------------------------
   014B                     297 _tilemap_is_ladder::
                            298 ;src/systems/tilemap.c:65: return 0;
   014B 2E 00         [ 7]  299 	ld	l, #0x00
   014D C9            [10]  300 	ret
                            301 ;src/systems/tilemap.c:68: u8 tilemap_is_hidden_zone(i16 x, i16 y, u8 w, u8 h) {
                            302 ;	---------------------------------
                            303 ; Function tilemap_is_hidden_zone
                            304 ; ---------------------------------
   014E                     305 _tilemap_is_hidden_zone::
                            306 ;src/systems/tilemap.c:73: return 0;
   014E 2E 00         [ 7]  307 	ld	l, #0x00
   0150 C9            [10]  308 	ret
                            309 ;src/systems/tilemap.c:76: u8 tilemap_goal_x(void) {
                            310 ;	---------------------------------
                            311 ; Function tilemap_goal_x
                            312 ; ---------------------------------
   0151                     313 _tilemap_goal_x::
                            314 ;src/systems/tilemap.c:77: return ggoalx;
   0151 FD 21r02r00   [14]  315 	ld	iy, #_ggoalx
   0155 FD 6E 00      [19]  316 	ld	l, 0 (iy)
   0158 C9            [10]  317 	ret
                            318 	.area _CODE
                            319 	.area _INITIALIZER
   0000                     320 __xinit__gtilegroundy:
   0000 A0                  321 	.db #0xa0	; 160
   0001                     322 __xinit__gtileplatformy:
   0001 80                  323 	.db #0x80	; 128
   0002                     324 __xinit__ggoalx:
   0002 48                  325 	.db #0x48	; 72	'H'
                            326 	.area _CABS (ABS)
