                              1 ;--------------------------------------------------------
                              2 ; File Created by SDCC : free open source ANSI-C Compiler
                              3 ; Version 3.6.8 #9946 (Mac OS X ppc)
                              4 ;--------------------------------------------------------
                              5 	.module player
                              6 	.optsdcc -mz80
                              7 	
                              8 ;--------------------------------------------------------
                              9 ; Public variables in this module
                             10 ;--------------------------------------------------------
                             11 	.globl _collision_clamp_y_at
                             12 	.globl _collision_is_on_ground_at
                             13 	.globl _input_is_jump_just_pressed
                             14 	.globl _input_is_jump_pressed
                             15 	.globl _input_is_right_pressed
                             16 	.globl _input_is_left_pressed
                             17 	.globl _cpct_getScreenPtr
                             18 	.globl _cpct_drawSprite
                             19 	.globl _playerinit
                             20 	.globl _playerupdate
                             21 	.globl _playerrender
                             22 	.globl _player_get_health
                             23 	.globl _player_get_weapon
                             24 ;--------------------------------------------------------
                             25 ; special function registers
                             26 ;--------------------------------------------------------
                             27 ;--------------------------------------------------------
                             28 ; ram data
                             29 ;--------------------------------------------------------
                             30 	.area _DATA
                             31 ;--------------------------------------------------------
                             32 ; ram data
                             33 ;--------------------------------------------------------
                             34 	.area _INITIALIZED
                             35 ;--------------------------------------------------------
                             36 ; absolute external ram data
                             37 ;--------------------------------------------------------
                             38 	.area _DABS (ABS)
                             39 ;--------------------------------------------------------
                             40 ; global & static initialisations
                             41 ;--------------------------------------------------------
                             42 	.area _HOME
                             43 	.area _GSINIT
                             44 	.area _GSFINAL
                             45 	.area _GSINIT
                             46 ;--------------------------------------------------------
                             47 ; Home
                             48 ;--------------------------------------------------------
                             49 	.area _HOME
                             50 	.area _HOME
                             51 ;--------------------------------------------------------
                             52 ; code
                             53 ;--------------------------------------------------------
                             54 	.area _CODE
                             55 ;src/entities/player.c:27: void playerinit(Player* player) {
                             56 ;	---------------------------------
                             57 ; Function playerinit
                             58 ; ---------------------------------
   0000                      59 _playerinit::
                             60 ;src/entities/player.c:28: if (!player) {
   0000 21 03 00      [10]   61 	ld	hl, #2+1
   0003 39            [11]   62 	add	hl, sp
   0004 7E            [ 7]   63 	ld	a, (hl)
   0005 2B            [ 6]   64 	dec	hl
   0006 B6            [ 7]   65 	or	a,(hl)
                             66 ;src/entities/player.c:29: return;
   0007 C8            [11]   67 	ret	Z
                             68 ;src/entities/player.c:32: player->x = 20;
   0008 D1            [10]   69 	pop	de
   0009 C1            [10]   70 	pop	bc
   000A C5            [11]   71 	push	bc
   000B D5            [11]   72 	push	de
   000C 3E 14         [ 7]   73 	ld	a, #0x14
   000E 02            [ 7]   74 	ld	(bc), a
                             75 ;src/entities/player.c:33: player->y = 120;
   000F 69            [ 4]   76 	ld	l, c
   0010 60            [ 4]   77 	ld	h, b
   0011 23            [ 6]   78 	inc	hl
   0012 36 78         [10]   79 	ld	(hl), #0x78
                             80 ;src/entities/player.c:34: player->vx = 0;
   0014 59            [ 4]   81 	ld	e, c
   0015 50            [ 4]   82 	ld	d, b
   0016 13            [ 6]   83 	inc	de
   0017 13            [ 6]   84 	inc	de
   0018 AF            [ 4]   85 	xor	a, a
   0019 12            [ 7]   86 	ld	(de), a
                             87 ;src/entities/player.c:35: player->vy = 0;
   001A 59            [ 4]   88 	ld	e, c
   001B 50            [ 4]   89 	ld	d, b
   001C 13            [ 6]   90 	inc	de
   001D 13            [ 6]   91 	inc	de
   001E 13            [ 6]   92 	inc	de
   001F AF            [ 4]   93 	xor	a, a
   0020 12            [ 7]   94 	ld	(de), a
                             95 ;src/entities/player.c:36: player->w = 4;
   0021 21 04 00      [10]   96 	ld	hl, #0x0004
   0024 09            [11]   97 	add	hl, bc
   0025 36 04         [10]   98 	ld	(hl), #0x04
                             99 ;src/entities/player.c:37: player->h = 16;
   0027 21 05 00      [10]  100 	ld	hl, #0x0005
   002A 09            [11]  101 	add	hl, bc
   002B 36 10         [10]  102 	ld	(hl), #0x10
                            103 ;src/entities/player.c:38: player->health = 3;
   002D 21 06 00      [10]  104 	ld	hl, #0x0006
   0030 09            [11]  105 	add	hl, bc
   0031 36 03         [10]  106 	ld	(hl), #0x03
                            107 ;src/entities/player.c:39: player->weapon = 0;
   0033 21 07 00      [10]  108 	ld	hl, #0x0007
   0036 09            [11]  109 	add	hl, bc
   0037 36 00         [10]  110 	ld	(hl), #0x00
                            111 ;src/entities/player.c:40: player->facing_left = 0;
   0039 21 08 00      [10]  112 	ld	hl, #0x0008
   003C 09            [11]  113 	add	hl, bc
   003D 36 00         [10]  114 	ld	(hl), #0x00
                            115 ;src/entities/player.c:41: player->jump_hold = 0;
   003F 21 09 00      [10]  116 	ld	hl, #0x0009
   0042 09            [11]  117 	add	hl, bc
   0043 36 00         [10]  118 	ld	(hl), #0x00
   0045 C9            [10]  119 	ret
   0046                     120 _player_sprite:
   0046 F0                  121 	.db #0xf0	; 240
   0047 F0                  122 	.db #0xf0	; 240
   0048 F0                  123 	.db #0xf0	; 240
   0049 F0                  124 	.db #0xf0	; 240
   004A F0                  125 	.db #0xf0	; 240
   004B 00                  126 	.db #0x00	; 0
   004C F0                  127 	.db #0xf0	; 240
   004D F0                  128 	.db #0xf0	; 240
   004E F0                  129 	.db #0xf0	; 240
   004F 00                  130 	.db #0x00	; 0
   0050 F0                  131 	.db #0xf0	; 240
   0051 F0                  132 	.db #0xf0	; 240
   0052 F0                  133 	.db #0xf0	; 240
   0053 00                  134 	.db #0x00	; 0
   0054 F0                  135 	.db #0xf0	; 240
   0055 F0                  136 	.db #0xf0	; 240
   0056 F0                  137 	.db #0xf0	; 240
   0057 00                  138 	.db #0x00	; 0
   0058 F0                  139 	.db #0xf0	; 240
   0059 F0                  140 	.db #0xf0	; 240
   005A F0                  141 	.db #0xf0	; 240
   005B 00                  142 	.db #0x00	; 0
   005C F0                  143 	.db #0xf0	; 240
   005D F0                  144 	.db #0xf0	; 240
   005E F0                  145 	.db #0xf0	; 240
   005F 00                  146 	.db #0x00	; 0
   0060 F0                  147 	.db #0xf0	; 240
   0061 F0                  148 	.db #0xf0	; 240
   0062 F0                  149 	.db #0xf0	; 240
   0063 00                  150 	.db #0x00	; 0
   0064 F0                  151 	.db #0xf0	; 240
   0065 F0                  152 	.db #0xf0	; 240
   0066 F0                  153 	.db #0xf0	; 240
   0067 F0                  154 	.db #0xf0	; 240
   0068 F0                  155 	.db #0xf0	; 240
   0069 F0                  156 	.db #0xf0	; 240
   006A F0                  157 	.db #0xf0	; 240
   006B 00                  158 	.db #0x00	; 0
   006C F0                  159 	.db #0xf0	; 240
   006D F0                  160 	.db #0xf0	; 240
   006E F0                  161 	.db #0xf0	; 240
   006F 00                  162 	.db #0x00	; 0
   0070 F0                  163 	.db #0xf0	; 240
   0071 F0                  164 	.db #0xf0	; 240
   0072 F0                  165 	.db #0xf0	; 240
   0073 00                  166 	.db #0x00	; 0
   0074 F0                  167 	.db #0xf0	; 240
   0075 F0                  168 	.db #0xf0	; 240
   0076 F0                  169 	.db #0xf0	; 240
   0077 00                  170 	.db #0x00	; 0
   0078 F0                  171 	.db #0xf0	; 240
   0079 F0                  172 	.db #0xf0	; 240
   007A F0                  173 	.db #0xf0	; 240
   007B 00                  174 	.db #0x00	; 0
   007C F0                  175 	.db #0xf0	; 240
   007D F0                  176 	.db #0xf0	; 240
   007E F0                  177 	.db #0xf0	; 240
   007F 00                  178 	.db #0x00	; 0
   0080 F0                  179 	.db #0xf0	; 240
   0081 F0                  180 	.db #0xf0	; 240
   0082 F0                  181 	.db #0xf0	; 240
   0083 F0                  182 	.db #0xf0	; 240
   0084 F0                  183 	.db #0xf0	; 240
   0085 F0                  184 	.db #0xf0	; 240
                            185 ;src/entities/player.c:44: void playerupdate(Player* player) {
                            186 ;	---------------------------------
                            187 ; Function playerupdate
                            188 ; ---------------------------------
   0086                     189 _playerupdate::
   0086 DD E5         [15]  190 	push	ix
   0088 DD 21 00 00   [14]  191 	ld	ix,#0
   008C DD 39         [15]  192 	add	ix,sp
   008E 21 F2 FF      [10]  193 	ld	hl, #-14
   0091 39            [11]  194 	add	hl, sp
   0092 F9            [ 6]  195 	ld	sp, hl
                            196 ;src/entities/player.c:48: if (!player) {
   0093 DD 7E 05      [19]  197 	ld	a, 5 (ix)
   0096 DD B6 04      [19]  198 	or	a,4 (ix)
                            199 ;src/entities/player.c:49: return;
   0099 CArCDr02      [10]  200 	jp	Z,00141$
                            201 ;src/entities/player.c:52: if (input_is_left_pressed()) {
   009C CDr00r00      [17]  202 	call	_input_is_left_pressed
                            203 ;src/entities/player.c:53: player->vx = (i8)(player->vx - kplayeracceleration);
   009F DD 4E 04      [19]  204 	ld	c,4 (ix)
   00A2 DD 46 05      [19]  205 	ld	b,5 (ix)
   00A5 59            [ 4]  206 	ld	e, c
   00A6 50            [ 4]  207 	ld	d, b
   00A7 13            [ 6]  208 	inc	de
   00A8 13            [ 6]  209 	inc	de
                            210 ;src/entities/player.c:54: player->facing_left = 1;
   00A9 79            [ 4]  211 	ld	a, c
   00AA C6 08         [ 7]  212 	add	a, #0x08
   00AC DD 77 FD      [19]  213 	ld	-3 (ix), a
   00AF 78            [ 4]  214 	ld	a, b
   00B0 CE 00         [ 7]  215 	adc	a, #0x00
   00B2 DD 77 FE      [19]  216 	ld	-2 (ix), a
                            217 ;src/entities/player.c:52: if (input_is_left_pressed()) {
   00B5 7D            [ 4]  218 	ld	a, l
   00B6 B7            [ 4]  219 	or	a, a
   00B7 28 0E         [12]  220 	jr	Z,00116$
                            221 ;src/entities/player.c:53: player->vx = (i8)(player->vx - kplayeracceleration);
   00B9 1A            [ 7]  222 	ld	a, (de)
   00BA C6 FF         [ 7]  223 	add	a, #0xff
   00BC 12            [ 7]  224 	ld	(de), a
                            225 ;src/entities/player.c:54: player->facing_left = 1;
   00BD DD 6E FD      [19]  226 	ld	l,-3 (ix)
   00C0 DD 66 FE      [19]  227 	ld	h,-2 (ix)
   00C3 36 01         [10]  228 	ld	(hl), #0x01
   00C5 18 55         [12]  229 	jr	00117$
   00C7                     230 00116$:
                            231 ;src/entities/player.c:55: } else if (input_is_right_pressed()) {
   00C7 C5            [11]  232 	push	bc
   00C8 D5            [11]  233 	push	de
   00C9 CDr00r00      [17]  234 	call	_input_is_right_pressed
   00CC DD 75 FF      [19]  235 	ld	-1 (ix), l
   00CF D1            [10]  236 	pop	de
   00D0 C1            [10]  237 	pop	bc
                            238 ;src/entities/player.c:66: if (player->vx > kplayermovespeed) player->vx = kplayermovespeed;
   00D1 1A            [ 7]  239 	ld	a, (de)
                            240 ;src/entities/player.c:56: player->vx = (i8)(player->vx + kplayeracceleration);
   00D2 6F            [ 4]  241 	ld	l,a
   00D3 3C            [ 4]  242 	inc	a
   00D4 DD 77 FC      [19]  243 	ld	-4 (ix), a
                            244 ;src/entities/player.c:55: } else if (input_is_right_pressed()) {
   00D7 DD 7E FF      [19]  245 	ld	a, -1 (ix)
   00DA B7            [ 4]  246 	or	a, a
   00DB 28 0E         [12]  247 	jr	Z,00113$
                            248 ;src/entities/player.c:56: player->vx = (i8)(player->vx + kplayeracceleration);
   00DD DD 7E FC      [19]  249 	ld	a, -4 (ix)
   00E0 12            [ 7]  250 	ld	(de), a
                            251 ;src/entities/player.c:57: player->facing_left = 0;
   00E1 DD 6E FD      [19]  252 	ld	l,-3 (ix)
   00E4 DD 66 FE      [19]  253 	ld	h,-2 (ix)
   00E7 36 00         [10]  254 	ld	(hl), #0x00
   00E9 18 31         [12]  255 	jr	00117$
   00EB                     256 00113$:
                            257 ;src/entities/player.c:58: } else if (player->vx > 0) {
   00EB AF            [ 4]  258 	xor	a, a
   00EC 95            [ 4]  259 	sub	a, l
   00ED E2rF2r00      [10]  260 	jp	PO, 00223$
   00F0 EE 80         [ 7]  261 	xor	a, #0x80
   00F2                     262 00223$:
   00F2 F2r06r01      [10]  263 	jp	P, 00110$
                            264 ;src/entities/player.c:59: player->vx = (i8)(player->vx - kplayerdeceleration);
   00F5 7D            [ 4]  265 	ld	a, l
   00F6 C6 FF         [ 7]  266 	add	a, #0xff
   00F8 DD 77 FF      [19]  267 	ld	-1 (ix), a
   00FB 12            [ 7]  268 	ld	(de),a
                            269 ;src/entities/player.c:60: if (player->vx < 0) player->vx = 0;
   00FC DD CB FF 7E   [20]  270 	bit	7, -1 (ix)
   0100 28 1A         [12]  271 	jr	Z,00117$
   0102 AF            [ 4]  272 	xor	a, a
   0103 12            [ 7]  273 	ld	(de), a
   0104 18 16         [12]  274 	jr	00117$
   0106                     275 00110$:
                            276 ;src/entities/player.c:61: } else if (player->vx < 0) {
   0106 CB 7D         [ 8]  277 	bit	7, l
   0108 28 12         [12]  278 	jr	Z,00117$
                            279 ;src/entities/player.c:62: player->vx = (i8)(player->vx + kplayerdeceleration);
   010A DD 7E FC      [19]  280 	ld	a, -4 (ix)
   010D 12            [ 7]  281 	ld	(de), a
                            282 ;src/entities/player.c:63: if (player->vx > 0) player->vx = 0;
   010E AF            [ 4]  283 	xor	a, a
   010F DD 96 FC      [19]  284 	sub	a, -4 (ix)
   0112 E2r17r01      [10]  285 	jp	PO, 00224$
   0115 EE 80         [ 7]  286 	xor	a, #0x80
   0117                     287 00224$:
   0117 F2r1Cr01      [10]  288 	jp	P, 00117$
   011A AF            [ 4]  289 	xor	a, a
   011B 12            [ 7]  290 	ld	(de), a
   011C                     291 00117$:
                            292 ;src/entities/player.c:66: if (player->vx > kplayermovespeed) player->vx = kplayermovespeed;
   011C 1A            [ 7]  293 	ld	a, (de)
   011D 6F            [ 4]  294 	ld	l, a
   011E 3E 03         [ 7]  295 	ld	a, #0x03
   0120 95            [ 4]  296 	sub	a, l
   0121 E2r26r01      [10]  297 	jp	PO, 00225$
   0124 EE 80         [ 7]  298 	xor	a, #0x80
   0126                     299 00225$:
   0126 F2r2Cr01      [10]  300 	jp	P, 00119$
   0129 3E 03         [ 7]  301 	ld	a, #0x03
   012B 12            [ 7]  302 	ld	(de), a
   012C                     303 00119$:
                            304 ;src/entities/player.c:67: if (player->vx < -kplayermovespeed) player->vx = -kplayermovespeed;
   012C 1A            [ 7]  305 	ld	a, (de)
   012D EE 80         [ 7]  306 	xor	a, #0x80
   012F D6 7D         [ 7]  307 	sub	a, #0x7d
   0131 30 03         [12]  308 	jr	NC,00121$
   0133 3E FD         [ 7]  309 	ld	a, #0xfd
   0135 12            [ 7]  310 	ld	(de), a
   0136                     311 00121$:
                            312 ;src/entities/player.c:69: if (input_is_jump_just_pressed() && collision_is_on_ground_at((i16)player->x, (i16)player->y, player->h)) {
   0136 C5            [11]  313 	push	bc
   0137 D5            [11]  314 	push	de
   0138 CDr00r00      [17]  315 	call	_input_is_jump_just_pressed
   013B DD 75 FC      [19]  316 	ld	-4 (ix), l
   013E D1            [10]  317 	pop	de
   013F C1            [10]  318 	pop	bc
   0140 21 05 00      [10]  319 	ld	hl, #0x0005
   0143 09            [11]  320 	add	hl,bc
   0144 DD 75 FD      [19]  321 	ld	-3 (ix), l
   0147 DD 74 FE      [19]  322 	ld	-2 (ix), h
   014A 21 01 00      [10]  323 	ld	hl, #0x0001
   014D 09            [11]  324 	add	hl,bc
   014E DD 75 FA      [19]  325 	ld	-6 (ix), l
   0151 DD 74 FB      [19]  326 	ld	-5 (ix), h
                            327 ;src/entities/player.c:70: player->vy = kplayerjumpvelocity;
   0154 21 03 00      [10]  328 	ld	hl, #0x0003
   0157 09            [11]  329 	add	hl,bc
   0158 DD 75 F8      [19]  330 	ld	-8 (ix), l
   015B DD 74 F9      [19]  331 	ld	-7 (ix), h
                            332 ;src/entities/player.c:71: player->jump_hold = 5;
   015E 21 09 00      [10]  333 	ld	hl, #0x0009
   0161 09            [11]  334 	add	hl,bc
   0162 DD 75 F6      [19]  335 	ld	-10 (ix), l
   0165 DD 74 F7      [19]  336 	ld	-9 (ix), h
                            337 ;src/entities/player.c:69: if (input_is_jump_just_pressed() && collision_is_on_ground_at((i16)player->x, (i16)player->y, player->h)) {
   0168 DD 7E FC      [19]  338 	ld	a, -4 (ix)
   016B B7            [ 4]  339 	or	a, a
   016C 28 4E         [12]  340 	jr	Z,00123$
   016E DD 6E FD      [19]  341 	ld	l,-3 (ix)
   0171 DD 66 FE      [19]  342 	ld	h,-2 (ix)
   0174 7E            [ 7]  343 	ld	a, (hl)
   0175 DD 6E FA      [19]  344 	ld	l,-6 (ix)
   0178 DD 66 FB      [19]  345 	ld	h,-5 (ix)
   017B 6E            [ 7]  346 	ld	l, (hl)
   017C DD 75 F4      [19]  347 	ld	-12 (ix), l
   017F DD 36 F5 00   [19]  348 	ld	-11 (ix), #0x00
   0183 F5            [11]  349 	push	af
   0184 0A            [ 7]  350 	ld	a, (bc)
   0185 6F            [ 4]  351 	ld	l, a
   0186 F1            [10]  352 	pop	af
   0187 DD 75 F2      [19]  353 	ld	-14 (ix), l
   018A DD 36 F3 00   [19]  354 	ld	-13 (ix), #0x00
   018E C5            [11]  355 	push	bc
   018F D5            [11]  356 	push	de
   0190 F5            [11]  357 	push	af
   0191 33            [ 6]  358 	inc	sp
   0192 DD 6E F4      [19]  359 	ld	l,-12 (ix)
   0195 DD 66 F5      [19]  360 	ld	h,-11 (ix)
   0198 E5            [11]  361 	push	hl
   0199 DD 6E F2      [19]  362 	ld	l,-14 (ix)
   019C DD 66 F3      [19]  363 	ld	h,-13 (ix)
   019F E5            [11]  364 	push	hl
   01A0 CDr00r00      [17]  365 	call	_collision_is_on_ground_at
   01A3 F1            [10]  366 	pop	af
   01A4 F1            [10]  367 	pop	af
   01A5 33            [ 6]  368 	inc	sp
   01A6 D1            [10]  369 	pop	de
   01A7 C1            [10]  370 	pop	bc
   01A8 7D            [ 4]  371 	ld	a, l
   01A9 B7            [ 4]  372 	or	a, a
   01AA 28 10         [12]  373 	jr	Z,00123$
                            374 ;src/entities/player.c:70: player->vy = kplayerjumpvelocity;
   01AC DD 6E F8      [19]  375 	ld	l,-8 (ix)
   01AF DD 66 F9      [19]  376 	ld	h,-7 (ix)
   01B2 36 FA         [10]  377 	ld	(hl), #0xfa
                            378 ;src/entities/player.c:71: player->jump_hold = 5;
   01B4 DD 6E F6      [19]  379 	ld	l,-10 (ix)
   01B7 DD 66 F7      [19]  380 	ld	h,-9 (ix)
   01BA 36 05         [10]  381 	ld	(hl), #0x05
   01BC                     382 00123$:
                            383 ;src/entities/player.c:74: if (input_is_jump_pressed() && player->jump_hold && player->vy < 0) {
   01BC C5            [11]  384 	push	bc
   01BD D5            [11]  385 	push	de
   01BE CDr00r00      [17]  386 	call	_input_is_jump_pressed
   01C1 7D            [ 4]  387 	ld	a, l
   01C2 D1            [10]  388 	pop	de
   01C3 C1            [10]  389 	pop	bc
   01C4 B7            [ 4]  390 	or	a, a
   01C5 28 31         [12]  391 	jr	Z,00126$
   01C7 DD 6E F6      [19]  392 	ld	l,-10 (ix)
   01CA DD 66 F7      [19]  393 	ld	h,-9 (ix)
   01CD 7E            [ 7]  394 	ld	a, (hl)
   01CE B7            [ 4]  395 	or	a, a
   01CF 28 27         [12]  396 	jr	Z,00126$
   01D1 DD 6E F8      [19]  397 	ld	l,-8 (ix)
   01D4 DD 66 F9      [19]  398 	ld	h,-7 (ix)
   01D7 6E            [ 7]  399 	ld	l, (hl)
   01D8 CB 7D         [ 8]  400 	bit	7, l
   01DA 28 1C         [12]  401 	jr	Z,00126$
                            402 ;src/entities/player.c:75: player->vy = (i8)(player->vy + kplayerjumpboost);
   01DC 7D            [ 4]  403 	ld	a, l
   01DD C6 FF         [ 7]  404 	add	a, #0xff
   01DF DD 6E F8      [19]  405 	ld	l,-8 (ix)
   01E2 DD 66 F9      [19]  406 	ld	h,-7 (ix)
   01E5 77            [ 7]  407 	ld	(hl), a
                            408 ;src/entities/player.c:76: player->jump_hold--;
   01E6 DD 6E F6      [19]  409 	ld	l,-10 (ix)
   01E9 DD 66 F7      [19]  410 	ld	h,-9 (ix)
   01EC 7E            [ 7]  411 	ld	a, (hl)
   01ED C6 FF         [ 7]  412 	add	a, #0xff
   01EF DD 6E F6      [19]  413 	ld	l,-10 (ix)
   01F2 DD 66 F7      [19]  414 	ld	h,-9 (ix)
   01F5 77            [ 7]  415 	ld	(hl), a
   01F6 18 08         [12]  416 	jr	00127$
   01F8                     417 00126$:
                            418 ;src/entities/player.c:78: player->jump_hold = 0;
   01F8 DD 6E F6      [19]  419 	ld	l,-10 (ix)
   01FB DD 66 F7      [19]  420 	ld	h,-9 (ix)
   01FE 36 00         [10]  421 	ld	(hl), #0x00
   0200                     422 00127$:
                            423 ;src/entities/player.c:81: player->vy = (i8)(player->vy + kplayergravity);
   0200 DD 6E F8      [19]  424 	ld	l,-8 (ix)
   0203 DD 66 F9      [19]  425 	ld	h,-7 (ix)
   0206 7E            [ 7]  426 	ld	a, (hl)
   0207 3C            [ 4]  427 	inc	a
   0208 DD 77 F2      [19]  428 	ld	-14 (ix), a
   020B DD 6E F8      [19]  429 	ld	l,-8 (ix)
   020E DD 66 F9      [19]  430 	ld	h,-7 (ix)
   0211 DD 7E F2      [19]  431 	ld	a, -14 (ix)
   0214 77            [ 7]  432 	ld	(hl), a
                            433 ;src/entities/player.c:82: if (player->vy > kplayermaxfall) player->vy = kplayermaxfall;
   0215 3E 04         [ 7]  434 	ld	a, #0x04
   0217 DD 96 F2      [19]  435 	sub	a, -14 (ix)
   021A E2r1Fr02      [10]  436 	jp	PO, 00226$
   021D EE 80         [ 7]  437 	xor	a, #0x80
   021F                     438 00226$:
   021F F2r2Ar02      [10]  439 	jp	P, 00131$
   0222 DD 6E F8      [19]  440 	ld	l,-8 (ix)
   0225 DD 66 F9      [19]  441 	ld	h,-7 (ix)
   0228 36 04         [10]  442 	ld	(hl), #0x04
   022A                     443 00131$:
                            444 ;src/entities/player.c:84: nextx = (i16)player->x + (i16)player->vx;
   022A 0A            [ 7]  445 	ld	a, (bc)
   022B DD 77 F2      [19]  446 	ld	-14 (ix), a
   022E DD 36 F3 00   [19]  447 	ld	-13 (ix), #0x00
   0232 1A            [ 7]  448 	ld	a, (de)
   0233 5F            [ 4]  449 	ld	e, a
   0234 17            [ 4]  450 	rla
   0235 9F            [ 4]  451 	sbc	a, a
   0236 57            [ 4]  452 	ld	d, a
   0237 E1            [10]  453 	pop	hl
   0238 E5            [11]  454 	push	hl
   0239 19            [11]  455 	add	hl, de
                            456 ;src/entities/player.c:85: if (nextx < 0) {
   023A CB 7C         [ 8]  457 	bit	7, h
   023C 28 03         [12]  458 	jr	Z,00133$
                            459 ;src/entities/player.c:86: nextx = 0;
   023E 21 00 00      [10]  460 	ld	hl, #0x0000
   0241                     461 00133$:
                            462 ;src/entities/player.c:88: if (nextx > 76) {
   0241 3E 4C         [ 7]  463 	ld	a, #0x4c
   0243 BD            [ 4]  464 	cp	a, l
   0244 3E 00         [ 7]  465 	ld	a, #0x00
   0246 9C            [ 4]  466 	sbc	a, h
   0247 E2r4Cr02      [10]  467 	jp	PO, 00227$
   024A EE 80         [ 7]  468 	xor	a, #0x80
   024C                     469 00227$:
   024C F2r52r02      [10]  470 	jp	P, 00135$
                            471 ;src/entities/player.c:89: nextx = 76;
   024F 21 4C 00      [10]  472 	ld	hl, #0x004c
   0252                     473 00135$:
                            474 ;src/entities/player.c:91: player->x = (u8)nextx;
   0252 DD 75 F2      [19]  475 	ld	-14 (ix), l
   0255 7D            [ 4]  476 	ld	a, l
   0256 02            [ 7]  477 	ld	(bc), a
                            478 ;src/entities/player.c:93: nexty = (i16)player->y + (i16)player->vy;
   0257 DD 6E FA      [19]  479 	ld	l,-6 (ix)
   025A DD 66 FB      [19]  480 	ld	h,-5 (ix)
   025D 5E            [ 7]  481 	ld	e, (hl)
   025E 16 00         [ 7]  482 	ld	d, #0x00
   0260 DD 6E F8      [19]  483 	ld	l,-8 (ix)
   0263 DD 66 F9      [19]  484 	ld	h,-7 (ix)
   0266 6E            [ 7]  485 	ld	l, (hl)
   0267 7D            [ 4]  486 	ld	a, l
   0268 17            [ 4]  487 	rla
   0269 9F            [ 4]  488 	sbc	a, a
   026A 67            [ 4]  489 	ld	h, a
   026B 19            [11]  490 	add	hl, de
   026C E5            [11]  491 	push	hl
   026D FD E1         [14]  492 	pop	iy
                            493 ;src/entities/player.c:94: nexty = collision_clamp_y_at((i16)player->x, nexty, player->h);
   026F DD 6E FD      [19]  494 	ld	l,-3 (ix)
   0272 DD 66 FE      [19]  495 	ld	h,-2 (ix)
   0275 66            [ 7]  496 	ld	h, (hl)
   0276 DD 5E F2      [19]  497 	ld	e, -14 (ix)
   0279 16 00         [ 7]  498 	ld	d, #0x00
   027B C5            [11]  499 	push	bc
   027C E5            [11]  500 	push	hl
   027D 33            [ 6]  501 	inc	sp
   027E FD E5         [15]  502 	push	iy
   0280 D5            [11]  503 	push	de
   0281 CDr00r00      [17]  504 	call	_collision_clamp_y_at
   0284 F1            [10]  505 	pop	af
   0285 F1            [10]  506 	pop	af
   0286 33            [ 6]  507 	inc	sp
   0287 C1            [10]  508 	pop	bc
                            509 ;src/entities/player.c:95: if (nexty < 0) {
   0288 CB 7C         [ 8]  510 	bit	7, h
   028A 28 03         [12]  511 	jr	Z,00137$
                            512 ;src/entities/player.c:96: nexty = 0;
   028C 21 00 00      [10]  513 	ld	hl, #0x0000
   028F                     514 00137$:
                            515 ;src/entities/player.c:98: player->y = (u8)nexty;
   028F 5D            [ 4]  516 	ld	e, l
   0290 DD 6E FA      [19]  517 	ld	l,-6 (ix)
   0293 DD 66 FB      [19]  518 	ld	h,-5 (ix)
   0296 73            [ 7]  519 	ld	(hl), e
                            520 ;src/entities/player.c:100: if (collision_is_on_ground_at((i16)player->x, (i16)player->y, player->h) && player->vy > 0) {
   0297 DD 6E FD      [19]  521 	ld	l,-3 (ix)
   029A DD 66 FE      [19]  522 	ld	h,-2 (ix)
   029D 7E            [ 7]  523 	ld	a, (hl)
   029E 16 00         [ 7]  524 	ld	d, #0x00
   02A0 F5            [11]  525 	push	af
   02A1 0A            [ 7]  526 	ld	a, (bc)
   02A2 4F            [ 4]  527 	ld	c, a
   02A3 F1            [10]  528 	pop	af
   02A4 06 00         [ 7]  529 	ld	b, #0x00
   02A6 F5            [11]  530 	push	af
   02A7 33            [ 6]  531 	inc	sp
   02A8 D5            [11]  532 	push	de
   02A9 C5            [11]  533 	push	bc
   02AA CDr00r00      [17]  534 	call	_collision_is_on_ground_at
   02AD F1            [10]  535 	pop	af
   02AE F1            [10]  536 	pop	af
   02AF 33            [ 6]  537 	inc	sp
   02B0 7D            [ 4]  538 	ld	a, l
   02B1 B7            [ 4]  539 	or	a, a
   02B2 28 19         [12]  540 	jr	Z,00141$
   02B4 DD 6E F8      [19]  541 	ld	l,-8 (ix)
   02B7 DD 66 F9      [19]  542 	ld	h,-7 (ix)
   02BA 4E            [ 7]  543 	ld	c, (hl)
   02BB AF            [ 4]  544 	xor	a, a
   02BC 91            [ 4]  545 	sub	a, c
   02BD E2rC2r02      [10]  546 	jp	PO, 00228$
   02C0 EE 80         [ 7]  547 	xor	a, #0x80
   02C2                     548 00228$:
   02C2 F2rCDr02      [10]  549 	jp	P, 00141$
                            550 ;src/entities/player.c:101: player->vy = 0;
   02C5 DD 6E F8      [19]  551 	ld	l,-8 (ix)
   02C8 DD 66 F9      [19]  552 	ld	h,-7 (ix)
   02CB 36 00         [10]  553 	ld	(hl), #0x00
   02CD                     554 00141$:
   02CD DD F9         [10]  555 	ld	sp, ix
   02CF DD E1         [14]  556 	pop	ix
   02D1 C9            [10]  557 	ret
                            558 ;src/entities/player.c:105: void playerrender(const Player* player) {
                            559 ;	---------------------------------
                            560 ; Function playerrender
                            561 ; ---------------------------------
   02D2                     562 _playerrender::
   02D2 DD E5         [15]  563 	push	ix
   02D4 DD 21 00 00   [14]  564 	ld	ix,#0
   02D8 DD 39         [15]  565 	add	ix,sp
   02DA 3B            [ 6]  566 	dec	sp
                            567 ;src/entities/player.c:108: if (!player) {
   02DB DD 7E 05      [19]  568 	ld	a, 5 (ix)
   02DE DD B6 04      [19]  569 	or	a,4 (ix)
                            570 ;src/entities/player.c:109: return;
   02E1 28 38         [12]  571 	jr	Z,00103$
                            572 ;src/entities/player.c:112: pvmem = cpct_getScreenPtr(CPCT_VMEM_START, player->x, player->y);
   02E3 DD 5E 04      [19]  573 	ld	e,4 (ix)
   02E6 DD 56 05      [19]  574 	ld	d,5 (ix)
   02E9 6B            [ 4]  575 	ld	l, e
   02EA 62            [ 4]  576 	ld	h, d
   02EB 23            [ 6]  577 	inc	hl
   02EC 46            [ 7]  578 	ld	b, (hl)
   02ED 1A            [ 7]  579 	ld	a, (de)
   02EE D5            [11]  580 	push	de
   02EF C5            [11]  581 	push	bc
   02F0 33            [ 6]  582 	inc	sp
   02F1 F5            [11]  583 	push	af
   02F2 33            [ 6]  584 	inc	sp
   02F3 21 00 C0      [10]  585 	ld	hl, #0xc000
   02F6 E5            [11]  586 	push	hl
   02F7 CDr00r00      [17]  587 	call	_cpct_getScreenPtr
   02FA 4D            [ 4]  588 	ld	c, l
   02FB 44            [ 4]  589 	ld	b, h
   02FC D1            [10]  590 	pop	de
                            591 ;src/entities/player.c:113: cpct_drawSprite((u8*)player_sprite, pvmem, player->w, player->h);
   02FD D5            [11]  592 	push	de
   02FE FD E1         [14]  593 	pop	iy
   0300 FD 7E 05      [19]  594 	ld	a, 5 (iy)
   0303 DD 77 FF      [19]  595 	ld	-1 (ix), a
   0306 EB            [ 4]  596 	ex	de,hl
   0307 11 04 00      [10]  597 	ld	de, #0x0004
   030A 19            [11]  598 	add	hl, de
   030B 56            [ 7]  599 	ld	d, (hl)
   030C DD 7E FF      [19]  600 	ld	a, -1 (ix)
   030F F5            [11]  601 	push	af
   0310 33            [ 6]  602 	inc	sp
   0311 D5            [11]  603 	push	de
   0312 33            [ 6]  604 	inc	sp
   0313 C5            [11]  605 	push	bc
   0314 21r46r00      [10]  606 	ld	hl, #_player_sprite
   0317 E5            [11]  607 	push	hl
   0318 CDr00r00      [17]  608 	call	_cpct_drawSprite
   031B                     609 00103$:
   031B 33            [ 6]  610 	inc	sp
   031C DD E1         [14]  611 	pop	ix
   031E C9            [10]  612 	ret
                            613 ;src/entities/player.c:116: u8 player_get_health(const Player* player) {
                            614 ;	---------------------------------
                            615 ; Function player_get_health
                            616 ; ---------------------------------
   031F                     617 _player_get_health::
                            618 ;src/entities/player.c:117: return player ? player->health : 0;
   031F 21 03 00      [10]  619 	ld	hl, #2+1
   0322 39            [11]  620 	add	hl, sp
   0323 7E            [ 7]  621 	ld	a, (hl)
   0324 2B            [ 6]  622 	dec	hl
   0325 B6            [ 7]  623 	or	a,(hl)
   0326 28 0A         [12]  624 	jr	Z,00103$
   0328 C1            [10]  625 	pop	bc
   0329 E1            [10]  626 	pop	hl
   032A E5            [11]  627 	push	hl
   032B C5            [11]  628 	push	bc
   032C 11 06 00      [10]  629 	ld	de, #0x0006
   032F 19            [11]  630 	add	hl, de
   0330 6E            [ 7]  631 	ld	l, (hl)
   0331 C9            [10]  632 	ret
   0332                     633 00103$:
   0332 2E 00         [ 7]  634 	ld	l, #0x00
   0334 C9            [10]  635 	ret
                            636 ;src/entities/player.c:120: u8 player_get_weapon(const Player* player) {
                            637 ;	---------------------------------
                            638 ; Function player_get_weapon
                            639 ; ---------------------------------
   0335                     640 _player_get_weapon::
                            641 ;src/entities/player.c:121: return player ? player->weapon : 0;
   0335 21 03 00      [10]  642 	ld	hl, #2+1
   0338 39            [11]  643 	add	hl, sp
   0339 7E            [ 7]  644 	ld	a, (hl)
   033A 2B            [ 6]  645 	dec	hl
   033B B6            [ 7]  646 	or	a,(hl)
   033C 28 0A         [12]  647 	jr	Z,00103$
   033E C1            [10]  648 	pop	bc
   033F E1            [10]  649 	pop	hl
   0340 E5            [11]  650 	push	hl
   0341 C5            [11]  651 	push	bc
   0342 11 07 00      [10]  652 	ld	de, #0x0007
   0345 19            [11]  653 	add	hl, de
   0346 6E            [ 7]  654 	ld	l, (hl)
   0347 C9            [10]  655 	ret
   0348                     656 00103$:
   0348 2E 00         [ 7]  657 	ld	l, #0x00
   034A C9            [10]  658 	ret
                            659 	.area _CODE
                            660 	.area _INITIALIZER
                            661 	.area _CABS (ABS)
