                              1 ;--------------------------------------------------------
                              2 ; File Created by SDCC : free open source ANSI-C Compiler
                              3 ; Version 3.6.8 #9946 (Mac OS X ppc)
                              4 ;--------------------------------------------------------
                              5 	.module projectile
                              6 	.optsdcc -mz80
                              7 	
                              8 ;--------------------------------------------------------
                              9 ; Public variables in this module
                             10 ;--------------------------------------------------------
                             11 	.globl _cpct_getScreenPtr
                             12 	.globl _cpct_drawSprite
                             13 	.globl _projectileinit
                             14 	.globl _projectilefire
                             15 	.globl _projectileupdate
                             16 	.globl _projectilerender
                             17 ;--------------------------------------------------------
                             18 ; special function registers
                             19 ;--------------------------------------------------------
                             20 ;--------------------------------------------------------
                             21 ; ram data
                             22 ;--------------------------------------------------------
                             23 	.area _DATA
                             24 ;--------------------------------------------------------
                             25 ; ram data
                             26 ;--------------------------------------------------------
                             27 	.area _INITIALIZED
                             28 ;--------------------------------------------------------
                             29 ; absolute external ram data
                             30 ;--------------------------------------------------------
                             31 	.area _DABS (ABS)
                             32 ;--------------------------------------------------------
                             33 ; global & static initialisations
                             34 ;--------------------------------------------------------
                             35 	.area _HOME
                             36 	.area _GSINIT
                             37 	.area _GSFINAL
                             38 	.area _GSINIT
                             39 ;--------------------------------------------------------
                             40 ; Home
                             41 ;--------------------------------------------------------
                             42 	.area _HOME
                             43 	.area _HOME
                             44 ;--------------------------------------------------------
                             45 ; code
                             46 ;--------------------------------------------------------
                             47 	.area _CODE
                             48 ;src/entities/projectile.c:17: void projectileinit(Projectile* projectile) {
                             49 ;	---------------------------------
                             50 ; Function projectileinit
                             51 ; ---------------------------------
   0000                      52 _projectileinit::
                             53 ;src/entities/projectile.c:18: if (!projectile) {
   0000 21 03 00      [10]   54 	ld	hl, #2+1
   0003 39            [11]   55 	add	hl, sp
   0004 7E            [ 7]   56 	ld	a, (hl)
   0005 2B            [ 6]   57 	dec	hl
   0006 B6            [ 7]   58 	or	a,(hl)
                             59 ;src/entities/projectile.c:19: return;
   0007 C8            [11]   60 	ret	Z
                             61 ;src/entities/projectile.c:22: projectile->x = 0;
   0008 D1            [10]   62 	pop	de
   0009 C1            [10]   63 	pop	bc
   000A C5            [11]   64 	push	bc
   000B D5            [11]   65 	push	de
   000C AF            [ 4]   66 	xor	a, a
   000D 02            [ 7]   67 	ld	(bc), a
                             68 ;src/entities/projectile.c:23: projectile->y = 0;
   000E 59            [ 4]   69 	ld	e, c
   000F 50            [ 4]   70 	ld	d, b
   0010 13            [ 6]   71 	inc	de
   0011 AF            [ 4]   72 	xor	a, a
   0012 12            [ 7]   73 	ld	(de), a
                             74 ;src/entities/projectile.c:24: projectile->vx = 0;
   0013 59            [ 4]   75 	ld	e, c
   0014 50            [ 4]   76 	ld	d, b
   0015 13            [ 6]   77 	inc	de
   0016 13            [ 6]   78 	inc	de
   0017 AF            [ 4]   79 	xor	a, a
   0018 12            [ 7]   80 	ld	(de), a
                             81 ;src/entities/projectile.c:25: projectile->vy = 0;
   0019 59            [ 4]   82 	ld	e, c
   001A 50            [ 4]   83 	ld	d, b
   001B 13            [ 6]   84 	inc	de
   001C 13            [ 6]   85 	inc	de
   001D 13            [ 6]   86 	inc	de
   001E AF            [ 4]   87 	xor	a, a
   001F 12            [ 7]   88 	ld	(de), a
                             89 ;src/entities/projectile.c:26: projectile->w = 2;
   0020 21 04 00      [10]   90 	ld	hl, #0x0004
   0023 09            [11]   91 	add	hl, bc
   0024 36 02         [10]   92 	ld	(hl), #0x02
                             93 ;src/entities/projectile.c:27: projectile->h = 2;
   0026 21 05 00      [10]   94 	ld	hl, #0x0005
   0029 09            [11]   95 	add	hl, bc
   002A 36 02         [10]   96 	ld	(hl), #0x02
                             97 ;src/entities/projectile.c:28: projectile->active = 0;
   002C 21 06 00      [10]   98 	ld	hl, #0x0006
   002F 09            [11]   99 	add	hl, bc
   0030 36 00         [10]  100 	ld	(hl), #0x00
                            101 ;src/entities/projectile.c:29: projectile->damage = 1;
   0032 21 07 00      [10]  102 	ld	hl, #0x0007
   0035 09            [11]  103 	add	hl, bc
   0036 36 01         [10]  104 	ld	(hl), #0x01
                            105 ;src/entities/projectile.c:30: projectile->lifetime = 0;
   0038 21 08 00      [10]  106 	ld	hl, #0x0008
   003B 09            [11]  107 	add	hl, bc
   003C 36 00         [10]  108 	ld	(hl), #0x00
                            109 ;src/entities/projectile.c:31: projectile->weapon = 0;
   003E 21 09 00      [10]  110 	ld	hl, #0x0009
   0041 09            [11]  111 	add	hl, bc
   0042 36 00         [10]  112 	ld	(hl), #0x00
   0044 C9            [10]  113 	ret
   0045                     114 _projectile_basic_sprite:
   0045 3C                  115 	.db #0x3c	; 60
   0046 3C                  116 	.db #0x3c	; 60
   0047 3C                  117 	.db #0x3c	; 60
   0048 3C                  118 	.db #0x3c	; 60
   0049 3C                  119 	.db #0x3c	; 60
   004A 3C                  120 	.db #0x3c	; 60
   004B                     121 _projectile_up_sprite:
   004B C3                  122 	.db #0xc3	; 195
   004C C3                  123 	.db #0xc3	; 195
   004D C3                  124 	.db #0xc3	; 195
   004E C3                  125 	.db #0xc3	; 195
   004F C3                  126 	.db #0xc3	; 195
   0050 C3                  127 	.db #0xc3	; 195
   0051                     128 _projectile_special_sprite:
   0051 FF                  129 	.db #0xff	; 255
   0052 FF                  130 	.db #0xff	; 255
   0053 FF                  131 	.db #0xff	; 255
   0054 FF                  132 	.db #0xff	; 255
   0055 FF                  133 	.db #0xff	; 255
   0056 FF                  134 	.db #0xff	; 255
   0057 FF                  135 	.db #0xff	; 255
   0058 FF                  136 	.db #0xff	; 255
   0059 FF                  137 	.db #0xff	; 255
   005A FF                  138 	.db #0xff	; 255
   005B FF                  139 	.db #0xff	; 255
   005C FF                  140 	.db #0xff	; 255
                            141 ;src/entities/projectile.c:34: void projectilefire(Projectile* projectile, u8 x, u8 y, i8 dir, u8 weapon) {
                            142 ;	---------------------------------
                            143 ; Function projectilefire
                            144 ; ---------------------------------
   005D                     145 _projectilefire::
   005D DD E5         [15]  146 	push	ix
   005F DD 21 00 00   [14]  147 	ld	ix,#0
   0063 DD 39         [15]  148 	add	ix,sp
   0065 F5            [11]  149 	push	af
   0066 F5            [11]  150 	push	af
                            151 ;src/entities/projectile.c:35: if (!projectile) {
   0067 DD 7E 05      [19]  152 	ld	a, 5 (ix)
   006A DD B6 04      [19]  153 	or	a,4 (ix)
                            154 ;src/entities/projectile.c:36: return;
   006D CAr16r01      [10]  155 	jp	Z,00109$
                            156 ;src/entities/projectile.c:39: projectile->x = x;
   0070 DD 4E 04      [19]  157 	ld	c,4 (ix)
   0073 DD 46 05      [19]  158 	ld	b,5 (ix)
   0076 DD 7E 06      [19]  159 	ld	a, 6 (ix)
   0079 02            [ 7]  160 	ld	(bc), a
                            161 ;src/entities/projectile.c:40: projectile->y = y;
   007A 59            [ 4]  162 	ld	e, c
   007B 50            [ 4]  163 	ld	d, b
   007C 13            [ 6]  164 	inc	de
   007D DD 7E 07      [19]  165 	ld	a, 7 (ix)
   0080 12            [ 7]  166 	ld	(de), a
                            167 ;src/entities/projectile.c:41: projectile->vx = dir;
   0081 21 02 00      [10]  168 	ld	hl, #0x0002
   0084 09            [11]  169 	add	hl,bc
   0085 E3            [19]  170 	ex	(sp), hl
   0086 E1            [10]  171 	pop	hl
   0087 E5            [11]  172 	push	hl
   0088 DD 7E 08      [19]  173 	ld	a, 8 (ix)
   008B 77            [ 7]  174 	ld	(hl), a
                            175 ;src/entities/projectile.c:42: projectile->vy = 0;
   008C 59            [ 4]  176 	ld	e, c
   008D 50            [ 4]  177 	ld	d, b
   008E 13            [ 6]  178 	inc	de
   008F 13            [ 6]  179 	inc	de
   0090 13            [ 6]  180 	inc	de
   0091 AF            [ 4]  181 	xor	a, a
   0092 12            [ 7]  182 	ld	(de), a
                            183 ;src/entities/projectile.c:43: projectile->weapon = weapon;
   0093 21 09 00      [10]  184 	ld	hl, #0x0009
   0096 09            [11]  185 	add	hl, bc
   0097 DD 7E 09      [19]  186 	ld	a, 9 (ix)
   009A 77            [ 7]  187 	ld	(hl), a
                            188 ;src/entities/projectile.c:44: projectile->active = 1;
   009B 21 06 00      [10]  189 	ld	hl, #0x0006
   009E 09            [11]  190 	add	hl, bc
   009F 36 01         [10]  191 	ld	(hl), #0x01
                            192 ;src/entities/projectile.c:47: projectile->w = 3;
   00A1 21 04 00      [10]  193 	ld	hl, #0x0004
   00A4 09            [11]  194 	add	hl, bc
                            195 ;src/entities/projectile.c:48: projectile->h = 2;
   00A5 79            [ 4]  196 	ld	a, c
   00A6 C6 05         [ 7]  197 	add	a, #0x05
   00A8 5F            [ 4]  198 	ld	e, a
   00A9 78            [ 4]  199 	ld	a, b
   00AA CE 00         [ 7]  200 	adc	a, #0x00
   00AC 57            [ 4]  201 	ld	d, a
                            202 ;src/entities/projectile.c:49: projectile->damage = 1;
   00AD 79            [ 4]  203 	ld	a, c
   00AE C6 07         [ 7]  204 	add	a, #0x07
   00B0 DD 77 FE      [19]  205 	ld	-2 (ix), a
   00B3 78            [ 4]  206 	ld	a, b
   00B4 CE 00         [ 7]  207 	adc	a, #0x00
   00B6 DD 77 FF      [19]  208 	ld	-1 (ix), a
                            209 ;src/entities/projectile.c:50: projectile->lifetime = 45;
   00B9 79            [ 4]  210 	ld	a, c
   00BA C6 08         [ 7]  211 	add	a, #0x08
   00BC 4F            [ 4]  212 	ld	c, a
   00BD 78            [ 4]  213 	ld	a, b
   00BE CE 00         [ 7]  214 	adc	a, #0x00
   00C0 47            [ 4]  215 	ld	b, a
                            216 ;src/entities/projectile.c:46: if (weapon == 0) {
   00C1 DD 7E 09      [19]  217 	ld	a, 9 (ix)
   00C4 B7            [ 4]  218 	or	a, a
   00C5 20 12         [12]  219 	jr	NZ,00107$
                            220 ;src/entities/projectile.c:47: projectile->w = 3;
   00C7 36 03         [10]  221 	ld	(hl), #0x03
                            222 ;src/entities/projectile.c:48: projectile->h = 2;
   00C9 3E 02         [ 7]  223 	ld	a, #0x02
   00CB 12            [ 7]  224 	ld	(de), a
                            225 ;src/entities/projectile.c:49: projectile->damage = 1;
   00CC DD 6E FE      [19]  226 	ld	l,-2 (ix)
   00CF DD 66 FF      [19]  227 	ld	h,-1 (ix)
   00D2 36 01         [10]  228 	ld	(hl), #0x01
                            229 ;src/entities/projectile.c:50: projectile->lifetime = 45;
   00D4 3E 2D         [ 7]  230 	ld	a, #0x2d
   00D6 02            [ 7]  231 	ld	(bc), a
   00D7 18 3D         [12]  232 	jr	00109$
   00D9                     233 00107$:
                            234 ;src/entities/projectile.c:51: } else if (weapon == 1) {
   00D9 DD 7E 09      [19]  235 	ld	a, 9 (ix)
   00DC 3D            [ 4]  236 	dec	a
   00DD 20 12         [12]  237 	jr	NZ,00104$
                            238 ;src/entities/projectile.c:52: projectile->w = 2;
   00DF 36 02         [10]  239 	ld	(hl), #0x02
                            240 ;src/entities/projectile.c:53: projectile->h = 3;
   00E1 3E 03         [ 7]  241 	ld	a, #0x03
   00E3 12            [ 7]  242 	ld	(de), a
                            243 ;src/entities/projectile.c:54: projectile->damage = 2;
   00E4 DD 6E FE      [19]  244 	ld	l,-2 (ix)
   00E7 DD 66 FF      [19]  245 	ld	h,-1 (ix)
   00EA 36 02         [10]  246 	ld	(hl), #0x02
                            247 ;src/entities/projectile.c:55: projectile->lifetime = 28;
   00EC 3E 1C         [ 7]  248 	ld	a, #0x1c
   00EE 02            [ 7]  249 	ld	(bc), a
   00EF 18 25         [12]  250 	jr	00109$
   00F1                     251 00104$:
                            252 ;src/entities/projectile.c:57: projectile->w = 4;
   00F1 36 04         [10]  253 	ld	(hl), #0x04
                            254 ;src/entities/projectile.c:58: projectile->h = 3;
   00F3 3E 03         [ 7]  255 	ld	a, #0x03
   00F5 12            [ 7]  256 	ld	(de), a
                            257 ;src/entities/projectile.c:59: projectile->damage = 3;
   00F6 DD 6E FE      [19]  258 	ld	l,-2 (ix)
   00F9 DD 66 FF      [19]  259 	ld	h,-1 (ix)
   00FC 36 03         [10]  260 	ld	(hl), #0x03
                            261 ;src/entities/projectile.c:60: projectile->lifetime = 56;
   00FE 3E 38         [ 7]  262 	ld	a, #0x38
   0100 02            [ 7]  263 	ld	(bc), a
                            264 ;src/entities/projectile.c:61: projectile->vx = (i8)(dir > 0 ? 4 : -4);
   0101 C1            [10]  265 	pop	bc
   0102 C5            [11]  266 	push	bc
   0103 AF            [ 4]  267 	xor	a, a
   0104 DD 96 08      [19]  268 	sub	a, 8 (ix)
   0107 E2r0Cr01      [10]  269 	jp	PO, 00131$
   010A EE 80         [ 7]  270 	xor	a, #0x80
   010C                     271 00131$:
   010C F2r13r01      [10]  272 	jp	P, 00111$
   010F 3E 04         [ 7]  273 	ld	a, #0x04
   0111 18 02         [12]  274 	jr	00112$
   0113                     275 00111$:
   0113 3E FC         [ 7]  276 	ld	a, #0xfc
   0115                     277 00112$:
   0115 02            [ 7]  278 	ld	(bc), a
   0116                     279 00109$:
   0116 DD F9         [10]  280 	ld	sp, ix
   0118 DD E1         [14]  281 	pop	ix
   011A C9            [10]  282 	ret
                            283 ;src/entities/projectile.c:65: void projectileupdate(Projectile* projectile) {
                            284 ;	---------------------------------
                            285 ; Function projectileupdate
                            286 ; ---------------------------------
   011B                     287 _projectileupdate::
   011B DD E5         [15]  288 	push	ix
   011D DD 21 00 00   [14]  289 	ld	ix,#0
   0121 DD 39         [15]  290 	add	ix,sp
   0123 3B            [ 6]  291 	dec	sp
                            292 ;src/entities/projectile.c:66: if (!projectile || !projectile->active) {
   0124 DD 7E 05      [19]  293 	ld	a, 5 (ix)
   0127 DD B6 04      [19]  294 	or	a,4 (ix)
   012A 28 4A         [12]  295 	jr	Z,00109$
   012C DD 5E 04      [19]  296 	ld	e,4 (ix)
   012F DD 56 05      [19]  297 	ld	d,5 (ix)
   0132 FD 21 06 00   [14]  298 	ld	iy, #0x0006
   0136 FD 19         [15]  299 	add	iy, de
   0138 FD 7E 00      [19]  300 	ld	a, 0 (iy)
   013B B7            [ 4]  301 	or	a, a
                            302 ;src/entities/projectile.c:67: return;
   013C 28 38         [12]  303 	jr	Z,00109$
                            304 ;src/entities/projectile.c:70: projectile->x = (u8)(projectile->x + projectile->vx);
   013E 1A            [ 7]  305 	ld	a, (de)
   013F 4F            [ 4]  306 	ld	c, a
   0140 6B            [ 4]  307 	ld	l, e
   0141 62            [ 4]  308 	ld	h, d
   0142 23            [ 6]  309 	inc	hl
   0143 23            [ 6]  310 	inc	hl
   0144 6E            [ 7]  311 	ld	l, (hl)
   0145 09            [11]  312 	add	hl, bc
   0146 7D            [ 4]  313 	ld	a, l
   0147 12            [ 7]  314 	ld	(de), a
                            315 ;src/entities/projectile.c:71: projectile->y = (u8)(projectile->y + projectile->vy);
   0148 4B            [ 4]  316 	ld	c, e
   0149 42            [ 4]  317 	ld	b, d
   014A 03            [ 6]  318 	inc	bc
   014B 0A            [ 7]  319 	ld	a, (bc)
   014C DD 77 FF      [19]  320 	ld	-1 (ix), a
   014F 6B            [ 4]  321 	ld	l, e
   0150 62            [ 4]  322 	ld	h, d
   0151 23            [ 6]  323 	inc	hl
   0152 23            [ 6]  324 	inc	hl
   0153 23            [ 6]  325 	inc	hl
   0154 6E            [ 7]  326 	ld	l, (hl)
   0155 DD 7E FF      [19]  327 	ld	a, -1 (ix)
   0158 85            [ 4]  328 	add	a, l
   0159 02            [ 7]  329 	ld	(bc), a
                            330 ;src/entities/projectile.c:73: if (projectile->lifetime) {
   015A 21 08 00      [10]  331 	ld	hl, #0x0008
   015D 19            [11]  332 	add	hl,de
   015E 4D            [ 4]  333 	ld	c, l
   015F 44            [ 4]  334 	ld	b, h
   0160 0A            [ 7]  335 	ld	a, (bc)
   0161 B7            [ 4]  336 	or	a, a
   0162 28 03         [12]  337 	jr	Z,00105$
                            338 ;src/entities/projectile.c:74: projectile->lifetime--;
   0164 C6 FF         [ 7]  339 	add	a, #0xff
   0166 02            [ 7]  340 	ld	(bc), a
   0167                     341 00105$:
                            342 ;src/entities/projectile.c:77: if (projectile->x > 78 || projectile->lifetime == 0) {
   0167 1A            [ 7]  343 	ld	a, (de)
   0168 5F            [ 4]  344 	ld	e, a
   0169 3E 4E         [ 7]  345 	ld	a, #0x4e
   016B 93            [ 4]  346 	sub	a, e
   016C 38 04         [12]  347 	jr	C,00106$
   016E 0A            [ 7]  348 	ld	a, (bc)
   016F B7            [ 4]  349 	or	a, a
   0170 20 04         [12]  350 	jr	NZ,00109$
   0172                     351 00106$:
                            352 ;src/entities/projectile.c:78: projectile->active = 0;
   0172 FD 36 00 00   [19]  353 	ld	0 (iy), #0x00
   0176                     354 00109$:
   0176 33            [ 6]  355 	inc	sp
   0177 DD E1         [14]  356 	pop	ix
   0179 C9            [10]  357 	ret
                            358 ;src/entities/projectile.c:82: void projectilerender(const Projectile* projectile) {
                            359 ;	---------------------------------
                            360 ; Function projectilerender
                            361 ; ---------------------------------
   017A                     362 _projectilerender::
   017A DD E5         [15]  363 	push	ix
   017C DD 21 00 00   [14]  364 	ld	ix,#0
   0180 DD 39         [15]  365 	add	ix,sp
   0182 F5            [11]  366 	push	af
   0183 3B            [ 6]  367 	dec	sp
                            368 ;src/entities/projectile.c:86: if (!projectile || !projectile->active) {
   0184 DD 7E 05      [19]  369 	ld	a, 5 (ix)
   0187 DD B6 04      [19]  370 	or	a,4 (ix)
   018A 28 6B         [12]  371 	jr	Z,00110$
   018C DD 4E 04      [19]  372 	ld	c,4 (ix)
   018F DD 46 05      [19]  373 	ld	b,5 (ix)
   0192 C5            [11]  374 	push	bc
   0193 FD E1         [14]  375 	pop	iy
   0195 FD 7E 06      [19]  376 	ld	a, 6 (iy)
   0198 B7            [ 4]  377 	or	a, a
                            378 ;src/entities/projectile.c:87: return;
   0199 28 5C         [12]  379 	jr	Z,00110$
                            380 ;src/entities/projectile.c:90: if (projectile->weapon == 0) sprite = projectile_basic_sprite;
   019B C5            [11]  381 	push	bc
   019C FD E1         [14]  382 	pop	iy
   019E FD 7E 09      [19]  383 	ld	a, 9 (iy)
   01A1 B7            [ 4]  384 	or	a, a
   01A2 20 0A         [12]  385 	jr	NZ,00108$
   01A4 DD 36 FEr45   [19]  386 	ld	-2 (ix), #<(_projectile_basic_sprite)
   01A8 DD 36 FFs00   [19]  387 	ld	-1 (ix), #>(_projectile_basic_sprite)
   01AC 18 15         [12]  388 	jr	00109$
   01AE                     389 00108$:
                            390 ;src/entities/projectile.c:91: else if (projectile->weapon == 1) sprite = projectile_up_sprite;
   01AE 3D            [ 4]  391 	dec	a
   01AF 20 0A         [12]  392 	jr	NZ,00105$
   01B1 DD 36 FEr4B   [19]  393 	ld	-2 (ix), #<(_projectile_up_sprite)
   01B5 DD 36 FFs00   [19]  394 	ld	-1 (ix), #>(_projectile_up_sprite)
   01B9 18 08         [12]  395 	jr	00109$
   01BB                     396 00105$:
                            397 ;src/entities/projectile.c:92: else sprite = projectile_special_sprite;
   01BB DD 36 FEr51   [19]  398 	ld	-2 (ix), #<(_projectile_special_sprite)
   01BF DD 36 FFs00   [19]  399 	ld	-1 (ix), #>(_projectile_special_sprite)
   01C3                     400 00109$:
                            401 ;src/entities/projectile.c:94: pvmem = cpct_getScreenPtr(CPCT_VMEM_START, projectile->x, projectile->y);
   01C3 69            [ 4]  402 	ld	l, c
   01C4 60            [ 4]  403 	ld	h, b
   01C5 23            [ 6]  404 	inc	hl
   01C6 56            [ 7]  405 	ld	d, (hl)
   01C7 0A            [ 7]  406 	ld	a, (bc)
   01C8 C5            [11]  407 	push	bc
   01C9 5F            [ 4]  408 	ld	e, a
   01CA D5            [11]  409 	push	de
   01CB 21 00 C0      [10]  410 	ld	hl, #0xc000
   01CE E5            [11]  411 	push	hl
   01CF CDr00r00      [17]  412 	call	_cpct_getScreenPtr
   01D2 EB            [ 4]  413 	ex	de,hl
   01D3 C1            [10]  414 	pop	bc
                            415 ;src/entities/projectile.c:95: cpct_drawSprite((u8*)sprite, pvmem, projectile->w, projectile->h);
   01D4 C5            [11]  416 	push	bc
   01D5 FD E1         [14]  417 	pop	iy
   01D7 FD 7E 05      [19]  418 	ld	a, 5 (iy)
   01DA DD 77 FD      [19]  419 	ld	-3 (ix), a
   01DD 69            [ 4]  420 	ld	l, c
   01DE 60            [ 4]  421 	ld	h, b
   01DF 01 04 00      [10]  422 	ld	bc, #0x0004
   01E2 09            [11]  423 	add	hl, bc
   01E3 4E            [ 7]  424 	ld	c, (hl)
   01E4 D5            [11]  425 	push	de
   01E5 FD E1         [14]  426 	pop	iy
   01E7 DD 5E FE      [19]  427 	ld	e,-2 (ix)
   01EA DD 56 FF      [19]  428 	ld	d,-1 (ix)
   01ED DD 46 FD      [19]  429 	ld	b, -3 (ix)
   01F0 C5            [11]  430 	push	bc
   01F1 FD E5         [15]  431 	push	iy
   01F3 D5            [11]  432 	push	de
   01F4 CDr00r00      [17]  433 	call	_cpct_drawSprite
   01F7                     434 00110$:
   01F7 DD F9         [10]  435 	ld	sp, ix
   01F9 DD E1         [14]  436 	pop	ix
   01FB C9            [10]  437 	ret
                            438 	.area _CODE
                            439 	.area _INITIALIZER
                            440 	.area _CABS (ABS)
