                              1 ;--------------------------------------------------------
                              2 ; File Created by SDCC : free open source ANSI-C Compiler
                              3 ; Version 3.6.8 #9946 (Mac OS X ppc)
                              4 ;--------------------------------------------------------
                              5 	.module projectile
                              6 	.optsdcc -mz80
                              7 	
                              8 ;--------------------------------------------------------
                              9 ; Public variables in this module
                             10 ;--------------------------------------------------------
                             11 	.globl _cpct_getScreenPtr
                             12 	.globl _cpct_drawSprite
                             13 	.globl _projectileinit
                             14 	.globl _projectilefire
                             15 	.globl _projectileupdate
                             16 	.globl _projectilerender
                             17 ;--------------------------------------------------------
                             18 ; special function registers
                             19 ;--------------------------------------------------------
                             20 ;--------------------------------------------------------
                             21 ; ram data
                             22 ;--------------------------------------------------------
                             23 	.area _DATA
                             24 ;--------------------------------------------------------
                             25 ; ram data
                             26 ;--------------------------------------------------------
                             27 	.area _INITIALIZED
                             28 ;--------------------------------------------------------
                             29 ; absolute external ram data
                             30 ;--------------------------------------------------------
                             31 	.area _DABS (ABS)
                             32 ;--------------------------------------------------------
                             33 ; global & static initialisations
                             34 ;--------------------------------------------------------
                             35 	.area _HOME
                             36 	.area _GSINIT
                             37 	.area _GSFINAL
                             38 	.area _GSINIT
                             39 ;--------------------------------------------------------
                             40 ; Home
                             41 ;--------------------------------------------------------
                             42 	.area _HOME
                             43 	.area _HOME
                             44 ;--------------------------------------------------------
                             45 ; code
                             46 ;--------------------------------------------------------
                             47 	.area _CODE
                             48 ;src/entities/projectile.c:17: void projectileinit(Projectile* projectile) {
                             49 ;	---------------------------------
                             50 ; Function projectileinit
                             51 ; ---------------------------------
   0000                      52 _projectileinit::
                             53 ;src/entities/projectile.c:18: if (!projectile) {
   0000 21 03 00      [10]   54 	ld	hl, #2+1
   0003 39            [11]   55 	add	hl, sp
   0004 7E            [ 7]   56 	ld	a, (hl)
   0005 2B            [ 6]   57 	dec	hl
   0006 B6            [ 7]   58 	or	a,(hl)
                             59 ;src/entities/projectile.c:19: return;
   0007 C8            [11]   60 	ret	Z
                             61 ;src/entities/projectile.c:22: projectile->x = 0;
   0008 D1            [10]   62 	pop	de
   0009 C1            [10]   63 	pop	bc
   000A C5            [11]   64 	push	bc
   000B D5            [11]   65 	push	de
   000C AF            [ 4]   66 	xor	a, a
   000D 02            [ 7]   67 	ld	(bc), a
                             68 ;src/entities/projectile.c:23: projectile->y = 0;
   000E 59            [ 4]   69 	ld	e, c
   000F 50            [ 4]   70 	ld	d, b
   0010 13            [ 6]   71 	inc	de
   0011 AF            [ 4]   72 	xor	a, a
   0012 12            [ 7]   73 	ld	(de), a
                             74 ;src/entities/projectile.c:24: projectile->vx = 0;
   0013 59            [ 4]   75 	ld	e, c
   0014 50            [ 4]   76 	ld	d, b
   0015 13            [ 6]   77 	inc	de
   0016 13            [ 6]   78 	inc	de
   0017 AF            [ 4]   79 	xor	a, a
   0018 12            [ 7]   80 	ld	(de), a
                             81 ;src/entities/projectile.c:25: projectile->vy = 0;
   0019 59            [ 4]   82 	ld	e, c
   001A 50            [ 4]   83 	ld	d, b
   001B 13            [ 6]   84 	inc	de
   001C 13            [ 6]   85 	inc	de
   001D 13            [ 6]   86 	inc	de
   001E AF            [ 4]   87 	xor	a, a
   001F 12            [ 7]   88 	ld	(de), a
                             89 ;src/entities/projectile.c:26: projectile->w = 2;
   0020 21 04 00      [10]   90 	ld	hl, #0x0004
   0023 09            [11]   91 	add	hl, bc
   0024 36 02         [10]   92 	ld	(hl), #0x02
                             93 ;src/entities/projectile.c:27: projectile->h = 2;
   0026 21 05 00      [10]   94 	ld	hl, #0x0005
   0029 09            [11]   95 	add	hl, bc
   002A 36 02         [10]   96 	ld	(hl), #0x02
                             97 ;src/entities/projectile.c:28: projectile->active = 0;
   002C 21 06 00      [10]   98 	ld	hl, #0x0006
   002F 09            [11]   99 	add	hl, bc
   0030 36 00         [10]  100 	ld	(hl), #0x00
                            101 ;src/entities/projectile.c:29: projectile->damage = 1;
   0032 21 07 00      [10]  102 	ld	hl, #0x0007
   0035 09            [11]  103 	add	hl, bc
   0036 36 01         [10]  104 	ld	(hl), #0x01
                            105 ;src/entities/projectile.c:30: projectile->lifetime = 0;
   0038 21 08 00      [10]  106 	ld	hl, #0x0008
   003B 09            [11]  107 	add	hl, bc
   003C 36 00         [10]  108 	ld	(hl), #0x00
                            109 ;src/entities/projectile.c:31: projectile->weapon = 0;
   003E 21 09 00      [10]  110 	ld	hl, #0x0009
   0041 09            [11]  111 	add	hl, bc
   0042 36 00         [10]  112 	ld	(hl), #0x00
   0044 C9            [10]  113 	ret
   0045                     114 _projectile_basic_sprite:
   0045 3C                  115 	.db #0x3c	; 60
   0046 3C                  116 	.db #0x3c	; 60
   0047 3C                  117 	.db #0x3c	; 60
   0048 3C                  118 	.db #0x3c	; 60
   0049 3C                  119 	.db #0x3c	; 60
   004A 3C                  120 	.db #0x3c	; 60
   004B                     121 _projectile_up_sprite:
   004B C3                  122 	.db #0xc3	; 195
   004C C3                  123 	.db #0xc3	; 195
   004D C3                  124 	.db #0xc3	; 195
   004E C3                  125 	.db #0xc3	; 195
   004F C3                  126 	.db #0xc3	; 195
   0050 C3                  127 	.db #0xc3	; 195
   0051                     128 _projectile_special_sprite:
   0051 FF                  129 	.db #0xff	; 255
   0052 FF                  130 	.db #0xff	; 255
   0053 FF                  131 	.db #0xff	; 255
   0054 FF                  132 	.db #0xff	; 255
   0055 FF                  133 	.db #0xff	; 255
   0056 FF                  134 	.db #0xff	; 255
   0057 FF                  135 	.db #0xff	; 255
   0058 FF                  136 	.db #0xff	; 255
   0059 FF                  137 	.db #0xff	; 255
   005A FF                  138 	.db #0xff	; 255
   005B FF                  139 	.db #0xff	; 255
   005C FF                  140 	.db #0xff	; 255
                            141 ;src/entities/projectile.c:34: void projectilefire(Projectile* projectile, u8 x, u8 y, i8 dir, u8 weapon) {
                            142 ;	---------------------------------
                            143 ; Function projectilefire
                            144 ; ---------------------------------
   005D                     145 _projectilefire::
   005D DD E5         [15]  146 	push	ix
   005F DD 21 00 00   [14]  147 	ld	ix,#0
   0063 DD 39         [15]  148 	add	ix,sp
   0065 F5            [11]  149 	push	af
   0066 F5            [11]  150 	push	af
                            151 ;src/entities/projectile.c:35: if (!projectile) {
   0067 DD 7E 05      [19]  152 	ld	a, 5 (ix)
   006A DD B6 04      [19]  153 	or	a,4 (ix)
                            154 ;src/entities/projectile.c:36: return;
   006D CAr0Fr01      [10]  155 	jp	Z,00109$
                            156 ;src/entities/projectile.c:39: projectile->x = x;
   0070 DD 4E 04      [19]  157 	ld	c,4 (ix)
   0073 DD 46 05      [19]  158 	ld	b,5 (ix)
   0076 DD 7E 06      [19]  159 	ld	a, 6 (ix)
   0079 02            [ 7]  160 	ld	(bc), a
                            161 ;src/entities/projectile.c:40: projectile->y = y;
   007A 59            [ 4]  162 	ld	e, c
   007B 50            [ 4]  163 	ld	d, b
   007C 13            [ 6]  164 	inc	de
   007D DD 7E 07      [19]  165 	ld	a, 7 (ix)
   0080 12            [ 7]  166 	ld	(de), a
                            167 ;src/entities/projectile.c:41: projectile->vx = dir;
   0081 21 02 00      [10]  168 	ld	hl, #0x0002
   0084 09            [11]  169 	add	hl,bc
   0085 DD 75 FE      [19]  170 	ld	-2 (ix), l
   0088 DD 74 FF      [19]  171 	ld	-1 (ix), h
   008B DD 7E 08      [19]  172 	ld	a, 8 (ix)
   008E 77            [ 7]  173 	ld	(hl), a
                            174 ;src/entities/projectile.c:42: projectile->vy = 0;
   008F 59            [ 4]  175 	ld	e, c
   0090 50            [ 4]  176 	ld	d, b
   0091 13            [ 6]  177 	inc	de
   0092 13            [ 6]  178 	inc	de
   0093 13            [ 6]  179 	inc	de
   0094 AF            [ 4]  180 	xor	a, a
   0095 12            [ 7]  181 	ld	(de), a
                            182 ;src/entities/projectile.c:43: projectile->weapon = weapon;
   0096 21 09 00      [10]  183 	ld	hl, #0x0009
   0099 09            [11]  184 	add	hl, bc
   009A DD 7E 09      [19]  185 	ld	a, 9 (ix)
   009D 77            [ 7]  186 	ld	(hl), a
                            187 ;src/entities/projectile.c:44: projectile->active = 1;
   009E 21 06 00      [10]  188 	ld	hl, #0x0006
   00A1 09            [11]  189 	add	hl, bc
   00A2 36 01         [10]  190 	ld	(hl), #0x01
                            191 ;src/entities/projectile.c:47: projectile->w = 3;
   00A4 21 04 00      [10]  192 	ld	hl, #0x0004
   00A7 09            [11]  193 	add	hl, bc
                            194 ;src/entities/projectile.c:48: projectile->h = 2;
   00A8 79            [ 4]  195 	ld	a, c
   00A9 C6 05         [ 7]  196 	add	a, #0x05
   00AB 5F            [ 4]  197 	ld	e, a
   00AC 78            [ 4]  198 	ld	a, b
   00AD CE 00         [ 7]  199 	adc	a, #0x00
   00AF 57            [ 4]  200 	ld	d, a
                            201 ;src/entities/projectile.c:49: projectile->damage = 1;
   00B0 79            [ 4]  202 	ld	a, c
   00B1 C6 07         [ 7]  203 	add	a, #0x07
   00B3 DD 77 FC      [19]  204 	ld	-4 (ix), a
   00B6 78            [ 4]  205 	ld	a, b
   00B7 CE 00         [ 7]  206 	adc	a, #0x00
   00B9 DD 77 FD      [19]  207 	ld	-3 (ix), a
                            208 ;src/entities/projectile.c:50: projectile->lifetime = 45;
   00BC 79            [ 4]  209 	ld	a, c
   00BD C6 08         [ 7]  210 	add	a, #0x08
   00BF 4F            [ 4]  211 	ld	c, a
   00C0 78            [ 4]  212 	ld	a, b
   00C1 CE 00         [ 7]  213 	adc	a, #0x00
   00C3 47            [ 4]  214 	ld	b, a
                            215 ;src/entities/projectile.c:46: if (weapon == 0) {
   00C4 DD 7E 09      [19]  216 	ld	a, 9 (ix)
   00C7 B7            [ 4]  217 	or	a, a
   00C8 20 0E         [12]  218 	jr	NZ,00107$
                            219 ;src/entities/projectile.c:47: projectile->w = 3;
   00CA 36 03         [10]  220 	ld	(hl), #0x03
                            221 ;src/entities/projectile.c:48: projectile->h = 2;
   00CC 3E 02         [ 7]  222 	ld	a, #0x02
   00CE 12            [ 7]  223 	ld	(de), a
                            224 ;src/entities/projectile.c:49: projectile->damage = 1;
   00CF E1            [10]  225 	pop	hl
   00D0 E5            [11]  226 	push	hl
   00D1 36 01         [10]  227 	ld	(hl), #0x01
                            228 ;src/entities/projectile.c:50: projectile->lifetime = 45;
   00D3 3E 2D         [ 7]  229 	ld	a, #0x2d
   00D5 02            [ 7]  230 	ld	(bc), a
   00D6 18 37         [12]  231 	jr	00109$
   00D8                     232 00107$:
                            233 ;src/entities/projectile.c:51: } else if (weapon == 1) {
   00D8 DD 7E 09      [19]  234 	ld	a, 9 (ix)
   00DB 3D            [ 4]  235 	dec	a
   00DC 20 0E         [12]  236 	jr	NZ,00104$
                            237 ;src/entities/projectile.c:52: projectile->w = 2;
   00DE 36 02         [10]  238 	ld	(hl), #0x02
                            239 ;src/entities/projectile.c:53: projectile->h = 3;
   00E0 3E 03         [ 7]  240 	ld	a, #0x03
   00E2 12            [ 7]  241 	ld	(de), a
                            242 ;src/entities/projectile.c:54: projectile->damage = 2;
   00E3 E1            [10]  243 	pop	hl
   00E4 E5            [11]  244 	push	hl
   00E5 36 02         [10]  245 	ld	(hl), #0x02
                            246 ;src/entities/projectile.c:55: projectile->lifetime = 28;
   00E7 3E 1C         [ 7]  247 	ld	a, #0x1c
   00E9 02            [ 7]  248 	ld	(bc), a
   00EA 18 23         [12]  249 	jr	00109$
   00EC                     250 00104$:
                            251 ;src/entities/projectile.c:57: projectile->w = 4;
   00EC 36 04         [10]  252 	ld	(hl), #0x04
                            253 ;src/entities/projectile.c:58: projectile->h = 3;
   00EE 3E 03         [ 7]  254 	ld	a, #0x03
   00F0 12            [ 7]  255 	ld	(de), a
                            256 ;src/entities/projectile.c:59: projectile->damage = 3;
   00F1 E1            [10]  257 	pop	hl
   00F2 E5            [11]  258 	push	hl
   00F3 36 03         [10]  259 	ld	(hl), #0x03
                            260 ;src/entities/projectile.c:60: projectile->lifetime = 56;
   00F5 3E 38         [ 7]  261 	ld	a, #0x38
   00F7 02            [ 7]  262 	ld	(bc), a
                            263 ;src/entities/projectile.c:61: projectile->vx = (i8)(dir > 0 ? 4 : -4);
   00F8 D1            [10]  264 	pop	de
   00F9 C1            [10]  265 	pop	bc
   00FA C5            [11]  266 	push	bc
   00FB D5            [11]  267 	push	de
   00FC AF            [ 4]  268 	xor	a, a
   00FD DD 96 08      [19]  269 	sub	a, 8 (ix)
   0100 E2r05r01      [10]  270 	jp	PO, 00131$
   0103 EE 80         [ 7]  271 	xor	a, #0x80
   0105                     272 00131$:
   0105 F2r0Cr01      [10]  273 	jp	P, 00111$
   0108 3E 04         [ 7]  274 	ld	a, #0x04
   010A 18 02         [12]  275 	jr	00112$
   010C                     276 00111$:
   010C 3E FC         [ 7]  277 	ld	a, #0xfc
   010E                     278 00112$:
   010E 02            [ 7]  279 	ld	(bc), a
   010F                     280 00109$:
   010F DD F9         [10]  281 	ld	sp, ix
   0111 DD E1         [14]  282 	pop	ix
   0113 C9            [10]  283 	ret
                            284 ;src/entities/projectile.c:65: void projectileupdate(Projectile* projectile) {
                            285 ;	---------------------------------
                            286 ; Function projectileupdate
                            287 ; ---------------------------------
   0114                     288 _projectileupdate::
   0114 DD E5         [15]  289 	push	ix
   0116 DD 21 00 00   [14]  290 	ld	ix,#0
   011A DD 39         [15]  291 	add	ix,sp
   011C 3B            [ 6]  292 	dec	sp
                            293 ;src/entities/projectile.c:66: if (!projectile || !projectile->active) {
   011D DD 7E 05      [19]  294 	ld	a, 5 (ix)
   0120 DD B6 04      [19]  295 	or	a,4 (ix)
   0123 28 4A         [12]  296 	jr	Z,00109$
   0125 DD 5E 04      [19]  297 	ld	e,4 (ix)
   0128 DD 56 05      [19]  298 	ld	d,5 (ix)
   012B FD 21 06 00   [14]  299 	ld	iy, #0x0006
   012F FD 19         [15]  300 	add	iy, de
   0131 FD 7E 00      [19]  301 	ld	a, 0 (iy)
   0134 B7            [ 4]  302 	or	a, a
                            303 ;src/entities/projectile.c:67: return;
   0135 28 38         [12]  304 	jr	Z,00109$
                            305 ;src/entities/projectile.c:70: projectile->x = (u8)(projectile->x + projectile->vx);
   0137 1A            [ 7]  306 	ld	a, (de)
   0138 4F            [ 4]  307 	ld	c, a
   0139 6B            [ 4]  308 	ld	l, e
   013A 62            [ 4]  309 	ld	h, d
   013B 23            [ 6]  310 	inc	hl
   013C 23            [ 6]  311 	inc	hl
   013D 6E            [ 7]  312 	ld	l, (hl)
   013E 09            [11]  313 	add	hl, bc
   013F 7D            [ 4]  314 	ld	a, l
   0140 12            [ 7]  315 	ld	(de), a
                            316 ;src/entities/projectile.c:71: projectile->y = (u8)(projectile->y + projectile->vy);
   0141 4B            [ 4]  317 	ld	c, e
   0142 42            [ 4]  318 	ld	b, d
   0143 03            [ 6]  319 	inc	bc
   0144 0A            [ 7]  320 	ld	a, (bc)
   0145 DD 77 FF      [19]  321 	ld	-1 (ix), a
   0148 6B            [ 4]  322 	ld	l, e
   0149 62            [ 4]  323 	ld	h, d
   014A 23            [ 6]  324 	inc	hl
   014B 23            [ 6]  325 	inc	hl
   014C 23            [ 6]  326 	inc	hl
   014D 6E            [ 7]  327 	ld	l, (hl)
   014E DD 7E FF      [19]  328 	ld	a, -1 (ix)
   0151 85            [ 4]  329 	add	a, l
   0152 02            [ 7]  330 	ld	(bc), a
                            331 ;src/entities/projectile.c:73: if (projectile->lifetime) {
   0153 21 08 00      [10]  332 	ld	hl, #0x0008
   0156 19            [11]  333 	add	hl,de
   0157 4D            [ 4]  334 	ld	c, l
   0158 44            [ 4]  335 	ld	b, h
   0159 0A            [ 7]  336 	ld	a, (bc)
   015A B7            [ 4]  337 	or	a, a
   015B 28 03         [12]  338 	jr	Z,00105$
                            339 ;src/entities/projectile.c:74: projectile->lifetime--;
   015D C6 FF         [ 7]  340 	add	a, #0xff
   015F 02            [ 7]  341 	ld	(bc), a
   0160                     342 00105$:
                            343 ;src/entities/projectile.c:77: if (projectile->x > 78 || projectile->lifetime == 0) {
   0160 1A            [ 7]  344 	ld	a, (de)
   0161 5F            [ 4]  345 	ld	e, a
   0162 3E 4E         [ 7]  346 	ld	a, #0x4e
   0164 93            [ 4]  347 	sub	a, e
   0165 38 04         [12]  348 	jr	C,00106$
   0167 0A            [ 7]  349 	ld	a, (bc)
   0168 B7            [ 4]  350 	or	a, a
   0169 20 04         [12]  351 	jr	NZ,00109$
   016B                     352 00106$:
                            353 ;src/entities/projectile.c:78: projectile->active = 0;
   016B FD 36 00 00   [19]  354 	ld	0 (iy), #0x00
   016F                     355 00109$:
   016F 33            [ 6]  356 	inc	sp
   0170 DD E1         [14]  357 	pop	ix
   0172 C9            [10]  358 	ret
                            359 ;src/entities/projectile.c:82: void projectilerender(const Projectile* projectile) {
                            360 ;	---------------------------------
                            361 ; Function projectilerender
                            362 ; ---------------------------------
   0173                     363 _projectilerender::
   0173 DD E5         [15]  364 	push	ix
   0175 DD 21 00 00   [14]  365 	ld	ix,#0
   0179 DD 39         [15]  366 	add	ix,sp
   017B F5            [11]  367 	push	af
   017C 3B            [ 6]  368 	dec	sp
                            369 ;src/entities/projectile.c:86: if (!projectile || !projectile->active) {
   017D DD 7E 05      [19]  370 	ld	a, 5 (ix)
   0180 DD B6 04      [19]  371 	or	a,4 (ix)
   0183 28 6B         [12]  372 	jr	Z,00110$
   0185 DD 4E 04      [19]  373 	ld	c,4 (ix)
   0188 DD 46 05      [19]  374 	ld	b,5 (ix)
   018B C5            [11]  375 	push	bc
   018C FD E1         [14]  376 	pop	iy
   018E FD 7E 06      [19]  377 	ld	a, 6 (iy)
   0191 B7            [ 4]  378 	or	a, a
                            379 ;src/entities/projectile.c:87: return;
   0192 28 5C         [12]  380 	jr	Z,00110$
                            381 ;src/entities/projectile.c:90: if (projectile->weapon == 0) sprite = projectile_basic_sprite;
   0194 C5            [11]  382 	push	bc
   0195 FD E1         [14]  383 	pop	iy
   0197 FD 7E 09      [19]  384 	ld	a, 9 (iy)
   019A B7            [ 4]  385 	or	a, a
   019B 20 0A         [12]  386 	jr	NZ,00108$
   019D DD 36 FEr45   [19]  387 	ld	-2 (ix), #<(_projectile_basic_sprite)
   01A1 DD 36 FFs00   [19]  388 	ld	-1 (ix), #>(_projectile_basic_sprite)
   01A5 18 15         [12]  389 	jr	00109$
   01A7                     390 00108$:
                            391 ;src/entities/projectile.c:91: else if (projectile->weapon == 1) sprite = projectile_up_sprite;
   01A7 3D            [ 4]  392 	dec	a
   01A8 20 0A         [12]  393 	jr	NZ,00105$
   01AA DD 36 FEr4B   [19]  394 	ld	-2 (ix), #<(_projectile_up_sprite)
   01AE DD 36 FFs00   [19]  395 	ld	-1 (ix), #>(_projectile_up_sprite)
   01B2 18 08         [12]  396 	jr	00109$
   01B4                     397 00105$:
                            398 ;src/entities/projectile.c:92: else sprite = projectile_special_sprite;
   01B4 DD 36 FEr51   [19]  399 	ld	-2 (ix), #<(_projectile_special_sprite)
   01B8 DD 36 FFs00   [19]  400 	ld	-1 (ix), #>(_projectile_special_sprite)
   01BC                     401 00109$:
                            402 ;src/entities/projectile.c:94: pvmem = cpct_getScreenPtr(CPCT_VMEM_START, projectile->x, projectile->y);
   01BC 69            [ 4]  403 	ld	l, c
   01BD 60            [ 4]  404 	ld	h, b
   01BE 23            [ 6]  405 	inc	hl
   01BF 56            [ 7]  406 	ld	d, (hl)
   01C0 0A            [ 7]  407 	ld	a, (bc)
   01C1 C5            [11]  408 	push	bc
   01C2 5F            [ 4]  409 	ld	e, a
   01C3 D5            [11]  410 	push	de
   01C4 21 00 C0      [10]  411 	ld	hl, #0xc000
   01C7 E5            [11]  412 	push	hl
   01C8 CDr00r00      [17]  413 	call	_cpct_getScreenPtr
   01CB EB            [ 4]  414 	ex	de,hl
   01CC C1            [10]  415 	pop	bc
                            416 ;src/entities/projectile.c:95: cpct_drawSprite((u8*)sprite, pvmem, projectile->w, projectile->h);
   01CD C5            [11]  417 	push	bc
   01CE FD E1         [14]  418 	pop	iy
   01D0 FD 7E 05      [19]  419 	ld	a, 5 (iy)
   01D3 DD 77 FD      [19]  420 	ld	-3 (ix), a
   01D6 69            [ 4]  421 	ld	l, c
   01D7 60            [ 4]  422 	ld	h, b
   01D8 01 04 00      [10]  423 	ld	bc, #0x0004
   01DB 09            [11]  424 	add	hl, bc
   01DC 4E            [ 7]  425 	ld	c, (hl)
   01DD D5            [11]  426 	push	de
   01DE FD E1         [14]  427 	pop	iy
   01E0 DD 5E FE      [19]  428 	ld	e,-2 (ix)
   01E3 DD 56 FF      [19]  429 	ld	d,-1 (ix)
   01E6 DD 46 FD      [19]  430 	ld	b, -3 (ix)
   01E9 C5            [11]  431 	push	bc
   01EA FD E5         [15]  432 	push	iy
   01EC D5            [11]  433 	push	de
   01ED CDr00r00      [17]  434 	call	_cpct_drawSprite
   01F0                     435 00110$:
   01F0 DD F9         [10]  436 	ld	sp, ix
   01F2 DD E1         [14]  437 	pop	ix
   01F4 C9            [10]  438 	ret
                            439 	.area _CODE
                            440 	.area _INITIALIZER
                            441 	.area _CABS (ABS)
