                              1 ;--------------------------------------------------------
                              2 ; File Created by SDCC : free open source ANSI-C Compiler
                              3 ; Version 3.6.8 #9946 (Mac OS X ppc)
                              4 ;--------------------------------------------------------
                              5 	.module playerknight
                              6 	.optsdcc -mz80
                              7 	
                              8 ;--------------------------------------------------------
                              9 ; Public variables in this module
                             10 ;--------------------------------------------------------
                             11 	.globl _sprplayerknight_data
                             12 ;--------------------------------------------------------
                             13 ; special function registers
                             14 ;--------------------------------------------------------
                             15 ;--------------------------------------------------------
                             16 ; ram data
                             17 ;--------------------------------------------------------
                             18 	.area _DATA
                             19 ;--------------------------------------------------------
                             20 ; ram data
                             21 ;--------------------------------------------------------
                             22 	.area _INITIALIZED
                             23 ;--------------------------------------------------------
                             24 ; absolute external ram data
                             25 ;--------------------------------------------------------
                             26 	.area _DABS (ABS)
                             27 ;--------------------------------------------------------
                             28 ; global & static initialisations
                             29 ;--------------------------------------------------------
                             30 	.area _HOME
                             31 	.area _GSINIT
                             32 	.area _GSFINAL
                             33 	.area _GSINIT
                             34 ;--------------------------------------------------------
                             35 ; Home
                             36 ;--------------------------------------------------------
                             37 	.area _HOME
                             38 	.area _HOME
                             39 ;--------------------------------------------------------
                             40 ; code
                             41 ;--------------------------------------------------------
                             42 	.area _CODE
                             43 	.area _CODE
   0000                      44 _sprplayerknight_data:
   0000 3C                   45 	.db #0x3c	; 60
   0001 FF                   46 	.db #0xff	; 255
   0002 FF                   47 	.db #0xff	; 255
   0003 FF                   48 	.db #0xff	; 255
   0004 FF                   49 	.db #0xff	; 255
   0005 FF                   50 	.db #0xff	; 255
   0006 FF                   51 	.db #0xff	; 255
   0007 3C                   52 	.db #0x3c	; 60
   0008 3C                   53 	.db #0x3c	; 60
   0009 FF                   54 	.db #0xff	; 255
   000A FF                   55 	.db #0xff	; 255
   000B FF                   56 	.db #0xff	; 255
   000C FF                   57 	.db #0xff	; 255
   000D FF                   58 	.db #0xff	; 255
   000E FF                   59 	.db #0xff	; 255
   000F 3C                   60 	.db #0x3c	; 60
   0010 3C                   61 	.db #0x3c	; 60
   0011 BE                   62 	.db #0xbe	; 190
   0012 3C                   63 	.db #0x3c	; 60
   0013 3C                   64 	.db #0x3c	; 60
   0014 3C                   65 	.db #0x3c	; 60
   0015 3C                   66 	.db #0x3c	; 60
   0016 7D                   67 	.db #0x7d	; 125
   0017 3C                   68 	.db #0x3c	; 60
   0018 3C                   69 	.db #0x3c	; 60
   0019 BE                   70 	.db #0xbe	; 190
   001A FF                   71 	.db #0xff	; 255
   001B 3C                   72 	.db #0x3c	; 60
   001C 3C                   73 	.db #0x3c	; 60
   001D FF                   74 	.db #0xff	; 255
   001E 7D                   75 	.db #0x7d	; 125
   001F 3C                   76 	.db #0x3c	; 60
   0020 3C                   77 	.db #0x3c	; 60
   0021 FF                   78 	.db #0xff	; 255
   0022 FF                   79 	.db #0xff	; 255
   0023 FF                   80 	.db #0xff	; 255
   0024 FF                   81 	.db #0xff	; 255
   0025 FF                   82 	.db #0xff	; 255
   0026 FF                   83 	.db #0xff	; 255
   0027 3C                   84 	.db #0x3c	; 60
   0028 3C                   85 	.db #0x3c	; 60
   0029 3C                   86 	.db #0x3c	; 60
   002A EA                   87 	.db #0xea	; 234
   002B C0                   88 	.db #0xc0	; 192
   002C C0                   89 	.db #0xc0	; 192
   002D D5                   90 	.db #0xd5	; 213
   002E 3C                   91 	.db #0x3c	; 60
   002F 3C                   92 	.db #0x3c	; 60
   0030 FF                   93 	.db #0xff	; 255
   0031 BE                   94 	.db #0xbe	; 190
   0032 C0                   95 	.db #0xc0	; 192
   0033 C0                   96 	.db #0xc0	; 192
   0034 C0                   97 	.db #0xc0	; 192
   0035 94                   98 	.db #0x94	; 148
   0036 FF                   99 	.db #0xff	; 255
   0037 BE                  100 	.db #0xbe	; 190
   0038 68                  101 	.db #0x68	; 104	'h'
   0039 D5                  102 	.db #0xd5	; 213
   003A C0                  103 	.db #0xc0	; 192
   003B C0                  104 	.db #0xc0	; 192
   003C C0                  105 	.db #0xc0	; 192
   003D D5                  106 	.db #0xd5	; 213
   003E C0                  107 	.db #0xc0	; 192
   003F 3C                  108 	.db #0x3c	; 60
   0040 68                  109 	.db #0x68	; 104	'h'
   0041 D5                  110 	.db #0xd5	; 213
   0042 D5                  111 	.db #0xd5	; 213
   0043 C0                  112 	.db #0xc0	; 192
   0044 C0                  113 	.db #0xc0	; 192
   0045 FF                  114 	.db #0xff	; 255
   0046 C0                  115 	.db #0xc0	; 192
   0047 3C                  116 	.db #0x3c	; 60
   0048 68                  117 	.db #0x68	; 104	'h'
   0049 D5                  118 	.db #0xd5	; 213
   004A 3C                  119 	.db #0x3c	; 60
   004B 3C                  120 	.db #0x3c	; 60
   004C 3C                  121 	.db #0x3c	; 60
   004D 7D                  122 	.db #0x7d	; 125
   004E C0                  123 	.db #0xc0	; 192
   004F 3C                  124 	.db #0x3c	; 60
   0050 68                  125 	.db #0x68	; 104	'h'
   0051 D5                  126 	.db #0xd5	; 213
   0052 C0                  127 	.db #0xc0	; 192
   0053 C0                  128 	.db #0xc0	; 192
   0054 C0                  129 	.db #0xc0	; 192
   0055 D5                  130 	.db #0xd5	; 213
   0056 C0                  131 	.db #0xc0	; 192
   0057 3C                  132 	.db #0x3c	; 60
   0058 68                  133 	.db #0x68	; 104	'h'
   0059 D5                  134 	.db #0xd5	; 213
   005A C0                  135 	.db #0xc0	; 192
   005B C0                  136 	.db #0xc0	; 192
   005C C0                  137 	.db #0xc0	; 192
   005D D5                  138 	.db #0xd5	; 213
   005E C0                  139 	.db #0xc0	; 192
   005F 3C                  140 	.db #0x3c	; 60
   0060 68                  141 	.db #0x68	; 104	'h'
   0061 D5                  142 	.db #0xd5	; 213
   0062 C0                  143 	.db #0xc0	; 192
   0063 C0                  144 	.db #0xc0	; 192
   0064 C0                  145 	.db #0xc0	; 192
   0065 D5                  146 	.db #0xd5	; 213
   0066 C0                  147 	.db #0xc0	; 192
   0067 3C                  148 	.db #0x3c	; 60
   0068 68                  149 	.db #0x68	; 104	'h'
   0069 D5                  150 	.db #0xd5	; 213
   006A C0                  151 	.db #0xc0	; 192
   006B C0                  152 	.db #0xc0	; 192
   006C C0                  153 	.db #0xc0	; 192
   006D D5                  154 	.db #0xd5	; 213
   006E C0                  155 	.db #0xc0	; 192
   006F 3C                  156 	.db #0x3c	; 60
   0070 68                  157 	.db #0x68	; 104	'h'
   0071 D5                  158 	.db #0xd5	; 213
   0072 C0                  159 	.db #0xc0	; 192
   0073 C0                  160 	.db #0xc0	; 192
   0074 C0                  161 	.db #0xc0	; 192
   0075 D5                  162 	.db #0xd5	; 213
   0076 C0                  163 	.db #0xc0	; 192
   0077 3C                  164 	.db #0x3c	; 60
   0078 68                  165 	.db #0x68	; 104	'h'
   0079 D5                  166 	.db #0xd5	; 213
   007A C0                  167 	.db #0xc0	; 192
   007B C0                  168 	.db #0xc0	; 192
   007C C0                  169 	.db #0xc0	; 192
   007D D5                  170 	.db #0xd5	; 213
   007E C0                  171 	.db #0xc0	; 192
   007F 3C                  172 	.db #0x3c	; 60
   0080 68                  173 	.db #0x68	; 104	'h'
   0081 D5                  174 	.db #0xd5	; 213
   0082 C0                  175 	.db #0xc0	; 192
   0083 C0                  176 	.db #0xc0	; 192
   0084 C0                  177 	.db #0xc0	; 192
   0085 D5                  178 	.db #0xd5	; 213
   0086 C0                  179 	.db #0xc0	; 192
   0087 3C                  180 	.db #0x3c	; 60
   0088 3C                  181 	.db #0x3c	; 60
   0089 7D                  182 	.db #0x7d	; 125
   008A C0                  183 	.db #0xc0	; 192
   008B 3C                  184 	.db #0x3c	; 60
   008C 3C                  185 	.db #0x3c	; 60
   008D C0                  186 	.db #0xc0	; 192
   008E BE                  187 	.db #0xbe	; 190
   008F 3C                  188 	.db #0x3c	; 60
   0090 3C                  189 	.db #0x3c	; 60
   0091 68                  190 	.db #0x68	; 104	'h'
   0092 C0                  191 	.db #0xc0	; 192
   0093 3C                  192 	.db #0x3c	; 60
   0094 3C                  193 	.db #0x3c	; 60
   0095 C0                  194 	.db #0xc0	; 192
   0096 94                  195 	.db #0x94	; 148
   0097 3C                  196 	.db #0x3c	; 60
   0098 3C                  197 	.db #0x3c	; 60
   0099 68                  198 	.db #0x68	; 104	'h'
   009A C0                  199 	.db #0xc0	; 192
   009B 3C                  200 	.db #0x3c	; 60
   009C 3C                  201 	.db #0x3c	; 60
   009D C0                  202 	.db #0xc0	; 192
   009E 94                  203 	.db #0x94	; 148
   009F 3C                  204 	.db #0x3c	; 60
   00A0 3C                  205 	.db #0x3c	; 60
   00A1 68                  206 	.db #0x68	; 104	'h'
   00A2 C0                  207 	.db #0xc0	; 192
   00A3 3C                  208 	.db #0x3c	; 60
   00A4 3C                  209 	.db #0x3c	; 60
   00A5 C0                  210 	.db #0xc0	; 192
   00A6 94                  211 	.db #0x94	; 148
   00A7 3C                  212 	.db #0x3c	; 60
   00A8 3C                  213 	.db #0x3c	; 60
   00A9 68                  214 	.db #0x68	; 104	'h'
   00AA C0                  215 	.db #0xc0	; 192
   00AB 3C                  216 	.db #0x3c	; 60
   00AC 3C                  217 	.db #0x3c	; 60
   00AD C0                  218 	.db #0xc0	; 192
   00AE 94                  219 	.db #0x94	; 148
   00AF 3C                  220 	.db #0x3c	; 60
   00B0 3C                  221 	.db #0x3c	; 60
   00B1 FF                  222 	.db #0xff	; 255
   00B2 FF                  223 	.db #0xff	; 255
   00B3 3C                  224 	.db #0x3c	; 60
   00B4 3C                  225 	.db #0x3c	; 60
   00B5 FF                  226 	.db #0xff	; 255
   00B6 BE                  227 	.db #0xbe	; 190
   00B7 3C                  228 	.db #0x3c	; 60
   00B8 3C                  229 	.db #0x3c	; 60
   00B9 FF                  230 	.db #0xff	; 255
   00BA FF                  231 	.db #0xff	; 255
   00BB 3C                  232 	.db #0x3c	; 60
   00BC 3C                  233 	.db #0x3c	; 60
   00BD FF                  234 	.db #0xff	; 255
   00BE BE                  235 	.db #0xbe	; 190
   00BF 3C                  236 	.db #0x3c	; 60
                            237 	.area _INITIALIZER
                            238 	.area _CABS (ABS)
