                              1 ;--------------------------------------------------------
                              2 ; File Created by SDCC : free open source ANSI-C Compiler
                              3 ; Version 3.6.8 #9946 (Mac OS X ppc)
                              4 ;--------------------------------------------------------
                              5 	.module game
                              6 	.optsdcc -mz80
                              7 	
                              8 ;--------------------------------------------------------
                              9 ; Public variables in this module
                             10 ;--------------------------------------------------------
                             11 	.globl _hudrender
                             12 	.globl _hudupdate
                             13 	.globl _hudinit
                             14 	.globl _projectilerender
                             15 	.globl _projectileupdate
                             16 	.globl _projectilefire
                             17 	.globl _projectileinit
                             18 	.globl _enemydamage
                             19 	.globl _enemyrender
                             20 	.globl _enemyupdate
                             21 	.globl _enemyspawn
                             22 	.globl _enemyinit
                             23 	.globl _playerrender
                             24 	.globl _playerupdate
                             25 	.globl _playerinit
                             26 	.globl _collision_is_on_trap
                             27 	.globl _collision_init
                             28 	.globl _input_is_shoot_just_pressed
                             29 	.globl _input_update
                             30 	.globl _tilemap_goal_x
                             31 	.globl _tilemap_ground_y
                             32 	.globl _tilemap_render
                             33 	.globl _tilemap_init
                             34 	.globl _cpct_getScreenPtr
                             35 	.globl _cpct_setPALColour
                             36 	.globl _cpct_setPalette
                             37 	.globl _cpct_setVideoMode
                             38 	.globl _cpct_drawSolidBox
                             39 	.globl _cpct_px2byteM0
                             40 	.globl _cpct_memset
                             41 	.globl _cpct_disableFirmware
                             42 	.globl _game_init
                             43 	.globl _game_update
                             44 	.globl _game_render
                             45 ;--------------------------------------------------------
                             46 ; special function registers
                             47 ;--------------------------------------------------------
                             48 ;--------------------------------------------------------
                             49 ; ram data
                             50 ;--------------------------------------------------------
                             51 	.area _DATA
   0000                      52 _g_player:
   0000                      53 	.ds 9
   0009                      54 _g_enemies:
   0009                      55 	.ds 60
   0045                      56 _g_projectiles:
   0045                      57 	.ds 60
   0081                      58 _g_lives:
   0081                      59 	.ds 1
   0082                      60 _g_score:
   0082                      61 	.ds 2
   0084                      62 _g_timeleft:
   0084                      63 	.ds 1
   0085                      64 _g_weapondisplay:
   0085                      65 	.ds 1
   0086                      66 _g_currentwave:
   0086                      67 	.ds 1
   0087                      68 _g_aliveenemies:
   0087                      69 	.ds 1
   0088                      70 _g_wavecooldown:
   0088                      71 	.ds 1
   0089                      72 _g_damagecooldown:
   0089                      73 	.ds 1
   008A                      74 _g_shootcooldown:
   008A                      75 	.ds 1
   008B                      76 _g_victory:
   008B                      77 	.ds 1
   008C                      78 _g_gameover:
   008C                      79 	.ds 1
   008D                      80 _g_framecounter:
   008D                      81 	.ds 2
   008F                      82 _g_checkpointx:
   008F                      83 	.ds 1
   0090                      84 _g_checkpointy:
   0090                      85 	.ds 1
   0091                      86 _g_checkpointactive:
   0091                      87 	.ds 1
   0092                      88 _g_boss:
   0092                      89 	.ds 10
   009C                      90 _g_bossactive:
   009C                      91 	.ds 1
   009D                      92 _g_bossphase:
   009D                      93 	.ds 1
   009E                      94 _g_weaponlevel:
   009E                      95 	.ds 1
   009F                      96 _g_pickuptaken:
   009F                      97 	.ds 1
                             98 ;--------------------------------------------------------
                             99 ; ram data
                            100 ;--------------------------------------------------------
                            101 	.area _INITIALIZED
                            102 ;--------------------------------------------------------
                            103 ; absolute external ram data
                            104 ;--------------------------------------------------------
                            105 	.area _DABS (ABS)
                            106 ;--------------------------------------------------------
                            107 ; global & static initialisations
                            108 ;--------------------------------------------------------
                            109 	.area _HOME
                            110 	.area _GSINIT
                            111 	.area _GSFINAL
                            112 	.area _GSINIT
                            113 ;--------------------------------------------------------
                            114 ; Home
                            115 ;--------------------------------------------------------
                            116 	.area _HOME
                            117 	.area _HOME
                            118 ;--------------------------------------------------------
                            119 ; code
                            120 ;--------------------------------------------------------
                            121 	.area _CODE
                            122 ;src/game.c:41: static void reset_player_to_checkpoint(void) {
                            123 ;	---------------------------------
                            124 ; Function reset_player_to_checkpoint
                            125 ; ---------------------------------
   0000                     126 _reset_player_to_checkpoint:
                            127 ;src/game.c:42: g_player.x = g_checkpointx;
   0000 21r00r00      [10]  128 	ld	hl, #_g_player
   0003 3Ar8Fr00      [13]  129 	ld	a,(#_g_checkpointx + 0)
   0006 77            [ 7]  130 	ld	(hl), a
                            131 ;src/game.c:43: g_player.y = g_checkpointy;
   0007 21r01r00      [10]  132 	ld	hl, #(_g_player + 0x0001)
   000A 3Ar90r00      [13]  133 	ld	a,(#_g_checkpointy + 0)
   000D 77            [ 7]  134 	ld	(hl), a
                            135 ;src/game.c:44: g_player.vx = 0;
   000E 21r02r00      [10]  136 	ld	hl, #(_g_player + 0x0002)
   0011 36 00         [10]  137 	ld	(hl), #0x00
                            138 ;src/game.c:45: g_player.vy = 0;
   0013 21r03r00      [10]  139 	ld	hl, #(_g_player + 0x0003)
   0016 36 00         [10]  140 	ld	(hl), #0x00
   0018 C9            [10]  141 	ret
                            142 ;src/game.c:48: static u8 rect_overlap(i16 ax, i16 ay, u8 aw, u8 ah, i16 bx, i16 by, u8 bw, u8 bh) {
                            143 ;	---------------------------------
                            144 ; Function rect_overlap
                            145 ; ---------------------------------
   0019                     146 _rect_overlap:
   0019 DD E5         [15]  147 	push	ix
   001B DD 21 00 00   [14]  148 	ld	ix,#0
   001F DD 39         [15]  149 	add	ix,sp
                            150 ;src/game.c:49: if (ax + aw <= bx) return 0;
   0021 DD 4E 08      [19]  151 	ld	c, 8 (ix)
   0024 06 00         [ 7]  152 	ld	b, #0x00
   0026 DD 6E 04      [19]  153 	ld	l,4 (ix)
   0029 DD 66 05      [19]  154 	ld	h,5 (ix)
   002C 09            [11]  155 	add	hl, bc
   002D DD 7E 0A      [19]  156 	ld	a, 10 (ix)
   0030 95            [ 4]  157 	sub	a, l
   0031 DD 7E 0B      [19]  158 	ld	a, 11 (ix)
   0034 9C            [ 4]  159 	sbc	a, h
   0035 E2r3Ar00      [10]  160 	jp	PO, 00127$
   0038 EE 80         [ 7]  161 	xor	a, #0x80
   003A                     162 00127$:
   003A FAr41r00      [10]  163 	jp	M, 00102$
   003D 2E 00         [ 7]  164 	ld	l, #0x00
   003F 18 62         [12]  165 	jr	00109$
   0041                     166 00102$:
                            167 ;src/game.c:50: if (bx + bw <= ax) return 0;
   0041 DD 4E 0E      [19]  168 	ld	c, 14 (ix)
   0044 06 00         [ 7]  169 	ld	b, #0x00
   0046 DD 6E 0A      [19]  170 	ld	l,10 (ix)
   0049 DD 66 0B      [19]  171 	ld	h,11 (ix)
   004C 09            [11]  172 	add	hl, bc
   004D DD 7E 04      [19]  173 	ld	a, 4 (ix)
   0050 95            [ 4]  174 	sub	a, l
   0051 DD 7E 05      [19]  175 	ld	a, 5 (ix)
   0054 9C            [ 4]  176 	sbc	a, h
   0055 E2r5Ar00      [10]  177 	jp	PO, 00128$
   0058 EE 80         [ 7]  178 	xor	a, #0x80
   005A                     179 00128$:
   005A FAr61r00      [10]  180 	jp	M, 00104$
   005D 2E 00         [ 7]  181 	ld	l, #0x00
   005F 18 42         [12]  182 	jr	00109$
   0061                     183 00104$:
                            184 ;src/game.c:51: if (ay + ah <= by) return 0;
   0061 DD 4E 09      [19]  185 	ld	c, 9 (ix)
   0064 06 00         [ 7]  186 	ld	b, #0x00
   0066 DD 6E 06      [19]  187 	ld	l,6 (ix)
   0069 DD 66 07      [19]  188 	ld	h,7 (ix)
   006C 09            [11]  189 	add	hl, bc
   006D DD 7E 0C      [19]  190 	ld	a, 12 (ix)
   0070 95            [ 4]  191 	sub	a, l
   0071 DD 7E 0D      [19]  192 	ld	a, 13 (ix)
   0074 9C            [ 4]  193 	sbc	a, h
   0075 E2r7Ar00      [10]  194 	jp	PO, 00129$
   0078 EE 80         [ 7]  195 	xor	a, #0x80
   007A                     196 00129$:
   007A FAr81r00      [10]  197 	jp	M, 00106$
   007D 2E 00         [ 7]  198 	ld	l, #0x00
   007F 18 22         [12]  199 	jr	00109$
   0081                     200 00106$:
                            201 ;src/game.c:52: if (by + bh <= ay) return 0;
   0081 DD 4E 0F      [19]  202 	ld	c, 15 (ix)
   0084 06 00         [ 7]  203 	ld	b, #0x00
   0086 DD 6E 0C      [19]  204 	ld	l,12 (ix)
   0089 DD 66 0D      [19]  205 	ld	h,13 (ix)
   008C 09            [11]  206 	add	hl, bc
   008D DD 7E 06      [19]  207 	ld	a, 6 (ix)
   0090 95            [ 4]  208 	sub	a, l
   0091 DD 7E 07      [19]  209 	ld	a, 7 (ix)
   0094 9C            [ 4]  210 	sbc	a, h
   0095 E2r9Ar00      [10]  211 	jp	PO, 00130$
   0098 EE 80         [ 7]  212 	xor	a, #0x80
   009A                     213 00130$:
   009A FArA1r00      [10]  214 	jp	M, 00108$
   009D 2E 00         [ 7]  215 	ld	l, #0x00
   009F 18 02         [12]  216 	jr	00109$
   00A1                     217 00108$:
                            218 ;src/game.c:53: return 1;
   00A1 2E 01         [ 7]  219 	ld	l, #0x01
   00A3                     220 00109$:
   00A3 DD E1         [14]  221 	pop	ix
   00A5 C9            [10]  222 	ret
                            223 ;src/game.c:56: static void spawn_wave(u8 wave) {
                            224 ;	---------------------------------
                            225 ; Function spawn_wave
                            226 ; ---------------------------------
   00A6                     227 _spawn_wave:
   00A6 DD E5         [15]  228 	push	ix
   00A8 DD 21 00 00   [14]  229 	ld	ix,#0
   00AC DD 39         [15]  230 	add	ix,sp
   00AE F5            [11]  231 	push	af
   00AF F5            [11]  232 	push	af
   00B0 3B            [ 6]  233 	dec	sp
                            234 ;src/game.c:60: for (i = 0; i < MAX_ENEMIES; ++i) {
   00B1 01r09r00      [10]  235 	ld	bc, #_g_enemies+0
   00B4 1E 00         [ 7]  236 	ld	e, #0x00
   00B6                     237 00117$:
                            238 ;src/game.c:61: enemyinit(&g_enemies[i]);
   00B6 D5            [11]  239 	push	de
   00B7 16 00         [ 7]  240 	ld	d,#0x00
   00B9 6B            [ 4]  241 	ld	l, e
   00BA 62            [ 4]  242 	ld	h, d
   00BB 29            [11]  243 	add	hl, hl
   00BC 29            [11]  244 	add	hl, hl
   00BD 19            [11]  245 	add	hl, de
   00BE 29            [11]  246 	add	hl, hl
   00BF D1            [10]  247 	pop	de
   00C0 09            [11]  248 	add	hl, bc
   00C1 C5            [11]  249 	push	bc
   00C2 D5            [11]  250 	push	de
   00C3 E5            [11]  251 	push	hl
   00C4 CDr00r00      [17]  252 	call	_enemyinit
   00C7 F1            [10]  253 	pop	af
   00C8 D1            [10]  254 	pop	de
   00C9 C1            [10]  255 	pop	bc
                            256 ;src/game.c:60: for (i = 0; i < MAX_ENEMIES; ++i) {
   00CA 1C            [ 4]  257 	inc	e
   00CB 7B            [ 4]  258 	ld	a, e
   00CC D6 06         [ 7]  259 	sub	a, #0x06
   00CE 38 E6         [12]  260 	jr	C,00117$
                            261 ;src/game.c:65: else if (wave == 1) count = 3;
   00D0 DD 7E 04      [19]  262 	ld	a, 4 (ix)
   00D3 3D            [ 4]  263 	dec	a
   00D4 20 04         [12]  264 	jr	NZ,00190$
   00D6 3E 01         [ 7]  265 	ld	a,#0x01
   00D8 18 01         [12]  266 	jr	00191$
   00DA                     267 00190$:
   00DA AF            [ 4]  268 	xor	a,a
   00DB                     269 00191$:
   00DB 5F            [ 4]  270 	ld	e, a
                            271 ;src/game.c:64: if (wave == 0) count = 2;
   00DC DD 7E 04      [19]  272 	ld	a, 4 (ix)
   00DF B7            [ 4]  273 	or	a, a
   00E0 20 06         [12]  274 	jr	NZ,00106$
   00E2 DD 36 FB 02   [19]  275 	ld	-5 (ix), #0x02
   00E6 18 0E         [12]  276 	jr	00107$
   00E8                     277 00106$:
                            278 ;src/game.c:65: else if (wave == 1) count = 3;
   00E8 7B            [ 4]  279 	ld	a, e
   00E9 B7            [ 4]  280 	or	a, a
   00EA 28 06         [12]  281 	jr	Z,00103$
   00EC DD 36 FB 03   [19]  282 	ld	-5 (ix), #0x03
   00F0 18 04         [12]  283 	jr	00107$
   00F2                     284 00103$:
                            285 ;src/game.c:66: else count = 4;
   00F2 DD 36 FB 04   [19]  286 	ld	-5 (ix), #0x04
   00F6                     287 00107$:
                            288 ;src/game.c:68: if (count > MAX_ENEMIES) count = MAX_ENEMIES;
   00F6 3E 06         [ 7]  289 	ld	a, #0x06
   00F8 DD 96 FB      [19]  290 	sub	a, -5 (ix)
   00FB 30 04         [12]  291 	jr	NC,00148$
   00FD DD 36 FB 06   [19]  292 	ld	-5 (ix), #0x06
                            293 ;src/game.c:70: for (i = 0; i < count; ++i) {
   0101                     294 00148$:
   0101 DD 73 FD      [19]  295 	ld	-3 (ix), e
   0104 DD 36 FC 00   [19]  296 	ld	-4 (ix), #0x00
   0108                     297 00120$:
   0108 DD 7E FC      [19]  298 	ld	a, -4 (ix)
   010B DD 96 FB      [19]  299 	sub	a, -5 (ix)
   010E D2r9Br01      [10]  300 	jp	NC, 00116$
                            301 ;src/game.c:73: if (wave == 0) type = 0;
   0111 DD 7E 04      [19]  302 	ld	a, 4 (ix)
   0114 B7            [ 4]  303 	or	a,a
   0115 20 03         [12]  304 	jr	NZ,00114$
   0117 5F            [ 4]  305 	ld	e,a
   0118 18 27         [12]  306 	jr	00115$
   011A                     307 00114$:
                            308 ;src/game.c:74: else if (wave == 1) type = (u8)((i == 0) ? 1 : 0);
   011A DD 7E FD      [19]  309 	ld	a, -3 (ix)
   011D B7            [ 4]  310 	or	a, a
   011E 28 0E         [12]  311 	jr	Z,00111$
   0120 DD 7E FC      [19]  312 	ld	a, -4 (ix)
   0123 B7            [ 4]  313 	or	a, a
   0124 20 04         [12]  314 	jr	NZ,00124$
   0126 1E 01         [ 7]  315 	ld	e, #0x01
   0128 18 17         [12]  316 	jr	00115$
   012A                     317 00124$:
   012A 1E 00         [ 7]  318 	ld	e, #0x00
   012C 18 13         [12]  319 	jr	00115$
   012E                     320 00111$:
                            321 ;src/game.c:75: else type = (u8)((i == 0 || i == 3) ? 2 : 1);
   012E DD 7E FC      [19]  322 	ld	a, -4 (ix)
   0131 B7            [ 4]  323 	or	a, a
   0132 28 07         [12]  324 	jr	Z,00129$
   0134 DD 7E FC      [19]  325 	ld	a, -4 (ix)
   0137 D6 03         [ 7]  326 	sub	a, #0x03
   0139 20 04         [12]  327 	jr	NZ,00126$
   013B                     328 00129$:
   013B 1E 02         [ 7]  329 	ld	e, #0x02
   013D 18 02         [12]  330 	jr	00127$
   013F                     331 00126$:
   013F 1E 01         [ 7]  332 	ld	e, #0x01
   0141                     333 00127$:
   0141                     334 00115$:
                            335 ;src/game.c:77: spawn_y = (type == 2) ? 84 : 112;
   0141 7B            [ 4]  336 	ld	a, e
   0142 D6 02         [ 7]  337 	sub	a, #0x02
   0144 20 04         [12]  338 	jr	NZ,00131$
   0146 16 54         [ 7]  339 	ld	d, #0x54
   0148 18 02         [12]  340 	jr	00132$
   014A                     341 00131$:
   014A 16 70         [ 7]  342 	ld	d, #0x70
   014C                     343 00132$:
                            344 ;src/game.c:78: enemyspawn(&g_enemies[i], (u8)(46 + (i * 8)), spawn_y, type, (u8)((i & 1) ? 1 : 0));
   014C DD CB FC 46   [20]  345 	bit	0, -4 (ix)
   0150 28 06         [12]  346 	jr	Z,00133$
   0152 DD 36 FF 01   [19]  347 	ld	-1 (ix), #0x01
   0156 18 04         [12]  348 	jr	00134$
   0158                     349 00133$:
   0158 DD 36 FF 00   [19]  350 	ld	-1 (ix), #0x00
   015C                     351 00134$:
   015C DD 7E FC      [19]  352 	ld	a, -4 (ix)
   015F 07            [ 4]  353 	rlca
   0160 07            [ 4]  354 	rlca
   0161 07            [ 4]  355 	rlca
   0162 E6 F8         [ 7]  356 	and	a, #0xf8
   0164 C6 2E         [ 7]  357 	add	a, #0x2e
   0166 DD 77 FE      [19]  358 	ld	-2 (ix), a
   0169 D5            [11]  359 	push	de
   016A DD 5E FC      [19]  360 	ld	e,-4 (ix)
   016D 16 00         [ 7]  361 	ld	d,#0x00
   016F 6B            [ 4]  362 	ld	l, e
   0170 62            [ 4]  363 	ld	h, d
   0171 29            [11]  364 	add	hl, hl
   0172 29            [11]  365 	add	hl, hl
   0173 19            [11]  366 	add	hl, de
   0174 29            [11]  367 	add	hl, hl
   0175 D1            [10]  368 	pop	de
   0176 09            [11]  369 	add	hl, bc
   0177 E5            [11]  370 	push	hl
   0178 FD E1         [14]  371 	pop	iy
   017A C5            [11]  372 	push	bc
   017B DD 7E FF      [19]  373 	ld	a, -1 (ix)
   017E F5            [11]  374 	push	af
   017F 33            [ 6]  375 	inc	sp
   0180 7B            [ 4]  376 	ld	a, e
   0181 F5            [11]  377 	push	af
   0182 33            [ 6]  378 	inc	sp
   0183 D5            [11]  379 	push	de
   0184 33            [ 6]  380 	inc	sp
   0185 DD 7E FE      [19]  381 	ld	a, -2 (ix)
   0188 F5            [11]  382 	push	af
   0189 33            [ 6]  383 	inc	sp
   018A FD E5         [15]  384 	push	iy
   018C CDr00r00      [17]  385 	call	_enemyspawn
   018F 21 06 00      [10]  386 	ld	hl, #6
   0192 39            [11]  387 	add	hl, sp
   0193 F9            [ 6]  388 	ld	sp, hl
   0194 C1            [10]  389 	pop	bc
                            390 ;src/game.c:70: for (i = 0; i < count; ++i) {
   0195 DD 34 FC      [23]  391 	inc	-4 (ix)
   0198 C3r08r01      [10]  392 	jp	00120$
   019B                     393 00116$:
                            394 ;src/game.c:81: g_aliveenemies = count;
   019B DD 7E FB      [19]  395 	ld	a, -5 (ix)
   019E 32r87r00      [13]  396 	ld	(#_g_aliveenemies + 0),a
   01A1 DD F9         [10]  397 	ld	sp, ix
   01A3 DD E1         [14]  398 	pop	ix
   01A5 C9            [10]  399 	ret
                            400 ;src/game.c:84: static void spawn_boss(void) {
                            401 ;	---------------------------------
                            402 ; Function spawn_boss
                            403 ; ---------------------------------
   01A6                     404 _spawn_boss:
                            405 ;src/game.c:85: enemyinit(&g_boss);
   01A6 21r92r00      [10]  406 	ld	hl, #_g_boss
   01A9 E5            [11]  407 	push	hl
   01AA CDr00r00      [17]  408 	call	_enemyinit
   01AD F1            [10]  409 	pop	af
                            410 ;src/game.c:86: enemyspawn(&g_boss, 68, 112, 1, 0);
   01AE 21 01 00      [10]  411 	ld	hl, #0x0001
   01B1 E5            [11]  412 	push	hl
   01B2 21 44 70      [10]  413 	ld	hl, #0x7044
   01B5 E5            [11]  414 	push	hl
   01B6 21r92r00      [10]  415 	ld	hl, #_g_boss
   01B9 E5            [11]  416 	push	hl
   01BA CDr00r00      [17]  417 	call	_enemyspawn
   01BD 21 06 00      [10]  418 	ld	hl, #6
   01C0 39            [11]  419 	add	hl, sp
   01C1 F9            [ 6]  420 	ld	sp, hl
                            421 ;src/game.c:87: g_boss.w = 10;
   01C2 21r96r00      [10]  422 	ld	hl, #(_g_boss + 0x0004)
   01C5 36 0A         [10]  423 	ld	(hl), #0x0a
                            424 ;src/game.c:88: g_boss.h = 18;
   01C7 21r97r00      [10]  425 	ld	hl, #(_g_boss + 0x0005)
   01CA 36 12         [10]  426 	ld	(hl), #0x12
                            427 ;src/game.c:89: g_boss.health = 10;
   01CC 21r99r00      [10]  428 	ld	hl, #(_g_boss + 0x0007)
   01CF 36 0A         [10]  429 	ld	(hl), #0x0a
                            430 ;src/game.c:90: g_boss.reward = 1500;
   01D1 21r9Ar00      [10]  431 	ld	hl, #(_g_boss + 0x0008)
   01D4 36 DC         [10]  432 	ld	(hl), #0xdc
                            433 ;src/game.c:91: g_boss.kind = 3;
   01D6 21r9Br00      [10]  434 	ld	hl, #(_g_boss + 0x0009)
   01D9 36 03         [10]  435 	ld	(hl), #0x03
                            436 ;src/game.c:92: g_boss.vx = -1;
   01DB 21r94r00      [10]  437 	ld	hl, #(_g_boss + 0x0002)
   01DE 36 FF         [10]  438 	ld	(hl), #0xff
                            439 ;src/game.c:93: g_bossactive = 1;
   01E0 21r9Cr00      [10]  440 	ld	hl,#_g_bossactive + 0
   01E3 36 01         [10]  441 	ld	(hl), #0x01
                            442 ;src/game.c:94: g_bossphase = 0;
   01E5 21r9Dr00      [10]  443 	ld	hl,#_g_bossphase + 0
   01E8 36 00         [10]  444 	ld	(hl), #0x00
   01EA C9            [10]  445 	ret
                            446 ;src/game.c:97: static void try_fire_projectile(void) {
                            447 ;	---------------------------------
                            448 ; Function try_fire_projectile
                            449 ; ---------------------------------
   01EB                     450 _try_fire_projectile:
   01EB DD E5         [15]  451 	push	ix
   01ED DD 21 00 00   [14]  452 	ld	ix,#0
   01F1 DD 39         [15]  453 	add	ix,sp
   01F3 F5            [11]  454 	push	af
   01F4 3B            [ 6]  455 	dec	sp
                            456 ;src/game.c:101: if (!input_is_shoot_just_pressed()) return;
   01F5 CDr00r00      [17]  457 	call	_input_is_shoot_just_pressed
   01F8 7D            [ 4]  458 	ld	a, l
   01F9 B7            [ 4]  459 	or	a, a
   01FA CAr8Cr02      [10]  460 	jp	Z,00110$
                            461 ;src/game.c:102: if (g_shootcooldown) return;
   01FD 3Ar8Ar00      [13]  462 	ld	a,(#_g_shootcooldown + 0)
   0200 B7            [ 4]  463 	or	a, a
   0201 C2r8Cr02      [10]  464 	jp	NZ,00110$
                            465 ;src/game.c:104: dir = g_player.facing_left ? -3 : 3;
   0204 3Ar07r00      [13]  466 	ld	a, (#_g_player + 7)
   0207 B7            [ 4]  467 	or	a, a
   0208 28 04         [12]  468 	jr	Z,00112$
   020A 0E FD         [ 7]  469 	ld	c, #0xfd
   020C 18 02         [12]  470 	jr	00113$
   020E                     471 00112$:
   020E 0E 03         [ 7]  472 	ld	c, #0x03
   0210                     473 00113$:
                            474 ;src/game.c:106: for (i = 0; i < MAX_PROJECTILES; ++i) {
   0210 DD 36 FF 00   [19]  475 	ld	-1 (ix), #0x00
   0214 06 00         [ 7]  476 	ld	b, #0x00
   0216                     477 00108$:
                            478 ;src/game.c:107: if (!g_projectiles[i].active) {
   0216 58            [ 4]  479 	ld	e,b
   0217 16 00         [ 7]  480 	ld	d,#0x00
   0219 6B            [ 4]  481 	ld	l, e
   021A 62            [ 4]  482 	ld	h, d
   021B 29            [11]  483 	add	hl, hl
   021C 29            [11]  484 	add	hl, hl
   021D 19            [11]  485 	add	hl, de
   021E 29            [11]  486 	add	hl, hl
   021F 11r45r00      [10]  487 	ld	de, #_g_projectiles
   0222 19            [11]  488 	add	hl, de
   0223 11 06 00      [10]  489 	ld	de, #0x0006
   0226 19            [11]  490 	add	hl, de
   0227 7E            [ 7]  491 	ld	a, (hl)
   0228 B7            [ 4]  492 	or	a, a
   0229 20 58         [12]  493 	jr	NZ,00109$
                            494 ;src/game.c:109: projectilefire(&g_projectiles[i], (u8)(g_player.x + 2), (u8)(g_player.y + 6), dir, g_weaponlevel > 0 ? 1 : 0);
   022B 3Ar9Er00      [13]  495 	ld	a,(#_g_weaponlevel + 0)
   022E B7            [ 4]  496 	or	a, a
   022F 28 06         [12]  497 	jr	Z,00114$
   0231 DD 36 FE 01   [19]  498 	ld	-2 (ix), #0x01
   0235 18 04         [12]  499 	jr	00115$
   0237                     500 00114$:
   0237 DD 36 FE 00   [19]  501 	ld	-2 (ix), #0x00
   023B                     502 00115$:
   023B 3Ar01r00      [13]  503 	ld	a, (#_g_player + 1)
   023E C6 06         [ 7]  504 	add	a, #0x06
   0240 DD 77 FD      [19]  505 	ld	-3 (ix), a
   0243 21r00r00      [10]  506 	ld	hl, #_g_player + 0
   0246 46            [ 7]  507 	ld	b, (hl)
   0247 04            [ 4]  508 	inc	b
   0248 04            [ 4]  509 	inc	b
   0249 DD 5E FF      [19]  510 	ld	e,-1 (ix)
   024C 16 00         [ 7]  511 	ld	d,#0x00
   024E 6B            [ 4]  512 	ld	l, e
   024F 62            [ 4]  513 	ld	h, d
   0250 29            [11]  514 	add	hl, hl
   0251 29            [11]  515 	add	hl, hl
   0252 19            [11]  516 	add	hl, de
   0253 29            [11]  517 	add	hl, hl
   0254 11r45r00      [10]  518 	ld	de, #_g_projectiles
   0257 19            [11]  519 	add	hl, de
   0258 EB            [ 4]  520 	ex	de,hl
   0259 DD 7E FE      [19]  521 	ld	a, -2 (ix)
   025C F5            [11]  522 	push	af
   025D 33            [ 6]  523 	inc	sp
   025E 79            [ 4]  524 	ld	a, c
   025F F5            [11]  525 	push	af
   0260 33            [ 6]  526 	inc	sp
   0261 DD 7E FD      [19]  527 	ld	a, -3 (ix)
   0264 F5            [11]  528 	push	af
   0265 33            [ 6]  529 	inc	sp
   0266 C5            [11]  530 	push	bc
   0267 33            [ 6]  531 	inc	sp
   0268 D5            [11]  532 	push	de
   0269 CDr00r00      [17]  533 	call	_projectilefire
   026C 21 06 00      [10]  534 	ld	hl, #6
   026F 39            [11]  535 	add	hl, sp
   0270 F9            [ 6]  536 	ld	sp, hl
                            537 ;src/game.c:110: g_shootcooldown = g_weaponlevel > 0 ? 4 : 8;
   0271 3Ar9Er00      [13]  538 	ld	a,(#_g_weaponlevel + 0)
   0274 B7            [ 4]  539 	or	a, a
   0275 28 04         [12]  540 	jr	Z,00116$
   0277 0E 04         [ 7]  541 	ld	c, #0x04
   0279 18 02         [12]  542 	jr	00117$
   027B                     543 00116$:
   027B 0E 08         [ 7]  544 	ld	c, #0x08
   027D                     545 00117$:
   027D 21r8Ar00      [10]  546 	ld	hl,#_g_shootcooldown + 0
   0280 71            [ 7]  547 	ld	(hl), c
                            548 ;src/game.c:111: break;
   0281 18 09         [12]  549 	jr	00110$
   0283                     550 00109$:
                            551 ;src/game.c:106: for (i = 0; i < MAX_PROJECTILES; ++i) {
   0283 04            [ 4]  552 	inc	b
   0284 DD 70 FF      [19]  553 	ld	-1 (ix), b
   0287 78            [ 4]  554 	ld	a, b
   0288 D6 06         [ 7]  555 	sub	a, #0x06
   028A 38 8A         [12]  556 	jr	C,00108$
   028C                     557 00110$:
   028C DD F9         [10]  558 	ld	sp, ix
   028E DD E1         [14]  559 	pop	ix
   0290 C9            [10]  560 	ret
                            561 ;src/game.c:116: static void register_player_hit(void) {
                            562 ;	---------------------------------
                            563 ; Function register_player_hit
                            564 ; ---------------------------------
   0291                     565 _register_player_hit:
                            566 ;src/game.c:117: if (g_lives) {
   0291 FD 21r81r00   [14]  567 	ld	iy, #_g_lives
   0295 FD 7E 00      [19]  568 	ld	a, 0 (iy)
   0298 B7            [ 4]  569 	or	a, a
   0299 28 03         [12]  570 	jr	Z,00102$
                            571 ;src/game.c:118: g_lives--;
   029B FD 35 00      [23]  572 	dec	0 (iy)
   029E                     573 00102$:
                            574 ;src/game.c:120: if (g_lives == 0) {
   029E 3Ar81r00      [13]  575 	ld	a,(#_g_lives + 0)
   02A1 B7            [ 4]  576 	or	a, a
   02A2 20 06         [12]  577 	jr	NZ,00104$
                            578 ;src/game.c:121: g_gameover = 1;
   02A4 21r8Cr00      [10]  579 	ld	hl,#_g_gameover + 0
   02A7 36 01         [10]  580 	ld	(hl), #0x01
                            581 ;src/game.c:122: return;
   02A9 C9            [10]  582 	ret
   02AA                     583 00104$:
                            584 ;src/game.c:125: reset_player_to_checkpoint();
   02AA CDr00r00      [17]  585 	call	_reset_player_to_checkpoint
                            586 ;src/game.c:126: g_damagecooldown = 40;
   02AD 21r89r00      [10]  587 	ld	hl,#_g_damagecooldown + 0
   02B0 36 28         [10]  588 	ld	(hl), #0x28
   02B2 C9            [10]  589 	ret
                            590 ;src/game.c:129: void game_init(void) {
                            591 ;	---------------------------------
                            592 ; Function game_init
                            593 ; ---------------------------------
   02B3                     594 _game_init::
                            595 ;src/game.c:132: cpct_disableFirmware();
   02B3 CDr00r00      [17]  596 	call	_cpct_disableFirmware
                            597 ;src/game.c:133: cpct_setVideoMode(0);
   02B6 2E 00         [ 7]  598 	ld	l, #0x00
   02B8 CDr00r00      [17]  599 	call	_cpct_setVideoMode
                            600 ;src/game.c:134: cpct_setPalette((u8*)gpalette, GPALETTE_SIZE);
   02BB 21 10 00      [10]  601 	ld	hl, #0x0010
   02BE E5            [11]  602 	push	hl
   02BF 21r00r00      [10]  603 	ld	hl, #_gpalette
   02C2 E5            [11]  604 	push	hl
   02C3 CDr00r00      [17]  605 	call	_cpct_setPalette
                            606 ;src/game.c:135: cpct_setBorder(gpalette[0]);
   02C6 21r00r00      [10]  607 	ld	hl, #_gpalette + 0
   02C9 46            [ 7]  608 	ld	b, (hl)
   02CA C5            [11]  609 	push	bc
   02CB 33            [ 6]  610 	inc	sp
   02CC 3E 10         [ 7]  611 	ld	a, #0x10
   02CE F5            [11]  612 	push	af
   02CF 33            [ 6]  613 	inc	sp
   02D0 CDr00r00      [17]  614 	call	_cpct_setPALColour
                            615 ;src/game.c:136: cpct_clearScreen(0x00);
   02D3 21 00 40      [10]  616 	ld	hl, #0x4000
   02D6 E5            [11]  617 	push	hl
   02D7 AF            [ 4]  618 	xor	a, a
   02D8 F5            [11]  619 	push	af
   02D9 33            [ 6]  620 	inc	sp
   02DA 26 C0         [ 7]  621 	ld	h, #0xc0
   02DC E5            [11]  622 	push	hl
   02DD CDr00r00      [17]  623 	call	_cpct_memset
                            624 ;src/game.c:137: tilemap_init();
   02E0 CDr00r00      [17]  625 	call	_tilemap_init
                            626 ;src/game.c:138: collision_init();
   02E3 CDr00r00      [17]  627 	call	_collision_init
                            628 ;src/game.c:139: playerinit(&g_player);
   02E6 21r00r00      [10]  629 	ld	hl, #_g_player
   02E9 E5            [11]  630 	push	hl
   02EA CDr00r00      [17]  631 	call	_playerinit
   02ED F1            [10]  632 	pop	af
                            633 ;src/game.c:140: hudinit();
   02EE CDr00r00      [17]  634 	call	_hudinit
                            635 ;src/game.c:142: for (i = 0; i < MAX_PROJECTILES; ++i) {
   02F1 0E 00         [ 7]  636 	ld	c, #0x00
   02F3                     637 00102$:
                            638 ;src/game.c:143: projectileinit(&g_projectiles[i]);
   02F3 06 00         [ 7]  639 	ld	b,#0x00
   02F5 69            [ 4]  640 	ld	l, c
   02F6 60            [ 4]  641 	ld	h, b
   02F7 29            [11]  642 	add	hl, hl
   02F8 29            [11]  643 	add	hl, hl
   02F9 09            [11]  644 	add	hl, bc
   02FA 29            [11]  645 	add	hl, hl
   02FB 11r45r00      [10]  646 	ld	de, #_g_projectiles
   02FE 19            [11]  647 	add	hl, de
   02FF C5            [11]  648 	push	bc
   0300 E5            [11]  649 	push	hl
   0301 CDr00r00      [17]  650 	call	_projectileinit
   0304 F1            [10]  651 	pop	af
   0305 C1            [10]  652 	pop	bc
                            653 ;src/game.c:142: for (i = 0; i < MAX_PROJECTILES; ++i) {
   0306 0C            [ 4]  654 	inc	c
   0307 79            [ 4]  655 	ld	a, c
   0308 D6 06         [ 7]  656 	sub	a, #0x06
   030A 38 E7         [12]  657 	jr	C,00102$
                            658 ;src/game.c:146: g_lives = 3;
   030C 21r81r00      [10]  659 	ld	hl,#_g_lives + 0
   030F 36 03         [10]  660 	ld	(hl), #0x03
                            661 ;src/game.c:147: g_score = 0;
   0311 21 00 00      [10]  662 	ld	hl, #0x0000
   0314 22r82r00      [16]  663 	ld	(_g_score), hl
                            664 ;src/game.c:148: g_timeleft = 99;
   0317 FD 21r84r00   [14]  665 	ld	iy, #_g_timeleft
   031B FD 36 00 63   [19]  666 	ld	0 (iy), #0x63
                            667 ;src/game.c:149: g_weapondisplay = 1;
   031F FD 21r85r00   [14]  668 	ld	iy, #_g_weapondisplay
   0323 FD 36 00 01   [19]  669 	ld	0 (iy), #0x01
                            670 ;src/game.c:150: g_currentwave = 0;
   0327 FD 21r86r00   [14]  671 	ld	iy, #_g_currentwave
   032B FD 36 00 00   [19]  672 	ld	0 (iy), #0x00
                            673 ;src/game.c:151: g_wavecooldown = 1;
   032F FD 21r88r00   [14]  674 	ld	iy, #_g_wavecooldown
   0333 FD 36 00 01   [19]  675 	ld	0 (iy), #0x01
                            676 ;src/game.c:152: g_damagecooldown = 0;
   0337 FD 21r89r00   [14]  677 	ld	iy, #_g_damagecooldown
   033B FD 36 00 00   [19]  678 	ld	0 (iy), #0x00
                            679 ;src/game.c:153: g_shootcooldown = 0;
   033F FD 21r8Ar00   [14]  680 	ld	iy, #_g_shootcooldown
   0343 FD 36 00 00   [19]  681 	ld	0 (iy), #0x00
                            682 ;src/game.c:154: g_victory = 0;
   0347 FD 21r8Br00   [14]  683 	ld	iy, #_g_victory
   034B FD 36 00 00   [19]  684 	ld	0 (iy), #0x00
                            685 ;src/game.c:155: g_gameover = 0;
   034F FD 21r8Cr00   [14]  686 	ld	iy, #_g_gameover
   0353 FD 36 00 00   [19]  687 	ld	0 (iy), #0x00
                            688 ;src/game.c:156: g_framecounter = 0;
   0357 2E 00         [ 7]  689 	ld	l, #0x00
   0359 22r8Dr00      [16]  690 	ld	(_g_framecounter), hl
                            691 ;src/game.c:157: g_checkpointx = 20;
   035C 21r8Fr00      [10]  692 	ld	hl,#_g_checkpointx + 0
   035F 36 14         [10]  693 	ld	(hl), #0x14
                            694 ;src/game.c:158: g_checkpointy = 120;
   0361 21r90r00      [10]  695 	ld	hl,#_g_checkpointy + 0
   0364 36 78         [10]  696 	ld	(hl), #0x78
                            697 ;src/game.c:159: g_checkpointactive = 0;
   0366 21r91r00      [10]  698 	ld	hl,#_g_checkpointactive + 0
   0369 36 00         [10]  699 	ld	(hl), #0x00
                            700 ;src/game.c:160: g_bossactive = 0;
   036B 21r9Cr00      [10]  701 	ld	hl,#_g_bossactive + 0
   036E 36 00         [10]  702 	ld	(hl), #0x00
                            703 ;src/game.c:161: g_weaponlevel = 0;
   0370 21r9Er00      [10]  704 	ld	hl,#_g_weaponlevel + 0
   0373 36 00         [10]  705 	ld	(hl), #0x00
                            706 ;src/game.c:162: g_pickuptaken = 0;
   0375 21r9Fr00      [10]  707 	ld	hl,#_g_pickuptaken + 0
   0378 36 00         [10]  708 	ld	(hl), #0x00
                            709 ;src/game.c:163: enemyinit(&g_boss);
   037A 21r92r00      [10]  710 	ld	hl, #_g_boss
   037D E5            [11]  711 	push	hl
   037E CDr00r00      [17]  712 	call	_enemyinit
   0381 F1            [10]  713 	pop	af
   0382 C9            [10]  714 	ret
                            715 ;src/game.c:166: void game_update(void) {
                            716 ;	---------------------------------
                            717 ; Function game_update
                            718 ; ---------------------------------
   0383                     719 _game_update::
   0383 DD E5         [15]  720 	push	ix
   0385 DD 21 00 00   [14]  721 	ld	ix,#0
   0389 DD 39         [15]  722 	add	ix,sp
   038B 21 E7 FF      [10]  723 	ld	hl, #-25
   038E 39            [11]  724 	add	hl, sp
   038F F9            [ 6]  725 	ld	sp, hl
                            726 ;src/game.c:170: input_update();
   0390 CDr00r00      [17]  727 	call	_input_update
                            728 ;src/game.c:172: if (g_gameover || g_victory) {
   0393 3Ar8Cr00      [13]  729 	ld	a,(#_g_gameover + 0)
   0396 B7            [ 4]  730 	or	a, a
   0397 20 06         [12]  731 	jr	NZ,00101$
   0399 3Ar8Br00      [13]  732 	ld	a,(#_g_victory + 0)
   039C B7            [ 4]  733 	or	a, a
   039D 28 1C         [12]  734 	jr	Z,00102$
   039F                     735 00101$:
                            736 ;src/game.c:173: hudupdate(g_lives, g_score, g_timeleft, g_weapondisplay);
   039F 3Ar85r00      [13]  737 	ld	a, (_g_weapondisplay)
   03A2 F5            [11]  738 	push	af
   03A3 33            [ 6]  739 	inc	sp
   03A4 3Ar84r00      [13]  740 	ld	a, (_g_timeleft)
   03A7 F5            [11]  741 	push	af
   03A8 33            [ 6]  742 	inc	sp
   03A9 2Ar82r00      [16]  743 	ld	hl, (_g_score)
   03AC E5            [11]  744 	push	hl
   03AD 3Ar81r00      [13]  745 	ld	a, (_g_lives)
   03B0 F5            [11]  746 	push	af
   03B1 33            [ 6]  747 	inc	sp
   03B2 CDr00r00      [17]  748 	call	_hudupdate
   03B5 F1            [10]  749 	pop	af
   03B6 F1            [10]  750 	pop	af
   03B7 33            [ 6]  751 	inc	sp
                            752 ;src/game.c:174: return;
   03B8 C3rA4r09      [10]  753 	jp	00181$
   03BB                     754 00102$:
                            755 ;src/game.c:177: playerupdate(&g_player);
   03BB 21r00r00      [10]  756 	ld	hl, #_g_player
   03BE E5            [11]  757 	push	hl
   03BF CDr00r00      [17]  758 	call	_playerupdate
   03C2 F1            [10]  759 	pop	af
                            760 ;src/game.c:178: try_fire_projectile();
   03C3 CDrEBr01      [17]  761 	call	_try_fire_projectile
                            762 ;src/game.c:180: if (g_shootcooldown) g_shootcooldown--;
   03C6 FD 21r8Ar00   [14]  763 	ld	iy, #_g_shootcooldown
   03CA FD 7E 00      [19]  764 	ld	a, 0 (iy)
   03CD B7            [ 4]  765 	or	a, a
   03CE 28 03         [12]  766 	jr	Z,00105$
   03D0 FD 35 00      [23]  767 	dec	0 (iy)
   03D3                     768 00105$:
                            769 ;src/game.c:181: if (g_damagecooldown) g_damagecooldown--;
   03D3 FD 21r89r00   [14]  770 	ld	iy, #_g_damagecooldown
   03D7 FD 7E 00      [19]  771 	ld	a, 0 (iy)
   03DA B7            [ 4]  772 	or	a, a
   03DB 28 03         [12]  773 	jr	Z,00192$
   03DD FD 35 00      [23]  774 	dec	0 (iy)
                            775 ;src/game.c:183: for (i = 0; i < MAX_PROJECTILES; ++i) {
   03E0                     776 00192$:
   03E0 0E 00         [ 7]  777 	ld	c, #0x00
   03E2                     778 00174$:
                            779 ;src/game.c:184: projectileupdate(&g_projectiles[i]);
   03E2 06 00         [ 7]  780 	ld	b,#0x00
   03E4 69            [ 4]  781 	ld	l, c
   03E5 60            [ 4]  782 	ld	h, b
   03E6 29            [11]  783 	add	hl, hl
   03E7 29            [11]  784 	add	hl, hl
   03E8 09            [11]  785 	add	hl, bc
   03E9 29            [11]  786 	add	hl, hl
   03EA 11r45r00      [10]  787 	ld	de, #_g_projectiles
   03ED 19            [11]  788 	add	hl, de
   03EE C5            [11]  789 	push	bc
   03EF E5            [11]  790 	push	hl
   03F0 CDr00r00      [17]  791 	call	_projectileupdate
   03F3 F1            [10]  792 	pop	af
   03F4 C1            [10]  793 	pop	bc
                            794 ;src/game.c:183: for (i = 0; i < MAX_PROJECTILES; ++i) {
   03F5 0C            [ 4]  795 	inc	c
   03F6 79            [ 4]  796 	ld	a, c
   03F7 D6 06         [ 7]  797 	sub	a, #0x06
   03F9 38 E7         [12]  798 	jr	C,00174$
                            799 ;src/game.c:187: for (i = 0; i < MAX_ENEMIES; ++i) {
   03FB 0E 00         [ 7]  800 	ld	c, #0x00
   03FD                     801 00176$:
                            802 ;src/game.c:188: enemyupdate(&g_enemies[i]);
   03FD 06 00         [ 7]  803 	ld	b,#0x00
   03FF 69            [ 4]  804 	ld	l, c
   0400 60            [ 4]  805 	ld	h, b
   0401 29            [11]  806 	add	hl, hl
   0402 29            [11]  807 	add	hl, hl
   0403 09            [11]  808 	add	hl, bc
   0404 29            [11]  809 	add	hl, hl
   0405 11r09r00      [10]  810 	ld	de, #_g_enemies
   0408 19            [11]  811 	add	hl, de
   0409 C5            [11]  812 	push	bc
   040A E5            [11]  813 	push	hl
   040B CDr00r00      [17]  814 	call	_enemyupdate
   040E F1            [10]  815 	pop	af
   040F C1            [10]  816 	pop	bc
                            817 ;src/game.c:187: for (i = 0; i < MAX_ENEMIES; ++i) {
   0410 0C            [ 4]  818 	inc	c
   0411 79            [ 4]  819 	ld	a, c
   0412 D6 06         [ 7]  820 	sub	a, #0x06
   0414 38 E7         [12]  821 	jr	C,00176$
                            822 ;src/game.c:191: if (g_bossactive) {
   0416 3Ar9Cr00      [13]  823 	ld	a,(#_g_bossactive + 0)
   0419 B7            [ 4]  824 	or	a, a
   041A 28 71         [12]  825 	jr	Z,00211$
                            826 ;src/game.c:192: if (g_boss.health > 4) g_bossphase = 0;
   041C 21r99r00      [10]  827 	ld	hl, #_g_boss + 7
   041F 4E            [ 7]  828 	ld	c, (hl)
   0420 3E 04         [ 7]  829 	ld	a, #0x04
   0422 91            [ 4]  830 	sub	a, c
   0423 30 07         [12]  831 	jr	NC,00111$
   0425 21r9Dr00      [10]  832 	ld	hl,#_g_bossphase + 0
   0428 36 00         [10]  833 	ld	(hl), #0x00
   042A 18 05         [12]  834 	jr	00112$
   042C                     835 00111$:
                            836 ;src/game.c:193: else g_bossphase = 1;
   042C 21r9Dr00      [10]  837 	ld	hl,#_g_bossphase + 0
   042F 36 01         [10]  838 	ld	(hl), #0x01
   0431                     839 00112$:
                            840 ;src/game.c:195: g_boss.vx = (i8)(g_player.x + 2 < g_boss.x ? -(g_bossphase ? 2 : 1) : (g_bossphase ? 2 : 1));
   0431 3Ar00r00      [13]  841 	ld	a,(#_g_player + 0)
   0434 DD 77 FF      [19]  842 	ld	-1 (ix), a
   0437 DD 77 FD      [19]  843 	ld	-3 (ix), a
   043A DD 36 FE 00   [19]  844 	ld	-2 (ix), #0x00
   043E DD 7E FD      [19]  845 	ld	a, -3 (ix)
   0441 C6 02         [ 7]  846 	add	a, #0x02
   0443 DD 77 FD      [19]  847 	ld	-3 (ix), a
   0446 DD 7E FE      [19]  848 	ld	a, -2 (ix)
   0449 CE 00         [ 7]  849 	adc	a, #0x00
   044B DD 77 FE      [19]  850 	ld	-2 (ix), a
   044E 21r92r00      [10]  851 	ld	hl, #_g_boss + 0
   0451 4E            [ 7]  852 	ld	c, (hl)
   0452 06 00         [ 7]  853 	ld	b, #0x00
   0454 DD 7E FD      [19]  854 	ld	a, -3 (ix)
   0457 91            [ 4]  855 	sub	a, c
   0458 DD 7E FE      [19]  856 	ld	a, -2 (ix)
   045B 98            [ 4]  857 	sbc	a, b
   045C E2r61r04      [10]  858 	jp	PO, 00380$
   045F EE 80         [ 7]  859 	xor	a, #0x80
   0461                     860 00380$:
   0461 F2r75r04      [10]  861 	jp	P, 00183$
   0464 3Ar9Dr00      [13]  862 	ld	a,(#_g_bossphase + 0)
   0467 B7            [ 4]  863 	or	a, a
   0468 28 04         [12]  864 	jr	Z,00185$
   046A 0E 02         [ 7]  865 	ld	c, #0x02
   046C 18 02         [12]  866 	jr	00186$
   046E                     867 00185$:
   046E 0E 01         [ 7]  868 	ld	c, #0x01
   0470                     869 00186$:
   0470 AF            [ 4]  870 	xor	a, a
   0471 91            [ 4]  871 	sub	a, c
   0472 4F            [ 4]  872 	ld	c, a
   0473 18 0C         [12]  873 	jr	00184$
   0475                     874 00183$:
   0475 3Ar9Dr00      [13]  875 	ld	a,(#_g_bossphase + 0)
   0478 B7            [ 4]  876 	or	a, a
   0479 28 04         [12]  877 	jr	Z,00187$
   047B 0E 02         [ 7]  878 	ld	c, #0x02
   047D 18 02         [12]  879 	jr	00188$
   047F                     880 00187$:
   047F 0E 01         [ 7]  881 	ld	c, #0x01
   0481                     882 00188$:
   0481                     883 00184$:
   0481 21r94r00      [10]  884 	ld	hl, #(_g_boss + 0x0002)
   0484 71            [ 7]  885 	ld	(hl), c
                            886 ;src/game.c:196: enemyupdate(&g_boss);
   0485 21r92r00      [10]  887 	ld	hl, #_g_boss
   0488 E5            [11]  888 	push	hl
   0489 CDr00r00      [17]  889 	call	_enemyupdate
   048C F1            [10]  890 	pop	af
                            891 ;src/game.c:199: for (i = 0; i < MAX_PROJECTILES; ++i) {
   048D                     892 00211$:
   048D 0E 00         [ 7]  893 	ld	c, #0x00
   048F                     894 00179$:
                            895 ;src/game.c:200: if (!g_projectiles[i].active) continue;
   048F 06 00         [ 7]  896 	ld	b,#0x00
   0491 69            [ 4]  897 	ld	l, c
   0492 60            [ 4]  898 	ld	h, b
   0493 29            [11]  899 	add	hl, hl
   0494 29            [11]  900 	add	hl, hl
   0495 09            [11]  901 	add	hl, bc
   0496 29            [11]  902 	add	hl, hl
   0497 EB            [ 4]  903 	ex	de,hl
   0498 21r45r00      [10]  904 	ld	hl, #_g_projectiles
   049B 19            [11]  905 	add	hl,de
   049C EB            [ 4]  906 	ex	de,hl
   049D 21 06 00      [10]  907 	ld	hl, #0x0006
   04A0 19            [11]  908 	add	hl,de
   04A1 DD 75 FD      [19]  909 	ld	-3 (ix), l
   04A4 DD 74 FE      [19]  910 	ld	-2 (ix), h
   04A7 7E            [ 7]  911 	ld	a, (hl)
   04A8 B7            [ 4]  912 	or	a, a
   04A9 CArCAr06      [10]  913 	jp	Z, 00133$
                            914 ;src/game.c:201: for (j = 0; j < MAX_ENEMIES; ++j) {
   04AC DD 36 E7 00   [19]  915 	ld	-25 (ix), #0x00
   04B0                     916 00178$:
                            917 ;src/game.c:202: if (!g_enemies[j].active) continue;
   04B0 D5            [11]  918 	push	de
   04B1 DD 5E E7      [19]  919 	ld	e,-25 (ix)
   04B4 16 00         [ 7]  920 	ld	d,#0x00
   04B6 6B            [ 4]  921 	ld	l, e
   04B7 62            [ 4]  922 	ld	h, d
   04B8 29            [11]  923 	add	hl, hl
   04B9 29            [11]  924 	add	hl, hl
   04BA 19            [11]  925 	add	hl, de
   04BB 29            [11]  926 	add	hl, hl
   04BC D1            [10]  927 	pop	de
   04BD 3Er09         [ 7]  928 	ld	a, #<(_g_enemies)
   04BF 85            [ 4]  929 	add	a, l
   04C0 DD 77 FB      [19]  930 	ld	-5 (ix), a
   04C3 3Es00         [ 7]  931 	ld	a, #>(_g_enemies)
   04C5 8C            [ 4]  932 	adc	a, h
   04C6 DD 77 FC      [19]  933 	ld	-4 (ix), a
   04C9 DD 6E FB      [19]  934 	ld	l,-5 (ix)
   04CC DD 66 FC      [19]  935 	ld	h,-4 (ix)
   04CF C5            [11]  936 	push	bc
   04D0 01 06 00      [10]  937 	ld	bc, #0x0006
   04D3 09            [11]  938 	add	hl, bc
   04D4 C1            [10]  939 	pop	bc
   04D5 46            [ 7]  940 	ld	b, (hl)
                            941 ;src/game.c:203: if (!rect_overlap((i16)g_projectiles[i].x, (i16)g_projectiles[i].y, g_projectiles[i].w, g_projectiles[i].h,
   04D6 21 05 00      [10]  942 	ld	hl, #0x0005
   04D9 19            [11]  943 	add	hl,de
   04DA DD 75 F9      [19]  944 	ld	-7 (ix), l
   04DD DD 74 FA      [19]  945 	ld	-6 (ix), h
   04E0 21 04 00      [10]  946 	ld	hl, #0x0004
   04E3 19            [11]  947 	add	hl,de
   04E4 DD 75 F7      [19]  948 	ld	-9 (ix), l
   04E7 DD 74 F8      [19]  949 	ld	-8 (ix), h
   04EA 21 01 00      [10]  950 	ld	hl, #0x0001
   04ED 19            [11]  951 	add	hl,de
   04EE DD 75 F5      [19]  952 	ld	-11 (ix), l
   04F1 DD 74 F6      [19]  953 	ld	-10 (ix), h
                            954 ;src/game.c:205: if (enemydamage(&g_enemies[j], g_projectiles[i].damage)) {
   04F4 21 07 00      [10]  955 	ld	hl, #0x0007
   04F7 19            [11]  956 	add	hl,de
   04F8 DD 75 F3      [19]  957 	ld	-13 (ix), l
   04FB DD 74 F4      [19]  958 	ld	-12 (ix), h
                            959 ;src/game.c:202: if (!g_enemies[j].active) continue;
   04FE 78            [ 4]  960 	ld	a, b
   04FF B7            [ 4]  961 	or	a, a
   0500 CArF8r05      [10]  962 	jp	Z, 00125$
                            963 ;src/game.c:204: (i16)g_enemies[j].x, (i16)g_enemies[j].y, g_enemies[j].w, g_enemies[j].h)) continue;
   0503 DD 6E FB      [19]  964 	ld	l,-5 (ix)
   0506 DD 66 FC      [19]  965 	ld	h,-4 (ix)
   0509 23            [ 6]  966 	inc	hl
   050A 23            [ 6]  967 	inc	hl
   050B 23            [ 6]  968 	inc	hl
   050C 23            [ 6]  969 	inc	hl
   050D 23            [ 6]  970 	inc	hl
   050E 7E            [ 7]  971 	ld	a, (hl)
   050F DD 77 FF      [19]  972 	ld	-1 (ix), a
   0512 DD 6E FB      [19]  973 	ld	l,-5 (ix)
   0515 DD 66 FC      [19]  974 	ld	h,-4 (ix)
   0518 23            [ 6]  975 	inc	hl
   0519 23            [ 6]  976 	inc	hl
   051A 23            [ 6]  977 	inc	hl
   051B 23            [ 6]  978 	inc	hl
   051C 7E            [ 7]  979 	ld	a, (hl)
   051D DD 77 F2      [19]  980 	ld	-14 (ix), a
   0520 DD 6E FB      [19]  981 	ld	l,-5 (ix)
   0523 DD 66 FC      [19]  982 	ld	h,-4 (ix)
   0526 23            [ 6]  983 	inc	hl
   0527 46            [ 7]  984 	ld	b, (hl)
   0528 DD 70 F0      [19]  985 	ld	-16 (ix), b
   052B DD 36 F1 00   [19]  986 	ld	-15 (ix), #0x00
   052F DD 6E FB      [19]  987 	ld	l,-5 (ix)
   0532 DD 66 FC      [19]  988 	ld	h,-4 (ix)
   0535 46            [ 7]  989 	ld	b, (hl)
   0536 DD 70 EE      [19]  990 	ld	-18 (ix), b
   0539 DD 36 EF 00   [19]  991 	ld	-17 (ix), #0x00
                            992 ;src/game.c:203: if (!rect_overlap((i16)g_projectiles[i].x, (i16)g_projectiles[i].y, g_projectiles[i].w, g_projectiles[i].h,
   053D DD 6E F9      [19]  993 	ld	l,-7 (ix)
   0540 DD 66 FA      [19]  994 	ld	h,-6 (ix)
   0543 7E            [ 7]  995 	ld	a, (hl)
   0544 DD 77 ED      [19]  996 	ld	-19 (ix), a
   0547 DD 6E F7      [19]  997 	ld	l,-9 (ix)
   054A DD 66 F8      [19]  998 	ld	h,-8 (ix)
   054D 46            [ 7]  999 	ld	b, (hl)
   054E DD 6E F5      [19] 1000 	ld	l,-11 (ix)
   0551 DD 66 F6      [19] 1001 	ld	h,-10 (ix)
   0554 6E            [ 7] 1002 	ld	l, (hl)
   0555 DD 75 EB      [19] 1003 	ld	-21 (ix), l
   0558 DD 36 EC 00   [19] 1004 	ld	-20 (ix), #0x00
   055C 1A            [ 7] 1005 	ld	a, (de)
   055D DD 77 E9      [19] 1006 	ld	-23 (ix), a
   0560 DD 36 EA 00   [19] 1007 	ld	-22 (ix), #0x00
   0564 C5            [11] 1008 	push	bc
   0565 D5            [11] 1009 	push	de
   0566 DD 66 FF      [19] 1010 	ld	h, -1 (ix)
   0569 DD 6E F2      [19] 1011 	ld	l, -14 (ix)
   056C E5            [11] 1012 	push	hl
   056D DD 6E F0      [19] 1013 	ld	l,-16 (ix)
   0570 DD 66 F1      [19] 1014 	ld	h,-15 (ix)
   0573 E5            [11] 1015 	push	hl
   0574 DD 6E EE      [19] 1016 	ld	l,-18 (ix)
   0577 DD 66 EF      [19] 1017 	ld	h,-17 (ix)
   057A E5            [11] 1018 	push	hl
   057B DD 7E ED      [19] 1019 	ld	a, -19 (ix)
   057E F5            [11] 1020 	push	af
   057F 33            [ 6] 1021 	inc	sp
   0580 C5            [11] 1022 	push	bc
   0581 33            [ 6] 1023 	inc	sp
   0582 DD 6E EB      [19] 1024 	ld	l,-21 (ix)
   0585 DD 66 EC      [19] 1025 	ld	h,-20 (ix)
   0588 E5            [11] 1026 	push	hl
   0589 DD 6E E9      [19] 1027 	ld	l,-23 (ix)
   058C DD 66 EA      [19] 1028 	ld	h,-22 (ix)
   058F E5            [11] 1029 	push	hl
   0590 CDr19r00      [17] 1030 	call	_rect_overlap
   0593 FD 21 0C 00   [14] 1031 	ld	iy, #12
   0597 FD 39         [15] 1032 	add	iy, sp
   0599 FD F9         [10] 1033 	ld	sp, iy
   059B D1            [10] 1034 	pop	de
   059C C1            [10] 1035 	pop	bc
   059D 7D            [ 4] 1036 	ld	a, l
   059E B7            [ 4] 1037 	or	a, a
   059F 28 57         [12] 1038 	jr	Z,00125$
                           1039 ;src/game.c:205: if (enemydamage(&g_enemies[j], g_projectiles[i].damage)) {
   05A1 DD 6E F3      [19] 1040 	ld	l,-13 (ix)
   05A4 DD 66 F4      [19] 1041 	ld	h,-12 (ix)
   05A7 66            [ 7] 1042 	ld	h, (hl)
   05A8 DD 6E FB      [19] 1043 	ld	l, -5 (ix)
   05AB DD 46 FC      [19] 1044 	ld	b, -4 (ix)
   05AE C5            [11] 1045 	push	bc
   05AF D5            [11] 1046 	push	de
   05B0 E5            [11] 1047 	push	hl
   05B1 33            [ 6] 1048 	inc	sp
   05B2 60            [ 4] 1049 	ld	h, b
   05B3 E5            [11] 1050 	push	hl
   05B4 CDr00r00      [17] 1051 	call	_enemydamage
   05B7 F1            [10] 1052 	pop	af
   05B8 33            [ 6] 1053 	inc	sp
   05B9 D1            [10] 1054 	pop	de
   05BA C1            [10] 1055 	pop	bc
   05BB 7D            [ 4] 1056 	ld	a, l
   05BC B7            [ 4] 1057 	or	a, a
   05BD 28 2F         [12] 1058 	jr	Z,00124$
                           1059 ;src/game.c:206: g_score = (u16)(g_score + g_enemies[j].reward);
   05BF DD 6E FB      [19] 1060 	ld	l,-5 (ix)
   05C2 DD 66 FC      [19] 1061 	ld	h,-4 (ix)
   05C5 C5            [11] 1062 	push	bc
   05C6 01 08 00      [10] 1063 	ld	bc, #0x0008
   05C9 09            [11] 1064 	add	hl, bc
   05CA C1            [10] 1065 	pop	bc
   05CB 6E            [ 7] 1066 	ld	l, (hl)
   05CC DD 75 E9      [19] 1067 	ld	-23 (ix), l
   05CF DD 36 EA 00   [19] 1068 	ld	-22 (ix), #0x00
   05D3 21r82r00      [10] 1069 	ld	hl, #_g_score
   05D6 7E            [ 7] 1070 	ld	a, (hl)
   05D7 DD 86 E9      [19] 1071 	add	a, -23 (ix)
   05DA 77            [ 7] 1072 	ld	(hl), a
   05DB 23            [ 6] 1073 	inc	hl
   05DC 7E            [ 7] 1074 	ld	a, (hl)
   05DD DD 8E EA      [19] 1075 	adc	a, -22 (ix)
   05E0 77            [ 7] 1076 	ld	(hl), a
                           1077 ;src/game.c:207: if (g_aliveenemies) g_aliveenemies--;
   05E1 FD 21r87r00   [14] 1078 	ld	iy, #_g_aliveenemies
   05E5 FD 7E 00      [19] 1079 	ld	a, 0 (iy)
   05E8 B7            [ 4] 1080 	or	a, a
   05E9 28 03         [12] 1081 	jr	Z,00124$
   05EB FD 35 00      [23] 1082 	dec	0 (iy)
   05EE                    1083 00124$:
                           1084 ;src/game.c:209: g_projectiles[i].active = 0;
   05EE DD 6E FD      [19] 1085 	ld	l,-3 (ix)
   05F1 DD 66 FE      [19] 1086 	ld	h,-2 (ix)
   05F4 36 00         [10] 1087 	ld	(hl), #0x00
                           1088 ;src/game.c:210: break;
   05F6 18 0B         [12] 1089 	jr	00126$
   05F8                    1090 00125$:
                           1091 ;src/game.c:201: for (j = 0; j < MAX_ENEMIES; ++j) {
   05F8 DD 34 E7      [23] 1092 	inc	-25 (ix)
   05FB DD 7E E7      [19] 1093 	ld	a, -25 (ix)
   05FE D6 06         [ 7] 1094 	sub	a, #0x06
   0600 DArB0r04      [10] 1095 	jp	C, 00178$
   0603                    1096 00126$:
                           1097 ;src/game.c:213: if (g_bossactive && g_projectiles[i].active && rect_overlap((i16)g_projectiles[i].x, (i16)g_projectiles[i].y, g_projectiles[i].w, g_projectiles[i].h,
   0603 3Ar9Cr00      [13] 1098 	ld	a,(#_g_bossactive + 0)
   0606 B7            [ 4] 1099 	or	a, a
   0607 CArCAr06      [10] 1100 	jp	Z, 00133$
   060A DD 6E FD      [19] 1101 	ld	l,-3 (ix)
   060D DD 66 FE      [19] 1102 	ld	h,-2 (ix)
   0610 7E            [ 7] 1103 	ld	a, (hl)
   0611 B7            [ 4] 1104 	or	a, a
   0612 CArCAr06      [10] 1105 	jp	Z, 00133$
                           1106 ;src/game.c:214: (i16)g_boss.x, (i16)g_boss.y, g_boss.w, g_boss.h)) {
   0615 21r97r00      [10] 1107 	ld	hl, #(_g_boss + 0x0005) + 0
   0618 46            [ 7] 1108 	ld	b, (hl)
   0619 3Ar96r00      [13] 1109 	ld	a, (#(_g_boss + 0x0004) + 0)
   061C 21r93r00      [10] 1110 	ld	hl, #(_g_boss + 0x0001) + 0
   061F 6E            [ 7] 1111 	ld	l, (hl)
   0620 DD 75 E9      [19] 1112 	ld	-23 (ix), l
   0623 DD 36 EA 00   [19] 1113 	ld	-22 (ix), #0x00
   0627 21r92r00      [10] 1114 	ld	hl, #_g_boss + 0
   062A 6E            [ 7] 1115 	ld	l, (hl)
   062B DD 75 EB      [19] 1116 	ld	-21 (ix), l
   062E DD 36 EC 00   [19] 1117 	ld	-20 (ix), #0x00
                           1118 ;src/game.c:213: if (g_bossactive && g_projectiles[i].active && rect_overlap((i16)g_projectiles[i].x, (i16)g_projectiles[i].y, g_projectiles[i].w, g_projectiles[i].h,
   0632 DD 6E F9      [19] 1119 	ld	l,-7 (ix)
   0635 DD 66 FA      [19] 1120 	ld	h,-6 (ix)
   0638 F5            [11] 1121 	push	af
   0639 7E            [ 7] 1122 	ld	a, (hl)
   063A DD 77 ED      [19] 1123 	ld	-19 (ix), a
   063D F1            [10] 1124 	pop	af
   063E DD 6E F7      [19] 1125 	ld	l,-9 (ix)
   0641 DD 66 F8      [19] 1126 	ld	h,-8 (ix)
   0644 F5            [11] 1127 	push	af
   0645 7E            [ 7] 1128 	ld	a, (hl)
   0646 DD 77 EE      [19] 1129 	ld	-18 (ix), a
   0649 F1            [10] 1130 	pop	af
   064A DD 6E F5      [19] 1131 	ld	l,-11 (ix)
   064D DD 66 F6      [19] 1132 	ld	h,-10 (ix)
   0650 6E            [ 7] 1133 	ld	l, (hl)
   0651 DD 75 F0      [19] 1134 	ld	-16 (ix), l
   0654 DD 36 F1 00   [19] 1135 	ld	-15 (ix), #0x00
   0658 F5            [11] 1136 	push	af
   0659 1A            [ 7] 1137 	ld	a, (de)
   065A 5F            [ 4] 1138 	ld	e, a
   065B F1            [10] 1139 	pop	af
   065C 16 00         [ 7] 1140 	ld	d, #0x00
   065E C5            [11] 1141 	push	bc
   065F C5            [11] 1142 	push	bc
   0660 33            [ 6] 1143 	inc	sp
   0661 F5            [11] 1144 	push	af
   0662 33            [ 6] 1145 	inc	sp
   0663 DD 6E E9      [19] 1146 	ld	l,-23 (ix)
   0666 DD 66 EA      [19] 1147 	ld	h,-22 (ix)
   0669 E5            [11] 1148 	push	hl
   066A DD 6E EB      [19] 1149 	ld	l,-21 (ix)
   066D DD 66 EC      [19] 1150 	ld	h,-20 (ix)
   0670 E5            [11] 1151 	push	hl
   0671 DD 66 ED      [19] 1152 	ld	h, -19 (ix)
   0674 DD 6E EE      [19] 1153 	ld	l, -18 (ix)
   0677 E5            [11] 1154 	push	hl
   0678 DD 6E F0      [19] 1155 	ld	l,-16 (ix)
   067B DD 66 F1      [19] 1156 	ld	h,-15 (ix)
   067E E5            [11] 1157 	push	hl
   067F D5            [11] 1158 	push	de
   0680 CDr19r00      [17] 1159 	call	_rect_overlap
   0683 FD 21 0C 00   [14] 1160 	ld	iy, #12
   0687 FD 39         [15] 1161 	add	iy, sp
   0689 FD F9         [10] 1162 	ld	sp, iy
   068B C1            [10] 1163 	pop	bc
   068C 7D            [ 4] 1164 	ld	a, l
   068D B7            [ 4] 1165 	or	a, a
   068E 28 3A         [12] 1166 	jr	Z,00133$
                           1167 ;src/game.c:215: g_projectiles[i].active = 0;
   0690 DD 6E FD      [19] 1168 	ld	l,-3 (ix)
   0693 DD 66 FE      [19] 1169 	ld	h,-2 (ix)
   0696 36 00         [10] 1170 	ld	(hl), #0x00
                           1171 ;src/game.c:216: if (enemydamage(&g_boss, g_projectiles[i].damage)) {
   0698 DD 6E F3      [19] 1172 	ld	l,-13 (ix)
   069B DD 66 F4      [19] 1173 	ld	h,-12 (ix)
   069E 46            [ 7] 1174 	ld	b, (hl)
   069F 11r92r00      [10] 1175 	ld	de, #_g_boss
   06A2 C5            [11] 1176 	push	bc
   06A3 C5            [11] 1177 	push	bc
   06A4 33            [ 6] 1178 	inc	sp
   06A5 D5            [11] 1179 	push	de
   06A6 CDr00r00      [17] 1180 	call	_enemydamage
   06A9 F1            [10] 1181 	pop	af
   06AA 33            [ 6] 1182 	inc	sp
   06AB C1            [10] 1183 	pop	bc
   06AC 7D            [ 4] 1184 	ld	a, l
   06AD B7            [ 4] 1185 	or	a, a
   06AE 28 1A         [12] 1186 	jr	Z,00133$
                           1187 ;src/game.c:217: g_bossactive = 0;
   06B0 21r9Cr00      [10] 1188 	ld	hl,#_g_bossactive + 0
   06B3 36 00         [10] 1189 	ld	(hl), #0x00
                           1190 ;src/game.c:218: g_score = (u16)(g_score + g_boss.reward);
   06B5 21r9Ar00      [10] 1191 	ld	hl, #_g_boss + 8
   06B8 5E            [ 7] 1192 	ld	e, (hl)
   06B9 16 00         [ 7] 1193 	ld	d, #0x00
   06BB 21r82r00      [10] 1194 	ld	hl, #_g_score
   06BE 7E            [ 7] 1195 	ld	a, (hl)
   06BF 83            [ 4] 1196 	add	a, e
   06C0 77            [ 7] 1197 	ld	(hl), a
   06C1 23            [ 6] 1198 	inc	hl
   06C2 7E            [ 7] 1199 	ld	a, (hl)
   06C3 8A            [ 4] 1200 	adc	a, d
   06C4 77            [ 7] 1201 	ld	(hl), a
                           1202 ;src/game.c:219: g_victory = 1;
   06C5 21r8Br00      [10] 1203 	ld	hl,#_g_victory + 0
   06C8 36 01         [10] 1204 	ld	(hl), #0x01
   06CA                    1205 00133$:
                           1206 ;src/game.c:199: for (i = 0; i < MAX_PROJECTILES; ++i) {
   06CA 0C            [ 4] 1207 	inc	c
   06CB 79            [ 4] 1208 	ld	a, c
   06CC D6 06         [ 7] 1209 	sub	a, #0x06
   06CE DAr8Fr04      [10] 1210 	jp	C, 00179$
                           1211 ;src/game.c:225: for (i = 0; i < MAX_ENEMIES; ++i) {
                           1212 ;src/game.c:224: if (!g_damagecooldown) {
   06D1 3Ar89r00      [13] 1213 	ld	a,(#_g_damagecooldown + 0)
   06D4 B7            [ 4] 1214 	or	a, a
   06D5 C2r42r08      [10] 1215 	jp	NZ, 00149$
                           1216 ;src/game.c:225: for (i = 0; i < MAX_ENEMIES; ++i) {
   06D8 DD 36 E8 00   [19] 1217 	ld	-24 (ix), #0x00
   06DC                    1218 00180$:
                           1219 ;src/game.c:226: if (!g_enemies[i].active) continue;
   06DC DD 4E E8      [19] 1220 	ld	c,-24 (ix)
   06DF 06 00         [ 7] 1221 	ld	b,#0x00
   06E1 69            [ 4] 1222 	ld	l, c
   06E2 60            [ 4] 1223 	ld	h, b
   06E3 29            [11] 1224 	add	hl, hl
   06E4 29            [11] 1225 	add	hl, hl
   06E5 09            [11] 1226 	add	hl, bc
   06E6 29            [11] 1227 	add	hl, hl
   06E7 01r09r00      [10] 1228 	ld	bc,#_g_enemies
   06EA 09            [11] 1229 	add	hl,bc
   06EB DD 75 E9      [19] 1230 	ld	-23 (ix), l
   06EE DD 74 EA      [19] 1231 	ld	-22 (ix), h
   06F1 C1            [10] 1232 	pop	bc
   06F2 E1            [10] 1233 	pop	hl
   06F3 E5            [11] 1234 	push	hl
   06F4 C5            [11] 1235 	push	bc
   06F5 11 06 00      [10] 1236 	ld	de, #0x0006
   06F8 19            [11] 1237 	add	hl, de
   06F9 7E            [ 7] 1238 	ld	a, (hl)
   06FA B7            [ 4] 1239 	or	a, a
   06FB CAr8Cr07      [10] 1240 	jp	Z, 00139$
                           1241 ;src/game.c:228: (i16)g_enemies[i].x, (i16)g_enemies[i].y, g_enemies[i].w, g_enemies[i].h)) {
   06FE DD 7E E9      [19] 1242 	ld	a, -23 (ix)
   0701 DD 77 EB      [19] 1243 	ld	-21 (ix), a
   0704 DD 7E EA      [19] 1244 	ld	a, -22 (ix)
   0707 DD 77 EC      [19] 1245 	ld	-20 (ix), a
   070A DD 6E EB      [19] 1246 	ld	l,-21 (ix)
   070D DD 66 EC      [19] 1247 	ld	h,-20 (ix)
   0710 11 05 00      [10] 1248 	ld	de, #0x0005
   0713 19            [11] 1249 	add	hl, de
   0714 7E            [ 7] 1250 	ld	a, (hl)
   0715 DD 77 EB      [19] 1251 	ld	-21 (ix), a
   0718 C1            [10] 1252 	pop	bc
   0719 E1            [10] 1253 	pop	hl
   071A E5            [11] 1254 	push	hl
   071B C5            [11] 1255 	push	bc
   071C 11 04 00      [10] 1256 	ld	de, #0x0004
   071F 19            [11] 1257 	add	hl, de
   0720 5E            [ 7] 1258 	ld	e, (hl)
   0721 C1            [10] 1259 	pop	bc
   0722 E1            [10] 1260 	pop	hl
   0723 E5            [11] 1261 	push	hl
   0724 C5            [11] 1262 	push	bc
   0725 23            [ 6] 1263 	inc	hl
   0726 4E            [ 7] 1264 	ld	c, (hl)
   0727 06 00         [ 7] 1265 	ld	b, #0x00
   0729 DD 6E E9      [19] 1266 	ld	l,-23 (ix)
   072C DD 66 EA      [19] 1267 	ld	h,-22 (ix)
   072F 56            [ 7] 1268 	ld	d, (hl)
   0730 DD 72 E9      [19] 1269 	ld	-23 (ix), d
   0733 DD 36 EA 00   [19] 1270 	ld	-22 (ix), #0x00
                           1271 ;src/game.c:227: if (rect_overlap((i16)g_player.x, (i16)g_player.y, g_player.w, g_player.h,
   0737 3Ar05r00      [13] 1272 	ld	a,(#(_g_player + 0x0005) + 0)
   073A DD 77 ED      [19] 1273 	ld	-19 (ix), a
   073D 3Ar04r00      [13] 1274 	ld	a,(#(_g_player + 0x0004) + 0)
   0740 DD 77 EE      [19] 1275 	ld	-18 (ix), a
   0743 3Ar01r00      [13] 1276 	ld	a, (#(_g_player + 0x0001) + 0)
   0746 DD 77 F0      [19] 1277 	ld	-16 (ix), a
   0749 DD 36 F1 00   [19] 1278 	ld	-15 (ix), #0x00
   074D 3Ar00r00      [13] 1279 	ld	a, (#_g_player + 0)
   0750 DD 77 F3      [19] 1280 	ld	-13 (ix), a
   0753 DD 36 F4 00   [19] 1281 	ld	-12 (ix), #0x00
   0757 DD 56 EB      [19] 1282 	ld	d, -21 (ix)
   075A D5            [11] 1283 	push	de
   075B C5            [11] 1284 	push	bc
   075C DD 6E E9      [19] 1285 	ld	l,-23 (ix)
   075F DD 66 EA      [19] 1286 	ld	h,-22 (ix)
   0762 E5            [11] 1287 	push	hl
   0763 DD 66 ED      [19] 1288 	ld	h, -19 (ix)
   0766 DD 6E EE      [19] 1289 	ld	l, -18 (ix)
   0769 E5            [11] 1290 	push	hl
   076A DD 6E F0      [19] 1291 	ld	l,-16 (ix)
   076D DD 66 F1      [19] 1292 	ld	h,-15 (ix)
   0770 E5            [11] 1293 	push	hl
   0771 DD 6E F3      [19] 1294 	ld	l,-13 (ix)
   0774 DD 66 F4      [19] 1295 	ld	h,-12 (ix)
   0777 E5            [11] 1296 	push	hl
   0778 CDr19r00      [17] 1297 	call	_rect_overlap
   077B FD 21 0C 00   [14] 1298 	ld	iy, #12
   077F FD 39         [15] 1299 	add	iy, sp
   0781 FD F9         [10] 1300 	ld	sp, iy
   0783 7D            [ 4] 1301 	ld	a, l
   0784 B7            [ 4] 1302 	or	a, a
   0785 28 05         [12] 1303 	jr	Z,00139$
                           1304 ;src/game.c:229: register_player_hit();
   0787 CDr91r02      [17] 1305 	call	_register_player_hit
                           1306 ;src/game.c:230: break;
   078A 18 0B         [12] 1307 	jr	00140$
   078C                    1308 00139$:
                           1309 ;src/game.c:225: for (i = 0; i < MAX_ENEMIES; ++i) {
   078C DD 34 E8      [23] 1310 	inc	-24 (ix)
   078F DD 7E E8      [19] 1311 	ld	a, -24 (ix)
   0792 D6 06         [ 7] 1312 	sub	a, #0x06
   0794 DArDCr06      [10] 1313 	jp	C, 00180$
   0797                    1314 00140$:
                           1315 ;src/game.c:234: if (!g_damagecooldown && g_bossactive && rect_overlap((i16)g_player.x, (i16)g_player.y, g_player.w, g_player.h,
   0797 3Ar89r00      [13] 1316 	ld	a,(#_g_damagecooldown + 0)
   079A B7            [ 4] 1317 	or	a, a
   079B 20 6E         [12] 1318 	jr	NZ,00142$
   079D 3Ar9Cr00      [13] 1319 	ld	a,(#_g_bossactive + 0)
   07A0 B7            [ 4] 1320 	or	a, a
   07A1 28 68         [12] 1321 	jr	Z,00142$
                           1322 ;src/game.c:235: (i16)g_boss.x, (i16)g_boss.y, g_boss.w, g_boss.h)) {
   07A3 3Ar97r00      [13] 1323 	ld	a,(#(_g_boss + 0x0005) + 0)
   07A6 DD 77 E9      [19] 1324 	ld	-23 (ix), a
   07A9 3Ar96r00      [13] 1325 	ld	a,(#(_g_boss + 0x0004) + 0)
   07AC DD 77 EB      [19] 1326 	ld	-21 (ix), a
   07AF 21r93r00      [10] 1327 	ld	hl, #(_g_boss + 0x0001) + 0
   07B2 5E            [ 7] 1328 	ld	e, (hl)
   07B3 16 00         [ 7] 1329 	ld	d, #0x00
   07B5 21r92r00      [10] 1330 	ld	hl, #_g_boss + 0
   07B8 4E            [ 7] 1331 	ld	c, (hl)
   07B9 06 00         [ 7] 1332 	ld	b, #0x00
                           1333 ;src/game.c:234: if (!g_damagecooldown && g_bossactive && rect_overlap((i16)g_player.x, (i16)g_player.y, g_player.w, g_player.h,
   07BB 3Ar05r00      [13] 1334 	ld	a,(#(_g_player + 0x0005) + 0)
   07BE DD 77 ED      [19] 1335 	ld	-19 (ix), a
   07C1 3Ar04r00      [13] 1336 	ld	a,(#(_g_player + 0x0004) + 0)
   07C4 DD 77 EE      [19] 1337 	ld	-18 (ix), a
   07C7 3Ar01r00      [13] 1338 	ld	a, (#(_g_player + 0x0001) + 0)
   07CA DD 77 F0      [19] 1339 	ld	-16 (ix), a
   07CD DD 36 F1 00   [19] 1340 	ld	-15 (ix), #0x00
   07D1 3Ar00r00      [13] 1341 	ld	a, (#_g_player + 0)
   07D4 DD 77 F3      [19] 1342 	ld	-13 (ix), a
   07D7 DD 36 F4 00   [19] 1343 	ld	-12 (ix), #0x00
   07DB DD 66 E9      [19] 1344 	ld	h, -23 (ix)
   07DE DD 6E EB      [19] 1345 	ld	l, -21 (ix)
   07E1 E5            [11] 1346 	push	hl
   07E2 D5            [11] 1347 	push	de
   07E3 C5            [11] 1348 	push	bc
   07E4 DD 66 ED      [19] 1349 	ld	h, -19 (ix)
   07E7 DD 6E EE      [19] 1350 	ld	l, -18 (ix)
   07EA E5            [11] 1351 	push	hl
   07EB DD 6E F0      [19] 1352 	ld	l,-16 (ix)
   07EE DD 66 F1      [19] 1353 	ld	h,-15 (ix)
   07F1 E5            [11] 1354 	push	hl
   07F2 DD 6E F3      [19] 1355 	ld	l,-13 (ix)
   07F5 DD 66 F4      [19] 1356 	ld	h,-12 (ix)
   07F8 E5            [11] 1357 	push	hl
   07F9 CDr19r00      [17] 1358 	call	_rect_overlap
   07FC FD 21 0C 00   [14] 1359 	ld	iy, #12
   0800 FD 39         [15] 1360 	add	iy, sp
   0802 FD F9         [10] 1361 	ld	sp, iy
   0804 7D            [ 4] 1362 	ld	a, l
   0805 B7            [ 4] 1363 	or	a, a
   0806 28 03         [12] 1364 	jr	Z,00142$
                           1365 ;src/game.c:236: register_player_hit();
   0808 CDr91r02      [17] 1366 	call	_register_player_hit
   080B                    1367 00142$:
                           1368 ;src/game.c:239: if (!g_damagecooldown && collision_is_on_trap((i16)g_player.x, (i16)g_player.y, g_player.w, g_player.h)) {
   080B 3Ar89r00      [13] 1369 	ld	a,(#_g_damagecooldown + 0)
   080E B7            [ 4] 1370 	or	a, a
   080F 20 31         [12] 1371 	jr	NZ,00149$
   0811 3Ar05r00      [13] 1372 	ld	a, (#(_g_player + 0x0005) + 0)
   0814 21r04r00      [10] 1373 	ld	hl, #(_g_player + 0x0004) + 0
   0817 56            [ 7] 1374 	ld	d, (hl)
   0818 21r01r00      [10] 1375 	ld	hl, #(_g_player + 0x0001) + 0
   081B 4E            [ 7] 1376 	ld	c, (hl)
   081C 06 00         [ 7] 1377 	ld	b, #0x00
   081E 21r00r00      [10] 1378 	ld	hl, #_g_player + 0
   0821 6E            [ 7] 1379 	ld	l, (hl)
   0822 DD 75 E9      [19] 1380 	ld	-23 (ix), l
   0825 DD 36 EA 00   [19] 1381 	ld	-22 (ix), #0x00
   0829 F5            [11] 1382 	push	af
   082A 33            [ 6] 1383 	inc	sp
   082B D5            [11] 1384 	push	de
   082C 33            [ 6] 1385 	inc	sp
   082D C5            [11] 1386 	push	bc
   082E DD 6E E9      [19] 1387 	ld	l,-23 (ix)
   0831 DD 66 EA      [19] 1388 	ld	h,-22 (ix)
   0834 E5            [11] 1389 	push	hl
   0835 CDr00r00      [17] 1390 	call	_collision_is_on_trap
   0838 F1            [10] 1391 	pop	af
   0839 F1            [10] 1392 	pop	af
   083A F1            [10] 1393 	pop	af
   083B 7D            [ 4] 1394 	ld	a, l
   083C B7            [ 4] 1395 	or	a, a
   083D 28 03         [12] 1396 	jr	Z,00149$
                           1397 ;src/game.c:240: register_player_hit();
   083F CDr91r02      [17] 1398 	call	_register_player_hit
   0842                    1399 00149$:
                           1400 ;src/game.c:244: if (!g_checkpointactive && g_player.x >= 44) {
   0842 FD 21r91r00   [14] 1401 	ld	iy, #_g_checkpointactive
   0846 FD 7E 00      [19] 1402 	ld	a, 0 (iy)
   0849 B7            [ 4] 1403 	or	a, a
   084A 20 1E         [12] 1404 	jr	NZ,00151$
   084C 3Ar00r00      [13] 1405 	ld	a, (#_g_player + 0)
   084F D6 2C         [ 7] 1406 	sub	a, #0x2c
   0851 38 17         [12] 1407 	jr	C,00151$
                           1408 ;src/game.c:245: g_checkpointactive = 1;
   0853 FD 36 00 01   [19] 1409 	ld	0 (iy), #0x01
                           1410 ;src/game.c:246: g_checkpointx = 52;
   0857 21r8Fr00      [10] 1411 	ld	hl,#_g_checkpointx + 0
   085A 36 34         [10] 1412 	ld	(hl), #0x34
                           1413 ;src/game.c:247: g_checkpointy = (u8)(tilemap_ground_y() - g_player.h);
   085C CDr00r00      [17] 1414 	call	_tilemap_ground_y
   085F 4D            [ 4] 1415 	ld	c, l
   0860 21r05r00      [10] 1416 	ld	hl, #(_g_player + 0x0005) + 0
   0863 46            [ 7] 1417 	ld	b, (hl)
   0864 21r90r00      [10] 1418 	ld	hl, #_g_checkpointy
   0867 79            [ 4] 1419 	ld	a, c
   0868 90            [ 4] 1420 	sub	a, b
   0869 77            [ 7] 1421 	ld	(hl), a
   086A                    1422 00151$:
                           1423 ;src/game.c:250: if (!g_pickuptaken && rect_overlap((i16)g_player.x, (i16)g_player.y, g_player.w, g_player.h, (i16)36, (i16)(tilemap_ground_y() - 8), 4, 4)) {
   086A 3Ar9Fr00      [13] 1424 	ld	a,(#_g_pickuptaken + 0)
   086D B7            [ 4] 1425 	or	a, a
   086E C2rFDr08      [10] 1426 	jp	NZ, 00154$
   0871 CDr00r00      [17] 1427 	call	_tilemap_ground_y
   0874 DD 75 E9      [19] 1428 	ld	-23 (ix), l
   0877 DD 75 E9      [19] 1429 	ld	-23 (ix), l
   087A DD 36 EA 00   [19] 1430 	ld	-22 (ix), #0x00
   087E DD 7E E9      [19] 1431 	ld	a, -23 (ix)
   0881 C6 F8         [ 7] 1432 	add	a, #0xf8
   0883 DD 77 E9      [19] 1433 	ld	-23 (ix), a
   0886 DD 7E EA      [19] 1434 	ld	a, -22 (ix)
   0889 CE FF         [ 7] 1435 	adc	a, #0xff
   088B DD 77 EA      [19] 1436 	ld	-22 (ix), a
   088E 3Ar05r00      [13] 1437 	ld	a,(#(_g_player + 0x0005) + 0)
   0891 DD 77 EB      [19] 1438 	ld	-21 (ix), a
   0894 3Ar04r00      [13] 1439 	ld	a,(#(_g_player + 0x0004) + 0)
   0897 DD 77 ED      [19] 1440 	ld	-19 (ix), a
   089A 3Ar01r00      [13] 1441 	ld	a,(#(_g_player + 0x0001) + 0)
   089D DD 77 EE      [19] 1442 	ld	-18 (ix), a
   08A0 DD 77 EE      [19] 1443 	ld	-18 (ix), a
   08A3 DD 36 EF 00   [19] 1444 	ld	-17 (ix), #0x00
   08A7 3Ar00r00      [13] 1445 	ld	a,(#_g_player + 0)
   08AA DD 77 F0      [19] 1446 	ld	-16 (ix), a
   08AD DD 77 F0      [19] 1447 	ld	-16 (ix), a
   08B0 DD 36 F1 00   [19] 1448 	ld	-15 (ix), #0x00
   08B4 21 04 04      [10] 1449 	ld	hl, #0x0404
   08B7 E5            [11] 1450 	push	hl
   08B8 DD 6E E9      [19] 1451 	ld	l,-23 (ix)
   08BB DD 66 EA      [19] 1452 	ld	h,-22 (ix)
   08BE E5            [11] 1453 	push	hl
   08BF 21 24 00      [10] 1454 	ld	hl, #0x0024
   08C2 E5            [11] 1455 	push	hl
   08C3 DD 66 EB      [19] 1456 	ld	h, -21 (ix)
   08C6 DD 6E ED      [19] 1457 	ld	l, -19 (ix)
   08C9 E5            [11] 1458 	push	hl
   08CA DD 6E EE      [19] 1459 	ld	l,-18 (ix)
   08CD DD 66 EF      [19] 1460 	ld	h,-17 (ix)
   08D0 E5            [11] 1461 	push	hl
   08D1 DD 6E F0      [19] 1462 	ld	l,-16 (ix)
   08D4 DD 66 F1      [19] 1463 	ld	h,-15 (ix)
   08D7 E5            [11] 1464 	push	hl
   08D8 CDr19r00      [17] 1465 	call	_rect_overlap
   08DB FD 21 0C 00   [14] 1466 	ld	iy, #12
   08DF FD 39         [15] 1467 	add	iy, sp
   08E1 FD F9         [10] 1468 	ld	sp, iy
   08E3 7D            [ 4] 1469 	ld	a, l
   08E4 B7            [ 4] 1470 	or	a, a
   08E5 28 16         [12] 1471 	jr	Z,00154$
                           1472 ;src/game.c:251: g_pickuptaken = 1;
   08E7 21r9Fr00      [10] 1473 	ld	hl,#_g_pickuptaken + 0
   08EA 36 01         [10] 1474 	ld	(hl), #0x01
                           1475 ;src/game.c:252: g_weaponlevel = 1;
   08EC 21r9Er00      [10] 1476 	ld	hl,#_g_weaponlevel + 0
   08EF 36 01         [10] 1477 	ld	(hl), #0x01
                           1478 ;src/game.c:253: g_score = (u16)(g_score + 100);
   08F1 21r82r00      [10] 1479 	ld	hl, #_g_score
   08F4 7E            [ 7] 1480 	ld	a, (hl)
   08F5 C6 64         [ 7] 1481 	add	a, #0x64
   08F7 77            [ 7] 1482 	ld	(hl), a
   08F8 23            [ 6] 1483 	inc	hl
   08F9 7E            [ 7] 1484 	ld	a, (hl)
   08FA CE 00         [ 7] 1485 	adc	a, #0x00
   08FC 77            [ 7] 1486 	ld	(hl), a
   08FD                    1487 00154$:
                           1488 ;src/game.c:256: g_weapondisplay = (u8)(g_weaponlevel + 1);
   08FD 21r85r00      [10] 1489 	ld	hl, #_g_weapondisplay
   0900 3Ar9Er00      [13] 1490 	ld	a,(#_g_weaponlevel + 0)
   0903 3C            [ 4] 1491 	inc	a
   0904 77            [ 7] 1492 	ld	(hl), a
                           1493 ;src/game.c:258: if (!g_bossactive && g_aliveenemies == 0 && !g_gameover) {
   0905 3Ar9Cr00      [13] 1494 	ld	a,(#_g_bossactive + 0)
   0908 B7            [ 4] 1495 	or	a, a
   0909 20 45         [12] 1496 	jr	NZ,00165$
   090B 3Ar87r00      [13] 1497 	ld	a,(#_g_aliveenemies + 0)
   090E B7            [ 4] 1498 	or	a, a
   090F 20 3F         [12] 1499 	jr	NZ,00165$
   0911 3Ar8Cr00      [13] 1500 	ld	a,(#_g_gameover + 0)
   0914 B7            [ 4] 1501 	or	a, a
   0915 20 39         [12] 1502 	jr	NZ,00165$
                           1503 ;src/game.c:259: if (g_currentwave < TOTAL_WAVES) {
   0917 3Ar86r00      [13] 1504 	ld	a,(#_g_currentwave + 0)
   091A D6 03         [ 7] 1505 	sub	a, #0x03
   091C 30 20         [12] 1506 	jr	NC,00162$
                           1507 ;src/game.c:260: if (g_wavecooldown == 0) {
   091E 3Ar88r00      [13] 1508 	ld	a,(#_g_wavecooldown + 0)
   0921 B7            [ 4] 1509 	or	a, a
   0922 20 14         [12] 1510 	jr	NZ,00157$
                           1511 ;src/game.c:261: spawn_wave(g_currentwave);
   0924 3Ar86r00      [13] 1512 	ld	a, (_g_currentwave)
   0927 F5            [11] 1513 	push	af
   0928 33            [ 6] 1514 	inc	sp
   0929 CDrA6r00      [17] 1515 	call	_spawn_wave
   092C 33            [ 6] 1516 	inc	sp
                           1517 ;src/game.c:262: g_currentwave++;
   092D 21r86r00      [10] 1518 	ld	hl, #_g_currentwave+0
   0930 34            [11] 1519 	inc	(hl)
                           1520 ;src/game.c:263: g_wavecooldown = 90;
   0931 21r88r00      [10] 1521 	ld	hl,#_g_wavecooldown + 0
   0934 36 5A         [10] 1522 	ld	(hl), #0x5a
   0936 18 18         [12] 1523 	jr	00165$
   0938                    1524 00157$:
                           1525 ;src/game.c:265: g_wavecooldown--;
   0938 21r88r00      [10] 1526 	ld	hl, #_g_wavecooldown+0
   093B 35            [11] 1527 	dec	(hl)
   093C 18 12         [12] 1528 	jr	00165$
   093E                    1529 00162$:
                           1530 ;src/game.c:267: } else if (g_player.x >= (u8)(tilemap_goal_x() - 2)) {
   093E 21r00r00      [10] 1531 	ld	hl, #_g_player + 0
   0941 4E            [ 7] 1532 	ld	c, (hl)
   0942 C5            [11] 1533 	push	bc
   0943 CDr00r00      [17] 1534 	call	_tilemap_goal_x
   0946 C1            [10] 1535 	pop	bc
   0947 2D            [ 4] 1536 	dec	l
   0948 2D            [ 4] 1537 	dec	l
   0949 79            [ 4] 1538 	ld	a, c
   094A 95            [ 4] 1539 	sub	a, l
   094B 38 03         [12] 1540 	jr	C,00165$
                           1541 ;src/game.c:268: spawn_boss();
   094D CDrA6r01      [17] 1542 	call	_spawn_boss
   0950                    1543 00165$:
                           1544 ;src/game.c:272: g_framecounter++;
   0950 FD 21r8Dr00   [14] 1545 	ld	iy, #_g_framecounter
   0954 FD 34 00      [23] 1546 	inc	0 (iy)
   0957 20 03         [12] 1547 	jr	NZ,00381$
   0959 FD 34 01      [23] 1548 	inc	1 (iy)
   095C                    1549 00381$:
                           1550 ;src/game.c:273: if ((g_framecounter % 50) == 0 && g_timeleft > 0) {
   095C 21 32 00      [10] 1551 	ld	hl, #0x0032
   095F E5            [11] 1552 	push	hl
   0960 2Ar8Dr00      [16] 1553 	ld	hl, (_g_framecounter)
   0963 E5            [11] 1554 	push	hl
   0964 CDr00r00      [17] 1555 	call	__moduint
   0967 F1            [10] 1556 	pop	af
   0968 F1            [10] 1557 	pop	af
   0969 7C            [ 4] 1558 	ld	a, h
   096A B5            [ 4] 1559 	or	a,l
   096B 20 0D         [12] 1560 	jr	NZ,00169$
   096D FD 21r84r00   [14] 1561 	ld	iy, #_g_timeleft
   0971 FD 7E 00      [19] 1562 	ld	a, 0 (iy)
   0974 B7            [ 4] 1563 	or	a, a
   0975 28 03         [12] 1564 	jr	Z,00169$
                           1565 ;src/game.c:274: g_timeleft--;
   0977 FD 35 00      [23] 1566 	dec	0 (iy)
   097A                    1567 00169$:
                           1568 ;src/game.c:276: if (g_timeleft == 0 && !g_victory) {
   097A 3Ar84r00      [13] 1569 	ld	a,(#_g_timeleft + 0)
   097D B7            [ 4] 1570 	or	a, a
   097E 20 0B         [12] 1571 	jr	NZ,00172$
   0980 3Ar8Br00      [13] 1572 	ld	a,(#_g_victory + 0)
   0983 B7            [ 4] 1573 	or	a, a
   0984 20 05         [12] 1574 	jr	NZ,00172$
                           1575 ;src/game.c:277: g_gameover = 1;
   0986 21r8Cr00      [10] 1576 	ld	hl,#_g_gameover + 0
   0989 36 01         [10] 1577 	ld	(hl), #0x01
   098B                    1578 00172$:
                           1579 ;src/game.c:280: hudupdate(g_lives, g_score, g_timeleft, g_weapondisplay);
   098B 3Ar85r00      [13] 1580 	ld	a, (_g_weapondisplay)
   098E F5            [11] 1581 	push	af
   098F 33            [ 6] 1582 	inc	sp
   0990 3Ar84r00      [13] 1583 	ld	a, (_g_timeleft)
   0993 F5            [11] 1584 	push	af
   0994 33            [ 6] 1585 	inc	sp
   0995 2Ar82r00      [16] 1586 	ld	hl, (_g_score)
   0998 E5            [11] 1587 	push	hl
   0999 3Ar81r00      [13] 1588 	ld	a, (_g_lives)
   099C F5            [11] 1589 	push	af
   099D 33            [ 6] 1590 	inc	sp
   099E CDr00r00      [17] 1591 	call	_hudupdate
   09A1 F1            [10] 1592 	pop	af
   09A2 F1            [10] 1593 	pop	af
   09A3 33            [ 6] 1594 	inc	sp
   09A4                    1595 00181$:
   09A4 DD F9         [10] 1596 	ld	sp, ix
   09A6 DD E1         [14] 1597 	pop	ix
   09A8 C9            [10] 1598 	ret
                           1599 ;src/game.c:283: void game_render(void) {
                           1600 ;	---------------------------------
                           1601 ; Function game_render
                           1602 ; ---------------------------------
   09A9                    1603 _game_render::
                           1604 ;src/game.c:286: cpct_clearScreen(0x00);
   09A9 21 00 40      [10] 1605 	ld	hl, #0x4000
   09AC E5            [11] 1606 	push	hl
   09AD AF            [ 4] 1607 	xor	a, a
   09AE F5            [11] 1608 	push	af
   09AF 33            [ 6] 1609 	inc	sp
   09B0 26 C0         [ 7] 1610 	ld	h, #0xc0
   09B2 E5            [11] 1611 	push	hl
   09B3 CDr00r00      [17] 1612 	call	_cpct_memset
                           1613 ;src/game.c:287: tilemap_render();
   09B6 CDr00r00      [17] 1614 	call	_tilemap_render
                           1615 ;src/game.c:289: for (i = 0; i < MAX_PROJECTILES; ++i) {
   09B9 0E 00         [ 7] 1616 	ld	c, #0x00
   09BB                    1617 00115$:
                           1618 ;src/game.c:290: projectilerender(&g_projectiles[i]);
   09BB 06 00         [ 7] 1619 	ld	b,#0x00
   09BD 69            [ 4] 1620 	ld	l, c
   09BE 60            [ 4] 1621 	ld	h, b
   09BF 29            [11] 1622 	add	hl, hl
   09C0 29            [11] 1623 	add	hl, hl
   09C1 09            [11] 1624 	add	hl, bc
   09C2 29            [11] 1625 	add	hl, hl
   09C3 11r45r00      [10] 1626 	ld	de, #_g_projectiles
   09C6 19            [11] 1627 	add	hl, de
   09C7 C5            [11] 1628 	push	bc
   09C8 E5            [11] 1629 	push	hl
   09C9 CDr00r00      [17] 1630 	call	_projectilerender
   09CC F1            [10] 1631 	pop	af
   09CD C1            [10] 1632 	pop	bc
                           1633 ;src/game.c:289: for (i = 0; i < MAX_PROJECTILES; ++i) {
   09CE 0C            [ 4] 1634 	inc	c
   09CF 79            [ 4] 1635 	ld	a, c
   09D0 D6 06         [ 7] 1636 	sub	a, #0x06
   09D2 38 E7         [12] 1637 	jr	C,00115$
                           1638 ;src/game.c:293: for (i = 0; i < MAX_ENEMIES; ++i) {
   09D4 0E 00         [ 7] 1639 	ld	c, #0x00
   09D6                    1640 00117$:
                           1641 ;src/game.c:294: enemyrender(&g_enemies[i]);
   09D6 06 00         [ 7] 1642 	ld	b,#0x00
   09D8 69            [ 4] 1643 	ld	l, c
   09D9 60            [ 4] 1644 	ld	h, b
   09DA 29            [11] 1645 	add	hl, hl
   09DB 29            [11] 1646 	add	hl, hl
   09DC 09            [11] 1647 	add	hl, bc
   09DD 29            [11] 1648 	add	hl, hl
   09DE 11r09r00      [10] 1649 	ld	de, #_g_enemies
   09E1 19            [11] 1650 	add	hl, de
   09E2 C5            [11] 1651 	push	bc
   09E3 E5            [11] 1652 	push	hl
   09E4 CDr00r00      [17] 1653 	call	_enemyrender
   09E7 F1            [10] 1654 	pop	af
   09E8 C1            [10] 1655 	pop	bc
                           1656 ;src/game.c:293: for (i = 0; i < MAX_ENEMIES; ++i) {
   09E9 0C            [ 4] 1657 	inc	c
   09EA 79            [ 4] 1658 	ld	a, c
   09EB D6 06         [ 7] 1659 	sub	a, #0x06
   09ED 38 E7         [12] 1660 	jr	C,00117$
                           1661 ;src/game.c:297: if (g_bossactive) {
   09EF 3Ar9Cr00      [13] 1662 	ld	a,(#_g_bossactive + 0)
   09F2 B7            [ 4] 1663 	or	a, a
   09F3 28 58         [12] 1664 	jr	Z,00104$
                           1665 ;src/game.c:298: enemyrender(&g_boss);
   09F5 21r92r00      [10] 1666 	ld	hl, #_g_boss
   09F8 E5            [11] 1667 	push	hl
   09F9 CDr00r00      [17] 1668 	call	_enemyrender
                           1669 ;src/game.c:299: cpct_drawSolidBox(cpct_getScreenPtr(CPCT_VMEM_START, 24, 10), cpct_px2byteM0(1, 1), 32, 2);
   09FC 21 01 01      [10] 1670 	ld	hl, #0x0101
   09FF E3            [19] 1671 	ex	(sp),hl
   0A00 CDr00r00      [17] 1672 	call	_cpct_px2byteM0
   0A03 55            [ 4] 1673 	ld	d, l
   0A04 D5            [11] 1674 	push	de
   0A05 21 18 0A      [10] 1675 	ld	hl, #0x0a18
   0A08 E5            [11] 1676 	push	hl
   0A09 21 00 C0      [10] 1677 	ld	hl, #0xc000
   0A0C E5            [11] 1678 	push	hl
   0A0D CDr00r00      [17] 1679 	call	_cpct_getScreenPtr
   0A10 4D            [ 4] 1680 	ld	c, l
   0A11 44            [ 4] 1681 	ld	b, h
   0A12 D1            [10] 1682 	pop	de
   0A13 21 20 02      [10] 1683 	ld	hl, #0x0220
   0A16 E5            [11] 1684 	push	hl
   0A17 D5            [11] 1685 	push	de
   0A18 33            [ 6] 1686 	inc	sp
   0A19 C5            [11] 1687 	push	bc
   0A1A CDr00r00      [17] 1688 	call	_cpct_drawSolidBox
   0A1D F1            [10] 1689 	pop	af
   0A1E F1            [10] 1690 	pop	af
   0A1F 33            [ 6] 1691 	inc	sp
                           1692 ;src/game.c:300: cpct_drawSolidBox(cpct_getScreenPtr(CPCT_VMEM_START, 24, 10), cpct_px2byteM0(5, 5), (u8)(g_boss.health * 3), 2);
   0A20 3Ar99r00      [13] 1693 	ld	a, (#_g_boss + 7)
   0A23 4F            [ 4] 1694 	ld	c, a
   0A24 87            [ 4] 1695 	add	a, a
   0A25 81            [ 4] 1696 	add	a, c
   0A26 57            [ 4] 1697 	ld	d, a
   0A27 D5            [11] 1698 	push	de
   0A28 21 05 05      [10] 1699 	ld	hl, #0x0505
   0A2B E5            [11] 1700 	push	hl
   0A2C CDr00r00      [17] 1701 	call	_cpct_px2byteM0
   0A2F 5D            [ 4] 1702 	ld	e, l
   0A30 F1            [10] 1703 	pop	af
   0A31 57            [ 4] 1704 	ld	d, a
   0A32 D5            [11] 1705 	push	de
   0A33 21 18 0A      [10] 1706 	ld	hl, #0x0a18
   0A36 E5            [11] 1707 	push	hl
   0A37 21 00 C0      [10] 1708 	ld	hl, #0xc000
   0A3A E5            [11] 1709 	push	hl
   0A3B CDr00r00      [17] 1710 	call	_cpct_getScreenPtr
   0A3E 4D            [ 4] 1711 	ld	c, l
   0A3F 44            [ 4] 1712 	ld	b, h
   0A40 D1            [10] 1713 	pop	de
   0A41 3E 02         [ 7] 1714 	ld	a, #0x02
   0A43 F5            [11] 1715 	push	af
   0A44 33            [ 6] 1716 	inc	sp
   0A45 D5            [11] 1717 	push	de
   0A46 C5            [11] 1718 	push	bc
   0A47 CDr00r00      [17] 1719 	call	_cpct_drawSolidBox
   0A4A F1            [10] 1720 	pop	af
   0A4B F1            [10] 1721 	pop	af
   0A4C 33            [ 6] 1722 	inc	sp
   0A4D                    1723 00104$:
                           1724 ;src/game.c:303: if (!g_pickuptaken) {
   0A4D 3Ar9Fr00      [13] 1725 	ld	a,(#_g_pickuptaken + 0)
   0A50 B7            [ 4] 1726 	or	a, a
   0A51 20 2F         [12] 1727 	jr	NZ,00106$
                           1728 ;src/game.c:304: cpct_drawSolidBox(cpct_getScreenPtr(CPCT_VMEM_START, 36, (u8)(tilemap_ground_y() - 8)), cpct_px2byteM0(7, 7), 4, 4);
   0A53 21 07 07      [10] 1729 	ld	hl, #0x0707
   0A56 E5            [11] 1730 	push	hl
   0A57 CDr00r00      [17] 1731 	call	_cpct_px2byteM0
   0A5A 55            [ 4] 1732 	ld	d, l
   0A5B D5            [11] 1733 	push	de
   0A5C CDr00r00      [17] 1734 	call	_tilemap_ground_y
   0A5F D1            [10] 1735 	pop	de
   0A60 7D            [ 4] 1736 	ld	a, l
   0A61 C6 F8         [ 7] 1737 	add	a, #0xf8
   0A63 47            [ 4] 1738 	ld	b, a
   0A64 D5            [11] 1739 	push	de
   0A65 C5            [11] 1740 	push	bc
   0A66 33            [ 6] 1741 	inc	sp
   0A67 3E 24         [ 7] 1742 	ld	a, #0x24
   0A69 F5            [11] 1743 	push	af
   0A6A 33            [ 6] 1744 	inc	sp
   0A6B 21 00 C0      [10] 1745 	ld	hl, #0xc000
   0A6E E5            [11] 1746 	push	hl
   0A6F CDr00r00      [17] 1747 	call	_cpct_getScreenPtr
   0A72 4D            [ 4] 1748 	ld	c, l
   0A73 44            [ 4] 1749 	ld	b, h
   0A74 D1            [10] 1750 	pop	de
   0A75 21 04 04      [10] 1751 	ld	hl, #0x0404
   0A78 E5            [11] 1752 	push	hl
   0A79 D5            [11] 1753 	push	de
   0A7A 33            [ 6] 1754 	inc	sp
   0A7B C5            [11] 1755 	push	bc
   0A7C CDr00r00      [17] 1756 	call	_cpct_drawSolidBox
   0A7F F1            [10] 1757 	pop	af
   0A80 F1            [10] 1758 	pop	af
   0A81 33            [ 6] 1759 	inc	sp
   0A82                    1760 00106$:
                           1761 ;src/game.c:306: playerrender(&g_player);
   0A82 21r00r00      [10] 1762 	ld	hl, #_g_player
   0A85 E5            [11] 1763 	push	hl
   0A86 CDr00r00      [17] 1764 	call	_playerrender
   0A89 F1            [10] 1765 	pop	af
                           1766 ;src/game.c:307: hudrender();
   0A8A CDr00r00      [17] 1767 	call	_hudrender
                           1768 ;src/game.c:309: if (g_victory) {
   0A8D 3Ar8Br00      [13] 1769 	ld	a,(#_g_victory + 0)
   0A90 B7            [ 4] 1770 	or	a, a
   0A91 28 48         [12] 1771 	jr	Z,00113$
                           1772 ;src/game.c:310: cpct_drawSolidBox(cpct_getScreenPtr(CPCT_VMEM_START, 24, 68), cpct_px2byteM0(8, 8), 32, 12);
   0A93 21 08 08      [10] 1773 	ld	hl, #0x0808
   0A96 E5            [11] 1774 	push	hl
   0A97 CDr00r00      [17] 1775 	call	_cpct_px2byteM0
   0A9A 55            [ 4] 1776 	ld	d, l
   0A9B D5            [11] 1777 	push	de
   0A9C 21 18 44      [10] 1778 	ld	hl, #0x4418
   0A9F E5            [11] 1779 	push	hl
   0AA0 21 00 C0      [10] 1780 	ld	hl, #0xc000
   0AA3 E5            [11] 1781 	push	hl
   0AA4 CDr00r00      [17] 1782 	call	_cpct_getScreenPtr
   0AA7 4D            [ 4] 1783 	ld	c, l
   0AA8 44            [ 4] 1784 	ld	b, h
   0AA9 D1            [10] 1785 	pop	de
   0AAA 21 20 0C      [10] 1786 	ld	hl, #0x0c20
   0AAD E5            [11] 1787 	push	hl
   0AAE D5            [11] 1788 	push	de
   0AAF 33            [ 6] 1789 	inc	sp
   0AB0 C5            [11] 1790 	push	bc
   0AB1 CDr00r00      [17] 1791 	call	_cpct_drawSolidBox
   0AB4 F1            [10] 1792 	pop	af
                           1793 ;src/game.c:311: cpct_drawSolidBox(cpct_getScreenPtr(CPCT_VMEM_START, 28, 72), cpct_px2byteM0(5, 5), 24, 8);
   0AB5 33            [ 6] 1794 	inc	sp
   0AB6 21 05 05      [10] 1795 	ld	hl,#0x0505
   0AB9 E3            [19] 1796 	ex	(sp),hl
   0ABA CDr00r00      [17] 1797 	call	_cpct_px2byteM0
   0ABD 55            [ 4] 1798 	ld	d, l
   0ABE D5            [11] 1799 	push	de
   0ABF 21 1C 48      [10] 1800 	ld	hl, #0x481c
   0AC2 E5            [11] 1801 	push	hl
   0AC3 21 00 C0      [10] 1802 	ld	hl, #0xc000
   0AC6 E5            [11] 1803 	push	hl
   0AC7 CDr00r00      [17] 1804 	call	_cpct_getScreenPtr
   0ACA 4D            [ 4] 1805 	ld	c, l
   0ACB 44            [ 4] 1806 	ld	b, h
   0ACC D1            [10] 1807 	pop	de
   0ACD 21 18 08      [10] 1808 	ld	hl, #0x0818
   0AD0 E5            [11] 1809 	push	hl
   0AD1 D5            [11] 1810 	push	de
   0AD2 33            [ 6] 1811 	inc	sp
   0AD3 C5            [11] 1812 	push	bc
   0AD4 CDr00r00      [17] 1813 	call	_cpct_drawSolidBox
   0AD7 F1            [10] 1814 	pop	af
   0AD8 F1            [10] 1815 	pop	af
   0AD9 33            [ 6] 1816 	inc	sp
   0ADA C9            [10] 1817 	ret
   0ADB                    1818 00113$:
                           1819 ;src/game.c:312: } else if (g_gameover) {
   0ADB 3Ar8Cr00      [13] 1820 	ld	a,(#_g_gameover + 0)
   0ADE B7            [ 4] 1821 	or	a, a
   0ADF 28 48         [12] 1822 	jr	Z,00110$
                           1823 ;src/game.c:313: cpct_drawSolidBox(cpct_getScreenPtr(CPCT_VMEM_START, 24, 68), cpct_px2byteM0(1, 1), 32, 12);
   0AE1 21 01 01      [10] 1824 	ld	hl, #0x0101
   0AE4 E5            [11] 1825 	push	hl
   0AE5 CDr00r00      [17] 1826 	call	_cpct_px2byteM0
   0AE8 55            [ 4] 1827 	ld	d, l
   0AE9 D5            [11] 1828 	push	de
   0AEA 21 18 44      [10] 1829 	ld	hl, #0x4418
   0AED E5            [11] 1830 	push	hl
   0AEE 21 00 C0      [10] 1831 	ld	hl, #0xc000
   0AF1 E5            [11] 1832 	push	hl
   0AF2 CDr00r00      [17] 1833 	call	_cpct_getScreenPtr
   0AF5 4D            [ 4] 1834 	ld	c, l
   0AF6 44            [ 4] 1835 	ld	b, h
   0AF7 D1            [10] 1836 	pop	de
   0AF8 21 20 0C      [10] 1837 	ld	hl, #0x0c20
   0AFB E5            [11] 1838 	push	hl
   0AFC D5            [11] 1839 	push	de
   0AFD 33            [ 6] 1840 	inc	sp
   0AFE C5            [11] 1841 	push	bc
   0AFF CDr00r00      [17] 1842 	call	_cpct_drawSolidBox
   0B02 F1            [10] 1843 	pop	af
                           1844 ;src/game.c:314: cpct_drawSolidBox(cpct_getScreenPtr(CPCT_VMEM_START, 28, 72), cpct_px2byteM0(6, 6), 24, 8);
   0B03 33            [ 6] 1845 	inc	sp
   0B04 21 06 06      [10] 1846 	ld	hl,#0x0606
   0B07 E3            [19] 1847 	ex	(sp),hl
   0B08 CDr00r00      [17] 1848 	call	_cpct_px2byteM0
   0B0B 55            [ 4] 1849 	ld	d, l
   0B0C D5            [11] 1850 	push	de
   0B0D 21 1C 48      [10] 1851 	ld	hl, #0x481c
   0B10 E5            [11] 1852 	push	hl
   0B11 21 00 C0      [10] 1853 	ld	hl, #0xc000
   0B14 E5            [11] 1854 	push	hl
   0B15 CDr00r00      [17] 1855 	call	_cpct_getScreenPtr
   0B18 4D            [ 4] 1856 	ld	c, l
   0B19 44            [ 4] 1857 	ld	b, h
   0B1A D1            [10] 1858 	pop	de
   0B1B 21 18 08      [10] 1859 	ld	hl, #0x0818
   0B1E E5            [11] 1860 	push	hl
   0B1F D5            [11] 1861 	push	de
   0B20 33            [ 6] 1862 	inc	sp
   0B21 C5            [11] 1863 	push	bc
   0B22 CDr00r00      [17] 1864 	call	_cpct_drawSolidBox
   0B25 F1            [10] 1865 	pop	af
   0B26 F1            [10] 1866 	pop	af
   0B27 33            [ 6] 1867 	inc	sp
   0B28 C9            [10] 1868 	ret
   0B29                    1869 00110$:
                           1870 ;src/game.c:315: } else if (g_checkpointactive) {
   0B29 3Ar91r00      [13] 1871 	ld	a,(#_g_checkpointactive + 0)
   0B2C B7            [ 4] 1872 	or	a, a
   0B2D C8            [11] 1873 	ret	Z
                           1874 ;src/game.c:316: cpct_drawSolidBox(cpct_getScreenPtr(CPCT_VMEM_START, g_checkpointx, (u8)(g_checkpointy - 8)), cpct_px2byteM0(9, 9), 2, 8);
   0B2E 21 09 09      [10] 1875 	ld	hl, #0x0909
   0B31 E5            [11] 1876 	push	hl
   0B32 CDr00r00      [17] 1877 	call	_cpct_px2byteM0
   0B35 55            [ 4] 1878 	ld	d, l
   0B36 3Ar90r00      [13] 1879 	ld	a,(#_g_checkpointy + 0)
   0B39 C6 F8         [ 7] 1880 	add	a, #0xf8
   0B3B 47            [ 4] 1881 	ld	b, a
   0B3C D5            [11] 1882 	push	de
   0B3D C5            [11] 1883 	push	bc
   0B3E 33            [ 6] 1884 	inc	sp
   0B3F 3Ar8Fr00      [13] 1885 	ld	a, (_g_checkpointx)
   0B42 F5            [11] 1886 	push	af
   0B43 33            [ 6] 1887 	inc	sp
   0B44 21 00 C0      [10] 1888 	ld	hl, #0xc000
   0B47 E5            [11] 1889 	push	hl
   0B48 CDr00r00      [17] 1890 	call	_cpct_getScreenPtr
   0B4B 4D            [ 4] 1891 	ld	c, l
   0B4C 44            [ 4] 1892 	ld	b, h
   0B4D D1            [10] 1893 	pop	de
   0B4E 21 02 08      [10] 1894 	ld	hl, #0x0802
   0B51 E5            [11] 1895 	push	hl
   0B52 D5            [11] 1896 	push	de
   0B53 33            [ 6] 1897 	inc	sp
   0B54 C5            [11] 1898 	push	bc
   0B55 CDr00r00      [17] 1899 	call	_cpct_drawSolidBox
   0B58 F1            [10] 1900 	pop	af
   0B59 F1            [10] 1901 	pop	af
   0B5A 33            [ 6] 1902 	inc	sp
   0B5B C9            [10] 1903 	ret
                           1904 	.area _CODE
                           1905 	.area _INITIALIZER
                           1906 	.area _CABS (ABS)
