                              1 ;--------------------------------------------------------
                              2 ; File Created by SDCC : free open source ANSI-C Compiler
                              3 ; Version 3.6.8 #9946 (Mac OS X ppc)
                              4 ;--------------------------------------------------------
                              5 	.module tilesetbackground
                              6 	.optsdcc -mz80
                              7 	
                              8 ;--------------------------------------------------------
                              9 ; Public variables in this module
                             10 ;--------------------------------------------------------
                             11 	.globl _tileset_background_data
                             12 ;--------------------------------------------------------
                             13 ; special function registers
                             14 ;--------------------------------------------------------
                             15 ;--------------------------------------------------------
                             16 ; ram data
                             17 ;--------------------------------------------------------
                             18 	.area _DATA
                             19 ;--------------------------------------------------------
                             20 ; ram data
                             21 ;--------------------------------------------------------
                             22 	.area _INITIALIZED
                             23 ;--------------------------------------------------------
                             24 ; absolute external ram data
                             25 ;--------------------------------------------------------
                             26 	.area _DABS (ABS)
                             27 ;--------------------------------------------------------
                             28 ; global & static initialisations
                             29 ;--------------------------------------------------------
                             30 	.area _HOME
                             31 	.area _GSINIT
                             32 	.area _GSFINAL
                             33 	.area _GSINIT
                             34 ;--------------------------------------------------------
                             35 ; Home
                             36 ;--------------------------------------------------------
                             37 	.area _HOME
                             38 	.area _HOME
                             39 ;--------------------------------------------------------
                             40 ; code
                             41 ;--------------------------------------------------------
                             42 	.area _CODE
                             43 	.area _CODE
   0000                      44 _tileset_background_data:
   0000 EE                   45 	.db #0xee	; 238
   0001 EE                   46 	.db #0xee	; 238
   0002 EE                   47 	.db #0xee	; 238
   0003 EE                   48 	.db #0xee	; 238
   0004 EE                   49 	.db #0xee	; 238
   0005 EE                   50 	.db #0xee	; 238
   0006 EE                   51 	.db #0xee	; 238
   0007 EE                   52 	.db #0xee	; 238
   0008 EE                   53 	.db #0xee	; 238
   0009 11                   54 	.db #0x11	; 17
   000A 11                   55 	.db #0x11	; 17
   000B EE                   56 	.db #0xee	; 238
   000C 11                   57 	.db #0x11	; 17
   000D 11                   58 	.db #0x11	; 17
   000E 11                   59 	.db #0x11	; 17
   000F EE                   60 	.db #0xee	; 238
   0010 EE                   61 	.db #0xee	; 238
   0011 11                   62 	.db #0x11	; 17
   0012 11                   63 	.db #0x11	; 17
   0013 EE                   64 	.db #0xee	; 238
   0014 11                   65 	.db #0x11	; 17
   0015 11                   66 	.db #0x11	; 17
   0016 11                   67 	.db #0x11	; 17
   0017 EE                   68 	.db #0xee	; 238
   0018 EE                   69 	.db #0xee	; 238
   0019 11                   70 	.db #0x11	; 17
   001A 11                   71 	.db #0x11	; 17
   001B EE                   72 	.db #0xee	; 238
   001C 11                   73 	.db #0x11	; 17
   001D 11                   74 	.db #0x11	; 17
   001E 11                   75 	.db #0x11	; 17
   001F EE                   76 	.db #0xee	; 238
   0020 EE                   77 	.db #0xee	; 238
   0021 EE                   78 	.db #0xee	; 238
   0022 EE                   79 	.db #0xee	; 238
   0023 EE                   80 	.db #0xee	; 238
   0024 EE                   81 	.db #0xee	; 238
   0025 EE                   82 	.db #0xee	; 238
   0026 EE                   83 	.db #0xee	; 238
   0027 EE                   84 	.db #0xee	; 238
   0028 EE                   85 	.db #0xee	; 238
   0029 11                   86 	.db #0x11	; 17
   002A 11                   87 	.db #0x11	; 17
   002B EE                   88 	.db #0xee	; 238
   002C 11                   89 	.db #0x11	; 17
   002D 11                   90 	.db #0x11	; 17
   002E 11                   91 	.db #0x11	; 17
   002F EE                   92 	.db #0xee	; 238
   0030 EE                   93 	.db #0xee	; 238
   0031 11                   94 	.db #0x11	; 17
   0032 11                   95 	.db #0x11	; 17
   0033 EE                   96 	.db #0xee	; 238
   0034 11                   97 	.db #0x11	; 17
   0035 11                   98 	.db #0x11	; 17
   0036 11                   99 	.db #0x11	; 17
   0037 EE                  100 	.db #0xee	; 238
   0038 EE                  101 	.db #0xee	; 238
   0039 EE                  102 	.db #0xee	; 238
   003A EE                  103 	.db #0xee	; 238
   003B EE                  104 	.db #0xee	; 238
   003C EE                  105 	.db #0xee	; 238
   003D EE                  106 	.db #0xee	; 238
   003E EE                  107 	.db #0xee	; 238
   003F EE                  108 	.db #0xee	; 238
                            109 	.area _INITIALIZER
                            110 	.area _CABS (ABS)
