                              1 ;--------------------------------------------------------
                              2 ; File Created by SDCC : free open source ANSI-C Compiler
                              3 ; Version 3.6.8 #9946 (Mac OS X ppc)
                              4 ;--------------------------------------------------------
                              5 	.module projectile
                              6 	.optsdcc -mz80
                              7 	
                              8 ;--------------------------------------------------------
                              9 ; Public variables in this module
                             10 ;--------------------------------------------------------
                             11 	.globl _cpct_getScreenPtr
                             12 	.globl _cpct_drawSolidBox
                             13 	.globl _cpct_px2byteM0
                             14 	.globl _projectileinit
                             15 	.globl _projectilefire
                             16 	.globl _projectileupdate
                             17 	.globl _projectilerender
                             18 ;--------------------------------------------------------
                             19 ; special function registers
                             20 ;--------------------------------------------------------
                             21 ;--------------------------------------------------------
                             22 ; ram data
                             23 ;--------------------------------------------------------
                             24 	.area _DATA
                             25 ;--------------------------------------------------------
                             26 ; ram data
                             27 ;--------------------------------------------------------
                             28 	.area _INITIALIZED
                             29 ;--------------------------------------------------------
                             30 ; absolute external ram data
                             31 ;--------------------------------------------------------
                             32 	.area _DABS (ABS)
                             33 ;--------------------------------------------------------
                             34 ; global & static initialisations
                             35 ;--------------------------------------------------------
                             36 	.area _HOME
                             37 	.area _GSINIT
                             38 	.area _GSFINAL
                             39 	.area _GSINIT
                             40 ;--------------------------------------------------------
                             41 ; Home
                             42 ;--------------------------------------------------------
                             43 	.area _HOME
                             44 	.area _HOME
                             45 ;--------------------------------------------------------
                             46 ; code
                             47 ;--------------------------------------------------------
                             48 	.area _CODE
                             49 ;src/entities/projectile.c:4: void projectileinit(Projectile* projectile) {
                             50 ;	---------------------------------
                             51 ; Function projectileinit
                             52 ; ---------------------------------
   0000                      53 _projectileinit::
                             54 ;src/entities/projectile.c:5: if (!projectile) {
   0000 21 03 00      [10]   55 	ld	hl, #2+1
   0003 39            [11]   56 	add	hl, sp
   0004 7E            [ 7]   57 	ld	a, (hl)
   0005 2B            [ 6]   58 	dec	hl
   0006 B6            [ 7]   59 	or	a,(hl)
                             60 ;src/entities/projectile.c:6: return;
   0007 C8            [11]   61 	ret	Z
                             62 ;src/entities/projectile.c:9: projectile->x = 0;
   0008 D1            [10]   63 	pop	de
   0009 C1            [10]   64 	pop	bc
   000A C5            [11]   65 	push	bc
   000B D5            [11]   66 	push	de
   000C AF            [ 4]   67 	xor	a, a
   000D 02            [ 7]   68 	ld	(bc), a
                             69 ;src/entities/projectile.c:10: projectile->y = 0;
   000E 59            [ 4]   70 	ld	e, c
   000F 50            [ 4]   71 	ld	d, b
   0010 13            [ 6]   72 	inc	de
   0011 AF            [ 4]   73 	xor	a, a
   0012 12            [ 7]   74 	ld	(de), a
                             75 ;src/entities/projectile.c:11: projectile->vx = 0;
   0013 59            [ 4]   76 	ld	e, c
   0014 50            [ 4]   77 	ld	d, b
   0015 13            [ 6]   78 	inc	de
   0016 13            [ 6]   79 	inc	de
   0017 AF            [ 4]   80 	xor	a, a
   0018 12            [ 7]   81 	ld	(de), a
                             82 ;src/entities/projectile.c:12: projectile->vy = 0;
   0019 59            [ 4]   83 	ld	e, c
   001A 50            [ 4]   84 	ld	d, b
   001B 13            [ 6]   85 	inc	de
   001C 13            [ 6]   86 	inc	de
   001D 13            [ 6]   87 	inc	de
   001E AF            [ 4]   88 	xor	a, a
   001F 12            [ 7]   89 	ld	(de), a
                             90 ;src/entities/projectile.c:13: projectile->w = 2;
   0020 21 04 00      [10]   91 	ld	hl, #0x0004
   0023 09            [11]   92 	add	hl, bc
   0024 36 02         [10]   93 	ld	(hl), #0x02
                             94 ;src/entities/projectile.c:14: projectile->h = 2;
   0026 21 05 00      [10]   95 	ld	hl, #0x0005
   0029 09            [11]   96 	add	hl, bc
   002A 36 02         [10]   97 	ld	(hl), #0x02
                             98 ;src/entities/projectile.c:15: projectile->active = 0;
   002C 21 06 00      [10]   99 	ld	hl, #0x0006
   002F 09            [11]  100 	add	hl, bc
   0030 36 00         [10]  101 	ld	(hl), #0x00
                            102 ;src/entities/projectile.c:16: projectile->damage = 1;
   0032 21 07 00      [10]  103 	ld	hl, #0x0007
   0035 09            [11]  104 	add	hl, bc
   0036 36 01         [10]  105 	ld	(hl), #0x01
                            106 ;src/entities/projectile.c:17: projectile->lifetime = 0;
   0038 21 08 00      [10]  107 	ld	hl, #0x0008
   003B 09            [11]  108 	add	hl, bc
   003C 36 00         [10]  109 	ld	(hl), #0x00
                            110 ;src/entities/projectile.c:18: projectile->weapon = 0;
   003E 21 09 00      [10]  111 	ld	hl, #0x0009
   0041 09            [11]  112 	add	hl, bc
   0042 36 00         [10]  113 	ld	(hl), #0x00
   0044 C9            [10]  114 	ret
                            115 ;src/entities/projectile.c:21: void projectilefire(Projectile* projectile, u8 x, u8 y, i8 dir, u8 weapon) {
                            116 ;	---------------------------------
                            117 ; Function projectilefire
                            118 ; ---------------------------------
   0045                     119 _projectilefire::
   0045 DD E5         [15]  120 	push	ix
   0047 DD 21 00 00   [14]  121 	ld	ix,#0
   004B DD 39         [15]  122 	add	ix,sp
   004D F5            [11]  123 	push	af
   004E F5            [11]  124 	push	af
                            125 ;src/entities/projectile.c:22: if (!projectile) {
   004F DD 7E 05      [19]  126 	ld	a, 5 (ix)
   0052 DD B6 04      [19]  127 	or	a,4 (ix)
                            128 ;src/entities/projectile.c:23: return;
   0055 CArF7r00      [10]  129 	jp	Z,00109$
                            130 ;src/entities/projectile.c:26: projectile->x = x;
   0058 DD 4E 04      [19]  131 	ld	c,4 (ix)
   005B DD 46 05      [19]  132 	ld	b,5 (ix)
   005E DD 7E 06      [19]  133 	ld	a, 6 (ix)
   0061 02            [ 7]  134 	ld	(bc), a
                            135 ;src/entities/projectile.c:27: projectile->y = y;
   0062 59            [ 4]  136 	ld	e, c
   0063 50            [ 4]  137 	ld	d, b
   0064 13            [ 6]  138 	inc	de
   0065 DD 7E 07      [19]  139 	ld	a, 7 (ix)
   0068 12            [ 7]  140 	ld	(de), a
                            141 ;src/entities/projectile.c:28: projectile->vx = dir;
   0069 21 02 00      [10]  142 	ld	hl, #0x0002
   006C 09            [11]  143 	add	hl,bc
   006D DD 75 FE      [19]  144 	ld	-2 (ix), l
   0070 DD 74 FF      [19]  145 	ld	-1 (ix), h
   0073 DD 7E 08      [19]  146 	ld	a, 8 (ix)
   0076 77            [ 7]  147 	ld	(hl), a
                            148 ;src/entities/projectile.c:29: projectile->vy = 0;
   0077 59            [ 4]  149 	ld	e, c
   0078 50            [ 4]  150 	ld	d, b
   0079 13            [ 6]  151 	inc	de
   007A 13            [ 6]  152 	inc	de
   007B 13            [ 6]  153 	inc	de
   007C AF            [ 4]  154 	xor	a, a
   007D 12            [ 7]  155 	ld	(de), a
                            156 ;src/entities/projectile.c:30: projectile->weapon = weapon;
   007E 21 09 00      [10]  157 	ld	hl, #0x0009
   0081 09            [11]  158 	add	hl, bc
   0082 DD 7E 09      [19]  159 	ld	a, 9 (ix)
   0085 77            [ 7]  160 	ld	(hl), a
                            161 ;src/entities/projectile.c:31: projectile->active = 1;
   0086 21 06 00      [10]  162 	ld	hl, #0x0006
   0089 09            [11]  163 	add	hl, bc
   008A 36 01         [10]  164 	ld	(hl), #0x01
                            165 ;src/entities/projectile.c:34: projectile->w = 3;
   008C 21 04 00      [10]  166 	ld	hl, #0x0004
   008F 09            [11]  167 	add	hl, bc
                            168 ;src/entities/projectile.c:35: projectile->h = 2;
   0090 79            [ 4]  169 	ld	a, c
   0091 C6 05         [ 7]  170 	add	a, #0x05
   0093 5F            [ 4]  171 	ld	e, a
   0094 78            [ 4]  172 	ld	a, b
   0095 CE 00         [ 7]  173 	adc	a, #0x00
   0097 57            [ 4]  174 	ld	d, a
                            175 ;src/entities/projectile.c:36: projectile->damage = 1;
   0098 79            [ 4]  176 	ld	a, c
   0099 C6 07         [ 7]  177 	add	a, #0x07
   009B DD 77 FC      [19]  178 	ld	-4 (ix), a
   009E 78            [ 4]  179 	ld	a, b
   009F CE 00         [ 7]  180 	adc	a, #0x00
   00A1 DD 77 FD      [19]  181 	ld	-3 (ix), a
                            182 ;src/entities/projectile.c:37: projectile->lifetime = 45;
   00A4 79            [ 4]  183 	ld	a, c
   00A5 C6 08         [ 7]  184 	add	a, #0x08
   00A7 4F            [ 4]  185 	ld	c, a
   00A8 78            [ 4]  186 	ld	a, b
   00A9 CE 00         [ 7]  187 	adc	a, #0x00
   00AB 47            [ 4]  188 	ld	b, a
                            189 ;src/entities/projectile.c:33: if (weapon == 0) {
   00AC DD 7E 09      [19]  190 	ld	a, 9 (ix)
   00AF B7            [ 4]  191 	or	a, a
   00B0 20 0E         [12]  192 	jr	NZ,00107$
                            193 ;src/entities/projectile.c:34: projectile->w = 3;
   00B2 36 03         [10]  194 	ld	(hl), #0x03
                            195 ;src/entities/projectile.c:35: projectile->h = 2;
   00B4 3E 02         [ 7]  196 	ld	a, #0x02
   00B6 12            [ 7]  197 	ld	(de), a
                            198 ;src/entities/projectile.c:36: projectile->damage = 1;
   00B7 E1            [10]  199 	pop	hl
   00B8 E5            [11]  200 	push	hl
   00B9 36 01         [10]  201 	ld	(hl), #0x01
                            202 ;src/entities/projectile.c:37: projectile->lifetime = 45;
   00BB 3E 2D         [ 7]  203 	ld	a, #0x2d
   00BD 02            [ 7]  204 	ld	(bc), a
   00BE 18 37         [12]  205 	jr	00109$
   00C0                     206 00107$:
                            207 ;src/entities/projectile.c:38: } else if (weapon == 1) {
   00C0 DD 7E 09      [19]  208 	ld	a, 9 (ix)
   00C3 3D            [ 4]  209 	dec	a
   00C4 20 0E         [12]  210 	jr	NZ,00104$
                            211 ;src/entities/projectile.c:39: projectile->w = 2;
   00C6 36 02         [10]  212 	ld	(hl), #0x02
                            213 ;src/entities/projectile.c:40: projectile->h = 3;
   00C8 3E 03         [ 7]  214 	ld	a, #0x03
   00CA 12            [ 7]  215 	ld	(de), a
                            216 ;src/entities/projectile.c:41: projectile->damage = 2;
   00CB E1            [10]  217 	pop	hl
   00CC E5            [11]  218 	push	hl
   00CD 36 02         [10]  219 	ld	(hl), #0x02
                            220 ;src/entities/projectile.c:42: projectile->lifetime = 28;
   00CF 3E 1C         [ 7]  221 	ld	a, #0x1c
   00D1 02            [ 7]  222 	ld	(bc), a
   00D2 18 23         [12]  223 	jr	00109$
   00D4                     224 00104$:
                            225 ;src/entities/projectile.c:44: projectile->w = 4;
   00D4 36 04         [10]  226 	ld	(hl), #0x04
                            227 ;src/entities/projectile.c:45: projectile->h = 3;
   00D6 3E 03         [ 7]  228 	ld	a, #0x03
   00D8 12            [ 7]  229 	ld	(de), a
                            230 ;src/entities/projectile.c:46: projectile->damage = 3;
   00D9 E1            [10]  231 	pop	hl
   00DA E5            [11]  232 	push	hl
   00DB 36 03         [10]  233 	ld	(hl), #0x03
                            234 ;src/entities/projectile.c:47: projectile->lifetime = 56;
   00DD 3E 38         [ 7]  235 	ld	a, #0x38
   00DF 02            [ 7]  236 	ld	(bc), a
                            237 ;src/entities/projectile.c:48: projectile->vx = (i8)(dir > 0 ? 4 : -4);
   00E0 D1            [10]  238 	pop	de
   00E1 C1            [10]  239 	pop	bc
   00E2 C5            [11]  240 	push	bc
   00E3 D5            [11]  241 	push	de
   00E4 AF            [ 4]  242 	xor	a, a
   00E5 DD 96 08      [19]  243 	sub	a, 8 (ix)
   00E8 E2rEDr00      [10]  244 	jp	PO, 00131$
   00EB EE 80         [ 7]  245 	xor	a, #0x80
   00ED                     246 00131$:
   00ED F2rF4r00      [10]  247 	jp	P, 00111$
   00F0 3E 04         [ 7]  248 	ld	a, #0x04
   00F2 18 02         [12]  249 	jr	00112$
   00F4                     250 00111$:
   00F4 3E FC         [ 7]  251 	ld	a, #0xfc
   00F6                     252 00112$:
   00F6 02            [ 7]  253 	ld	(bc), a
   00F7                     254 00109$:
   00F7 DD F9         [10]  255 	ld	sp, ix
   00F9 DD E1         [14]  256 	pop	ix
   00FB C9            [10]  257 	ret
                            258 ;src/entities/projectile.c:52: void projectileupdate(Projectile* projectile) {
                            259 ;	---------------------------------
                            260 ; Function projectileupdate
                            261 ; ---------------------------------
   00FC                     262 _projectileupdate::
   00FC DD E5         [15]  263 	push	ix
   00FE DD 21 00 00   [14]  264 	ld	ix,#0
   0102 DD 39         [15]  265 	add	ix,sp
   0104 3B            [ 6]  266 	dec	sp
                            267 ;src/entities/projectile.c:53: if (!projectile || !projectile->active) {
   0105 DD 7E 05      [19]  268 	ld	a, 5 (ix)
   0108 DD B6 04      [19]  269 	or	a,4 (ix)
   010B 28 4A         [12]  270 	jr	Z,00109$
   010D DD 5E 04      [19]  271 	ld	e,4 (ix)
   0110 DD 56 05      [19]  272 	ld	d,5 (ix)
   0113 FD 21 06 00   [14]  273 	ld	iy, #0x0006
   0117 FD 19         [15]  274 	add	iy, de
   0119 FD 7E 00      [19]  275 	ld	a, 0 (iy)
   011C B7            [ 4]  276 	or	a, a
                            277 ;src/entities/projectile.c:54: return;
   011D 28 38         [12]  278 	jr	Z,00109$
                            279 ;src/entities/projectile.c:57: projectile->x = (u8)(projectile->x + projectile->vx);
   011F 1A            [ 7]  280 	ld	a, (de)
   0120 4F            [ 4]  281 	ld	c, a
   0121 6B            [ 4]  282 	ld	l, e
   0122 62            [ 4]  283 	ld	h, d
   0123 23            [ 6]  284 	inc	hl
   0124 23            [ 6]  285 	inc	hl
   0125 6E            [ 7]  286 	ld	l, (hl)
   0126 09            [11]  287 	add	hl, bc
   0127 7D            [ 4]  288 	ld	a, l
   0128 12            [ 7]  289 	ld	(de), a
                            290 ;src/entities/projectile.c:58: projectile->y = (u8)(projectile->y + projectile->vy);
   0129 4B            [ 4]  291 	ld	c, e
   012A 42            [ 4]  292 	ld	b, d
   012B 03            [ 6]  293 	inc	bc
   012C 0A            [ 7]  294 	ld	a, (bc)
   012D DD 77 FF      [19]  295 	ld	-1 (ix), a
   0130 6B            [ 4]  296 	ld	l, e
   0131 62            [ 4]  297 	ld	h, d
   0132 23            [ 6]  298 	inc	hl
   0133 23            [ 6]  299 	inc	hl
   0134 23            [ 6]  300 	inc	hl
   0135 6E            [ 7]  301 	ld	l, (hl)
   0136 DD 7E FF      [19]  302 	ld	a, -1 (ix)
   0139 85            [ 4]  303 	add	a, l
   013A 02            [ 7]  304 	ld	(bc), a
                            305 ;src/entities/projectile.c:60: if (projectile->lifetime) {
   013B 21 08 00      [10]  306 	ld	hl, #0x0008
   013E 19            [11]  307 	add	hl,de
   013F 4D            [ 4]  308 	ld	c, l
   0140 44            [ 4]  309 	ld	b, h
   0141 0A            [ 7]  310 	ld	a, (bc)
   0142 B7            [ 4]  311 	or	a, a
   0143 28 03         [12]  312 	jr	Z,00105$
                            313 ;src/entities/projectile.c:61: projectile->lifetime--;
   0145 C6 FF         [ 7]  314 	add	a, #0xff
   0147 02            [ 7]  315 	ld	(bc), a
   0148                     316 00105$:
                            317 ;src/entities/projectile.c:64: if (projectile->x > 78 || projectile->lifetime == 0) {
   0148 1A            [ 7]  318 	ld	a, (de)
   0149 5F            [ 4]  319 	ld	e, a
   014A 3E 4E         [ 7]  320 	ld	a, #0x4e
   014C 93            [ 4]  321 	sub	a, e
   014D 38 04         [12]  322 	jr	C,00106$
   014F 0A            [ 7]  323 	ld	a, (bc)
   0150 B7            [ 4]  324 	or	a, a
   0151 20 04         [12]  325 	jr	NZ,00109$
   0153                     326 00106$:
                            327 ;src/entities/projectile.c:65: projectile->active = 0;
   0153 FD 36 00 00   [19]  328 	ld	0 (iy), #0x00
   0157                     329 00109$:
   0157 33            [ 6]  330 	inc	sp
   0158 DD E1         [14]  331 	pop	ix
   015A C9            [10]  332 	ret
                            333 ;src/entities/projectile.c:69: void projectilerender(const Projectile* projectile) {
                            334 ;	---------------------------------
                            335 ; Function projectilerender
                            336 ; ---------------------------------
   015B                     337 _projectilerender::
   015B DD E5         [15]  338 	push	ix
   015D DD 21 00 00   [14]  339 	ld	ix,#0
   0161 DD 39         [15]  340 	add	ix,sp
   0163 F5            [11]  341 	push	af
                            342 ;src/entities/projectile.c:72: if (!projectile || !projectile->active) {
   0164 DD 7E 05      [19]  343 	ld	a, 5 (ix)
   0167 DD B6 04      [19]  344 	or	a,4 (ix)
   016A 28 72         [12]  345 	jr	Z,00104$
   016C DD 5E 04      [19]  346 	ld	e,4 (ix)
   016F DD 56 05      [19]  347 	ld	d,5 (ix)
   0172 D5            [11]  348 	push	de
   0173 FD E1         [14]  349 	pop	iy
   0175 FD 7E 06      [19]  350 	ld	a, 6 (iy)
   0178 B7            [ 4]  351 	or	a, a
                            352 ;src/entities/projectile.c:73: return;
   0179 28 63         [12]  353 	jr	Z,00104$
                            354 ;src/entities/projectile.c:76: pvmem = cpct_getScreenPtr(CPCT_VMEM_START, projectile->x, projectile->y);
   017B 6B            [ 4]  355 	ld	l, e
   017C 62            [ 4]  356 	ld	h, d
   017D 23            [ 6]  357 	inc	hl
   017E 46            [ 7]  358 	ld	b, (hl)
   017F 1A            [ 7]  359 	ld	a, (de)
   0180 D5            [11]  360 	push	de
   0181 C5            [11]  361 	push	bc
   0182 33            [ 6]  362 	inc	sp
   0183 F5            [11]  363 	push	af
   0184 33            [ 6]  364 	inc	sp
   0185 21 00 C0      [10]  365 	ld	hl, #0xc000
   0188 E5            [11]  366 	push	hl
   0189 CDr00r00      [17]  367 	call	_cpct_getScreenPtr
   018C 4D            [ 4]  368 	ld	c, l
   018D 44            [ 4]  369 	ld	b, h
   018E D1            [10]  370 	pop	de
                            371 ;src/entities/projectile.c:77: cpct_drawSolidBox(pvmem, projectile->weapon == 0 ? cpct_px2byteM0(15, 15) : (projectile->weapon == 1 ? cpct_px2byteM0(11, 11) : cpct_px2byteM0(5, 5)), projectile->w, projectile->h);
   018F D5            [11]  372 	push	de
   0190 FD E1         [14]  373 	pop	iy
   0192 FD 7E 05      [19]  374 	ld	a, 5 (iy)
   0195 DD 77 FE      [19]  375 	ld	-2 (ix), a
   0198 D5            [11]  376 	push	de
   0199 FD E1         [14]  377 	pop	iy
   019B FD 7E 04      [19]  378 	ld	a, 4 (iy)
   019E DD 77 FF      [19]  379 	ld	-1 (ix), a
   01A1 EB            [ 4]  380 	ex	de,hl
   01A2 11 09 00      [10]  381 	ld	de, #0x0009
   01A5 19            [11]  382 	add	hl, de
   01A6 7E            [ 7]  383 	ld	a, (hl)
   01A7 B7            [ 4]  384 	or	a, a
   01A8 20 0C         [12]  385 	jr	NZ,00106$
   01AA C5            [11]  386 	push	bc
   01AB 21 0F 0F      [10]  387 	ld	hl, #0x0f0f
   01AE E5            [11]  388 	push	hl
   01AF CDr00r00      [17]  389 	call	_cpct_px2byteM0
   01B2 55            [ 4]  390 	ld	d, l
   01B3 C1            [10]  391 	pop	bc
   01B4 18 18         [12]  392 	jr	00107$
   01B6                     393 00106$:
   01B6 3D            [ 4]  394 	dec	a
   01B7 20 0B         [12]  395 	jr	NZ,00108$
   01B9 C5            [11]  396 	push	bc
   01BA 21 0B 0B      [10]  397 	ld	hl, #0x0b0b
   01BD E5            [11]  398 	push	hl
   01BE CDr00r00      [17]  399 	call	_cpct_px2byteM0
   01C1 C1            [10]  400 	pop	bc
   01C2 18 09         [12]  401 	jr	00109$
   01C4                     402 00108$:
   01C4 C5            [11]  403 	push	bc
   01C5 21 05 05      [10]  404 	ld	hl, #0x0505
   01C8 E5            [11]  405 	push	hl
   01C9 CDr00r00      [17]  406 	call	_cpct_px2byteM0
   01CC C1            [10]  407 	pop	bc
   01CD                     408 00109$:
   01CD 55            [ 4]  409 	ld	d, l
   01CE                     410 00107$:
   01CE DD 66 FE      [19]  411 	ld	h, -2 (ix)
   01D1 DD 6E FF      [19]  412 	ld	l, -1 (ix)
   01D4 E5            [11]  413 	push	hl
   01D5 D5            [11]  414 	push	de
   01D6 33            [ 6]  415 	inc	sp
   01D7 C5            [11]  416 	push	bc
   01D8 CDr00r00      [17]  417 	call	_cpct_drawSolidBox
   01DB F1            [10]  418 	pop	af
   01DC F1            [10]  419 	pop	af
   01DD 33            [ 6]  420 	inc	sp
   01DE                     421 00104$:
   01DE DD F9         [10]  422 	ld	sp, ix
   01E0 DD E1         [14]  423 	pop	ix
   01E2 C9            [10]  424 	ret
                            425 	.area _CODE
                            426 	.area _INITIALIZER
                            427 	.area _CABS (ABS)
