                              1 ;--------------------------------------------------------
                              2 ; File Created by SDCC : free open source ANSI-C Compiler
                              3 ; Version 3.6.8 #9946 (Mac OS X ppc)
                              4 ;--------------------------------------------------------
                              5 	.module enemysprites
                              6 	.optsdcc -mz80
                              7 	
                              8 ;--------------------------------------------------------
                              9 ; Public variables in this module
                             10 ;--------------------------------------------------------
                             11 	.globl _archer_attack_mask
                             12 	.globl _archer_attack_sprite
                             13 	.globl _archer_idle_mask
                             14 	.globl _archer_idle_sprite
                             15 	.globl _zombie_walk_mask
                             16 	.globl _zombie_walk_sprite
                             17 	.globl _zombie_idle_mask
                             18 	.globl _zombie_idle_sprite
                             19 ;--------------------------------------------------------
                             20 ; special function registers
                             21 ;--------------------------------------------------------
                             22 ;--------------------------------------------------------
                             23 ; ram data
                             24 ;--------------------------------------------------------
                             25 	.area _DATA
                             26 ;--------------------------------------------------------
                             27 ; ram data
                             28 ;--------------------------------------------------------
                             29 	.area _INITIALIZED
                             30 ;--------------------------------------------------------
                             31 ; absolute external ram data
                             32 ;--------------------------------------------------------
                             33 	.area _DABS (ABS)
                             34 ;--------------------------------------------------------
                             35 ; global & static initialisations
                             36 ;--------------------------------------------------------
                             37 	.area _HOME
                             38 	.area _GSINIT
                             39 	.area _GSFINAL
                             40 	.area _GSINIT
                             41 ;--------------------------------------------------------
                             42 ; Home
                             43 ;--------------------------------------------------------
                             44 	.area _HOME
                             45 	.area _HOME
                             46 ;--------------------------------------------------------
                             47 ; code
                             48 ;--------------------------------------------------------
                             49 	.area _CODE
                             50 	.area _CODE
   0000                      51 _zombie_idle_sprite:
   0000 00                   52 	.db #0x00	; 0
   0001 00                   53 	.db #0x00	; 0
   0002 00                   54 	.db #0x00	; 0
   0003 00                   55 	.db #0x00	; 0
   0004 00                   56 	.db #0x00	; 0
   0005 00                   57 	.db #0x00	; 0
   0006 00                   58 	.db #0x00	; 0
   0007 00                   59 	.db #0x00	; 0
   0008 0F                   60 	.db #0x0f	; 15
   0009 F0                   61 	.db #0xf0	; 240
   000A 00                   62 	.db #0x00	; 0
   000B 00                   63 	.db #0x00	; 0
   000C 00                   64 	.db #0x00	; 0
   000D 00                   65 	.db #0x00	; 0
   000E 3F                   66 	.db #0x3f	; 63
   000F FC                   67 	.db #0xfc	; 252
   0010 00                   68 	.db #0x00	; 0
   0011 00                   69 	.db #0x00	; 0
   0012 00                   70 	.db #0x00	; 0
   0013 00                   71 	.db #0x00	; 0
   0014 3F                   72 	.db #0x3f	; 63
   0015 FC                   73 	.db #0xfc	; 252
   0016 00                   74 	.db #0x00	; 0
   0017 00                   75 	.db #0x00	; 0
   0018 00                   76 	.db #0x00	; 0
   0019 00                   77 	.db #0x00	; 0
   001A 0F                   78 	.db #0x0f	; 15
   001B F0                   79 	.db #0xf0	; 240
   001C 00                   80 	.db #0x00	; 0
   001D 00                   81 	.db #0x00	; 0
   001E 00                   82 	.db #0x00	; 0
   001F 00                   83 	.db #0x00	; 0
   0020 03                   84 	.db #0x03	; 3
   0021 C0                   85 	.db #0xc0	; 192
   0022 00                   86 	.db #0x00	; 0
   0023 00                   87 	.db #0x00	; 0
   0024 00                   88 	.db #0x00	; 0
   0025 00                   89 	.db #0x00	; 0
   0026 03                   90 	.db #0x03	; 3
   0027 C0                   91 	.db #0xc0	; 192
   0028 00                   92 	.db #0x00	; 0
   0029 00                   93 	.db #0x00	; 0
   002A 00                   94 	.db #0x00	; 0
   002B 00                   95 	.db #0x00	; 0
   002C 0C                   96 	.db #0x0c	; 12
   002D 30                   97 	.db #0x30	; 48	'0'
   002E 00                   98 	.db #0x00	; 0
   002F 00                   99 	.db #0x00	; 0
   0030                     100 _zombie_idle_mask:
   0030 FF                  101 	.db #0xff	; 255
   0031 FF                  102 	.db #0xff	; 255
   0032 FF                  103 	.db #0xff	; 255
   0033 FF                  104 	.db #0xff	; 255
   0034 FF                  105 	.db #0xff	; 255
   0035 FF                  106 	.db #0xff	; 255
   0036 FF                  107 	.db #0xff	; 255
   0037 FF                  108 	.db #0xff	; 255
   0038 F0                  109 	.db #0xf0	; 240
   0039 0F                  110 	.db #0x0f	; 15
   003A FF                  111 	.db #0xff	; 255
   003B FF                  112 	.db #0xff	; 255
   003C FF                  113 	.db #0xff	; 255
   003D FF                  114 	.db #0xff	; 255
   003E C0                  115 	.db #0xc0	; 192
   003F 03                  116 	.db #0x03	; 3
   0040 FF                  117 	.db #0xff	; 255
   0041 FF                  118 	.db #0xff	; 255
   0042 FF                  119 	.db #0xff	; 255
   0043 FF                  120 	.db #0xff	; 255
   0044 C0                  121 	.db #0xc0	; 192
   0045 03                  122 	.db #0x03	; 3
   0046 FF                  123 	.db #0xff	; 255
   0047 FF                  124 	.db #0xff	; 255
   0048 FF                  125 	.db #0xff	; 255
   0049 FF                  126 	.db #0xff	; 255
   004A F0                  127 	.db #0xf0	; 240
   004B 0F                  128 	.db #0x0f	; 15
   004C FF                  129 	.db #0xff	; 255
   004D FF                  130 	.db #0xff	; 255
   004E FF                  131 	.db #0xff	; 255
   004F FF                  132 	.db #0xff	; 255
   0050 FC                  133 	.db #0xfc	; 252
   0051 3F                  134 	.db #0x3f	; 63
   0052 FF                  135 	.db #0xff	; 255
   0053 FF                  136 	.db #0xff	; 255
   0054 FF                  137 	.db #0xff	; 255
   0055 FF                  138 	.db #0xff	; 255
   0056 FC                  139 	.db #0xfc	; 252
   0057 3F                  140 	.db #0x3f	; 63
   0058 FF                  141 	.db #0xff	; 255
   0059 FF                  142 	.db #0xff	; 255
   005A FF                  143 	.db #0xff	; 255
   005B FF                  144 	.db #0xff	; 255
   005C F3                  145 	.db #0xf3	; 243
   005D CF                  146 	.db #0xcf	; 207
   005E FF                  147 	.db #0xff	; 255
   005F FF                  148 	.db #0xff	; 255
   0060                     149 _zombie_walk_sprite:
   0060 00                  150 	.db #0x00	; 0
   0061 00                  151 	.db #0x00	; 0
   0062 00                  152 	.db #0x00	; 0
   0063 00                  153 	.db #0x00	; 0
   0064 00                  154 	.db #0x00	; 0
   0065 00                  155 	.db #0x00	; 0
   0066 00                  156 	.db #0x00	; 0
   0067 00                  157 	.db #0x00	; 0
   0068 0F                  158 	.db #0x0f	; 15
   0069 F0                  159 	.db #0xf0	; 240
   006A 00                  160 	.db #0x00	; 0
   006B 00                  161 	.db #0x00	; 0
   006C 00                  162 	.db #0x00	; 0
   006D 00                  163 	.db #0x00	; 0
   006E 3F                  164 	.db #0x3f	; 63
   006F FC                  165 	.db #0xfc	; 252
   0070 00                  166 	.db #0x00	; 0
   0071 00                  167 	.db #0x00	; 0
   0072 00                  168 	.db #0x00	; 0
   0073 00                  169 	.db #0x00	; 0
   0074 3F                  170 	.db #0x3f	; 63
   0075 FC                  171 	.db #0xfc	; 252
   0076 00                  172 	.db #0x00	; 0
   0077 00                  173 	.db #0x00	; 0
   0078 00                  174 	.db #0x00	; 0
   0079 00                  175 	.db #0x00	; 0
   007A 0F                  176 	.db #0x0f	; 15
   007B F0                  177 	.db #0xf0	; 240
   007C 00                  178 	.db #0x00	; 0
   007D 00                  179 	.db #0x00	; 0
   007E 00                  180 	.db #0x00	; 0
   007F 00                  181 	.db #0x00	; 0
   0080 0C                  182 	.db #0x0c	; 12
   0081 30                  183 	.db #0x30	; 48	'0'
   0082 00                  184 	.db #0x00	; 0
   0083 00                  185 	.db #0x00	; 0
   0084 00                  186 	.db #0x00	; 0
   0085 00                  187 	.db #0x00	; 0
   0086 30                  188 	.db #0x30	; 48	'0'
   0087 0C                  189 	.db #0x0c	; 12
   0088 00                  190 	.db #0x00	; 0
   0089 00                  191 	.db #0x00	; 0
   008A 00                  192 	.db #0x00	; 0
   008B 00                  193 	.db #0x00	; 0
   008C 00                  194 	.db #0x00	; 0
   008D 00                  195 	.db #0x00	; 0
   008E 00                  196 	.db #0x00	; 0
   008F 00                  197 	.db #0x00	; 0
   0090                     198 _zombie_walk_mask:
   0090 FF                  199 	.db #0xff	; 255
   0091 FF                  200 	.db #0xff	; 255
   0092 FF                  201 	.db #0xff	; 255
   0093 FF                  202 	.db #0xff	; 255
   0094 FF                  203 	.db #0xff	; 255
   0095 FF                  204 	.db #0xff	; 255
   0096 FF                  205 	.db #0xff	; 255
   0097 FF                  206 	.db #0xff	; 255
   0098 F0                  207 	.db #0xf0	; 240
   0099 0F                  208 	.db #0x0f	; 15
   009A FF                  209 	.db #0xff	; 255
   009B FF                  210 	.db #0xff	; 255
   009C FF                  211 	.db #0xff	; 255
   009D FF                  212 	.db #0xff	; 255
   009E C0                  213 	.db #0xc0	; 192
   009F 03                  214 	.db #0x03	; 3
   00A0 FF                  215 	.db #0xff	; 255
   00A1 FF                  216 	.db #0xff	; 255
   00A2 FF                  217 	.db #0xff	; 255
   00A3 FF                  218 	.db #0xff	; 255
   00A4 C0                  219 	.db #0xc0	; 192
   00A5 03                  220 	.db #0x03	; 3
   00A6 FF                  221 	.db #0xff	; 255
   00A7 FF                  222 	.db #0xff	; 255
   00A8 FF                  223 	.db #0xff	; 255
   00A9 FF                  224 	.db #0xff	; 255
   00AA F0                  225 	.db #0xf0	; 240
   00AB 0F                  226 	.db #0x0f	; 15
   00AC FF                  227 	.db #0xff	; 255
   00AD FF                  228 	.db #0xff	; 255
   00AE FF                  229 	.db #0xff	; 255
   00AF FF                  230 	.db #0xff	; 255
   00B0 F3                  231 	.db #0xf3	; 243
   00B1 CF                  232 	.db #0xcf	; 207
   00B2 FF                  233 	.db #0xff	; 255
   00B3 FF                  234 	.db #0xff	; 255
   00B4 FF                  235 	.db #0xff	; 255
   00B5 FF                  236 	.db #0xff	; 255
   00B6 CF                  237 	.db #0xcf	; 207
   00B7 3F                  238 	.db #0x3f	; 63
   00B8 FF                  239 	.db #0xff	; 255
   00B9 FF                  240 	.db #0xff	; 255
   00BA FF                  241 	.db #0xff	; 255
   00BB FF                  242 	.db #0xff	; 255
   00BC FF                  243 	.db #0xff	; 255
   00BD FF                  244 	.db #0xff	; 255
   00BE FF                  245 	.db #0xff	; 255
   00BF FF                  246 	.db #0xff	; 255
   00C0                     247 _archer_idle_sprite:
   00C0 00                  248 	.db #0x00	; 0
   00C1 00                  249 	.db #0x00	; 0
   00C2 00                  250 	.db #0x00	; 0
   00C3 00                  251 	.db #0x00	; 0
   00C4 00                  252 	.db #0x00	; 0
   00C5 00                  253 	.db #0x00	; 0
   00C6 00                  254 	.db #0x00	; 0
   00C7 00                  255 	.db #0x00	; 0
   00C8 0F                  256 	.db #0x0f	; 15
   00C9 F0                  257 	.db #0xf0	; 240
   00CA 00                  258 	.db #0x00	; 0
   00CB 00                  259 	.db #0x00	; 0
   00CC 00                  260 	.db #0x00	; 0
   00CD 00                  261 	.db #0x00	; 0
   00CE 3F                  262 	.db #0x3f	; 63
   00CF FC                  263 	.db #0xfc	; 252
   00D0 00                  264 	.db #0x00	; 0
   00D1 00                  265 	.db #0x00	; 0
   00D2 00                  266 	.db #0x00	; 0
   00D3 00                  267 	.db #0x00	; 0
   00D4 3C                  268 	.db #0x3c	; 60
   00D5 3C                  269 	.db #0x3c	; 60
   00D6 00                  270 	.db #0x00	; 0
   00D7 00                  271 	.db #0x00	; 0
   00D8 00                  272 	.db #0x00	; 0
   00D9 00                  273 	.db #0x00	; 0
   00DA 0F                  274 	.db #0x0f	; 15
   00DB F0                  275 	.db #0xf0	; 240
   00DC 00                  276 	.db #0x00	; 0
   00DD 00                  277 	.db #0x00	; 0
   00DE 00                  278 	.db #0x00	; 0
   00DF 00                  279 	.db #0x00	; 0
   00E0 03                  280 	.db #0x03	; 3
   00E1 C0                  281 	.db #0xc0	; 192
   00E2 00                  282 	.db #0x00	; 0
   00E3 00                  283 	.db #0x00	; 0
   00E4 00                  284 	.db #0x00	; 0
   00E5 00                  285 	.db #0x00	; 0
   00E6 03                  286 	.db #0x03	; 3
   00E7 C0                  287 	.db #0xc0	; 192
   00E8 00                  288 	.db #0x00	; 0
   00E9 00                  289 	.db #0x00	; 0
   00EA 00                  290 	.db #0x00	; 0
   00EB 00                  291 	.db #0x00	; 0
   00EC 0C                  292 	.db #0x0c	; 12
   00ED 30                  293 	.db #0x30	; 48	'0'
   00EE 00                  294 	.db #0x00	; 0
   00EF 00                  295 	.db #0x00	; 0
   00F0                     296 _archer_idle_mask:
   00F0 FF                  297 	.db #0xff	; 255
   00F1 FF                  298 	.db #0xff	; 255
   00F2 FF                  299 	.db #0xff	; 255
   00F3 FF                  300 	.db #0xff	; 255
   00F4 FF                  301 	.db #0xff	; 255
   00F5 FF                  302 	.db #0xff	; 255
   00F6 FF                  303 	.db #0xff	; 255
   00F7 FF                  304 	.db #0xff	; 255
   00F8 F0                  305 	.db #0xf0	; 240
   00F9 0F                  306 	.db #0x0f	; 15
   00FA FF                  307 	.db #0xff	; 255
   00FB FF                  308 	.db #0xff	; 255
   00FC FF                  309 	.db #0xff	; 255
   00FD FF                  310 	.db #0xff	; 255
   00FE C0                  311 	.db #0xc0	; 192
   00FF 03                  312 	.db #0x03	; 3
   0100 FF                  313 	.db #0xff	; 255
   0101 FF                  314 	.db #0xff	; 255
   0102 FF                  315 	.db #0xff	; 255
   0103 FF                  316 	.db #0xff	; 255
   0104 C3                  317 	.db #0xc3	; 195
   0105 C3                  318 	.db #0xc3	; 195
   0106 FF                  319 	.db #0xff	; 255
   0107 FF                  320 	.db #0xff	; 255
   0108 FF                  321 	.db #0xff	; 255
   0109 FF                  322 	.db #0xff	; 255
   010A F0                  323 	.db #0xf0	; 240
   010B 0F                  324 	.db #0x0f	; 15
   010C FF                  325 	.db #0xff	; 255
   010D FF                  326 	.db #0xff	; 255
   010E FF                  327 	.db #0xff	; 255
   010F FF                  328 	.db #0xff	; 255
   0110 FC                  329 	.db #0xfc	; 252
   0111 3F                  330 	.db #0x3f	; 63
   0112 FF                  331 	.db #0xff	; 255
   0113 FF                  332 	.db #0xff	; 255
   0114 FF                  333 	.db #0xff	; 255
   0115 FF                  334 	.db #0xff	; 255
   0116 FC                  335 	.db #0xfc	; 252
   0117 3F                  336 	.db #0x3f	; 63
   0118 FF                  337 	.db #0xff	; 255
   0119 FF                  338 	.db #0xff	; 255
   011A FF                  339 	.db #0xff	; 255
   011B FF                  340 	.db #0xff	; 255
   011C F3                  341 	.db #0xf3	; 243
   011D CF                  342 	.db #0xcf	; 207
   011E FF                  343 	.db #0xff	; 255
   011F FF                  344 	.db #0xff	; 255
   0120                     345 _archer_attack_sprite:
   0120 00                  346 	.db #0x00	; 0
   0121 00                  347 	.db #0x00	; 0
   0122 00                  348 	.db #0x00	; 0
   0123 00                  349 	.db #0x00	; 0
   0124 00                  350 	.db #0x00	; 0
   0125 00                  351 	.db #0x00	; 0
   0126 00                  352 	.db #0x00	; 0
   0127 00                  353 	.db #0x00	; 0
   0128 0F                  354 	.db #0x0f	; 15
   0129 F0                  355 	.db #0xf0	; 240
   012A 00                  356 	.db #0x00	; 0
   012B 00                  357 	.db #0x00	; 0
   012C 00                  358 	.db #0x00	; 0
   012D 00                  359 	.db #0x00	; 0
   012E 3F                  360 	.db #0x3f	; 63
   012F FC                  361 	.db #0xfc	; 252
   0130 00                  362 	.db #0x00	; 0
   0131 00                  363 	.db #0x00	; 0
   0132 00                  364 	.db #0x00	; 0
   0133 00                  365 	.db #0x00	; 0
   0134 30                  366 	.db #0x30	; 48	'0'
   0135 0C                  367 	.db #0x0c	; 12
   0136 00                  368 	.db #0x00	; 0
   0137 00                  369 	.db #0x00	; 0
   0138 00                  370 	.db #0x00	; 0
   0139 00                  371 	.db #0x00	; 0
   013A 0F                  372 	.db #0x0f	; 15
   013B F0                  373 	.db #0xf0	; 240
   013C 00                  374 	.db #0x00	; 0
   013D 00                  375 	.db #0x00	; 0
   013E 00                  376 	.db #0x00	; 0
   013F 00                  377 	.db #0x00	; 0
   0140 03                  378 	.db #0x03	; 3
   0141 C0                  379 	.db #0xc0	; 192
   0142 00                  380 	.db #0x00	; 0
   0143 00                  381 	.db #0x00	; 0
   0144 00                  382 	.db #0x00	; 0
   0145 00                  383 	.db #0x00	; 0
   0146 03                  384 	.db #0x03	; 3
   0147 C0                  385 	.db #0xc0	; 192
   0148 00                  386 	.db #0x00	; 0
   0149 00                  387 	.db #0x00	; 0
   014A 00                  388 	.db #0x00	; 0
   014B 00                  389 	.db #0x00	; 0
   014C 0C                  390 	.db #0x0c	; 12
   014D 30                  391 	.db #0x30	; 48	'0'
   014E 00                  392 	.db #0x00	; 0
   014F 00                  393 	.db #0x00	; 0
   0150                     394 _archer_attack_mask:
   0150 FF                  395 	.db #0xff	; 255
   0151 FF                  396 	.db #0xff	; 255
   0152 FF                  397 	.db #0xff	; 255
   0153 FF                  398 	.db #0xff	; 255
   0154 FF                  399 	.db #0xff	; 255
   0155 FF                  400 	.db #0xff	; 255
   0156 FF                  401 	.db #0xff	; 255
   0157 FF                  402 	.db #0xff	; 255
   0158 F0                  403 	.db #0xf0	; 240
   0159 0F                  404 	.db #0x0f	; 15
   015A FF                  405 	.db #0xff	; 255
   015B FF                  406 	.db #0xff	; 255
   015C FF                  407 	.db #0xff	; 255
   015D FF                  408 	.db #0xff	; 255
   015E C0                  409 	.db #0xc0	; 192
   015F 03                  410 	.db #0x03	; 3
   0160 FF                  411 	.db #0xff	; 255
   0161 FF                  412 	.db #0xff	; 255
   0162 FF                  413 	.db #0xff	; 255
   0163 FF                  414 	.db #0xff	; 255
   0164 CF                  415 	.db #0xcf	; 207
   0165 F3                  416 	.db #0xf3	; 243
   0166 FF                  417 	.db #0xff	; 255
   0167 FF                  418 	.db #0xff	; 255
   0168 FF                  419 	.db #0xff	; 255
   0169 FF                  420 	.db #0xff	; 255
   016A F0                  421 	.db #0xf0	; 240
   016B 0F                  422 	.db #0x0f	; 15
   016C FF                  423 	.db #0xff	; 255
   016D FF                  424 	.db #0xff	; 255
   016E FF                  425 	.db #0xff	; 255
   016F FF                  426 	.db #0xff	; 255
   0170 FC                  427 	.db #0xfc	; 252
   0171 3F                  428 	.db #0x3f	; 63
   0172 FF                  429 	.db #0xff	; 255
   0173 FF                  430 	.db #0xff	; 255
   0174 FF                  431 	.db #0xff	; 255
   0175 FF                  432 	.db #0xff	; 255
   0176 FC                  433 	.db #0xfc	; 252
   0177 3F                  434 	.db #0x3f	; 63
   0178 FF                  435 	.db #0xff	; 255
   0179 FF                  436 	.db #0xff	; 255
   017A FF                  437 	.db #0xff	; 255
   017B FF                  438 	.db #0xff	; 255
   017C F3                  439 	.db #0xf3	; 243
   017D CF                  440 	.db #0xcf	; 207
   017E FF                  441 	.db #0xff	; 255
   017F FF                  442 	.db #0xff	; 255
                            443 	.area _INITIALIZER
                            444 	.area _CABS (ABS)
