                              1 ;--------------------------------------------------------
                              2 ; File Created by SDCC : free open source ANSI-C Compiler
                              3 ; Version 3.6.8 #9946 (Mac OS X ppc)
                              4 ;--------------------------------------------------------
                              5 	.module playersprites
                              6 	.optsdcc -mz80
                              7 	
                              8 ;--------------------------------------------------------
                              9 ; Public variables in this module
                             10 ;--------------------------------------------------------
                             11 	.globl _player_death_mask
                             12 	.globl _player_death_sprite
                             13 	.globl _player_fall_mask
                             14 	.globl _player_fall_sprite
                             15 	.globl _player_hit_mask
                             16 	.globl _player_hit_sprite
                             17 	.globl _player_attack_mask
                             18 	.globl _player_attack_sprite
                             19 	.globl _player_jump_mask
                             20 	.globl _player_jump_sprite
                             21 	.globl _player_run_mask
                             22 	.globl _player_run_sprite
                             23 	.globl _player_idle_mask
                             24 	.globl _player_idle_sprite
                             25 ;--------------------------------------------------------
                             26 ; special function registers
                             27 ;--------------------------------------------------------
                             28 ;--------------------------------------------------------
                             29 ; ram data
                             30 ;--------------------------------------------------------
                             31 	.area _DATA
                             32 ;--------------------------------------------------------
                             33 ; ram data
                             34 ;--------------------------------------------------------
                             35 	.area _INITIALIZED
                             36 ;--------------------------------------------------------
                             37 ; absolute external ram data
                             38 ;--------------------------------------------------------
                             39 	.area _DABS (ABS)
                             40 ;--------------------------------------------------------
                             41 ; global & static initialisations
                             42 ;--------------------------------------------------------
                             43 	.area _HOME
                             44 	.area _GSINIT
                             45 	.area _GSFINAL
                             46 	.area _GSINIT
                             47 ;--------------------------------------------------------
                             48 ; Home
                             49 ;--------------------------------------------------------
                             50 	.area _HOME
                             51 	.area _HOME
                             52 ;--------------------------------------------------------
                             53 ; code
                             54 ;--------------------------------------------------------
                             55 	.area _CODE
                             56 	.area _CODE
   0000                      57 _player_idle_sprite:
   0000 00                   58 	.db #0x00	; 0
   0001 00                   59 	.db #0x00	; 0
   0002 00                   60 	.db #0x00	; 0
   0003 00                   61 	.db #0x00	; 0
   0004 00                   62 	.db #0x00	; 0
   0005 00                   63 	.db #0x00	; 0
   0006 00                   64 	.db #0x00	; 0
   0007 00                   65 	.db #0x00	; 0
   0008 00                   66 	.db #0x00	; 0
   0009 00                   67 	.db #0x00	; 0
   000A 00                   68 	.db #0x00	; 0
   000B 00                   69 	.db #0x00	; 0
   000C 00                   70 	.db #0x00	; 0
   000D 00                   71 	.db #0x00	; 0
   000E 00                   72 	.db #0x00	; 0
   000F 00                   73 	.db #0x00	; 0
   0010 00                   74 	.db #0x00	; 0
   0011 00                   75 	.db #0x00	; 0
   0012 0F                   76 	.db #0x0f	; 15
   0013 F0                   77 	.db #0xf0	; 240
   0014 0F                   78 	.db #0x0f	; 15
   0015 F0                   79 	.db #0xf0	; 240
   0016 00                   80 	.db #0x00	; 0
   0017 00                   81 	.db #0x00	; 0
   0018 00                   82 	.db #0x00	; 0
   0019 00                   83 	.db #0x00	; 0
   001A 3F                   84 	.db #0x3f	; 63
   001B FC                   85 	.db #0xfc	; 252
   001C 3F                   86 	.db #0x3f	; 63
   001D FC                   87 	.db #0xfc	; 252
   001E 00                   88 	.db #0x00	; 0
   001F 00                   89 	.db #0x00	; 0
   0020 00                   90 	.db #0x00	; 0
   0021 00                   91 	.db #0x00	; 0
   0022 3F                   92 	.db #0x3f	; 63
   0023 FC                   93 	.db #0xfc	; 252
   0024 3F                   94 	.db #0x3f	; 63
   0025 FC                   95 	.db #0xfc	; 252
   0026 00                   96 	.db #0x00	; 0
   0027 00                   97 	.db #0x00	; 0
   0028 00                   98 	.db #0x00	; 0
   0029 00                   99 	.db #0x00	; 0
   002A 0F                  100 	.db #0x0f	; 15
   002B F0                  101 	.db #0xf0	; 240
   002C 0F                  102 	.db #0x0f	; 15
   002D F0                  103 	.db #0xf0	; 240
   002E 00                  104 	.db #0x00	; 0
   002F 00                  105 	.db #0x00	; 0
   0030 00                  106 	.db #0x00	; 0
   0031 00                  107 	.db #0x00	; 0
   0032 03                  108 	.db #0x03	; 3
   0033 C0                  109 	.db #0xc0	; 192
   0034 03                  110 	.db #0x03	; 3
   0035 C0                  111 	.db #0xc0	; 192
   0036 00                  112 	.db #0x00	; 0
   0037 00                  113 	.db #0x00	; 0
   0038 00                  114 	.db #0x00	; 0
   0039 00                  115 	.db #0x00	; 0
   003A 03                  116 	.db #0x03	; 3
   003B C0                  117 	.db #0xc0	; 192
   003C 03                  118 	.db #0x03	; 3
   003D C0                  119 	.db #0xc0	; 192
   003E 00                  120 	.db #0x00	; 0
   003F 00                  121 	.db #0x00	; 0
   0040                     122 _player_idle_mask:
   0040 FF                  123 	.db #0xff	; 255
   0041 FF                  124 	.db #0xff	; 255
   0042 FF                  125 	.db #0xff	; 255
   0043 FF                  126 	.db #0xff	; 255
   0044 FF                  127 	.db #0xff	; 255
   0045 FF                  128 	.db #0xff	; 255
   0046 FF                  129 	.db #0xff	; 255
   0047 FF                  130 	.db #0xff	; 255
   0048 FF                  131 	.db #0xff	; 255
   0049 FF                  132 	.db #0xff	; 255
   004A FF                  133 	.db #0xff	; 255
   004B FF                  134 	.db #0xff	; 255
   004C FF                  135 	.db #0xff	; 255
   004D FF                  136 	.db #0xff	; 255
   004E FF                  137 	.db #0xff	; 255
   004F FF                  138 	.db #0xff	; 255
   0050 FF                  139 	.db #0xff	; 255
   0051 FF                  140 	.db #0xff	; 255
   0052 F0                  141 	.db #0xf0	; 240
   0053 0F                  142 	.db #0x0f	; 15
   0054 F0                  143 	.db #0xf0	; 240
   0055 0F                  144 	.db #0x0f	; 15
   0056 FF                  145 	.db #0xff	; 255
   0057 FF                  146 	.db #0xff	; 255
   0058 FF                  147 	.db #0xff	; 255
   0059 FF                  148 	.db #0xff	; 255
   005A C0                  149 	.db #0xc0	; 192
   005B 03                  150 	.db #0x03	; 3
   005C C0                  151 	.db #0xc0	; 192
   005D 03                  152 	.db #0x03	; 3
   005E FF                  153 	.db #0xff	; 255
   005F FF                  154 	.db #0xff	; 255
   0060 FF                  155 	.db #0xff	; 255
   0061 FF                  156 	.db #0xff	; 255
   0062 C0                  157 	.db #0xc0	; 192
   0063 03                  158 	.db #0x03	; 3
   0064 C0                  159 	.db #0xc0	; 192
   0065 03                  160 	.db #0x03	; 3
   0066 FF                  161 	.db #0xff	; 255
   0067 FF                  162 	.db #0xff	; 255
   0068 FF                  163 	.db #0xff	; 255
   0069 FF                  164 	.db #0xff	; 255
   006A F0                  165 	.db #0xf0	; 240
   006B 0F                  166 	.db #0x0f	; 15
   006C F0                  167 	.db #0xf0	; 240
   006D 0F                  168 	.db #0x0f	; 15
   006E FF                  169 	.db #0xff	; 255
   006F FF                  170 	.db #0xff	; 255
   0070 FF                  171 	.db #0xff	; 255
   0071 FF                  172 	.db #0xff	; 255
   0072 FC                  173 	.db #0xfc	; 252
   0073 3F                  174 	.db #0x3f	; 63
   0074 FC                  175 	.db #0xfc	; 252
   0075 3F                  176 	.db #0x3f	; 63
   0076 FF                  177 	.db #0xff	; 255
   0077 FF                  178 	.db #0xff	; 255
   0078 FF                  179 	.db #0xff	; 255
   0079 FF                  180 	.db #0xff	; 255
   007A FC                  181 	.db #0xfc	; 252
   007B 3F                  182 	.db #0x3f	; 63
   007C FC                  183 	.db #0xfc	; 252
   007D 3F                  184 	.db #0x3f	; 63
   007E FF                  185 	.db #0xff	; 255
   007F FF                  186 	.db #0xff	; 255
   0080                     187 _player_run_sprite:
   0080 00                  188 	.db #0x00	; 0
   0081 00                  189 	.db #0x00	; 0
   0082 00                  190 	.db #0x00	; 0
   0083 00                  191 	.db #0x00	; 0
   0084 00                  192 	.db #0x00	; 0
   0085 00                  193 	.db #0x00	; 0
   0086 00                  194 	.db #0x00	; 0
   0087 00                  195 	.db #0x00	; 0
   0088 00                  196 	.db #0x00	; 0
   0089 00                  197 	.db #0x00	; 0
   008A 00                  198 	.db #0x00	; 0
   008B 00                  199 	.db #0x00	; 0
   008C 00                  200 	.db #0x00	; 0
   008D 00                  201 	.db #0x00	; 0
   008E 00                  202 	.db #0x00	; 0
   008F 00                  203 	.db #0x00	; 0
   0090 00                  204 	.db #0x00	; 0
   0091 00                  205 	.db #0x00	; 0
   0092 0F                  206 	.db #0x0f	; 15
   0093 F0                  207 	.db #0xf0	; 240
   0094 0F                  208 	.db #0x0f	; 15
   0095 F0                  209 	.db #0xf0	; 240
   0096 00                  210 	.db #0x00	; 0
   0097 00                  211 	.db #0x00	; 0
   0098 00                  212 	.db #0x00	; 0
   0099 00                  213 	.db #0x00	; 0
   009A 3F                  214 	.db #0x3f	; 63
   009B FC                  215 	.db #0xfc	; 252
   009C 3F                  216 	.db #0x3f	; 63
   009D FC                  217 	.db #0xfc	; 252
   009E 00                  218 	.db #0x00	; 0
   009F 00                  219 	.db #0x00	; 0
   00A0 00                  220 	.db #0x00	; 0
   00A1 00                  221 	.db #0x00	; 0
   00A2 3F                  222 	.db #0x3f	; 63
   00A3 FC                  223 	.db #0xfc	; 252
   00A4 3F                  224 	.db #0x3f	; 63
   00A5 FC                  225 	.db #0xfc	; 252
   00A6 00                  226 	.db #0x00	; 0
   00A7 00                  227 	.db #0x00	; 0
   00A8 00                  228 	.db #0x00	; 0
   00A9 00                  229 	.db #0x00	; 0
   00AA 0F                  230 	.db #0x0f	; 15
   00AB F0                  231 	.db #0xf0	; 240
   00AC 0F                  232 	.db #0x0f	; 15
   00AD F0                  233 	.db #0xf0	; 240
   00AE 00                  234 	.db #0x00	; 0
   00AF 00                  235 	.db #0x00	; 0
   00B0 00                  236 	.db #0x00	; 0
   00B1 00                  237 	.db #0x00	; 0
   00B2 0C                  238 	.db #0x0c	; 12
   00B3 30                  239 	.db #0x30	; 48	'0'
   00B4 0C                  240 	.db #0x0c	; 12
   00B5 30                  241 	.db #0x30	; 48	'0'
   00B6 00                  242 	.db #0x00	; 0
   00B7 00                  243 	.db #0x00	; 0
   00B8 00                  244 	.db #0x00	; 0
   00B9 00                  245 	.db #0x00	; 0
   00BA 30                  246 	.db #0x30	; 48	'0'
   00BB 0C                  247 	.db #0x0c	; 12
   00BC 30                  248 	.db #0x30	; 48	'0'
   00BD 0C                  249 	.db #0x0c	; 12
   00BE 00                  250 	.db #0x00	; 0
   00BF 00                  251 	.db #0x00	; 0
   00C0                     252 _player_run_mask:
   00C0 FF                  253 	.db #0xff	; 255
   00C1 FF                  254 	.db #0xff	; 255
   00C2 FF                  255 	.db #0xff	; 255
   00C3 FF                  256 	.db #0xff	; 255
   00C4 FF                  257 	.db #0xff	; 255
   00C5 FF                  258 	.db #0xff	; 255
   00C6 FF                  259 	.db #0xff	; 255
   00C7 FF                  260 	.db #0xff	; 255
   00C8 FF                  261 	.db #0xff	; 255
   00C9 FF                  262 	.db #0xff	; 255
   00CA FF                  263 	.db #0xff	; 255
   00CB FF                  264 	.db #0xff	; 255
   00CC FF                  265 	.db #0xff	; 255
   00CD FF                  266 	.db #0xff	; 255
   00CE FF                  267 	.db #0xff	; 255
   00CF FF                  268 	.db #0xff	; 255
   00D0 FF                  269 	.db #0xff	; 255
   00D1 FF                  270 	.db #0xff	; 255
   00D2 F0                  271 	.db #0xf0	; 240
   00D3 0F                  272 	.db #0x0f	; 15
   00D4 F0                  273 	.db #0xf0	; 240
   00D5 0F                  274 	.db #0x0f	; 15
   00D6 FF                  275 	.db #0xff	; 255
   00D7 FF                  276 	.db #0xff	; 255
   00D8 FF                  277 	.db #0xff	; 255
   00D9 FF                  278 	.db #0xff	; 255
   00DA C0                  279 	.db #0xc0	; 192
   00DB 03                  280 	.db #0x03	; 3
   00DC C0                  281 	.db #0xc0	; 192
   00DD 03                  282 	.db #0x03	; 3
   00DE FF                  283 	.db #0xff	; 255
   00DF FF                  284 	.db #0xff	; 255
   00E0 FF                  285 	.db #0xff	; 255
   00E1 FF                  286 	.db #0xff	; 255
   00E2 C0                  287 	.db #0xc0	; 192
   00E3 03                  288 	.db #0x03	; 3
   00E4 C0                  289 	.db #0xc0	; 192
   00E5 03                  290 	.db #0x03	; 3
   00E6 FF                  291 	.db #0xff	; 255
   00E7 FF                  292 	.db #0xff	; 255
   00E8 FF                  293 	.db #0xff	; 255
   00E9 FF                  294 	.db #0xff	; 255
   00EA F0                  295 	.db #0xf0	; 240
   00EB 0F                  296 	.db #0x0f	; 15
   00EC F0                  297 	.db #0xf0	; 240
   00ED 0F                  298 	.db #0x0f	; 15
   00EE FF                  299 	.db #0xff	; 255
   00EF FF                  300 	.db #0xff	; 255
   00F0 FF                  301 	.db #0xff	; 255
   00F1 FF                  302 	.db #0xff	; 255
   00F2 F3                  303 	.db #0xf3	; 243
   00F3 CF                  304 	.db #0xcf	; 207
   00F4 F3                  305 	.db #0xf3	; 243
   00F5 CF                  306 	.db #0xcf	; 207
   00F6 FF                  307 	.db #0xff	; 255
   00F7 FF                  308 	.db #0xff	; 255
   00F8 FF                  309 	.db #0xff	; 255
   00F9 FF                  310 	.db #0xff	; 255
   00FA CF                  311 	.db #0xcf	; 207
   00FB 3F                  312 	.db #0x3f	; 63
   00FC CF                  313 	.db #0xcf	; 207
   00FD 3F                  314 	.db #0x3f	; 63
   00FE FF                  315 	.db #0xff	; 255
   00FF FF                  316 	.db #0xff	; 255
   0100                     317 _player_jump_sprite:
   0100 00                  318 	.db #0x00	; 0
   0101 00                  319 	.db #0x00	; 0
   0102 00                  320 	.db #0x00	; 0
   0103 00                  321 	.db #0x00	; 0
   0104 00                  322 	.db #0x00	; 0
   0105 00                  323 	.db #0x00	; 0
   0106 00                  324 	.db #0x00	; 0
   0107 00                  325 	.db #0x00	; 0
   0108 00                  326 	.db #0x00	; 0
   0109 00                  327 	.db #0x00	; 0
   010A 00                  328 	.db #0x00	; 0
   010B 00                  329 	.db #0x00	; 0
   010C 00                  330 	.db #0x00	; 0
   010D 00                  331 	.db #0x00	; 0
   010E 00                  332 	.db #0x00	; 0
   010F 00                  333 	.db #0x00	; 0
   0110 00                  334 	.db #0x00	; 0
   0111 00                  335 	.db #0x00	; 0
   0112 0F                  336 	.db #0x0f	; 15
   0113 F0                  337 	.db #0xf0	; 240
   0114 0F                  338 	.db #0x0f	; 15
   0115 F0                  339 	.db #0xf0	; 240
   0116 00                  340 	.db #0x00	; 0
   0117 00                  341 	.db #0x00	; 0
   0118 00                  342 	.db #0x00	; 0
   0119 00                  343 	.db #0x00	; 0
   011A 3F                  344 	.db #0x3f	; 63
   011B FC                  345 	.db #0xfc	; 252
   011C 3F                  346 	.db #0x3f	; 63
   011D FC                  347 	.db #0xfc	; 252
   011E 00                  348 	.db #0x00	; 0
   011F 00                  349 	.db #0x00	; 0
   0120 00                  350 	.db #0x00	; 0
   0121 00                  351 	.db #0x00	; 0
   0122 3F                  352 	.db #0x3f	; 63
   0123 FC                  353 	.db #0xfc	; 252
   0124 3F                  354 	.db #0x3f	; 63
   0125 FC                  355 	.db #0xfc	; 252
   0126 00                  356 	.db #0x00	; 0
   0127 00                  357 	.db #0x00	; 0
   0128 00                  358 	.db #0x00	; 0
   0129 00                  359 	.db #0x00	; 0
   012A 0F                  360 	.db #0x0f	; 15
   012B F0                  361 	.db #0xf0	; 240
   012C 0F                  362 	.db #0x0f	; 15
   012D F0                  363 	.db #0xf0	; 240
   012E 00                  364 	.db #0x00	; 0
   012F 00                  365 	.db #0x00	; 0
   0130 00                  366 	.db #0x00	; 0
   0131 00                  367 	.db #0x00	; 0
   0132 03                  368 	.db #0x03	; 3
   0133 C0                  369 	.db #0xc0	; 192
   0134 03                  370 	.db #0x03	; 3
   0135 C0                  371 	.db #0xc0	; 192
   0136 00                  372 	.db #0x00	; 0
   0137 00                  373 	.db #0x00	; 0
   0138 00                  374 	.db #0x00	; 0
   0139 00                  375 	.db #0x00	; 0
   013A 0C                  376 	.db #0x0c	; 12
   013B 30                  377 	.db #0x30	; 48	'0'
   013C 0C                  378 	.db #0x0c	; 12
   013D 30                  379 	.db #0x30	; 48	'0'
   013E 00                  380 	.db #0x00	; 0
   013F 00                  381 	.db #0x00	; 0
   0140                     382 _player_jump_mask:
   0140 FF                  383 	.db #0xff	; 255
   0141 FF                  384 	.db #0xff	; 255
   0142 FF                  385 	.db #0xff	; 255
   0143 FF                  386 	.db #0xff	; 255
   0144 FF                  387 	.db #0xff	; 255
   0145 FF                  388 	.db #0xff	; 255
   0146 FF                  389 	.db #0xff	; 255
   0147 FF                  390 	.db #0xff	; 255
   0148 FF                  391 	.db #0xff	; 255
   0149 FF                  392 	.db #0xff	; 255
   014A FF                  393 	.db #0xff	; 255
   014B FF                  394 	.db #0xff	; 255
   014C FF                  395 	.db #0xff	; 255
   014D FF                  396 	.db #0xff	; 255
   014E FF                  397 	.db #0xff	; 255
   014F FF                  398 	.db #0xff	; 255
   0150 FF                  399 	.db #0xff	; 255
   0151 FF                  400 	.db #0xff	; 255
   0152 F0                  401 	.db #0xf0	; 240
   0153 0F                  402 	.db #0x0f	; 15
   0154 F0                  403 	.db #0xf0	; 240
   0155 0F                  404 	.db #0x0f	; 15
   0156 FF                  405 	.db #0xff	; 255
   0157 FF                  406 	.db #0xff	; 255
   0158 FF                  407 	.db #0xff	; 255
   0159 FF                  408 	.db #0xff	; 255
   015A C0                  409 	.db #0xc0	; 192
   015B 03                  410 	.db #0x03	; 3
   015C C0                  411 	.db #0xc0	; 192
   015D 03                  412 	.db #0x03	; 3
   015E FF                  413 	.db #0xff	; 255
   015F FF                  414 	.db #0xff	; 255
   0160 FF                  415 	.db #0xff	; 255
   0161 FF                  416 	.db #0xff	; 255
   0162 C0                  417 	.db #0xc0	; 192
   0163 03                  418 	.db #0x03	; 3
   0164 C0                  419 	.db #0xc0	; 192
   0165 03                  420 	.db #0x03	; 3
   0166 FF                  421 	.db #0xff	; 255
   0167 FF                  422 	.db #0xff	; 255
   0168 FF                  423 	.db #0xff	; 255
   0169 FF                  424 	.db #0xff	; 255
   016A F0                  425 	.db #0xf0	; 240
   016B 0F                  426 	.db #0x0f	; 15
   016C F0                  427 	.db #0xf0	; 240
   016D 0F                  428 	.db #0x0f	; 15
   016E FF                  429 	.db #0xff	; 255
   016F FF                  430 	.db #0xff	; 255
   0170 FF                  431 	.db #0xff	; 255
   0171 FF                  432 	.db #0xff	; 255
   0172 FC                  433 	.db #0xfc	; 252
   0173 3F                  434 	.db #0x3f	; 63
   0174 FC                  435 	.db #0xfc	; 252
   0175 3F                  436 	.db #0x3f	; 63
   0176 FF                  437 	.db #0xff	; 255
   0177 FF                  438 	.db #0xff	; 255
   0178 FF                  439 	.db #0xff	; 255
   0179 FF                  440 	.db #0xff	; 255
   017A F3                  441 	.db #0xf3	; 243
   017B CF                  442 	.db #0xcf	; 207
   017C F3                  443 	.db #0xf3	; 243
   017D CF                  444 	.db #0xcf	; 207
   017E FF                  445 	.db #0xff	; 255
   017F FF                  446 	.db #0xff	; 255
   0180                     447 _player_attack_sprite:
   0180 00                  448 	.db #0x00	; 0
   0181 00                  449 	.db #0x00	; 0
   0182 00                  450 	.db #0x00	; 0
   0183 00                  451 	.db #0x00	; 0
   0184 00                  452 	.db #0x00	; 0
   0185 00                  453 	.db #0x00	; 0
   0186 00                  454 	.db #0x00	; 0
   0187 00                  455 	.db #0x00	; 0
   0188 00                  456 	.db #0x00	; 0
   0189 00                  457 	.db #0x00	; 0
   018A 00                  458 	.db #0x00	; 0
   018B 00                  459 	.db #0x00	; 0
   018C 00                  460 	.db #0x00	; 0
   018D 00                  461 	.db #0x00	; 0
   018E 00                  462 	.db #0x00	; 0
   018F 00                  463 	.db #0x00	; 0
   0190 00                  464 	.db #0x00	; 0
   0191 00                  465 	.db #0x00	; 0
   0192 0F                  466 	.db #0x0f	; 15
   0193 F0                  467 	.db #0xf0	; 240
   0194 0F                  468 	.db #0x0f	; 15
   0195 F0                  469 	.db #0xf0	; 240
   0196 00                  470 	.db #0x00	; 0
   0197 00                  471 	.db #0x00	; 0
   0198 00                  472 	.db #0x00	; 0
   0199 00                  473 	.db #0x00	; 0
   019A 3F                  474 	.db #0x3f	; 63
   019B FC                  475 	.db #0xfc	; 252
   019C 3F                  476 	.db #0x3f	; 63
   019D FC                  477 	.db #0xfc	; 252
   019E 00                  478 	.db #0x00	; 0
   019F 00                  479 	.db #0x00	; 0
   01A0 00                  480 	.db #0x00	; 0
   01A1 00                  481 	.db #0x00	; 0
   01A2 3F                  482 	.db #0x3f	; 63
   01A3 FC                  483 	.db #0xfc	; 252
   01A4 3F                  484 	.db #0x3f	; 63
   01A5 FC                  485 	.db #0xfc	; 252
   01A6 00                  486 	.db #0x00	; 0
   01A7 00                  487 	.db #0x00	; 0
   01A8 00                  488 	.db #0x00	; 0
   01A9 00                  489 	.db #0x00	; 0
   01AA 0F                  490 	.db #0x0f	; 15
   01AB F0                  491 	.db #0xf0	; 240
   01AC 0F                  492 	.db #0x0f	; 15
   01AD F0                  493 	.db #0xf0	; 240
   01AE 00                  494 	.db #0x00	; 0
   01AF 00                  495 	.db #0x00	; 0
   01B0 00                  496 	.db #0x00	; 0
   01B1 00                  497 	.db #0x00	; 0
   01B2 03                  498 	.db #0x03	; 3
   01B3 C0                  499 	.db #0xc0	; 192
   01B4 03                  500 	.db #0x03	; 3
   01B5 C0                  501 	.db #0xc0	; 192
   01B6 00                  502 	.db #0x00	; 0
   01B7 00                  503 	.db #0x00	; 0
   01B8 00                  504 	.db #0x00	; 0
   01B9 00                  505 	.db #0x00	; 0
   01BA 0F                  506 	.db #0x0f	; 15
   01BB F0                  507 	.db #0xf0	; 240
   01BC 0F                  508 	.db #0x0f	; 15
   01BD F0                  509 	.db #0xf0	; 240
   01BE 00                  510 	.db #0x00	; 0
   01BF 00                  511 	.db #0x00	; 0
   01C0                     512 _player_attack_mask:
   01C0 FF                  513 	.db #0xff	; 255
   01C1 FF                  514 	.db #0xff	; 255
   01C2 FF                  515 	.db #0xff	; 255
   01C3 FF                  516 	.db #0xff	; 255
   01C4 FF                  517 	.db #0xff	; 255
   01C5 FF                  518 	.db #0xff	; 255
   01C6 FF                  519 	.db #0xff	; 255
   01C7 FF                  520 	.db #0xff	; 255
   01C8 FF                  521 	.db #0xff	; 255
   01C9 FF                  522 	.db #0xff	; 255
   01CA FF                  523 	.db #0xff	; 255
   01CB FF                  524 	.db #0xff	; 255
   01CC FF                  525 	.db #0xff	; 255
   01CD FF                  526 	.db #0xff	; 255
   01CE FF                  527 	.db #0xff	; 255
   01CF FF                  528 	.db #0xff	; 255
   01D0 FF                  529 	.db #0xff	; 255
   01D1 FF                  530 	.db #0xff	; 255
   01D2 F0                  531 	.db #0xf0	; 240
   01D3 0F                  532 	.db #0x0f	; 15
   01D4 F0                  533 	.db #0xf0	; 240
   01D5 0F                  534 	.db #0x0f	; 15
   01D6 FF                  535 	.db #0xff	; 255
   01D7 FF                  536 	.db #0xff	; 255
   01D8 FF                  537 	.db #0xff	; 255
   01D9 FF                  538 	.db #0xff	; 255
   01DA C0                  539 	.db #0xc0	; 192
   01DB 03                  540 	.db #0x03	; 3
   01DC C0                  541 	.db #0xc0	; 192
   01DD 03                  542 	.db #0x03	; 3
   01DE FF                  543 	.db #0xff	; 255
   01DF FF                  544 	.db #0xff	; 255
   01E0 FF                  545 	.db #0xff	; 255
   01E1 FF                  546 	.db #0xff	; 255
   01E2 C0                  547 	.db #0xc0	; 192
   01E3 03                  548 	.db #0x03	; 3
   01E4 C0                  549 	.db #0xc0	; 192
   01E5 03                  550 	.db #0x03	; 3
   01E6 FF                  551 	.db #0xff	; 255
   01E7 FF                  552 	.db #0xff	; 255
   01E8 FF                  553 	.db #0xff	; 255
   01E9 FF                  554 	.db #0xff	; 255
   01EA F0                  555 	.db #0xf0	; 240
   01EB 0F                  556 	.db #0x0f	; 15
   01EC F0                  557 	.db #0xf0	; 240
   01ED 0F                  558 	.db #0x0f	; 15
   01EE FF                  559 	.db #0xff	; 255
   01EF FF                  560 	.db #0xff	; 255
   01F0 FF                  561 	.db #0xff	; 255
   01F1 FF                  562 	.db #0xff	; 255
   01F2 FC                  563 	.db #0xfc	; 252
   01F3 3F                  564 	.db #0x3f	; 63
   01F4 FC                  565 	.db #0xfc	; 252
   01F5 3F                  566 	.db #0x3f	; 63
   01F6 FF                  567 	.db #0xff	; 255
   01F7 FF                  568 	.db #0xff	; 255
   01F8 FF                  569 	.db #0xff	; 255
   01F9 FF                  570 	.db #0xff	; 255
   01FA F0                  571 	.db #0xf0	; 240
   01FB 0F                  572 	.db #0x0f	; 15
   01FC F0                  573 	.db #0xf0	; 240
   01FD 0F                  574 	.db #0x0f	; 15
   01FE FF                  575 	.db #0xff	; 255
   01FF FF                  576 	.db #0xff	; 255
   0200                     577 _player_hit_sprite:
   0200 00                  578 	.db #0x00	; 0
   0201 00                  579 	.db #0x00	; 0
   0202 00                  580 	.db #0x00	; 0
   0203 00                  581 	.db #0x00	; 0
   0204 00                  582 	.db #0x00	; 0
   0205 00                  583 	.db #0x00	; 0
   0206 00                  584 	.db #0x00	; 0
   0207 00                  585 	.db #0x00	; 0
   0208 00                  586 	.db #0x00	; 0
   0209 00                  587 	.db #0x00	; 0
   020A 00                  588 	.db #0x00	; 0
   020B 00                  589 	.db #0x00	; 0
   020C 00                  590 	.db #0x00	; 0
   020D 00                  591 	.db #0x00	; 0
   020E 00                  592 	.db #0x00	; 0
   020F 00                  593 	.db #0x00	; 0
   0210 00                  594 	.db #0x00	; 0
   0211 00                  595 	.db #0x00	; 0
   0212 0F                  596 	.db #0x0f	; 15
   0213 F0                  597 	.db #0xf0	; 240
   0214 0F                  598 	.db #0x0f	; 15
   0215 F0                  599 	.db #0xf0	; 240
   0216 00                  600 	.db #0x00	; 0
   0217 00                  601 	.db #0x00	; 0
   0218 00                  602 	.db #0x00	; 0
   0219 00                  603 	.db #0x00	; 0
   021A 3F                  604 	.db #0x3f	; 63
   021B FC                  605 	.db #0xfc	; 252
   021C 3F                  606 	.db #0x3f	; 63
   021D FC                  607 	.db #0xfc	; 252
   021E 00                  608 	.db #0x00	; 0
   021F 00                  609 	.db #0x00	; 0
   0220 00                  610 	.db #0x00	; 0
   0221 00                  611 	.db #0x00	; 0
   0222 3F                  612 	.db #0x3f	; 63
   0223 FC                  613 	.db #0xfc	; 252
   0224 3F                  614 	.db #0x3f	; 63
   0225 FC                  615 	.db #0xfc	; 252
   0226 00                  616 	.db #0x00	; 0
   0227 00                  617 	.db #0x00	; 0
   0228 00                  618 	.db #0x00	; 0
   0229 00                  619 	.db #0x00	; 0
   022A 0F                  620 	.db #0x0f	; 15
   022B F0                  621 	.db #0xf0	; 240
   022C 0F                  622 	.db #0x0f	; 15
   022D F0                  623 	.db #0xf0	; 240
   022E 00                  624 	.db #0x00	; 0
   022F 00                  625 	.db #0x00	; 0
   0230 00                  626 	.db #0x00	; 0
   0231 00                  627 	.db #0x00	; 0
   0232 03                  628 	.db #0x03	; 3
   0233 C0                  629 	.db #0xc0	; 192
   0234 03                  630 	.db #0x03	; 3
   0235 C0                  631 	.db #0xc0	; 192
   0236 00                  632 	.db #0x00	; 0
   0237 00                  633 	.db #0x00	; 0
   0238 00                  634 	.db #0x00	; 0
   0239 00                  635 	.db #0x00	; 0
   023A 03                  636 	.db #0x03	; 3
   023B C0                  637 	.db #0xc0	; 192
   023C 03                  638 	.db #0x03	; 3
   023D C0                  639 	.db #0xc0	; 192
   023E 00                  640 	.db #0x00	; 0
   023F 00                  641 	.db #0x00	; 0
   0240                     642 _player_hit_mask:
   0240 FF                  643 	.db #0xff	; 255
   0241 FF                  644 	.db #0xff	; 255
   0242 FF                  645 	.db #0xff	; 255
   0243 FF                  646 	.db #0xff	; 255
   0244 FF                  647 	.db #0xff	; 255
   0245 FF                  648 	.db #0xff	; 255
   0246 FF                  649 	.db #0xff	; 255
   0247 FF                  650 	.db #0xff	; 255
   0248 FF                  651 	.db #0xff	; 255
   0249 FF                  652 	.db #0xff	; 255
   024A FF                  653 	.db #0xff	; 255
   024B FF                  654 	.db #0xff	; 255
   024C FF                  655 	.db #0xff	; 255
   024D FF                  656 	.db #0xff	; 255
   024E FF                  657 	.db #0xff	; 255
   024F FF                  658 	.db #0xff	; 255
   0250 FF                  659 	.db #0xff	; 255
   0251 FF                  660 	.db #0xff	; 255
   0252 F0                  661 	.db #0xf0	; 240
   0253 0F                  662 	.db #0x0f	; 15
   0254 F0                  663 	.db #0xf0	; 240
   0255 0F                  664 	.db #0x0f	; 15
   0256 FF                  665 	.db #0xff	; 255
   0257 FF                  666 	.db #0xff	; 255
   0258 FF                  667 	.db #0xff	; 255
   0259 FF                  668 	.db #0xff	; 255
   025A C0                  669 	.db #0xc0	; 192
   025B 03                  670 	.db #0x03	; 3
   025C C0                  671 	.db #0xc0	; 192
   025D 03                  672 	.db #0x03	; 3
   025E FF                  673 	.db #0xff	; 255
   025F FF                  674 	.db #0xff	; 255
   0260 FF                  675 	.db #0xff	; 255
   0261 FF                  676 	.db #0xff	; 255
   0262 C0                  677 	.db #0xc0	; 192
   0263 03                  678 	.db #0x03	; 3
   0264 C0                  679 	.db #0xc0	; 192
   0265 03                  680 	.db #0x03	; 3
   0266 FF                  681 	.db #0xff	; 255
   0267 FF                  682 	.db #0xff	; 255
   0268 FF                  683 	.db #0xff	; 255
   0269 FF                  684 	.db #0xff	; 255
   026A F0                  685 	.db #0xf0	; 240
   026B 0F                  686 	.db #0x0f	; 15
   026C F0                  687 	.db #0xf0	; 240
   026D 0F                  688 	.db #0x0f	; 15
   026E FF                  689 	.db #0xff	; 255
   026F FF                  690 	.db #0xff	; 255
   0270 FF                  691 	.db #0xff	; 255
   0271 FF                  692 	.db #0xff	; 255
   0272 FC                  693 	.db #0xfc	; 252
   0273 3F                  694 	.db #0x3f	; 63
   0274 FC                  695 	.db #0xfc	; 252
   0275 3F                  696 	.db #0x3f	; 63
   0276 FF                  697 	.db #0xff	; 255
   0277 FF                  698 	.db #0xff	; 255
   0278 FF                  699 	.db #0xff	; 255
   0279 FF                  700 	.db #0xff	; 255
   027A FC                  701 	.db #0xfc	; 252
   027B 3F                  702 	.db #0x3f	; 63
   027C FC                  703 	.db #0xfc	; 252
   027D 3F                  704 	.db #0x3f	; 63
   027E FF                  705 	.db #0xff	; 255
   027F FF                  706 	.db #0xff	; 255
   0280                     707 _player_fall_sprite:
   0280 00                  708 	.db #0x00	; 0
   0281 00                  709 	.db #0x00	; 0
   0282 00                  710 	.db #0x00	; 0
   0283 00                  711 	.db #0x00	; 0
   0284 00                  712 	.db #0x00	; 0
   0285 00                  713 	.db #0x00	; 0
   0286 00                  714 	.db #0x00	; 0
   0287 00                  715 	.db #0x00	; 0
   0288 00                  716 	.db #0x00	; 0
   0289 00                  717 	.db #0x00	; 0
   028A 00                  718 	.db #0x00	; 0
   028B 00                  719 	.db #0x00	; 0
   028C 00                  720 	.db #0x00	; 0
   028D 00                  721 	.db #0x00	; 0
   028E 00                  722 	.db #0x00	; 0
   028F 00                  723 	.db #0x00	; 0
   0290 00                  724 	.db #0x00	; 0
   0291 00                  725 	.db #0x00	; 0
   0292 0F                  726 	.db #0x0f	; 15
   0293 F0                  727 	.db #0xf0	; 240
   0294 0F                  728 	.db #0x0f	; 15
   0295 F0                  729 	.db #0xf0	; 240
   0296 00                  730 	.db #0x00	; 0
   0297 00                  731 	.db #0x00	; 0
   0298 00                  732 	.db #0x00	; 0
   0299 00                  733 	.db #0x00	; 0
   029A 3F                  734 	.db #0x3f	; 63
   029B FC                  735 	.db #0xfc	; 252
   029C 3F                  736 	.db #0x3f	; 63
   029D FC                  737 	.db #0xfc	; 252
   029E 00                  738 	.db #0x00	; 0
   029F 00                  739 	.db #0x00	; 0
   02A0 00                  740 	.db #0x00	; 0
   02A1 00                  741 	.db #0x00	; 0
   02A2 3F                  742 	.db #0x3f	; 63
   02A3 FC                  743 	.db #0xfc	; 252
   02A4 3F                  744 	.db #0x3f	; 63
   02A5 FC                  745 	.db #0xfc	; 252
   02A6 00                  746 	.db #0x00	; 0
   02A7 00                  747 	.db #0x00	; 0
   02A8 00                  748 	.db #0x00	; 0
   02A9 00                  749 	.db #0x00	; 0
   02AA 0F                  750 	.db #0x0f	; 15
   02AB F0                  751 	.db #0xf0	; 240
   02AC 0F                  752 	.db #0x0f	; 15
   02AD F0                  753 	.db #0xf0	; 240
   02AE 00                  754 	.db #0x00	; 0
   02AF 00                  755 	.db #0x00	; 0
   02B0 00                  756 	.db #0x00	; 0
   02B1 00                  757 	.db #0x00	; 0
   02B2 03                  758 	.db #0x03	; 3
   02B3 C0                  759 	.db #0xc0	; 192
   02B4 03                  760 	.db #0x03	; 3
   02B5 C0                  761 	.db #0xc0	; 192
   02B6 00                  762 	.db #0x00	; 0
   02B7 00                  763 	.db #0x00	; 0
   02B8 00                  764 	.db #0x00	; 0
   02B9 00                  765 	.db #0x00	; 0
   02BA 00                  766 	.db #0x00	; 0
   02BB 00                  767 	.db #0x00	; 0
   02BC 00                  768 	.db #0x00	; 0
   02BD 00                  769 	.db #0x00	; 0
   02BE 00                  770 	.db #0x00	; 0
   02BF 00                  771 	.db #0x00	; 0
   02C0                     772 _player_fall_mask:
   02C0 FF                  773 	.db #0xff	; 255
   02C1 FF                  774 	.db #0xff	; 255
   02C2 FF                  775 	.db #0xff	; 255
   02C3 FF                  776 	.db #0xff	; 255
   02C4 FF                  777 	.db #0xff	; 255
   02C5 FF                  778 	.db #0xff	; 255
   02C6 FF                  779 	.db #0xff	; 255
   02C7 FF                  780 	.db #0xff	; 255
   02C8 FF                  781 	.db #0xff	; 255
   02C9 FF                  782 	.db #0xff	; 255
   02CA FF                  783 	.db #0xff	; 255
   02CB FF                  784 	.db #0xff	; 255
   02CC FF                  785 	.db #0xff	; 255
   02CD FF                  786 	.db #0xff	; 255
   02CE FF                  787 	.db #0xff	; 255
   02CF FF                  788 	.db #0xff	; 255
   02D0 FF                  789 	.db #0xff	; 255
   02D1 FF                  790 	.db #0xff	; 255
   02D2 F0                  791 	.db #0xf0	; 240
   02D3 0F                  792 	.db #0x0f	; 15
   02D4 F0                  793 	.db #0xf0	; 240
   02D5 0F                  794 	.db #0x0f	; 15
   02D6 FF                  795 	.db #0xff	; 255
   02D7 FF                  796 	.db #0xff	; 255
   02D8 FF                  797 	.db #0xff	; 255
   02D9 FF                  798 	.db #0xff	; 255
   02DA C0                  799 	.db #0xc0	; 192
   02DB 03                  800 	.db #0x03	; 3
   02DC C0                  801 	.db #0xc0	; 192
   02DD 03                  802 	.db #0x03	; 3
   02DE FF                  803 	.db #0xff	; 255
   02DF FF                  804 	.db #0xff	; 255
   02E0 FF                  805 	.db #0xff	; 255
   02E1 FF                  806 	.db #0xff	; 255
   02E2 C0                  807 	.db #0xc0	; 192
   02E3 03                  808 	.db #0x03	; 3
   02E4 C0                  809 	.db #0xc0	; 192
   02E5 03                  810 	.db #0x03	; 3
   02E6 FF                  811 	.db #0xff	; 255
   02E7 FF                  812 	.db #0xff	; 255
   02E8 FF                  813 	.db #0xff	; 255
   02E9 FF                  814 	.db #0xff	; 255
   02EA F0                  815 	.db #0xf0	; 240
   02EB 0F                  816 	.db #0x0f	; 15
   02EC F0                  817 	.db #0xf0	; 240
   02ED 0F                  818 	.db #0x0f	; 15
   02EE FF                  819 	.db #0xff	; 255
   02EF FF                  820 	.db #0xff	; 255
   02F0 FF                  821 	.db #0xff	; 255
   02F1 FF                  822 	.db #0xff	; 255
   02F2 FC                  823 	.db #0xfc	; 252
   02F3 3F                  824 	.db #0x3f	; 63
   02F4 FC                  825 	.db #0xfc	; 252
   02F5 3F                  826 	.db #0x3f	; 63
   02F6 FF                  827 	.db #0xff	; 255
   02F7 FF                  828 	.db #0xff	; 255
   02F8 FF                  829 	.db #0xff	; 255
   02F9 FF                  830 	.db #0xff	; 255
   02FA FF                  831 	.db #0xff	; 255
   02FB FF                  832 	.db #0xff	; 255
   02FC FF                  833 	.db #0xff	; 255
   02FD FF                  834 	.db #0xff	; 255
   02FE FF                  835 	.db #0xff	; 255
   02FF FF                  836 	.db #0xff	; 255
   0300                     837 _player_death_sprite:
   0300 00                  838 	.db #0x00	; 0
   0301 00                  839 	.db #0x00	; 0
   0302 00                  840 	.db #0x00	; 0
   0303 00                  841 	.db #0x00	; 0
   0304 00                  842 	.db #0x00	; 0
   0305 00                  843 	.db #0x00	; 0
   0306 00                  844 	.db #0x00	; 0
   0307 00                  845 	.db #0x00	; 0
   0308 00                  846 	.db #0x00	; 0
   0309 00                  847 	.db #0x00	; 0
   030A 00                  848 	.db #0x00	; 0
   030B 00                  849 	.db #0x00	; 0
   030C 00                  850 	.db #0x00	; 0
   030D 00                  851 	.db #0x00	; 0
   030E 00                  852 	.db #0x00	; 0
   030F 00                  853 	.db #0x00	; 0
   0310 00                  854 	.db #0x00	; 0
   0311 00                  855 	.db #0x00	; 0
   0312 00                  856 	.db #0x00	; 0
   0313 00                  857 	.db #0x00	; 0
   0314 00                  858 	.db #0x00	; 0
   0315 00                  859 	.db #0x00	; 0
   0316 00                  860 	.db #0x00	; 0
   0317 00                  861 	.db #0x00	; 0
   0318 00                  862 	.db #0x00	; 0
   0319 00                  863 	.db #0x00	; 0
   031A 0F                  864 	.db #0x0f	; 15
   031B F0                  865 	.db #0xf0	; 240
   031C 0F                  866 	.db #0x0f	; 15
   031D F0                  867 	.db #0xf0	; 240
   031E 00                  868 	.db #0x00	; 0
   031F 00                  869 	.db #0x00	; 0
   0320 00                  870 	.db #0x00	; 0
   0321 00                  871 	.db #0x00	; 0
   0322 0F                  872 	.db #0x0f	; 15
   0323 F0                  873 	.db #0xf0	; 240
   0324 0F                  874 	.db #0x0f	; 15
   0325 F0                  875 	.db #0xf0	; 240
   0326 00                  876 	.db #0x00	; 0
   0327 00                  877 	.db #0x00	; 0
   0328 00                  878 	.db #0x00	; 0
   0329 00                  879 	.db #0x00	; 0
   032A 00                  880 	.db #0x00	; 0
   032B 00                  881 	.db #0x00	; 0
   032C 00                  882 	.db #0x00	; 0
   032D 00                  883 	.db #0x00	; 0
   032E 00                  884 	.db #0x00	; 0
   032F 00                  885 	.db #0x00	; 0
   0330 00                  886 	.db #0x00	; 0
   0331 00                  887 	.db #0x00	; 0
   0332 00                  888 	.db #0x00	; 0
   0333 00                  889 	.db #0x00	; 0
   0334 00                  890 	.db #0x00	; 0
   0335 00                  891 	.db #0x00	; 0
   0336 00                  892 	.db #0x00	; 0
   0337 00                  893 	.db #0x00	; 0
   0338 00                  894 	.db #0x00	; 0
   0339 00                  895 	.db #0x00	; 0
   033A 00                  896 	.db #0x00	; 0
   033B 00                  897 	.db #0x00	; 0
   033C 00                  898 	.db #0x00	; 0
   033D 00                  899 	.db #0x00	; 0
   033E 00                  900 	.db #0x00	; 0
   033F 00                  901 	.db #0x00	; 0
   0340                     902 _player_death_mask:
   0340 FF                  903 	.db #0xff	; 255
   0341 FF                  904 	.db #0xff	; 255
   0342 FF                  905 	.db #0xff	; 255
   0343 FF                  906 	.db #0xff	; 255
   0344 FF                  907 	.db #0xff	; 255
   0345 FF                  908 	.db #0xff	; 255
   0346 FF                  909 	.db #0xff	; 255
   0347 FF                  910 	.db #0xff	; 255
   0348 FF                  911 	.db #0xff	; 255
   0349 FF                  912 	.db #0xff	; 255
   034A FF                  913 	.db #0xff	; 255
   034B FF                  914 	.db #0xff	; 255
   034C FF                  915 	.db #0xff	; 255
   034D FF                  916 	.db #0xff	; 255
   034E FF                  917 	.db #0xff	; 255
   034F FF                  918 	.db #0xff	; 255
   0350 FF                  919 	.db #0xff	; 255
   0351 FF                  920 	.db #0xff	; 255
   0352 FF                  921 	.db #0xff	; 255
   0353 FF                  922 	.db #0xff	; 255
   0354 FF                  923 	.db #0xff	; 255
   0355 FF                  924 	.db #0xff	; 255
   0356 FF                  925 	.db #0xff	; 255
   0357 FF                  926 	.db #0xff	; 255
   0358 FF                  927 	.db #0xff	; 255
   0359 FF                  928 	.db #0xff	; 255
   035A F0                  929 	.db #0xf0	; 240
   035B 0F                  930 	.db #0x0f	; 15
   035C F0                  931 	.db #0xf0	; 240
   035D 0F                  932 	.db #0x0f	; 15
   035E FF                  933 	.db #0xff	; 255
   035F FF                  934 	.db #0xff	; 255
   0360 FF                  935 	.db #0xff	; 255
   0361 FF                  936 	.db #0xff	; 255
   0362 F0                  937 	.db #0xf0	; 240
   0363 0F                  938 	.db #0x0f	; 15
   0364 F0                  939 	.db #0xf0	; 240
   0365 0F                  940 	.db #0x0f	; 15
   0366 FF                  941 	.db #0xff	; 255
   0367 FF                  942 	.db #0xff	; 255
   0368 FF                  943 	.db #0xff	; 255
   0369 FF                  944 	.db #0xff	; 255
   036A FF                  945 	.db #0xff	; 255
   036B FF                  946 	.db #0xff	; 255
   036C FF                  947 	.db #0xff	; 255
   036D FF                  948 	.db #0xff	; 255
   036E FF                  949 	.db #0xff	; 255
   036F FF                  950 	.db #0xff	; 255
   0370 FF                  951 	.db #0xff	; 255
   0371 FF                  952 	.db #0xff	; 255
   0372 FF                  953 	.db #0xff	; 255
   0373 FF                  954 	.db #0xff	; 255
   0374 FF                  955 	.db #0xff	; 255
   0375 FF                  956 	.db #0xff	; 255
   0376 FF                  957 	.db #0xff	; 255
   0377 FF                  958 	.db #0xff	; 255
   0378 FF                  959 	.db #0xff	; 255
   0379 FF                  960 	.db #0xff	; 255
   037A FF                  961 	.db #0xff	; 255
   037B FF                  962 	.db #0xff	; 255
   037C FF                  963 	.db #0xff	; 255
   037D FF                  964 	.db #0xff	; 255
   037E FF                  965 	.db #0xff	; 255
   037F FF                  966 	.db #0xff	; 255
                            967 	.area _INITIALIZER
                            968 	.area _CABS (ABS)
