                              1 ;--------------------------------------------------------
                              2 ; File Created by SDCC : free open source ANSI-C Compiler
                              3 ; Version 3.6.8 #9946 (Mac OS X ppc)
                              4 ;--------------------------------------------------------
                              5 	.module enemy
                              6 	.optsdcc -mz80
                              7 	
                              8 ;--------------------------------------------------------
                              9 ; Public variables in this module
                             10 ;--------------------------------------------------------
                             11 	.globl _collision_clamp_y_at
                             12 	.globl _collision_is_on_ground_at
                             13 	.globl _cpct_getScreenPtr
                             14 	.globl _cpct_drawSolidBox
                             15 	.globl _enemyinit
                             16 	.globl _enemyspawn
                             17 	.globl _enemyupdate
                             18 	.globl _enemyrender
                             19 	.globl _enemydamage
                             20 ;--------------------------------------------------------
                             21 ; special function registers
                             22 ;--------------------------------------------------------
                             23 ;--------------------------------------------------------
                             24 ; ram data
                             25 ;--------------------------------------------------------
                             26 	.area _DATA
                             27 ;--------------------------------------------------------
                             28 ; ram data
                             29 ;--------------------------------------------------------
                             30 	.area _INITIALIZED
                             31 ;--------------------------------------------------------
                             32 ; absolute external ram data
                             33 ;--------------------------------------------------------
                             34 	.area _DABS (ABS)
                             35 ;--------------------------------------------------------
                             36 ; global & static initialisations
                             37 ;--------------------------------------------------------
                             38 	.area _HOME
                             39 	.area _GSINIT
                             40 	.area _GSFINAL
                             41 	.area _GSINIT
                             42 ;--------------------------------------------------------
                             43 ; Home
                             44 ;--------------------------------------------------------
                             45 	.area _HOME
                             46 	.area _HOME
                             47 ;--------------------------------------------------------
                             48 ; code
                             49 ;--------------------------------------------------------
                             50 	.area _CODE
                             51 ;src/entities/enemy.c:5: void enemyinit(Enemy* enemy) {
                             52 ;	---------------------------------
                             53 ; Function enemyinit
                             54 ; ---------------------------------
   0000                      55 _enemyinit::
                             56 ;src/entities/enemy.c:6: if (!enemy) {
   0000 21 03 00      [10]   57 	ld	hl, #2+1
   0003 39            [11]   58 	add	hl, sp
   0004 7E            [ 7]   59 	ld	a, (hl)
   0005 2B            [ 6]   60 	dec	hl
   0006 B6            [ 7]   61 	or	a,(hl)
                             62 ;src/entities/enemy.c:7: return;
   0007 C8            [11]   63 	ret	Z
                             64 ;src/entities/enemy.c:10: enemy->x = 0;
   0008 D1            [10]   65 	pop	de
   0009 C1            [10]   66 	pop	bc
   000A C5            [11]   67 	push	bc
   000B D5            [11]   68 	push	de
   000C AF            [ 4]   69 	xor	a, a
   000D 02            [ 7]   70 	ld	(bc), a
                             71 ;src/entities/enemy.c:11: enemy->y = 0;
   000E 59            [ 4]   72 	ld	e, c
   000F 50            [ 4]   73 	ld	d, b
   0010 13            [ 6]   74 	inc	de
   0011 AF            [ 4]   75 	xor	a, a
   0012 12            [ 7]   76 	ld	(de), a
                             77 ;src/entities/enemy.c:12: enemy->vx = 0;
   0013 59            [ 4]   78 	ld	e, c
   0014 50            [ 4]   79 	ld	d, b
   0015 13            [ 6]   80 	inc	de
   0016 13            [ 6]   81 	inc	de
   0017 AF            [ 4]   82 	xor	a, a
   0018 12            [ 7]   83 	ld	(de), a
                             84 ;src/entities/enemy.c:13: enemy->vy = 0;
   0019 59            [ 4]   85 	ld	e, c
   001A 50            [ 4]   86 	ld	d, b
   001B 13            [ 6]   87 	inc	de
   001C 13            [ 6]   88 	inc	de
   001D 13            [ 6]   89 	inc	de
   001E AF            [ 4]   90 	xor	a, a
   001F 12            [ 7]   91 	ld	(de), a
                             92 ;src/entities/enemy.c:14: enemy->w = 4;
   0020 21 04 00      [10]   93 	ld	hl, #0x0004
   0023 09            [11]   94 	add	hl, bc
   0024 36 04         [10]   95 	ld	(hl), #0x04
                             96 ;src/entities/enemy.c:15: enemy->h = 16;
   0026 21 05 00      [10]   97 	ld	hl, #0x0005
   0029 09            [11]   98 	add	hl, bc
   002A 36 10         [10]   99 	ld	(hl), #0x10
                            100 ;src/entities/enemy.c:16: enemy->active = 0;
   002C 21 06 00      [10]  101 	ld	hl, #0x0006
   002F 09            [11]  102 	add	hl, bc
   0030 36 00         [10]  103 	ld	(hl), #0x00
                            104 ;src/entities/enemy.c:17: enemy->health = 1;
   0032 21 07 00      [10]  105 	ld	hl, #0x0007
   0035 09            [11]  106 	add	hl, bc
   0036 36 01         [10]  107 	ld	(hl), #0x01
                            108 ;src/entities/enemy.c:18: enemy->reward = 100;
   0038 21 08 00      [10]  109 	ld	hl, #0x0008
   003B 09            [11]  110 	add	hl, bc
   003C 36 64         [10]  111 	ld	(hl), #0x64
                            112 ;src/entities/enemy.c:19: enemy->kind = 0;
   003E 21 09 00      [10]  113 	ld	hl, #0x0009
   0041 09            [11]  114 	add	hl, bc
   0042 36 00         [10]  115 	ld	(hl), #0x00
   0044 C9            [10]  116 	ret
                            117 ;src/entities/enemy.c:22: void enemyspawn(Enemy* enemy, u8 x, u8 y, u8 kind, u8 move_right) {
                            118 ;	---------------------------------
                            119 ; Function enemyspawn
                            120 ; ---------------------------------
   0045                     121 _enemyspawn::
   0045 DD E5         [15]  122 	push	ix
   0047 DD 21 00 00   [14]  123 	ld	ix,#0
   004B DD 39         [15]  124 	add	ix,sp
   004D 21 F1 FF      [10]  125 	ld	hl, #-15
   0050 39            [11]  126 	add	hl, sp
   0051 F9            [ 6]  127 	ld	sp, hl
                            128 ;src/entities/enemy.c:23: if (!enemy) {
   0052 DD 7E 05      [19]  129 	ld	a, 5 (ix)
   0055 DD B6 04      [19]  130 	or	a,4 (ix)
                            131 ;src/entities/enemy.c:24: return;
   0058 CArC7r01      [10]  132 	jp	Z,00109$
                            133 ;src/entities/enemy.c:27: enemy->x = x;
   005B DD 7E 04      [19]  134 	ld	a, 4 (ix)
   005E DD 77 F5      [19]  135 	ld	-11 (ix), a
   0061 DD 7E 05      [19]  136 	ld	a, 5 (ix)
   0064 DD 77 F6      [19]  137 	ld	-10 (ix), a
   0067 DD 6E F5      [19]  138 	ld	l,-11 (ix)
   006A DD 66 F6      [19]  139 	ld	h,-10 (ix)
   006D DD 7E 06      [19]  140 	ld	a, 6 (ix)
   0070 77            [ 7]  141 	ld	(hl), a
                            142 ;src/entities/enemy.c:28: enemy->y = y;
   0071 DD 4E F5      [19]  143 	ld	c,-11 (ix)
   0074 DD 46 F6      [19]  144 	ld	b,-10 (ix)
   0077 03            [ 6]  145 	inc	bc
   0078 DD 7E 07      [19]  146 	ld	a, 7 (ix)
   007B 02            [ 7]  147 	ld	(bc), a
                            148 ;src/entities/enemy.c:29: enemy->vx = move_right ? 1 : -1;
   007C DD 7E F5      [19]  149 	ld	a, -11 (ix)
   007F C6 02         [ 7]  150 	add	a, #0x02
   0081 DD 77 F9      [19]  151 	ld	-7 (ix), a
   0084 DD 7E F6      [19]  152 	ld	a, -10 (ix)
   0087 CE 00         [ 7]  153 	adc	a, #0x00
   0089 DD 77 FA      [19]  154 	ld	-6 (ix), a
   008C DD 7E 09      [19]  155 	ld	a, 9 (ix)
   008F B7            [ 4]  156 	or	a, a
   0090 28 04         [12]  157 	jr	Z,00111$
   0092 0E 01         [ 7]  158 	ld	c, #0x01
   0094 18 02         [12]  159 	jr	00112$
   0096                     160 00111$:
   0096 0E FF         [ 7]  161 	ld	c, #0xff
   0098                     162 00112$:
   0098 DD 6E F9      [19]  163 	ld	l,-7 (ix)
   009B DD 66 FA      [19]  164 	ld	h,-6 (ix)
   009E 71            [ 7]  165 	ld	(hl), c
                            166 ;src/entities/enemy.c:30: enemy->vy = 0;
   009F DD 7E F5      [19]  167 	ld	a, -11 (ix)
   00A2 C6 03         [ 7]  168 	add	a, #0x03
   00A4 DD 77 F7      [19]  169 	ld	-9 (ix), a
   00A7 DD 7E F6      [19]  170 	ld	a, -10 (ix)
   00AA CE 00         [ 7]  171 	adc	a, #0x00
   00AC DD 77 F8      [19]  172 	ld	-8 (ix), a
   00AF DD 6E F7      [19]  173 	ld	l,-9 (ix)
   00B2 DD 66 F8      [19]  174 	ld	h,-8 (ix)
   00B5 36 00         [10]  175 	ld	(hl), #0x00
                            176 ;src/entities/enemy.c:31: enemy->active = 1;
   00B7 DD 7E F5      [19]  177 	ld	a, -11 (ix)
   00BA C6 06         [ 7]  178 	add	a, #0x06
   00BC DD 77 F1      [19]  179 	ld	-15 (ix), a
   00BF DD 7E F6      [19]  180 	ld	a, -10 (ix)
   00C2 CE 00         [ 7]  181 	adc	a, #0x00
   00C4 DD 77 F2      [19]  182 	ld	-14 (ix), a
   00C7 E1            [10]  183 	pop	hl
   00C8 E5            [11]  184 	push	hl
   00C9 36 01         [10]  185 	ld	(hl), #0x01
                            186 ;src/entities/enemy.c:32: enemy->kind = kind;
   00CB DD 7E F5      [19]  187 	ld	a, -11 (ix)
   00CE C6 09         [ 7]  188 	add	a, #0x09
   00D0 DD 77 F1      [19]  189 	ld	-15 (ix), a
   00D3 DD 7E F6      [19]  190 	ld	a, -10 (ix)
   00D6 CE 00         [ 7]  191 	adc	a, #0x00
   00D8 DD 77 F2      [19]  192 	ld	-14 (ix), a
   00DB E1            [10]  193 	pop	hl
   00DC E5            [11]  194 	push	hl
   00DD DD 7E 08      [19]  195 	ld	a, 8 (ix)
   00E0 77            [ 7]  196 	ld	(hl), a
                            197 ;src/entities/enemy.c:35: enemy->w = 5;
   00E1 DD 7E F5      [19]  198 	ld	a, -11 (ix)
   00E4 C6 04         [ 7]  199 	add	a, #0x04
   00E6 DD 77 F1      [19]  200 	ld	-15 (ix), a
   00E9 DD 7E F6      [19]  201 	ld	a, -10 (ix)
   00EC CE 00         [ 7]  202 	adc	a, #0x00
   00EE DD 77 F2      [19]  203 	ld	-14 (ix), a
                            204 ;src/entities/enemy.c:36: enemy->h = 14;
   00F1 DD 7E F5      [19]  205 	ld	a, -11 (ix)
   00F4 C6 05         [ 7]  206 	add	a, #0x05
   00F6 DD 77 FB      [19]  207 	ld	-5 (ix), a
   00F9 DD 7E F6      [19]  208 	ld	a, -10 (ix)
   00FC CE 00         [ 7]  209 	adc	a, #0x00
   00FE DD 77 FC      [19]  210 	ld	-4 (ix), a
                            211 ;src/entities/enemy.c:37: enemy->health = 2;
   0101 DD 7E F5      [19]  212 	ld	a, -11 (ix)
   0104 C6 07         [ 7]  213 	add	a, #0x07
   0106 DD 77 F3      [19]  214 	ld	-13 (ix), a
   0109 DD 7E F6      [19]  215 	ld	a, -10 (ix)
   010C CE 00         [ 7]  216 	adc	a, #0x00
   010E DD 77 F4      [19]  217 	ld	-12 (ix), a
                            218 ;src/entities/enemy.c:38: enemy->reward = 180;
   0111 DD 7E F5      [19]  219 	ld	a, -11 (ix)
   0114 C6 08         [ 7]  220 	add	a, #0x08
   0116 DD 77 F5      [19]  221 	ld	-11 (ix), a
   0119 DD 7E F6      [19]  222 	ld	a, -10 (ix)
   011C CE 00         [ 7]  223 	adc	a, #0x00
   011E DD 77 F6      [19]  224 	ld	-10 (ix), a
                            225 ;src/entities/enemy.c:34: if (kind == 1) {
   0121 DD 7E 08      [19]  226 	ld	a, 8 (ix)
   0124 3D            [ 4]  227 	dec	a
   0125 20 44         [12]  228 	jr	NZ,00107$
                            229 ;src/entities/enemy.c:35: enemy->w = 5;
   0127 E1            [10]  230 	pop	hl
   0128 E5            [11]  231 	push	hl
   0129 36 05         [10]  232 	ld	(hl), #0x05
                            233 ;src/entities/enemy.c:36: enemy->h = 14;
   012B DD 6E FB      [19]  234 	ld	l,-5 (ix)
   012E DD 66 FC      [19]  235 	ld	h,-4 (ix)
   0131 36 0E         [10]  236 	ld	(hl), #0x0e
                            237 ;src/entities/enemy.c:37: enemy->health = 2;
   0133 DD 6E F3      [19]  238 	ld	l,-13 (ix)
   0136 DD 66 F4      [19]  239 	ld	h,-12 (ix)
   0139 36 02         [10]  240 	ld	(hl), #0x02
                            241 ;src/entities/enemy.c:38: enemy->reward = 180;
   013B DD 6E F5      [19]  242 	ld	l,-11 (ix)
   013E DD 66 F6      [19]  243 	ld	h,-10 (ix)
   0141 36 B4         [10]  244 	ld	(hl), #0xb4
                            245 ;src/entities/enemy.c:39: enemy->vx = move_right ? 2 : -2;
   0143 DD 7E F9      [19]  246 	ld	a, -7 (ix)
   0146 DD 77 FE      [19]  247 	ld	-2 (ix), a
   0149 DD 7E FA      [19]  248 	ld	a, -6 (ix)
   014C DD 77 FF      [19]  249 	ld	-1 (ix), a
   014F DD 7E 09      [19]  250 	ld	a, 9 (ix)
   0152 B7            [ 4]  251 	or	a, a
   0153 28 06         [12]  252 	jr	Z,00113$
   0155 DD 36 FD 02   [19]  253 	ld	-3 (ix), #0x02
   0159 18 04         [12]  254 	jr	00114$
   015B                     255 00113$:
   015B DD 36 FD FE   [19]  256 	ld	-3 (ix), #0xfe
   015F                     257 00114$:
   015F DD 6E FE      [19]  258 	ld	l,-2 (ix)
   0162 DD 66 FF      [19]  259 	ld	h,-1 (ix)
   0165 DD 7E FD      [19]  260 	ld	a, -3 (ix)
   0168 77            [ 7]  261 	ld	(hl), a
   0169 18 5C         [12]  262 	jr	00109$
   016B                     263 00107$:
                            264 ;src/entities/enemy.c:40: } else if (kind == 2) {
   016B DD 7E 08      [19]  265 	ld	a, 8 (ix)
   016E D6 02         [ 7]  266 	sub	a, #0x02
   0170 20 39         [12]  267 	jr	NZ,00104$
                            268 ;src/entities/enemy.c:41: enemy->w = 6;
   0172 E1            [10]  269 	pop	hl
   0173 E5            [11]  270 	push	hl
   0174 36 06         [10]  271 	ld	(hl), #0x06
                            272 ;src/entities/enemy.c:42: enemy->h = 10;
   0176 DD 6E FB      [19]  273 	ld	l,-5 (ix)
   0179 DD 66 FC      [19]  274 	ld	h,-4 (ix)
   017C 36 0A         [10]  275 	ld	(hl), #0x0a
                            276 ;src/entities/enemy.c:43: enemy->health = 1;
   017E DD 6E F3      [19]  277 	ld	l,-13 (ix)
   0181 DD 66 F4      [19]  278 	ld	h,-12 (ix)
   0184 36 01         [10]  279 	ld	(hl), #0x01
                            280 ;src/entities/enemy.c:44: enemy->reward = 150;
   0186 DD 6E F5      [19]  281 	ld	l,-11 (ix)
   0189 DD 66 F6      [19]  282 	ld	h,-10 (ix)
   018C 36 96         [10]  283 	ld	(hl), #0x96
                            284 ;src/entities/enemy.c:45: enemy->vy = move_right ? 1 : -1;
   018E DD 4E F7      [19]  285 	ld	c,-9 (ix)
   0191 DD 46 F8      [19]  286 	ld	b,-8 (ix)
   0194 DD 7E 09      [19]  287 	ld	a, 9 (ix)
   0197 B7            [ 4]  288 	or	a, a
   0198 28 04         [12]  289 	jr	Z,00115$
   019A 3E 01         [ 7]  290 	ld	a, #0x01
   019C 18 02         [12]  291 	jr	00116$
   019E                     292 00115$:
   019E 3E FF         [ 7]  293 	ld	a, #0xff
   01A0                     294 00116$:
   01A0 02            [ 7]  295 	ld	(bc), a
                            296 ;src/entities/enemy.c:46: enemy->vx = 1;
   01A1 DD 6E F9      [19]  297 	ld	l,-7 (ix)
   01A4 DD 66 FA      [19]  298 	ld	h,-6 (ix)
   01A7 36 01         [10]  299 	ld	(hl), #0x01
   01A9 18 1C         [12]  300 	jr	00109$
   01AB                     301 00104$:
                            302 ;src/entities/enemy.c:48: enemy->w = 4;
   01AB E1            [10]  303 	pop	hl
   01AC E5            [11]  304 	push	hl
   01AD 36 04         [10]  305 	ld	(hl), #0x04
                            306 ;src/entities/enemy.c:49: enemy->h = 16;
   01AF DD 6E FB      [19]  307 	ld	l,-5 (ix)
   01B2 DD 66 FC      [19]  308 	ld	h,-4 (ix)
   01B5 36 10         [10]  309 	ld	(hl), #0x10
                            310 ;src/entities/enemy.c:50: enemy->health = 1;
   01B7 DD 6E F3      [19]  311 	ld	l,-13 (ix)
   01BA DD 66 F4      [19]  312 	ld	h,-12 (ix)
   01BD 36 01         [10]  313 	ld	(hl), #0x01
                            314 ;src/entities/enemy.c:51: enemy->reward = 100;
   01BF DD 6E F5      [19]  315 	ld	l,-11 (ix)
   01C2 DD 66 F6      [19]  316 	ld	h,-10 (ix)
   01C5 36 64         [10]  317 	ld	(hl), #0x64
   01C7                     318 00109$:
   01C7 DD F9         [10]  319 	ld	sp, ix
   01C9 DD E1         [14]  320 	pop	ix
   01CB C9            [10]  321 	ret
                            322 ;src/entities/enemy.c:55: void enemyupdate(Enemy* enemy) {
                            323 ;	---------------------------------
                            324 ; Function enemyupdate
                            325 ; ---------------------------------
   01CC                     326 _enemyupdate::
   01CC DD E5         [15]  327 	push	ix
   01CE DD 21 00 00   [14]  328 	ld	ix,#0
   01D2 DD 39         [15]  329 	add	ix,sp
   01D4 21 F6 FF      [10]  330 	ld	hl, #-10
   01D7 39            [11]  331 	add	hl, sp
   01D8 F9            [ 6]  332 	ld	sp, hl
                            333 ;src/entities/enemy.c:59: if (!enemy || !enemy->active) {
   01D9 DD 7E 05      [19]  334 	ld	a, 5 (ix)
   01DC DD B6 04      [19]  335 	or	a,4 (ix)
   01DF CArC2r03      [10]  336 	jp	Z,00121$
   01E2 DD 7E 04      [19]  337 	ld	a, 4 (ix)
   01E5 DD 77 FE      [19]  338 	ld	-2 (ix), a
   01E8 DD 7E 05      [19]  339 	ld	a, 5 (ix)
   01EB DD 77 FF      [19]  340 	ld	-1 (ix), a
   01EE DD 6E FE      [19]  341 	ld	l,-2 (ix)
   01F1 DD 66 FF      [19]  342 	ld	h,-1 (ix)
   01F4 11 06 00      [10]  343 	ld	de, #0x0006
   01F7 19            [11]  344 	add	hl, de
   01F8 7E            [ 7]  345 	ld	a, (hl)
   01F9 B7            [ 4]  346 	or	a, a
                            347 ;src/entities/enemy.c:60: return;
   01FA CArC2r03      [10]  348 	jp	Z,00121$
                            349 ;src/entities/enemy.c:63: if (enemy->kind == 2) {
   01FD DD 6E FE      [19]  350 	ld	l,-2 (ix)
   0200 DD 66 FF      [19]  351 	ld	h,-1 (ix)
   0203 11 09 00      [10]  352 	ld	de, #0x0009
   0206 19            [11]  353 	add	hl, de
   0207 7E            [ 7]  354 	ld	a, (hl)
   0208 DD 77 FB      [19]  355 	ld	-5 (ix), a
                            356 ;src/entities/enemy.c:64: nextx = (i16)enemy->x + (i16)enemy->vx;
   020B DD 6E FE      [19]  357 	ld	l,-2 (ix)
   020E DD 66 FF      [19]  358 	ld	h,-1 (ix)
   0211 4E            [ 7]  359 	ld	c, (hl)
   0212 DD 7E FE      [19]  360 	ld	a, -2 (ix)
   0215 C6 02         [ 7]  361 	add	a, #0x02
   0217 DD 77 FC      [19]  362 	ld	-4 (ix), a
   021A DD 7E FF      [19]  363 	ld	a, -1 (ix)
   021D CE 00         [ 7]  364 	adc	a, #0x00
   021F DD 77 FD      [19]  365 	ld	-3 (ix), a
                            366 ;src/entities/enemy.c:65: nexty = (i16)enemy->y + (i16)enemy->vy;
   0222 DD 7E FE      [19]  367 	ld	a, -2 (ix)
   0225 C6 01         [ 7]  368 	add	a, #0x01
   0227 DD 77 F9      [19]  369 	ld	-7 (ix), a
   022A DD 7E FF      [19]  370 	ld	a, -1 (ix)
   022D CE 00         [ 7]  371 	adc	a, #0x00
   022F DD 77 FA      [19]  372 	ld	-6 (ix), a
   0232 DD 5E FE      [19]  373 	ld	e,-2 (ix)
   0235 DD 56 FF      [19]  374 	ld	d,-1 (ix)
   0238 13            [ 6]  375 	inc	de
   0239 13            [ 6]  376 	inc	de
   023A 13            [ 6]  377 	inc	de
                            378 ;src/entities/enemy.c:64: nextx = (i16)enemy->x + (i16)enemy->vx;
   023B 06 00         [ 7]  379 	ld	b, #0x00
   023D DD 6E FC      [19]  380 	ld	l,-4 (ix)
   0240 DD 66 FD      [19]  381 	ld	h,-3 (ix)
   0243 7E            [ 7]  382 	ld	a, (hl)
   0244 DD 77 F8      [19]  383 	ld	-8 (ix), a
   0247 6F            [ 4]  384 	ld	l, a
   0248 DD 7E F8      [19]  385 	ld	a, -8 (ix)
   024B 17            [ 4]  386 	rla
   024C 9F            [ 4]  387 	sbc	a, a
   024D 67            [ 4]  388 	ld	h, a
   024E 09            [11]  389 	add	hl,bc
   024F 4D            [ 4]  390 	ld	c, l
   0250 44            [ 4]  391 	ld	b, h
                            392 ;src/entities/enemy.c:63: if (enemy->kind == 2) {
   0251 DD 7E FB      [19]  393 	ld	a, -5 (ix)
   0254 D6 02         [ 7]  394 	sub	a, #0x02
   0256 C2rFFr02      [10]  395 	jp	NZ,00111$
                            396 ;src/entities/enemy.c:64: nextx = (i16)enemy->x + (i16)enemy->vx;
                            397 ;src/entities/enemy.c:65: nexty = (i16)enemy->y + (i16)enemy->vy;
   0259 DD 6E F9      [19]  398 	ld	l,-7 (ix)
   025C DD 66 FA      [19]  399 	ld	h,-6 (ix)
   025F 6E            [ 7]  400 	ld	l, (hl)
   0260 DD 75 F6      [19]  401 	ld	-10 (ix), l
   0263 DD 36 F7 00   [19]  402 	ld	-9 (ix), #0x00
   0267 1A            [ 7]  403 	ld	a, (de)
   0268 6F            [ 4]  404 	ld	l, a
   0269 17            [ 4]  405 	rla
   026A 9F            [ 4]  406 	sbc	a, a
   026B 67            [ 4]  407 	ld	h, a
   026C DD 7E F6      [19]  408 	ld	a, -10 (ix)
   026F 85            [ 4]  409 	add	a, l
   0270 DD 77 F6      [19]  410 	ld	-10 (ix), a
   0273 DD 7E F7      [19]  411 	ld	a, -9 (ix)
   0276 8C            [ 4]  412 	adc	a, h
   0277 DD 77 F7      [19]  413 	ld	-9 (ix), a
                            414 ;src/entities/enemy.c:67: if (nextx < 8 || nextx > 72) {
   027A 79            [ 4]  415 	ld	a, c
   027B D6 08         [ 7]  416 	sub	a, #0x08
   027D 78            [ 4]  417 	ld	a, b
   027E 17            [ 4]  418 	rla
   027F 3F            [ 4]  419 	ccf
   0280 1F            [ 4]  420 	rra
   0281 DE 80         [ 7]  421 	sbc	a, #0x80
   0283 38 0E         [12]  422 	jr	C,00104$
   0285 3E 48         [ 7]  423 	ld	a, #0x48
   0287 B9            [ 4]  424 	cp	a, c
   0288 3E 00         [ 7]  425 	ld	a, #0x00
   028A 98            [ 4]  426 	sbc	a, b
   028B E2r90r02      [10]  427 	jp	PO, 00161$
   028E EE 80         [ 7]  428 	xor	a, #0x80
   0290                     429 00161$:
   0290 F2rAEr02      [10]  430 	jp	P, 00105$
   0293                     431 00104$:
                            432 ;src/entities/enemy.c:68: enemy->vx = (i8)(-enemy->vx);
   0293 AF            [ 4]  433 	xor	a, a
   0294 DD 96 F8      [19]  434 	sub	a, -8 (ix)
   0297 4F            [ 4]  435 	ld	c, a
   0298 DD 6E FC      [19]  436 	ld	l,-4 (ix)
   029B DD 66 FD      [19]  437 	ld	h,-3 (ix)
   029E 71            [ 7]  438 	ld	(hl), c
                            439 ;src/entities/enemy.c:69: nextx = (i16)enemy->x + (i16)enemy->vx;
   029F DD 6E FE      [19]  440 	ld	l,-2 (ix)
   02A2 DD 66 FF      [19]  441 	ld	h,-1 (ix)
   02A5 6E            [ 7]  442 	ld	l, (hl)
   02A6 26 00         [ 7]  443 	ld	h, #0x00
   02A8 79            [ 4]  444 	ld	a, c
   02A9 17            [ 4]  445 	rla
   02AA 9F            [ 4]  446 	sbc	a, a
   02AB 47            [ 4]  447 	ld	b, a
   02AC 09            [11]  448 	add	hl,bc
   02AD 4D            [ 4]  449 	ld	c, l
   02AE                     450 00105$:
                            451 ;src/entities/enemy.c:71: if (nexty < 56 || nexty > 120) {
   02AE DD 7E F6      [19]  452 	ld	a, -10 (ix)
   02B1 D6 38         [ 7]  453 	sub	a, #0x38
   02B3 DD 7E F7      [19]  454 	ld	a, -9 (ix)
   02B6 17            [ 4]  455 	rla
   02B7 3F            [ 4]  456 	ccf
   02B8 1F            [ 4]  457 	rra
   02B9 DE 80         [ 7]  458 	sbc	a, #0x80
   02BB 38 12         [12]  459 	jr	C,00107$
   02BD 3E 78         [ 7]  460 	ld	a, #0x78
   02BF DD BE F6      [19]  461 	cp	a, -10 (ix)
   02C2 3E 00         [ 7]  462 	ld	a, #0x00
   02C4 DD 9E F7      [19]  463 	sbc	a, -9 (ix)
   02C7 E2rCCr02      [10]  464 	jp	PO, 00162$
   02CA EE 80         [ 7]  465 	xor	a, #0x80
   02CC                     466 00162$:
   02CC F2rEBr02      [10]  467 	jp	P, 00108$
   02CF                     468 00107$:
                            469 ;src/entities/enemy.c:72: enemy->vy = (i8)(-enemy->vy);
   02CF 1A            [ 7]  470 	ld	a, (de)
   02D0 6F            [ 4]  471 	ld	l, a
   02D1 AF            [ 4]  472 	xor	a, a
   02D2 95            [ 4]  473 	sub	a, l
   02D3 DD 77 F8      [19]  474 	ld	-8 (ix), a
   02D6 12            [ 7]  475 	ld	(de),a
                            476 ;src/entities/enemy.c:73: nexty = (i16)enemy->y + (i16)enemy->vy;
   02D7 DD 6E F9      [19]  477 	ld	l,-7 (ix)
   02DA DD 66 FA      [19]  478 	ld	h,-6 (ix)
   02DD 5E            [ 7]  479 	ld	e, (hl)
   02DE 16 00         [ 7]  480 	ld	d, #0x00
   02E0 DD 6E F8      [19]  481 	ld	l, -8 (ix)
   02E3 DD 7E F8      [19]  482 	ld	a, -8 (ix)
   02E6 17            [ 4]  483 	rla
   02E7 9F            [ 4]  484 	sbc	a, a
   02E8 67            [ 4]  485 	ld	h, a
   02E9 19            [11]  486 	add	hl,de
   02EA E3            [19]  487 	ex	(sp), hl
   02EB                     488 00108$:
                            489 ;src/entities/enemy.c:76: enemy->x = (u8)nextx;
   02EB DD 6E FE      [19]  490 	ld	l,-2 (ix)
   02EE DD 66 FF      [19]  491 	ld	h,-1 (ix)
   02F1 71            [ 7]  492 	ld	(hl), c
                            493 ;src/entities/enemy.c:77: enemy->y = (u8)nexty;
   02F2 DD 4E F6      [19]  494 	ld	c, -10 (ix)
   02F5 DD 6E F9      [19]  495 	ld	l,-7 (ix)
   02F8 DD 66 FA      [19]  496 	ld	h,-6 (ix)
   02FB 71            [ 7]  497 	ld	(hl), c
                            498 ;src/entities/enemy.c:78: return;
   02FC C3rC2r03      [10]  499 	jp	00121$
   02FF                     500 00111$:
                            501 ;src/entities/enemy.c:81: nextx = (i16)enemy->x + (i16)enemy->vx;
                            502 ;src/entities/enemy.c:82: if (nextx < 2) {
   02FF 79            [ 4]  503 	ld	a, c
   0300 D6 02         [ 7]  504 	sub	a, #0x02
   0302 78            [ 4]  505 	ld	a, b
   0303 17            [ 4]  506 	rla
   0304 3F            [ 4]  507 	ccf
   0305 1F            [ 4]  508 	rra
   0306 DE 80         [ 7]  509 	sbc	a, #0x80
   0308 30 0B         [12]  510 	jr	NC,00113$
                            511 ;src/entities/enemy.c:83: nextx = 2;
   030A 01 02 00      [10]  512 	ld	bc, #0x0002
                            513 ;src/entities/enemy.c:84: enemy->vx = 1;
   030D DD 6E FC      [19]  514 	ld	l,-4 (ix)
   0310 DD 66 FD      [19]  515 	ld	h,-3 (ix)
   0313 36 01         [10]  516 	ld	(hl), #0x01
   0315                     517 00113$:
                            518 ;src/entities/enemy.c:86: if (nextx > 74) {
   0315 3E 4A         [ 7]  519 	ld	a, #0x4a
   0317 B9            [ 4]  520 	cp	a, c
   0318 3E 00         [ 7]  521 	ld	a, #0x00
   031A 98            [ 4]  522 	sbc	a, b
   031B E2r20r03      [10]  523 	jp	PO, 00163$
   031E EE 80         [ 7]  524 	xor	a, #0x80
   0320                     525 00163$:
   0320 F2r2Er03      [10]  526 	jp	P, 00115$
                            527 ;src/entities/enemy.c:87: nextx = 74;
   0323 01 4A 00      [10]  528 	ld	bc, #0x004a
                            529 ;src/entities/enemy.c:88: enemy->vx = -1;
   0326 DD 6E FC      [19]  530 	ld	l,-4 (ix)
   0329 DD 66 FD      [19]  531 	ld	h,-3 (ix)
   032C 36 FF         [10]  532 	ld	(hl), #0xff
   032E                     533 00115$:
                            534 ;src/entities/enemy.c:90: enemy->x = (u8)nextx;
   032E DD 6E FE      [19]  535 	ld	l,-2 (ix)
   0331 DD 66 FF      [19]  536 	ld	h,-1 (ix)
   0334 71            [ 7]  537 	ld	(hl), c
                            538 ;src/entities/enemy.c:92: enemy->vy = (i8)(enemy->vy + 1);
   0335 1A            [ 7]  539 	ld	a, (de)
   0336 4F            [ 4]  540 	ld	c, a
   0337 0C            [ 4]  541 	inc	c
   0338 79            [ 4]  542 	ld	a, c
   0339 12            [ 7]  543 	ld	(de), a
                            544 ;src/entities/enemy.c:93: if (enemy->vy > 3) enemy->vy = 3;
   033A 3E 03         [ 7]  545 	ld	a, #0x03
   033C 91            [ 4]  546 	sub	a, c
   033D E2r42r03      [10]  547 	jp	PO, 00164$
   0340 EE 80         [ 7]  548 	xor	a, #0x80
   0342                     549 00164$:
   0342 F2r48r03      [10]  550 	jp	P, 00117$
   0345 3E 03         [ 7]  551 	ld	a, #0x03
   0347 12            [ 7]  552 	ld	(de), a
   0348                     553 00117$:
                            554 ;src/entities/enemy.c:94: nexty = (i16)enemy->y + (i16)enemy->vy;
   0348 DD 6E F9      [19]  555 	ld	l,-7 (ix)
   034B DD 66 FA      [19]  556 	ld	h,-6 (ix)
   034E 4E            [ 7]  557 	ld	c, (hl)
   034F 06 00         [ 7]  558 	ld	b, #0x00
   0351 1A            [ 7]  559 	ld	a, (de)
   0352 6F            [ 4]  560 	ld	l, a
   0353 17            [ 4]  561 	rla
   0354 9F            [ 4]  562 	sbc	a, a
   0355 67            [ 4]  563 	ld	h, a
   0356 09            [11]  564 	add	hl, bc
   0357 E5            [11]  565 	push	hl
   0358 FD E1         [14]  566 	pop	iy
                            567 ;src/entities/enemy.c:95: nexty = collision_clamp_y_at((i16)enemy->x, nexty, enemy->h);
   035A DD 7E FE      [19]  568 	ld	a, -2 (ix)
   035D C6 05         [ 7]  569 	add	a, #0x05
   035F DD 77 F6      [19]  570 	ld	-10 (ix), a
   0362 DD 7E FF      [19]  571 	ld	a, -1 (ix)
   0365 CE 00         [ 7]  572 	adc	a, #0x00
   0367 DD 77 F7      [19]  573 	ld	-9 (ix), a
   036A E1            [10]  574 	pop	hl
   036B E5            [11]  575 	push	hl
   036C 7E            [ 7]  576 	ld	a, (hl)
   036D DD 6E FE      [19]  577 	ld	l,-2 (ix)
   0370 DD 66 FF      [19]  578 	ld	h,-1 (ix)
   0373 4E            [ 7]  579 	ld	c, (hl)
   0374 06 00         [ 7]  580 	ld	b, #0x00
   0376 D5            [11]  581 	push	de
   0377 F5            [11]  582 	push	af
   0378 33            [ 6]  583 	inc	sp
   0379 FD E5         [15]  584 	push	iy
   037B C5            [11]  585 	push	bc
   037C CDr00r00      [17]  586 	call	_collision_clamp_y_at
   037F F1            [10]  587 	pop	af
   0380 F1            [10]  588 	pop	af
   0381 33            [ 6]  589 	inc	sp
   0382 4D            [ 4]  590 	ld	c, l
   0383 D1            [10]  591 	pop	de
                            592 ;src/entities/enemy.c:96: enemy->y = (u8)nexty;
   0384 DD 6E F9      [19]  593 	ld	l,-7 (ix)
   0387 DD 66 FA      [19]  594 	ld	h,-6 (ix)
   038A 71            [ 7]  595 	ld	(hl), c
                            596 ;src/entities/enemy.c:97: if (collision_is_on_ground_at((i16)enemy->x, (i16)enemy->y, enemy->h) && enemy->vy > 0) {
   038B E1            [10]  597 	pop	hl
   038C E5            [11]  598 	push	hl
   038D 7E            [ 7]  599 	ld	a, (hl)
   038E 06 00         [ 7]  600 	ld	b, #0x00
   0390 DD 6E FE      [19]  601 	ld	l,-2 (ix)
   0393 DD 66 FF      [19]  602 	ld	h,-1 (ix)
   0396 6E            [ 7]  603 	ld	l, (hl)
   0397 DD 75 F6      [19]  604 	ld	-10 (ix), l
   039A DD 36 F7 00   [19]  605 	ld	-9 (ix), #0x00
   039E D5            [11]  606 	push	de
   039F F5            [11]  607 	push	af
   03A0 33            [ 6]  608 	inc	sp
   03A1 C5            [11]  609 	push	bc
   03A2 DD 6E F6      [19]  610 	ld	l,-10 (ix)
   03A5 DD 66 F7      [19]  611 	ld	h,-9 (ix)
   03A8 E5            [11]  612 	push	hl
   03A9 CDr00r00      [17]  613 	call	_collision_is_on_ground_at
   03AC F1            [10]  614 	pop	af
   03AD F1            [10]  615 	pop	af
   03AE 33            [ 6]  616 	inc	sp
   03AF D1            [10]  617 	pop	de
   03B0 7D            [ 4]  618 	ld	a, l
   03B1 B7            [ 4]  619 	or	a, a
   03B2 28 0E         [12]  620 	jr	Z,00121$
   03B4 1A            [ 7]  621 	ld	a, (de)
   03B5 4F            [ 4]  622 	ld	c, a
   03B6 AF            [ 4]  623 	xor	a, a
   03B7 91            [ 4]  624 	sub	a, c
   03B8 E2rBDr03      [10]  625 	jp	PO, 00165$
   03BB EE 80         [ 7]  626 	xor	a, #0x80
   03BD                     627 00165$:
   03BD F2rC2r03      [10]  628 	jp	P, 00121$
                            629 ;src/entities/enemy.c:98: enemy->vy = 0;
   03C0 AF            [ 4]  630 	xor	a, a
   03C1 12            [ 7]  631 	ld	(de), a
   03C2                     632 00121$:
   03C2 DD F9         [10]  633 	ld	sp, ix
   03C4 DD E1         [14]  634 	pop	ix
   03C6 C9            [10]  635 	ret
                            636 ;src/entities/enemy.c:102: void enemyrender(const Enemy* enemy) {
                            637 ;	---------------------------------
                            638 ; Function enemyrender
                            639 ; ---------------------------------
   03C7                     640 _enemyrender::
   03C7 DD E5         [15]  641 	push	ix
   03C9 DD 21 00 00   [14]  642 	ld	ix,#0
   03CD DD 39         [15]  643 	add	ix,sp
                            644 ;src/entities/enemy.c:105: if (!enemy || !enemy->active) {
   03CF DD 7E 05      [19]  645 	ld	a, 5 (ix)
   03D2 DD B6 04      [19]  646 	or	a,4 (ix)
   03D5 28 3C         [12]  647 	jr	Z,00104$
   03D7 DD 4E 04      [19]  648 	ld	c,4 (ix)
   03DA DD 46 05      [19]  649 	ld	b,5 (ix)
   03DD C5            [11]  650 	push	bc
   03DE FD E1         [14]  651 	pop	iy
   03E0 FD 7E 06      [19]  652 	ld	a, 6 (iy)
   03E3 B7            [ 4]  653 	or	a, a
                            654 ;src/entities/enemy.c:106: return;
   03E4 28 2D         [12]  655 	jr	Z,00104$
                            656 ;src/entities/enemy.c:109: pvmem = cpct_getScreenPtr(CPCT_VMEM_START, enemy->x, enemy->y);
   03E6 69            [ 4]  657 	ld	l, c
   03E7 60            [ 4]  658 	ld	h, b
   03E8 23            [ 6]  659 	inc	hl
   03E9 56            [ 7]  660 	ld	d, (hl)
   03EA 0A            [ 7]  661 	ld	a, (bc)
   03EB C5            [11]  662 	push	bc
   03EC 5F            [ 4]  663 	ld	e, a
   03ED D5            [11]  664 	push	de
   03EE 21 00 C0      [10]  665 	ld	hl, #0xc000
   03F1 E5            [11]  666 	push	hl
   03F2 CDr00r00      [17]  667 	call	_cpct_getScreenPtr
   03F5 EB            [ 4]  668 	ex	de,hl
   03F6 C1            [10]  669 	pop	bc
                            670 ;src/entities/enemy.c:110: cpct_drawSolidBox(pvmem, 0x5C, enemy->w, enemy->h);
   03F7 C5            [11]  671 	push	bc
   03F8 FD E1         [14]  672 	pop	iy
   03FA FD 7E 05      [19]  673 	ld	a, 5 (iy)
   03FD 69            [ 4]  674 	ld	l, c
   03FE 60            [ 4]  675 	ld	h, b
   03FF 01 04 00      [10]  676 	ld	bc, #0x0004
   0402 09            [11]  677 	add	hl, bc
   0403 46            [ 7]  678 	ld	b, (hl)
   0404 F5            [11]  679 	push	af
   0405 33            [ 6]  680 	inc	sp
   0406 C5            [11]  681 	push	bc
   0407 33            [ 6]  682 	inc	sp
   0408 3E 5C         [ 7]  683 	ld	a, #0x5c
   040A F5            [11]  684 	push	af
   040B 33            [ 6]  685 	inc	sp
   040C D5            [11]  686 	push	de
   040D CDr00r00      [17]  687 	call	_cpct_drawSolidBox
   0410 F1            [10]  688 	pop	af
   0411 F1            [10]  689 	pop	af
   0412 33            [ 6]  690 	inc	sp
   0413                     691 00104$:
   0413 DD E1         [14]  692 	pop	ix
   0415 C9            [10]  693 	ret
                            694 ;src/entities/enemy.c:113: u8 enemydamage(Enemy* enemy, u8 damage) {
                            695 ;	---------------------------------
                            696 ; Function enemydamage
                            697 ; ---------------------------------
   0416                     698 _enemydamage::
   0416 DD E5         [15]  699 	push	ix
   0418 DD 21 00 00   [14]  700 	ld	ix,#0
   041C DD 39         [15]  701 	add	ix,sp
                            702 ;src/entities/enemy.c:114: if (!enemy || !enemy->active) {
   041E DD 7E 05      [19]  703 	ld	a, 5 (ix)
   0421 DD B6 04      [19]  704 	or	a,4 (ix)
   0424 28 0F         [12]  705 	jr	Z,00101$
   0426 DD 4E 04      [19]  706 	ld	c,4 (ix)
   0429 DD 46 05      [19]  707 	ld	b,5 (ix)
   042C 21 06 00      [10]  708 	ld	hl, #0x0006
   042F 09            [11]  709 	add	hl,bc
   0430 EB            [ 4]  710 	ex	de,hl
   0431 1A            [ 7]  711 	ld	a, (de)
   0432 B7            [ 4]  712 	or	a, a
   0433 20 04         [12]  713 	jr	NZ,00102$
   0435                     714 00101$:
                            715 ;src/entities/enemy.c:115: return 0;
   0435 2E 00         [ 7]  716 	ld	l, #0x00
   0437 18 1A         [12]  717 	jr	00106$
   0439                     718 00102$:
                            719 ;src/entities/enemy.c:118: if (damage >= enemy->health) {
   0439 21 07 00      [10]  720 	ld	hl, #0x0007
   043C 09            [11]  721 	add	hl, bc
   043D 4E            [ 7]  722 	ld	c, (hl)
   043E DD 7E 06      [19]  723 	ld	a, 6 (ix)
   0441 91            [ 4]  724 	sub	a, c
   0442 38 08         [12]  725 	jr	C,00105$
                            726 ;src/entities/enemy.c:119: enemy->health = 0;
   0444 36 00         [10]  727 	ld	(hl), #0x00
                            728 ;src/entities/enemy.c:120: enemy->active = 0;
   0446 AF            [ 4]  729 	xor	a, a
   0447 12            [ 7]  730 	ld	(de), a
                            731 ;src/entities/enemy.c:121: return 1;
   0448 2E 01         [ 7]  732 	ld	l, #0x01
   044A 18 07         [12]  733 	jr	00106$
   044C                     734 00105$:
                            735 ;src/entities/enemy.c:124: enemy->health = (u8)(enemy->health - damage);
   044C 79            [ 4]  736 	ld	a, c
   044D DD 96 06      [19]  737 	sub	a, 6 (ix)
   0450 77            [ 7]  738 	ld	(hl), a
                            739 ;src/entities/enemy.c:125: return 0;
   0451 2E 00         [ 7]  740 	ld	l, #0x00
   0453                     741 00106$:
   0453 DD E1         [14]  742 	pop	ix
   0455 C9            [10]  743 	ret
                            744 	.area _CODE
                            745 	.area _INITIALIZER
                            746 	.area _CABS (ABS)
