                              1 ;--------------------------------------------------------
                              2 ; File Created by SDCC : free open source ANSI-C Compiler
                              3 ; Version 3.6.8 #9946 (Mac OS X ppc)
                              4 ;--------------------------------------------------------
                              5 	.module enemy
                              6 	.optsdcc -mz80
                              7 	
                              8 ;--------------------------------------------------------
                              9 ; Public variables in this module
                             10 ;--------------------------------------------------------
                             11 	.globl _collision_clamp_y_at
                             12 	.globl _collision_is_on_ground_at
                             13 	.globl _cpct_getScreenPtr
                             14 	.globl _cpct_drawSolidBox
                             15 	.globl _enemyinit
                             16 	.globl _enemyspawn
                             17 	.globl _enemyupdate
                             18 	.globl _enemyrender
                             19 	.globl _enemydamage
                             20 ;--------------------------------------------------------
                             21 ; special function registers
                             22 ;--------------------------------------------------------
                             23 ;--------------------------------------------------------
                             24 ; ram data
                             25 ;--------------------------------------------------------
                             26 	.area _DATA
                             27 ;--------------------------------------------------------
                             28 ; ram data
                             29 ;--------------------------------------------------------
                             30 	.area _INITIALIZED
                             31 ;--------------------------------------------------------
                             32 ; absolute external ram data
                             33 ;--------------------------------------------------------
                             34 	.area _DABS (ABS)
                             35 ;--------------------------------------------------------
                             36 ; global & static initialisations
                             37 ;--------------------------------------------------------
                             38 	.area _HOME
                             39 	.area _GSINIT
                             40 	.area _GSFINAL
                             41 	.area _GSINIT
                             42 ;--------------------------------------------------------
                             43 ; Home
                             44 ;--------------------------------------------------------
                             45 	.area _HOME
                             46 	.area _HOME
                             47 ;--------------------------------------------------------
                             48 ; code
                             49 ;--------------------------------------------------------
                             50 	.area _CODE
                             51 ;src/entities/enemy.c:5: void enemyinit(Enemy* enemy) {
                             52 ;	---------------------------------
                             53 ; Function enemyinit
                             54 ; ---------------------------------
   0000                      55 _enemyinit::
                             56 ;src/entities/enemy.c:6: if (!enemy) {
   0000 21 03 00      [10]   57 	ld	hl, #2+1
   0003 39            [11]   58 	add	hl, sp
   0004 7E            [ 7]   59 	ld	a, (hl)
   0005 2B            [ 6]   60 	dec	hl
   0006 B6            [ 7]   61 	or	a,(hl)
                             62 ;src/entities/enemy.c:7: return;
   0007 C8            [11]   63 	ret	Z
                             64 ;src/entities/enemy.c:10: enemy->x = 0;
   0008 D1            [10]   65 	pop	de
   0009 C1            [10]   66 	pop	bc
   000A C5            [11]   67 	push	bc
   000B D5            [11]   68 	push	de
   000C AF            [ 4]   69 	xor	a, a
   000D 02            [ 7]   70 	ld	(bc), a
                             71 ;src/entities/enemy.c:11: enemy->y = 0;
   000E 59            [ 4]   72 	ld	e, c
   000F 50            [ 4]   73 	ld	d, b
   0010 13            [ 6]   74 	inc	de
   0011 AF            [ 4]   75 	xor	a, a
   0012 12            [ 7]   76 	ld	(de), a
                             77 ;src/entities/enemy.c:12: enemy->vx = 0;
   0013 59            [ 4]   78 	ld	e, c
   0014 50            [ 4]   79 	ld	d, b
   0015 13            [ 6]   80 	inc	de
   0016 13            [ 6]   81 	inc	de
   0017 AF            [ 4]   82 	xor	a, a
   0018 12            [ 7]   83 	ld	(de), a
                             84 ;src/entities/enemy.c:13: enemy->vy = 0;
   0019 59            [ 4]   85 	ld	e, c
   001A 50            [ 4]   86 	ld	d, b
   001B 13            [ 6]   87 	inc	de
   001C 13            [ 6]   88 	inc	de
   001D 13            [ 6]   89 	inc	de
   001E AF            [ 4]   90 	xor	a, a
   001F 12            [ 7]   91 	ld	(de), a
                             92 ;src/entities/enemy.c:14: enemy->w = 4;
   0020 21 04 00      [10]   93 	ld	hl, #0x0004
   0023 09            [11]   94 	add	hl, bc
   0024 36 04         [10]   95 	ld	(hl), #0x04
                             96 ;src/entities/enemy.c:15: enemy->h = 16;
   0026 21 05 00      [10]   97 	ld	hl, #0x0005
   0029 09            [11]   98 	add	hl, bc
   002A 36 10         [10]   99 	ld	(hl), #0x10
                            100 ;src/entities/enemy.c:16: enemy->active = 0;
   002C 21 06 00      [10]  101 	ld	hl, #0x0006
   002F 09            [11]  102 	add	hl, bc
   0030 36 00         [10]  103 	ld	(hl), #0x00
                            104 ;src/entities/enemy.c:17: enemy->health = 1;
   0032 21 07 00      [10]  105 	ld	hl, #0x0007
   0035 09            [11]  106 	add	hl, bc
   0036 36 01         [10]  107 	ld	(hl), #0x01
                            108 ;src/entities/enemy.c:18: enemy->reward = 100;
   0038 21 08 00      [10]  109 	ld	hl, #0x0008
   003B 09            [11]  110 	add	hl, bc
   003C 36 64         [10]  111 	ld	(hl), #0x64
                            112 ;src/entities/enemy.c:19: enemy->kind = 0;
   003E 21 09 00      [10]  113 	ld	hl, #0x0009
   0041 09            [11]  114 	add	hl, bc
   0042 36 00         [10]  115 	ld	(hl), #0x00
   0044 C9            [10]  116 	ret
                            117 ;src/entities/enemy.c:22: void enemyspawn(Enemy* enemy, u8 x, u8 y, u8 kind, u8 move_right) {
                            118 ;	---------------------------------
                            119 ; Function enemyspawn
                            120 ; ---------------------------------
   0045                     121 _enemyspawn::
   0045 DD E5         [15]  122 	push	ix
   0047 DD 21 00 00   [14]  123 	ld	ix,#0
   004B DD 39         [15]  124 	add	ix,sp
   004D 21 F1 FF      [10]  125 	ld	hl, #-15
   0050 39            [11]  126 	add	hl, sp
   0051 F9            [ 6]  127 	ld	sp, hl
                            128 ;src/entities/enemy.c:23: if (!enemy) {
   0052 DD 7E 05      [19]  129 	ld	a, 5 (ix)
   0055 DD B6 04      [19]  130 	or	a,4 (ix)
                            131 ;src/entities/enemy.c:24: return;
   0058 CAr08r02      [10]  132 	jp	Z,00112$
                            133 ;src/entities/enemy.c:27: enemy->x = x;
   005B DD 7E 04      [19]  134 	ld	a, 4 (ix)
   005E DD 77 F9      [19]  135 	ld	-7 (ix), a
   0061 DD 7E 05      [19]  136 	ld	a, 5 (ix)
   0064 DD 77 FA      [19]  137 	ld	-6 (ix), a
   0067 DD 6E F9      [19]  138 	ld	l,-7 (ix)
   006A DD 66 FA      [19]  139 	ld	h,-6 (ix)
   006D DD 7E 06      [19]  140 	ld	a, 6 (ix)
   0070 77            [ 7]  141 	ld	(hl), a
                            142 ;src/entities/enemy.c:28: enemy->y = y;
   0071 DD 4E F9      [19]  143 	ld	c,-7 (ix)
   0074 DD 46 FA      [19]  144 	ld	b,-6 (ix)
   0077 03            [ 6]  145 	inc	bc
   0078 DD 7E 07      [19]  146 	ld	a, 7 (ix)
   007B 02            [ 7]  147 	ld	(bc), a
                            148 ;src/entities/enemy.c:29: enemy->vx = move_right ? 1 : -1;
   007C DD 7E F9      [19]  149 	ld	a, -7 (ix)
   007F C6 02         [ 7]  150 	add	a, #0x02
   0081 DD 77 F7      [19]  151 	ld	-9 (ix), a
   0084 DD 7E FA      [19]  152 	ld	a, -6 (ix)
   0087 CE 00         [ 7]  153 	adc	a, #0x00
   0089 DD 77 F8      [19]  154 	ld	-8 (ix), a
   008C DD 7E 09      [19]  155 	ld	a, 9 (ix)
   008F B7            [ 4]  156 	or	a, a
   0090 28 04         [12]  157 	jr	Z,00114$
   0092 0E 01         [ 7]  158 	ld	c, #0x01
   0094 18 02         [12]  159 	jr	00115$
   0096                     160 00114$:
   0096 0E FF         [ 7]  161 	ld	c, #0xff
   0098                     162 00115$:
   0098 DD 6E F7      [19]  163 	ld	l,-9 (ix)
   009B DD 66 F8      [19]  164 	ld	h,-8 (ix)
   009E 71            [ 7]  165 	ld	(hl), c
                            166 ;src/entities/enemy.c:30: enemy->vy = 0;
   009F DD 7E F9      [19]  167 	ld	a, -7 (ix)
   00A2 C6 03         [ 7]  168 	add	a, #0x03
   00A4 DD 77 F5      [19]  169 	ld	-11 (ix), a
   00A7 DD 7E FA      [19]  170 	ld	a, -6 (ix)
   00AA CE 00         [ 7]  171 	adc	a, #0x00
   00AC DD 77 F6      [19]  172 	ld	-10 (ix), a
   00AF DD 6E F5      [19]  173 	ld	l,-11 (ix)
   00B2 DD 66 F6      [19]  174 	ld	h,-10 (ix)
   00B5 36 00         [10]  175 	ld	(hl), #0x00
                            176 ;src/entities/enemy.c:31: enemy->active = 1;
   00B7 DD 7E F9      [19]  177 	ld	a, -7 (ix)
   00BA C6 06         [ 7]  178 	add	a, #0x06
   00BC DD 77 F3      [19]  179 	ld	-13 (ix), a
   00BF DD 7E FA      [19]  180 	ld	a, -6 (ix)
   00C2 CE 00         [ 7]  181 	adc	a, #0x00
   00C4 DD 77 F4      [19]  182 	ld	-12 (ix), a
   00C7 DD 6E F3      [19]  183 	ld	l,-13 (ix)
   00CA DD 66 F4      [19]  184 	ld	h,-12 (ix)
   00CD 36 01         [10]  185 	ld	(hl), #0x01
                            186 ;src/entities/enemy.c:32: enemy->kind = kind;
   00CF DD 7E F9      [19]  187 	ld	a, -7 (ix)
   00D2 C6 09         [ 7]  188 	add	a, #0x09
   00D4 DD 77 F3      [19]  189 	ld	-13 (ix), a
   00D7 DD 7E FA      [19]  190 	ld	a, -6 (ix)
   00DA CE 00         [ 7]  191 	adc	a, #0x00
   00DC DD 77 F4      [19]  192 	ld	-12 (ix), a
   00DF DD 6E F3      [19]  193 	ld	l,-13 (ix)
   00E2 DD 66 F4      [19]  194 	ld	h,-12 (ix)
   00E5 DD 7E 08      [19]  195 	ld	a, 8 (ix)
   00E8 77            [ 7]  196 	ld	(hl), a
                            197 ;src/entities/enemy.c:35: enemy->w = 5;
   00E9 DD 7E F9      [19]  198 	ld	a, -7 (ix)
   00EC C6 04         [ 7]  199 	add	a, #0x04
   00EE DD 77 F3      [19]  200 	ld	-13 (ix), a
   00F1 DD 7E FA      [19]  201 	ld	a, -6 (ix)
   00F4 CE 00         [ 7]  202 	adc	a, #0x00
   00F6 DD 77 F4      [19]  203 	ld	-12 (ix), a
                            204 ;src/entities/enemy.c:36: enemy->h = 14;
   00F9 DD 7E F9      [19]  205 	ld	a, -7 (ix)
   00FC C6 05         [ 7]  206 	add	a, #0x05
   00FE DD 77 F1      [19]  207 	ld	-15 (ix), a
   0101 DD 7E FA      [19]  208 	ld	a, -6 (ix)
   0104 CE 00         [ 7]  209 	adc	a, #0x00
   0106 DD 77 F2      [19]  210 	ld	-14 (ix), a
                            211 ;src/entities/enemy.c:37: enemy->health = 2;
   0109 DD 7E F9      [19]  212 	ld	a, -7 (ix)
   010C C6 07         [ 7]  213 	add	a, #0x07
   010E DD 77 FE      [19]  214 	ld	-2 (ix), a
   0111 DD 7E FA      [19]  215 	ld	a, -6 (ix)
   0114 CE 00         [ 7]  216 	adc	a, #0x00
   0116 DD 77 FF      [19]  217 	ld	-1 (ix), a
                            218 ;src/entities/enemy.c:38: enemy->reward = 180;
   0119 DD 7E F9      [19]  219 	ld	a, -7 (ix)
   011C C6 08         [ 7]  220 	add	a, #0x08
   011E DD 77 F9      [19]  221 	ld	-7 (ix), a
   0121 DD 7E FA      [19]  222 	ld	a, -6 (ix)
   0124 CE 00         [ 7]  223 	adc	a, #0x00
   0126 DD 77 FA      [19]  224 	ld	-6 (ix), a
                            225 ;src/entities/enemy.c:34: if (kind == 1) {
   0129 DD 7E 08      [19]  226 	ld	a, 8 (ix)
   012C 3D            [ 4]  227 	dec	a
   012D 20 45         [12]  228 	jr	NZ,00110$
                            229 ;src/entities/enemy.c:35: enemy->w = 5;
   012F DD 6E F3      [19]  230 	ld	l,-13 (ix)
   0132 DD 66 F4      [19]  231 	ld	h,-12 (ix)
   0135 36 05         [10]  232 	ld	(hl), #0x05
                            233 ;src/entities/enemy.c:36: enemy->h = 14;
   0137 E1            [10]  234 	pop	hl
   0138 E5            [11]  235 	push	hl
   0139 36 0E         [10]  236 	ld	(hl), #0x0e
                            237 ;src/entities/enemy.c:37: enemy->health = 2;
   013B DD 6E FE      [19]  238 	ld	l,-2 (ix)
   013E DD 66 FF      [19]  239 	ld	h,-1 (ix)
   0141 36 02         [10]  240 	ld	(hl), #0x02
                            241 ;src/entities/enemy.c:38: enemy->reward = 180;
   0143 DD 6E F9      [19]  242 	ld	l,-7 (ix)
   0146 DD 66 FA      [19]  243 	ld	h,-6 (ix)
   0149 36 B4         [10]  244 	ld	(hl), #0xb4
                            245 ;src/entities/enemy.c:39: enemy->vx = move_right ? 2 : -2;
   014B DD 7E F7      [19]  246 	ld	a, -9 (ix)
   014E DD 77 FC      [19]  247 	ld	-4 (ix), a
   0151 DD 7E F8      [19]  248 	ld	a, -8 (ix)
   0154 DD 77 FD      [19]  249 	ld	-3 (ix), a
   0157 DD 7E 09      [19]  250 	ld	a, 9 (ix)
   015A B7            [ 4]  251 	or	a, a
   015B 28 06         [12]  252 	jr	Z,00116$
   015D DD 36 FB 02   [19]  253 	ld	-5 (ix), #0x02
   0161 18 04         [12]  254 	jr	00117$
   0163                     255 00116$:
   0163 DD 36 FB FE   [19]  256 	ld	-5 (ix), #0xfe
   0167                     257 00117$:
   0167 DD 6E FC      [19]  258 	ld	l,-4 (ix)
   016A DD 66 FD      [19]  259 	ld	h,-3 (ix)
   016D DD 7E FB      [19]  260 	ld	a, -5 (ix)
   0170 77            [ 7]  261 	ld	(hl), a
   0171 C3r08r02      [10]  262 	jp	00112$
   0174                     263 00110$:
                            264 ;src/entities/enemy.c:40: } else if (kind == 2) {
   0174 DD 7E 08      [19]  265 	ld	a, 8 (ix)
   0177 D6 02         [ 7]  266 	sub	a, #0x02
   0179 20 39         [12]  267 	jr	NZ,00107$
                            268 ;src/entities/enemy.c:41: enemy->w = 6;
   017B DD 6E F3      [19]  269 	ld	l,-13 (ix)
   017E DD 66 F4      [19]  270 	ld	h,-12 (ix)
   0181 36 06         [10]  271 	ld	(hl), #0x06
                            272 ;src/entities/enemy.c:42: enemy->h = 10;
   0183 E1            [10]  273 	pop	hl
   0184 E5            [11]  274 	push	hl
   0185 36 0A         [10]  275 	ld	(hl), #0x0a
                            276 ;src/entities/enemy.c:43: enemy->health = 1;
   0187 DD 6E FE      [19]  277 	ld	l,-2 (ix)
   018A DD 66 FF      [19]  278 	ld	h,-1 (ix)
   018D 36 01         [10]  279 	ld	(hl), #0x01
                            280 ;src/entities/enemy.c:44: enemy->reward = 150;
   018F DD 6E F9      [19]  281 	ld	l,-7 (ix)
   0192 DD 66 FA      [19]  282 	ld	h,-6 (ix)
   0195 36 96         [10]  283 	ld	(hl), #0x96
                            284 ;src/entities/enemy.c:45: enemy->vy = move_right ? 1 : -1;
   0197 DD 4E F5      [19]  285 	ld	c,-11 (ix)
   019A DD 46 F6      [19]  286 	ld	b,-10 (ix)
   019D DD 7E 09      [19]  287 	ld	a, 9 (ix)
   01A0 B7            [ 4]  288 	or	a, a
   01A1 28 04         [12]  289 	jr	Z,00118$
   01A3 3E 01         [ 7]  290 	ld	a, #0x01
   01A5 18 02         [12]  291 	jr	00119$
   01A7                     292 00118$:
   01A7 3E FF         [ 7]  293 	ld	a, #0xff
   01A9                     294 00119$:
   01A9 02            [ 7]  295 	ld	(bc), a
                            296 ;src/entities/enemy.c:46: enemy->vx = 1;
   01AA DD 6E F7      [19]  297 	ld	l,-9 (ix)
   01AD DD 66 F8      [19]  298 	ld	h,-8 (ix)
   01B0 36 01         [10]  299 	ld	(hl), #0x01
   01B2 18 54         [12]  300 	jr	00112$
   01B4                     301 00107$:
                            302 ;src/entities/enemy.c:47: } else if (kind == 3) {
   01B4 DD 7E 08      [19]  303 	ld	a, 8 (ix)
   01B7 D6 03         [ 7]  304 	sub	a, #0x03
   01B9 20 31         [12]  305 	jr	NZ,00104$
                            306 ;src/entities/enemy.c:48: enemy->w = 10;
   01BB DD 6E F3      [19]  307 	ld	l,-13 (ix)
   01BE DD 66 F4      [19]  308 	ld	h,-12 (ix)
   01C1 36 0A         [10]  309 	ld	(hl), #0x0a
                            310 ;src/entities/enemy.c:49: enemy->h = 18;
   01C3 E1            [10]  311 	pop	hl
   01C4 E5            [11]  312 	push	hl
   01C5 36 12         [10]  313 	ld	(hl), #0x12
                            314 ;src/entities/enemy.c:50: enemy->health = 8;
   01C7 DD 6E FE      [19]  315 	ld	l,-2 (ix)
   01CA DD 66 FF      [19]  316 	ld	h,-1 (ix)
   01CD 36 08         [10]  317 	ld	(hl), #0x08
                            318 ;src/entities/enemy.c:51: enemy->reward = 800;
   01CF DD 6E F9      [19]  319 	ld	l,-7 (ix)
   01D2 DD 66 FA      [19]  320 	ld	h,-6 (ix)
   01D5 36 20         [10]  321 	ld	(hl), #0x20
                            322 ;src/entities/enemy.c:52: enemy->vx = move_right ? 1 : -1;
   01D7 DD 4E F7      [19]  323 	ld	c,-9 (ix)
   01DA DD 46 F8      [19]  324 	ld	b,-8 (ix)
   01DD DD 7E 09      [19]  325 	ld	a, 9 (ix)
   01E0 B7            [ 4]  326 	or	a, a
   01E1 28 04         [12]  327 	jr	Z,00120$
   01E3 3E 01         [ 7]  328 	ld	a, #0x01
   01E5 18 02         [12]  329 	jr	00121$
   01E7                     330 00120$:
   01E7 3E FF         [ 7]  331 	ld	a, #0xff
   01E9                     332 00121$:
   01E9 02            [ 7]  333 	ld	(bc), a
   01EA 18 1C         [12]  334 	jr	00112$
   01EC                     335 00104$:
                            336 ;src/entities/enemy.c:54: enemy->w = 4;
   01EC DD 6E F3      [19]  337 	ld	l,-13 (ix)
   01EF DD 66 F4      [19]  338 	ld	h,-12 (ix)
   01F2 36 04         [10]  339 	ld	(hl), #0x04
                            340 ;src/entities/enemy.c:55: enemy->h = 16;
   01F4 E1            [10]  341 	pop	hl
   01F5 E5            [11]  342 	push	hl
   01F6 36 10         [10]  343 	ld	(hl), #0x10
                            344 ;src/entities/enemy.c:56: enemy->health = 1;
   01F8 DD 6E FE      [19]  345 	ld	l,-2 (ix)
   01FB DD 66 FF      [19]  346 	ld	h,-1 (ix)
   01FE 36 01         [10]  347 	ld	(hl), #0x01
                            348 ;src/entities/enemy.c:57: enemy->reward = 100;
   0200 DD 6E F9      [19]  349 	ld	l,-7 (ix)
   0203 DD 66 FA      [19]  350 	ld	h,-6 (ix)
   0206 36 64         [10]  351 	ld	(hl), #0x64
   0208                     352 00112$:
   0208 DD F9         [10]  353 	ld	sp, ix
   020A DD E1         [14]  354 	pop	ix
   020C C9            [10]  355 	ret
                            356 ;src/entities/enemy.c:61: void enemyupdate(Enemy* enemy) {
                            357 ;	---------------------------------
                            358 ; Function enemyupdate
                            359 ; ---------------------------------
   020D                     360 _enemyupdate::
   020D DD E5         [15]  361 	push	ix
   020F DD 21 00 00   [14]  362 	ld	ix,#0
   0213 DD 39         [15]  363 	add	ix,sp
   0215 21 F6 FF      [10]  364 	ld	hl, #-10
   0218 39            [11]  365 	add	hl, sp
   0219 F9            [ 6]  366 	ld	sp, hl
                            367 ;src/entities/enemy.c:65: if (!enemy || !enemy->active) {
   021A DD 7E 05      [19]  368 	ld	a, 5 (ix)
   021D DD B6 04      [19]  369 	or	a,4 (ix)
   0220 CAr14r04      [10]  370 	jp	Z,00121$
   0223 DD 7E 04      [19]  371 	ld	a, 4 (ix)
   0226 DD 77 FE      [19]  372 	ld	-2 (ix), a
   0229 DD 7E 05      [19]  373 	ld	a, 5 (ix)
   022C DD 77 FF      [19]  374 	ld	-1 (ix), a
   022F DD 6E FE      [19]  375 	ld	l,-2 (ix)
   0232 DD 66 FF      [19]  376 	ld	h,-1 (ix)
   0235 11 06 00      [10]  377 	ld	de, #0x0006
   0238 19            [11]  378 	add	hl, de
   0239 7E            [ 7]  379 	ld	a, (hl)
   023A B7            [ 4]  380 	or	a, a
                            381 ;src/entities/enemy.c:66: return;
   023B CAr14r04      [10]  382 	jp	Z,00121$
                            383 ;src/entities/enemy.c:69: if (enemy->kind == 2) {
   023E DD 6E FE      [19]  384 	ld	l,-2 (ix)
   0241 DD 66 FF      [19]  385 	ld	h,-1 (ix)
   0244 11 09 00      [10]  386 	ld	de, #0x0009
   0247 19            [11]  387 	add	hl, de
   0248 7E            [ 7]  388 	ld	a, (hl)
   0249 DD 77 FD      [19]  389 	ld	-3 (ix), a
                            390 ;src/entities/enemy.c:70: nextx = (i16)enemy->x + (i16)enemy->vx;
   024C DD 6E FE      [19]  391 	ld	l,-2 (ix)
   024F DD 66 FF      [19]  392 	ld	h,-1 (ix)
   0252 4E            [ 7]  393 	ld	c, (hl)
   0253 DD 7E FE      [19]  394 	ld	a, -2 (ix)
   0256 C6 02         [ 7]  395 	add	a, #0x02
   0258 DD 77 FB      [19]  396 	ld	-5 (ix), a
   025B DD 7E FF      [19]  397 	ld	a, -1 (ix)
   025E CE 00         [ 7]  398 	adc	a, #0x00
   0260 DD 77 FC      [19]  399 	ld	-4 (ix), a
                            400 ;src/entities/enemy.c:71: nexty = (i16)enemy->y + (i16)enemy->vy;
   0263 DD 7E FE      [19]  401 	ld	a, -2 (ix)
   0266 C6 01         [ 7]  402 	add	a, #0x01
   0268 DD 77 F9      [19]  403 	ld	-7 (ix), a
   026B DD 7E FF      [19]  404 	ld	a, -1 (ix)
   026E CE 00         [ 7]  405 	adc	a, #0x00
   0270 DD 77 FA      [19]  406 	ld	-6 (ix), a
   0273 DD 5E FE      [19]  407 	ld	e,-2 (ix)
   0276 DD 56 FF      [19]  408 	ld	d,-1 (ix)
   0279 13            [ 6]  409 	inc	de
   027A 13            [ 6]  410 	inc	de
   027B 13            [ 6]  411 	inc	de
                            412 ;src/entities/enemy.c:70: nextx = (i16)enemy->x + (i16)enemy->vx;
   027C 06 00         [ 7]  413 	ld	b, #0x00
   027E DD 6E FB      [19]  414 	ld	l,-5 (ix)
   0281 DD 66 FC      [19]  415 	ld	h,-4 (ix)
   0284 7E            [ 7]  416 	ld	a, (hl)
   0285 DD 77 F8      [19]  417 	ld	-8 (ix), a
   0288 6F            [ 4]  418 	ld	l, a
   0289 DD 7E F8      [19]  419 	ld	a, -8 (ix)
   028C 17            [ 4]  420 	rla
   028D 9F            [ 4]  421 	sbc	a, a
   028E 67            [ 4]  422 	ld	h, a
   028F 09            [11]  423 	add	hl,bc
   0290 4D            [ 4]  424 	ld	c, l
   0291 44            [ 4]  425 	ld	b, h
                            426 ;src/entities/enemy.c:69: if (enemy->kind == 2) {
   0292 DD 7E FD      [19]  427 	ld	a, -3 (ix)
   0295 D6 02         [ 7]  428 	sub	a, #0x02
   0297 C2r40r03      [10]  429 	jp	NZ,00111$
                            430 ;src/entities/enemy.c:70: nextx = (i16)enemy->x + (i16)enemy->vx;
                            431 ;src/entities/enemy.c:71: nexty = (i16)enemy->y + (i16)enemy->vy;
   029A DD 6E F9      [19]  432 	ld	l,-7 (ix)
   029D DD 66 FA      [19]  433 	ld	h,-6 (ix)
   02A0 6E            [ 7]  434 	ld	l, (hl)
   02A1 DD 75 F6      [19]  435 	ld	-10 (ix), l
   02A4 DD 36 F7 00   [19]  436 	ld	-9 (ix), #0x00
   02A8 1A            [ 7]  437 	ld	a, (de)
   02A9 6F            [ 4]  438 	ld	l, a
   02AA 17            [ 4]  439 	rla
   02AB 9F            [ 4]  440 	sbc	a, a
   02AC 67            [ 4]  441 	ld	h, a
   02AD DD 7E F6      [19]  442 	ld	a, -10 (ix)
   02B0 85            [ 4]  443 	add	a, l
   02B1 DD 77 F6      [19]  444 	ld	-10 (ix), a
   02B4 DD 7E F7      [19]  445 	ld	a, -9 (ix)
   02B7 8C            [ 4]  446 	adc	a, h
   02B8 DD 77 F7      [19]  447 	ld	-9 (ix), a
                            448 ;src/entities/enemy.c:73: if (nextx < 8 || nextx > 72) {
   02BB 79            [ 4]  449 	ld	a, c
   02BC D6 08         [ 7]  450 	sub	a, #0x08
   02BE 78            [ 4]  451 	ld	a, b
   02BF 17            [ 4]  452 	rla
   02C0 3F            [ 4]  453 	ccf
   02C1 1F            [ 4]  454 	rra
   02C2 DE 80         [ 7]  455 	sbc	a, #0x80
   02C4 38 0E         [12]  456 	jr	C,00104$
   02C6 3E 48         [ 7]  457 	ld	a, #0x48
   02C8 B9            [ 4]  458 	cp	a, c
   02C9 3E 00         [ 7]  459 	ld	a, #0x00
   02CB 98            [ 4]  460 	sbc	a, b
   02CC E2rD1r02      [10]  461 	jp	PO, 00161$
   02CF EE 80         [ 7]  462 	xor	a, #0x80
   02D1                     463 00161$:
   02D1 F2rEFr02      [10]  464 	jp	P, 00105$
   02D4                     465 00104$:
                            466 ;src/entities/enemy.c:74: enemy->vx = (i8)(-enemy->vx);
   02D4 AF            [ 4]  467 	xor	a, a
   02D5 DD 96 F8      [19]  468 	sub	a, -8 (ix)
   02D8 4F            [ 4]  469 	ld	c, a
   02D9 DD 6E FB      [19]  470 	ld	l,-5 (ix)
   02DC DD 66 FC      [19]  471 	ld	h,-4 (ix)
   02DF 71            [ 7]  472 	ld	(hl), c
                            473 ;src/entities/enemy.c:75: nextx = (i16)enemy->x + (i16)enemy->vx;
   02E0 DD 6E FE      [19]  474 	ld	l,-2 (ix)
   02E3 DD 66 FF      [19]  475 	ld	h,-1 (ix)
   02E6 6E            [ 7]  476 	ld	l, (hl)
   02E7 26 00         [ 7]  477 	ld	h, #0x00
   02E9 79            [ 4]  478 	ld	a, c
   02EA 17            [ 4]  479 	rla
   02EB 9F            [ 4]  480 	sbc	a, a
   02EC 47            [ 4]  481 	ld	b, a
   02ED 09            [11]  482 	add	hl,bc
   02EE 4D            [ 4]  483 	ld	c, l
   02EF                     484 00105$:
                            485 ;src/entities/enemy.c:77: if (nexty < 56 || nexty > 120) {
   02EF DD 7E F6      [19]  486 	ld	a, -10 (ix)
   02F2 D6 38         [ 7]  487 	sub	a, #0x38
   02F4 DD 7E F7      [19]  488 	ld	a, -9 (ix)
   02F7 17            [ 4]  489 	rla
   02F8 3F            [ 4]  490 	ccf
   02F9 1F            [ 4]  491 	rra
   02FA DE 80         [ 7]  492 	sbc	a, #0x80
   02FC 38 12         [12]  493 	jr	C,00107$
   02FE 3E 78         [ 7]  494 	ld	a, #0x78
   0300 DD BE F6      [19]  495 	cp	a, -10 (ix)
   0303 3E 00         [ 7]  496 	ld	a, #0x00
   0305 DD 9E F7      [19]  497 	sbc	a, -9 (ix)
   0308 E2r0Dr03      [10]  498 	jp	PO, 00162$
   030B EE 80         [ 7]  499 	xor	a, #0x80
   030D                     500 00162$:
   030D F2r2Cr03      [10]  501 	jp	P, 00108$
   0310                     502 00107$:
                            503 ;src/entities/enemy.c:78: enemy->vy = (i8)(-enemy->vy);
   0310 1A            [ 7]  504 	ld	a, (de)
   0311 6F            [ 4]  505 	ld	l, a
   0312 AF            [ 4]  506 	xor	a, a
   0313 95            [ 4]  507 	sub	a, l
   0314 DD 77 F8      [19]  508 	ld	-8 (ix), a
   0317 12            [ 7]  509 	ld	(de),a
                            510 ;src/entities/enemy.c:79: nexty = (i16)enemy->y + (i16)enemy->vy;
   0318 DD 6E F9      [19]  511 	ld	l,-7 (ix)
   031B DD 66 FA      [19]  512 	ld	h,-6 (ix)
   031E 5E            [ 7]  513 	ld	e, (hl)
   031F 16 00         [ 7]  514 	ld	d, #0x00
   0321 DD 6E F8      [19]  515 	ld	l, -8 (ix)
   0324 DD 7E F8      [19]  516 	ld	a, -8 (ix)
   0327 17            [ 4]  517 	rla
   0328 9F            [ 4]  518 	sbc	a, a
   0329 67            [ 4]  519 	ld	h, a
   032A 19            [11]  520 	add	hl,de
   032B E3            [19]  521 	ex	(sp), hl
   032C                     522 00108$:
                            523 ;src/entities/enemy.c:82: enemy->x = (u8)nextx;
   032C DD 6E FE      [19]  524 	ld	l,-2 (ix)
   032F DD 66 FF      [19]  525 	ld	h,-1 (ix)
   0332 71            [ 7]  526 	ld	(hl), c
                            527 ;src/entities/enemy.c:83: enemy->y = (u8)nexty;
   0333 DD 4E F6      [19]  528 	ld	c, -10 (ix)
   0336 DD 6E F9      [19]  529 	ld	l,-7 (ix)
   0339 DD 66 FA      [19]  530 	ld	h,-6 (ix)
   033C 71            [ 7]  531 	ld	(hl), c
                            532 ;src/entities/enemy.c:84: return;
   033D C3r14r04      [10]  533 	jp	00121$
   0340                     534 00111$:
                            535 ;src/entities/enemy.c:87: nextx = (i16)enemy->x + (i16)enemy->vx;
                            536 ;src/entities/enemy.c:88: if (nextx < 2) {
   0340 79            [ 4]  537 	ld	a, c
   0341 D6 02         [ 7]  538 	sub	a, #0x02
   0343 78            [ 4]  539 	ld	a, b
   0344 17            [ 4]  540 	rla
   0345 3F            [ 4]  541 	ccf
   0346 1F            [ 4]  542 	rra
   0347 DE 80         [ 7]  543 	sbc	a, #0x80
   0349 30 0B         [12]  544 	jr	NC,00113$
                            545 ;src/entities/enemy.c:89: nextx = 2;
   034B 01 02 00      [10]  546 	ld	bc, #0x0002
                            547 ;src/entities/enemy.c:90: enemy->vx = 1;
   034E DD 6E FB      [19]  548 	ld	l,-5 (ix)
   0351 DD 66 FC      [19]  549 	ld	h,-4 (ix)
   0354 36 01         [10]  550 	ld	(hl), #0x01
   0356                     551 00113$:
                            552 ;src/entities/enemy.c:93: i16 maxx = (i16)(80 - (i16)enemy->w);
   0356 DD 6E FE      [19]  553 	ld	l,-2 (ix)
   0359 DD 66 FF      [19]  554 	ld	h,-1 (ix)
   035C 23            [ 6]  555 	inc	hl
   035D 23            [ 6]  556 	inc	hl
   035E 23            [ 6]  557 	inc	hl
   035F 23            [ 6]  558 	inc	hl
   0360 6E            [ 7]  559 	ld	l, (hl)
   0361 26 00         [ 7]  560 	ld	h, #0x00
   0363 3E 50         [ 7]  561 	ld	a, #0x50
   0365 95            [ 4]  562 	sub	a, l
   0366 6F            [ 4]  563 	ld	l, a
   0367 3E 00         [ 7]  564 	ld	a, #0x00
   0369 9C            [ 4]  565 	sbc	a, h
   036A 67            [ 4]  566 	ld	h, a
                            567 ;src/entities/enemy.c:94: if (nextx > maxx) {
   036B 7D            [ 4]  568 	ld	a, l
   036C 91            [ 4]  569 	sub	a, c
   036D 7C            [ 4]  570 	ld	a, h
   036E 98            [ 4]  571 	sbc	a, b
   036F E2r74r03      [10]  572 	jp	PO, 00163$
   0372 EE 80         [ 7]  573 	xor	a, #0x80
   0374                     574 00163$:
   0374 F2r80r03      [10]  575 	jp	P, 00115$
                            576 ;src/entities/enemy.c:95: nextx = maxx;
   0377 4D            [ 4]  577 	ld	c, l
                            578 ;src/entities/enemy.c:96: enemy->vx = -1;
   0378 DD 6E FB      [19]  579 	ld	l,-5 (ix)
   037B DD 66 FC      [19]  580 	ld	h,-4 (ix)
   037E 36 FF         [10]  581 	ld	(hl), #0xff
   0380                     582 00115$:
                            583 ;src/entities/enemy.c:99: enemy->x = (u8)nextx;
   0380 DD 6E FE      [19]  584 	ld	l,-2 (ix)
   0383 DD 66 FF      [19]  585 	ld	h,-1 (ix)
   0386 71            [ 7]  586 	ld	(hl), c
                            587 ;src/entities/enemy.c:101: enemy->vy = (i8)(enemy->vy + 1);
   0387 1A            [ 7]  588 	ld	a, (de)
   0388 4F            [ 4]  589 	ld	c, a
   0389 0C            [ 4]  590 	inc	c
   038A 79            [ 4]  591 	ld	a, c
   038B 12            [ 7]  592 	ld	(de), a
                            593 ;src/entities/enemy.c:102: if (enemy->vy > 3) enemy->vy = 3;
   038C 3E 03         [ 7]  594 	ld	a, #0x03
   038E 91            [ 4]  595 	sub	a, c
   038F E2r94r03      [10]  596 	jp	PO, 00164$
   0392 EE 80         [ 7]  597 	xor	a, #0x80
   0394                     598 00164$:
   0394 F2r9Ar03      [10]  599 	jp	P, 00117$
   0397 3E 03         [ 7]  600 	ld	a, #0x03
   0399 12            [ 7]  601 	ld	(de), a
   039A                     602 00117$:
                            603 ;src/entities/enemy.c:103: nexty = (i16)enemy->y + (i16)enemy->vy;
   039A DD 6E F9      [19]  604 	ld	l,-7 (ix)
   039D DD 66 FA      [19]  605 	ld	h,-6 (ix)
   03A0 4E            [ 7]  606 	ld	c, (hl)
   03A1 06 00         [ 7]  607 	ld	b, #0x00
   03A3 1A            [ 7]  608 	ld	a, (de)
   03A4 6F            [ 4]  609 	ld	l, a
   03A5 17            [ 4]  610 	rla
   03A6 9F            [ 4]  611 	sbc	a, a
   03A7 67            [ 4]  612 	ld	h, a
   03A8 09            [11]  613 	add	hl, bc
   03A9 E5            [11]  614 	push	hl
   03AA FD E1         [14]  615 	pop	iy
                            616 ;src/entities/enemy.c:104: nexty = collision_clamp_y_at((i16)enemy->x, nexty, enemy->h);
   03AC DD 7E FE      [19]  617 	ld	a, -2 (ix)
   03AF C6 05         [ 7]  618 	add	a, #0x05
   03B1 DD 77 F6      [19]  619 	ld	-10 (ix), a
   03B4 DD 7E FF      [19]  620 	ld	a, -1 (ix)
   03B7 CE 00         [ 7]  621 	adc	a, #0x00
   03B9 DD 77 F7      [19]  622 	ld	-9 (ix), a
   03BC E1            [10]  623 	pop	hl
   03BD E5            [11]  624 	push	hl
   03BE 7E            [ 7]  625 	ld	a, (hl)
   03BF DD 6E FE      [19]  626 	ld	l,-2 (ix)
   03C2 DD 66 FF      [19]  627 	ld	h,-1 (ix)
   03C5 4E            [ 7]  628 	ld	c, (hl)
   03C6 06 00         [ 7]  629 	ld	b, #0x00
   03C8 D5            [11]  630 	push	de
   03C9 F5            [11]  631 	push	af
   03CA 33            [ 6]  632 	inc	sp
   03CB FD E5         [15]  633 	push	iy
   03CD C5            [11]  634 	push	bc
   03CE CDr00r00      [17]  635 	call	_collision_clamp_y_at
   03D1 F1            [10]  636 	pop	af
   03D2 F1            [10]  637 	pop	af
   03D3 33            [ 6]  638 	inc	sp
   03D4 4D            [ 4]  639 	ld	c, l
   03D5 D1            [10]  640 	pop	de
                            641 ;src/entities/enemy.c:105: enemy->y = (u8)nexty;
   03D6 DD 6E F9      [19]  642 	ld	l,-7 (ix)
   03D9 DD 66 FA      [19]  643 	ld	h,-6 (ix)
   03DC 71            [ 7]  644 	ld	(hl), c
                            645 ;src/entities/enemy.c:106: if (collision_is_on_ground_at((i16)enemy->x, (i16)enemy->y, enemy->h) && enemy->vy > 0) {
   03DD E1            [10]  646 	pop	hl
   03DE E5            [11]  647 	push	hl
   03DF 7E            [ 7]  648 	ld	a, (hl)
   03E0 06 00         [ 7]  649 	ld	b, #0x00
   03E2 DD 6E FE      [19]  650 	ld	l,-2 (ix)
   03E5 DD 66 FF      [19]  651 	ld	h,-1 (ix)
   03E8 6E            [ 7]  652 	ld	l, (hl)
   03E9 DD 75 F6      [19]  653 	ld	-10 (ix), l
   03EC DD 36 F7 00   [19]  654 	ld	-9 (ix), #0x00
   03F0 D5            [11]  655 	push	de
   03F1 F5            [11]  656 	push	af
   03F2 33            [ 6]  657 	inc	sp
   03F3 C5            [11]  658 	push	bc
   03F4 DD 6E F6      [19]  659 	ld	l,-10 (ix)
   03F7 DD 66 F7      [19]  660 	ld	h,-9 (ix)
   03FA E5            [11]  661 	push	hl
   03FB CDr00r00      [17]  662 	call	_collision_is_on_ground_at
   03FE F1            [10]  663 	pop	af
   03FF F1            [10]  664 	pop	af
   0400 33            [ 6]  665 	inc	sp
   0401 D1            [10]  666 	pop	de
   0402 7D            [ 4]  667 	ld	a, l
   0403 B7            [ 4]  668 	or	a, a
   0404 28 0E         [12]  669 	jr	Z,00121$
   0406 1A            [ 7]  670 	ld	a, (de)
   0407 4F            [ 4]  671 	ld	c, a
   0408 AF            [ 4]  672 	xor	a, a
   0409 91            [ 4]  673 	sub	a, c
   040A E2r0Fr04      [10]  674 	jp	PO, 00165$
   040D EE 80         [ 7]  675 	xor	a, #0x80
   040F                     676 00165$:
   040F F2r14r04      [10]  677 	jp	P, 00121$
                            678 ;src/entities/enemy.c:107: enemy->vy = 0;
   0412 AF            [ 4]  679 	xor	a, a
   0413 12            [ 7]  680 	ld	(de), a
   0414                     681 00121$:
   0414 DD F9         [10]  682 	ld	sp, ix
   0416 DD E1         [14]  683 	pop	ix
   0418 C9            [10]  684 	ret
                            685 ;src/entities/enemy.c:111: void enemyrender(const Enemy* enemy) {
                            686 ;	---------------------------------
                            687 ; Function enemyrender
                            688 ; ---------------------------------
   0419                     689 _enemyrender::
   0419 DD E5         [15]  690 	push	ix
   041B DD 21 00 00   [14]  691 	ld	ix,#0
   041F DD 39         [15]  692 	add	ix,sp
   0421 3B            [ 6]  693 	dec	sp
                            694 ;src/entities/enemy.c:115: if (!enemy || !enemy->active) {
   0422 DD 7E 05      [19]  695 	ld	a, 5 (ix)
   0425 DD B6 04      [19]  696 	or	a,4 (ix)
   0428 28 65         [12]  697 	jr	Z,00113$
   042A DD 4E 04      [19]  698 	ld	c,4 (ix)
   042D DD 46 05      [19]  699 	ld	b,5 (ix)
   0430 C5            [11]  700 	push	bc
   0431 FD E1         [14]  701 	pop	iy
   0433 FD 7E 06      [19]  702 	ld	a, 6 (iy)
   0436 B7            [ 4]  703 	or	a, a
                            704 ;src/entities/enemy.c:116: return;
   0437 28 56         [12]  705 	jr	Z,00113$
                            706 ;src/entities/enemy.c:119: if (enemy->kind == 3) colour = 0x4C;
   0439 C5            [11]  707 	push	bc
   043A FD E1         [14]  708 	pop	iy
   043C FD 7E 09      [19]  709 	ld	a, 9 (iy)
   043F FE 03         [ 7]  710 	cp	a, #0x03
   0441 20 04         [12]  711 	jr	NZ,00111$
   0443 1E 4C         [ 7]  712 	ld	e, #0x4c
   0445 18 11         [12]  713 	jr	00112$
   0447                     714 00111$:
                            715 ;src/entities/enemy.c:120: else if (enemy->kind == 2) colour = 0x5A;
   0447 FE 02         [ 7]  716 	cp	a, #0x02
   0449 20 04         [12]  717 	jr	NZ,00108$
   044B 1E 5A         [ 7]  718 	ld	e, #0x5a
   044D 18 09         [12]  719 	jr	00112$
   044F                     720 00108$:
                            721 ;src/entities/enemy.c:121: else if (enemy->kind == 1) colour = 0x4E;
   044F 3D            [ 4]  722 	dec	a
   0450 20 04         [12]  723 	jr	NZ,00105$
   0452 1E 4E         [ 7]  724 	ld	e, #0x4e
   0454 18 02         [12]  725 	jr	00112$
   0456                     726 00105$:
                            727 ;src/entities/enemy.c:122: else colour = 0x5C;
   0456 1E 5C         [ 7]  728 	ld	e, #0x5c
   0458                     729 00112$:
                            730 ;src/entities/enemy.c:124: pvmem = cpct_getScreenPtr(CPCT_VMEM_START, enemy->x, enemy->y);
   0458 69            [ 4]  731 	ld	l, c
   0459 60            [ 4]  732 	ld	h, b
   045A 23            [ 6]  733 	inc	hl
   045B 56            [ 7]  734 	ld	d, (hl)
   045C 0A            [ 7]  735 	ld	a, (bc)
   045D C5            [11]  736 	push	bc
   045E D5            [11]  737 	push	de
   045F 5F            [ 4]  738 	ld	e, a
   0460 D5            [11]  739 	push	de
   0461 21 00 C0      [10]  740 	ld	hl, #0xc000
   0464 E5            [11]  741 	push	hl
   0465 CDr00r00      [17]  742 	call	_cpct_getScreenPtr
   0468 D1            [10]  743 	pop	de
   0469 C1            [10]  744 	pop	bc
   046A E5            [11]  745 	push	hl
   046B FD E1         [14]  746 	pop	iy
                            747 ;src/entities/enemy.c:125: cpct_drawSolidBox(pvmem, colour, enemy->w, enemy->h);
   046D 69            [ 4]  748 	ld	l, c
   046E 60            [ 4]  749 	ld	h, b
   046F 23            [ 6]  750 	inc	hl
   0470 23            [ 6]  751 	inc	hl
   0471 23            [ 6]  752 	inc	hl
   0472 23            [ 6]  753 	inc	hl
   0473 23            [ 6]  754 	inc	hl
   0474 7E            [ 7]  755 	ld	a, (hl)
   0475 DD 77 FF      [19]  756 	ld	-1 (ix), a
   0478 69            [ 4]  757 	ld	l, c
   0479 60            [ 4]  758 	ld	h, b
   047A 01 04 00      [10]  759 	ld	bc, #0x0004
   047D 09            [11]  760 	add	hl, bc
   047E 56            [ 7]  761 	ld	d, (hl)
   047F FD E5         [15]  762 	push	iy
   0481 C1            [10]  763 	pop	bc
   0482 DD 7E FF      [19]  764 	ld	a, -1 (ix)
   0485 F5            [11]  765 	push	af
   0486 33            [ 6]  766 	inc	sp
   0487 D5            [11]  767 	push	de
   0488 C5            [11]  768 	push	bc
   0489 CDr00r00      [17]  769 	call	_cpct_drawSolidBox
   048C F1            [10]  770 	pop	af
   048D F1            [10]  771 	pop	af
   048E 33            [ 6]  772 	inc	sp
   048F                     773 00113$:
   048F 33            [ 6]  774 	inc	sp
   0490 DD E1         [14]  775 	pop	ix
   0492 C9            [10]  776 	ret
                            777 ;src/entities/enemy.c:128: u8 enemydamage(Enemy* enemy, u8 damage) {
                            778 ;	---------------------------------
                            779 ; Function enemydamage
                            780 ; ---------------------------------
   0493                     781 _enemydamage::
   0493 DD E5         [15]  782 	push	ix
   0495 DD 21 00 00   [14]  783 	ld	ix,#0
   0499 DD 39         [15]  784 	add	ix,sp
                            785 ;src/entities/enemy.c:129: if (!enemy || !enemy->active) {
   049B DD 7E 05      [19]  786 	ld	a, 5 (ix)
   049E DD B6 04      [19]  787 	or	a,4 (ix)
   04A1 28 0F         [12]  788 	jr	Z,00101$
   04A3 DD 4E 04      [19]  789 	ld	c,4 (ix)
   04A6 DD 46 05      [19]  790 	ld	b,5 (ix)
   04A9 21 06 00      [10]  791 	ld	hl, #0x0006
   04AC 09            [11]  792 	add	hl,bc
   04AD EB            [ 4]  793 	ex	de,hl
   04AE 1A            [ 7]  794 	ld	a, (de)
   04AF B7            [ 4]  795 	or	a, a
   04B0 20 04         [12]  796 	jr	NZ,00102$
   04B2                     797 00101$:
                            798 ;src/entities/enemy.c:130: return 0;
   04B2 2E 00         [ 7]  799 	ld	l, #0x00
   04B4 18 1A         [12]  800 	jr	00106$
   04B6                     801 00102$:
                            802 ;src/entities/enemy.c:133: if (damage >= enemy->health) {
   04B6 21 07 00      [10]  803 	ld	hl, #0x0007
   04B9 09            [11]  804 	add	hl, bc
   04BA 4E            [ 7]  805 	ld	c, (hl)
   04BB DD 7E 06      [19]  806 	ld	a, 6 (ix)
   04BE 91            [ 4]  807 	sub	a, c
   04BF 38 08         [12]  808 	jr	C,00105$
                            809 ;src/entities/enemy.c:134: enemy->health = 0;
   04C1 36 00         [10]  810 	ld	(hl), #0x00
                            811 ;src/entities/enemy.c:135: enemy->active = 0;
   04C3 AF            [ 4]  812 	xor	a, a
   04C4 12            [ 7]  813 	ld	(de), a
                            814 ;src/entities/enemy.c:136: return 1;
   04C5 2E 01         [ 7]  815 	ld	l, #0x01
   04C7 18 07         [12]  816 	jr	00106$
   04C9                     817 00105$:
                            818 ;src/entities/enemy.c:139: enemy->health = (u8)(enemy->health - damage);
   04C9 79            [ 4]  819 	ld	a, c
   04CA DD 96 06      [19]  820 	sub	a, 6 (ix)
   04CD 77            [ 7]  821 	ld	(hl), a
                            822 ;src/entities/enemy.c:140: return 0;
   04CE 2E 00         [ 7]  823 	ld	l, #0x00
   04D0                     824 00106$:
   04D0 DD E1         [14]  825 	pop	ix
   04D2 C9            [10]  826 	ret
                            827 	.area _CODE
                            828 	.area _INITIALIZER
                            829 	.area _CABS (ABS)
