                              1 ;--------------------------------------------------------
                              2 ; File Created by SDCC : free open source ANSI-C Compiler
                              3 ; Version 3.6.8 #9946 (Mac OS X ppc)
                              4 ;--------------------------------------------------------
                              5 	.module projectile
                              6 	.optsdcc -mz80
                              7 	
                              8 ;--------------------------------------------------------
                              9 ; Public variables in this module
                             10 ;--------------------------------------------------------
                             11 	.globl _cpct_getScreenPtr
                             12 	.globl _cpct_drawSolidBox
                             13 	.globl _projectileinit
                             14 	.globl _projectilefire
                             15 	.globl _projectileupdate
                             16 	.globl _projectilerender
                             17 ;--------------------------------------------------------
                             18 ; special function registers
                             19 ;--------------------------------------------------------
                             20 ;--------------------------------------------------------
                             21 ; ram data
                             22 ;--------------------------------------------------------
                             23 	.area _DATA
                             24 ;--------------------------------------------------------
                             25 ; ram data
                             26 ;--------------------------------------------------------
                             27 	.area _INITIALIZED
                             28 ;--------------------------------------------------------
                             29 ; absolute external ram data
                             30 ;--------------------------------------------------------
                             31 	.area _DABS (ABS)
                             32 ;--------------------------------------------------------
                             33 ; global & static initialisations
                             34 ;--------------------------------------------------------
                             35 	.area _HOME
                             36 	.area _GSINIT
                             37 	.area _GSFINAL
                             38 	.area _GSINIT
                             39 ;--------------------------------------------------------
                             40 ; Home
                             41 ;--------------------------------------------------------
                             42 	.area _HOME
                             43 	.area _HOME
                             44 ;--------------------------------------------------------
                             45 ; code
                             46 ;--------------------------------------------------------
                             47 	.area _CODE
                             48 ;src/entities/projectile.c:4: void projectileinit(Projectile* projectile) {
                             49 ;	---------------------------------
                             50 ; Function projectileinit
                             51 ; ---------------------------------
   0000                      52 _projectileinit::
                             53 ;src/entities/projectile.c:5: if (!projectile) {
   0000 21 03 00      [10]   54 	ld	hl, #2+1
   0003 39            [11]   55 	add	hl, sp
   0004 7E            [ 7]   56 	ld	a, (hl)
   0005 2B            [ 6]   57 	dec	hl
   0006 B6            [ 7]   58 	or	a,(hl)
                             59 ;src/entities/projectile.c:6: return;
   0007 C8            [11]   60 	ret	Z
                             61 ;src/entities/projectile.c:9: projectile->x = 0;
   0008 D1            [10]   62 	pop	de
   0009 C1            [10]   63 	pop	bc
   000A C5            [11]   64 	push	bc
   000B D5            [11]   65 	push	de
   000C AF            [ 4]   66 	xor	a, a
   000D 02            [ 7]   67 	ld	(bc), a
                             68 ;src/entities/projectile.c:10: projectile->y = 0;
   000E 59            [ 4]   69 	ld	e, c
   000F 50            [ 4]   70 	ld	d, b
   0010 13            [ 6]   71 	inc	de
   0011 AF            [ 4]   72 	xor	a, a
   0012 12            [ 7]   73 	ld	(de), a
                             74 ;src/entities/projectile.c:11: projectile->vx = 0;
   0013 59            [ 4]   75 	ld	e, c
   0014 50            [ 4]   76 	ld	d, b
   0015 13            [ 6]   77 	inc	de
   0016 13            [ 6]   78 	inc	de
   0017 AF            [ 4]   79 	xor	a, a
   0018 12            [ 7]   80 	ld	(de), a
                             81 ;src/entities/projectile.c:12: projectile->vy = 0;
   0019 59            [ 4]   82 	ld	e, c
   001A 50            [ 4]   83 	ld	d, b
   001B 13            [ 6]   84 	inc	de
   001C 13            [ 6]   85 	inc	de
   001D 13            [ 6]   86 	inc	de
   001E AF            [ 4]   87 	xor	a, a
   001F 12            [ 7]   88 	ld	(de), a
                             89 ;src/entities/projectile.c:13: projectile->w = 2;
   0020 21 04 00      [10]   90 	ld	hl, #0x0004
   0023 09            [11]   91 	add	hl, bc
   0024 36 02         [10]   92 	ld	(hl), #0x02
                             93 ;src/entities/projectile.c:14: projectile->h = 2;
   0026 21 05 00      [10]   94 	ld	hl, #0x0005
   0029 09            [11]   95 	add	hl, bc
   002A 36 02         [10]   96 	ld	(hl), #0x02
                             97 ;src/entities/projectile.c:15: projectile->active = 0;
   002C 21 06 00      [10]   98 	ld	hl, #0x0006
   002F 09            [11]   99 	add	hl, bc
   0030 36 00         [10]  100 	ld	(hl), #0x00
                            101 ;src/entities/projectile.c:16: projectile->damage = 1;
   0032 21 07 00      [10]  102 	ld	hl, #0x0007
   0035 09            [11]  103 	add	hl, bc
   0036 36 01         [10]  104 	ld	(hl), #0x01
                            105 ;src/entities/projectile.c:17: projectile->lifetime = 0;
   0038 21 08 00      [10]  106 	ld	hl, #0x0008
   003B 09            [11]  107 	add	hl, bc
   003C 36 00         [10]  108 	ld	(hl), #0x00
                            109 ;src/entities/projectile.c:18: projectile->weapon = 0;
   003E 21 09 00      [10]  110 	ld	hl, #0x0009
   0041 09            [11]  111 	add	hl, bc
   0042 36 00         [10]  112 	ld	(hl), #0x00
   0044 C9            [10]  113 	ret
                            114 ;src/entities/projectile.c:21: void projectilefire(Projectile* projectile, u8 x, u8 y, i8 dir, u8 weapon) {
                            115 ;	---------------------------------
                            116 ; Function projectilefire
                            117 ; ---------------------------------
   0045                     118 _projectilefire::
   0045 DD E5         [15]  119 	push	ix
   0047 DD 21 00 00   [14]  120 	ld	ix,#0
   004B DD 39         [15]  121 	add	ix,sp
   004D F5            [11]  122 	push	af
   004E F5            [11]  123 	push	af
                            124 ;src/entities/projectile.c:22: if (!projectile) {
   004F DD 7E 05      [19]  125 	ld	a, 5 (ix)
   0052 DD B6 04      [19]  126 	or	a,4 (ix)
                            127 ;src/entities/projectile.c:23: return;
   0055 CArF7r00      [10]  128 	jp	Z,00109$
                            129 ;src/entities/projectile.c:26: projectile->x = x;
   0058 DD 4E 04      [19]  130 	ld	c,4 (ix)
   005B DD 46 05      [19]  131 	ld	b,5 (ix)
   005E DD 7E 06      [19]  132 	ld	a, 6 (ix)
   0061 02            [ 7]  133 	ld	(bc), a
                            134 ;src/entities/projectile.c:27: projectile->y = y;
   0062 59            [ 4]  135 	ld	e, c
   0063 50            [ 4]  136 	ld	d, b
   0064 13            [ 6]  137 	inc	de
   0065 DD 7E 07      [19]  138 	ld	a, 7 (ix)
   0068 12            [ 7]  139 	ld	(de), a
                            140 ;src/entities/projectile.c:28: projectile->vx = dir;
   0069 21 02 00      [10]  141 	ld	hl, #0x0002
   006C 09            [11]  142 	add	hl,bc
   006D DD 75 FE      [19]  143 	ld	-2 (ix), l
   0070 DD 74 FF      [19]  144 	ld	-1 (ix), h
   0073 DD 7E 08      [19]  145 	ld	a, 8 (ix)
   0076 77            [ 7]  146 	ld	(hl), a
                            147 ;src/entities/projectile.c:29: projectile->vy = 0;
   0077 59            [ 4]  148 	ld	e, c
   0078 50            [ 4]  149 	ld	d, b
   0079 13            [ 6]  150 	inc	de
   007A 13            [ 6]  151 	inc	de
   007B 13            [ 6]  152 	inc	de
   007C AF            [ 4]  153 	xor	a, a
   007D 12            [ 7]  154 	ld	(de), a
                            155 ;src/entities/projectile.c:30: projectile->weapon = weapon;
   007E 21 09 00      [10]  156 	ld	hl, #0x0009
   0081 09            [11]  157 	add	hl, bc
   0082 DD 7E 09      [19]  158 	ld	a, 9 (ix)
   0085 77            [ 7]  159 	ld	(hl), a
                            160 ;src/entities/projectile.c:31: projectile->active = 1;
   0086 21 06 00      [10]  161 	ld	hl, #0x0006
   0089 09            [11]  162 	add	hl, bc
   008A 36 01         [10]  163 	ld	(hl), #0x01
                            164 ;src/entities/projectile.c:34: projectile->w = 3;
   008C 21 04 00      [10]  165 	ld	hl, #0x0004
   008F 09            [11]  166 	add	hl, bc
                            167 ;src/entities/projectile.c:35: projectile->h = 2;
   0090 79            [ 4]  168 	ld	a, c
   0091 C6 05         [ 7]  169 	add	a, #0x05
   0093 5F            [ 4]  170 	ld	e, a
   0094 78            [ 4]  171 	ld	a, b
   0095 CE 00         [ 7]  172 	adc	a, #0x00
   0097 57            [ 4]  173 	ld	d, a
                            174 ;src/entities/projectile.c:36: projectile->damage = 1;
   0098 79            [ 4]  175 	ld	a, c
   0099 C6 07         [ 7]  176 	add	a, #0x07
   009B DD 77 FC      [19]  177 	ld	-4 (ix), a
   009E 78            [ 4]  178 	ld	a, b
   009F CE 00         [ 7]  179 	adc	a, #0x00
   00A1 DD 77 FD      [19]  180 	ld	-3 (ix), a
                            181 ;src/entities/projectile.c:37: projectile->lifetime = 45;
   00A4 79            [ 4]  182 	ld	a, c
   00A5 C6 08         [ 7]  183 	add	a, #0x08
   00A7 4F            [ 4]  184 	ld	c, a
   00A8 78            [ 4]  185 	ld	a, b
   00A9 CE 00         [ 7]  186 	adc	a, #0x00
   00AB 47            [ 4]  187 	ld	b, a
                            188 ;src/entities/projectile.c:33: if (weapon == 0) {
   00AC DD 7E 09      [19]  189 	ld	a, 9 (ix)
   00AF B7            [ 4]  190 	or	a, a
   00B0 20 0E         [12]  191 	jr	NZ,00107$
                            192 ;src/entities/projectile.c:34: projectile->w = 3;
   00B2 36 03         [10]  193 	ld	(hl), #0x03
                            194 ;src/entities/projectile.c:35: projectile->h = 2;
   00B4 3E 02         [ 7]  195 	ld	a, #0x02
   00B6 12            [ 7]  196 	ld	(de), a
                            197 ;src/entities/projectile.c:36: projectile->damage = 1;
   00B7 E1            [10]  198 	pop	hl
   00B8 E5            [11]  199 	push	hl
   00B9 36 01         [10]  200 	ld	(hl), #0x01
                            201 ;src/entities/projectile.c:37: projectile->lifetime = 45;
   00BB 3E 2D         [ 7]  202 	ld	a, #0x2d
   00BD 02            [ 7]  203 	ld	(bc), a
   00BE 18 37         [12]  204 	jr	00109$
   00C0                     205 00107$:
                            206 ;src/entities/projectile.c:38: } else if (weapon == 1) {
   00C0 DD 7E 09      [19]  207 	ld	a, 9 (ix)
   00C3 3D            [ 4]  208 	dec	a
   00C4 20 0E         [12]  209 	jr	NZ,00104$
                            210 ;src/entities/projectile.c:39: projectile->w = 2;
   00C6 36 02         [10]  211 	ld	(hl), #0x02
                            212 ;src/entities/projectile.c:40: projectile->h = 3;
   00C8 3E 03         [ 7]  213 	ld	a, #0x03
   00CA 12            [ 7]  214 	ld	(de), a
                            215 ;src/entities/projectile.c:41: projectile->damage = 2;
   00CB E1            [10]  216 	pop	hl
   00CC E5            [11]  217 	push	hl
   00CD 36 02         [10]  218 	ld	(hl), #0x02
                            219 ;src/entities/projectile.c:42: projectile->lifetime = 28;
   00CF 3E 1C         [ 7]  220 	ld	a, #0x1c
   00D1 02            [ 7]  221 	ld	(bc), a
   00D2 18 23         [12]  222 	jr	00109$
   00D4                     223 00104$:
                            224 ;src/entities/projectile.c:44: projectile->w = 4;
   00D4 36 04         [10]  225 	ld	(hl), #0x04
                            226 ;src/entities/projectile.c:45: projectile->h = 3;
   00D6 3E 03         [ 7]  227 	ld	a, #0x03
   00D8 12            [ 7]  228 	ld	(de), a
                            229 ;src/entities/projectile.c:46: projectile->damage = 3;
   00D9 E1            [10]  230 	pop	hl
   00DA E5            [11]  231 	push	hl
   00DB 36 03         [10]  232 	ld	(hl), #0x03
                            233 ;src/entities/projectile.c:47: projectile->lifetime = 56;
   00DD 3E 38         [ 7]  234 	ld	a, #0x38
   00DF 02            [ 7]  235 	ld	(bc), a
                            236 ;src/entities/projectile.c:48: projectile->vx = (i8)(dir > 0 ? 4 : -4);
   00E0 D1            [10]  237 	pop	de
   00E1 C1            [10]  238 	pop	bc
   00E2 C5            [11]  239 	push	bc
   00E3 D5            [11]  240 	push	de
   00E4 AF            [ 4]  241 	xor	a, a
   00E5 DD 96 08      [19]  242 	sub	a, 8 (ix)
   00E8 E2rEDr00      [10]  243 	jp	PO, 00131$
   00EB EE 80         [ 7]  244 	xor	a, #0x80
   00ED                     245 00131$:
   00ED F2rF4r00      [10]  246 	jp	P, 00111$
   00F0 3E 04         [ 7]  247 	ld	a, #0x04
   00F2 18 02         [12]  248 	jr	00112$
   00F4                     249 00111$:
   00F4 3E FC         [ 7]  250 	ld	a, #0xfc
   00F6                     251 00112$:
   00F6 02            [ 7]  252 	ld	(bc), a
   00F7                     253 00109$:
   00F7 DD F9         [10]  254 	ld	sp, ix
   00F9 DD E1         [14]  255 	pop	ix
   00FB C9            [10]  256 	ret
                            257 ;src/entities/projectile.c:52: void projectileupdate(Projectile* projectile) {
                            258 ;	---------------------------------
                            259 ; Function projectileupdate
                            260 ; ---------------------------------
   00FC                     261 _projectileupdate::
   00FC DD E5         [15]  262 	push	ix
   00FE DD 21 00 00   [14]  263 	ld	ix,#0
   0102 DD 39         [15]  264 	add	ix,sp
   0104 3B            [ 6]  265 	dec	sp
                            266 ;src/entities/projectile.c:53: if (!projectile || !projectile->active) {
   0105 DD 7E 05      [19]  267 	ld	a, 5 (ix)
   0108 DD B6 04      [19]  268 	or	a,4 (ix)
   010B 28 4A         [12]  269 	jr	Z,00109$
   010D DD 5E 04      [19]  270 	ld	e,4 (ix)
   0110 DD 56 05      [19]  271 	ld	d,5 (ix)
   0113 FD 21 06 00   [14]  272 	ld	iy, #0x0006
   0117 FD 19         [15]  273 	add	iy, de
   0119 FD 7E 00      [19]  274 	ld	a, 0 (iy)
   011C B7            [ 4]  275 	or	a, a
                            276 ;src/entities/projectile.c:54: return;
   011D 28 38         [12]  277 	jr	Z,00109$
                            278 ;src/entities/projectile.c:57: projectile->x = (u8)(projectile->x + projectile->vx);
   011F 1A            [ 7]  279 	ld	a, (de)
   0120 4F            [ 4]  280 	ld	c, a
   0121 6B            [ 4]  281 	ld	l, e
   0122 62            [ 4]  282 	ld	h, d
   0123 23            [ 6]  283 	inc	hl
   0124 23            [ 6]  284 	inc	hl
   0125 6E            [ 7]  285 	ld	l, (hl)
   0126 09            [11]  286 	add	hl, bc
   0127 7D            [ 4]  287 	ld	a, l
   0128 12            [ 7]  288 	ld	(de), a
                            289 ;src/entities/projectile.c:58: projectile->y = (u8)(projectile->y + projectile->vy);
   0129 4B            [ 4]  290 	ld	c, e
   012A 42            [ 4]  291 	ld	b, d
   012B 03            [ 6]  292 	inc	bc
   012C 0A            [ 7]  293 	ld	a, (bc)
   012D DD 77 FF      [19]  294 	ld	-1 (ix), a
   0130 6B            [ 4]  295 	ld	l, e
   0131 62            [ 4]  296 	ld	h, d
   0132 23            [ 6]  297 	inc	hl
   0133 23            [ 6]  298 	inc	hl
   0134 23            [ 6]  299 	inc	hl
   0135 6E            [ 7]  300 	ld	l, (hl)
   0136 DD 7E FF      [19]  301 	ld	a, -1 (ix)
   0139 85            [ 4]  302 	add	a, l
   013A 02            [ 7]  303 	ld	(bc), a
                            304 ;src/entities/projectile.c:60: if (projectile->lifetime) {
   013B 21 08 00      [10]  305 	ld	hl, #0x0008
   013E 19            [11]  306 	add	hl,de
   013F 4D            [ 4]  307 	ld	c, l
   0140 44            [ 4]  308 	ld	b, h
   0141 0A            [ 7]  309 	ld	a, (bc)
   0142 B7            [ 4]  310 	or	a, a
   0143 28 03         [12]  311 	jr	Z,00105$
                            312 ;src/entities/projectile.c:61: projectile->lifetime--;
   0145 C6 FF         [ 7]  313 	add	a, #0xff
   0147 02            [ 7]  314 	ld	(bc), a
   0148                     315 00105$:
                            316 ;src/entities/projectile.c:64: if (projectile->x > 78 || projectile->lifetime == 0) {
   0148 1A            [ 7]  317 	ld	a, (de)
   0149 5F            [ 4]  318 	ld	e, a
   014A 3E 4E         [ 7]  319 	ld	a, #0x4e
   014C 93            [ 4]  320 	sub	a, e
   014D 38 04         [12]  321 	jr	C,00106$
   014F 0A            [ 7]  322 	ld	a, (bc)
   0150 B7            [ 4]  323 	or	a, a
   0151 20 04         [12]  324 	jr	NZ,00109$
   0153                     325 00106$:
                            326 ;src/entities/projectile.c:65: projectile->active = 0;
   0153 FD 36 00 00   [19]  327 	ld	0 (iy), #0x00
   0157                     328 00109$:
   0157 33            [ 6]  329 	inc	sp
   0158 DD E1         [14]  330 	pop	ix
   015A C9            [10]  331 	ret
                            332 ;src/entities/projectile.c:69: void projectilerender(const Projectile* projectile) {
                            333 ;	---------------------------------
                            334 ; Function projectilerender
                            335 ; ---------------------------------
   015B                     336 _projectilerender::
   015B DD E5         [15]  337 	push	ix
   015D DD 21 00 00   [14]  338 	ld	ix,#0
   0161 DD 39         [15]  339 	add	ix,sp
   0163 F5            [11]  340 	push	af
                            341 ;src/entities/projectile.c:72: if (!projectile || !projectile->active) {
   0164 DD 7E 05      [19]  342 	ld	a, 5 (ix)
   0167 DD B6 04      [19]  343 	or	a,4 (ix)
   016A 28 5B         [12]  344 	jr	Z,00104$
   016C DD 5E 04      [19]  345 	ld	e,4 (ix)
   016F DD 56 05      [19]  346 	ld	d,5 (ix)
   0172 D5            [11]  347 	push	de
   0173 FD E1         [14]  348 	pop	iy
   0175 FD 7E 06      [19]  349 	ld	a, 6 (iy)
   0178 B7            [ 4]  350 	or	a, a
                            351 ;src/entities/projectile.c:73: return;
   0179 28 4C         [12]  352 	jr	Z,00104$
                            353 ;src/entities/projectile.c:76: pvmem = cpct_getScreenPtr(CPCT_VMEM_START, projectile->x, projectile->y);
   017B 6B            [ 4]  354 	ld	l, e
   017C 62            [ 4]  355 	ld	h, d
   017D 23            [ 6]  356 	inc	hl
   017E 46            [ 7]  357 	ld	b, (hl)
   017F 1A            [ 7]  358 	ld	a, (de)
   0180 D5            [11]  359 	push	de
   0181 C5            [11]  360 	push	bc
   0182 33            [ 6]  361 	inc	sp
   0183 F5            [11]  362 	push	af
   0184 33            [ 6]  363 	inc	sp
   0185 21 00 C0      [10]  364 	ld	hl, #0xc000
   0188 E5            [11]  365 	push	hl
   0189 CDr00r00      [17]  366 	call	_cpct_getScreenPtr
   018C 4D            [ 4]  367 	ld	c, l
   018D 44            [ 4]  368 	ld	b, h
   018E D1            [10]  369 	pop	de
                            370 ;src/entities/projectile.c:77: cpct_drawSolidBox(pvmem, projectile->weapon == 0 ? 0x0F : (projectile->weapon == 1 ? 0x6B : 0x5A), projectile->w, projectile->h);
   018F D5            [11]  371 	push	de
   0190 FD E1         [14]  372 	pop	iy
   0192 FD 7E 05      [19]  373 	ld	a, 5 (iy)
   0195 DD 77 FE      [19]  374 	ld	-2 (ix), a
   0198 D5            [11]  375 	push	de
   0199 FD E1         [14]  376 	pop	iy
   019B FD 7E 04      [19]  377 	ld	a, 4 (iy)
   019E DD 77 FF      [19]  378 	ld	-1 (ix), a
   01A1 EB            [ 4]  379 	ex	de,hl
   01A2 11 09 00      [10]  380 	ld	de, #0x0009
   01A5 19            [11]  381 	add	hl, de
   01A6 7E            [ 7]  382 	ld	a, (hl)
   01A7 B7            [ 4]  383 	or	a, a
   01A8 20 04         [12]  384 	jr	NZ,00106$
   01AA 16 0F         [ 7]  385 	ld	d, #0x0f
   01AC 18 09         [12]  386 	jr	00107$
   01AE                     387 00106$:
   01AE 3D            [ 4]  388 	dec	a
   01AF 20 04         [12]  389 	jr	NZ,00108$
   01B1 16 6B         [ 7]  390 	ld	d, #0x6b
   01B3 18 02         [12]  391 	jr	00109$
   01B5                     392 00108$:
   01B5 16 5A         [ 7]  393 	ld	d, #0x5a
   01B7                     394 00109$:
   01B7                     395 00107$:
   01B7 DD 66 FE      [19]  396 	ld	h, -2 (ix)
   01BA DD 6E FF      [19]  397 	ld	l, -1 (ix)
   01BD E5            [11]  398 	push	hl
   01BE D5            [11]  399 	push	de
   01BF 33            [ 6]  400 	inc	sp
   01C0 C5            [11]  401 	push	bc
   01C1 CDr00r00      [17]  402 	call	_cpct_drawSolidBox
   01C4 F1            [10]  403 	pop	af
   01C5 F1            [10]  404 	pop	af
   01C6 33            [ 6]  405 	inc	sp
   01C7                     406 00104$:
   01C7 DD F9         [10]  407 	ld	sp, ix
   01C9 DD E1         [14]  408 	pop	ix
   01CB C9            [10]  409 	ret
                            410 	.area _CODE
                            411 	.area _INITIALIZER
                            412 	.area _CABS (ABS)
