                              1 ;--------------------------------------------------------
                              2 ; File Created by SDCC : free open source ANSI-C Compiler
                              3 ; Version 3.6.8 #9946 (Mac OS X ppc)
                              4 ;--------------------------------------------------------
                              5 	.module player
                              6 	.optsdcc -mz80
                              7 	
                              8 ;--------------------------------------------------------
                              9 ; Public variables in this module
                             10 ;--------------------------------------------------------
                             11 	.globl _player_init
                             12 	.globl _player_update
                             13 	.globl _player_render
                             14 ;--------------------------------------------------------
                             15 ; special function registers
                             16 ;--------------------------------------------------------
                             17 ;--------------------------------------------------------
                             18 ; ram data
                             19 ;--------------------------------------------------------
                             20 	.area _DATA
                             21 ;--------------------------------------------------------
                             22 ; ram data
                             23 ;--------------------------------------------------------
                             24 	.area _INITIALIZED
                             25 ;--------------------------------------------------------
                             26 ; absolute external ram data
                             27 ;--------------------------------------------------------
                             28 	.area _DABS (ABS)
                             29 ;--------------------------------------------------------
                             30 ; global & static initialisations
                             31 ;--------------------------------------------------------
                             32 	.area _HOME
                             33 	.area _GSINIT
                             34 	.area _GSFINAL
                             35 	.area _GSINIT
                             36 ;--------------------------------------------------------
                             37 ; Home
                             38 ;--------------------------------------------------------
                             39 	.area _HOME
                             40 	.area _HOME
                             41 ;--------------------------------------------------------
                             42 ; code
                             43 ;--------------------------------------------------------
                             44 	.area _CODE
                             45 ;src/entities/player.c:3: void player_init(void) {
                             46 ;	---------------------------------
                             47 ; Function player_init
                             48 ; ---------------------------------
   0000                      49 _player_init::
                             50 ;src/entities/player.c:4: }
   0000 C9            [10]   51 	ret
                             52 ;src/entities/player.c:6: void player_update(void) {
                             53 ;	---------------------------------
                             54 ; Function player_update
                             55 ; ---------------------------------
   0001                      56 _player_update::
                             57 ;src/entities/player.c:8: }
   0001 C9            [10]   58 	ret
                             59 ;src/entities/player.c:10: void player_render(void) {
                             60 ;	---------------------------------
                             61 ; Function player_render
                             62 ; ---------------------------------
   0002                      63 _player_render::
                             64 ;src/entities/player.c:12: }
   0002 C9            [10]   65 	ret
                             66 	.area _CODE
                             67 	.area _INITIALIZER
                             68 	.area _CABS (ABS)
