                              1 ;--------------------------------------------------------
                              2 ; File Created by SDCC : free open source ANSI-C Compiler
                              3 ; Version 3.6.8 #9946 (Mac OS X ppc)
                              4 ;--------------------------------------------------------
                              5 	.module playersprites
                              6 	.optsdcc -mz80
                              7 	
                              8 ;--------------------------------------------------------
                              9 ; Public variables in this module
                             10 ;--------------------------------------------------------
                             11 	.globl _player_sprites_data
                             12 ;--------------------------------------------------------
                             13 ; special function registers
                             14 ;--------------------------------------------------------
                             15 ;--------------------------------------------------------
                             16 ; ram data
                             17 ;--------------------------------------------------------
                             18 	.area _DATA
                             19 ;--------------------------------------------------------
                             20 ; ram data
                             21 ;--------------------------------------------------------
                             22 	.area _INITIALIZED
                             23 ;--------------------------------------------------------
                             24 ; absolute external ram data
                             25 ;--------------------------------------------------------
                             26 	.area _DABS (ABS)
                             27 ;--------------------------------------------------------
                             28 ; global & static initialisations
                             29 ;--------------------------------------------------------
                             30 	.area _HOME
                             31 	.area _GSINIT
                             32 	.area _GSFINAL
                             33 	.area _GSINIT
                             34 ;--------------------------------------------------------
                             35 ; Home
                             36 ;--------------------------------------------------------
                             37 	.area _HOME
                             38 	.area _HOME
                             39 ;--------------------------------------------------------
                             40 ; code
                             41 ;--------------------------------------------------------
                             42 	.area _CODE
                             43 	.area _CODE
   0000                      44 _player_sprites_data:
   0000 FF                   45 	.db #0xff	; 255
   0001 FF                   46 	.db #0xff	; 255
   0002 FF                   47 	.db #0xff	; 255
   0003 FF                   48 	.db #0xff	; 255
   0004 AA                   49 	.db #0xaa	; 170
   0005 AA                   50 	.db #0xaa	; 170
   0006 00                   51 	.db #0x00	; 0
   0007 55                   52 	.db #0x55	; 85	'U'
   0008 AA                   53 	.db #0xaa	; 170
   0009 AA                   54 	.db #0xaa	; 170
   000A 00                   55 	.db #0x00	; 0
   000B 55                   56 	.db #0x55	; 85	'U'
   000C AA                   57 	.db #0xaa	; 170
   000D AA                   58 	.db #0xaa	; 170
   000E 00                   59 	.db #0x00	; 0
   000F 55                   60 	.db #0x55	; 85	'U'
   0010 AA                   61 	.db #0xaa	; 170
   0011 AA                   62 	.db #0xaa	; 170
   0012 00                   63 	.db #0x00	; 0
   0013 55                   64 	.db #0x55	; 85	'U'
   0014 AA                   65 	.db #0xaa	; 170
   0015 AA                   66 	.db #0xaa	; 170
   0016 00                   67 	.db #0x00	; 0
   0017 55                   68 	.db #0x55	; 85	'U'
   0018 AA                   69 	.db #0xaa	; 170
   0019 AA                   70 	.db #0xaa	; 170
   001A 00                   71 	.db #0x00	; 0
   001B 55                   72 	.db #0x55	; 85	'U'
   001C AA                   73 	.db #0xaa	; 170
   001D AA                   74 	.db #0xaa	; 170
   001E 00                   75 	.db #0x00	; 0
   001F 55                   76 	.db #0x55	; 85	'U'
   0020 FF                   77 	.db #0xff	; 255
   0021 FF                   78 	.db #0xff	; 255
   0022 FF                   79 	.db #0xff	; 255
   0023 FF                   80 	.db #0xff	; 255
   0024 AA                   81 	.db #0xaa	; 170
   0025 AA                   82 	.db #0xaa	; 170
   0026 00                   83 	.db #0x00	; 0
   0027 55                   84 	.db #0x55	; 85	'U'
   0028 AA                   85 	.db #0xaa	; 170
   0029 AA                   86 	.db #0xaa	; 170
   002A 00                   87 	.db #0x00	; 0
   002B 55                   88 	.db #0x55	; 85	'U'
   002C AA                   89 	.db #0xaa	; 170
   002D AA                   90 	.db #0xaa	; 170
   002E 00                   91 	.db #0x00	; 0
   002F 55                   92 	.db #0x55	; 85	'U'
   0030 AA                   93 	.db #0xaa	; 170
   0031 AA                   94 	.db #0xaa	; 170
   0032 00                   95 	.db #0x00	; 0
   0033 55                   96 	.db #0x55	; 85	'U'
   0034 AA                   97 	.db #0xaa	; 170
   0035 AA                   98 	.db #0xaa	; 170
   0036 00                   99 	.db #0x00	; 0
   0037 55                  100 	.db #0x55	; 85	'U'
   0038 AA                  101 	.db #0xaa	; 170
   0039 AA                  102 	.db #0xaa	; 170
   003A 00                  103 	.db #0x00	; 0
   003B 55                  104 	.db #0x55	; 85	'U'
   003C FF                  105 	.db #0xff	; 255
   003D FF                  106 	.db #0xff	; 255
   003E FF                  107 	.db #0xff	; 255
   003F FF                  108 	.db #0xff	; 255
                            109 	.area _INITIALIZER
                            110 	.area _CABS (ABS)
