                              1 ;--------------------------------------------------------
                              2 ; File Created by SDCC : free open source ANSI-C Compiler
                              3 ; Version 3.6.8 #9946 (Mac OS X ppc)
                              4 ;--------------------------------------------------------
                              5 	.module harpy
                              6 	.optsdcc -mz80
                              7 	
                              8 ;--------------------------------------------------------
                              9 ; Public variables in this module
                             10 ;--------------------------------------------------------
                             11 	.globl _harpy_fly
                             12 ;--------------------------------------------------------
                             13 ; special function registers
                             14 ;--------------------------------------------------------
                             15 ;--------------------------------------------------------
                             16 ; ram data
                             17 ;--------------------------------------------------------
                             18 	.area _DATA
                             19 ;--------------------------------------------------------
                             20 ; ram data
                             21 ;--------------------------------------------------------
                             22 	.area _INITIALIZED
                             23 ;--------------------------------------------------------
                             24 ; absolute external ram data
                             25 ;--------------------------------------------------------
                             26 	.area _DABS (ABS)
                             27 ;--------------------------------------------------------
                             28 ; global & static initialisations
                             29 ;--------------------------------------------------------
                             30 	.area _HOME
                             31 	.area _GSINIT
                             32 	.area _GSFINAL
                             33 	.area _GSINIT
                             34 ;--------------------------------------------------------
                             35 ; Home
                             36 ;--------------------------------------------------------
                             37 	.area _HOME
                             38 	.area _HOME
                             39 ;--------------------------------------------------------
                             40 ; code
                             41 ;--------------------------------------------------------
                             42 	.area _CODE
                             43 	.area _CODE
   0000                      44 _harpy_fly:
   0000 00                   45 	.db #0x00	; 0
   0001 00                   46 	.db #0x00	; 0
   0002 00                   47 	.db #0x00	; 0
   0003 00                   48 	.db #0x00	; 0
   0004 00                   49 	.db #0x00	; 0
   0005 00                   50 	.db #0x00	; 0
   0006 00                   51 	.db #0x00	; 0
   0007 00                   52 	.db #0x00	; 0
   0008 00                   53 	.db #0x00	; 0
   0009 00                   54 	.db #0x00	; 0
   000A 00                   55 	.db #0x00	; 0
   000B 00                   56 	.db #0x00	; 0
   000C 00                   57 	.db #0x00	; 0
   000D 00                   58 	.db #0x00	; 0
   000E 00                   59 	.db #0x00	; 0
   000F 00                   60 	.db #0x00	; 0
   0010 18                   61 	.db #0x18	; 24
   0011 18                   62 	.db #0x18	; 24
   0012 18                   63 	.db #0x18	; 24
   0013 18                   64 	.db #0x18	; 24
   0014 00                   65 	.db #0x00	; 0
   0015 00                   66 	.db #0x00	; 0
   0016 00                   67 	.db #0x00	; 0
   0017 00                   68 	.db #0x00	; 0
   0018 00                   69 	.db #0x00	; 0
   0019 00                   70 	.db #0x00	; 0
   001A 00                   71 	.db #0x00	; 0
   001B 3C                   72 	.db #0x3c	; 60
   001C 3C                   73 	.db #0x3c	; 60
   001D 3C                   74 	.db #0x3c	; 60
   001E 3C                   75 	.db #0x3c	; 60
   001F 3C                   76 	.db #0x3c	; 60
   0020 3C                   77 	.db #0x3c	; 60
   0021 00                   78 	.db #0x00	; 0
   0022 00                   79 	.db #0x00	; 0
   0023 00                   80 	.db #0x00	; 0
   0024 00                   81 	.db #0x00	; 0
   0025 00                   82 	.db #0x00	; 0
   0026 00                   83 	.db #0x00	; 0
   0027 3C                   84 	.db #0x3c	; 60
   0028 3C                   85 	.db #0x3c	; 60
   0029 3C                   86 	.db #0x3c	; 60
   002A 3C                   87 	.db #0x3c	; 60
   002B 3C                   88 	.db #0x3c	; 60
   002C 3C                   89 	.db #0x3c	; 60
   002D 00                   90 	.db #0x00	; 0
   002E 00                   91 	.db #0x00	; 0
   002F 00                   92 	.db #0x00	; 0
   0030 00                   93 	.db #0x00	; 0
   0031 00                   94 	.db #0x00	; 0
   0032 00                   95 	.db #0x00	; 0
   0033 00                   96 	.db #0x00	; 0
   0034 00                   97 	.db #0x00	; 0
   0035 00                   98 	.db #0x00	; 0
   0036 00                   99 	.db #0x00	; 0
   0037 00                  100 	.db #0x00	; 0
   0038 00                  101 	.db #0x00	; 0
   0039 00                  102 	.db #0x00	; 0
   003A 00                  103 	.db #0x00	; 0
   003B 00                  104 	.db #0x00	; 0
   003C 00                  105 	.db #0x00	; 0
   003D 00                  106 	.db #0x00	; 0
   003E 00                  107 	.db #0x00	; 0
   003F 00                  108 	.db #0x00	; 0
   0040 18                  109 	.db #0x18	; 24
   0041 18                  110 	.db #0x18	; 24
   0042 18                  111 	.db #0x18	; 24
   0043 18                  112 	.db #0x18	; 24
   0044 00                  113 	.db #0x00	; 0
   0045 00                  114 	.db #0x00	; 0
   0046 00                  115 	.db #0x00	; 0
   0047 00                  116 	.db #0x00	; 0
   0048 00                  117 	.db #0x00	; 0
   0049 00                  118 	.db #0x00	; 0
   004A 00                  119 	.db #0x00	; 0
   004B 3C                  120 	.db #0x3c	; 60
   004C 3C                  121 	.db #0x3c	; 60
   004D 3C                  122 	.db #0x3c	; 60
   004E 3C                  123 	.db #0x3c	; 60
   004F 3C                  124 	.db #0x3c	; 60
   0050 3C                  125 	.db #0x3c	; 60
   0051 00                  126 	.db #0x00	; 0
   0052 00                  127 	.db #0x00	; 0
   0053 00                  128 	.db #0x00	; 0
   0054 00                  129 	.db #0x00	; 0
   0055 00                  130 	.db #0x00	; 0
   0056 00                  131 	.db #0x00	; 0
   0057 3C                  132 	.db #0x3c	; 60
   0058 3C                  133 	.db #0x3c	; 60
   0059 3C                  134 	.db #0x3c	; 60
   005A 3C                  135 	.db #0x3c	; 60
   005B 3C                  136 	.db #0x3c	; 60
   005C 3C                  137 	.db #0x3c	; 60
   005D 00                  138 	.db #0x00	; 0
   005E 00                  139 	.db #0x00	; 0
   005F 00                  140 	.db #0x00	; 0
   0060 00                  141 	.db #0x00	; 0
   0061 00                  142 	.db #0x00	; 0
   0062 00                  143 	.db #0x00	; 0
   0063 00                  144 	.db #0x00	; 0
   0064 00                  145 	.db #0x00	; 0
   0065 00                  146 	.db #0x00	; 0
   0066 00                  147 	.db #0x00	; 0
   0067 00                  148 	.db #0x00	; 0
   0068 00                  149 	.db #0x00	; 0
   0069 00                  150 	.db #0x00	; 0
   006A 00                  151 	.db #0x00	; 0
   006B 00                  152 	.db #0x00	; 0
   006C 00                  153 	.db #0x00	; 0
   006D 00                  154 	.db #0x00	; 0
   006E 00                  155 	.db #0x00	; 0
   006F 00                  156 	.db #0x00	; 0
   0070 18                  157 	.db #0x18	; 24
   0071 18                  158 	.db #0x18	; 24
   0072 18                  159 	.db #0x18	; 24
   0073 18                  160 	.db #0x18	; 24
   0074 00                  161 	.db #0x00	; 0
   0075 00                  162 	.db #0x00	; 0
   0076 00                  163 	.db #0x00	; 0
   0077 00                  164 	.db #0x00	; 0
   0078 00                  165 	.db #0x00	; 0
   0079 00                  166 	.db #0x00	; 0
   007A 00                  167 	.db #0x00	; 0
   007B 3C                  168 	.db #0x3c	; 60
   007C 3C                  169 	.db #0x3c	; 60
   007D 3C                  170 	.db #0x3c	; 60
   007E 3C                  171 	.db #0x3c	; 60
   007F 3C                  172 	.db #0x3c	; 60
   0080 3C                  173 	.db #0x3c	; 60
   0081 00                  174 	.db #0x00	; 0
   0082 00                  175 	.db #0x00	; 0
   0083 00                  176 	.db #0x00	; 0
   0084 00                  177 	.db #0x00	; 0
   0085 00                  178 	.db #0x00	; 0
   0086 00                  179 	.db #0x00	; 0
   0087 3C                  180 	.db #0x3c	; 60
   0088 3C                  181 	.db #0x3c	; 60
   0089 3C                  182 	.db #0x3c	; 60
   008A 3C                  183 	.db #0x3c	; 60
   008B 3C                  184 	.db #0x3c	; 60
   008C 3C                  185 	.db #0x3c	; 60
   008D 00                  186 	.db #0x00	; 0
   008E 00                  187 	.db #0x00	; 0
   008F 00                  188 	.db #0x00	; 0
   0090 00                  189 	.db #0x00	; 0
   0091 00                  190 	.db #0x00	; 0
   0092 00                  191 	.db #0x00	; 0
   0093 00                  192 	.db #0x00	; 0
   0094 00                  193 	.db #0x00	; 0
   0095 00                  194 	.db #0x00	; 0
   0096 00                  195 	.db #0x00	; 0
   0097 00                  196 	.db #0x00	; 0
   0098 00                  197 	.db #0x00	; 0
   0099 00                  198 	.db #0x00	; 0
   009A 00                  199 	.db #0x00	; 0
   009B 00                  200 	.db #0x00	; 0
   009C 00                  201 	.db #0x00	; 0
   009D 00                  202 	.db #0x00	; 0
   009E 00                  203 	.db #0x00	; 0
   009F 00                  204 	.db #0x00	; 0
   00A0 18                  205 	.db #0x18	; 24
   00A1 18                  206 	.db #0x18	; 24
   00A2 18                  207 	.db #0x18	; 24
   00A3 18                  208 	.db #0x18	; 24
   00A4 00                  209 	.db #0x00	; 0
   00A5 00                  210 	.db #0x00	; 0
   00A6 00                  211 	.db #0x00	; 0
   00A7 00                  212 	.db #0x00	; 0
   00A8 00                  213 	.db #0x00	; 0
   00A9 00                  214 	.db #0x00	; 0
   00AA 00                  215 	.db #0x00	; 0
   00AB 3C                  216 	.db #0x3c	; 60
   00AC 3C                  217 	.db #0x3c	; 60
   00AD 3C                  218 	.db #0x3c	; 60
   00AE 3C                  219 	.db #0x3c	; 60
   00AF 3C                  220 	.db #0x3c	; 60
   00B0 3C                  221 	.db #0x3c	; 60
   00B1 00                  222 	.db #0x00	; 0
   00B2 00                  223 	.db #0x00	; 0
   00B3 00                  224 	.db #0x00	; 0
   00B4 00                  225 	.db #0x00	; 0
   00B5 00                  226 	.db #0x00	; 0
   00B6 00                  227 	.db #0x00	; 0
   00B7 3C                  228 	.db #0x3c	; 60
   00B8 3C                  229 	.db #0x3c	; 60
   00B9 3C                  230 	.db #0x3c	; 60
   00BA 3C                  231 	.db #0x3c	; 60
   00BB 3C                  232 	.db #0x3c	; 60
   00BC 3C                  233 	.db #0x3c	; 60
   00BD 00                  234 	.db #0x00	; 0
   00BE 00                  235 	.db #0x00	; 0
   00BF 00                  236 	.db #0x00	; 0
                            237 	.area _INITIALIZER
                            238 	.area _CABS (ABS)
