                              1 ;--------------------------------------------------------
                              2 ; File Created by SDCC : free open source ANSI-C Compiler
                              3 ; Version 3.6.8 #9946 (Mac OS X ppc)
                              4 ;--------------------------------------------------------
                              5 	.module player
                              6 	.optsdcc -mz80
                              7 	
                              8 ;--------------------------------------------------------
                              9 ; Public variables in this module
                             10 ;--------------------------------------------------------
                             11 	.globl _spr_player_data
                             12 ;--------------------------------------------------------
                             13 ; special function registers
                             14 ;--------------------------------------------------------
                             15 ;--------------------------------------------------------
                             16 ; ram data
                             17 ;--------------------------------------------------------
                             18 	.area _DATA
                             19 ;--------------------------------------------------------
                             20 ; ram data
                             21 ;--------------------------------------------------------
                             22 	.area _INITIALIZED
                             23 ;--------------------------------------------------------
                             24 ; absolute external ram data
                             25 ;--------------------------------------------------------
                             26 	.area _DABS (ABS)
                             27 ;--------------------------------------------------------
                             28 ; global & static initialisations
                             29 ;--------------------------------------------------------
                             30 	.area _HOME
                             31 	.area _GSINIT
                             32 	.area _GSFINAL
                             33 	.area _GSINIT
                             34 ;--------------------------------------------------------
                             35 ; Home
                             36 ;--------------------------------------------------------
                             37 	.area _HOME
                             38 	.area _HOME
                             39 ;--------------------------------------------------------
                             40 ; code
                             41 ;--------------------------------------------------------
                             42 	.area _CODE
                             43 	.area _CODE
   0000                      44 _spr_player_data:
   0000 FF                   45 	.db #0xff	; 255
   0001 FF                   46 	.db #0xff	; 255
   0002 FF                   47 	.db #0xff	; 255
   0003 FF                   48 	.db #0xff	; 255
   0004 FF                   49 	.db #0xff	; 255
   0005 00                   50 	.db #0x00	; 0
   0006 FF                   51 	.db #0xff	; 255
   0007 FF                   52 	.db #0xff	; 255
   0008 FF                   53 	.db #0xff	; 255
   0009 00                   54 	.db #0x00	; 0
   000A FF                   55 	.db #0xff	; 255
   000B FF                   56 	.db #0xff	; 255
   000C FF                   57 	.db #0xff	; 255
   000D 00                   58 	.db #0x00	; 0
   000E FF                   59 	.db #0xff	; 255
   000F FF                   60 	.db #0xff	; 255
   0010 FF                   61 	.db #0xff	; 255
   0011 00                   62 	.db #0x00	; 0
   0012 FF                   63 	.db #0xff	; 255
   0013 FF                   64 	.db #0xff	; 255
   0014 FF                   65 	.db #0xff	; 255
   0015 00                   66 	.db #0x00	; 0
   0016 FF                   67 	.db #0xff	; 255
   0017 FF                   68 	.db #0xff	; 255
   0018 FF                   69 	.db #0xff	; 255
   0019 00                   70 	.db #0x00	; 0
   001A FF                   71 	.db #0xff	; 255
   001B FF                   72 	.db #0xff	; 255
   001C FF                   73 	.db #0xff	; 255
   001D 00                   74 	.db #0x00	; 0
   001E FF                   75 	.db #0xff	; 255
   001F FF                   76 	.db #0xff	; 255
   0020 FF                   77 	.db #0xff	; 255
   0021 FF                   78 	.db #0xff	; 255
   0022 FF                   79 	.db #0xff	; 255
   0023 FF                   80 	.db #0xff	; 255
   0024 FF                   81 	.db #0xff	; 255
   0025 00                   82 	.db #0x00	; 0
   0026 FF                   83 	.db #0xff	; 255
   0027 FF                   84 	.db #0xff	; 255
   0028 FF                   85 	.db #0xff	; 255
   0029 00                   86 	.db #0x00	; 0
   002A FF                   87 	.db #0xff	; 255
   002B FF                   88 	.db #0xff	; 255
   002C FF                   89 	.db #0xff	; 255
   002D 00                   90 	.db #0x00	; 0
   002E FF                   91 	.db #0xff	; 255
   002F FF                   92 	.db #0xff	; 255
   0030 FF                   93 	.db #0xff	; 255
   0031 00                   94 	.db #0x00	; 0
   0032 FF                   95 	.db #0xff	; 255
   0033 FF                   96 	.db #0xff	; 255
   0034 FF                   97 	.db #0xff	; 255
   0035 00                   98 	.db #0x00	; 0
   0036 FF                   99 	.db #0xff	; 255
   0037 FF                  100 	.db #0xff	; 255
   0038 FF                  101 	.db #0xff	; 255
   0039 00                  102 	.db #0x00	; 0
   003A FF                  103 	.db #0xff	; 255
   003B FF                  104 	.db #0xff	; 255
   003C FF                  105 	.db #0xff	; 255
   003D FF                  106 	.db #0xff	; 255
   003E FF                  107 	.db #0xff	; 255
   003F FF                  108 	.db #0xff	; 255
                            109 	.area _INITIALIZER
                            110 	.area _CABS (ABS)
