                              1 ;--------------------------------------------------------
                              2 ; File Created by SDCC : free open source ANSI-C Compiler
                              3 ; Version 3.6.8 #9946 (Mac OS X ppc)
                              4 ;--------------------------------------------------------
                              5 	.module input
                              6 	.optsdcc -mz80
                              7 	
                              8 ;--------------------------------------------------------
                              9 ; Public variables in this module
                             10 ;--------------------------------------------------------
                             11 	.globl _cpct_isKeyPressed
                             12 	.globl _cpct_scanKeyboard
                             13 	.globl _input_update
                             14 	.globl _input_is_left_pressed
                             15 	.globl _input_is_right_pressed
                             16 	.globl _input_is_up_pressed
                             17 	.globl _input_is_down_pressed
                             18 	.globl _input_is_jump_pressed
                             19 	.globl _input_is_jump_just_pressed
                             20 	.globl _input_is_shoot_pressed
                             21 	.globl _input_is_shoot_just_pressed
                             22 ;--------------------------------------------------------
                             23 ; special function registers
                             24 ;--------------------------------------------------------
                             25 ;--------------------------------------------------------
                             26 ; ram data
                             27 ;--------------------------------------------------------
                             28 	.area _DATA
   0000                      29 _ginputleft:
   0000                      30 	.ds 1
   0001                      31 _ginputright:
   0001                      32 	.ds 1
   0002                      33 _ginputup:
   0002                      34 	.ds 1
   0003                      35 _ginputdown:
   0003                      36 	.ds 1
   0004                      37 _ginputjump:
   0004                      38 	.ds 1
   0005                      39 _ginputshoot:
   0005                      40 	.ds 1
   0006                      41 _gprevjump:
   0006                      42 	.ds 1
   0007                      43 _gprevshoot:
   0007                      44 	.ds 1
                             45 ;--------------------------------------------------------
                             46 ; ram data
                             47 ;--------------------------------------------------------
                             48 	.area _INITIALIZED
                             49 ;--------------------------------------------------------
                             50 ; absolute external ram data
                             51 ;--------------------------------------------------------
                             52 	.area _DABS (ABS)
                             53 ;--------------------------------------------------------
                             54 ; global & static initialisations
                             55 ;--------------------------------------------------------
                             56 	.area _HOME
                             57 	.area _GSINIT
                             58 	.area _GSFINAL
                             59 	.area _GSINIT
                             60 ;--------------------------------------------------------
                             61 ; Home
                             62 ;--------------------------------------------------------
                             63 	.area _HOME
                             64 	.area _HOME
                             65 ;--------------------------------------------------------
                             66 ; code
                             67 ;--------------------------------------------------------
                             68 	.area _CODE
                             69 ;src/systems/input.c:12: void input_update(void) {
                             70 ;	---------------------------------
                             71 ; Function input_update
                             72 ; ---------------------------------
   0000                      73 _input_update::
                             74 ;src/systems/input.c:13: gprevjump = ginputjump;
   0000 3Ar04r00      [13]   75 	ld	a,(#_ginputjump + 0)
   0003 32r06r00      [13]   76 	ld	(#_gprevjump + 0),a
                             77 ;src/systems/input.c:14: gprevshoot = ginputshoot;
   0006 3Ar05r00      [13]   78 	ld	a,(#_ginputshoot + 0)
   0009 32r07r00      [13]   79 	ld	(#_gprevshoot + 0),a
                             80 ;src/systems/input.c:15: cpct_scanKeyboard();
   000C CDr00r00      [17]   81 	call	_cpct_scanKeyboard
                             82 ;src/systems/input.c:20: ginputleft  = (u8)(cpct_isKeyPressed(Key_CursorLeft)  || cpct_isKeyPressed(Key_O) || cpct_isKeyPressed(Key_A) || cpct_isKeyPressed(Joy0_Left));
   000F 21 01 01      [10]   83 	ld	hl, #0x0101
   0012 CDr00r00      [17]   84 	call	_cpct_isKeyPressed
   0015 7D            [ 4]   85 	ld	a, l
   0016 B7            [ 4]   86 	or	a, a
   0017 20 21         [12]   87 	jr	NZ,00104$
   0019 21 04 04      [10]   88 	ld	hl, #0x0404
   001C CDr00r00      [17]   89 	call	_cpct_isKeyPressed
   001F 7D            [ 4]   90 	ld	a, l
   0020 B7            [ 4]   91 	or	a, a
   0021 20 17         [12]   92 	jr	NZ,00104$
   0023 21 08 20      [10]   93 	ld	hl, #0x2008
   0026 CDr00r00      [17]   94 	call	_cpct_isKeyPressed
   0029 7D            [ 4]   95 	ld	a, l
   002A B7            [ 4]   96 	or	a, a
   002B 20 0D         [12]   97 	jr	NZ,00104$
   002D 21 09 04      [10]   98 	ld	hl, #0x0409
   0030 CDr00r00      [17]   99 	call	_cpct_isKeyPressed
   0033 7D            [ 4]  100 	ld	a, l
   0034 B7            [ 4]  101 	or	a,a
   0035 20 03         [12]  102 	jr	NZ,00104$
   0037 4F            [ 4]  103 	ld	c,a
   0038 18 02         [12]  104 	jr	00105$
   003A                     105 00104$:
   003A 0E 01         [ 7]  106 	ld	c, #0x01
   003C                     107 00105$:
   003C 21r00r00      [10]  108 	ld	hl,#_ginputleft + 0
   003F 71            [ 7]  109 	ld	(hl), c
                            110 ;src/systems/input.c:21: ginputright = (u8)(cpct_isKeyPressed(Key_CursorRight) || cpct_isKeyPressed(Key_P) || cpct_isKeyPressed(Key_D) || cpct_isKeyPressed(Joy0_Right));
   0040 21 00 02      [10]  111 	ld	hl, #0x0200
   0043 CDr00r00      [17]  112 	call	_cpct_isKeyPressed
   0046 7D            [ 4]  113 	ld	a, l
   0047 B7            [ 4]  114 	or	a, a
   0048 20 21         [12]  115 	jr	NZ,00113$
   004A 21 03 08      [10]  116 	ld	hl, #0x0803
   004D CDr00r00      [17]  117 	call	_cpct_isKeyPressed
   0050 7D            [ 4]  118 	ld	a, l
   0051 B7            [ 4]  119 	or	a, a
   0052 20 17         [12]  120 	jr	NZ,00113$
   0054 21 07 20      [10]  121 	ld	hl, #0x2007
   0057 CDr00r00      [17]  122 	call	_cpct_isKeyPressed
   005A 7D            [ 4]  123 	ld	a, l
   005B B7            [ 4]  124 	or	a, a
   005C 20 0D         [12]  125 	jr	NZ,00113$
   005E 21 09 08      [10]  126 	ld	hl, #0x0809
   0061 CDr00r00      [17]  127 	call	_cpct_isKeyPressed
   0064 7D            [ 4]  128 	ld	a, l
   0065 B7            [ 4]  129 	or	a,a
   0066 20 03         [12]  130 	jr	NZ,00113$
   0068 4F            [ 4]  131 	ld	c,a
   0069 18 02         [12]  132 	jr	00114$
   006B                     133 00113$:
   006B 0E 01         [ 7]  134 	ld	c, #0x01
   006D                     135 00114$:
   006D 21r01r00      [10]  136 	ld	hl,#_ginputright + 0
   0070 71            [ 7]  137 	ld	(hl), c
                            138 ;src/systems/input.c:22: ginputup    = (u8)(cpct_isKeyPressed(Key_CursorUp)    || cpct_isKeyPressed(Key_Q) || cpct_isKeyPressed(Key_W) || cpct_isKeyPressed(Joy0_Up));
   0071 21 00 01      [10]  139 	ld	hl, #0x0100
   0074 CDr00r00      [17]  140 	call	_cpct_isKeyPressed
   0077 7D            [ 4]  141 	ld	a, l
   0078 B7            [ 4]  142 	or	a, a
   0079 20 21         [12]  143 	jr	NZ,00122$
   007B 21 08 08      [10]  144 	ld	hl, #0x0808
   007E CDr00r00      [17]  145 	call	_cpct_isKeyPressed
   0081 7D            [ 4]  146 	ld	a, l
   0082 B7            [ 4]  147 	or	a, a
   0083 20 17         [12]  148 	jr	NZ,00122$
   0085 21 07 08      [10]  149 	ld	hl, #0x0807
   0088 CDr00r00      [17]  150 	call	_cpct_isKeyPressed
   008B 7D            [ 4]  151 	ld	a, l
   008C B7            [ 4]  152 	or	a, a
   008D 20 0D         [12]  153 	jr	NZ,00122$
   008F 21 09 01      [10]  154 	ld	hl, #0x0109
   0092 CDr00r00      [17]  155 	call	_cpct_isKeyPressed
   0095 7D            [ 4]  156 	ld	a, l
   0096 B7            [ 4]  157 	or	a,a
   0097 20 03         [12]  158 	jr	NZ,00122$
   0099 4F            [ 4]  159 	ld	c,a
   009A 18 02         [12]  160 	jr	00123$
   009C                     161 00122$:
   009C 0E 01         [ 7]  162 	ld	c, #0x01
   009E                     163 00123$:
   009E 21r02r00      [10]  164 	ld	hl,#_ginputup + 0
   00A1 71            [ 7]  165 	ld	(hl), c
                            166 ;src/systems/input.c:23: ginputdown  = (u8)(cpct_isKeyPressed(Key_CursorDown)  || cpct_isKeyPressed(Key_S) || cpct_isKeyPressed(Joy0_Down));
   00A2 21 00 04      [10]  167 	ld	hl, #0x0400
   00A5 CDr00r00      [17]  168 	call	_cpct_isKeyPressed
   00A8 7D            [ 4]  169 	ld	a, l
   00A9 B7            [ 4]  170 	or	a, a
   00AA 20 17         [12]  171 	jr	NZ,00131$
   00AC 21 07 10      [10]  172 	ld	hl, #0x1007
   00AF CDr00r00      [17]  173 	call	_cpct_isKeyPressed
   00B2 7D            [ 4]  174 	ld	a, l
   00B3 B7            [ 4]  175 	or	a, a
   00B4 20 0D         [12]  176 	jr	NZ,00131$
   00B6 21 09 02      [10]  177 	ld	hl, #0x0209
   00B9 CDr00r00      [17]  178 	call	_cpct_isKeyPressed
   00BC 7D            [ 4]  179 	ld	a, l
   00BD B7            [ 4]  180 	or	a,a
   00BE 20 03         [12]  181 	jr	NZ,00131$
   00C0 4F            [ 4]  182 	ld	c,a
   00C1 18 02         [12]  183 	jr	00132$
   00C3                     184 00131$:
   00C3 0E 01         [ 7]  185 	ld	c, #0x01
   00C5                     186 00132$:
   00C5 21r03r00      [10]  187 	ld	hl,#_ginputdown + 0
   00C8 71            [ 7]  188 	ld	(hl), c
                            189 ;src/systems/input.c:24: ginputjump  = (u8)(cpct_isKeyPressed(Key_Space) || cpct_isKeyPressed(Key_Z) || cpct_isKeyPressed(Key_X) || cpct_isKeyPressed(Joy0_Fire1));
   00C9 21 05 80      [10]  190 	ld	hl, #0x8005
   00CC CDr00r00      [17]  191 	call	_cpct_isKeyPressed
   00CF 7D            [ 4]  192 	ld	a, l
   00D0 B7            [ 4]  193 	or	a, a
   00D1 20 21         [12]  194 	jr	NZ,00137$
   00D3 21 08 80      [10]  195 	ld	hl, #0x8008
   00D6 CDr00r00      [17]  196 	call	_cpct_isKeyPressed
   00D9 7D            [ 4]  197 	ld	a, l
   00DA B7            [ 4]  198 	or	a, a
   00DB 20 17         [12]  199 	jr	NZ,00137$
   00DD 21 07 80      [10]  200 	ld	hl, #0x8007
   00E0 CDr00r00      [17]  201 	call	_cpct_isKeyPressed
   00E3 7D            [ 4]  202 	ld	a, l
   00E4 B7            [ 4]  203 	or	a, a
   00E5 20 0D         [12]  204 	jr	NZ,00137$
   00E7 21 09 10      [10]  205 	ld	hl, #0x1009
   00EA CDr00r00      [17]  206 	call	_cpct_isKeyPressed
   00ED 7D            [ 4]  207 	ld	a, l
   00EE B7            [ 4]  208 	or	a,a
   00EF 20 03         [12]  209 	jr	NZ,00137$
   00F1 4F            [ 4]  210 	ld	c,a
   00F2 18 02         [12]  211 	jr	00138$
   00F4                     212 00137$:
   00F4 0E 01         [ 7]  213 	ld	c, #0x01
   00F6                     214 00138$:
   00F6 21r04r00      [10]  215 	ld	hl,#_ginputjump + 0
   00F9 71            [ 7]  216 	ld	(hl), c
                            217 ;src/systems/input.c:25: ginputshoot = (u8)(cpct_isKeyPressed(Key_Control) || cpct_isKeyPressed(Key_Return) || cpct_isKeyPressed(Key_CursorDown) || cpct_isKeyPressed(Joy0_Fire2) || cpct_isKeyPressed(Joy0_Fire3));
   00FA 21 02 80      [10]  218 	ld	hl, #0x8002
   00FD CDr00r00      [17]  219 	call	_cpct_isKeyPressed
   0100 7D            [ 4]  220 	ld	a, l
   0101 B7            [ 4]  221 	or	a, a
   0102 20 2B         [12]  222 	jr	NZ,00146$
   0104 21 02 04      [10]  223 	ld	hl, #0x0402
   0107 CDr00r00      [17]  224 	call	_cpct_isKeyPressed
   010A 7D            [ 4]  225 	ld	a, l
   010B B7            [ 4]  226 	or	a, a
   010C 20 21         [12]  227 	jr	NZ,00146$
   010E 21 00 04      [10]  228 	ld	hl, #0x0400
   0111 CDr00r00      [17]  229 	call	_cpct_isKeyPressed
   0114 7D            [ 4]  230 	ld	a, l
   0115 B7            [ 4]  231 	or	a, a
   0116 20 17         [12]  232 	jr	NZ,00146$
   0118 21 09 20      [10]  233 	ld	hl, #0x2009
   011B CDr00r00      [17]  234 	call	_cpct_isKeyPressed
   011E 7D            [ 4]  235 	ld	a, l
   011F B7            [ 4]  236 	or	a, a
   0120 20 0D         [12]  237 	jr	NZ,00146$
   0122 21 09 40      [10]  238 	ld	hl, #0x4009
   0125 CDr00r00      [17]  239 	call	_cpct_isKeyPressed
   0128 7D            [ 4]  240 	ld	a, l
   0129 B7            [ 4]  241 	or	a,a
   012A 20 03         [12]  242 	jr	NZ,00146$
   012C 4F            [ 4]  243 	ld	c,a
   012D 18 02         [12]  244 	jr	00147$
   012F                     245 00146$:
   012F 0E 01         [ 7]  246 	ld	c, #0x01
   0131                     247 00147$:
   0131 21r05r00      [10]  248 	ld	hl,#_ginputshoot + 0
   0134 71            [ 7]  249 	ld	(hl), c
   0135 C9            [10]  250 	ret
                            251 ;src/systems/input.c:28: u8 input_is_left_pressed(void) {
                            252 ;	---------------------------------
                            253 ; Function input_is_left_pressed
                            254 ; ---------------------------------
   0136                     255 _input_is_left_pressed::
                            256 ;src/systems/input.c:29: return ginputleft;
   0136 FD 21r00r00   [14]  257 	ld	iy, #_ginputleft
   013A FD 6E 00      [19]  258 	ld	l, 0 (iy)
   013D C9            [10]  259 	ret
                            260 ;src/systems/input.c:32: u8 input_is_right_pressed(void) {
                            261 ;	---------------------------------
                            262 ; Function input_is_right_pressed
                            263 ; ---------------------------------
   013E                     264 _input_is_right_pressed::
                            265 ;src/systems/input.c:33: return ginputright;
   013E FD 21r01r00   [14]  266 	ld	iy, #_ginputright
   0142 FD 6E 00      [19]  267 	ld	l, 0 (iy)
   0145 C9            [10]  268 	ret
                            269 ;src/systems/input.c:36: u8 input_is_up_pressed(void) {
                            270 ;	---------------------------------
                            271 ; Function input_is_up_pressed
                            272 ; ---------------------------------
   0146                     273 _input_is_up_pressed::
                            274 ;src/systems/input.c:37: return ginputup;
   0146 FD 21r02r00   [14]  275 	ld	iy, #_ginputup
   014A FD 6E 00      [19]  276 	ld	l, 0 (iy)
   014D C9            [10]  277 	ret
                            278 ;src/systems/input.c:40: u8 input_is_down_pressed(void) {
                            279 ;	---------------------------------
                            280 ; Function input_is_down_pressed
                            281 ; ---------------------------------
   014E                     282 _input_is_down_pressed::
                            283 ;src/systems/input.c:41: return ginputdown;
   014E FD 21r03r00   [14]  284 	ld	iy, #_ginputdown
   0152 FD 6E 00      [19]  285 	ld	l, 0 (iy)
   0155 C9            [10]  286 	ret
                            287 ;src/systems/input.c:44: u8 input_is_jump_pressed(void) {
                            288 ;	---------------------------------
                            289 ; Function input_is_jump_pressed
                            290 ; ---------------------------------
   0156                     291 _input_is_jump_pressed::
                            292 ;src/systems/input.c:45: return ginputjump;
   0156 FD 21r04r00   [14]  293 	ld	iy, #_ginputjump
   015A FD 6E 00      [19]  294 	ld	l, 0 (iy)
   015D C9            [10]  295 	ret
                            296 ;src/systems/input.c:48: u8 input_is_jump_just_pressed(void) {
                            297 ;	---------------------------------
                            298 ; Function input_is_jump_just_pressed
                            299 ; ---------------------------------
   015E                     300 _input_is_jump_just_pressed::
                            301 ;src/systems/input.c:49: return (u8)(ginputjump && !gprevjump);
   015E 3Ar04r00      [13]  302 	ld	a,(#_ginputjump + 0)
   0161 B7            [ 4]  303 	or	a, a
   0162 28 06         [12]  304 	jr	Z,00103$
   0164 3Ar06r00      [13]  305 	ld	a,(#_gprevjump + 0)
   0167 B7            [ 4]  306 	or	a, a
   0168 28 03         [12]  307 	jr	Z,00104$
   016A                     308 00103$:
   016A 2E 00         [ 7]  309 	ld	l, #0x00
   016C C9            [10]  310 	ret
   016D                     311 00104$:
   016D 2E 01         [ 7]  312 	ld	l, #0x01
   016F C9            [10]  313 	ret
                            314 ;src/systems/input.c:52: u8 input_is_shoot_pressed(void) {
                            315 ;	---------------------------------
                            316 ; Function input_is_shoot_pressed
                            317 ; ---------------------------------
   0170                     318 _input_is_shoot_pressed::
                            319 ;src/systems/input.c:53: return ginputshoot;
   0170 FD 21r05r00   [14]  320 	ld	iy, #_ginputshoot
   0174 FD 6E 00      [19]  321 	ld	l, 0 (iy)
   0177 C9            [10]  322 	ret
                            323 ;src/systems/input.c:56: u8 input_is_shoot_just_pressed(void) {
                            324 ;	---------------------------------
                            325 ; Function input_is_shoot_just_pressed
                            326 ; ---------------------------------
   0178                     327 _input_is_shoot_just_pressed::
                            328 ;src/systems/input.c:57: return (u8)(ginputshoot && !gprevshoot);
   0178 3Ar05r00      [13]  329 	ld	a,(#_ginputshoot + 0)
   017B B7            [ 4]  330 	or	a, a
   017C 28 06         [12]  331 	jr	Z,00103$
   017E 3Ar07r00      [13]  332 	ld	a,(#_gprevshoot + 0)
   0181 B7            [ 4]  333 	or	a, a
   0182 28 03         [12]  334 	jr	Z,00104$
   0184                     335 00103$:
   0184 2E 00         [ 7]  336 	ld	l, #0x00
   0186 C9            [10]  337 	ret
   0187                     338 00104$:
   0187 2E 01         [ 7]  339 	ld	l, #0x01
   0189 C9            [10]  340 	ret
                            341 	.area _CODE
                            342 	.area _INITIALIZER
                            343 	.area _CABS (ABS)
