                              1 ;--------------------------------------------------------
                              2 ; File Created by SDCC : free open source ANSI-C Compiler
                              3 ; Version 3.6.8 #9946 (Mac OS X ppc)
                              4 ;--------------------------------------------------------
                              5 	.module tilemap
                              6 	.optsdcc -mz80
                              7 	
                              8 ;--------------------------------------------------------
                              9 ; Public variables in this module
                             10 ;--------------------------------------------------------
                             11 	.globl _cpct_getScreenPtr
                             12 	.globl _cpct_drawSolidBox
                             13 	.globl _cpct_px2byteM0
                             14 	.globl _tilemap_init
                             15 	.globl _tilemap_render
                             16 	.globl _tilemap_ground_y
                             17 	.globl _tilemap_platform_y_at
                             18 	.globl _tilemap_is_trap
                             19 	.globl _tilemap_is_ladder
                             20 	.globl _tilemap_is_hidden_zone
                             21 	.globl _tilemap_goal_x
                             22 ;--------------------------------------------------------
                             23 ; special function registers
                             24 ;--------------------------------------------------------
                             25 ;--------------------------------------------------------
                             26 ; ram data
                             27 ;--------------------------------------------------------
                             28 	.area _DATA
                             29 ;--------------------------------------------------------
                             30 ; ram data
                             31 ;--------------------------------------------------------
                             32 	.area _INITIALIZED
   0000                      33 _gtilegroundy:
   0000                      34 	.ds 1
   0001                      35 _gtileplatformy:
   0001                      36 	.ds 1
   0002                      37 _ggoalx:
   0002                      38 	.ds 1
                             39 ;--------------------------------------------------------
                             40 ; absolute external ram data
                             41 ;--------------------------------------------------------
                             42 	.area _DABS (ABS)
                             43 ;--------------------------------------------------------
                             44 ; global & static initialisations
                             45 ;--------------------------------------------------------
                             46 	.area _HOME
                             47 	.area _GSINIT
                             48 	.area _GSFINAL
                             49 	.area _GSINIT
                             50 ;--------------------------------------------------------
                             51 ; Home
                             52 ;--------------------------------------------------------
                             53 	.area _HOME
                             54 	.area _HOME
                             55 ;--------------------------------------------------------
                             56 ; code
                             57 ;--------------------------------------------------------
                             58 	.area _CODE
                             59 ;src/systems/tilemap.c:9: void tilemap_init(void) {
                             60 ;	---------------------------------
                             61 ; Function tilemap_init
                             62 ; ---------------------------------
   0000                      63 _tilemap_init::
                             64 ;src/systems/tilemap.c:10: if (level1tilemapheight > 2) {
   0000 2Ar00r00      [16]   65 	ld	hl, (_level1tilemapheight)
   0003 3E 02         [ 7]   66 	ld	a, #0x02
   0005 BD            [ 4]   67 	cp	a, l
   0006 3E 00         [ 7]   68 	ld	a, #0x00
   0008 9C            [ 4]   69 	sbc	a, h
   0009 30 0D         [12]   70 	jr	NC,00102$
                             71 ;src/systems/tilemap.c:11: gtilegroundy = (u8)((level1tilemapheight - 2) * 8);
   000B 7D            [ 4]   72 	ld	a, l
   000C C6 FE         [ 7]   73 	add	a, #0xfe
   000E 07            [ 4]   74 	rlca
   000F 07            [ 4]   75 	rlca
   0010 07            [ 4]   76 	rlca
   0011 E6 F8         [ 7]   77 	and	a, #0xf8
   0013 32r00r00      [13]   78 	ld	(#_gtilegroundy + 0),a
   0016 18 05         [12]   79 	jr	00103$
   0018                      80 00102$:
                             81 ;src/systems/tilemap.c:13: gtilegroundy = 160;
   0018 21r00r00      [10]   82 	ld	hl,#_gtilegroundy + 0
   001B 36 A0         [10]   83 	ld	(hl), #0xa0
   001D                      84 00103$:
                             85 ;src/systems/tilemap.c:15: gtileplatformy = (u8)(gtilegroundy - 24);
   001D 21r01r00      [10]   86 	ld	hl, #_gtileplatformy
   0020 3Ar00r00      [13]   87 	ld	a,(#_gtilegroundy + 0)
   0023 C6 E8         [ 7]   88 	add	a, #0xe8
   0025 77            [ 7]   89 	ld	(hl), a
                             90 ;src/systems/tilemap.c:16: ggoalx = 72;
   0026 21r02r00      [10]   91 	ld	hl,#_ggoalx + 0
   0029 36 48         [10]   92 	ld	(hl), #0x48
   002B C9            [10]   93 	ret
                             94 ;src/systems/tilemap.c:19: void tilemap_render(void) {
                             95 ;	---------------------------------
                             96 ; Function tilemap_render
                             97 ; ---------------------------------
   002C                      98 _tilemap_render::
                             99 ;src/systems/tilemap.c:21: pvmem = cpct_getScreenPtr(CPCT_VMEM_START, 0, gtilegroundy);
   002C 3Ar00r00      [13]  100 	ld	a, (_gtilegroundy)
   002F F5            [11]  101 	push	af
   0030 33            [ 6]  102 	inc	sp
   0031 AF            [ 4]  103 	xor	a, a
   0032 F5            [11]  104 	push	af
   0033 33            [ 6]  105 	inc	sp
   0034 21 00 C0      [10]  106 	ld	hl, #0xc000
   0037 E5            [11]  107 	push	hl
   0038 CDr00r00      [17]  108 	call	_cpct_getScreenPtr
                            109 ;src/systems/tilemap.c:22: cpct_drawSolidBox(pvmem,      cpct_px2byteM0(1, 1), 40, 8);
   003B E5            [11]  110 	push	hl
   003C 21 01 01      [10]  111 	ld	hl, #0x0101
   003F E5            [11]  112 	push	hl
   0040 CDr00r00      [17]  113 	call	_cpct_px2byteM0
   0043 55            [ 4]  114 	ld	d, l
   0044 C1            [10]  115 	pop	bc
   0045 C5            [11]  116 	push	bc
   0046 FD E1         [14]  117 	pop	iy
   0048 C5            [11]  118 	push	bc
   0049 21 28 08      [10]  119 	ld	hl, #0x0828
   004C E5            [11]  120 	push	hl
   004D D5            [11]  121 	push	de
   004E 33            [ 6]  122 	inc	sp
   004F FD E5         [15]  123 	push	iy
   0051 CDr00r00      [17]  124 	call	_cpct_drawSolidBox
   0054 F1            [10]  125 	pop	af
   0055 33            [ 6]  126 	inc	sp
   0056 21 01 01      [10]  127 	ld	hl,#0x0101
   0059 E3            [19]  128 	ex	(sp),hl
   005A CDr00r00      [17]  129 	call	_cpct_px2byteM0
   005D 55            [ 4]  130 	ld	d, l
   005E C1            [10]  131 	pop	bc
   005F 21 28 00      [10]  132 	ld	hl, #0x0028
   0062 09            [11]  133 	add	hl,bc
   0063 4D            [ 4]  134 	ld	c, l
   0064 44            [ 4]  135 	ld	b, h
   0065 21 28 08      [10]  136 	ld	hl, #0x0828
   0068 E5            [11]  137 	push	hl
   0069 D5            [11]  138 	push	de
   006A 33            [ 6]  139 	inc	sp
   006B C5            [11]  140 	push	bc
   006C CDr00r00      [17]  141 	call	_cpct_drawSolidBox
   006F F1            [10]  142 	pop	af
   0070 F1            [10]  143 	pop	af
   0071 33            [ 6]  144 	inc	sp
                            145 ;src/systems/tilemap.c:25: pvmem = cpct_getScreenPtr(CPCT_VMEM_START, 24, gtileplatformy);
   0072 3Ar01r00      [13]  146 	ld	a, (_gtileplatformy)
   0075 57            [ 4]  147 	ld	d,a
   0076 1E 18         [ 7]  148 	ld	e,#0x18
   0078 D5            [11]  149 	push	de
   0079 21 00 C0      [10]  150 	ld	hl, #0xc000
   007C E5            [11]  151 	push	hl
   007D CDr00r00      [17]  152 	call	_cpct_getScreenPtr
                            153 ;src/systems/tilemap.c:26: cpct_drawSolidBox(pvmem, cpct_px2byteM0(2, 2), 32, 4);
   0080 E5            [11]  154 	push	hl
   0081 21 02 02      [10]  155 	ld	hl, #0x0202
   0084 E5            [11]  156 	push	hl
   0085 CDr00r00      [17]  157 	call	_cpct_px2byteM0
   0088 55            [ 4]  158 	ld	d, l
   0089 C1            [10]  159 	pop	bc
   008A 21 20 04      [10]  160 	ld	hl, #0x0420
   008D E5            [11]  161 	push	hl
   008E D5            [11]  162 	push	de
   008F 33            [ 6]  163 	inc	sp
   0090 C5            [11]  164 	push	bc
   0091 CDr00r00      [17]  165 	call	_cpct_drawSolidBox
   0094 F1            [10]  166 	pop	af
   0095 F1            [10]  167 	pop	af
   0096 33            [ 6]  168 	inc	sp
                            169 ;src/systems/tilemap.c:28: pvmem = cpct_getScreenPtr(CPCT_VMEM_START, 56, gtilegroundy - 2);
   0097 21r00r00      [10]  170 	ld	hl,#_gtilegroundy + 0
   009A 46            [ 7]  171 	ld	b, (hl)
   009B 05            [ 4]  172 	dec	b
   009C 05            [ 4]  173 	dec	b
   009D C5            [11]  174 	push	bc
   009E 33            [ 6]  175 	inc	sp
   009F 3E 38         [ 7]  176 	ld	a, #0x38
   00A1 F5            [11]  177 	push	af
   00A2 33            [ 6]  178 	inc	sp
   00A3 21 00 C0      [10]  179 	ld	hl, #0xc000
   00A6 E5            [11]  180 	push	hl
   00A7 CDr00r00      [17]  181 	call	_cpct_getScreenPtr
                            182 ;src/systems/tilemap.c:29: cpct_drawSolidBox(pvmem, cpct_px2byteM0(3, 3), 16, 2);
   00AA E5            [11]  183 	push	hl
   00AB 21 03 03      [10]  184 	ld	hl, #0x0303
   00AE E5            [11]  185 	push	hl
   00AF CDr00r00      [17]  186 	call	_cpct_px2byteM0
   00B2 55            [ 4]  187 	ld	d, l
   00B3 C1            [10]  188 	pop	bc
   00B4 21 10 02      [10]  189 	ld	hl, #0x0210
   00B7 E5            [11]  190 	push	hl
   00B8 D5            [11]  191 	push	de
   00B9 33            [ 6]  192 	inc	sp
   00BA C5            [11]  193 	push	bc
   00BB CDr00r00      [17]  194 	call	_cpct_drawSolidBox
   00BE F1            [10]  195 	pop	af
   00BF F1            [10]  196 	pop	af
   00C0 33            [ 6]  197 	inc	sp
                            198 ;src/systems/tilemap.c:31: pvmem = cpct_getScreenPtr(CPCT_VMEM_START, ggoalx, gtilegroundy - 16);
   00C1 3Ar00r00      [13]  199 	ld	a,(#_gtilegroundy + 0)
   00C4 C6 F0         [ 7]  200 	add	a, #0xf0
   00C6 47            [ 4]  201 	ld	b, a
   00C7 C5            [11]  202 	push	bc
   00C8 33            [ 6]  203 	inc	sp
   00C9 3Ar02r00      [13]  204 	ld	a, (_ggoalx)
   00CC F5            [11]  205 	push	af
   00CD 33            [ 6]  206 	inc	sp
   00CE 21 00 C0      [10]  207 	ld	hl, #0xc000
   00D1 E5            [11]  208 	push	hl
   00D2 CDr00r00      [17]  209 	call	_cpct_getScreenPtr
                            210 ;src/systems/tilemap.c:32: cpct_drawSolidBox(pvmem, cpct_px2byteM0(5, 5), 2, 16);
   00D5 E5            [11]  211 	push	hl
   00D6 21 05 05      [10]  212 	ld	hl, #0x0505
   00D9 E5            [11]  213 	push	hl
   00DA CDr00r00      [17]  214 	call	_cpct_px2byteM0
   00DD 55            [ 4]  215 	ld	d, l
   00DE C1            [10]  216 	pop	bc
   00DF 21 02 10      [10]  217 	ld	hl, #0x1002
   00E2 E5            [11]  218 	push	hl
   00E3 D5            [11]  219 	push	de
   00E4 33            [ 6]  220 	inc	sp
   00E5 C5            [11]  221 	push	bc
   00E6 CDr00r00      [17]  222 	call	_cpct_drawSolidBox
   00E9 F1            [10]  223 	pop	af
   00EA F1            [10]  224 	pop	af
   00EB 33            [ 6]  225 	inc	sp
   00EC C9            [10]  226 	ret
                            227 ;src/systems/tilemap.c:35: u8 tilemap_ground_y(void) {
                            228 ;	---------------------------------
                            229 ; Function tilemap_ground_y
                            230 ; ---------------------------------
   00ED                     231 _tilemap_ground_y::
                            232 ;src/systems/tilemap.c:36: return gtilegroundy;
   00ED FD 21r00r00   [14]  233 	ld	iy, #_gtilegroundy
   00F1 FD 6E 00      [19]  234 	ld	l, 0 (iy)
   00F4 C9            [10]  235 	ret
                            236 ;src/systems/tilemap.c:39: u8 tilemap_platform_y_at(i16 x) {
                            237 ;	---------------------------------
                            238 ; Function tilemap_platform_y_at
                            239 ; ---------------------------------
   00F5                     240 _tilemap_platform_y_at::
                            241 ;src/systems/tilemap.c:40: if (x >= 24 && x <= 56) {
   00F5 FD 21 02 00   [14]  242 	ld	iy, #2
   00F9 FD 39         [15]  243 	add	iy, sp
   00FB FD 7E 00      [19]  244 	ld	a, 0 (iy)
   00FE D6 18         [ 7]  245 	sub	a, #0x18
   0100 FD 7E 01      [19]  246 	ld	a, 1 (iy)
   0103 17            [ 4]  247 	rla
   0104 3F            [ 4]  248 	ccf
   0105 1F            [ 4]  249 	rra
   0106 DE 80         [ 7]  250 	sbc	a, #0x80
   0108 38 1A         [12]  251 	jr	C,00102$
   010A 3E 38         [ 7]  252 	ld	a, #0x38
   010C FD BE 00      [19]  253 	cp	a, 0 (iy)
   010F 3E 00         [ 7]  254 	ld	a, #0x00
   0111 FD 9E 01      [19]  255 	sbc	a, 1 (iy)
   0114 E2r19r01      [10]  256 	jp	PO, 00114$
   0117 EE 80         [ 7]  257 	xor	a, #0x80
   0119                     258 00114$:
   0119 FAr24r01      [10]  259 	jp	M, 00102$
                            260 ;src/systems/tilemap.c:41: return gtileplatformy;
   011C FD 21r01r00   [14]  261 	ld	iy, #_gtileplatformy
   0120 FD 6E 00      [19]  262 	ld	l, 0 (iy)
   0123 C9            [10]  263 	ret
   0124                     264 00102$:
                            265 ;src/systems/tilemap.c:43: return 255;
   0124 2E FF         [ 7]  266 	ld	l, #0xff
   0126 C9            [10]  267 	ret
                            268 ;src/systems/tilemap.c:46: u8 tilemap_is_trap(i16 x, i16 y, u8 w, u8 h) {
                            269 ;	---------------------------------
                            270 ; Function tilemap_is_trap
                            271 ; ---------------------------------
   0127                     272 _tilemap_is_trap::
   0127 DD E5         [15]  273 	push	ix
   0129 DD 21 00 00   [14]  274 	ld	ix,#0
   012D DD 39         [15]  275 	add	ix,sp
   012F F5            [11]  276 	push	af
                            277 ;src/systems/tilemap.c:51: left = x;
   0130 DD 4E 04      [19]  278 	ld	c,4 (ix)
   0133 DD 46 05      [19]  279 	ld	b,5 (ix)
                            280 ;src/systems/tilemap.c:52: right = x + (i16)w;
   0136 DD 6E 08      [19]  281 	ld	l, 8 (ix)
   0139 26 00         [ 7]  282 	ld	h, #0x00
   013B 09            [11]  283 	add	hl, bc
   013C 33            [ 6]  284 	inc	sp
   013D 33            [ 6]  285 	inc	sp
   013E E5            [11]  286 	push	hl
                            287 ;src/systems/tilemap.c:53: feet = y + (i16)h;
   013F DD 5E 09      [19]  288 	ld	e, 9 (ix)
   0142 16 00         [ 7]  289 	ld	d, #0x00
   0144 DD 6E 06      [19]  290 	ld	l,6 (ix)
   0147 DD 66 07      [19]  291 	ld	h,7 (ix)
   014A 19            [11]  292 	add	hl, de
   014B EB            [ 4]  293 	ex	de,hl
                            294 ;src/systems/tilemap.c:55: if (feet >= (i16)gtilegroundy - 2 && left < 72 && right > 56) {
   014C FD 21r00r00   [14]  295 	ld	iy, #_gtilegroundy
   0150 FD 6E 00      [19]  296 	ld	l, 0 (iy)
   0153 26 00         [ 7]  297 	ld	h, #0x00
   0155 2B            [ 6]  298 	dec	hl
   0156 2B            [ 6]  299 	dec	hl
   0157 7B            [ 4]  300 	ld	a, e
   0158 95            [ 4]  301 	sub	a, l
   0159 7A            [ 4]  302 	ld	a, d
   015A 9C            [ 4]  303 	sbc	a, h
   015B E2r60r01      [10]  304 	jp	PO, 00119$
   015E EE 80         [ 7]  305 	xor	a, #0x80
   0160                     306 00119$:
   0160 FAr84r01      [10]  307 	jp	M, 00102$
   0163 79            [ 4]  308 	ld	a, c
   0164 D6 48         [ 7]  309 	sub	a, #0x48
   0166 78            [ 4]  310 	ld	a, b
   0167 17            [ 4]  311 	rla
   0168 3F            [ 4]  312 	ccf
   0169 1F            [ 4]  313 	rra
   016A DE 80         [ 7]  314 	sbc	a, #0x80
   016C 30 16         [12]  315 	jr	NC,00102$
   016E 3E 38         [ 7]  316 	ld	a, #0x38
   0170 DD BE FE      [19]  317 	cp	a, -2 (ix)
   0173 3E 00         [ 7]  318 	ld	a, #0x00
   0175 DD 9E FF      [19]  319 	sbc	a, -1 (ix)
   0178 E2r7Dr01      [10]  320 	jp	PO, 00120$
   017B EE 80         [ 7]  321 	xor	a, #0x80
   017D                     322 00120$:
   017D F2r84r01      [10]  323 	jp	P, 00102$
                            324 ;src/systems/tilemap.c:56: return 1;
   0180 2E 01         [ 7]  325 	ld	l, #0x01
   0182 18 02         [12]  326 	jr	00105$
   0184                     327 00102$:
                            328 ;src/systems/tilemap.c:58: return 0;
   0184 2E 00         [ 7]  329 	ld	l, #0x00
   0186                     330 00105$:
   0186 DD F9         [10]  331 	ld	sp, ix
   0188 DD E1         [14]  332 	pop	ix
   018A C9            [10]  333 	ret
                            334 ;src/systems/tilemap.c:61: u8 tilemap_is_ladder(i16 x, i16 y, u8 w, u8 h) {
                            335 ;	---------------------------------
                            336 ; Function tilemap_is_ladder
                            337 ; ---------------------------------
   018B                     338 _tilemap_is_ladder::
                            339 ;src/systems/tilemap.c:66: return 0;
   018B 2E 00         [ 7]  340 	ld	l, #0x00
   018D C9            [10]  341 	ret
                            342 ;src/systems/tilemap.c:69: u8 tilemap_is_hidden_zone(i16 x, i16 y, u8 w, u8 h) {
                            343 ;	---------------------------------
                            344 ; Function tilemap_is_hidden_zone
                            345 ; ---------------------------------
   018E                     346 _tilemap_is_hidden_zone::
                            347 ;src/systems/tilemap.c:74: return 0;
   018E 2E 00         [ 7]  348 	ld	l, #0x00
   0190 C9            [10]  349 	ret
                            350 ;src/systems/tilemap.c:77: u8 tilemap_goal_x(void) {
                            351 ;	---------------------------------
                            352 ; Function tilemap_goal_x
                            353 ; ---------------------------------
   0191                     354 _tilemap_goal_x::
                            355 ;src/systems/tilemap.c:78: return ggoalx;
   0191 FD 21r02r00   [14]  356 	ld	iy, #_ggoalx
   0195 FD 6E 00      [19]  357 	ld	l, 0 (iy)
   0198 C9            [10]  358 	ret
                            359 	.area _CODE
                            360 	.area _INITIALIZER
   0000                     361 __xinit__gtilegroundy:
   0000 A0                  362 	.db #0xa0	; 160
   0001                     363 __xinit__gtileplatformy:
   0001 80                  364 	.db #0x80	; 128
   0002                     365 __xinit__ggoalx:
   0002 48                  366 	.db #0x48	; 72	'H'
                            367 	.area _CABS (ABS)
