                              1 ;--------------------------------------------------------
                              2 ; File Created by SDCC : free open source ANSI-C Compiler
                              3 ; Version 3.6.8 #9946 (Mac OS X ppc)
                              4 ;--------------------------------------------------------
                              5 	.module level1
                              6 	.optsdcc -mz80
                              7 	
                              8 ;--------------------------------------------------------
                              9 ; Public variables in this module
                             10 ;--------------------------------------------------------
                             11 	.globl _gpalette
                             12 	.globl _level1tileproperties
                             13 	.globl _level1tilemap
                             14 	.globl _level1tilemapheight
                             15 	.globl _level1tilemapwidth
                             16 ;--------------------------------------------------------
                             17 ; special function registers
                             18 ;--------------------------------------------------------
                             19 ;--------------------------------------------------------
                             20 ; ram data
                             21 ;--------------------------------------------------------
                             22 	.area _DATA
                             23 ;--------------------------------------------------------
                             24 ; ram data
                             25 ;--------------------------------------------------------
                             26 	.area _INITIALIZED
                             27 ;--------------------------------------------------------
                             28 ; absolute external ram data
                             29 ;--------------------------------------------------------
                             30 	.area _DABS (ABS)
                             31 ;--------------------------------------------------------
                             32 ; global & static initialisations
                             33 ;--------------------------------------------------------
                             34 	.area _HOME
                             35 	.area _GSINIT
                             36 	.area _GSFINAL
                             37 	.area _GSINIT
                             38 ;--------------------------------------------------------
                             39 ; Home
                             40 ;--------------------------------------------------------
                             41 	.area _HOME
                             42 	.area _HOME
                             43 ;--------------------------------------------------------
                             44 ; code
                             45 ;--------------------------------------------------------
                             46 	.area _CODE
                             47 	.area _CODE
   0000                      48 _level1tilemapwidth:
   0000 14 00                49 	.dw #0x0014
   0002                      50 _level1tilemapheight:
   0002 12 00                51 	.dw #0x0012
   0004                      52 _level1tilemap:
   0004 01                   53 	.db #0x01	; 1
   0005 01                   54 	.db #0x01	; 1
   0006 01                   55 	.db #0x01	; 1
   0007 01                   56 	.db #0x01	; 1
   0008 01                   57 	.db #0x01	; 1
   0009 01                   58 	.db #0x01	; 1
   000A 01                   59 	.db #0x01	; 1
   000B 01                   60 	.db #0x01	; 1
   000C 01                   61 	.db #0x01	; 1
   000D 01                   62 	.db #0x01	; 1
   000E 01                   63 	.db #0x01	; 1
   000F 00                   64 	.db #0x00	; 0
   0010 00                   65 	.db #0x00	; 0
   0011 00                   66 	.db #0x00	; 0
   0012 00                   67 	.db #0x00	; 0
   0013 00                   68 	.db #0x00	; 0
   0014 00                   69 	.db #0x00	; 0
   0015 00                   70 	.db #0x00	; 0
   0016 00                   71 	.db #0x00	; 0
   0017 01                   72 	.db #0x01	; 1
   0018 01                   73 	.db #0x01	; 1
   0019 01                   74 	.db #0x01	; 1
   001A 01                   75 	.db #0x01	; 1
   001B 01                   76 	.db #0x01	; 1
   001C 01                   77 	.db #0x01	; 1
   001D 01                   78 	.db #0x01	; 1
   001E 01                   79 	.db #0x01	; 1
   001F 01                   80 	.db #0x01	; 1
   0020 01                   81 	.db #0x01	; 1
   0021 01                   82 	.db #0x01	; 1
   0022                      83 _level1tileproperties:
   0022 00                   84 	.db #0x00	; 0
   0023 01                   85 	.db #0x01	; 1
   0024                      86 _gpalette:
   0024 00                   87 	.db #0x00	; 0
   0025 01                   88 	.db #0x01	; 1
   0026 02                   89 	.db #0x02	; 2
   0027 03                   90 	.db #0x03	; 3
   0028 06                   91 	.db #0x06	; 6
   0029 07                   92 	.db #0x07	; 7
   002A 09                   93 	.db #0x09	; 9
   002B 0A                   94 	.db #0x0a	; 10
   002C 0B                   95 	.db #0x0b	; 11
   002D 0C                   96 	.db #0x0c	; 12
   002E 0D                   97 	.db #0x0d	; 13
   002F 0F                   98 	.db #0x0f	; 15
   0030 10                   99 	.db #0x10	; 16
   0031 12                  100 	.db #0x12	; 18
   0032 18                  101 	.db #0x18	; 24
   0033 1A                  102 	.db #0x1a	; 26
                            103 	.area _INITIALIZER
                            104 	.area _CABS (ABS)
