                              1 ;--------------------------------------------------------
                              2 ; File Created by SDCC : free open source ANSI-C Compiler
                              3 ; Version 3.6.8 #9946 (Mac OS X ppc)
                              4 ;--------------------------------------------------------
                              5 	.module enemy
                              6 	.optsdcc -mz80
                              7 	
                              8 ;--------------------------------------------------------
                              9 ; Public variables in this module
                             10 ;--------------------------------------------------------
                             11 	.globl _collision_clamp_y_at
                             12 	.globl _collision_is_on_ground_at
                             13 	.globl _cpct_getScreenPtr
                             14 	.globl _cpct_drawSolidBox
                             15 	.globl _enemyinit
                             16 	.globl _enemyspawn
                             17 	.globl _enemyupdate
                             18 	.globl _enemyrender
                             19 	.globl _enemydamage
                             20 ;--------------------------------------------------------
                             21 ; special function registers
                             22 ;--------------------------------------------------------
                             23 ;--------------------------------------------------------
                             24 ; ram data
                             25 ;--------------------------------------------------------
                             26 	.area _DATA
                             27 ;--------------------------------------------------------
                             28 ; ram data
                             29 ;--------------------------------------------------------
                             30 	.area _INITIALIZED
                             31 ;--------------------------------------------------------
                             32 ; absolute external ram data
                             33 ;--------------------------------------------------------
                             34 	.area _DABS (ABS)
                             35 ;--------------------------------------------------------
                             36 ; global & static initialisations
                             37 ;--------------------------------------------------------
                             38 	.area _HOME
                             39 	.area _GSINIT
                             40 	.area _GSFINAL
                             41 	.area _GSINIT
                             42 ;--------------------------------------------------------
                             43 ; Home
                             44 ;--------------------------------------------------------
                             45 	.area _HOME
                             46 	.area _HOME
                             47 ;--------------------------------------------------------
                             48 ; code
                             49 ;--------------------------------------------------------
                             50 	.area _CODE
                             51 ;src/entities/enemy.c:5: void enemyinit(Enemy* enemy) {
                             52 ;	---------------------------------
                             53 ; Function enemyinit
                             54 ; ---------------------------------
   0000                      55 _enemyinit::
                             56 ;src/entities/enemy.c:6: if (!enemy) {
   0000 21 03 00      [10]   57 	ld	hl, #2+1
   0003 39            [11]   58 	add	hl, sp
   0004 7E            [ 7]   59 	ld	a, (hl)
   0005 2B            [ 6]   60 	dec	hl
   0006 B6            [ 7]   61 	or	a,(hl)
                             62 ;src/entities/enemy.c:7: return;
   0007 C8            [11]   63 	ret	Z
                             64 ;src/entities/enemy.c:10: enemy->x = 0;
   0008 D1            [10]   65 	pop	de
   0009 C1            [10]   66 	pop	bc
   000A C5            [11]   67 	push	bc
   000B D5            [11]   68 	push	de
   000C AF            [ 4]   69 	xor	a, a
   000D 02            [ 7]   70 	ld	(bc), a
                             71 ;src/entities/enemy.c:11: enemy->y = 0;
   000E 59            [ 4]   72 	ld	e, c
   000F 50            [ 4]   73 	ld	d, b
   0010 13            [ 6]   74 	inc	de
   0011 AF            [ 4]   75 	xor	a, a
   0012 12            [ 7]   76 	ld	(de), a
                             77 ;src/entities/enemy.c:12: enemy->vx = 0;
   0013 59            [ 4]   78 	ld	e, c
   0014 50            [ 4]   79 	ld	d, b
   0015 13            [ 6]   80 	inc	de
   0016 13            [ 6]   81 	inc	de
   0017 AF            [ 4]   82 	xor	a, a
   0018 12            [ 7]   83 	ld	(de), a
                             84 ;src/entities/enemy.c:13: enemy->vy = 0;
   0019 59            [ 4]   85 	ld	e, c
   001A 50            [ 4]   86 	ld	d, b
   001B 13            [ 6]   87 	inc	de
   001C 13            [ 6]   88 	inc	de
   001D 13            [ 6]   89 	inc	de
   001E AF            [ 4]   90 	xor	a, a
   001F 12            [ 7]   91 	ld	(de), a
                             92 ;src/entities/enemy.c:14: enemy->w = 4;
   0020 21 04 00      [10]   93 	ld	hl, #0x0004
   0023 09            [11]   94 	add	hl, bc
   0024 36 04         [10]   95 	ld	(hl), #0x04
                             96 ;src/entities/enemy.c:15: enemy->h = 16;
   0026 21 05 00      [10]   97 	ld	hl, #0x0005
   0029 09            [11]   98 	add	hl, bc
   002A 36 10         [10]   99 	ld	(hl), #0x10
                            100 ;src/entities/enemy.c:16: enemy->active = 0;
   002C 21 06 00      [10]  101 	ld	hl, #0x0006
   002F 09            [11]  102 	add	hl, bc
   0030 36 00         [10]  103 	ld	(hl), #0x00
                            104 ;src/entities/enemy.c:17: enemy->health = 1;
   0032 21 07 00      [10]  105 	ld	hl, #0x0007
   0035 09            [11]  106 	add	hl, bc
   0036 36 01         [10]  107 	ld	(hl), #0x01
                            108 ;src/entities/enemy.c:18: enemy->reward = 100;
   0038 21 08 00      [10]  109 	ld	hl, #0x0008
   003B 09            [11]  110 	add	hl, bc
   003C 36 64         [10]  111 	ld	(hl), #0x64
   003E C9            [10]  112 	ret
                            113 ;src/entities/enemy.c:21: void enemyspawn(Enemy* enemy, u8 x, u8 y, u8 move_right) {
                            114 ;	---------------------------------
                            115 ; Function enemyspawn
                            116 ; ---------------------------------
   003F                     117 _enemyspawn::
                            118 ;src/entities/enemy.c:22: if (!enemy) {
   003F 21 03 00      [10]  119 	ld	hl, #2+1
   0042 39            [11]  120 	add	hl, sp
   0043 7E            [ 7]  121 	ld	a, (hl)
   0044 2B            [ 6]  122 	dec	hl
   0045 B6            [ 7]  123 	or	a,(hl)
                            124 ;src/entities/enemy.c:23: return;
   0046 C8            [11]  125 	ret	Z
                            126 ;src/entities/enemy.c:26: enemy->x = x;
   0047 D1            [10]  127 	pop	de
   0048 C1            [10]  128 	pop	bc
   0049 C5            [11]  129 	push	bc
   004A D5            [11]  130 	push	de
   004B 21 04 00      [10]  131 	ld	hl, #4+0
   004E 39            [11]  132 	add	hl, sp
   004F 7E            [ 7]  133 	ld	a, (hl)
   0050 02            [ 7]  134 	ld	(bc), a
                            135 ;src/entities/enemy.c:27: enemy->y = y;
   0051 59            [ 4]  136 	ld	e, c
   0052 50            [ 4]  137 	ld	d, b
   0053 13            [ 6]  138 	inc	de
   0054 21 05 00      [10]  139 	ld	hl, #5+0
   0057 39            [11]  140 	add	hl, sp
   0058 7E            [ 7]  141 	ld	a, (hl)
   0059 12            [ 7]  142 	ld	(de), a
                            143 ;src/entities/enemy.c:28: enemy->vx = move_right ? 1 : -1;
   005A 59            [ 4]  144 	ld	e, c
   005B 50            [ 4]  145 	ld	d, b
   005C 13            [ 6]  146 	inc	de
   005D 13            [ 6]  147 	inc	de
   005E 21 06 00      [10]  148 	ld	hl, #6+0
   0061 39            [11]  149 	add	hl, sp
   0062 7E            [ 7]  150 	ld	a, (hl)
   0063 B7            [ 4]  151 	or	a, a
   0064 28 04         [12]  152 	jr	Z,00105$
   0066 3E 01         [ 7]  153 	ld	a, #0x01
   0068 18 02         [12]  154 	jr	00106$
   006A                     155 00105$:
   006A 3E FF         [ 7]  156 	ld	a, #0xff
   006C                     157 00106$:
   006C 12            [ 7]  158 	ld	(de), a
                            159 ;src/entities/enemy.c:29: enemy->vy = 0;
   006D 59            [ 4]  160 	ld	e, c
   006E 50            [ 4]  161 	ld	d, b
   006F 13            [ 6]  162 	inc	de
   0070 13            [ 6]  163 	inc	de
   0071 13            [ 6]  164 	inc	de
   0072 AF            [ 4]  165 	xor	a, a
   0073 12            [ 7]  166 	ld	(de), a
                            167 ;src/entities/enemy.c:30: enemy->active = 1;
   0074 21 06 00      [10]  168 	ld	hl, #0x0006
   0077 09            [11]  169 	add	hl, bc
   0078 36 01         [10]  170 	ld	(hl), #0x01
                            171 ;src/entities/enemy.c:31: enemy->health = 1;
   007A 21 07 00      [10]  172 	ld	hl, #0x0007
   007D 09            [11]  173 	add	hl, bc
   007E 36 01         [10]  174 	ld	(hl), #0x01
   0080 C9            [10]  175 	ret
                            176 ;src/entities/enemy.c:34: void enemyupdate(Enemy* enemy) {
                            177 ;	---------------------------------
                            178 ; Function enemyupdate
                            179 ; ---------------------------------
   0081                     180 _enemyupdate::
   0081 DD E5         [15]  181 	push	ix
   0083 DD 21 00 00   [14]  182 	ld	ix,#0
   0087 DD 39         [15]  183 	add	ix,sp
   0089 21 FA FF      [10]  184 	ld	hl, #-6
   008C 39            [11]  185 	add	hl, sp
   008D F9            [ 6]  186 	ld	sp, hl
                            187 ;src/entities/enemy.c:38: if (!enemy || !enemy->active) {
   008E DD 7E 05      [19]  188 	ld	a, 5 (ix)
   0091 DD B6 04      [19]  189 	or	a,4 (ix)
   0094 CAr9Cr01      [10]  190 	jp	Z,00113$
   0097 DD 7E 04      [19]  191 	ld	a, 4 (ix)
   009A DD 77 FE      [19]  192 	ld	-2 (ix), a
   009D DD 7E 05      [19]  193 	ld	a, 5 (ix)
   00A0 DD 77 FF      [19]  194 	ld	-1 (ix), a
   00A3 DD 6E FE      [19]  195 	ld	l,-2 (ix)
   00A6 DD 66 FF      [19]  196 	ld	h,-1 (ix)
   00A9 11 06 00      [10]  197 	ld	de, #0x0006
   00AC 19            [11]  198 	add	hl, de
   00AD 7E            [ 7]  199 	ld	a, (hl)
   00AE B7            [ 4]  200 	or	a, a
                            201 ;src/entities/enemy.c:39: return;
   00AF CAr9Cr01      [10]  202 	jp	Z,00113$
                            203 ;src/entities/enemy.c:42: nextx = (i16)enemy->x + (i16)enemy->vx;
   00B2 DD 6E FE      [19]  204 	ld	l,-2 (ix)
   00B5 DD 66 FF      [19]  205 	ld	h,-1 (ix)
   00B8 5E            [ 7]  206 	ld	e, (hl)
   00B9 16 00         [ 7]  207 	ld	d, #0x00
   00BB DD 4E FE      [19]  208 	ld	c,-2 (ix)
   00BE DD 46 FF      [19]  209 	ld	b,-1 (ix)
   00C1 03            [ 6]  210 	inc	bc
   00C2 03            [ 6]  211 	inc	bc
   00C3 0A            [ 7]  212 	ld	a, (bc)
   00C4 6F            [ 4]  213 	ld	l, a
   00C5 17            [ 4]  214 	rla
   00C6 9F            [ 4]  215 	sbc	a, a
   00C7 67            [ 4]  216 	ld	h, a
   00C8 19            [11]  217 	add	hl,de
   00C9 EB            [ 4]  218 	ex	de,hl
                            219 ;src/entities/enemy.c:43: if (nextx < 2) {
   00CA 7B            [ 4]  220 	ld	a, e
   00CB D6 02         [ 7]  221 	sub	a, #0x02
   00CD 7A            [ 4]  222 	ld	a, d
   00CE 17            [ 4]  223 	rla
   00CF 3F            [ 4]  224 	ccf
   00D0 1F            [ 4]  225 	rra
   00D1 DE 80         [ 7]  226 	sbc	a, #0x80
   00D3 30 06         [12]  227 	jr	NC,00105$
                            228 ;src/entities/enemy.c:44: nextx = 2;
   00D5 11 02 00      [10]  229 	ld	de, #0x0002
                            230 ;src/entities/enemy.c:45: enemy->vx = 1;
   00D8 3E 01         [ 7]  231 	ld	a, #0x01
   00DA 02            [ 7]  232 	ld	(bc), a
   00DB                     233 00105$:
                            234 ;src/entities/enemy.c:47: if (nextx > 74) {
   00DB 3E 4A         [ 7]  235 	ld	a, #0x4a
   00DD BB            [ 4]  236 	cp	a, e
   00DE 3E 00         [ 7]  237 	ld	a, #0x00
   00E0 9A            [ 4]  238 	sbc	a, d
   00E1 E2rE6r00      [10]  239 	jp	PO, 00139$
   00E4 EE 80         [ 7]  240 	xor	a, #0x80
   00E6                     241 00139$:
   00E6 F2rEFr00      [10]  242 	jp	P, 00107$
                            243 ;src/entities/enemy.c:48: nextx = 74;
   00E9 11 4A 00      [10]  244 	ld	de, #0x004a
                            245 ;src/entities/enemy.c:49: enemy->vx = -1;
   00EC 3E FF         [ 7]  246 	ld	a, #0xff
   00EE 02            [ 7]  247 	ld	(bc), a
   00EF                     248 00107$:
                            249 ;src/entities/enemy.c:51: enemy->x = (u8)nextx;
   00EF DD 6E FE      [19]  250 	ld	l,-2 (ix)
   00F2 DD 66 FF      [19]  251 	ld	h,-1 (ix)
   00F5 73            [ 7]  252 	ld	(hl), e
                            253 ;src/entities/enemy.c:53: enemy->vy = (i8)(enemy->vy + 1);
   00F6 DD 5E FE      [19]  254 	ld	e,-2 (ix)
   00F9 DD 56 FF      [19]  255 	ld	d,-1 (ix)
   00FC 13            [ 6]  256 	inc	de
   00FD 13            [ 6]  257 	inc	de
   00FE 13            [ 6]  258 	inc	de
   00FF 1A            [ 7]  259 	ld	a, (de)
   0100 4F            [ 4]  260 	ld	c, a
   0101 0C            [ 4]  261 	inc	c
   0102 79            [ 4]  262 	ld	a, c
   0103 12            [ 7]  263 	ld	(de), a
                            264 ;src/entities/enemy.c:54: if (enemy->vy > 3) enemy->vy = 3;
   0104 3E 03         [ 7]  265 	ld	a, #0x03
   0106 91            [ 4]  266 	sub	a, c
   0107 E2r0Cr01      [10]  267 	jp	PO, 00140$
   010A EE 80         [ 7]  268 	xor	a, #0x80
   010C                     269 00140$:
   010C F2r12r01      [10]  270 	jp	P, 00109$
   010F 3E 03         [ 7]  271 	ld	a, #0x03
   0111 12            [ 7]  272 	ld	(de), a
   0112                     273 00109$:
                            274 ;src/entities/enemy.c:55: nexty = (i16)enemy->y + (i16)enemy->vy;
   0112 DD 7E FE      [19]  275 	ld	a, -2 (ix)
   0115 C6 01         [ 7]  276 	add	a, #0x01
   0117 DD 77 FC      [19]  277 	ld	-4 (ix), a
   011A DD 7E FF      [19]  278 	ld	a, -1 (ix)
   011D CE 00         [ 7]  279 	adc	a, #0x00
   011F DD 77 FD      [19]  280 	ld	-3 (ix), a
   0122 DD 6E FC      [19]  281 	ld	l,-4 (ix)
   0125 DD 66 FD      [19]  282 	ld	h,-3 (ix)
   0128 4E            [ 7]  283 	ld	c, (hl)
   0129 06 00         [ 7]  284 	ld	b, #0x00
   012B 1A            [ 7]  285 	ld	a, (de)
   012C 6F            [ 4]  286 	ld	l, a
   012D 17            [ 4]  287 	rla
   012E 9F            [ 4]  288 	sbc	a, a
   012F 67            [ 4]  289 	ld	h, a
   0130 09            [11]  290 	add	hl, bc
   0131 E5            [11]  291 	push	hl
   0132 FD E1         [14]  292 	pop	iy
                            293 ;src/entities/enemy.c:56: nexty = collision_clamp_y_at((i16)enemy->x, nexty, enemy->h);
   0134 DD 7E FE      [19]  294 	ld	a, -2 (ix)
   0137 C6 05         [ 7]  295 	add	a, #0x05
   0139 DD 77 FA      [19]  296 	ld	-6 (ix), a
   013C DD 7E FF      [19]  297 	ld	a, -1 (ix)
   013F CE 00         [ 7]  298 	adc	a, #0x00
   0141 DD 77 FB      [19]  299 	ld	-5 (ix), a
   0144 E1            [10]  300 	pop	hl
   0145 E5            [11]  301 	push	hl
   0146 7E            [ 7]  302 	ld	a, (hl)
   0147 DD 6E FE      [19]  303 	ld	l,-2 (ix)
   014A DD 66 FF      [19]  304 	ld	h,-1 (ix)
   014D 4E            [ 7]  305 	ld	c, (hl)
   014E 06 00         [ 7]  306 	ld	b, #0x00
   0150 D5            [11]  307 	push	de
   0151 F5            [11]  308 	push	af
   0152 33            [ 6]  309 	inc	sp
   0153 FD E5         [15]  310 	push	iy
   0155 C5            [11]  311 	push	bc
   0156 CDr00r00      [17]  312 	call	_collision_clamp_y_at
   0159 F1            [10]  313 	pop	af
   015A F1            [10]  314 	pop	af
   015B 33            [ 6]  315 	inc	sp
   015C D1            [10]  316 	pop	de
                            317 ;src/entities/enemy.c:57: enemy->y = (u8)nexty;
   015D 4D            [ 4]  318 	ld	c, l
   015E DD 6E FC      [19]  319 	ld	l,-4 (ix)
   0161 DD 66 FD      [19]  320 	ld	h,-3 (ix)
   0164 71            [ 7]  321 	ld	(hl), c
                            322 ;src/entities/enemy.c:58: if (collision_is_on_ground_at((i16)enemy->x, (i16)enemy->y, enemy->h) && enemy->vy > 0) {
   0165 E1            [10]  323 	pop	hl
   0166 E5            [11]  324 	push	hl
   0167 7E            [ 7]  325 	ld	a, (hl)
   0168 06 00         [ 7]  326 	ld	b, #0x00
   016A DD 6E FE      [19]  327 	ld	l,-2 (ix)
   016D DD 66 FF      [19]  328 	ld	h,-1 (ix)
   0170 6E            [ 7]  329 	ld	l, (hl)
   0171 DD 75 FA      [19]  330 	ld	-6 (ix), l
   0174 DD 36 FB 00   [19]  331 	ld	-5 (ix), #0x00
   0178 D5            [11]  332 	push	de
   0179 F5            [11]  333 	push	af
   017A 33            [ 6]  334 	inc	sp
   017B C5            [11]  335 	push	bc
   017C DD 6E FA      [19]  336 	ld	l,-6 (ix)
   017F DD 66 FB      [19]  337 	ld	h,-5 (ix)
   0182 E5            [11]  338 	push	hl
   0183 CDr00r00      [17]  339 	call	_collision_is_on_ground_at
   0186 F1            [10]  340 	pop	af
   0187 F1            [10]  341 	pop	af
   0188 33            [ 6]  342 	inc	sp
   0189 D1            [10]  343 	pop	de
   018A 7D            [ 4]  344 	ld	a, l
   018B B7            [ 4]  345 	or	a, a
   018C 28 0E         [12]  346 	jr	Z,00113$
   018E 1A            [ 7]  347 	ld	a, (de)
   018F 4F            [ 4]  348 	ld	c, a
   0190 AF            [ 4]  349 	xor	a, a
   0191 91            [ 4]  350 	sub	a, c
   0192 E2r97r01      [10]  351 	jp	PO, 00141$
   0195 EE 80         [ 7]  352 	xor	a, #0x80
   0197                     353 00141$:
   0197 F2r9Cr01      [10]  354 	jp	P, 00113$
                            355 ;src/entities/enemy.c:59: enemy->vy = 0;
   019A AF            [ 4]  356 	xor	a, a
   019B 12            [ 7]  357 	ld	(de), a
   019C                     358 00113$:
   019C DD F9         [10]  359 	ld	sp, ix
   019E DD E1         [14]  360 	pop	ix
   01A0 C9            [10]  361 	ret
                            362 ;src/entities/enemy.c:63: void enemyrender(const Enemy* enemy) {
                            363 ;	---------------------------------
                            364 ; Function enemyrender
                            365 ; ---------------------------------
   01A1                     366 _enemyrender::
   01A1 DD E5         [15]  367 	push	ix
   01A3 DD 21 00 00   [14]  368 	ld	ix,#0
   01A7 DD 39         [15]  369 	add	ix,sp
                            370 ;src/entities/enemy.c:66: if (!enemy || !enemy->active) {
   01A9 DD 7E 05      [19]  371 	ld	a, 5 (ix)
   01AC DD B6 04      [19]  372 	or	a,4 (ix)
   01AF 28 3C         [12]  373 	jr	Z,00104$
   01B1 DD 4E 04      [19]  374 	ld	c,4 (ix)
   01B4 DD 46 05      [19]  375 	ld	b,5 (ix)
   01B7 C5            [11]  376 	push	bc
   01B8 FD E1         [14]  377 	pop	iy
   01BA FD 7E 06      [19]  378 	ld	a, 6 (iy)
   01BD B7            [ 4]  379 	or	a, a
                            380 ;src/entities/enemy.c:67: return;
   01BE 28 2D         [12]  381 	jr	Z,00104$
                            382 ;src/entities/enemy.c:70: pvmem = cpct_getScreenPtr(CPCT_VMEM_START, enemy->x, enemy->y);
   01C0 69            [ 4]  383 	ld	l, c
   01C1 60            [ 4]  384 	ld	h, b
   01C2 23            [ 6]  385 	inc	hl
   01C3 56            [ 7]  386 	ld	d, (hl)
   01C4 0A            [ 7]  387 	ld	a, (bc)
   01C5 C5            [11]  388 	push	bc
   01C6 5F            [ 4]  389 	ld	e, a
   01C7 D5            [11]  390 	push	de
   01C8 21 00 C0      [10]  391 	ld	hl, #0xc000
   01CB E5            [11]  392 	push	hl
   01CC CDr00r00      [17]  393 	call	_cpct_getScreenPtr
   01CF EB            [ 4]  394 	ex	de,hl
   01D0 C1            [10]  395 	pop	bc
                            396 ;src/entities/enemy.c:71: cpct_drawSolidBox(pvmem, 0x5C, enemy->w, enemy->h);
   01D1 C5            [11]  397 	push	bc
   01D2 FD E1         [14]  398 	pop	iy
   01D4 FD 7E 05      [19]  399 	ld	a, 5 (iy)
   01D7 69            [ 4]  400 	ld	l, c
   01D8 60            [ 4]  401 	ld	h, b
   01D9 01 04 00      [10]  402 	ld	bc, #0x0004
   01DC 09            [11]  403 	add	hl, bc
   01DD 46            [ 7]  404 	ld	b, (hl)
   01DE F5            [11]  405 	push	af
   01DF 33            [ 6]  406 	inc	sp
   01E0 C5            [11]  407 	push	bc
   01E1 33            [ 6]  408 	inc	sp
   01E2 3E 5C         [ 7]  409 	ld	a, #0x5c
   01E4 F5            [11]  410 	push	af
   01E5 33            [ 6]  411 	inc	sp
   01E6 D5            [11]  412 	push	de
   01E7 CDr00r00      [17]  413 	call	_cpct_drawSolidBox
   01EA F1            [10]  414 	pop	af
   01EB F1            [10]  415 	pop	af
   01EC 33            [ 6]  416 	inc	sp
   01ED                     417 00104$:
   01ED DD E1         [14]  418 	pop	ix
   01EF C9            [10]  419 	ret
                            420 ;src/entities/enemy.c:74: u8 enemydamage(Enemy* enemy, u8 damage) {
                            421 ;	---------------------------------
                            422 ; Function enemydamage
                            423 ; ---------------------------------
   01F0                     424 _enemydamage::
   01F0 DD E5         [15]  425 	push	ix
   01F2 DD 21 00 00   [14]  426 	ld	ix,#0
   01F6 DD 39         [15]  427 	add	ix,sp
                            428 ;src/entities/enemy.c:75: if (!enemy || !enemy->active) {
   01F8 DD 7E 05      [19]  429 	ld	a, 5 (ix)
   01FB DD B6 04      [19]  430 	or	a,4 (ix)
   01FE 28 0F         [12]  431 	jr	Z,00101$
   0200 DD 4E 04      [19]  432 	ld	c,4 (ix)
   0203 DD 46 05      [19]  433 	ld	b,5 (ix)
   0206 21 06 00      [10]  434 	ld	hl, #0x0006
   0209 09            [11]  435 	add	hl,bc
   020A EB            [ 4]  436 	ex	de,hl
   020B 1A            [ 7]  437 	ld	a, (de)
   020C B7            [ 4]  438 	or	a, a
   020D 20 04         [12]  439 	jr	NZ,00102$
   020F                     440 00101$:
                            441 ;src/entities/enemy.c:76: return 0;
   020F 2E 00         [ 7]  442 	ld	l, #0x00
   0211 18 1A         [12]  443 	jr	00106$
   0213                     444 00102$:
                            445 ;src/entities/enemy.c:79: if (damage >= enemy->health) {
   0213 21 07 00      [10]  446 	ld	hl, #0x0007
   0216 09            [11]  447 	add	hl, bc
   0217 4E            [ 7]  448 	ld	c, (hl)
   0218 DD 7E 06      [19]  449 	ld	a, 6 (ix)
   021B 91            [ 4]  450 	sub	a, c
   021C 38 08         [12]  451 	jr	C,00105$
                            452 ;src/entities/enemy.c:80: enemy->health = 0;
   021E 36 00         [10]  453 	ld	(hl), #0x00
                            454 ;src/entities/enemy.c:81: enemy->active = 0;
   0220 AF            [ 4]  455 	xor	a, a
   0221 12            [ 7]  456 	ld	(de), a
                            457 ;src/entities/enemy.c:82: return 1;
   0222 2E 01         [ 7]  458 	ld	l, #0x01
   0224 18 07         [12]  459 	jr	00106$
   0226                     460 00105$:
                            461 ;src/entities/enemy.c:85: enemy->health = (u8)(enemy->health - damage);
   0226 79            [ 4]  462 	ld	a, c
   0227 DD 96 06      [19]  463 	sub	a, 6 (ix)
   022A 77            [ 7]  464 	ld	(hl), a
                            465 ;src/entities/enemy.c:86: return 0;
   022B 2E 00         [ 7]  466 	ld	l, #0x00
   022D                     467 00106$:
   022D DD E1         [14]  468 	pop	ix
   022F C9            [10]  469 	ret
                            470 	.area _CODE
                            471 	.area _INITIALIZER
                            472 	.area _CABS (ABS)
