                              1 ;--------------------------------------------------------
                              2 ; File Created by SDCC : free open source ANSI-C Compiler
                              3 ; Version 3.6.8 #9946 (Mac OS X ppc)
                              4 ;--------------------------------------------------------
                              5 	.module tilesetplataformas
                              6 	.optsdcc -mz80
                              7 	
                              8 ;--------------------------------------------------------
                              9 ; Public variables in this module
                             10 ;--------------------------------------------------------
                             11 	.globl _tileset_plataformas_data
                             12 ;--------------------------------------------------------
                             13 ; special function registers
                             14 ;--------------------------------------------------------
                             15 ;--------------------------------------------------------
                             16 ; ram data
                             17 ;--------------------------------------------------------
                             18 	.area _DATA
                             19 ;--------------------------------------------------------
                             20 ; ram data
                             21 ;--------------------------------------------------------
                             22 	.area _INITIALIZED
                             23 ;--------------------------------------------------------
                             24 ; absolute external ram data
                             25 ;--------------------------------------------------------
                             26 	.area _DABS (ABS)
                             27 ;--------------------------------------------------------
                             28 ; global & static initialisations
                             29 ;--------------------------------------------------------
                             30 	.area _HOME
                             31 	.area _GSINIT
                             32 	.area _GSFINAL
                             33 	.area _GSINIT
                             34 ;--------------------------------------------------------
                             35 ; Home
                             36 ;--------------------------------------------------------
                             37 	.area _HOME
                             38 	.area _HOME
                             39 ;--------------------------------------------------------
                             40 ; code
                             41 ;--------------------------------------------------------
                             42 	.area _CODE
                             43 	.area _CODE
   0000                      44 _tileset_plataformas_data:
   0000 3F                   45 	.db #0x3f	; 63
   0001 3F                   46 	.db #0x3f	; 63
   0002 3F                   47 	.db #0x3f	; 63
   0003 3F                   48 	.db #0x3f	; 63
   0004 6A                   49 	.db #0x6a	; 106	'j'
   0005 95                   50 	.db #0x95	; 149
   0006 C0                   51 	.db #0xc0	; 192
   0007 95                   52 	.db #0x95	; 149
   0008 6A                   53 	.db #0x6a	; 106	'j'
   0009 95                   54 	.db #0x95	; 149
   000A C0                   55 	.db #0xc0	; 192
   000B 95                   56 	.db #0x95	; 149
   000C 6A                   57 	.db #0x6a	; 106	'j'
   000D 95                   58 	.db #0x95	; 149
   000E C0                   59 	.db #0xc0	; 192
   000F 95                   60 	.db #0x95	; 149
   0010 3F                   61 	.db #0x3f	; 63
   0011 3F                   62 	.db #0x3f	; 63
   0012 3F                   63 	.db #0x3f	; 63
   0013 3F                   64 	.db #0x3f	; 63
   0014 6A                   65 	.db #0x6a	; 106	'j'
   0015 95                   66 	.db #0x95	; 149
   0016 C0                   67 	.db #0xc0	; 192
   0017 95                   68 	.db #0x95	; 149
   0018 6A                   69 	.db #0x6a	; 106	'j'
   0019 95                   70 	.db #0x95	; 149
   001A C0                   71 	.db #0xc0	; 192
   001B 95                   72 	.db #0x95	; 149
   001C 3F                   73 	.db #0x3f	; 63
   001D 3F                   74 	.db #0x3f	; 63
   001E 3F                   75 	.db #0x3f	; 63
   001F 3F                   76 	.db #0x3f	; 63
                             77 	.area _INITIALIZER
                             78 	.area _CABS (ABS)
