                              1 ;--------------------------------------------------------
                              2 ; File Created by SDCC : free open source ANSI-C Compiler
                              3 ; Version 3.6.8 #9946 (Mac OS X ppc)
                              4 ;--------------------------------------------------------
                              5 	.module player
                              6 	.optsdcc -mz80
                              7 	
                              8 ;--------------------------------------------------------
                              9 ; Public variables in this module
                             10 ;--------------------------------------------------------
                             11 	.globl _collision_clamp_y_at
                             12 	.globl _collision_is_on_ground_at
                             13 	.globl _input_is_jump_just_pressed
                             14 	.globl _input_is_jump_pressed
                             15 	.globl _input_is_right_pressed
                             16 	.globl _input_is_left_pressed
                             17 	.globl _cpct_getScreenPtr
                             18 	.globl _cpct_drawSolidBox
                             19 	.globl _playerinit
                             20 	.globl _playerupdate
                             21 	.globl _playerrender
                             22 ;--------------------------------------------------------
                             23 ; special function registers
                             24 ;--------------------------------------------------------
                             25 ;--------------------------------------------------------
                             26 ; ram data
                             27 ;--------------------------------------------------------
                             28 	.area _DATA
                             29 ;--------------------------------------------------------
                             30 ; ram data
                             31 ;--------------------------------------------------------
                             32 	.area _INITIALIZED
                             33 ;--------------------------------------------------------
                             34 ; absolute external ram data
                             35 ;--------------------------------------------------------
                             36 	.area _DABS (ABS)
                             37 ;--------------------------------------------------------
                             38 ; global & static initialisations
                             39 ;--------------------------------------------------------
                             40 	.area _HOME
                             41 	.area _GSINIT
                             42 	.area _GSFINAL
                             43 	.area _GSINIT
                             44 ;--------------------------------------------------------
                             45 ; Home
                             46 ;--------------------------------------------------------
                             47 	.area _HOME
                             48 	.area _HOME
                             49 ;--------------------------------------------------------
                             50 ; code
                             51 ;--------------------------------------------------------
                             52 	.area _CODE
                             53 ;src/entities/player.c:14: void playerinit(Player* player) {
                             54 ;	---------------------------------
                             55 ; Function playerinit
                             56 ; ---------------------------------
   0000                      57 _playerinit::
                             58 ;src/entities/player.c:15: if (!player) {
   0000 21 03 00      [10]   59 	ld	hl, #2+1
   0003 39            [11]   60 	add	hl, sp
   0004 7E            [ 7]   61 	ld	a, (hl)
   0005 2B            [ 6]   62 	dec	hl
   0006 B6            [ 7]   63 	or	a,(hl)
                             64 ;src/entities/player.c:16: return;
   0007 C8            [11]   65 	ret	Z
                             66 ;src/entities/player.c:19: player->x = 20;
   0008 D1            [10]   67 	pop	de
   0009 C1            [10]   68 	pop	bc
   000A C5            [11]   69 	push	bc
   000B D5            [11]   70 	push	de
   000C 3E 14         [ 7]   71 	ld	a, #0x14
   000E 02            [ 7]   72 	ld	(bc), a
                             73 ;src/entities/player.c:20: player->y = 120;
   000F 69            [ 4]   74 	ld	l, c
   0010 60            [ 4]   75 	ld	h, b
   0011 23            [ 6]   76 	inc	hl
   0012 36 78         [10]   77 	ld	(hl), #0x78
                             78 ;src/entities/player.c:21: player->vx = 0;
   0014 59            [ 4]   79 	ld	e, c
   0015 50            [ 4]   80 	ld	d, b
   0016 13            [ 6]   81 	inc	de
   0017 13            [ 6]   82 	inc	de
   0018 AF            [ 4]   83 	xor	a, a
   0019 12            [ 7]   84 	ld	(de), a
                             85 ;src/entities/player.c:22: player->vy = 0;
   001A 59            [ 4]   86 	ld	e, c
   001B 50            [ 4]   87 	ld	d, b
   001C 13            [ 6]   88 	inc	de
   001D 13            [ 6]   89 	inc	de
   001E 13            [ 6]   90 	inc	de
   001F AF            [ 4]   91 	xor	a, a
   0020 12            [ 7]   92 	ld	(de), a
                             93 ;src/entities/player.c:23: player->w = 4;
   0021 21 04 00      [10]   94 	ld	hl, #0x0004
   0024 09            [11]   95 	add	hl, bc
   0025 36 04         [10]   96 	ld	(hl), #0x04
                             97 ;src/entities/player.c:24: player->h = 16;
   0027 21 05 00      [10]   98 	ld	hl, #0x0005
   002A 09            [11]   99 	add	hl, bc
   002B 36 10         [10]  100 	ld	(hl), #0x10
                            101 ;src/entities/player.c:25: player->health = 3;
   002D 21 06 00      [10]  102 	ld	hl, #0x0006
   0030 09            [11]  103 	add	hl, bc
   0031 36 03         [10]  104 	ld	(hl), #0x03
                            105 ;src/entities/player.c:26: player->facing_left = 0;
   0033 21 07 00      [10]  106 	ld	hl, #0x0007
   0036 09            [11]  107 	add	hl, bc
   0037 36 00         [10]  108 	ld	(hl), #0x00
                            109 ;src/entities/player.c:27: player->jump_hold = 0;
   0039 21 08 00      [10]  110 	ld	hl, #0x0008
   003C 09            [11]  111 	add	hl, bc
   003D 36 00         [10]  112 	ld	(hl), #0x00
   003F C9            [10]  113 	ret
   0040                     114 _kplayermovespeed:
   0040 03                  115 	.db #0x03	;  3
   0041                     116 _kplayeracceleration:
   0041 01                  117 	.db #0x01	;  1
   0042                     118 _kplayerdeceleration:
   0042 01                  119 	.db #0x01	;  1
   0043                     120 _kplayergravity:
   0043 01                  121 	.db #0x01	;  1
   0044                     122 _kplayermaxfall:
   0044 04                  123 	.db #0x04	;  4
   0045                     124 _kplayerjumpvelocity:
   0045 FA                  125 	.db #0xfa	; -6
   0046                     126 _kplayerjumpboost:
   0046 FF                  127 	.db #0xff	; -1
                            128 ;src/entities/player.c:30: void playerupdate(Player* player) {
                            129 ;	---------------------------------
                            130 ; Function playerupdate
                            131 ; ---------------------------------
   0047                     132 _playerupdate::
   0047 DD E5         [15]  133 	push	ix
   0049 DD 21 00 00   [14]  134 	ld	ix,#0
   004D DD 39         [15]  135 	add	ix,sp
   004F 21 ED FF      [10]  136 	ld	hl, #-19
   0052 39            [11]  137 	add	hl, sp
   0053 F9            [ 6]  138 	ld	sp, hl
                            139 ;src/entities/player.c:34: if (!player) {
   0054 DD 7E 05      [19]  140 	ld	a, 5 (ix)
   0057 DD B6 04      [19]  141 	or	a,4 (ix)
                            142 ;src/entities/player.c:35: return;
   005A CArACr03      [10]  143 	jp	Z,00141$
                            144 ;src/entities/player.c:38: if (input_is_left_pressed()) {
   005D CDr00r00      [17]  145 	call	_input_is_left_pressed
   0060 4D            [ 4]  146 	ld	c, l
                            147 ;src/entities/player.c:39: player->vx = (i8)(player->vx - kplayeracceleration);
   0061 DD 7E 04      [19]  148 	ld	a, 4 (ix)
   0064 DD 77 FA      [19]  149 	ld	-6 (ix), a
   0067 DD 7E 05      [19]  150 	ld	a, 5 (ix)
   006A DD 77 FB      [19]  151 	ld	-5 (ix), a
   006D DD 7E FA      [19]  152 	ld	a, -6 (ix)
   0070 C6 02         [ 7]  153 	add	a, #0x02
   0072 DD 77 FC      [19]  154 	ld	-4 (ix), a
   0075 DD 7E FB      [19]  155 	ld	a, -5 (ix)
   0078 CE 00         [ 7]  156 	adc	a, #0x00
   007A DD 77 FD      [19]  157 	ld	-3 (ix), a
                            158 ;src/entities/player.c:40: player->facing_left = 1;
   007D DD 7E FA      [19]  159 	ld	a, -6 (ix)
   0080 C6 07         [ 7]  160 	add	a, #0x07
   0082 DD 77 FE      [19]  161 	ld	-2 (ix), a
   0085 DD 7E FB      [19]  162 	ld	a, -5 (ix)
   0088 CE 00         [ 7]  163 	adc	a, #0x00
   008A DD 77 FF      [19]  164 	ld	-1 (ix), a
                            165 ;src/entities/player.c:38: if (input_is_left_pressed()) {
   008D 79            [ 4]  166 	ld	a, c
   008E B7            [ 4]  167 	or	a, a
   008F 28 1E         [12]  168 	jr	Z,00116$
                            169 ;src/entities/player.c:39: player->vx = (i8)(player->vx - kplayeracceleration);
   0091 DD 6E FC      [19]  170 	ld	l,-4 (ix)
   0094 DD 66 FD      [19]  171 	ld	h,-3 (ix)
   0097 4E            [ 7]  172 	ld	c, (hl)
   0098 21r41r00      [10]  173 	ld	hl,#_kplayeracceleration + 0
   009B 46            [ 7]  174 	ld	b, (hl)
   009C 79            [ 4]  175 	ld	a, c
   009D 90            [ 4]  176 	sub	a, b
   009E DD 6E FC      [19]  177 	ld	l,-4 (ix)
   00A1 DD 66 FD      [19]  178 	ld	h,-3 (ix)
   00A4 77            [ 7]  179 	ld	(hl), a
                            180 ;src/entities/player.c:40: player->facing_left = 1;
   00A5 DD 6E FE      [19]  181 	ld	l,-2 (ix)
   00A8 DD 66 FF      [19]  182 	ld	h,-1 (ix)
   00AB 36 01         [10]  183 	ld	(hl), #0x01
   00AD 18 6B         [12]  184 	jr	00117$
   00AF                     185 00116$:
                            186 ;src/entities/player.c:41: } else if (input_is_right_pressed()) {
   00AF CDr00r00      [17]  187 	call	_input_is_right_pressed
   00B2 7D            [ 4]  188 	ld	a, l
                            189 ;src/entities/player.c:52: if (player->vx > kplayermovespeed) player->vx = kplayermovespeed;
   00B3 DD 6E FC      [19]  190 	ld	l,-4 (ix)
   00B6 DD 66 FD      [19]  191 	ld	h,-3 (ix)
   00B9 4E            [ 7]  192 	ld	c, (hl)
                            193 ;src/entities/player.c:41: } else if (input_is_right_pressed()) {
   00BA B7            [ 4]  194 	or	a, a
   00BB 28 17         [12]  195 	jr	Z,00113$
                            196 ;src/entities/player.c:42: player->vx = (i8)(player->vx + kplayeracceleration);
   00BD 21r41r00      [10]  197 	ld	hl,#_kplayeracceleration + 0
   00C0 5E            [ 7]  198 	ld	e, (hl)
   00C1 79            [ 4]  199 	ld	a, c
   00C2 83            [ 4]  200 	add	a, e
   00C3 DD 6E FC      [19]  201 	ld	l,-4 (ix)
   00C6 DD 66 FD      [19]  202 	ld	h,-3 (ix)
   00C9 77            [ 7]  203 	ld	(hl), a
                            204 ;src/entities/player.c:43: player->facing_left = 0;
   00CA DD 6E FE      [19]  205 	ld	l,-2 (ix)
   00CD DD 66 FF      [19]  206 	ld	h,-1 (ix)
   00D0 36 00         [10]  207 	ld	(hl), #0x00
   00D2 18 46         [12]  208 	jr	00117$
   00D4                     209 00113$:
                            210 ;src/entities/player.c:45: player->vx = (i8)(player->vx - kplayerdeceleration);
   00D4 21r42r00      [10]  211 	ld	hl,#_kplayerdeceleration + 0
   00D7 46            [ 7]  212 	ld	b, (hl)
                            213 ;src/entities/player.c:44: } else if (player->vx > 0) {
   00D8 AF            [ 4]  214 	xor	a, a
   00D9 91            [ 4]  215 	sub	a, c
   00DA E2rDFr00      [10]  216 	jp	PO, 00223$
   00DD EE 80         [ 7]  217 	xor	a, #0x80
   00DF                     218 00223$:
   00DF F2rFAr00      [10]  219 	jp	P, 00110$
                            220 ;src/entities/player.c:45: player->vx = (i8)(player->vx - kplayerdeceleration);
   00E2 79            [ 4]  221 	ld	a, c
   00E3 90            [ 4]  222 	sub	a, b
   00E4 4F            [ 4]  223 	ld	c, a
   00E5 DD 6E FC      [19]  224 	ld	l,-4 (ix)
   00E8 DD 66 FD      [19]  225 	ld	h,-3 (ix)
   00EB 71            [ 7]  226 	ld	(hl), c
                            227 ;src/entities/player.c:46: if (player->vx < 0) player->vx = 0;
   00EC CB 79         [ 8]  228 	bit	7, c
   00EE 28 2A         [12]  229 	jr	Z,00117$
   00F0 DD 6E FC      [19]  230 	ld	l,-4 (ix)
   00F3 DD 66 FD      [19]  231 	ld	h,-3 (ix)
   00F6 36 00         [10]  232 	ld	(hl), #0x00
   00F8 18 20         [12]  233 	jr	00117$
   00FA                     234 00110$:
                            235 ;src/entities/player.c:47: } else if (player->vx < 0) {
   00FA CB 79         [ 8]  236 	bit	7, c
   00FC 28 1C         [12]  237 	jr	Z,00117$
                            238 ;src/entities/player.c:48: player->vx = (i8)(player->vx + kplayerdeceleration);
   00FE 79            [ 4]  239 	ld	a, c
   00FF 80            [ 4]  240 	add	a, b
   0100 4F            [ 4]  241 	ld	c, a
   0101 DD 6E FC      [19]  242 	ld	l,-4 (ix)
   0104 DD 66 FD      [19]  243 	ld	h,-3 (ix)
   0107 71            [ 7]  244 	ld	(hl), c
                            245 ;src/entities/player.c:49: if (player->vx > 0) player->vx = 0;
   0108 AF            [ 4]  246 	xor	a, a
   0109 91            [ 4]  247 	sub	a, c
   010A E2r0Fr01      [10]  248 	jp	PO, 00224$
   010D EE 80         [ 7]  249 	xor	a, #0x80
   010F                     250 00224$:
   010F F2r1Ar01      [10]  251 	jp	P, 00117$
   0112 DD 6E FC      [19]  252 	ld	l,-4 (ix)
   0115 DD 66 FD      [19]  253 	ld	h,-3 (ix)
   0118 36 00         [10]  254 	ld	(hl), #0x00
   011A                     255 00117$:
                            256 ;src/entities/player.c:52: if (player->vx > kplayermovespeed) player->vx = kplayermovespeed;
   011A DD 6E FC      [19]  257 	ld	l,-4 (ix)
   011D DD 66 FD      [19]  258 	ld	h,-3 (ix)
   0120 46            [ 7]  259 	ld	b, (hl)
   0121 21r40r00      [10]  260 	ld	hl,#_kplayermovespeed + 0
   0124 4E            [ 7]  261 	ld	c, (hl)
   0125 79            [ 4]  262 	ld	a, c
   0126 90            [ 4]  263 	sub	a, b
   0127 E2r2Cr01      [10]  264 	jp	PO, 00225$
   012A EE 80         [ 7]  265 	xor	a, #0x80
   012C                     266 00225$:
   012C F2r36r01      [10]  267 	jp	P, 00119$
   012F DD 6E FC      [19]  268 	ld	l,-4 (ix)
   0132 DD 66 FD      [19]  269 	ld	h,-3 (ix)
   0135 71            [ 7]  270 	ld	(hl), c
   0136                     271 00119$:
                            272 ;src/entities/player.c:53: if (player->vx < -kplayermovespeed) player->vx = -kplayermovespeed;
   0136 DD 6E FC      [19]  273 	ld	l,-4 (ix)
   0139 DD 66 FD      [19]  274 	ld	h,-3 (ix)
   013C 7E            [ 7]  275 	ld	a, (hl)
   013D DD 77 FE      [19]  276 	ld	-2 (ix), a
   0140 3Ar40r00      [13]  277 	ld	a,(#_kplayermovespeed + 0)
   0143 DD 77 F9      [19]  278 	ld	-7 (ix), a
   0146 DD 77 F7      [19]  279 	ld	-9 (ix), a
   0149 DD 7E F9      [19]  280 	ld	a, -7 (ix)
   014C 17            [ 4]  281 	rla
   014D 9F            [ 4]  282 	sbc	a, a
   014E DD 77 F8      [19]  283 	ld	-8 (ix), a
   0151 AF            [ 4]  284 	xor	a, a
   0152 DD 96 F7      [19]  285 	sub	a, -9 (ix)
   0155 DD 77 F7      [19]  286 	ld	-9 (ix), a
   0158 3E 00         [ 7]  287 	ld	a, #0x00
   015A DD 9E F8      [19]  288 	sbc	a, -8 (ix)
   015D DD 77 F8      [19]  289 	ld	-8 (ix), a
   0160 DD 7E FE      [19]  290 	ld	a, -2 (ix)
   0163 DD 77 FE      [19]  291 	ld	-2 (ix), a
   0166 17            [ 4]  292 	rla
   0167 9F            [ 4]  293 	sbc	a, a
   0168 DD 77 FF      [19]  294 	ld	-1 (ix), a
   016B DD 7E FE      [19]  295 	ld	a, -2 (ix)
   016E DD 96 F7      [19]  296 	sub	a, -9 (ix)
   0171 DD 7E FF      [19]  297 	ld	a, -1 (ix)
   0174 DD 9E F8      [19]  298 	sbc	a, -8 (ix)
   0177 E2r7Cr01      [10]  299 	jp	PO, 00226$
   017A EE 80         [ 7]  300 	xor	a, #0x80
   017C                     301 00226$:
   017C F2r8Br01      [10]  302 	jp	P, 00121$
   017F AF            [ 4]  303 	xor	a, a
   0180 DD 96 F9      [19]  304 	sub	a, -7 (ix)
   0183 4F            [ 4]  305 	ld	c, a
   0184 DD 6E FC      [19]  306 	ld	l,-4 (ix)
   0187 DD 66 FD      [19]  307 	ld	h,-3 (ix)
   018A 71            [ 7]  308 	ld	(hl), c
   018B                     309 00121$:
                            310 ;src/entities/player.c:55: if (input_is_jump_just_pressed() && collision_is_on_ground_at((i16)player->x, (i16)player->y, player->h)) {
   018B CDr00r00      [17]  311 	call	_input_is_jump_just_pressed
   018E DD 75 F7      [19]  312 	ld	-9 (ix), l
   0191 DD 7E FA      [19]  313 	ld	a, -6 (ix)
   0194 C6 05         [ 7]  314 	add	a, #0x05
   0196 DD 77 FE      [19]  315 	ld	-2 (ix), a
   0199 DD 7E FB      [19]  316 	ld	a, -5 (ix)
   019C CE 00         [ 7]  317 	adc	a, #0x00
   019E DD 77 FF      [19]  318 	ld	-1 (ix), a
   01A1 DD 7E FA      [19]  319 	ld	a, -6 (ix)
   01A4 C6 01         [ 7]  320 	add	a, #0x01
   01A6 DD 77 F5      [19]  321 	ld	-11 (ix), a
   01A9 DD 7E FB      [19]  322 	ld	a, -5 (ix)
   01AC CE 00         [ 7]  323 	adc	a, #0x00
   01AE DD 77 F6      [19]  324 	ld	-10 (ix), a
                            325 ;src/entities/player.c:56: player->vy = kplayerjumpvelocity;
   01B1 DD 7E FA      [19]  326 	ld	a, -6 (ix)
   01B4 C6 03         [ 7]  327 	add	a, #0x03
   01B6 DD 77 F3      [19]  328 	ld	-13 (ix), a
   01B9 DD 7E FB      [19]  329 	ld	a, -5 (ix)
   01BC CE 00         [ 7]  330 	adc	a, #0x00
   01BE DD 77 F4      [19]  331 	ld	-12 (ix), a
                            332 ;src/entities/player.c:57: player->jump_hold = 5;
   01C1 DD 7E FA      [19]  333 	ld	a, -6 (ix)
   01C4 C6 08         [ 7]  334 	add	a, #0x08
   01C6 DD 77 F1      [19]  335 	ld	-15 (ix), a
   01C9 DD 7E FB      [19]  336 	ld	a, -5 (ix)
   01CC CE 00         [ 7]  337 	adc	a, #0x00
   01CE DD 77 F2      [19]  338 	ld	-14 (ix), a
                            339 ;src/entities/player.c:55: if (input_is_jump_just_pressed() && collision_is_on_ground_at((i16)player->x, (i16)player->y, player->h)) {
   01D1 DD 7E F7      [19]  340 	ld	a, -9 (ix)
   01D4 B7            [ 4]  341 	or	a, a
   01D5 28 3A         [12]  342 	jr	Z,00123$
   01D7 DD 6E FE      [19]  343 	ld	l,-2 (ix)
   01DA DD 66 FF      [19]  344 	ld	h,-1 (ix)
   01DD 7E            [ 7]  345 	ld	a, (hl)
   01DE DD 6E F5      [19]  346 	ld	l,-11 (ix)
   01E1 DD 66 F6      [19]  347 	ld	h,-10 (ix)
   01E4 4E            [ 7]  348 	ld	c, (hl)
   01E5 06 00         [ 7]  349 	ld	b, #0x00
   01E7 DD 6E FA      [19]  350 	ld	l,-6 (ix)
   01EA DD 66 FB      [19]  351 	ld	h,-5 (ix)
   01ED 5E            [ 7]  352 	ld	e, (hl)
   01EE 16 00         [ 7]  353 	ld	d, #0x00
   01F0 F5            [11]  354 	push	af
   01F1 33            [ 6]  355 	inc	sp
   01F2 C5            [11]  356 	push	bc
   01F3 D5            [11]  357 	push	de
   01F4 CDr00r00      [17]  358 	call	_collision_is_on_ground_at
   01F7 F1            [10]  359 	pop	af
   01F8 F1            [10]  360 	pop	af
   01F9 33            [ 6]  361 	inc	sp
   01FA 7D            [ 4]  362 	ld	a, l
   01FB B7            [ 4]  363 	or	a, a
   01FC 28 13         [12]  364 	jr	Z,00123$
                            365 ;src/entities/player.c:56: player->vy = kplayerjumpvelocity;
   01FE 21r45r00      [10]  366 	ld	hl,#_kplayerjumpvelocity + 0
   0201 4E            [ 7]  367 	ld	c, (hl)
   0202 DD 6E F3      [19]  368 	ld	l,-13 (ix)
   0205 DD 66 F4      [19]  369 	ld	h,-12 (ix)
   0208 71            [ 7]  370 	ld	(hl), c
                            371 ;src/entities/player.c:57: player->jump_hold = 5;
   0209 DD 6E F1      [19]  372 	ld	l,-15 (ix)
   020C DD 66 F2      [19]  373 	ld	h,-14 (ix)
   020F 36 05         [10]  374 	ld	(hl), #0x05
   0211                     375 00123$:
                            376 ;src/entities/player.c:60: if (input_is_jump_pressed() && player->jump_hold && player->vy < 0) {
   0211 CDr00r00      [17]  377 	call	_input_is_jump_pressed
   0214 DD 75 F7      [19]  378 	ld	-9 (ix), l
   0217 7D            [ 4]  379 	ld	a, l
   0218 B7            [ 4]  380 	or	a, a
   0219 28 41         [12]  381 	jr	Z,00126$
   021B DD 6E F1      [19]  382 	ld	l,-15 (ix)
   021E DD 66 F2      [19]  383 	ld	h,-14 (ix)
   0221 7E            [ 7]  384 	ld	a, (hl)
   0222 DD 77 F7      [19]  385 	ld	-9 (ix), a
   0225 B7            [ 4]  386 	or	a, a
   0226 28 34         [12]  387 	jr	Z,00126$
   0228 DD 6E F3      [19]  388 	ld	l,-13 (ix)
   022B DD 66 F4      [19]  389 	ld	h,-12 (ix)
   022E 7E            [ 7]  390 	ld	a, (hl)
   022F DD 77 F7      [19]  391 	ld	-9 (ix), a
   0232 DD CB F7 7E   [20]  392 	bit	7, -9 (ix)
   0236 28 24         [12]  393 	jr	Z,00126$
                            394 ;src/entities/player.c:61: player->vy = (i8)(player->vy + kplayerjumpboost);
   0238 3Ar46r00      [13]  395 	ld	a,(#_kplayerjumpboost + 0)
   023B DD 77 F9      [19]  396 	ld	-7 (ix), a
   023E DD 7E F7      [19]  397 	ld	a, -9 (ix)
   0241 DD 86 F9      [19]  398 	add	a, -7 (ix)
   0244 DD 6E F3      [19]  399 	ld	l,-13 (ix)
   0247 DD 66 F4      [19]  400 	ld	h,-12 (ix)
   024A 77            [ 7]  401 	ld	(hl), a
                            402 ;src/entities/player.c:62: player->jump_hold--;
   024B DD 6E F1      [19]  403 	ld	l,-15 (ix)
   024E DD 66 F2      [19]  404 	ld	h,-14 (ix)
   0251 4E            [ 7]  405 	ld	c, (hl)
   0252 0D            [ 4]  406 	dec	c
   0253 DD 6E F1      [19]  407 	ld	l,-15 (ix)
   0256 DD 66 F2      [19]  408 	ld	h,-14 (ix)
   0259 71            [ 7]  409 	ld	(hl), c
   025A 18 08         [12]  410 	jr	00127$
   025C                     411 00126$:
                            412 ;src/entities/player.c:64: player->jump_hold = 0;
   025C DD 6E F1      [19]  413 	ld	l,-15 (ix)
   025F DD 66 F2      [19]  414 	ld	h,-14 (ix)
   0262 36 00         [10]  415 	ld	(hl), #0x00
   0264                     416 00127$:
                            417 ;src/entities/player.c:67: player->vy = (i8)(player->vy + kplayergravity);
   0264 DD 6E F3      [19]  418 	ld	l,-13 (ix)
   0267 DD 66 F4      [19]  419 	ld	h,-12 (ix)
   026A 4E            [ 7]  420 	ld	c, (hl)
   026B 21r43r00      [10]  421 	ld	hl,#_kplayergravity + 0
   026E 46            [ 7]  422 	ld	b, (hl)
   026F 79            [ 4]  423 	ld	a, c
   0270 80            [ 4]  424 	add	a, b
   0271 4F            [ 4]  425 	ld	c, a
   0272 DD 6E F3      [19]  426 	ld	l,-13 (ix)
   0275 DD 66 F4      [19]  427 	ld	h,-12 (ix)
   0278 71            [ 7]  428 	ld	(hl), c
                            429 ;src/entities/player.c:68: if (player->vy > kplayermaxfall) player->vy = kplayermaxfall;
   0279 21r44r00      [10]  430 	ld	hl,#_kplayermaxfall + 0
   027C 46            [ 7]  431 	ld	b, (hl)
   027D 78            [ 4]  432 	ld	a, b
   027E 91            [ 4]  433 	sub	a, c
   027F E2r84r02      [10]  434 	jp	PO, 00227$
   0282 EE 80         [ 7]  435 	xor	a, #0x80
   0284                     436 00227$:
   0284 F2r8Er02      [10]  437 	jp	P, 00131$
   0287 DD 6E F3      [19]  438 	ld	l,-13 (ix)
   028A DD 66 F4      [19]  439 	ld	h,-12 (ix)
   028D 70            [ 7]  440 	ld	(hl), b
   028E                     441 00131$:
                            442 ;src/entities/player.c:70: nextx = (i16)player->x + (i16)player->vx;
   028E DD 6E FA      [19]  443 	ld	l,-6 (ix)
   0291 DD 66 FB      [19]  444 	ld	h,-5 (ix)
   0294 4E            [ 7]  445 	ld	c, (hl)
   0295 DD 71 F1      [19]  446 	ld	-15 (ix), c
   0298 DD 36 F2 00   [19]  447 	ld	-14 (ix), #0x00
   029C DD 6E FC      [19]  448 	ld	l,-4 (ix)
   029F DD 66 FD      [19]  449 	ld	h,-3 (ix)
   02A2 7E            [ 7]  450 	ld	a, (hl)
   02A3 DD 77 F7      [19]  451 	ld	-9 (ix), a
   02A6 DD 77 F7      [19]  452 	ld	-9 (ix), a
   02A9 17            [ 4]  453 	rla
   02AA 9F            [ 4]  454 	sbc	a, a
   02AB DD 77 F8      [19]  455 	ld	-8 (ix), a
   02AE DD 7E F7      [19]  456 	ld	a, -9 (ix)
   02B1 DD 86 F1      [19]  457 	add	a, -15 (ix)
   02B4 DD 77 ED      [19]  458 	ld	-19 (ix), a
   02B7 DD 7E F8      [19]  459 	ld	a, -8 (ix)
   02BA DD 8E F2      [19]  460 	adc	a, -14 (ix)
   02BD DD 77 EE      [19]  461 	ld	-18 (ix), a
                            462 ;src/entities/player.c:71: if (nextx < 0) {
   02C0 DD CB EE 7E   [20]  463 	bit	7, -18 (ix)
   02C4 28 04         [12]  464 	jr	Z,00133$
                            465 ;src/entities/player.c:72: nextx = 0;
   02C6 21 00 00      [10]  466 	ld	hl, #0x0000
   02C9 E3            [19]  467 	ex	(sp), hl
   02CA                     468 00133$:
                            469 ;src/entities/player.c:74: if (nextx > 76) {
   02CA 3E 4C         [ 7]  470 	ld	a, #0x4c
   02CC DD BE ED      [19]  471 	cp	a, -19 (ix)
   02CF 3E 00         [ 7]  472 	ld	a, #0x00
   02D1 DD 9E EE      [19]  473 	sbc	a, -18 (ix)
   02D4 E2rD9r02      [10]  474 	jp	PO, 00228$
   02D7 EE 80         [ 7]  475 	xor	a, #0x80
   02D9                     476 00228$:
   02D9 F2rE0r02      [10]  477 	jp	P, 00135$
                            478 ;src/entities/player.c:75: nextx = 76;
   02DC 21 4C 00      [10]  479 	ld	hl, #0x004c
   02DF E3            [19]  480 	ex	(sp), hl
   02E0                     481 00135$:
                            482 ;src/entities/player.c:77: player->x = (u8)nextx;
   02E0 DD 7E ED      [19]  483 	ld	a, -19 (ix)
   02E3 DD 77 F1      [19]  484 	ld	-15 (ix), a
   02E6 DD 6E FA      [19]  485 	ld	l,-6 (ix)
   02E9 DD 66 FB      [19]  486 	ld	h,-5 (ix)
   02EC DD 7E F1      [19]  487 	ld	a, -15 (ix)
   02EF 77            [ 7]  488 	ld	(hl), a
                            489 ;src/entities/player.c:79: nexty = (i16)player->y + (i16)player->vy;
   02F0 DD 6E F5      [19]  490 	ld	l,-11 (ix)
   02F3 DD 66 F6      [19]  491 	ld	h,-10 (ix)
   02F6 4E            [ 7]  492 	ld	c, (hl)
   02F7 DD 71 F7      [19]  493 	ld	-9 (ix), c
   02FA DD 36 F8 00   [19]  494 	ld	-8 (ix), #0x00
   02FE DD 6E F3      [19]  495 	ld	l,-13 (ix)
   0301 DD 66 F4      [19]  496 	ld	h,-12 (ix)
   0304 7E            [ 7]  497 	ld	a, (hl)
   0305 DD 77 FC      [19]  498 	ld	-4 (ix), a
   0308 17            [ 4]  499 	rla
   0309 9F            [ 4]  500 	sbc	a, a
   030A DD 77 FD      [19]  501 	ld	-3 (ix), a
   030D DD 7E FC      [19]  502 	ld	a, -4 (ix)
   0310 DD 86 F7      [19]  503 	add	a, -9 (ix)
   0313 DD 77 F7      [19]  504 	ld	-9 (ix), a
   0316 DD 7E FD      [19]  505 	ld	a, -3 (ix)
   0319 DD 8E F8      [19]  506 	adc	a, -8 (ix)
   031C DD 77 F8      [19]  507 	ld	-8 (ix), a
                            508 ;src/entities/player.c:80: nexty = collision_clamp_y_at((i16)player->x, nexty, player->h);
   031F DD 6E FE      [19]  509 	ld	l,-2 (ix)
   0322 DD 66 FF      [19]  510 	ld	h,-1 (ix)
   0325 7E            [ 7]  511 	ld	a, (hl)
   0326 DD 77 F9      [19]  512 	ld	-7 (ix), a
   0329 DD 7E F1      [19]  513 	ld	a, -15 (ix)
   032C DD 77 F1      [19]  514 	ld	-15 (ix), a
   032F DD 36 F2 00   [19]  515 	ld	-14 (ix), #0x00
   0333 DD 7E F9      [19]  516 	ld	a, -7 (ix)
   0336 F5            [11]  517 	push	af
   0337 33            [ 6]  518 	inc	sp
   0338 DD 6E F7      [19]  519 	ld	l,-9 (ix)
   033B DD 66 F8      [19]  520 	ld	h,-8 (ix)
   033E E5            [11]  521 	push	hl
   033F DD 6E F1      [19]  522 	ld	l,-15 (ix)
   0342 DD 66 F2      [19]  523 	ld	h,-14 (ix)
   0345 E5            [11]  524 	push	hl
   0346 CDr00r00      [17]  525 	call	_collision_clamp_y_at
   0349 F1            [10]  526 	pop	af
   034A F1            [10]  527 	pop	af
   034B 33            [ 6]  528 	inc	sp
   034C DD 74 F2      [19]  529 	ld	-14 (ix), h
   034F DD 75 F1      [19]  530 	ld	-15 (ix), l
   0352 DD 75 EF      [19]  531 	ld	-17 (ix), l
   0355 DD 7E F2      [19]  532 	ld	a, -14 (ix)
   0358 DD 77 F0      [19]  533 	ld	-16 (ix), a
                            534 ;src/entities/player.c:81: if (nexty < 0) {
   035B DD CB F0 7E   [20]  535 	bit	7, -16 (ix)
   035F 28 08         [12]  536 	jr	Z,00137$
                            537 ;src/entities/player.c:82: nexty = 0;
   0361 DD 36 EF 00   [19]  538 	ld	-17 (ix), #0x00
   0365 DD 36 F0 00   [19]  539 	ld	-16 (ix), #0x00
   0369                     540 00137$:
                            541 ;src/entities/player.c:84: player->y = (u8)nexty;
   0369 DD 4E EF      [19]  542 	ld	c, -17 (ix)
   036C DD 6E F5      [19]  543 	ld	l,-11 (ix)
   036F DD 66 F6      [19]  544 	ld	h,-10 (ix)
   0372 71            [ 7]  545 	ld	(hl), c
                            546 ;src/entities/player.c:86: if (collision_is_on_ground_at((i16)player->x, (i16)player->y, player->h) && player->vy > 0) {
   0373 DD 6E FE      [19]  547 	ld	l,-2 (ix)
   0376 DD 66 FF      [19]  548 	ld	h,-1 (ix)
   0379 7E            [ 7]  549 	ld	a, (hl)
   037A 06 00         [ 7]  550 	ld	b, #0x00
   037C DD 6E FA      [19]  551 	ld	l,-6 (ix)
   037F DD 66 FB      [19]  552 	ld	h,-5 (ix)
   0382 5E            [ 7]  553 	ld	e, (hl)
   0383 16 00         [ 7]  554 	ld	d, #0x00
   0385 F5            [11]  555 	push	af
   0386 33            [ 6]  556 	inc	sp
   0387 C5            [11]  557 	push	bc
   0388 D5            [11]  558 	push	de
   0389 CDr00r00      [17]  559 	call	_collision_is_on_ground_at
   038C F1            [10]  560 	pop	af
   038D F1            [10]  561 	pop	af
   038E 33            [ 6]  562 	inc	sp
   038F 7D            [ 4]  563 	ld	a, l
   0390 B7            [ 4]  564 	or	a, a
   0391 28 19         [12]  565 	jr	Z,00141$
   0393 DD 6E F3      [19]  566 	ld	l,-13 (ix)
   0396 DD 66 F4      [19]  567 	ld	h,-12 (ix)
   0399 4E            [ 7]  568 	ld	c, (hl)
   039A AF            [ 4]  569 	xor	a, a
   039B 91            [ 4]  570 	sub	a, c
   039C E2rA1r03      [10]  571 	jp	PO, 00229$
   039F EE 80         [ 7]  572 	xor	a, #0x80
   03A1                     573 00229$:
   03A1 F2rACr03      [10]  574 	jp	P, 00141$
                            575 ;src/entities/player.c:87: player->vy = 0;
   03A4 DD 6E F3      [19]  576 	ld	l,-13 (ix)
   03A7 DD 66 F4      [19]  577 	ld	h,-12 (ix)
   03AA 36 00         [10]  578 	ld	(hl), #0x00
   03AC                     579 00141$:
   03AC DD F9         [10]  580 	ld	sp, ix
   03AE DD E1         [14]  581 	pop	ix
   03B0 C9            [10]  582 	ret
                            583 ;src/entities/player.c:91: void playerrender(const Player* player) {
                            584 ;	---------------------------------
                            585 ; Function playerrender
                            586 ; ---------------------------------
   03B1                     587 _playerrender::
   03B1 DD E5         [15]  588 	push	ix
   03B3 DD 21 00 00   [14]  589 	ld	ix,#0
   03B7 DD 39         [15]  590 	add	ix,sp
                            591 ;src/entities/player.c:94: if (!player) {
   03B9 DD 7E 05      [19]  592 	ld	a, 5 (ix)
   03BC DD B6 04      [19]  593 	or	a,4 (ix)
                            594 ;src/entities/player.c:95: return;
   03BF 28 32         [12]  595 	jr	Z,00103$
                            596 ;src/entities/player.c:98: pvmem = cpct_getScreenPtr(CPCT_VMEM_START, player->x, player->y);
   03C1 DD 5E 04      [19]  597 	ld	e,4 (ix)
   03C4 DD 56 05      [19]  598 	ld	d,5 (ix)
   03C7 6B            [ 4]  599 	ld	l, e
   03C8 62            [ 4]  600 	ld	h, d
   03C9 23            [ 6]  601 	inc	hl
   03CA 46            [ 7]  602 	ld	b, (hl)
   03CB 1A            [ 7]  603 	ld	a, (de)
   03CC D5            [11]  604 	push	de
   03CD C5            [11]  605 	push	bc
   03CE 33            [ 6]  606 	inc	sp
   03CF F5            [11]  607 	push	af
   03D0 33            [ 6]  608 	inc	sp
   03D1 21 00 C0      [10]  609 	ld	hl, #0xc000
   03D4 E5            [11]  610 	push	hl
   03D5 CDr00r00      [17]  611 	call	_cpct_getScreenPtr
   03D8 4D            [ 4]  612 	ld	c, l
   03D9 44            [ 4]  613 	ld	b, h
   03DA D1            [10]  614 	pop	de
                            615 ;src/entities/player.c:99: cpct_drawSolidBox(pvmem, 0x4F, player->w, player->h);
   03DB D5            [11]  616 	push	de
   03DC FD E1         [14]  617 	pop	iy
   03DE FD 7E 05      [19]  618 	ld	a, 5 (iy)
   03E1 EB            [ 4]  619 	ex	de,hl
   03E2 11 04 00      [10]  620 	ld	de, #0x0004
   03E5 19            [11]  621 	add	hl, de
   03E6 56            [ 7]  622 	ld	d, (hl)
   03E7 F5            [11]  623 	push	af
   03E8 33            [ 6]  624 	inc	sp
   03E9 1E 4F         [ 7]  625 	ld	e, #0x4f
   03EB D5            [11]  626 	push	de
   03EC C5            [11]  627 	push	bc
   03ED CDr00r00      [17]  628 	call	_cpct_drawSolidBox
   03F0 F1            [10]  629 	pop	af
   03F1 F1            [10]  630 	pop	af
   03F2 33            [ 6]  631 	inc	sp
   03F3                     632 00103$:
   03F3 DD E1         [14]  633 	pop	ix
   03F5 C9            [10]  634 	ret
                            635 	.area _CODE
                            636 	.area _INITIALIZER
                            637 	.area _CABS (ABS)
