                              1 ;--------------------------------------------------------
                              2 ; File Created by SDCC : free open source ANSI-C Compiler
                              3 ; Version 3.6.8 #9946 (Mac OS X ppc)
                              4 ;--------------------------------------------------------
                              5 	.module scene_game
                              6 	.optsdcc -mz80
                              7 	
                              8 ;--------------------------------------------------------
                              9 ; Public variables in this module
                             10 ;--------------------------------------------------------
                             11 	.globl _player_render
                             12 	.globl _player_update
                             13 	.globl _player_init
                             14 	.globl _input_update
                             15 	.globl _cpct_setVideoMode
                             16 	.globl _cpct_memset
                             17 	.globl _cpct_disableFirmware
                             18 	.globl _game_init
                             19 	.globl _game_update
                             20 	.globl _game_render
                             21 ;--------------------------------------------------------
                             22 ; special function registers
                             23 ;--------------------------------------------------------
                             24 ;--------------------------------------------------------
                             25 ; ram data
                             26 ;--------------------------------------------------------
                             27 	.area _DATA
                             28 ;--------------------------------------------------------
                             29 ; ram data
                             30 ;--------------------------------------------------------
                             31 	.area _INITIALIZED
                             32 ;--------------------------------------------------------
                             33 ; absolute external ram data
                             34 ;--------------------------------------------------------
                             35 	.area _DABS (ABS)
                             36 ;--------------------------------------------------------
                             37 ; global & static initialisations
                             38 ;--------------------------------------------------------
                             39 	.area _HOME
                             40 	.area _GSINIT
                             41 	.area _GSFINAL
                             42 	.area _GSINIT
                             43 ;--------------------------------------------------------
                             44 ; Home
                             45 ;--------------------------------------------------------
                             46 	.area _HOME
                             47 	.area _HOME
                             48 ;--------------------------------------------------------
                             49 ; code
                             50 ;--------------------------------------------------------
                             51 	.area _CODE
                             52 ;src/scene_game.c:19: void game_init(void) {
                             53 ;	---------------------------------
                             54 ; Function game_init
                             55 ; ---------------------------------
   0000                      56 _game_init::
                             57 ;src/scene_game.c:20: cpct_disableFirmware();
   0000 CDr00r00      [17]   58 	call	_cpct_disableFirmware
                             59 ;src/scene_game.c:21: cpct_setVideoMode(1);
   0003 2E 01         [ 7]   60 	ld	l, #0x01
   0005 CDr00r00      [17]   61 	call	_cpct_setVideoMode
                             62 ;src/scene_game.c:22: cpct_clearScreen(0x00);
   0008 21 00 40      [10]   63 	ld	hl, #0x4000
   000B E5            [11]   64 	push	hl
   000C AF            [ 4]   65 	xor	a, a
   000D F5            [11]   66 	push	af
   000E 33            [ 6]   67 	inc	sp
   000F 26 C0         [ 7]   68 	ld	h, #0xc0
   0011 E5            [11]   69 	push	hl
   0012 CDr00r00      [17]   70 	call	_cpct_memset
                             71 ;src/scene_game.c:23: player_init();
   0015 CDr00r00      [17]   72 	call	_player_init
   0018 C9            [10]   73 	ret
                             74 ;src/scene_game.c:26: void game_update(void) {
                             75 ;	---------------------------------
                             76 ; Function game_update
                             77 ; ---------------------------------
   0019                      78 _game_update::
                             79 ;src/scene_game.c:27: input_update();
   0019 CDr00r00      [17]   80 	call	_input_update
                             81 ;src/scene_game.c:28: player_update();
   001C C3r00r00      [10]   82 	jp  _player_update
                             83 ;src/scene_game.c:31: void game_render(void) {
                             84 ;	---------------------------------
                             85 ; Function game_render
                             86 ; ---------------------------------
   001F                      87 _game_render::
                             88 ;src/scene_game.c:32: player_render();
   001F C3r00r00      [10]   89 	jp  _player_render
                             90 	.area _CODE
                             91 	.area _INITIALIZER
                             92 	.area _CABS (ABS)
