                              1 ;--------------------------------------------------------
                              2 ; File Created by SDCC : free open source ANSI-C Compiler
                              3 ; Version 3.6.8 #9946 (Mac OS X ppc)
                              4 ;--------------------------------------------------------
                              5 	.module tilesetterrain
                              6 	.optsdcc -mz80
                              7 	
                              8 ;--------------------------------------------------------
                              9 ; Public variables in this module
                             10 ;--------------------------------------------------------
                             11 	.globl _tile_terrain
                             12 ;--------------------------------------------------------
                             13 ; special function registers
                             14 ;--------------------------------------------------------
                             15 ;--------------------------------------------------------
                             16 ; ram data
                             17 ;--------------------------------------------------------
                             18 	.area _DATA
                             19 ;--------------------------------------------------------
                             20 ; ram data
                             21 ;--------------------------------------------------------
                             22 	.area _INITIALIZED
                             23 ;--------------------------------------------------------
                             24 ; absolute external ram data
                             25 ;--------------------------------------------------------
                             26 	.area _DABS (ABS)
                             27 ;--------------------------------------------------------
                             28 ; global & static initialisations
                             29 ;--------------------------------------------------------
                             30 	.area _HOME
                             31 	.area _GSINIT
                             32 	.area _GSFINAL
                             33 	.area _GSINIT
                             34 ;--------------------------------------------------------
                             35 ; Home
                             36 ;--------------------------------------------------------
                             37 	.area _HOME
                             38 	.area _HOME
                             39 ;--------------------------------------------------------
                             40 ; code
                             41 ;--------------------------------------------------------
                             42 	.area _CODE
                             43 	.area _CODE
   0000                      44 _tile_terrain:
   0000 00                   45 	.db #0x00	; 0
   0001 00                   46 	.db #0x00	; 0
   0002 00                   47 	.db #0x00	; 0
   0003 00                   48 	.db #0x00	; 0
   0004 00                   49 	.db #0x00	; 0
   0005 00                   50 	.db #0x00	; 0
   0006 00                   51 	.db #0x00	; 0
   0007 00                   52 	.db #0x00	; 0
   0008 FF                   53 	.db #0xff	; 255
   0009 FF                   54 	.db #0xff	; 255
   000A FF                   55 	.db #0xff	; 255
   000B FF                   56 	.db #0xff	; 255
   000C FF                   57 	.db #0xff	; 255
   000D FF                   58 	.db #0xff	; 255
   000E FF                   59 	.db #0xff	; 255
   000F FF                   60 	.db #0xff	; 255
   0010 AA                   61 	.db #0xaa	; 170
   0011 55                   62 	.db #0x55	; 85	'U'
   0012 AA                   63 	.db #0xaa	; 170
   0013 55                   64 	.db #0x55	; 85	'U'
   0014 AA                   65 	.db #0xaa	; 170
   0015 55                   66 	.db #0x55	; 85	'U'
   0016 AA                   67 	.db #0xaa	; 170
   0017 55                   68 	.db #0x55	; 85	'U'
   0018 00                   69 	.db #0x00	; 0
   0019 00                   70 	.db #0x00	; 0
   001A 00                   71 	.db #0x00	; 0
   001B 00                   72 	.db #0x00	; 0
   001C FF                   73 	.db #0xff	; 255
   001D FF                   74 	.db #0xff	; 255
   001E FF                   75 	.db #0xff	; 255
   001F FF                   76 	.db #0xff	; 255
   0020 00                   77 	.db #0x00	; 0
   0021 00                   78 	.db #0x00	; 0
   0022 00                   79 	.db #0x00	; 0
   0023 00                   80 	.db #0x00	; 0
   0024 00                   81 	.db #0x00	; 0
   0025 00                   82 	.db #0x00	; 0
   0026 FF                   83 	.db #0xff	; 255
   0027 FF                   84 	.db #0xff	; 255
   0028 FF                   85 	.db #0xff	; 255
   0029 FF                   86 	.db #0xff	; 255
   002A 00                   87 	.db #0x00	; 0
   002B 00                   88 	.db #0x00	; 0
   002C 00                   89 	.db #0x00	; 0
   002D 00                   90 	.db #0x00	; 0
   002E 00                   91 	.db #0x00	; 0
   002F 00                   92 	.db #0x00	; 0
   0030 81                   93 	.db #0x81	; 129
   0031 42                   94 	.db #0x42	; 66	'B'
   0032 24                   95 	.db #0x24	; 36
   0033 18                   96 	.db #0x18	; 24
   0034 18                   97 	.db #0x18	; 24
   0035 24                   98 	.db #0x24	; 36
   0036 42                   99 	.db #0x42	; 66	'B'
   0037 81                  100 	.db #0x81	; 129
   0038 00                  101 	.db #0x00	; 0
   0039 00                  102 	.db #0x00	; 0
   003A 00                  103 	.db #0x00	; 0
   003B 00                  104 	.db #0x00	; 0
   003C 00                  105 	.db #0x00	; 0
   003D 00                  106 	.db #0x00	; 0
   003E 00                  107 	.db #0x00	; 0
   003F 00                  108 	.db #0x00	; 0
   0040 18                  109 	.db #0x18	; 24
   0041 3C                  110 	.db #0x3c	; 60
   0042 7E                  111 	.db #0x7e	; 126
   0043 FF                  112 	.db #0xff	; 255
   0044 FF                  113 	.db #0xff	; 255
   0045 7E                  114 	.db #0x7e	; 126
   0046 3C                  115 	.db #0x3c	; 60
   0047 18                  116 	.db #0x18	; 24
   0048 00                  117 	.db #0x00	; 0
   0049 00                  118 	.db #0x00	; 0
   004A 00                  119 	.db #0x00	; 0
   004B 00                  120 	.db #0x00	; 0
   004C 00                  121 	.db #0x00	; 0
   004D 00                  122 	.db #0x00	; 0
   004E 00                  123 	.db #0x00	; 0
   004F 00                  124 	.db #0x00	; 0
   0050 3C                  125 	.db #0x3c	; 60
   0051 7E                  126 	.db #0x7e	; 126
   0052 FF                  127 	.db #0xff	; 255
   0053 FF                  128 	.db #0xff	; 255
   0054 FF                  129 	.db #0xff	; 255
   0055 FF                  130 	.db #0xff	; 255
   0056 7E                  131 	.db #0x7e	; 126
   0057 3C                  132 	.db #0x3c	; 60
   0058 00                  133 	.db #0x00	; 0
   0059 00                  134 	.db #0x00	; 0
   005A 00                  135 	.db #0x00	; 0
   005B 00                  136 	.db #0x00	; 0
   005C 00                  137 	.db #0x00	; 0
   005D 00                  138 	.db #0x00	; 0
   005E 00                  139 	.db #0x00	; 0
   005F 00                  140 	.db #0x00	; 0
   0060 00                  141 	.db #0x00	; 0
   0061 00                  142 	.db #0x00	; 0
   0062 00                  143 	.db #0x00	; 0
   0063 00                  144 	.db #0x00	; 0
   0064 00                  145 	.db #0x00	; 0
   0065 00                  146 	.db #0x00	; 0
   0066 00                  147 	.db #0x00	; 0
   0067 00                  148 	.db #0x00	; 0
   0068 00                  149 	.db #0x00	; 0
   0069 00                  150 	.db #0x00	; 0
   006A 00                  151 	.db #0x00	; 0
   006B 00                  152 	.db #0x00	; 0
   006C 00                  153 	.db #0x00	; 0
   006D 00                  154 	.db #0x00	; 0
   006E 00                  155 	.db #0x00	; 0
   006F 00                  156 	.db #0x00	; 0
   0070 00                  157 	.db #0x00	; 0
   0071 00                  158 	.db #0x00	; 0
   0072 00                  159 	.db #0x00	; 0
   0073 00                  160 	.db #0x00	; 0
   0074 00                  161 	.db #0x00	; 0
   0075 00                  162 	.db #0x00	; 0
   0076 00                  163 	.db #0x00	; 0
   0077 00                  164 	.db #0x00	; 0
   0078 00                  165 	.db #0x00	; 0
   0079 00                  166 	.db #0x00	; 0
   007A 00                  167 	.db #0x00	; 0
   007B 00                  168 	.db #0x00	; 0
   007C 00                  169 	.db #0x00	; 0
   007D 00                  170 	.db #0x00	; 0
   007E 00                  171 	.db #0x00	; 0
   007F 00                  172 	.db #0x00	; 0
                            173 	.area _INITIALIZER
                            174 	.area _CABS (ABS)
