                              1 ;--------------------------------------------------------
                              2 ; File Created by SDCC : free open source ANSI-C Compiler
                              3 ; Version 3.6.8 #9946 (Mac OS X ppc)
                              4 ;--------------------------------------------------------
                              5 	.module fontgothic
                              6 	.optsdcc -mz80
                              7 	
                              8 ;--------------------------------------------------------
                              9 ; Public variables in this module
                             10 ;--------------------------------------------------------
                             11 	.globl _font_gothic
                             12 ;--------------------------------------------------------
                             13 ; special function registers
                             14 ;--------------------------------------------------------
                             15 ;--------------------------------------------------------
                             16 ; ram data
                             17 ;--------------------------------------------------------
                             18 	.area _DATA
                             19 ;--------------------------------------------------------
                             20 ; ram data
                             21 ;--------------------------------------------------------
                             22 	.area _INITIALIZED
                             23 ;--------------------------------------------------------
                             24 ; absolute external ram data
                             25 ;--------------------------------------------------------
                             26 	.area _DABS (ABS)
                             27 ;--------------------------------------------------------
                             28 ; global & static initialisations
                             29 ;--------------------------------------------------------
                             30 	.area _HOME
                             31 	.area _GSINIT
                             32 	.area _GSFINAL
                             33 	.area _GSINIT
                             34 ;--------------------------------------------------------
                             35 ; Home
                             36 ;--------------------------------------------------------
                             37 	.area _HOME
                             38 	.area _HOME
                             39 ;--------------------------------------------------------
                             40 ; code
                             41 ;--------------------------------------------------------
                             42 	.area _CODE
                             43 	.area _CODE
   0000                      44 _font_gothic:
   0000 00                   45 	.db #0x00	; 0
   0001 00                   46 	.db 0x00
   0002 00                   47 	.db 0x00
   0003 00                   48 	.db 0x00
   0004 00                   49 	.db 0x00
   0005 00                   50 	.db 0x00
   0006 00                   51 	.db 0x00
   0007 00                   52 	.db 0x00
   0008 00                   53 	.db 0x00
   0009 00                   54 	.db 0x00
   000A 00                   55 	.db 0x00
   000B 00                   56 	.db 0x00
   000C 00                   57 	.db 0x00
   000D 00                   58 	.db 0x00
   000E 00                   59 	.db 0x00
   000F 00                   60 	.db 0x00
   0010 00                   61 	.db 0x00
   0011 00                   62 	.db 0x00
   0012 00                   63 	.db 0x00
   0013 00                   64 	.db 0x00
   0014 00                   65 	.db 0x00
   0015 00                   66 	.db 0x00
   0016 00                   67 	.db 0x00
   0017 00                   68 	.db 0x00
   0018 00                   69 	.db 0x00
   0019 00                   70 	.db 0x00
   001A 00                   71 	.db 0x00
   001B 00                   72 	.db 0x00
   001C 00                   73 	.db 0x00
   001D 00                   74 	.db 0x00
   001E 00                   75 	.db 0x00
   001F 00                   76 	.db 0x00
   0020 00                   77 	.db 0x00
   0021 00                   78 	.db 0x00
   0022 00                   79 	.db 0x00
   0023 00                   80 	.db 0x00
   0024 00                   81 	.db 0x00
   0025 00                   82 	.db 0x00
   0026 00                   83 	.db 0x00
   0027 00                   84 	.db 0x00
   0028 00                   85 	.db 0x00
   0029 00                   86 	.db 0x00
   002A 00                   87 	.db 0x00
   002B 00                   88 	.db 0x00
   002C 00                   89 	.db 0x00
   002D 00                   90 	.db 0x00
   002E 00                   91 	.db 0x00
   002F 00                   92 	.db 0x00
   0030 00                   93 	.db 0x00
   0031 00                   94 	.db 0x00
   0032 00                   95 	.db 0x00
   0033 00                   96 	.db 0x00
   0034 00                   97 	.db 0x00
   0035 00                   98 	.db 0x00
   0036 00                   99 	.db 0x00
   0037 00                  100 	.db 0x00
   0038 00                  101 	.db 0x00
   0039 00                  102 	.db 0x00
   003A 00                  103 	.db 0x00
   003B 00                  104 	.db 0x00
   003C 00                  105 	.db 0x00
   003D 00                  106 	.db 0x00
   003E 00                  107 	.db 0x00
   003F 00                  108 	.db 0x00
   0040 00                  109 	.db 0x00
   0041 00                  110 	.db 0x00
   0042 00                  111 	.db 0x00
   0043 00                  112 	.db 0x00
   0044 00                  113 	.db 0x00
   0045 00                  114 	.db 0x00
   0046 00                  115 	.db 0x00
   0047 00                  116 	.db 0x00
   0048 00                  117 	.db 0x00
   0049 00                  118 	.db 0x00
   004A 00                  119 	.db 0x00
   004B 00                  120 	.db 0x00
   004C 00                  121 	.db 0x00
   004D 00                  122 	.db 0x00
   004E 00                  123 	.db 0x00
   004F 00                  124 	.db 0x00
   0050 00                  125 	.db 0x00
   0051 00                  126 	.db 0x00
   0052 00                  127 	.db 0x00
   0053 00                  128 	.db 0x00
   0054 00                  129 	.db 0x00
   0055 00                  130 	.db 0x00
   0056 00                  131 	.db 0x00
   0057 00                  132 	.db 0x00
   0058 00                  133 	.db 0x00
   0059 00                  134 	.db 0x00
   005A 00                  135 	.db 0x00
   005B 00                  136 	.db 0x00
   005C 00                  137 	.db 0x00
   005D 00                  138 	.db 0x00
   005E 00                  139 	.db 0x00
   005F 00                  140 	.db 0x00
   0060 00                  141 	.db 0x00
   0061 00                  142 	.db 0x00
   0062 00                  143 	.db 0x00
   0063 00                  144 	.db 0x00
   0064 00                  145 	.db 0x00
   0065 00                  146 	.db 0x00
   0066 00                  147 	.db 0x00
   0067 00                  148 	.db 0x00
   0068 00                  149 	.db 0x00
   0069 00                  150 	.db 0x00
   006A 00                  151 	.db 0x00
   006B 00                  152 	.db 0x00
   006C 00                  153 	.db 0x00
   006D 00                  154 	.db 0x00
   006E 00                  155 	.db 0x00
   006F 00                  156 	.db 0x00
   0070 00                  157 	.db 0x00
   0071 00                  158 	.db 0x00
   0072 00                  159 	.db 0x00
   0073 00                  160 	.db 0x00
   0074 00                  161 	.db 0x00
   0075 00                  162 	.db 0x00
   0076 00                  163 	.db 0x00
   0077 00                  164 	.db 0x00
   0078 00                  165 	.db 0x00
   0079 00                  166 	.db 0x00
   007A 00                  167 	.db 0x00
   007B 00                  168 	.db 0x00
   007C 00                  169 	.db 0x00
   007D 00                  170 	.db 0x00
   007E 00                  171 	.db 0x00
   007F 00                  172 	.db 0x00
   0080 00                  173 	.db 0x00
   0081 00                  174 	.db 0x00
   0082 00                  175 	.db 0x00
   0083 00                  176 	.db 0x00
   0084 00                  177 	.db 0x00
   0085 00                  178 	.db 0x00
   0086 00                  179 	.db 0x00
   0087 00                  180 	.db 0x00
   0088 00                  181 	.db 0x00
   0089 00                  182 	.db 0x00
   008A 00                  183 	.db 0x00
   008B 00                  184 	.db 0x00
   008C 00                  185 	.db 0x00
   008D 00                  186 	.db 0x00
   008E 00                  187 	.db 0x00
   008F 00                  188 	.db 0x00
   0090 00                  189 	.db 0x00
   0091 00                  190 	.db 0x00
   0092 00                  191 	.db 0x00
   0093 00                  192 	.db 0x00
   0094 00                  193 	.db 0x00
   0095 00                  194 	.db 0x00
   0096 00                  195 	.db 0x00
   0097 00                  196 	.db 0x00
   0098 00                  197 	.db 0x00
   0099 00                  198 	.db 0x00
   009A 00                  199 	.db 0x00
   009B 00                  200 	.db 0x00
   009C 00                  201 	.db 0x00
   009D 00                  202 	.db 0x00
   009E 00                  203 	.db 0x00
   009F 00                  204 	.db 0x00
   00A0 00                  205 	.db 0x00
   00A1 00                  206 	.db 0x00
   00A2 00                  207 	.db 0x00
   00A3 00                  208 	.db 0x00
   00A4 00                  209 	.db 0x00
   00A5 00                  210 	.db 0x00
   00A6 00                  211 	.db 0x00
   00A7 00                  212 	.db 0x00
   00A8 00                  213 	.db 0x00
   00A9 00                  214 	.db 0x00
   00AA 00                  215 	.db 0x00
   00AB 00                  216 	.db 0x00
   00AC 00                  217 	.db 0x00
   00AD 00                  218 	.db 0x00
   00AE 00                  219 	.db 0x00
   00AF 00                  220 	.db 0x00
   00B0 00                  221 	.db 0x00
   00B1 00                  222 	.db 0x00
   00B2 00                  223 	.db 0x00
   00B3 00                  224 	.db 0x00
   00B4 00                  225 	.db 0x00
   00B5 00                  226 	.db 0x00
   00B6 00                  227 	.db 0x00
   00B7 00                  228 	.db 0x00
   00B8 00                  229 	.db 0x00
   00B9 00                  230 	.db 0x00
   00BA 00                  231 	.db 0x00
   00BB 00                  232 	.db 0x00
   00BC 00                  233 	.db 0x00
   00BD 00                  234 	.db 0x00
   00BE 00                  235 	.db 0x00
   00BF 00                  236 	.db 0x00
   00C0 00                  237 	.db 0x00
   00C1 00                  238 	.db 0x00
   00C2 00                  239 	.db 0x00
   00C3 00                  240 	.db 0x00
   00C4 00                  241 	.db 0x00
   00C5 00                  242 	.db 0x00
   00C6 00                  243 	.db 0x00
   00C7 00                  244 	.db 0x00
   00C8 00                  245 	.db 0x00
   00C9 00                  246 	.db 0x00
   00CA 00                  247 	.db 0x00
   00CB 00                  248 	.db 0x00
   00CC 00                  249 	.db 0x00
   00CD 00                  250 	.db 0x00
   00CE 00                  251 	.db 0x00
   00CF 00                  252 	.db 0x00
   00D0 00                  253 	.db 0x00
   00D1 00                  254 	.db 0x00
   00D2 00                  255 	.db 0x00
   00D3 00                  256 	.db 0x00
   00D4 00                  257 	.db 0x00
   00D5 00                  258 	.db 0x00
   00D6 00                  259 	.db 0x00
   00D7 00                  260 	.db 0x00
   00D8 00                  261 	.db 0x00
   00D9 00                  262 	.db 0x00
   00DA 00                  263 	.db 0x00
   00DB 00                  264 	.db 0x00
   00DC 00                  265 	.db 0x00
   00DD 00                  266 	.db 0x00
   00DE 00                  267 	.db 0x00
   00DF 00                  268 	.db 0x00
   00E0 00                  269 	.db 0x00
   00E1 00                  270 	.db 0x00
   00E2 00                  271 	.db 0x00
   00E3 00                  272 	.db 0x00
   00E4 00                  273 	.db 0x00
   00E5 00                  274 	.db 0x00
   00E6 00                  275 	.db 0x00
   00E7 00                  276 	.db 0x00
   00E8 00                  277 	.db 0x00
   00E9 00                  278 	.db 0x00
   00EA 00                  279 	.db 0x00
   00EB 00                  280 	.db 0x00
   00EC 00                  281 	.db 0x00
   00ED 00                  282 	.db 0x00
   00EE 00                  283 	.db 0x00
   00EF 00                  284 	.db 0x00
   00F0 00                  285 	.db 0x00
   00F1 00                  286 	.db 0x00
   00F2 00                  287 	.db 0x00
   00F3 00                  288 	.db 0x00
   00F4 00                  289 	.db 0x00
   00F5 00                  290 	.db 0x00
   00F6 00                  291 	.db 0x00
   00F7 00                  292 	.db 0x00
   00F8 00                  293 	.db 0x00
   00F9 00                  294 	.db 0x00
   00FA 00                  295 	.db 0x00
   00FB 00                  296 	.db 0x00
   00FC 00                  297 	.db 0x00
   00FD 00                  298 	.db 0x00
   00FE 00                  299 	.db 0x00
   00FF 00                  300 	.db 0x00
   0100 00                  301 	.db 0x00
   0101 00                  302 	.db 0x00
   0102 00                  303 	.db 0x00
   0103 00                  304 	.db 0x00
   0104 00                  305 	.db 0x00
   0105 00                  306 	.db 0x00
   0106 00                  307 	.db 0x00
   0107 00                  308 	.db 0x00
   0108 00                  309 	.db 0x00
   0109 00                  310 	.db 0x00
   010A 00                  311 	.db 0x00
   010B 00                  312 	.db 0x00
   010C 00                  313 	.db 0x00
   010D 00                  314 	.db 0x00
   010E 00                  315 	.db 0x00
   010F 00                  316 	.db 0x00
   0110 00                  317 	.db 0x00
   0111 00                  318 	.db 0x00
   0112 00                  319 	.db 0x00
   0113 00                  320 	.db 0x00
   0114 00                  321 	.db 0x00
   0115 00                  322 	.db 0x00
   0116 00                  323 	.db 0x00
   0117 00                  324 	.db 0x00
   0118 00                  325 	.db 0x00
   0119 00                  326 	.db 0x00
   011A 00                  327 	.db 0x00
   011B 00                  328 	.db 0x00
   011C 00                  329 	.db 0x00
   011D 00                  330 	.db 0x00
   011E 00                  331 	.db 0x00
   011F 00                  332 	.db 0x00
   0120 00                  333 	.db 0x00
   0121 00                  334 	.db 0x00
   0122 00                  335 	.db 0x00
   0123 00                  336 	.db 0x00
   0124 00                  337 	.db 0x00
   0125 00                  338 	.db 0x00
   0126 00                  339 	.db 0x00
   0127 00                  340 	.db 0x00
   0128 00                  341 	.db 0x00
   0129 00                  342 	.db 0x00
   012A 00                  343 	.db 0x00
   012B 00                  344 	.db 0x00
   012C 00                  345 	.db 0x00
   012D 00                  346 	.db 0x00
   012E 00                  347 	.db 0x00
   012F 00                  348 	.db 0x00
   0130 00                  349 	.db 0x00
   0131 00                  350 	.db 0x00
   0132 00                  351 	.db 0x00
   0133 00                  352 	.db 0x00
   0134 00                  353 	.db 0x00
   0135 00                  354 	.db 0x00
   0136 00                  355 	.db 0x00
   0137 00                  356 	.db 0x00
   0138 00                  357 	.db 0x00
   0139 00                  358 	.db 0x00
   013A 00                  359 	.db 0x00
   013B 00                  360 	.db 0x00
   013C 00                  361 	.db 0x00
   013D 00                  362 	.db 0x00
   013E 00                  363 	.db 0x00
   013F 00                  364 	.db 0x00
   0140 00                  365 	.db 0x00
   0141 00                  366 	.db 0x00
   0142 00                  367 	.db 0x00
   0143 00                  368 	.db 0x00
   0144 00                  369 	.db 0x00
   0145 00                  370 	.db 0x00
   0146 00                  371 	.db 0x00
   0147 00                  372 	.db 0x00
   0148 00                  373 	.db 0x00
   0149 00                  374 	.db 0x00
   014A 00                  375 	.db 0x00
   014B 00                  376 	.db 0x00
   014C 00                  377 	.db 0x00
   014D 00                  378 	.db 0x00
   014E 00                  379 	.db 0x00
   014F 00                  380 	.db 0x00
   0150 00                  381 	.db 0x00
   0151 00                  382 	.db 0x00
   0152 00                  383 	.db 0x00
   0153 00                  384 	.db 0x00
   0154 00                  385 	.db 0x00
   0155 00                  386 	.db 0x00
   0156 00                  387 	.db 0x00
   0157 00                  388 	.db 0x00
   0158 00                  389 	.db 0x00
   0159 00                  390 	.db 0x00
   015A 00                  391 	.db 0x00
   015B 00                  392 	.db 0x00
   015C 00                  393 	.db 0x00
   015D 00                  394 	.db 0x00
   015E 00                  395 	.db 0x00
   015F 00                  396 	.db 0x00
   0160 00                  397 	.db 0x00
   0161 00                  398 	.db 0x00
   0162 00                  399 	.db 0x00
   0163 00                  400 	.db 0x00
   0164 00                  401 	.db 0x00
   0165 00                  402 	.db 0x00
   0166 00                  403 	.db 0x00
   0167 00                  404 	.db 0x00
   0168 00                  405 	.db 0x00
   0169 00                  406 	.db 0x00
   016A 00                  407 	.db 0x00
   016B 00                  408 	.db 0x00
   016C 00                  409 	.db 0x00
   016D 00                  410 	.db 0x00
   016E 00                  411 	.db 0x00
   016F 00                  412 	.db 0x00
   0170 00                  413 	.db 0x00
   0171 00                  414 	.db 0x00
   0172 00                  415 	.db 0x00
   0173 00                  416 	.db 0x00
   0174 00                  417 	.db 0x00
   0175 00                  418 	.db 0x00
   0176 00                  419 	.db 0x00
   0177 00                  420 	.db 0x00
   0178 00                  421 	.db 0x00
   0179 00                  422 	.db 0x00
   017A 00                  423 	.db 0x00
   017B 00                  424 	.db 0x00
   017C 00                  425 	.db 0x00
   017D 00                  426 	.db 0x00
   017E 00                  427 	.db 0x00
   017F 00                  428 	.db 0x00
   0180 00                  429 	.db 0x00
   0181 00                  430 	.db 0x00
   0182 00                  431 	.db 0x00
   0183 00                  432 	.db 0x00
   0184 00                  433 	.db 0x00
   0185 00                  434 	.db 0x00
   0186 00                  435 	.db 0x00
   0187 00                  436 	.db 0x00
   0188 00                  437 	.db 0x00
   0189 00                  438 	.db 0x00
   018A 00                  439 	.db 0x00
   018B 00                  440 	.db 0x00
   018C 00                  441 	.db 0x00
   018D 00                  442 	.db 0x00
   018E 00                  443 	.db 0x00
   018F 00                  444 	.db 0x00
   0190 00                  445 	.db 0x00
   0191 00                  446 	.db 0x00
   0192 00                  447 	.db 0x00
   0193 00                  448 	.db 0x00
   0194 00                  449 	.db 0x00
   0195 00                  450 	.db 0x00
   0196 00                  451 	.db 0x00
   0197 00                  452 	.db 0x00
   0198 00                  453 	.db 0x00
   0199 00                  454 	.db 0x00
   019A 00                  455 	.db 0x00
   019B 00                  456 	.db 0x00
   019C 00                  457 	.db 0x00
   019D 00                  458 	.db 0x00
   019E 00                  459 	.db 0x00
   019F 00                  460 	.db 0x00
   01A0 00                  461 	.db 0x00
   01A1 00                  462 	.db 0x00
   01A2 00                  463 	.db 0x00
   01A3 00                  464 	.db 0x00
   01A4 00                  465 	.db 0x00
   01A5 00                  466 	.db 0x00
   01A6 00                  467 	.db 0x00
   01A7 00                  468 	.db 0x00
   01A8 00                  469 	.db 0x00
   01A9 00                  470 	.db 0x00
   01AA 00                  471 	.db 0x00
   01AB 00                  472 	.db 0x00
   01AC 00                  473 	.db 0x00
   01AD 00                  474 	.db 0x00
   01AE 00                  475 	.db 0x00
   01AF 00                  476 	.db 0x00
   01B0 00                  477 	.db 0x00
   01B1 00                  478 	.db 0x00
   01B2 00                  479 	.db 0x00
   01B3 00                  480 	.db 0x00
   01B4 00                  481 	.db 0x00
   01B5 00                  482 	.db 0x00
   01B6 00                  483 	.db 0x00
   01B7 00                  484 	.db 0x00
   01B8 00                  485 	.db 0x00
   01B9 00                  486 	.db 0x00
   01BA 00                  487 	.db 0x00
   01BB 00                  488 	.db 0x00
   01BC 00                  489 	.db 0x00
   01BD 00                  490 	.db 0x00
   01BE 00                  491 	.db 0x00
   01BF 00                  492 	.db 0x00
   01C0 00                  493 	.db 0x00
   01C1 00                  494 	.db 0x00
   01C2 00                  495 	.db 0x00
   01C3 00                  496 	.db 0x00
   01C4 00                  497 	.db 0x00
   01C5 00                  498 	.db 0x00
   01C6 00                  499 	.db 0x00
   01C7 00                  500 	.db 0x00
   01C8 00                  501 	.db 0x00
   01C9 00                  502 	.db 0x00
   01CA 00                  503 	.db 0x00
   01CB 00                  504 	.db 0x00
   01CC 00                  505 	.db 0x00
   01CD 00                  506 	.db 0x00
   01CE 00                  507 	.db 0x00
   01CF 00                  508 	.db 0x00
   01D0 00                  509 	.db 0x00
   01D1 00                  510 	.db 0x00
   01D2 00                  511 	.db 0x00
   01D3 00                  512 	.db 0x00
   01D4 00                  513 	.db 0x00
   01D5 00                  514 	.db 0x00
   01D6 00                  515 	.db 0x00
   01D7 00                  516 	.db 0x00
   01D8 00                  517 	.db 0x00
   01D9 00                  518 	.db 0x00
   01DA 00                  519 	.db 0x00
   01DB 00                  520 	.db 0x00
   01DC 00                  521 	.db 0x00
   01DD 00                  522 	.db 0x00
   01DE 00                  523 	.db 0x00
   01DF 00                  524 	.db 0x00
   01E0 00                  525 	.db 0x00
   01E1 00                  526 	.db 0x00
   01E2 00                  527 	.db 0x00
   01E3 00                  528 	.db 0x00
   01E4 00                  529 	.db 0x00
   01E5 00                  530 	.db 0x00
   01E6 00                  531 	.db 0x00
   01E7 00                  532 	.db 0x00
   01E8 00                  533 	.db 0x00
   01E9 00                  534 	.db 0x00
   01EA 00                  535 	.db 0x00
   01EB 00                  536 	.db 0x00
   01EC 00                  537 	.db 0x00
   01ED 00                  538 	.db 0x00
   01EE 00                  539 	.db 0x00
   01EF 00                  540 	.db 0x00
   01F0 00                  541 	.db 0x00
   01F1 00                  542 	.db 0x00
   01F2 00                  543 	.db 0x00
   01F3 00                  544 	.db 0x00
   01F4 00                  545 	.db 0x00
   01F5 00                  546 	.db 0x00
   01F6 00                  547 	.db 0x00
   01F7 00                  548 	.db 0x00
   01F8 00                  549 	.db 0x00
   01F9 00                  550 	.db 0x00
   01FA 00                  551 	.db 0x00
   01FB 00                  552 	.db 0x00
   01FC 00                  553 	.db 0x00
   01FD 00                  554 	.db 0x00
   01FE 00                  555 	.db 0x00
   01FF 00                  556 	.db 0x00
   0200 00                  557 	.db 0x00
   0201 00                  558 	.db 0x00
   0202 00                  559 	.db 0x00
   0203 00                  560 	.db 0x00
   0204 00                  561 	.db 0x00
   0205 00                  562 	.db 0x00
   0206 00                  563 	.db 0x00
   0207 00                  564 	.db 0x00
   0208 00                  565 	.db 0x00
   0209 00                  566 	.db 0x00
   020A 00                  567 	.db 0x00
   020B 00                  568 	.db 0x00
   020C 00                  569 	.db 0x00
   020D 00                  570 	.db 0x00
   020E 00                  571 	.db 0x00
   020F 00                  572 	.db 0x00
   0210 00                  573 	.db 0x00
   0211 00                  574 	.db 0x00
   0212 00                  575 	.db 0x00
   0213 00                  576 	.db 0x00
   0214 00                  577 	.db 0x00
   0215 00                  578 	.db 0x00
   0216 00                  579 	.db 0x00
   0217 00                  580 	.db 0x00
   0218 00                  581 	.db 0x00
   0219 00                  582 	.db 0x00
   021A 00                  583 	.db 0x00
   021B 00                  584 	.db 0x00
   021C 00                  585 	.db 0x00
   021D 00                  586 	.db 0x00
   021E 00                  587 	.db 0x00
   021F 00                  588 	.db 0x00
   0220 00                  589 	.db 0x00
   0221 00                  590 	.db 0x00
   0222 00                  591 	.db 0x00
   0223 00                  592 	.db 0x00
   0224 00                  593 	.db 0x00
   0225 00                  594 	.db 0x00
   0226 00                  595 	.db 0x00
   0227 00                  596 	.db 0x00
   0228 00                  597 	.db 0x00
   0229 00                  598 	.db 0x00
   022A 00                  599 	.db 0x00
   022B 00                  600 	.db 0x00
   022C 00                  601 	.db 0x00
   022D 00                  602 	.db 0x00
   022E 00                  603 	.db 0x00
   022F 00                  604 	.db 0x00
   0230 00                  605 	.db 0x00
   0231 00                  606 	.db 0x00
   0232 00                  607 	.db 0x00
   0233 00                  608 	.db 0x00
   0234 00                  609 	.db 0x00
   0235 00                  610 	.db 0x00
   0236 00                  611 	.db 0x00
   0237 00                  612 	.db 0x00
   0238 00                  613 	.db 0x00
   0239 00                  614 	.db 0x00
   023A 00                  615 	.db 0x00
   023B 00                  616 	.db 0x00
   023C 00                  617 	.db 0x00
   023D 00                  618 	.db 0x00
   023E 00                  619 	.db 0x00
   023F 00                  620 	.db 0x00
   0240 00                  621 	.db 0x00
   0241 00                  622 	.db 0x00
   0242 00                  623 	.db 0x00
   0243 00                  624 	.db 0x00
   0244 00                  625 	.db 0x00
   0245 00                  626 	.db 0x00
   0246 00                  627 	.db 0x00
   0247 00                  628 	.db 0x00
   0248 00                  629 	.db 0x00
   0249 00                  630 	.db 0x00
   024A 00                  631 	.db 0x00
   024B 00                  632 	.db 0x00
   024C 00                  633 	.db 0x00
   024D 00                  634 	.db 0x00
   024E 00                  635 	.db 0x00
   024F 00                  636 	.db 0x00
   0250 00                  637 	.db 0x00
   0251 00                  638 	.db 0x00
   0252 00                  639 	.db 0x00
   0253 00                  640 	.db 0x00
   0254 00                  641 	.db 0x00
   0255 00                  642 	.db 0x00
   0256 00                  643 	.db 0x00
   0257 00                  644 	.db 0x00
   0258 00                  645 	.db 0x00
   0259 00                  646 	.db 0x00
   025A 00                  647 	.db 0x00
   025B 00                  648 	.db 0x00
   025C 00                  649 	.db 0x00
   025D 00                  650 	.db 0x00
   025E 00                  651 	.db 0x00
   025F 00                  652 	.db 0x00
   0260 00                  653 	.db 0x00
   0261 00                  654 	.db 0x00
   0262 00                  655 	.db 0x00
   0263 00                  656 	.db 0x00
   0264 00                  657 	.db 0x00
   0265 00                  658 	.db 0x00
   0266 00                  659 	.db 0x00
   0267 00                  660 	.db 0x00
   0268 00                  661 	.db 0x00
   0269 00                  662 	.db 0x00
   026A 00                  663 	.db 0x00
   026B 00                  664 	.db 0x00
   026C 00                  665 	.db 0x00
   026D 00                  666 	.db 0x00
   026E 00                  667 	.db 0x00
   026F 00                  668 	.db 0x00
   0270 00                  669 	.db 0x00
   0271 00                  670 	.db 0x00
   0272 00                  671 	.db 0x00
   0273 00                  672 	.db 0x00
   0274 00                  673 	.db 0x00
   0275 00                  674 	.db 0x00
   0276 00                  675 	.db 0x00
   0277 00                  676 	.db 0x00
   0278 00                  677 	.db 0x00
   0279 00                  678 	.db 0x00
   027A 00                  679 	.db 0x00
   027B 00                  680 	.db 0x00
   027C 00                  681 	.db 0x00
   027D 00                  682 	.db 0x00
   027E 00                  683 	.db 0x00
   027F 00                  684 	.db 0x00
   0280 00                  685 	.db 0x00
   0281 00                  686 	.db 0x00
   0282 00                  687 	.db 0x00
   0283 00                  688 	.db 0x00
   0284 00                  689 	.db 0x00
   0285 00                  690 	.db 0x00
   0286 00                  691 	.db 0x00
   0287 00                  692 	.db 0x00
   0288 00                  693 	.db 0x00
   0289 00                  694 	.db 0x00
   028A 00                  695 	.db 0x00
   028B 00                  696 	.db 0x00
   028C 00                  697 	.db 0x00
   028D 00                  698 	.db 0x00
   028E 00                  699 	.db 0x00
   028F 00                  700 	.db 0x00
   0290 00                  701 	.db 0x00
   0291 00                  702 	.db 0x00
   0292 00                  703 	.db 0x00
   0293 00                  704 	.db 0x00
   0294 00                  705 	.db 0x00
   0295 00                  706 	.db 0x00
   0296 00                  707 	.db 0x00
   0297 00                  708 	.db 0x00
   0298 00                  709 	.db 0x00
   0299 00                  710 	.db 0x00
   029A 00                  711 	.db 0x00
   029B 00                  712 	.db 0x00
   029C 00                  713 	.db 0x00
   029D 00                  714 	.db 0x00
   029E 00                  715 	.db 0x00
   029F 00                  716 	.db 0x00
   02A0 00                  717 	.db 0x00
   02A1 00                  718 	.db 0x00
   02A2 00                  719 	.db 0x00
   02A3 00                  720 	.db 0x00
   02A4 00                  721 	.db 0x00
   02A5 00                  722 	.db 0x00
   02A6 00                  723 	.db 0x00
   02A7 00                  724 	.db 0x00
   02A8 00                  725 	.db 0x00
   02A9 00                  726 	.db 0x00
   02AA 00                  727 	.db 0x00
   02AB 00                  728 	.db 0x00
   02AC 00                  729 	.db 0x00
   02AD 00                  730 	.db 0x00
   02AE 00                  731 	.db 0x00
   02AF 00                  732 	.db 0x00
   02B0 00                  733 	.db 0x00
   02B1 00                  734 	.db 0x00
   02B2 00                  735 	.db 0x00
   02B3 00                  736 	.db 0x00
   02B4 00                  737 	.db 0x00
   02B5 00                  738 	.db 0x00
   02B6 00                  739 	.db 0x00
   02B7 00                  740 	.db 0x00
   02B8 00                  741 	.db 0x00
   02B9 00                  742 	.db 0x00
   02BA 00                  743 	.db 0x00
   02BB 00                  744 	.db 0x00
   02BC 00                  745 	.db 0x00
   02BD 00                  746 	.db 0x00
   02BE 00                  747 	.db 0x00
   02BF 00                  748 	.db 0x00
   02C0 00                  749 	.db 0x00
   02C1 00                  750 	.db 0x00
   02C2 00                  751 	.db 0x00
   02C3 00                  752 	.db 0x00
   02C4 00                  753 	.db 0x00
   02C5 00                  754 	.db 0x00
   02C6 00                  755 	.db 0x00
   02C7 00                  756 	.db 0x00
   02C8 00                  757 	.db 0x00
   02C9 00                  758 	.db 0x00
   02CA 00                  759 	.db 0x00
   02CB 00                  760 	.db 0x00
   02CC 00                  761 	.db 0x00
   02CD 00                  762 	.db 0x00
   02CE 00                  763 	.db 0x00
   02CF 00                  764 	.db 0x00
   02D0 00                  765 	.db 0x00
   02D1 00                  766 	.db 0x00
   02D2 00                  767 	.db 0x00
   02D3 00                  768 	.db 0x00
   02D4 00                  769 	.db 0x00
   02D5 00                  770 	.db 0x00
   02D6 00                  771 	.db 0x00
   02D7 00                  772 	.db 0x00
   02D8 00                  773 	.db 0x00
   02D9 00                  774 	.db 0x00
   02DA 00                  775 	.db 0x00
   02DB 00                  776 	.db 0x00
   02DC 00                  777 	.db 0x00
   02DD 00                  778 	.db 0x00
   02DE 00                  779 	.db 0x00
   02DF 00                  780 	.db 0x00
   02E0 00                  781 	.db 0x00
   02E1 00                  782 	.db 0x00
   02E2 00                  783 	.db 0x00
   02E3 00                  784 	.db 0x00
   02E4 00                  785 	.db 0x00
   02E5 00                  786 	.db 0x00
   02E6 00                  787 	.db 0x00
   02E7 00                  788 	.db 0x00
   02E8 00                  789 	.db 0x00
   02E9 00                  790 	.db 0x00
   02EA 00                  791 	.db 0x00
   02EB 00                  792 	.db 0x00
   02EC 00                  793 	.db 0x00
   02ED 00                  794 	.db 0x00
   02EE 00                  795 	.db 0x00
   02EF 00                  796 	.db 0x00
   02F0 00                  797 	.db 0x00
   02F1 00                  798 	.db 0x00
   02F2 00                  799 	.db 0x00
   02F3 00                  800 	.db 0x00
   02F4 00                  801 	.db 0x00
   02F5 00                  802 	.db 0x00
   02F6 00                  803 	.db 0x00
   02F7 00                  804 	.db 0x00
   02F8 00                  805 	.db 0x00
   02F9 00                  806 	.db 0x00
   02FA 00                  807 	.db 0x00
   02FB 00                  808 	.db 0x00
   02FC 00                  809 	.db 0x00
   02FD 00                  810 	.db 0x00
   02FE 00                  811 	.db 0x00
   02FF 00                  812 	.db 0x00
                            813 	.area _INITIALIZER
                            814 	.area _CABS (ABS)
