                              1 ;--------------------------------------------------------
                              2 ; File Created by SDCC : free open source ANSI-C Compiler
                              3 ; Version 3.6.8 #9946 (Mac OS X ppc)
                              4 ;--------------------------------------------------------
                              5 	.module enemy
                              6 	.optsdcc -mz80
                              7 	
                              8 ;--------------------------------------------------------
                              9 ; Public variables in this module
                             10 ;--------------------------------------------------------
                             11 	.globl _collision_clamp_y_at
                             12 	.globl _collision_is_on_ground_at
                             13 	.globl _cpct_getScreenPtr
                             14 	.globl _cpct_drawSolidBox
                             15 	.globl _cpct_px2byteM0
                             16 	.globl _enemyinit
                             17 	.globl _enemyspawn
                             18 	.globl _enemyupdate
                             19 	.globl _enemyrender
                             20 	.globl _enemydamage
                             21 ;--------------------------------------------------------
                             22 ; special function registers
                             23 ;--------------------------------------------------------
                             24 ;--------------------------------------------------------
                             25 ; ram data
                             26 ;--------------------------------------------------------
                             27 	.area _DATA
                             28 ;--------------------------------------------------------
                             29 ; ram data
                             30 ;--------------------------------------------------------
                             31 	.area _INITIALIZED
                             32 ;--------------------------------------------------------
                             33 ; absolute external ram data
                             34 ;--------------------------------------------------------
                             35 	.area _DABS (ABS)
                             36 ;--------------------------------------------------------
                             37 ; global & static initialisations
                             38 ;--------------------------------------------------------
                             39 	.area _HOME
                             40 	.area _GSINIT
                             41 	.area _GSFINAL
                             42 	.area _GSINIT
                             43 ;--------------------------------------------------------
                             44 ; Home
                             45 ;--------------------------------------------------------
                             46 	.area _HOME
                             47 	.area _HOME
                             48 ;--------------------------------------------------------
                             49 ; code
                             50 ;--------------------------------------------------------
                             51 	.area _CODE
                             52 ;src/entities/enemy.c:5: void enemyinit(Enemy* enemy) {
                             53 ;	---------------------------------
                             54 ; Function enemyinit
                             55 ; ---------------------------------
   0000                      56 _enemyinit::
                             57 ;src/entities/enemy.c:6: if (!enemy) {
   0000 21 03 00      [10]   58 	ld	hl, #2+1
   0003 39            [11]   59 	add	hl, sp
   0004 7E            [ 7]   60 	ld	a, (hl)
   0005 2B            [ 6]   61 	dec	hl
   0006 B6            [ 7]   62 	or	a,(hl)
                             63 ;src/entities/enemy.c:7: return;
   0007 C8            [11]   64 	ret	Z
                             65 ;src/entities/enemy.c:10: enemy->x = 0;
   0008 D1            [10]   66 	pop	de
   0009 C1            [10]   67 	pop	bc
   000A C5            [11]   68 	push	bc
   000B D5            [11]   69 	push	de
   000C AF            [ 4]   70 	xor	a, a
   000D 02            [ 7]   71 	ld	(bc), a
                             72 ;src/entities/enemy.c:11: enemy->y = 0;
   000E 59            [ 4]   73 	ld	e, c
   000F 50            [ 4]   74 	ld	d, b
   0010 13            [ 6]   75 	inc	de
   0011 AF            [ 4]   76 	xor	a, a
   0012 12            [ 7]   77 	ld	(de), a
                             78 ;src/entities/enemy.c:12: enemy->vx = 0;
   0013 59            [ 4]   79 	ld	e, c
   0014 50            [ 4]   80 	ld	d, b
   0015 13            [ 6]   81 	inc	de
   0016 13            [ 6]   82 	inc	de
   0017 AF            [ 4]   83 	xor	a, a
   0018 12            [ 7]   84 	ld	(de), a
                             85 ;src/entities/enemy.c:13: enemy->vy = 0;
   0019 59            [ 4]   86 	ld	e, c
   001A 50            [ 4]   87 	ld	d, b
   001B 13            [ 6]   88 	inc	de
   001C 13            [ 6]   89 	inc	de
   001D 13            [ 6]   90 	inc	de
   001E AF            [ 4]   91 	xor	a, a
   001F 12            [ 7]   92 	ld	(de), a
                             93 ;src/entities/enemy.c:14: enemy->w = 4;
   0020 21 04 00      [10]   94 	ld	hl, #0x0004
   0023 09            [11]   95 	add	hl, bc
   0024 36 04         [10]   96 	ld	(hl), #0x04
                             97 ;src/entities/enemy.c:15: enemy->h = 16;
   0026 21 05 00      [10]   98 	ld	hl, #0x0005
   0029 09            [11]   99 	add	hl, bc
   002A 36 10         [10]  100 	ld	(hl), #0x10
                            101 ;src/entities/enemy.c:16: enemy->active = 0;
   002C 21 06 00      [10]  102 	ld	hl, #0x0006
   002F 09            [11]  103 	add	hl, bc
   0030 36 00         [10]  104 	ld	(hl), #0x00
                            105 ;src/entities/enemy.c:17: enemy->health = 1;
   0032 21 07 00      [10]  106 	ld	hl, #0x0007
   0035 09            [11]  107 	add	hl, bc
   0036 36 01         [10]  108 	ld	(hl), #0x01
                            109 ;src/entities/enemy.c:18: enemy->reward = 100;
   0038 21 08 00      [10]  110 	ld	hl, #0x0008
   003B 09            [11]  111 	add	hl, bc
   003C 36 64         [10]  112 	ld	(hl), #0x64
                            113 ;src/entities/enemy.c:19: enemy->kind = 0;
   003E 21 09 00      [10]  114 	ld	hl, #0x0009
   0041 09            [11]  115 	add	hl, bc
   0042 36 00         [10]  116 	ld	(hl), #0x00
   0044 C9            [10]  117 	ret
                            118 ;src/entities/enemy.c:22: void enemyspawn(Enemy* enemy, u8 x, u8 y, u8 kind, u8 move_right) {
                            119 ;	---------------------------------
                            120 ; Function enemyspawn
                            121 ; ---------------------------------
   0045                     122 _enemyspawn::
   0045 DD E5         [15]  123 	push	ix
   0047 DD 21 00 00   [14]  124 	ld	ix,#0
   004B DD 39         [15]  125 	add	ix,sp
   004D 21 F1 FF      [10]  126 	ld	hl, #-15
   0050 39            [11]  127 	add	hl, sp
   0051 F9            [ 6]  128 	ld	sp, hl
                            129 ;src/entities/enemy.c:23: if (!enemy) {
   0052 DD 7E 05      [19]  130 	ld	a, 5 (ix)
   0055 DD B6 04      [19]  131 	or	a,4 (ix)
                            132 ;src/entities/enemy.c:24: return;
   0058 CAr18r02      [10]  133 	jp	Z,00112$
                            134 ;src/entities/enemy.c:27: enemy->x = x;
   005B DD 7E 04      [19]  135 	ld	a, 4 (ix)
   005E DD 77 FE      [19]  136 	ld	-2 (ix), a
   0061 DD 7E 05      [19]  137 	ld	a, 5 (ix)
   0064 DD 77 FF      [19]  138 	ld	-1 (ix), a
   0067 DD 6E FE      [19]  139 	ld	l,-2 (ix)
   006A DD 66 FF      [19]  140 	ld	h,-1 (ix)
   006D DD 7E 06      [19]  141 	ld	a, 6 (ix)
   0070 77            [ 7]  142 	ld	(hl), a
                            143 ;src/entities/enemy.c:28: enemy->y = y;
   0071 DD 4E FE      [19]  144 	ld	c,-2 (ix)
   0074 DD 46 FF      [19]  145 	ld	b,-1 (ix)
   0077 03            [ 6]  146 	inc	bc
   0078 DD 7E 07      [19]  147 	ld	a, 7 (ix)
   007B 02            [ 7]  148 	ld	(bc), a
                            149 ;src/entities/enemy.c:29: enemy->vx = move_right ? 1 : -1;
   007C DD 7E FE      [19]  150 	ld	a, -2 (ix)
   007F C6 02         [ 7]  151 	add	a, #0x02
   0081 DD 77 FC      [19]  152 	ld	-4 (ix), a
   0084 DD 7E FF      [19]  153 	ld	a, -1 (ix)
   0087 CE 00         [ 7]  154 	adc	a, #0x00
   0089 DD 77 FD      [19]  155 	ld	-3 (ix), a
   008C DD 7E 09      [19]  156 	ld	a, 9 (ix)
   008F B7            [ 4]  157 	or	a, a
   0090 28 04         [12]  158 	jr	Z,00114$
   0092 0E 01         [ 7]  159 	ld	c, #0x01
   0094 18 02         [12]  160 	jr	00115$
   0096                     161 00114$:
   0096 0E FF         [ 7]  162 	ld	c, #0xff
   0098                     163 00115$:
   0098 DD 6E FC      [19]  164 	ld	l,-4 (ix)
   009B DD 66 FD      [19]  165 	ld	h,-3 (ix)
   009E 71            [ 7]  166 	ld	(hl), c
                            167 ;src/entities/enemy.c:30: enemy->vy = 0;
   009F DD 7E FE      [19]  168 	ld	a, -2 (ix)
   00A2 C6 03         [ 7]  169 	add	a, #0x03
   00A4 DD 77 FA      [19]  170 	ld	-6 (ix), a
   00A7 DD 7E FF      [19]  171 	ld	a, -1 (ix)
   00AA CE 00         [ 7]  172 	adc	a, #0x00
   00AC DD 77 FB      [19]  173 	ld	-5 (ix), a
   00AF DD 6E FA      [19]  174 	ld	l,-6 (ix)
   00B2 DD 66 FB      [19]  175 	ld	h,-5 (ix)
   00B5 36 00         [10]  176 	ld	(hl), #0x00
                            177 ;src/entities/enemy.c:31: enemy->active = 1;
   00B7 DD 7E FE      [19]  178 	ld	a, -2 (ix)
   00BA C6 06         [ 7]  179 	add	a, #0x06
   00BC DD 77 F8      [19]  180 	ld	-8 (ix), a
   00BF DD 7E FF      [19]  181 	ld	a, -1 (ix)
   00C2 CE 00         [ 7]  182 	adc	a, #0x00
   00C4 DD 77 F9      [19]  183 	ld	-7 (ix), a
   00C7 DD 6E F8      [19]  184 	ld	l,-8 (ix)
   00CA DD 66 F9      [19]  185 	ld	h,-7 (ix)
   00CD 36 01         [10]  186 	ld	(hl), #0x01
                            187 ;src/entities/enemy.c:32: enemy->kind = kind;
   00CF DD 7E FE      [19]  188 	ld	a, -2 (ix)
   00D2 C6 09         [ 7]  189 	add	a, #0x09
   00D4 DD 77 F8      [19]  190 	ld	-8 (ix), a
   00D7 DD 7E FF      [19]  191 	ld	a, -1 (ix)
   00DA CE 00         [ 7]  192 	adc	a, #0x00
   00DC DD 77 F9      [19]  193 	ld	-7 (ix), a
   00DF DD 6E F8      [19]  194 	ld	l,-8 (ix)
   00E2 DD 66 F9      [19]  195 	ld	h,-7 (ix)
   00E5 DD 7E 08      [19]  196 	ld	a, 8 (ix)
   00E8 77            [ 7]  197 	ld	(hl), a
                            198 ;src/entities/enemy.c:35: enemy->w = 5;
   00E9 DD 7E FE      [19]  199 	ld	a, -2 (ix)
   00EC C6 04         [ 7]  200 	add	a, #0x04
   00EE DD 77 F8      [19]  201 	ld	-8 (ix), a
   00F1 DD 7E FF      [19]  202 	ld	a, -1 (ix)
   00F4 CE 00         [ 7]  203 	adc	a, #0x00
   00F6 DD 77 F9      [19]  204 	ld	-7 (ix), a
                            205 ;src/entities/enemy.c:36: enemy->h = 14;
   00F9 DD 7E FE      [19]  206 	ld	a, -2 (ix)
   00FC C6 05         [ 7]  207 	add	a, #0x05
   00FE DD 77 F6      [19]  208 	ld	-10 (ix), a
   0101 DD 7E FF      [19]  209 	ld	a, -1 (ix)
   0104 CE 00         [ 7]  210 	adc	a, #0x00
   0106 DD 77 F7      [19]  211 	ld	-9 (ix), a
                            212 ;src/entities/enemy.c:37: enemy->health = 2;
   0109 DD 7E FE      [19]  213 	ld	a, -2 (ix)
   010C C6 07         [ 7]  214 	add	a, #0x07
   010E DD 77 F4      [19]  215 	ld	-12 (ix), a
   0111 DD 7E FF      [19]  216 	ld	a, -1 (ix)
   0114 CE 00         [ 7]  217 	adc	a, #0x00
   0116 DD 77 F5      [19]  218 	ld	-11 (ix), a
                            219 ;src/entities/enemy.c:38: enemy->reward = 180;
   0119 DD 7E FE      [19]  220 	ld	a, -2 (ix)
   011C C6 08         [ 7]  221 	add	a, #0x08
   011E DD 77 FE      [19]  222 	ld	-2 (ix), a
   0121 DD 7E FF      [19]  223 	ld	a, -1 (ix)
   0124 CE 00         [ 7]  224 	adc	a, #0x00
   0126 DD 77 FF      [19]  225 	ld	-1 (ix), a
                            226 ;src/entities/enemy.c:34: if (kind == 1) {
   0129 DD 7E 08      [19]  227 	ld	a, 8 (ix)
   012C 3D            [ 4]  228 	dec	a
   012D 20 49         [12]  229 	jr	NZ,00110$
                            230 ;src/entities/enemy.c:35: enemy->w = 5;
   012F DD 6E F8      [19]  231 	ld	l,-8 (ix)
   0132 DD 66 F9      [19]  232 	ld	h,-7 (ix)
   0135 36 05         [10]  233 	ld	(hl), #0x05
                            234 ;src/entities/enemy.c:36: enemy->h = 14;
   0137 DD 6E F6      [19]  235 	ld	l,-10 (ix)
   013A DD 66 F7      [19]  236 	ld	h,-9 (ix)
   013D 36 0E         [10]  237 	ld	(hl), #0x0e
                            238 ;src/entities/enemy.c:37: enemy->health = 2;
   013F DD 6E F4      [19]  239 	ld	l,-12 (ix)
   0142 DD 66 F5      [19]  240 	ld	h,-11 (ix)
   0145 36 02         [10]  241 	ld	(hl), #0x02
                            242 ;src/entities/enemy.c:38: enemy->reward = 180;
   0147 DD 6E FE      [19]  243 	ld	l,-2 (ix)
   014A DD 66 FF      [19]  244 	ld	h,-1 (ix)
   014D 36 B4         [10]  245 	ld	(hl), #0xb4
                            246 ;src/entities/enemy.c:39: enemy->vx = move_right ? 2 : -2;
   014F DD 7E FC      [19]  247 	ld	a, -4 (ix)
   0152 DD 77 F2      [19]  248 	ld	-14 (ix), a
   0155 DD 7E FD      [19]  249 	ld	a, -3 (ix)
   0158 DD 77 F3      [19]  250 	ld	-13 (ix), a
   015B DD 7E 09      [19]  251 	ld	a, 9 (ix)
   015E B7            [ 4]  252 	or	a, a
   015F 28 06         [12]  253 	jr	Z,00116$
   0161 DD 36 F1 02   [19]  254 	ld	-15 (ix), #0x02
   0165 18 04         [12]  255 	jr	00117$
   0167                     256 00116$:
   0167 DD 36 F1 FE   [19]  257 	ld	-15 (ix), #0xfe
   016B                     258 00117$:
   016B DD 6E F2      [19]  259 	ld	l,-14 (ix)
   016E DD 66 F3      [19]  260 	ld	h,-13 (ix)
   0171 DD 7E F1      [19]  261 	ld	a, -15 (ix)
   0174 77            [ 7]  262 	ld	(hl), a
   0175 C3r18r02      [10]  263 	jp	00112$
   0178                     264 00110$:
                            265 ;src/entities/enemy.c:40: } else if (kind == 2) {
   0178 DD 7E 08      [19]  266 	ld	a, 8 (ix)
   017B D6 02         [ 7]  267 	sub	a, #0x02
   017D 20 3D         [12]  268 	jr	NZ,00107$
                            269 ;src/entities/enemy.c:41: enemy->w = 6;
   017F DD 6E F8      [19]  270 	ld	l,-8 (ix)
   0182 DD 66 F9      [19]  271 	ld	h,-7 (ix)
   0185 36 06         [10]  272 	ld	(hl), #0x06
                            273 ;src/entities/enemy.c:42: enemy->h = 10;
   0187 DD 6E F6      [19]  274 	ld	l,-10 (ix)
   018A DD 66 F7      [19]  275 	ld	h,-9 (ix)
   018D 36 0A         [10]  276 	ld	(hl), #0x0a
                            277 ;src/entities/enemy.c:43: enemy->health = 1;
   018F DD 6E F4      [19]  278 	ld	l,-12 (ix)
   0192 DD 66 F5      [19]  279 	ld	h,-11 (ix)
   0195 36 01         [10]  280 	ld	(hl), #0x01
                            281 ;src/entities/enemy.c:44: enemy->reward = 150;
   0197 DD 6E FE      [19]  282 	ld	l,-2 (ix)
   019A DD 66 FF      [19]  283 	ld	h,-1 (ix)
   019D 36 96         [10]  284 	ld	(hl), #0x96
                            285 ;src/entities/enemy.c:45: enemy->vy = move_right ? 1 : -1;
   019F DD 4E FA      [19]  286 	ld	c,-6 (ix)
   01A2 DD 46 FB      [19]  287 	ld	b,-5 (ix)
   01A5 DD 7E 09      [19]  288 	ld	a, 9 (ix)
   01A8 B7            [ 4]  289 	or	a, a
   01A9 28 04         [12]  290 	jr	Z,00118$
   01AB 3E 01         [ 7]  291 	ld	a, #0x01
   01AD 18 02         [12]  292 	jr	00119$
   01AF                     293 00118$:
   01AF 3E FF         [ 7]  294 	ld	a, #0xff
   01B1                     295 00119$:
   01B1 02            [ 7]  296 	ld	(bc), a
                            297 ;src/entities/enemy.c:46: enemy->vx = 1;
   01B2 DD 6E FC      [19]  298 	ld	l,-4 (ix)
   01B5 DD 66 FD      [19]  299 	ld	h,-3 (ix)
   01B8 36 01         [10]  300 	ld	(hl), #0x01
   01BA 18 5C         [12]  301 	jr	00112$
   01BC                     302 00107$:
                            303 ;src/entities/enemy.c:47: } else if (kind == 3) {
   01BC DD 7E 08      [19]  304 	ld	a, 8 (ix)
   01BF D6 03         [ 7]  305 	sub	a, #0x03
   01C1 20 35         [12]  306 	jr	NZ,00104$
                            307 ;src/entities/enemy.c:48: enemy->w = 10;
   01C3 DD 6E F8      [19]  308 	ld	l,-8 (ix)
   01C6 DD 66 F9      [19]  309 	ld	h,-7 (ix)
   01C9 36 0A         [10]  310 	ld	(hl), #0x0a
                            311 ;src/entities/enemy.c:49: enemy->h = 18;
   01CB DD 6E F6      [19]  312 	ld	l,-10 (ix)
   01CE DD 66 F7      [19]  313 	ld	h,-9 (ix)
   01D1 36 12         [10]  314 	ld	(hl), #0x12
                            315 ;src/entities/enemy.c:50: enemy->health = 8;
   01D3 DD 6E F4      [19]  316 	ld	l,-12 (ix)
   01D6 DD 66 F5      [19]  317 	ld	h,-11 (ix)
   01D9 36 08         [10]  318 	ld	(hl), #0x08
                            319 ;src/entities/enemy.c:51: enemy->reward = 800;
   01DB DD 6E FE      [19]  320 	ld	l,-2 (ix)
   01DE DD 66 FF      [19]  321 	ld	h,-1 (ix)
   01E1 36 20         [10]  322 	ld	(hl), #0x20
                            323 ;src/entities/enemy.c:52: enemy->vx = move_right ? 1 : -1;
   01E3 DD 4E FC      [19]  324 	ld	c,-4 (ix)
   01E6 DD 46 FD      [19]  325 	ld	b,-3 (ix)
   01E9 DD 7E 09      [19]  326 	ld	a, 9 (ix)
   01EC B7            [ 4]  327 	or	a, a
   01ED 28 04         [12]  328 	jr	Z,00120$
   01EF 3E 01         [ 7]  329 	ld	a, #0x01
   01F1 18 02         [12]  330 	jr	00121$
   01F3                     331 00120$:
   01F3 3E FF         [ 7]  332 	ld	a, #0xff
   01F5                     333 00121$:
   01F5 02            [ 7]  334 	ld	(bc), a
   01F6 18 20         [12]  335 	jr	00112$
   01F8                     336 00104$:
                            337 ;src/entities/enemy.c:54: enemy->w = 4;
   01F8 DD 6E F8      [19]  338 	ld	l,-8 (ix)
   01FB DD 66 F9      [19]  339 	ld	h,-7 (ix)
   01FE 36 04         [10]  340 	ld	(hl), #0x04
                            341 ;src/entities/enemy.c:55: enemy->h = 16;
   0200 DD 6E F6      [19]  342 	ld	l,-10 (ix)
   0203 DD 66 F7      [19]  343 	ld	h,-9 (ix)
   0206 36 10         [10]  344 	ld	(hl), #0x10
                            345 ;src/entities/enemy.c:56: enemy->health = 1;
   0208 DD 6E F4      [19]  346 	ld	l,-12 (ix)
   020B DD 66 F5      [19]  347 	ld	h,-11 (ix)
   020E 36 01         [10]  348 	ld	(hl), #0x01
                            349 ;src/entities/enemy.c:57: enemy->reward = 100;
   0210 DD 6E FE      [19]  350 	ld	l,-2 (ix)
   0213 DD 66 FF      [19]  351 	ld	h,-1 (ix)
   0216 36 64         [10]  352 	ld	(hl), #0x64
   0218                     353 00112$:
   0218 DD F9         [10]  354 	ld	sp, ix
   021A DD E1         [14]  355 	pop	ix
   021C C9            [10]  356 	ret
                            357 ;src/entities/enemy.c:61: void enemyupdate(Enemy* enemy) {
                            358 ;	---------------------------------
                            359 ; Function enemyupdate
                            360 ; ---------------------------------
   021D                     361 _enemyupdate::
   021D DD E5         [15]  362 	push	ix
   021F DD 21 00 00   [14]  363 	ld	ix,#0
   0223 DD 39         [15]  364 	add	ix,sp
   0225 21 F6 FF      [10]  365 	ld	hl, #-10
   0228 39            [11]  366 	add	hl, sp
   0229 F9            [ 6]  367 	ld	sp, hl
                            368 ;src/entities/enemy.c:65: if (!enemy || !enemy->active) {
   022A DD 7E 05      [19]  369 	ld	a, 5 (ix)
   022D DD B6 04      [19]  370 	or	a,4 (ix)
   0230 CAr24r04      [10]  371 	jp	Z,00121$
   0233 DD 7E 04      [19]  372 	ld	a, 4 (ix)
   0236 DD 77 FE      [19]  373 	ld	-2 (ix), a
   0239 DD 7E 05      [19]  374 	ld	a, 5 (ix)
   023C DD 77 FF      [19]  375 	ld	-1 (ix), a
   023F DD 6E FE      [19]  376 	ld	l,-2 (ix)
   0242 DD 66 FF      [19]  377 	ld	h,-1 (ix)
   0245 11 06 00      [10]  378 	ld	de, #0x0006
   0248 19            [11]  379 	add	hl, de
   0249 7E            [ 7]  380 	ld	a, (hl)
   024A B7            [ 4]  381 	or	a, a
                            382 ;src/entities/enemy.c:66: return;
   024B CAr24r04      [10]  383 	jp	Z,00121$
                            384 ;src/entities/enemy.c:69: if (enemy->kind == 2) {
   024E DD 6E FE      [19]  385 	ld	l,-2 (ix)
   0251 DD 66 FF      [19]  386 	ld	h,-1 (ix)
   0254 11 09 00      [10]  387 	ld	de, #0x0009
   0257 19            [11]  388 	add	hl, de
   0258 7E            [ 7]  389 	ld	a, (hl)
   0259 DD 77 FD      [19]  390 	ld	-3 (ix), a
                            391 ;src/entities/enemy.c:70: nextx = (i16)enemy->x + (i16)enemy->vx;
   025C DD 6E FE      [19]  392 	ld	l,-2 (ix)
   025F DD 66 FF      [19]  393 	ld	h,-1 (ix)
   0262 4E            [ 7]  394 	ld	c, (hl)
   0263 DD 7E FE      [19]  395 	ld	a, -2 (ix)
   0266 C6 02         [ 7]  396 	add	a, #0x02
   0268 DD 77 FB      [19]  397 	ld	-5 (ix), a
   026B DD 7E FF      [19]  398 	ld	a, -1 (ix)
   026E CE 00         [ 7]  399 	adc	a, #0x00
   0270 DD 77 FC      [19]  400 	ld	-4 (ix), a
                            401 ;src/entities/enemy.c:71: nexty = (i16)enemy->y + (i16)enemy->vy;
   0273 DD 7E FE      [19]  402 	ld	a, -2 (ix)
   0276 C6 01         [ 7]  403 	add	a, #0x01
   0278 DD 77 F9      [19]  404 	ld	-7 (ix), a
   027B DD 7E FF      [19]  405 	ld	a, -1 (ix)
   027E CE 00         [ 7]  406 	adc	a, #0x00
   0280 DD 77 FA      [19]  407 	ld	-6 (ix), a
   0283 DD 5E FE      [19]  408 	ld	e,-2 (ix)
   0286 DD 56 FF      [19]  409 	ld	d,-1 (ix)
   0289 13            [ 6]  410 	inc	de
   028A 13            [ 6]  411 	inc	de
   028B 13            [ 6]  412 	inc	de
                            413 ;src/entities/enemy.c:70: nextx = (i16)enemy->x + (i16)enemy->vx;
   028C 06 00         [ 7]  414 	ld	b, #0x00
   028E DD 6E FB      [19]  415 	ld	l,-5 (ix)
   0291 DD 66 FC      [19]  416 	ld	h,-4 (ix)
   0294 7E            [ 7]  417 	ld	a, (hl)
   0295 DD 77 F8      [19]  418 	ld	-8 (ix), a
   0298 6F            [ 4]  419 	ld	l, a
   0299 DD 7E F8      [19]  420 	ld	a, -8 (ix)
   029C 17            [ 4]  421 	rla
   029D 9F            [ 4]  422 	sbc	a, a
   029E 67            [ 4]  423 	ld	h, a
   029F 09            [11]  424 	add	hl,bc
   02A0 4D            [ 4]  425 	ld	c, l
   02A1 44            [ 4]  426 	ld	b, h
                            427 ;src/entities/enemy.c:69: if (enemy->kind == 2) {
   02A2 DD 7E FD      [19]  428 	ld	a, -3 (ix)
   02A5 D6 02         [ 7]  429 	sub	a, #0x02
   02A7 C2r50r03      [10]  430 	jp	NZ,00111$
                            431 ;src/entities/enemy.c:70: nextx = (i16)enemy->x + (i16)enemy->vx;
                            432 ;src/entities/enemy.c:71: nexty = (i16)enemy->y + (i16)enemy->vy;
   02AA DD 6E F9      [19]  433 	ld	l,-7 (ix)
   02AD DD 66 FA      [19]  434 	ld	h,-6 (ix)
   02B0 6E            [ 7]  435 	ld	l, (hl)
   02B1 DD 75 F6      [19]  436 	ld	-10 (ix), l
   02B4 DD 36 F7 00   [19]  437 	ld	-9 (ix), #0x00
   02B8 1A            [ 7]  438 	ld	a, (de)
   02B9 6F            [ 4]  439 	ld	l, a
   02BA 17            [ 4]  440 	rla
   02BB 9F            [ 4]  441 	sbc	a, a
   02BC 67            [ 4]  442 	ld	h, a
   02BD DD 7E F6      [19]  443 	ld	a, -10 (ix)
   02C0 85            [ 4]  444 	add	a, l
   02C1 DD 77 F6      [19]  445 	ld	-10 (ix), a
   02C4 DD 7E F7      [19]  446 	ld	a, -9 (ix)
   02C7 8C            [ 4]  447 	adc	a, h
   02C8 DD 77 F7      [19]  448 	ld	-9 (ix), a
                            449 ;src/entities/enemy.c:73: if (nextx < 8 || nextx > 72) {
   02CB 79            [ 4]  450 	ld	a, c
   02CC D6 08         [ 7]  451 	sub	a, #0x08
   02CE 78            [ 4]  452 	ld	a, b
   02CF 17            [ 4]  453 	rla
   02D0 3F            [ 4]  454 	ccf
   02D1 1F            [ 4]  455 	rra
   02D2 DE 80         [ 7]  456 	sbc	a, #0x80
   02D4 38 0E         [12]  457 	jr	C,00104$
   02D6 3E 48         [ 7]  458 	ld	a, #0x48
   02D8 B9            [ 4]  459 	cp	a, c
   02D9 3E 00         [ 7]  460 	ld	a, #0x00
   02DB 98            [ 4]  461 	sbc	a, b
   02DC E2rE1r02      [10]  462 	jp	PO, 00161$
   02DF EE 80         [ 7]  463 	xor	a, #0x80
   02E1                     464 00161$:
   02E1 F2rFFr02      [10]  465 	jp	P, 00105$
   02E4                     466 00104$:
                            467 ;src/entities/enemy.c:74: enemy->vx = (i8)(-enemy->vx);
   02E4 AF            [ 4]  468 	xor	a, a
   02E5 DD 96 F8      [19]  469 	sub	a, -8 (ix)
   02E8 4F            [ 4]  470 	ld	c, a
   02E9 DD 6E FB      [19]  471 	ld	l,-5 (ix)
   02EC DD 66 FC      [19]  472 	ld	h,-4 (ix)
   02EF 71            [ 7]  473 	ld	(hl), c
                            474 ;src/entities/enemy.c:75: nextx = (i16)enemy->x + (i16)enemy->vx;
   02F0 DD 6E FE      [19]  475 	ld	l,-2 (ix)
   02F3 DD 66 FF      [19]  476 	ld	h,-1 (ix)
   02F6 6E            [ 7]  477 	ld	l, (hl)
   02F7 26 00         [ 7]  478 	ld	h, #0x00
   02F9 79            [ 4]  479 	ld	a, c
   02FA 17            [ 4]  480 	rla
   02FB 9F            [ 4]  481 	sbc	a, a
   02FC 47            [ 4]  482 	ld	b, a
   02FD 09            [11]  483 	add	hl,bc
   02FE 4D            [ 4]  484 	ld	c, l
   02FF                     485 00105$:
                            486 ;src/entities/enemy.c:77: if (nexty < 56 || nexty > 120) {
   02FF DD 7E F6      [19]  487 	ld	a, -10 (ix)
   0302 D6 38         [ 7]  488 	sub	a, #0x38
   0304 DD 7E F7      [19]  489 	ld	a, -9 (ix)
   0307 17            [ 4]  490 	rla
   0308 3F            [ 4]  491 	ccf
   0309 1F            [ 4]  492 	rra
   030A DE 80         [ 7]  493 	sbc	a, #0x80
   030C 38 12         [12]  494 	jr	C,00107$
   030E 3E 78         [ 7]  495 	ld	a, #0x78
   0310 DD BE F6      [19]  496 	cp	a, -10 (ix)
   0313 3E 00         [ 7]  497 	ld	a, #0x00
   0315 DD 9E F7      [19]  498 	sbc	a, -9 (ix)
   0318 E2r1Dr03      [10]  499 	jp	PO, 00162$
   031B EE 80         [ 7]  500 	xor	a, #0x80
   031D                     501 00162$:
   031D F2r3Cr03      [10]  502 	jp	P, 00108$
   0320                     503 00107$:
                            504 ;src/entities/enemy.c:78: enemy->vy = (i8)(-enemy->vy);
   0320 1A            [ 7]  505 	ld	a, (de)
   0321 6F            [ 4]  506 	ld	l, a
   0322 AF            [ 4]  507 	xor	a, a
   0323 95            [ 4]  508 	sub	a, l
   0324 DD 77 F8      [19]  509 	ld	-8 (ix), a
   0327 12            [ 7]  510 	ld	(de),a
                            511 ;src/entities/enemy.c:79: nexty = (i16)enemy->y + (i16)enemy->vy;
   0328 DD 6E F9      [19]  512 	ld	l,-7 (ix)
   032B DD 66 FA      [19]  513 	ld	h,-6 (ix)
   032E 5E            [ 7]  514 	ld	e, (hl)
   032F 16 00         [ 7]  515 	ld	d, #0x00
   0331 DD 6E F8      [19]  516 	ld	l, -8 (ix)
   0334 DD 7E F8      [19]  517 	ld	a, -8 (ix)
   0337 17            [ 4]  518 	rla
   0338 9F            [ 4]  519 	sbc	a, a
   0339 67            [ 4]  520 	ld	h, a
   033A 19            [11]  521 	add	hl,de
   033B E3            [19]  522 	ex	(sp), hl
   033C                     523 00108$:
                            524 ;src/entities/enemy.c:82: enemy->x = (u8)nextx;
   033C DD 6E FE      [19]  525 	ld	l,-2 (ix)
   033F DD 66 FF      [19]  526 	ld	h,-1 (ix)
   0342 71            [ 7]  527 	ld	(hl), c
                            528 ;src/entities/enemy.c:83: enemy->y = (u8)nexty;
   0343 DD 4E F6      [19]  529 	ld	c, -10 (ix)
   0346 DD 6E F9      [19]  530 	ld	l,-7 (ix)
   0349 DD 66 FA      [19]  531 	ld	h,-6 (ix)
   034C 71            [ 7]  532 	ld	(hl), c
                            533 ;src/entities/enemy.c:84: return;
   034D C3r24r04      [10]  534 	jp	00121$
   0350                     535 00111$:
                            536 ;src/entities/enemy.c:87: nextx = (i16)enemy->x + (i16)enemy->vx;
                            537 ;src/entities/enemy.c:88: if (nextx < 2) {
   0350 79            [ 4]  538 	ld	a, c
   0351 D6 02         [ 7]  539 	sub	a, #0x02
   0353 78            [ 4]  540 	ld	a, b
   0354 17            [ 4]  541 	rla
   0355 3F            [ 4]  542 	ccf
   0356 1F            [ 4]  543 	rra
   0357 DE 80         [ 7]  544 	sbc	a, #0x80
   0359 30 0B         [12]  545 	jr	NC,00113$
                            546 ;src/entities/enemy.c:89: nextx = 2;
   035B 01 02 00      [10]  547 	ld	bc, #0x0002
                            548 ;src/entities/enemy.c:90: enemy->vx = 1;
   035E DD 6E FB      [19]  549 	ld	l,-5 (ix)
   0361 DD 66 FC      [19]  550 	ld	h,-4 (ix)
   0364 36 01         [10]  551 	ld	(hl), #0x01
   0366                     552 00113$:
                            553 ;src/entities/enemy.c:93: i16 maxx = (i16)(80 - (i16)enemy->w);
   0366 DD 6E FE      [19]  554 	ld	l,-2 (ix)
   0369 DD 66 FF      [19]  555 	ld	h,-1 (ix)
   036C 23            [ 6]  556 	inc	hl
   036D 23            [ 6]  557 	inc	hl
   036E 23            [ 6]  558 	inc	hl
   036F 23            [ 6]  559 	inc	hl
   0370 6E            [ 7]  560 	ld	l, (hl)
   0371 26 00         [ 7]  561 	ld	h, #0x00
   0373 3E 50         [ 7]  562 	ld	a, #0x50
   0375 95            [ 4]  563 	sub	a, l
   0376 6F            [ 4]  564 	ld	l, a
   0377 3E 00         [ 7]  565 	ld	a, #0x00
   0379 9C            [ 4]  566 	sbc	a, h
   037A 67            [ 4]  567 	ld	h, a
                            568 ;src/entities/enemy.c:94: if (nextx > maxx) {
   037B 7D            [ 4]  569 	ld	a, l
   037C 91            [ 4]  570 	sub	a, c
   037D 7C            [ 4]  571 	ld	a, h
   037E 98            [ 4]  572 	sbc	a, b
   037F E2r84r03      [10]  573 	jp	PO, 00163$
   0382 EE 80         [ 7]  574 	xor	a, #0x80
   0384                     575 00163$:
   0384 F2r90r03      [10]  576 	jp	P, 00115$
                            577 ;src/entities/enemy.c:95: nextx = maxx;
   0387 4D            [ 4]  578 	ld	c, l
                            579 ;src/entities/enemy.c:96: enemy->vx = -1;
   0388 DD 6E FB      [19]  580 	ld	l,-5 (ix)
   038B DD 66 FC      [19]  581 	ld	h,-4 (ix)
   038E 36 FF         [10]  582 	ld	(hl), #0xff
   0390                     583 00115$:
                            584 ;src/entities/enemy.c:99: enemy->x = (u8)nextx;
   0390 DD 6E FE      [19]  585 	ld	l,-2 (ix)
   0393 DD 66 FF      [19]  586 	ld	h,-1 (ix)
   0396 71            [ 7]  587 	ld	(hl), c
                            588 ;src/entities/enemy.c:101: enemy->vy = (i8)(enemy->vy + 1);
   0397 1A            [ 7]  589 	ld	a, (de)
   0398 4F            [ 4]  590 	ld	c, a
   0399 0C            [ 4]  591 	inc	c
   039A 79            [ 4]  592 	ld	a, c
   039B 12            [ 7]  593 	ld	(de), a
                            594 ;src/entities/enemy.c:102: if (enemy->vy > 3) enemy->vy = 3;
   039C 3E 03         [ 7]  595 	ld	a, #0x03
   039E 91            [ 4]  596 	sub	a, c
   039F E2rA4r03      [10]  597 	jp	PO, 00164$
   03A2 EE 80         [ 7]  598 	xor	a, #0x80
   03A4                     599 00164$:
   03A4 F2rAAr03      [10]  600 	jp	P, 00117$
   03A7 3E 03         [ 7]  601 	ld	a, #0x03
   03A9 12            [ 7]  602 	ld	(de), a
   03AA                     603 00117$:
                            604 ;src/entities/enemy.c:103: nexty = (i16)enemy->y + (i16)enemy->vy;
   03AA DD 6E F9      [19]  605 	ld	l,-7 (ix)
   03AD DD 66 FA      [19]  606 	ld	h,-6 (ix)
   03B0 4E            [ 7]  607 	ld	c, (hl)
   03B1 06 00         [ 7]  608 	ld	b, #0x00
   03B3 1A            [ 7]  609 	ld	a, (de)
   03B4 6F            [ 4]  610 	ld	l, a
   03B5 17            [ 4]  611 	rla
   03B6 9F            [ 4]  612 	sbc	a, a
   03B7 67            [ 4]  613 	ld	h, a
   03B8 09            [11]  614 	add	hl, bc
   03B9 E5            [11]  615 	push	hl
   03BA FD E1         [14]  616 	pop	iy
                            617 ;src/entities/enemy.c:104: nexty = collision_clamp_y_at((i16)enemy->x, nexty, enemy->h);
   03BC DD 7E FE      [19]  618 	ld	a, -2 (ix)
   03BF C6 05         [ 7]  619 	add	a, #0x05
   03C1 DD 77 F6      [19]  620 	ld	-10 (ix), a
   03C4 DD 7E FF      [19]  621 	ld	a, -1 (ix)
   03C7 CE 00         [ 7]  622 	adc	a, #0x00
   03C9 DD 77 F7      [19]  623 	ld	-9 (ix), a
   03CC E1            [10]  624 	pop	hl
   03CD E5            [11]  625 	push	hl
   03CE 7E            [ 7]  626 	ld	a, (hl)
   03CF DD 6E FE      [19]  627 	ld	l,-2 (ix)
   03D2 DD 66 FF      [19]  628 	ld	h,-1 (ix)
   03D5 4E            [ 7]  629 	ld	c, (hl)
   03D6 06 00         [ 7]  630 	ld	b, #0x00
   03D8 D5            [11]  631 	push	de
   03D9 F5            [11]  632 	push	af
   03DA 33            [ 6]  633 	inc	sp
   03DB FD E5         [15]  634 	push	iy
   03DD C5            [11]  635 	push	bc
   03DE CDr00r00      [17]  636 	call	_collision_clamp_y_at
   03E1 F1            [10]  637 	pop	af
   03E2 F1            [10]  638 	pop	af
   03E3 33            [ 6]  639 	inc	sp
   03E4 4D            [ 4]  640 	ld	c, l
   03E5 D1            [10]  641 	pop	de
                            642 ;src/entities/enemy.c:105: enemy->y = (u8)nexty;
   03E6 DD 6E F9      [19]  643 	ld	l,-7 (ix)
   03E9 DD 66 FA      [19]  644 	ld	h,-6 (ix)
   03EC 71            [ 7]  645 	ld	(hl), c
                            646 ;src/entities/enemy.c:106: if (collision_is_on_ground_at((i16)enemy->x, (i16)enemy->y, enemy->h) && enemy->vy > 0) {
   03ED E1            [10]  647 	pop	hl
   03EE E5            [11]  648 	push	hl
   03EF 7E            [ 7]  649 	ld	a, (hl)
   03F0 06 00         [ 7]  650 	ld	b, #0x00
   03F2 DD 6E FE      [19]  651 	ld	l,-2 (ix)
   03F5 DD 66 FF      [19]  652 	ld	h,-1 (ix)
   03F8 6E            [ 7]  653 	ld	l, (hl)
   03F9 DD 75 F6      [19]  654 	ld	-10 (ix), l
   03FC DD 36 F7 00   [19]  655 	ld	-9 (ix), #0x00
   0400 D5            [11]  656 	push	de
   0401 F5            [11]  657 	push	af
   0402 33            [ 6]  658 	inc	sp
   0403 C5            [11]  659 	push	bc
   0404 DD 6E F6      [19]  660 	ld	l,-10 (ix)
   0407 DD 66 F7      [19]  661 	ld	h,-9 (ix)
   040A E5            [11]  662 	push	hl
   040B CDr00r00      [17]  663 	call	_collision_is_on_ground_at
   040E F1            [10]  664 	pop	af
   040F F1            [10]  665 	pop	af
   0410 33            [ 6]  666 	inc	sp
   0411 D1            [10]  667 	pop	de
   0412 7D            [ 4]  668 	ld	a, l
   0413 B7            [ 4]  669 	or	a, a
   0414 28 0E         [12]  670 	jr	Z,00121$
   0416 1A            [ 7]  671 	ld	a, (de)
   0417 4F            [ 4]  672 	ld	c, a
   0418 AF            [ 4]  673 	xor	a, a
   0419 91            [ 4]  674 	sub	a, c
   041A E2r1Fr04      [10]  675 	jp	PO, 00165$
   041D EE 80         [ 7]  676 	xor	a, #0x80
   041F                     677 00165$:
   041F F2r24r04      [10]  678 	jp	P, 00121$
                            679 ;src/entities/enemy.c:107: enemy->vy = 0;
   0422 AF            [ 4]  680 	xor	a, a
   0423 12            [ 7]  681 	ld	(de), a
   0424                     682 00121$:
   0424 DD F9         [10]  683 	ld	sp, ix
   0426 DD E1         [14]  684 	pop	ix
   0428 C9            [10]  685 	ret
                            686 ;src/entities/enemy.c:111: void enemyrender(const Enemy* enemy) {
                            687 ;	---------------------------------
                            688 ; Function enemyrender
                            689 ; ---------------------------------
   0429                     690 _enemyrender::
   0429 DD E5         [15]  691 	push	ix
   042B DD 21 00 00   [14]  692 	ld	ix,#0
   042F DD 39         [15]  693 	add	ix,sp
   0431 F5            [11]  694 	push	af
                            695 ;src/entities/enemy.c:115: if (!enemy || !enemy->active) {
   0432 DD 7E 05      [19]  696 	ld	a, 5 (ix)
   0435 DD B6 04      [19]  697 	or	a,4 (ix)
   0438 CArB6r04      [10]  698 	jp	Z,00113$
   043B DD 7E 04      [19]  699 	ld	a, 4 (ix)
   043E DD 77 FE      [19]  700 	ld	-2 (ix), a
   0441 DD 7E 05      [19]  701 	ld	a, 5 (ix)
   0444 DD 77 FF      [19]  702 	ld	-1 (ix), a
   0447 E1            [10]  703 	pop	hl
   0448 E5            [11]  704 	push	hl
   0449 11 06 00      [10]  705 	ld	de, #0x0006
   044C 19            [11]  706 	add	hl, de
   044D 7E            [ 7]  707 	ld	a, (hl)
   044E B7            [ 4]  708 	or	a, a
                            709 ;src/entities/enemy.c:116: return;
   044F 28 65         [12]  710 	jr	Z,00113$
                            711 ;src/entities/enemy.c:119: if (enemy->kind == 3) colour = cpct_px2byteM0(12, 12);
   0451 E1            [10]  712 	pop	hl
   0452 E5            [11]  713 	push	hl
   0453 11 09 00      [10]  714 	ld	de, #0x0009
   0456 19            [11]  715 	add	hl, de
   0457 7E            [ 7]  716 	ld	a, (hl)
   0458 FE 03         [ 7]  717 	cp	a, #0x03
   045A 20 0A         [12]  718 	jr	NZ,00111$
   045C 21 0C 0C      [10]  719 	ld	hl, #0x0c0c
   045F E5            [11]  720 	push	hl
   0460 CDr00r00      [17]  721 	call	_cpct_px2byteM0
   0463 4D            [ 4]  722 	ld	c, l
   0464 18 23         [12]  723 	jr	00112$
   0466                     724 00111$:
                            725 ;src/entities/enemy.c:120: else if (enemy->kind == 2) colour = cpct_px2byteM0(10, 10);
   0466 FE 02         [ 7]  726 	cp	a, #0x02
   0468 20 0A         [12]  727 	jr	NZ,00108$
   046A 21 0A 0A      [10]  728 	ld	hl, #0x0a0a
   046D E5            [11]  729 	push	hl
   046E CDr00r00      [17]  730 	call	_cpct_px2byteM0
   0471 4D            [ 4]  731 	ld	c, l
   0472 18 15         [12]  732 	jr	00112$
   0474                     733 00108$:
                            734 ;src/entities/enemy.c:121: else if (enemy->kind == 1) colour = cpct_px2byteM0(14, 14);
   0474 3D            [ 4]  735 	dec	a
   0475 20 0A         [12]  736 	jr	NZ,00105$
   0477 21 0E 0E      [10]  737 	ld	hl, #0x0e0e
   047A E5            [11]  738 	push	hl
   047B CDr00r00      [17]  739 	call	_cpct_px2byteM0
   047E 4D            [ 4]  740 	ld	c, l
   047F 18 08         [12]  741 	jr	00112$
   0481                     742 00105$:
                            743 ;src/entities/enemy.c:122: else colour = cpct_px2byteM0(4, 4);
   0481 21 04 04      [10]  744 	ld	hl, #0x0404
   0484 E5            [11]  745 	push	hl
   0485 CDr00r00      [17]  746 	call	_cpct_px2byteM0
   0488 4D            [ 4]  747 	ld	c, l
   0489                     748 00112$:
                            749 ;src/entities/enemy.c:124: pvmem = cpct_getScreenPtr(CPCT_VMEM_START, enemy->x, enemy->y);
   0489 E1            [10]  750 	pop	hl
   048A E5            [11]  751 	push	hl
   048B 23            [ 6]  752 	inc	hl
   048C 46            [ 7]  753 	ld	b, (hl)
   048D E1            [10]  754 	pop	hl
   048E E5            [11]  755 	push	hl
   048F 56            [ 7]  756 	ld	d, (hl)
   0490 C5            [11]  757 	push	bc
   0491 4A            [ 4]  758 	ld	c, d
   0492 C5            [11]  759 	push	bc
   0493 21 00 C0      [10]  760 	ld	hl, #0xc000
   0496 E5            [11]  761 	push	hl
   0497 CDr00r00      [17]  762 	call	_cpct_getScreenPtr
   049A EB            [ 4]  763 	ex	de,hl
   049B C1            [10]  764 	pop	bc
                            765 ;src/entities/enemy.c:125: cpct_drawSolidBox(pvmem, colour, enemy->w, enemy->h);
   049C E1            [10]  766 	pop	hl
   049D E5            [11]  767 	push	hl
   049E 23            [ 6]  768 	inc	hl
   049F 23            [ 6]  769 	inc	hl
   04A0 23            [ 6]  770 	inc	hl
   04A1 23            [ 6]  771 	inc	hl
   04A2 23            [ 6]  772 	inc	hl
   04A3 46            [ 7]  773 	ld	b, (hl)
   04A4 E1            [10]  774 	pop	hl
   04A5 E5            [11]  775 	push	hl
   04A6 23            [ 6]  776 	inc	hl
   04A7 23            [ 6]  777 	inc	hl
   04A8 23            [ 6]  778 	inc	hl
   04A9 23            [ 6]  779 	inc	hl
   04AA 7E            [ 7]  780 	ld	a, (hl)
   04AB C5            [11]  781 	push	bc
   04AC 33            [ 6]  782 	inc	sp
   04AD 47            [ 4]  783 	ld	b, a
   04AE C5            [11]  784 	push	bc
   04AF D5            [11]  785 	push	de
   04B0 CDr00r00      [17]  786 	call	_cpct_drawSolidBox
   04B3 F1            [10]  787 	pop	af
   04B4 F1            [10]  788 	pop	af
   04B5 33            [ 6]  789 	inc	sp
   04B6                     790 00113$:
   04B6 DD F9         [10]  791 	ld	sp, ix
   04B8 DD E1         [14]  792 	pop	ix
   04BA C9            [10]  793 	ret
                            794 ;src/entities/enemy.c:128: u8 enemydamage(Enemy* enemy, u8 damage) {
                            795 ;	---------------------------------
                            796 ; Function enemydamage
                            797 ; ---------------------------------
   04BB                     798 _enemydamage::
   04BB DD E5         [15]  799 	push	ix
   04BD DD 21 00 00   [14]  800 	ld	ix,#0
   04C1 DD 39         [15]  801 	add	ix,sp
                            802 ;src/entities/enemy.c:129: if (!enemy || !enemy->active) {
   04C3 DD 7E 05      [19]  803 	ld	a, 5 (ix)
   04C6 DD B6 04      [19]  804 	or	a,4 (ix)
   04C9 28 0F         [12]  805 	jr	Z,00101$
   04CB DD 4E 04      [19]  806 	ld	c,4 (ix)
   04CE DD 46 05      [19]  807 	ld	b,5 (ix)
   04D1 21 06 00      [10]  808 	ld	hl, #0x0006
   04D4 09            [11]  809 	add	hl,bc
   04D5 EB            [ 4]  810 	ex	de,hl
   04D6 1A            [ 7]  811 	ld	a, (de)
   04D7 B7            [ 4]  812 	or	a, a
   04D8 20 04         [12]  813 	jr	NZ,00102$
   04DA                     814 00101$:
                            815 ;src/entities/enemy.c:130: return 0;
   04DA 2E 00         [ 7]  816 	ld	l, #0x00
   04DC 18 1A         [12]  817 	jr	00106$
   04DE                     818 00102$:
                            819 ;src/entities/enemy.c:133: if (damage >= enemy->health) {
   04DE 21 07 00      [10]  820 	ld	hl, #0x0007
   04E1 09            [11]  821 	add	hl, bc
   04E2 4E            [ 7]  822 	ld	c, (hl)
   04E3 DD 7E 06      [19]  823 	ld	a, 6 (ix)
   04E6 91            [ 4]  824 	sub	a, c
   04E7 38 08         [12]  825 	jr	C,00105$
                            826 ;src/entities/enemy.c:134: enemy->health = 0;
   04E9 36 00         [10]  827 	ld	(hl), #0x00
                            828 ;src/entities/enemy.c:135: enemy->active = 0;
   04EB AF            [ 4]  829 	xor	a, a
   04EC 12            [ 7]  830 	ld	(de), a
                            831 ;src/entities/enemy.c:136: return 1;
   04ED 2E 01         [ 7]  832 	ld	l, #0x01
   04EF 18 07         [12]  833 	jr	00106$
   04F1                     834 00105$:
                            835 ;src/entities/enemy.c:139: enemy->health = (u8)(enemy->health - damage);
   04F1 79            [ 4]  836 	ld	a, c
   04F2 DD 96 06      [19]  837 	sub	a, 6 (ix)
   04F5 77            [ 7]  838 	ld	(hl), a
                            839 ;src/entities/enemy.c:140: return 0;
   04F6 2E 00         [ 7]  840 	ld	l, #0x00
   04F8                     841 00106$:
   04F8 DD E1         [14]  842 	pop	ix
   04FA C9            [10]  843 	ret
                            844 	.area _CODE
                            845 	.area _INITIALIZER
                            846 	.area _CABS (ABS)
