                              1 ;--------------------------------------------------------
                              2 ; File Created by SDCC : free open source ANSI-C Compiler
                              3 ; Version 3.6.8 #9946 (Mac OS X ppc)
                              4 ;--------------------------------------------------------
                              5 	.module player
                              6 	.optsdcc -mz80
                              7 	
                              8 ;--------------------------------------------------------
                              9 ; Public variables in this module
                             10 ;--------------------------------------------------------
                             11 	.globl _collision_clamp_y_at
                             12 	.globl _collision_is_on_ground_at
                             13 	.globl _input_is_jump_just_pressed
                             14 	.globl _input_is_jump_pressed
                             15 	.globl _input_is_right_pressed
                             16 	.globl _input_is_left_pressed
                             17 	.globl _cpct_getScreenPtr
                             18 	.globl _cpct_drawSolidBox
                             19 	.globl _cpct_px2byteM0
                             20 	.globl _playerinit
                             21 	.globl _playerupdate
                             22 	.globl _playerrender
                             23 ;--------------------------------------------------------
                             24 ; special function registers
                             25 ;--------------------------------------------------------
                             26 ;--------------------------------------------------------
                             27 ; ram data
                             28 ;--------------------------------------------------------
                             29 	.area _DATA
                             30 ;--------------------------------------------------------
                             31 ; ram data
                             32 ;--------------------------------------------------------
                             33 	.area _INITIALIZED
                             34 ;--------------------------------------------------------
                             35 ; absolute external ram data
                             36 ;--------------------------------------------------------
                             37 	.area _DABS (ABS)
                             38 ;--------------------------------------------------------
                             39 ; global & static initialisations
                             40 ;--------------------------------------------------------
                             41 	.area _HOME
                             42 	.area _GSINIT
                             43 	.area _GSFINAL
                             44 	.area _GSINIT
                             45 ;--------------------------------------------------------
                             46 ; Home
                             47 ;--------------------------------------------------------
                             48 	.area _HOME
                             49 	.area _HOME
                             50 ;--------------------------------------------------------
                             51 ; code
                             52 ;--------------------------------------------------------
                             53 	.area _CODE
                             54 ;src/entities/player.c:14: void playerinit(Player* player) {
                             55 ;	---------------------------------
                             56 ; Function playerinit
                             57 ; ---------------------------------
   0000                      58 _playerinit::
                             59 ;src/entities/player.c:15: if (!player) {
   0000 21 03 00      [10]   60 	ld	hl, #2+1
   0003 39            [11]   61 	add	hl, sp
   0004 7E            [ 7]   62 	ld	a, (hl)
   0005 2B            [ 6]   63 	dec	hl
   0006 B6            [ 7]   64 	or	a,(hl)
                             65 ;src/entities/player.c:16: return;
   0007 C8            [11]   66 	ret	Z
                             67 ;src/entities/player.c:19: player->x = 20;
   0008 D1            [10]   68 	pop	de
   0009 C1            [10]   69 	pop	bc
   000A C5            [11]   70 	push	bc
   000B D5            [11]   71 	push	de
   000C 3E 14         [ 7]   72 	ld	a, #0x14
   000E 02            [ 7]   73 	ld	(bc), a
                             74 ;src/entities/player.c:20: player->y = 120;
   000F 69            [ 4]   75 	ld	l, c
   0010 60            [ 4]   76 	ld	h, b
   0011 23            [ 6]   77 	inc	hl
   0012 36 78         [10]   78 	ld	(hl), #0x78
                             79 ;src/entities/player.c:21: player->vx = 0;
   0014 59            [ 4]   80 	ld	e, c
   0015 50            [ 4]   81 	ld	d, b
   0016 13            [ 6]   82 	inc	de
   0017 13            [ 6]   83 	inc	de
   0018 AF            [ 4]   84 	xor	a, a
   0019 12            [ 7]   85 	ld	(de), a
                             86 ;src/entities/player.c:22: player->vy = 0;
   001A 59            [ 4]   87 	ld	e, c
   001B 50            [ 4]   88 	ld	d, b
   001C 13            [ 6]   89 	inc	de
   001D 13            [ 6]   90 	inc	de
   001E 13            [ 6]   91 	inc	de
   001F AF            [ 4]   92 	xor	a, a
   0020 12            [ 7]   93 	ld	(de), a
                             94 ;src/entities/player.c:23: player->w = 4;
   0021 21 04 00      [10]   95 	ld	hl, #0x0004
   0024 09            [11]   96 	add	hl, bc
   0025 36 04         [10]   97 	ld	(hl), #0x04
                             98 ;src/entities/player.c:24: player->h = 16;
   0027 21 05 00      [10]   99 	ld	hl, #0x0005
   002A 09            [11]  100 	add	hl, bc
   002B 36 10         [10]  101 	ld	(hl), #0x10
                            102 ;src/entities/player.c:25: player->health = 3;
   002D 21 06 00      [10]  103 	ld	hl, #0x0006
   0030 09            [11]  104 	add	hl, bc
   0031 36 03         [10]  105 	ld	(hl), #0x03
                            106 ;src/entities/player.c:26: player->facing_left = 0;
   0033 21 07 00      [10]  107 	ld	hl, #0x0007
   0036 09            [11]  108 	add	hl, bc
   0037 36 00         [10]  109 	ld	(hl), #0x00
                            110 ;src/entities/player.c:27: player->jump_hold = 0;
   0039 21 08 00      [10]  111 	ld	hl, #0x0008
   003C 09            [11]  112 	add	hl, bc
   003D 36 00         [10]  113 	ld	(hl), #0x00
   003F C9            [10]  114 	ret
                            115 ;src/entities/player.c:30: void playerupdate(Player* player) {
                            116 ;	---------------------------------
                            117 ; Function playerupdate
                            118 ; ---------------------------------
   0040                     119 _playerupdate::
   0040 DD E5         [15]  120 	push	ix
   0042 DD 21 00 00   [14]  121 	ld	ix,#0
   0046 DD 39         [15]  122 	add	ix,sp
   0048 21 F2 FF      [10]  123 	ld	hl, #-14
   004B 39            [11]  124 	add	hl, sp
   004C F9            [ 6]  125 	ld	sp, hl
                            126 ;src/entities/player.c:34: if (!player) {
   004D DD 7E 05      [19]  127 	ld	a, 5 (ix)
   0050 DD B6 04      [19]  128 	or	a,4 (ix)
                            129 ;src/entities/player.c:35: return;
   0053 CAr87r02      [10]  130 	jp	Z,00141$
                            131 ;src/entities/player.c:38: if (input_is_left_pressed()) {
   0056 CDr00r00      [17]  132 	call	_input_is_left_pressed
                            133 ;src/entities/player.c:39: player->vx = (i8)(player->vx - KPLAYERACCELERATION);
   0059 DD 4E 04      [19]  134 	ld	c,4 (ix)
   005C DD 46 05      [19]  135 	ld	b,5 (ix)
   005F 59            [ 4]  136 	ld	e, c
   0060 50            [ 4]  137 	ld	d, b
   0061 13            [ 6]  138 	inc	de
   0062 13            [ 6]  139 	inc	de
                            140 ;src/entities/player.c:40: player->facing_left = 1;
   0063 79            [ 4]  141 	ld	a, c
   0064 C6 07         [ 7]  142 	add	a, #0x07
   0066 DD 77 FE      [19]  143 	ld	-2 (ix), a
   0069 78            [ 4]  144 	ld	a, b
   006A CE 00         [ 7]  145 	adc	a, #0x00
   006C DD 77 FF      [19]  146 	ld	-1 (ix), a
                            147 ;src/entities/player.c:38: if (input_is_left_pressed()) {
   006F 7D            [ 4]  148 	ld	a, l
   0070 B7            [ 4]  149 	or	a, a
   0071 28 0E         [12]  150 	jr	Z,00116$
                            151 ;src/entities/player.c:39: player->vx = (i8)(player->vx - KPLAYERACCELERATION);
   0073 1A            [ 7]  152 	ld	a, (de)
   0074 C6 FF         [ 7]  153 	add	a, #0xff
   0076 12            [ 7]  154 	ld	(de), a
                            155 ;src/entities/player.c:40: player->facing_left = 1;
   0077 DD 6E FE      [19]  156 	ld	l,-2 (ix)
   007A DD 66 FF      [19]  157 	ld	h,-1 (ix)
   007D 36 01         [10]  158 	ld	(hl), #0x01
   007F 18 55         [12]  159 	jr	00117$
   0081                     160 00116$:
                            161 ;src/entities/player.c:41: } else if (input_is_right_pressed()) {
   0081 C5            [11]  162 	push	bc
   0082 D5            [11]  163 	push	de
   0083 CDr00r00      [17]  164 	call	_input_is_right_pressed
   0086 DD 75 FD      [19]  165 	ld	-3 (ix), l
   0089 D1            [10]  166 	pop	de
   008A C1            [10]  167 	pop	bc
                            168 ;src/entities/player.c:52: if (player->vx > KPLAYERMOVESPEED) player->vx = KPLAYERMOVESPEED;
   008B 1A            [ 7]  169 	ld	a, (de)
                            170 ;src/entities/player.c:42: player->vx = (i8)(player->vx + KPLAYERACCELERATION);
   008C 6F            [ 4]  171 	ld	l,a
   008D 3C            [ 4]  172 	inc	a
   008E DD 77 FC      [19]  173 	ld	-4 (ix), a
                            174 ;src/entities/player.c:41: } else if (input_is_right_pressed()) {
   0091 DD 7E FD      [19]  175 	ld	a, -3 (ix)
   0094 B7            [ 4]  176 	or	a, a
   0095 28 0E         [12]  177 	jr	Z,00113$
                            178 ;src/entities/player.c:42: player->vx = (i8)(player->vx + KPLAYERACCELERATION);
   0097 DD 7E FC      [19]  179 	ld	a, -4 (ix)
   009A 12            [ 7]  180 	ld	(de), a
                            181 ;src/entities/player.c:43: player->facing_left = 0;
   009B DD 6E FE      [19]  182 	ld	l,-2 (ix)
   009E DD 66 FF      [19]  183 	ld	h,-1 (ix)
   00A1 36 00         [10]  184 	ld	(hl), #0x00
   00A3 18 31         [12]  185 	jr	00117$
   00A5                     186 00113$:
                            187 ;src/entities/player.c:44: } else if (player->vx > 0) {
   00A5 AF            [ 4]  188 	xor	a, a
   00A6 95            [ 4]  189 	sub	a, l
   00A7 E2rACr00      [10]  190 	jp	PO, 00223$
   00AA EE 80         [ 7]  191 	xor	a, #0x80
   00AC                     192 00223$:
   00AC F2rC0r00      [10]  193 	jp	P, 00110$
                            194 ;src/entities/player.c:45: player->vx = (i8)(player->vx - KPLAYERDECELERATION);
   00AF 7D            [ 4]  195 	ld	a, l
   00B0 C6 FF         [ 7]  196 	add	a, #0xff
   00B2 DD 77 FD      [19]  197 	ld	-3 (ix), a
   00B5 12            [ 7]  198 	ld	(de),a
                            199 ;src/entities/player.c:46: if (player->vx < 0) player->vx = 0;
   00B6 DD CB FD 7E   [20]  200 	bit	7, -3 (ix)
   00BA 28 1A         [12]  201 	jr	Z,00117$
   00BC AF            [ 4]  202 	xor	a, a
   00BD 12            [ 7]  203 	ld	(de), a
   00BE 18 16         [12]  204 	jr	00117$
   00C0                     205 00110$:
                            206 ;src/entities/player.c:47: } else if (player->vx < 0) {
   00C0 CB 7D         [ 8]  207 	bit	7, l
   00C2 28 12         [12]  208 	jr	Z,00117$
                            209 ;src/entities/player.c:48: player->vx = (i8)(player->vx + KPLAYERDECELERATION);
   00C4 DD 7E FC      [19]  210 	ld	a, -4 (ix)
   00C7 12            [ 7]  211 	ld	(de), a
                            212 ;src/entities/player.c:49: if (player->vx > 0) player->vx = 0;
   00C8 AF            [ 4]  213 	xor	a, a
   00C9 DD 96 FC      [19]  214 	sub	a, -4 (ix)
   00CC E2rD1r00      [10]  215 	jp	PO, 00224$
   00CF EE 80         [ 7]  216 	xor	a, #0x80
   00D1                     217 00224$:
   00D1 F2rD6r00      [10]  218 	jp	P, 00117$
   00D4 AF            [ 4]  219 	xor	a, a
   00D5 12            [ 7]  220 	ld	(de), a
   00D6                     221 00117$:
                            222 ;src/entities/player.c:52: if (player->vx > KPLAYERMOVESPEED) player->vx = KPLAYERMOVESPEED;
   00D6 1A            [ 7]  223 	ld	a, (de)
   00D7 6F            [ 4]  224 	ld	l, a
   00D8 3E 03         [ 7]  225 	ld	a, #0x03
   00DA 95            [ 4]  226 	sub	a, l
   00DB E2rE0r00      [10]  227 	jp	PO, 00225$
   00DE EE 80         [ 7]  228 	xor	a, #0x80
   00E0                     229 00225$:
   00E0 F2rE6r00      [10]  230 	jp	P, 00119$
   00E3 3E 03         [ 7]  231 	ld	a, #0x03
   00E5 12            [ 7]  232 	ld	(de), a
   00E6                     233 00119$:
                            234 ;src/entities/player.c:53: if (player->vx < -KPLAYERMOVESPEED) player->vx = (i8)(-KPLAYERMOVESPEED);
   00E6 1A            [ 7]  235 	ld	a, (de)
   00E7 EE 80         [ 7]  236 	xor	a, #0x80
   00E9 D6 7D         [ 7]  237 	sub	a, #0x7d
   00EB 30 03         [12]  238 	jr	NC,00121$
   00ED 3E FD         [ 7]  239 	ld	a, #0xfd
   00EF 12            [ 7]  240 	ld	(de), a
   00F0                     241 00121$:
                            242 ;src/entities/player.c:55: if (input_is_jump_just_pressed() && collision_is_on_ground_at((i16)player->x, (i16)player->y, player->h)) {
   00F0 C5            [11]  243 	push	bc
   00F1 D5            [11]  244 	push	de
   00F2 CDr00r00      [17]  245 	call	_input_is_jump_just_pressed
   00F5 DD 75 FC      [19]  246 	ld	-4 (ix), l
   00F8 D1            [10]  247 	pop	de
   00F9 C1            [10]  248 	pop	bc
   00FA 21 05 00      [10]  249 	ld	hl, #0x0005
   00FD 09            [11]  250 	add	hl,bc
   00FE DD 75 FE      [19]  251 	ld	-2 (ix), l
   0101 DD 74 FF      [19]  252 	ld	-1 (ix), h
   0104 21 01 00      [10]  253 	ld	hl, #0x0001
   0107 09            [11]  254 	add	hl,bc
   0108 DD 75 FA      [19]  255 	ld	-6 (ix), l
   010B DD 74 FB      [19]  256 	ld	-5 (ix), h
                            257 ;src/entities/player.c:56: player->vy = KPLAYERJUMPVELOCITY;
   010E 21 03 00      [10]  258 	ld	hl, #0x0003
   0111 09            [11]  259 	add	hl,bc
   0112 DD 75 F8      [19]  260 	ld	-8 (ix), l
   0115 DD 74 F9      [19]  261 	ld	-7 (ix), h
                            262 ;src/entities/player.c:57: player->jump_hold = 5;
   0118 21 08 00      [10]  263 	ld	hl, #0x0008
   011B 09            [11]  264 	add	hl,bc
   011C DD 75 F6      [19]  265 	ld	-10 (ix), l
   011F DD 74 F7      [19]  266 	ld	-9 (ix), h
                            267 ;src/entities/player.c:55: if (input_is_jump_just_pressed() && collision_is_on_ground_at((i16)player->x, (i16)player->y, player->h)) {
   0122 DD 7E FC      [19]  268 	ld	a, -4 (ix)
   0125 B7            [ 4]  269 	or	a, a
   0126 28 4E         [12]  270 	jr	Z,00123$
   0128 DD 6E FE      [19]  271 	ld	l,-2 (ix)
   012B DD 66 FF      [19]  272 	ld	h,-1 (ix)
   012E 7E            [ 7]  273 	ld	a, (hl)
   012F DD 6E FA      [19]  274 	ld	l,-6 (ix)
   0132 DD 66 FB      [19]  275 	ld	h,-5 (ix)
   0135 6E            [ 7]  276 	ld	l, (hl)
   0136 DD 75 F4      [19]  277 	ld	-12 (ix), l
   0139 DD 36 F5 00   [19]  278 	ld	-11 (ix), #0x00
   013D F5            [11]  279 	push	af
   013E 0A            [ 7]  280 	ld	a, (bc)
   013F 6F            [ 4]  281 	ld	l, a
   0140 F1            [10]  282 	pop	af
   0141 DD 75 F2      [19]  283 	ld	-14 (ix), l
   0144 DD 36 F3 00   [19]  284 	ld	-13 (ix), #0x00
   0148 C5            [11]  285 	push	bc
   0149 D5            [11]  286 	push	de
   014A F5            [11]  287 	push	af
   014B 33            [ 6]  288 	inc	sp
   014C DD 6E F4      [19]  289 	ld	l,-12 (ix)
   014F DD 66 F5      [19]  290 	ld	h,-11 (ix)
   0152 E5            [11]  291 	push	hl
   0153 DD 6E F2      [19]  292 	ld	l,-14 (ix)
   0156 DD 66 F3      [19]  293 	ld	h,-13 (ix)
   0159 E5            [11]  294 	push	hl
   015A CDr00r00      [17]  295 	call	_collision_is_on_ground_at
   015D F1            [10]  296 	pop	af
   015E F1            [10]  297 	pop	af
   015F 33            [ 6]  298 	inc	sp
   0160 D1            [10]  299 	pop	de
   0161 C1            [10]  300 	pop	bc
   0162 7D            [ 4]  301 	ld	a, l
   0163 B7            [ 4]  302 	or	a, a
   0164 28 10         [12]  303 	jr	Z,00123$
                            304 ;src/entities/player.c:56: player->vy = KPLAYERJUMPVELOCITY;
   0166 DD 6E F8      [19]  305 	ld	l,-8 (ix)
   0169 DD 66 F9      [19]  306 	ld	h,-7 (ix)
   016C 36 FA         [10]  307 	ld	(hl), #0xfa
                            308 ;src/entities/player.c:57: player->jump_hold = 5;
   016E DD 6E F6      [19]  309 	ld	l,-10 (ix)
   0171 DD 66 F7      [19]  310 	ld	h,-9 (ix)
   0174 36 05         [10]  311 	ld	(hl), #0x05
   0176                     312 00123$:
                            313 ;src/entities/player.c:60: if (input_is_jump_pressed() && player->jump_hold && player->vy < 0) {
   0176 C5            [11]  314 	push	bc
   0177 D5            [11]  315 	push	de
   0178 CDr00r00      [17]  316 	call	_input_is_jump_pressed
   017B 7D            [ 4]  317 	ld	a, l
   017C D1            [10]  318 	pop	de
   017D C1            [10]  319 	pop	bc
   017E B7            [ 4]  320 	or	a, a
   017F 28 31         [12]  321 	jr	Z,00126$
   0181 DD 6E F6      [19]  322 	ld	l,-10 (ix)
   0184 DD 66 F7      [19]  323 	ld	h,-9 (ix)
   0187 7E            [ 7]  324 	ld	a, (hl)
   0188 B7            [ 4]  325 	or	a, a
   0189 28 27         [12]  326 	jr	Z,00126$
   018B DD 6E F8      [19]  327 	ld	l,-8 (ix)
   018E DD 66 F9      [19]  328 	ld	h,-7 (ix)
   0191 6E            [ 7]  329 	ld	l, (hl)
   0192 CB 7D         [ 8]  330 	bit	7, l
   0194 28 1C         [12]  331 	jr	Z,00126$
                            332 ;src/entities/player.c:61: player->vy = (i8)(player->vy + KPLAYERJUMPBOOST);
   0196 7D            [ 4]  333 	ld	a, l
   0197 C6 FF         [ 7]  334 	add	a, #0xff
   0199 DD 6E F8      [19]  335 	ld	l,-8 (ix)
   019C DD 66 F9      [19]  336 	ld	h,-7 (ix)
   019F 77            [ 7]  337 	ld	(hl), a
                            338 ;src/entities/player.c:62: player->jump_hold--;
   01A0 DD 6E F6      [19]  339 	ld	l,-10 (ix)
   01A3 DD 66 F7      [19]  340 	ld	h,-9 (ix)
   01A6 7E            [ 7]  341 	ld	a, (hl)
   01A7 C6 FF         [ 7]  342 	add	a, #0xff
   01A9 DD 6E F6      [19]  343 	ld	l,-10 (ix)
   01AC DD 66 F7      [19]  344 	ld	h,-9 (ix)
   01AF 77            [ 7]  345 	ld	(hl), a
   01B0 18 08         [12]  346 	jr	00127$
   01B2                     347 00126$:
                            348 ;src/entities/player.c:64: player->jump_hold = 0;
   01B2 DD 6E F6      [19]  349 	ld	l,-10 (ix)
   01B5 DD 66 F7      [19]  350 	ld	h,-9 (ix)
   01B8 36 00         [10]  351 	ld	(hl), #0x00
   01BA                     352 00127$:
                            353 ;src/entities/player.c:67: player->vy = (i8)(player->vy + KPLAYERGRAVITY);
   01BA DD 6E F8      [19]  354 	ld	l,-8 (ix)
   01BD DD 66 F9      [19]  355 	ld	h,-7 (ix)
   01C0 7E            [ 7]  356 	ld	a, (hl)
   01C1 3C            [ 4]  357 	inc	a
   01C2 DD 77 F2      [19]  358 	ld	-14 (ix), a
   01C5 DD 6E F8      [19]  359 	ld	l,-8 (ix)
   01C8 DD 66 F9      [19]  360 	ld	h,-7 (ix)
   01CB DD 7E F2      [19]  361 	ld	a, -14 (ix)
   01CE 77            [ 7]  362 	ld	(hl), a
                            363 ;src/entities/player.c:68: if (player->vy > KPLAYERMAXFALL) player->vy = KPLAYERMAXFALL;
   01CF 3E 04         [ 7]  364 	ld	a, #0x04
   01D1 DD 96 F2      [19]  365 	sub	a, -14 (ix)
   01D4 E2rD9r01      [10]  366 	jp	PO, 00226$
   01D7 EE 80         [ 7]  367 	xor	a, #0x80
   01D9                     368 00226$:
   01D9 F2rE4r01      [10]  369 	jp	P, 00131$
   01DC DD 6E F8      [19]  370 	ld	l,-8 (ix)
   01DF DD 66 F9      [19]  371 	ld	h,-7 (ix)
   01E2 36 04         [10]  372 	ld	(hl), #0x04
   01E4                     373 00131$:
                            374 ;src/entities/player.c:70: nextx = (i16)player->x + (i16)player->vx;
   01E4 0A            [ 7]  375 	ld	a, (bc)
   01E5 DD 77 F2      [19]  376 	ld	-14 (ix), a
   01E8 DD 36 F3 00   [19]  377 	ld	-13 (ix), #0x00
   01EC 1A            [ 7]  378 	ld	a, (de)
   01ED 5F            [ 4]  379 	ld	e, a
   01EE 17            [ 4]  380 	rla
   01EF 9F            [ 4]  381 	sbc	a, a
   01F0 57            [ 4]  382 	ld	d, a
   01F1 E1            [10]  383 	pop	hl
   01F2 E5            [11]  384 	push	hl
   01F3 19            [11]  385 	add	hl, de
                            386 ;src/entities/player.c:71: if (nextx < 0) {
   01F4 CB 7C         [ 8]  387 	bit	7, h
   01F6 28 03         [12]  388 	jr	Z,00133$
                            389 ;src/entities/player.c:72: nextx = 0;
   01F8 21 00 00      [10]  390 	ld	hl, #0x0000
   01FB                     391 00133$:
                            392 ;src/entities/player.c:74: if (nextx > 76) {
   01FB 3E 4C         [ 7]  393 	ld	a, #0x4c
   01FD BD            [ 4]  394 	cp	a, l
   01FE 3E 00         [ 7]  395 	ld	a, #0x00
   0200 9C            [ 4]  396 	sbc	a, h
   0201 E2r06r02      [10]  397 	jp	PO, 00227$
   0204 EE 80         [ 7]  398 	xor	a, #0x80
   0206                     399 00227$:
   0206 F2r0Cr02      [10]  400 	jp	P, 00135$
                            401 ;src/entities/player.c:75: nextx = 76;
   0209 21 4C 00      [10]  402 	ld	hl, #0x004c
   020C                     403 00135$:
                            404 ;src/entities/player.c:77: player->x = (u8)nextx;
   020C DD 75 F2      [19]  405 	ld	-14 (ix), l
   020F 7D            [ 4]  406 	ld	a, l
   0210 02            [ 7]  407 	ld	(bc), a
                            408 ;src/entities/player.c:79: nexty = (i16)player->y + (i16)player->vy;
   0211 DD 6E FA      [19]  409 	ld	l,-6 (ix)
   0214 DD 66 FB      [19]  410 	ld	h,-5 (ix)
   0217 5E            [ 7]  411 	ld	e, (hl)
   0218 16 00         [ 7]  412 	ld	d, #0x00
   021A DD 6E F8      [19]  413 	ld	l,-8 (ix)
   021D DD 66 F9      [19]  414 	ld	h,-7 (ix)
   0220 6E            [ 7]  415 	ld	l, (hl)
   0221 7D            [ 4]  416 	ld	a, l
   0222 17            [ 4]  417 	rla
   0223 9F            [ 4]  418 	sbc	a, a
   0224 67            [ 4]  419 	ld	h, a
   0225 19            [11]  420 	add	hl, de
   0226 E5            [11]  421 	push	hl
   0227 FD E1         [14]  422 	pop	iy
                            423 ;src/entities/player.c:80: nexty = collision_clamp_y_at((i16)player->x, nexty, player->h);
   0229 DD 6E FE      [19]  424 	ld	l,-2 (ix)
   022C DD 66 FF      [19]  425 	ld	h,-1 (ix)
   022F 66            [ 7]  426 	ld	h, (hl)
   0230 DD 5E F2      [19]  427 	ld	e, -14 (ix)
   0233 16 00         [ 7]  428 	ld	d, #0x00
   0235 C5            [11]  429 	push	bc
   0236 E5            [11]  430 	push	hl
   0237 33            [ 6]  431 	inc	sp
   0238 FD E5         [15]  432 	push	iy
   023A D5            [11]  433 	push	de
   023B CDr00r00      [17]  434 	call	_collision_clamp_y_at
   023E F1            [10]  435 	pop	af
   023F F1            [10]  436 	pop	af
   0240 33            [ 6]  437 	inc	sp
   0241 C1            [10]  438 	pop	bc
                            439 ;src/entities/player.c:81: if (nexty < 0) {
   0242 CB 7C         [ 8]  440 	bit	7, h
   0244 28 03         [12]  441 	jr	Z,00137$
                            442 ;src/entities/player.c:82: nexty = 0;
   0246 21 00 00      [10]  443 	ld	hl, #0x0000
   0249                     444 00137$:
                            445 ;src/entities/player.c:84: player->y = (u8)nexty;
   0249 5D            [ 4]  446 	ld	e, l
   024A DD 6E FA      [19]  447 	ld	l,-6 (ix)
   024D DD 66 FB      [19]  448 	ld	h,-5 (ix)
   0250 73            [ 7]  449 	ld	(hl), e
                            450 ;src/entities/player.c:86: if (collision_is_on_ground_at((i16)player->x, (i16)player->y, player->h) && player->vy > 0) {
   0251 DD 6E FE      [19]  451 	ld	l,-2 (ix)
   0254 DD 66 FF      [19]  452 	ld	h,-1 (ix)
   0257 7E            [ 7]  453 	ld	a, (hl)
   0258 16 00         [ 7]  454 	ld	d, #0x00
   025A F5            [11]  455 	push	af
   025B 0A            [ 7]  456 	ld	a, (bc)
   025C 4F            [ 4]  457 	ld	c, a
   025D F1            [10]  458 	pop	af
   025E 06 00         [ 7]  459 	ld	b, #0x00
   0260 F5            [11]  460 	push	af
   0261 33            [ 6]  461 	inc	sp
   0262 D5            [11]  462 	push	de
   0263 C5            [11]  463 	push	bc
   0264 CDr00r00      [17]  464 	call	_collision_is_on_ground_at
   0267 F1            [10]  465 	pop	af
   0268 F1            [10]  466 	pop	af
   0269 33            [ 6]  467 	inc	sp
   026A 7D            [ 4]  468 	ld	a, l
   026B B7            [ 4]  469 	or	a, a
   026C 28 19         [12]  470 	jr	Z,00141$
   026E DD 6E F8      [19]  471 	ld	l,-8 (ix)
   0271 DD 66 F9      [19]  472 	ld	h,-7 (ix)
   0274 4E            [ 7]  473 	ld	c, (hl)
   0275 AF            [ 4]  474 	xor	a, a
   0276 91            [ 4]  475 	sub	a, c
   0277 E2r7Cr02      [10]  476 	jp	PO, 00228$
   027A EE 80         [ 7]  477 	xor	a, #0x80
   027C                     478 00228$:
   027C F2r87r02      [10]  479 	jp	P, 00141$
                            480 ;src/entities/player.c:87: player->vy = 0;
   027F DD 6E F8      [19]  481 	ld	l,-8 (ix)
   0282 DD 66 F9      [19]  482 	ld	h,-7 (ix)
   0285 36 00         [10]  483 	ld	(hl), #0x00
   0287                     484 00141$:
   0287 DD F9         [10]  485 	ld	sp, ix
   0289 DD E1         [14]  486 	pop	ix
   028B C9            [10]  487 	ret
                            488 ;src/entities/player.c:91: void playerrender(const Player* player) {
                            489 ;	---------------------------------
                            490 ; Function playerrender
                            491 ; ---------------------------------
   028C                     492 _playerrender::
   028C DD E5         [15]  493 	push	ix
   028E DD 21 00 00   [14]  494 	ld	ix,#0
   0292 DD 39         [15]  495 	add	ix,sp
   0294 3B            [ 6]  496 	dec	sp
                            497 ;src/entities/player.c:94: if (!player) {
   0295 DD 7E 05      [19]  498 	ld	a, 5 (ix)
   0298 DD B6 04      [19]  499 	or	a,4 (ix)
                            500 ;src/entities/player.c:95: return;
   029B 28 43         [12]  501 	jr	Z,00103$
                            502 ;src/entities/player.c:98: pvmem = cpct_getScreenPtr(CPCT_VMEM_START, player->x, player->y);
   029D DD 5E 04      [19]  503 	ld	e,4 (ix)
   02A0 DD 56 05      [19]  504 	ld	d,5 (ix)
   02A3 6B            [ 4]  505 	ld	l, e
   02A4 62            [ 4]  506 	ld	h, d
   02A5 23            [ 6]  507 	inc	hl
   02A6 46            [ 7]  508 	ld	b, (hl)
   02A7 1A            [ 7]  509 	ld	a, (de)
   02A8 D5            [11]  510 	push	de
   02A9 C5            [11]  511 	push	bc
   02AA 33            [ 6]  512 	inc	sp
   02AB F5            [11]  513 	push	af
   02AC 33            [ 6]  514 	inc	sp
   02AD 21 00 C0      [10]  515 	ld	hl, #0xc000
   02B0 E5            [11]  516 	push	hl
   02B1 CDr00r00      [17]  517 	call	_cpct_getScreenPtr
   02B4 4D            [ 4]  518 	ld	c, l
   02B5 44            [ 4]  519 	ld	b, h
   02B6 D1            [10]  520 	pop	de
                            521 ;src/entities/player.c:99: cpct_drawSolidBox(pvmem, cpct_px2byteM0(6, 6), player->w, player->h);
   02B7 D5            [11]  522 	push	de
   02B8 FD E1         [14]  523 	pop	iy
   02BA FD 7E 05      [19]  524 	ld	a, 5 (iy)
   02BD DD 77 FF      [19]  525 	ld	-1 (ix), a
   02C0 EB            [ 4]  526 	ex	de,hl
   02C1 11 04 00      [10]  527 	ld	de, #0x0004
   02C4 19            [11]  528 	add	hl, de
   02C5 56            [ 7]  529 	ld	d, (hl)
   02C6 C5            [11]  530 	push	bc
   02C7 D5            [11]  531 	push	de
   02C8 21 06 06      [10]  532 	ld	hl, #0x0606
   02CB E5            [11]  533 	push	hl
   02CC CDr00r00      [17]  534 	call	_cpct_px2byteM0
   02CF 5D            [ 4]  535 	ld	e, l
   02D0 F1            [10]  536 	pop	af
   02D1 57            [ 4]  537 	ld	d, a
   02D2 C1            [10]  538 	pop	bc
   02D3 DD 7E FF      [19]  539 	ld	a, -1 (ix)
   02D6 F5            [11]  540 	push	af
   02D7 33            [ 6]  541 	inc	sp
   02D8 D5            [11]  542 	push	de
   02D9 C5            [11]  543 	push	bc
   02DA CDr00r00      [17]  544 	call	_cpct_drawSolidBox
   02DD F1            [10]  545 	pop	af
   02DE F1            [10]  546 	pop	af
   02DF 33            [ 6]  547 	inc	sp
   02E0                     548 00103$:
   02E0 33            [ 6]  549 	inc	sp
   02E1 DD E1         [14]  550 	pop	ix
   02E3 C9            [10]  551 	ret
                            552 	.area _CODE
                            553 	.area _INITIALIZER
                            554 	.area _CABS (ABS)
