                              1 ;--------------------------------------------------------
                              2 ; File Created by SDCC : free open source ANSI-C Compiler
                              3 ; Version 3.6.8 #9946 (Mac OS X ppc)
                              4 ;--------------------------------------------------------
                              5 	.module input
                              6 	.optsdcc -mz80
                              7 	
                              8 ;--------------------------------------------------------
                              9 ; Public variables in this module
                             10 ;--------------------------------------------------------
                             11 	.globl _cpct_isKeyPressed
                             12 	.globl _cpct_scanKeyboard_f
                             13 	.globl _input_update
                             14 	.globl _input_is_left_pressed
                             15 	.globl _input_is_right_pressed
                             16 	.globl _input_is_up_pressed
                             17 	.globl _input_is_down_pressed
                             18 	.globl _input_is_jump_pressed
                             19 	.globl _input_is_jump_just_pressed
                             20 	.globl _input_is_shoot_pressed
                             21 	.globl _input_is_shoot_just_pressed
                             22 ;--------------------------------------------------------
                             23 ; special function registers
                             24 ;--------------------------------------------------------
                             25 ;--------------------------------------------------------
                             26 ; ram data
                             27 ;--------------------------------------------------------
                             28 	.area _DATA
   0000                      29 _ginputleft:
   0000                      30 	.ds 1
   0001                      31 _ginputright:
   0001                      32 	.ds 1
   0002                      33 _ginputup:
   0002                      34 	.ds 1
   0003                      35 _ginputdown:
   0003                      36 	.ds 1
   0004                      37 _ginputshoot:
   0004                      38 	.ds 1
   0005                      39 _gprevjump:
   0005                      40 	.ds 1
   0006                      41 _gprevshoot:
   0006                      42 	.ds 1
                             43 ;--------------------------------------------------------
                             44 ; ram data
                             45 ;--------------------------------------------------------
                             46 	.area _INITIALIZED
                             47 ;--------------------------------------------------------
                             48 ; absolute external ram data
                             49 ;--------------------------------------------------------
                             50 	.area _DABS (ABS)
                             51 ;--------------------------------------------------------
                             52 ; global & static initialisations
                             53 ;--------------------------------------------------------
                             54 	.area _HOME
                             55 	.area _GSINIT
                             56 	.area _GSFINAL
                             57 	.area _GSINIT
                             58 ;--------------------------------------------------------
                             59 ; Home
                             60 ;--------------------------------------------------------
                             61 	.area _HOME
                             62 	.area _HOME
                             63 ;--------------------------------------------------------
                             64 ; code
                             65 ;--------------------------------------------------------
                             66 	.area _CODE
                             67 ;src/systems/input.c:11: void input_update(void) {
                             68 ;	---------------------------------
                             69 ; Function input_update
                             70 ; ---------------------------------
   0000                      71 _input_update::
                             72 ;src/systems/input.c:12: gprevjump = ginputup;
   0000 3Ar02r00      [13]   73 	ld	a,(#_ginputup + 0)
   0003 32r05r00      [13]   74 	ld	(#_gprevjump + 0),a
                             75 ;src/systems/input.c:13: gprevshoot = ginputshoot;
   0006 3Ar04r00      [13]   76 	ld	a,(#_ginputshoot + 0)
   0009 32r06r00      [13]   77 	ld	(#_gprevshoot + 0),a
                             78 ;src/systems/input.c:14: cpct_scanKeyboard_f();
   000C CDr00r00      [17]   79 	call	_cpct_scanKeyboard_f
                             80 ;src/systems/input.c:15: ginputleft = (u8)(cpct_isKeyPressed(Key_CursorLeft) || cpct_isKeyPressed(Key_A));
   000F 21 01 01      [10]   81 	ld	hl, #0x0101
   0012 CDr00r00      [17]   82 	call	_cpct_isKeyPressed
   0015 7D            [ 4]   83 	ld	a, l
   0016 B7            [ 4]   84 	or	a, a
   0017 20 0D         [12]   85 	jr	NZ,00104$
   0019 21 08 20      [10]   86 	ld	hl, #0x2008
   001C CDr00r00      [17]   87 	call	_cpct_isKeyPressed
   001F 7D            [ 4]   88 	ld	a, l
   0020 B7            [ 4]   89 	or	a,a
   0021 20 03         [12]   90 	jr	NZ,00104$
   0023 4F            [ 4]   91 	ld	c,a
   0024 18 02         [12]   92 	jr	00105$
   0026                      93 00104$:
   0026 0E 01         [ 7]   94 	ld	c, #0x01
   0028                      95 00105$:
   0028 21r00r00      [10]   96 	ld	hl,#_ginputleft + 0
   002B 71            [ 7]   97 	ld	(hl), c
                             98 ;src/systems/input.c:16: ginputright = (u8)(cpct_isKeyPressed(Key_CursorRight) || cpct_isKeyPressed(Key_D));
   002C 21 00 02      [10]   99 	ld	hl, #0x0200
   002F CDr00r00      [17]  100 	call	_cpct_isKeyPressed
   0032 7D            [ 4]  101 	ld	a, l
   0033 B7            [ 4]  102 	or	a, a
   0034 20 0D         [12]  103 	jr	NZ,00107$
   0036 21 07 20      [10]  104 	ld	hl, #0x2007
   0039 CDr00r00      [17]  105 	call	_cpct_isKeyPressed
   003C 7D            [ 4]  106 	ld	a, l
   003D B7            [ 4]  107 	or	a,a
   003E 20 03         [12]  108 	jr	NZ,00107$
   0040 4F            [ 4]  109 	ld	c,a
   0041 18 02         [12]  110 	jr	00108$
   0043                     111 00107$:
   0043 0E 01         [ 7]  112 	ld	c, #0x01
   0045                     113 00108$:
   0045 21r01r00      [10]  114 	ld	hl,#_ginputright + 0
   0048 71            [ 7]  115 	ld	(hl), c
                            116 ;src/systems/input.c:17: ginputup = (u8)(cpct_isKeyPressed(Key_CursorUp) || cpct_isKeyPressed(Key_W) || cpct_isKeyPressed(Key_Z));
   0049 21 00 01      [10]  117 	ld	hl, #0x0100
   004C CDr00r00      [17]  118 	call	_cpct_isKeyPressed
   004F 7D            [ 4]  119 	ld	a, l
   0050 B7            [ 4]  120 	or	a, a
   0051 20 17         [12]  121 	jr	NZ,00110$
   0053 21 07 08      [10]  122 	ld	hl, #0x0807
   0056 CDr00r00      [17]  123 	call	_cpct_isKeyPressed
   0059 7D            [ 4]  124 	ld	a, l
   005A B7            [ 4]  125 	or	a, a
   005B 20 0D         [12]  126 	jr	NZ,00110$
   005D 21 08 80      [10]  127 	ld	hl, #0x8008
   0060 CDr00r00      [17]  128 	call	_cpct_isKeyPressed
   0063 7D            [ 4]  129 	ld	a, l
   0064 B7            [ 4]  130 	or	a,a
   0065 20 03         [12]  131 	jr	NZ,00110$
   0067 4F            [ 4]  132 	ld	c,a
   0068 18 02         [12]  133 	jr	00111$
   006A                     134 00110$:
   006A 0E 01         [ 7]  135 	ld	c, #0x01
   006C                     136 00111$:
   006C 21r02r00      [10]  137 	ld	hl,#_ginputup + 0
   006F 71            [ 7]  138 	ld	(hl), c
                            139 ;src/systems/input.c:18: ginputdown = (u8)(cpct_isKeyPressed(Key_CursorDown) || cpct_isKeyPressed(Key_S) || cpct_isKeyPressed(Key_X));
   0070 21 00 04      [10]  140 	ld	hl, #0x0400
   0073 CDr00r00      [17]  141 	call	_cpct_isKeyPressed
   0076 7D            [ 4]  142 	ld	a, l
   0077 B7            [ 4]  143 	or	a, a
   0078 20 17         [12]  144 	jr	NZ,00116$
   007A 21 07 10      [10]  145 	ld	hl, #0x1007
   007D CDr00r00      [17]  146 	call	_cpct_isKeyPressed
   0080 7D            [ 4]  147 	ld	a, l
   0081 B7            [ 4]  148 	or	a, a
   0082 20 0D         [12]  149 	jr	NZ,00116$
   0084 21 07 80      [10]  150 	ld	hl, #0x8007
   0087 CDr00r00      [17]  151 	call	_cpct_isKeyPressed
   008A 7D            [ 4]  152 	ld	a, l
   008B B7            [ 4]  153 	or	a,a
   008C 20 03         [12]  154 	jr	NZ,00116$
   008E 4F            [ 4]  155 	ld	c,a
   008F 18 02         [12]  156 	jr	00117$
   0091                     157 00116$:
   0091 0E 01         [ 7]  158 	ld	c, #0x01
   0093                     159 00117$:
   0093 21r03r00      [10]  160 	ld	hl,#_ginputdown + 0
   0096 71            [ 7]  161 	ld	(hl), c
                            162 ;src/systems/input.c:19: ginputshoot = (u8)(cpct_isKeyPressed(Key_Space) || cpct_isKeyPressed(Key_X) || cpct_isKeyPressed(Key_CursorDown));
   0097 21 05 80      [10]  163 	ld	hl, #0x8005
   009A CDr00r00      [17]  164 	call	_cpct_isKeyPressed
   009D 7D            [ 4]  165 	ld	a, l
   009E B7            [ 4]  166 	or	a, a
   009F 20 17         [12]  167 	jr	NZ,00122$
   00A1 21 07 80      [10]  168 	ld	hl, #0x8007
   00A4 CDr00r00      [17]  169 	call	_cpct_isKeyPressed
   00A7 7D            [ 4]  170 	ld	a, l
   00A8 B7            [ 4]  171 	or	a, a
   00A9 20 0D         [12]  172 	jr	NZ,00122$
   00AB 21 00 04      [10]  173 	ld	hl, #0x0400
   00AE CDr00r00      [17]  174 	call	_cpct_isKeyPressed
   00B1 7D            [ 4]  175 	ld	a, l
   00B2 B7            [ 4]  176 	or	a,a
   00B3 20 03         [12]  177 	jr	NZ,00122$
   00B5 4F            [ 4]  178 	ld	c,a
   00B6 18 02         [12]  179 	jr	00123$
   00B8                     180 00122$:
   00B8 0E 01         [ 7]  181 	ld	c, #0x01
   00BA                     182 00123$:
   00BA 21r04r00      [10]  183 	ld	hl,#_ginputshoot + 0
   00BD 71            [ 7]  184 	ld	(hl), c
   00BE C9            [10]  185 	ret
                            186 ;src/systems/input.c:22: u8 input_is_left_pressed(void) {
                            187 ;	---------------------------------
                            188 ; Function input_is_left_pressed
                            189 ; ---------------------------------
   00BF                     190 _input_is_left_pressed::
                            191 ;src/systems/input.c:23: return ginputleft;
   00BF FD 21r00r00   [14]  192 	ld	iy, #_ginputleft
   00C3 FD 6E 00      [19]  193 	ld	l, 0 (iy)
   00C6 C9            [10]  194 	ret
                            195 ;src/systems/input.c:26: u8 input_is_right_pressed(void) {
                            196 ;	---------------------------------
                            197 ; Function input_is_right_pressed
                            198 ; ---------------------------------
   00C7                     199 _input_is_right_pressed::
                            200 ;src/systems/input.c:27: return ginputright;
   00C7 FD 21r01r00   [14]  201 	ld	iy, #_ginputright
   00CB FD 6E 00      [19]  202 	ld	l, 0 (iy)
   00CE C9            [10]  203 	ret
                            204 ;src/systems/input.c:30: u8 input_is_up_pressed(void) {
                            205 ;	---------------------------------
                            206 ; Function input_is_up_pressed
                            207 ; ---------------------------------
   00CF                     208 _input_is_up_pressed::
                            209 ;src/systems/input.c:31: return ginputup;
   00CF FD 21r02r00   [14]  210 	ld	iy, #_ginputup
   00D3 FD 6E 00      [19]  211 	ld	l, 0 (iy)
   00D6 C9            [10]  212 	ret
                            213 ;src/systems/input.c:34: u8 input_is_down_pressed(void) {
                            214 ;	---------------------------------
                            215 ; Function input_is_down_pressed
                            216 ; ---------------------------------
   00D7                     217 _input_is_down_pressed::
                            218 ;src/systems/input.c:35: return ginputdown;
   00D7 FD 21r03r00   [14]  219 	ld	iy, #_ginputdown
   00DB FD 6E 00      [19]  220 	ld	l, 0 (iy)
   00DE C9            [10]  221 	ret
                            222 ;src/systems/input.c:38: u8 input_is_jump_pressed(void) {
                            223 ;	---------------------------------
                            224 ; Function input_is_jump_pressed
                            225 ; ---------------------------------
   00DF                     226 _input_is_jump_pressed::
                            227 ;src/systems/input.c:39: return ginputup;
   00DF FD 21r02r00   [14]  228 	ld	iy, #_ginputup
   00E3 FD 6E 00      [19]  229 	ld	l, 0 (iy)
   00E6 C9            [10]  230 	ret
                            231 ;src/systems/input.c:42: u8 input_is_jump_just_pressed(void) {
                            232 ;	---------------------------------
                            233 ; Function input_is_jump_just_pressed
                            234 ; ---------------------------------
   00E7                     235 _input_is_jump_just_pressed::
                            236 ;src/systems/input.c:43: return (u8)(ginputup && !gprevjump);
   00E7 3Ar02r00      [13]  237 	ld	a,(#_ginputup + 0)
   00EA B7            [ 4]  238 	or	a, a
   00EB 28 06         [12]  239 	jr	Z,00103$
   00ED 3Ar05r00      [13]  240 	ld	a,(#_gprevjump + 0)
   00F0 B7            [ 4]  241 	or	a, a
   00F1 28 03         [12]  242 	jr	Z,00104$
   00F3                     243 00103$:
   00F3 2E 00         [ 7]  244 	ld	l, #0x00
   00F5 C9            [10]  245 	ret
   00F6                     246 00104$:
   00F6 2E 01         [ 7]  247 	ld	l, #0x01
   00F8 C9            [10]  248 	ret
                            249 ;src/systems/input.c:46: u8 input_is_shoot_pressed(void) {
                            250 ;	---------------------------------
                            251 ; Function input_is_shoot_pressed
                            252 ; ---------------------------------
   00F9                     253 _input_is_shoot_pressed::
                            254 ;src/systems/input.c:47: return ginputshoot;
   00F9 FD 21r04r00   [14]  255 	ld	iy, #_ginputshoot
   00FD FD 6E 00      [19]  256 	ld	l, 0 (iy)
   0100 C9            [10]  257 	ret
                            258 ;src/systems/input.c:50: u8 input_is_shoot_just_pressed(void) {
                            259 ;	---------------------------------
                            260 ; Function input_is_shoot_just_pressed
                            261 ; ---------------------------------
   0101                     262 _input_is_shoot_just_pressed::
                            263 ;src/systems/input.c:51: return (u8)(ginputshoot && !gprevshoot);
   0101 3Ar04r00      [13]  264 	ld	a,(#_ginputshoot + 0)
   0104 B7            [ 4]  265 	or	a, a
   0105 28 06         [12]  266 	jr	Z,00103$
   0107 3Ar06r00      [13]  267 	ld	a,(#_gprevshoot + 0)
   010A B7            [ 4]  268 	or	a, a
   010B 28 03         [12]  269 	jr	Z,00104$
   010D                     270 00103$:
   010D 2E 00         [ 7]  271 	ld	l, #0x00
   010F C9            [10]  272 	ret
   0110                     273 00104$:
   0110 2E 01         [ 7]  274 	ld	l, #0x01
   0112 C9            [10]  275 	ret
                            276 	.area _CODE
                            277 	.area _INITIALIZER
                            278 	.area _CABS (ABS)
