                              1 ;--------------------------------------------------------
                              2 ; File Created by SDCC : free open source ANSI-C Compiler
                              3 ; Version 3.6.8 #9946 (Mac OS X ppc)
                              4 ;--------------------------------------------------------
                              5 	.module enemy
                              6 	.optsdcc -mz80
                              7 	
                              8 ;--------------------------------------------------------
                              9 ; Public variables in this module
                             10 ;--------------------------------------------------------
                             11 	.globl _collision_clamp_y_at
                             12 	.globl _collision_is_on_ground_at
                             13 	.globl _cpct_getScreenPtr
                             14 	.globl _cpct_drawSolidBox
                             15 	.globl _enemyinit
                             16 	.globl _enemyspawn
                             17 	.globl _enemyupdate
                             18 	.globl _enemyrender
                             19 	.globl _enemydamage
                             20 ;--------------------------------------------------------
                             21 ; special function registers
                             22 ;--------------------------------------------------------
                             23 ;--------------------------------------------------------
                             24 ; ram data
                             25 ;--------------------------------------------------------
                             26 	.area _DATA
                             27 ;--------------------------------------------------------
                             28 ; ram data
                             29 ;--------------------------------------------------------
                             30 	.area _INITIALIZED
                             31 ;--------------------------------------------------------
                             32 ; absolute external ram data
                             33 ;--------------------------------------------------------
                             34 	.area _DABS (ABS)
                             35 ;--------------------------------------------------------
                             36 ; global & static initialisations
                             37 ;--------------------------------------------------------
                             38 	.area _HOME
                             39 	.area _GSINIT
                             40 	.area _GSFINAL
                             41 	.area _GSINIT
                             42 ;--------------------------------------------------------
                             43 ; Home
                             44 ;--------------------------------------------------------
                             45 	.area _HOME
                             46 	.area _HOME
                             47 ;--------------------------------------------------------
                             48 ; code
                             49 ;--------------------------------------------------------
                             50 	.area _CODE
                             51 ;src/entities/enemy.c:5: void enemyinit(Enemy* enemy) {
                             52 ;	---------------------------------
                             53 ; Function enemyinit
                             54 ; ---------------------------------
   0000                      55 _enemyinit::
                             56 ;src/entities/enemy.c:6: if (!enemy) {
   0000 21 03 00      [10]   57 	ld	hl, #2+1
   0003 39            [11]   58 	add	hl, sp
   0004 7E            [ 7]   59 	ld	a, (hl)
   0005 2B            [ 6]   60 	dec	hl
   0006 B6            [ 7]   61 	or	a,(hl)
                             62 ;src/entities/enemy.c:7: return;
   0007 C8            [11]   63 	ret	Z
                             64 ;src/entities/enemy.c:10: enemy->x = 0;
   0008 D1            [10]   65 	pop	de
   0009 C1            [10]   66 	pop	bc
   000A C5            [11]   67 	push	bc
   000B D5            [11]   68 	push	de
   000C AF            [ 4]   69 	xor	a, a
   000D 02            [ 7]   70 	ld	(bc), a
                             71 ;src/entities/enemy.c:11: enemy->y = 0;
   000E 59            [ 4]   72 	ld	e, c
   000F 50            [ 4]   73 	ld	d, b
   0010 13            [ 6]   74 	inc	de
   0011 AF            [ 4]   75 	xor	a, a
   0012 12            [ 7]   76 	ld	(de), a
                             77 ;src/entities/enemy.c:12: enemy->vx = 0;
   0013 59            [ 4]   78 	ld	e, c
   0014 50            [ 4]   79 	ld	d, b
   0015 13            [ 6]   80 	inc	de
   0016 13            [ 6]   81 	inc	de
   0017 AF            [ 4]   82 	xor	a, a
   0018 12            [ 7]   83 	ld	(de), a
                             84 ;src/entities/enemy.c:13: enemy->vy = 0;
   0019 59            [ 4]   85 	ld	e, c
   001A 50            [ 4]   86 	ld	d, b
   001B 13            [ 6]   87 	inc	de
   001C 13            [ 6]   88 	inc	de
   001D 13            [ 6]   89 	inc	de
   001E AF            [ 4]   90 	xor	a, a
   001F 12            [ 7]   91 	ld	(de), a
                             92 ;src/entities/enemy.c:14: enemy->w = 4;
   0020 21 04 00      [10]   93 	ld	hl, #0x0004
   0023 09            [11]   94 	add	hl, bc
   0024 36 04         [10]   95 	ld	(hl), #0x04
                             96 ;src/entities/enemy.c:15: enemy->h = 16;
   0026 21 05 00      [10]   97 	ld	hl, #0x0005
   0029 09            [11]   98 	add	hl, bc
   002A 36 10         [10]   99 	ld	(hl), #0x10
                            100 ;src/entities/enemy.c:16: enemy->active = 0;
   002C 21 06 00      [10]  101 	ld	hl, #0x0006
   002F 09            [11]  102 	add	hl, bc
   0030 36 00         [10]  103 	ld	(hl), #0x00
                            104 ;src/entities/enemy.c:17: enemy->health = 1;
   0032 21 07 00      [10]  105 	ld	hl, #0x0007
   0035 09            [11]  106 	add	hl, bc
   0036 36 01         [10]  107 	ld	(hl), #0x01
                            108 ;src/entities/enemy.c:18: enemy->reward = 100;
   0038 21 08 00      [10]  109 	ld	hl, #0x0008
   003B 09            [11]  110 	add	hl, bc
   003C 36 64         [10]  111 	ld	(hl), #0x64
                            112 ;src/entities/enemy.c:19: enemy->kind = 0;
   003E 21 09 00      [10]  113 	ld	hl, #0x0009
   0041 09            [11]  114 	add	hl, bc
   0042 36 00         [10]  115 	ld	(hl), #0x00
   0044 C9            [10]  116 	ret
                            117 ;src/entities/enemy.c:22: void enemyspawn(Enemy* enemy, u8 x, u8 y, u8 kind, u8 move_right) {
                            118 ;	---------------------------------
                            119 ; Function enemyspawn
                            120 ; ---------------------------------
   0045                     121 _enemyspawn::
   0045 DD E5         [15]  122 	push	ix
   0047 DD 21 00 00   [14]  123 	ld	ix,#0
   004B DD 39         [15]  124 	add	ix,sp
   004D 21 F1 FF      [10]  125 	ld	hl, #-15
   0050 39            [11]  126 	add	hl, sp
   0051 F9            [ 6]  127 	ld	sp, hl
                            128 ;src/entities/enemy.c:23: if (!enemy) {
   0052 DD 7E 05      [19]  129 	ld	a, 5 (ix)
   0055 DD B6 04      [19]  130 	or	a,4 (ix)
                            131 ;src/entities/enemy.c:24: return;
   0058 CAr12r02      [10]  132 	jp	Z,00112$
                            133 ;src/entities/enemy.c:27: enemy->x = x;
   005B DD 7E 04      [19]  134 	ld	a, 4 (ix)
   005E DD 77 F7      [19]  135 	ld	-9 (ix), a
   0061 DD 7E 05      [19]  136 	ld	a, 5 (ix)
   0064 DD 77 F8      [19]  137 	ld	-8 (ix), a
   0067 DD 6E F7      [19]  138 	ld	l,-9 (ix)
   006A DD 66 F8      [19]  139 	ld	h,-8 (ix)
   006D DD 7E 06      [19]  140 	ld	a, 6 (ix)
   0070 77            [ 7]  141 	ld	(hl), a
                            142 ;src/entities/enemy.c:28: enemy->y = y;
   0071 DD 4E F7      [19]  143 	ld	c,-9 (ix)
   0074 DD 46 F8      [19]  144 	ld	b,-8 (ix)
   0077 03            [ 6]  145 	inc	bc
   0078 DD 7E 07      [19]  146 	ld	a, 7 (ix)
   007B 02            [ 7]  147 	ld	(bc), a
                            148 ;src/entities/enemy.c:29: enemy->vx = move_right ? 1 : -1;
   007C DD 7E F7      [19]  149 	ld	a, -9 (ix)
   007F C6 02         [ 7]  150 	add	a, #0x02
   0081 DD 77 F3      [19]  151 	ld	-13 (ix), a
   0084 DD 7E F8      [19]  152 	ld	a, -8 (ix)
   0087 CE 00         [ 7]  153 	adc	a, #0x00
   0089 DD 77 F4      [19]  154 	ld	-12 (ix), a
   008C DD 7E 09      [19]  155 	ld	a, 9 (ix)
   008F B7            [ 4]  156 	or	a, a
   0090 28 04         [12]  157 	jr	Z,00114$
   0092 0E 01         [ 7]  158 	ld	c, #0x01
   0094 18 02         [12]  159 	jr	00115$
   0096                     160 00114$:
   0096 0E FF         [ 7]  161 	ld	c, #0xff
   0098                     162 00115$:
   0098 DD 6E F3      [19]  163 	ld	l,-13 (ix)
   009B DD 66 F4      [19]  164 	ld	h,-12 (ix)
   009E 71            [ 7]  165 	ld	(hl), c
                            166 ;src/entities/enemy.c:30: enemy->vy = 0;
   009F DD 7E F7      [19]  167 	ld	a, -9 (ix)
   00A2 C6 03         [ 7]  168 	add	a, #0x03
   00A4 DD 77 F5      [19]  169 	ld	-11 (ix), a
   00A7 DD 7E F8      [19]  170 	ld	a, -8 (ix)
   00AA CE 00         [ 7]  171 	adc	a, #0x00
   00AC DD 77 F6      [19]  172 	ld	-10 (ix), a
   00AF DD 6E F5      [19]  173 	ld	l,-11 (ix)
   00B2 DD 66 F6      [19]  174 	ld	h,-10 (ix)
   00B5 36 00         [10]  175 	ld	(hl), #0x00
                            176 ;src/entities/enemy.c:31: enemy->active = 1;
   00B7 DD 7E F7      [19]  177 	ld	a, -9 (ix)
   00BA C6 06         [ 7]  178 	add	a, #0x06
   00BC DD 77 FE      [19]  179 	ld	-2 (ix), a
   00BF DD 7E F8      [19]  180 	ld	a, -8 (ix)
   00C2 CE 00         [ 7]  181 	adc	a, #0x00
   00C4 DD 77 FF      [19]  182 	ld	-1 (ix), a
   00C7 DD 6E FE      [19]  183 	ld	l,-2 (ix)
   00CA DD 66 FF      [19]  184 	ld	h,-1 (ix)
   00CD 36 01         [10]  185 	ld	(hl), #0x01
                            186 ;src/entities/enemy.c:32: enemy->kind = kind;
   00CF DD 7E F7      [19]  187 	ld	a, -9 (ix)
   00D2 C6 09         [ 7]  188 	add	a, #0x09
   00D4 DD 77 FE      [19]  189 	ld	-2 (ix), a
   00D7 DD 7E F8      [19]  190 	ld	a, -8 (ix)
   00DA CE 00         [ 7]  191 	adc	a, #0x00
   00DC DD 77 FF      [19]  192 	ld	-1 (ix), a
   00DF DD 6E FE      [19]  193 	ld	l,-2 (ix)
   00E2 DD 66 FF      [19]  194 	ld	h,-1 (ix)
   00E5 DD 7E 08      [19]  195 	ld	a, 8 (ix)
   00E8 77            [ 7]  196 	ld	(hl), a
                            197 ;src/entities/enemy.c:35: enemy->w = 5;
   00E9 DD 7E F7      [19]  198 	ld	a, -9 (ix)
   00EC C6 04         [ 7]  199 	add	a, #0x04
   00EE DD 77 FE      [19]  200 	ld	-2 (ix), a
   00F1 DD 7E F8      [19]  201 	ld	a, -8 (ix)
   00F4 CE 00         [ 7]  202 	adc	a, #0x00
   00F6 DD 77 FF      [19]  203 	ld	-1 (ix), a
                            204 ;src/entities/enemy.c:36: enemy->h = 14;
   00F9 DD 7E F7      [19]  205 	ld	a, -9 (ix)
   00FC C6 05         [ 7]  206 	add	a, #0x05
   00FE DD 77 FA      [19]  207 	ld	-6 (ix), a
   0101 DD 7E F8      [19]  208 	ld	a, -8 (ix)
   0104 CE 00         [ 7]  209 	adc	a, #0x00
   0106 DD 77 FB      [19]  210 	ld	-5 (ix), a
                            211 ;src/entities/enemy.c:37: enemy->health = 2;
   0109 DD 7E F7      [19]  212 	ld	a, -9 (ix)
   010C C6 07         [ 7]  213 	add	a, #0x07
   010E DD 77 FC      [19]  214 	ld	-4 (ix), a
   0111 DD 7E F8      [19]  215 	ld	a, -8 (ix)
   0114 CE 00         [ 7]  216 	adc	a, #0x00
   0116 DD 77 FD      [19]  217 	ld	-3 (ix), a
                            218 ;src/entities/enemy.c:38: enemy->reward = 180;
   0119 DD 7E F7      [19]  219 	ld	a, -9 (ix)
   011C C6 08         [ 7]  220 	add	a, #0x08
   011E DD 77 F7      [19]  221 	ld	-9 (ix), a
   0121 DD 7E F8      [19]  222 	ld	a, -8 (ix)
   0124 CE 00         [ 7]  223 	adc	a, #0x00
   0126 DD 77 F8      [19]  224 	ld	-8 (ix), a
                            225 ;src/entities/enemy.c:34: if (kind == 1) {
   0129 DD 7E 08      [19]  226 	ld	a, 8 (ix)
   012C 3D            [ 4]  227 	dec	a
   012D 20 45         [12]  228 	jr	NZ,00110$
                            229 ;src/entities/enemy.c:35: enemy->w = 5;
   012F DD 6E FE      [19]  230 	ld	l,-2 (ix)
   0132 DD 66 FF      [19]  231 	ld	h,-1 (ix)
   0135 36 05         [10]  232 	ld	(hl), #0x05
                            233 ;src/entities/enemy.c:36: enemy->h = 14;
   0137 DD 6E FA      [19]  234 	ld	l,-6 (ix)
   013A DD 66 FB      [19]  235 	ld	h,-5 (ix)
   013D 36 0E         [10]  236 	ld	(hl), #0x0e
                            237 ;src/entities/enemy.c:37: enemy->health = 2;
   013F DD 6E FC      [19]  238 	ld	l,-4 (ix)
   0142 DD 66 FD      [19]  239 	ld	h,-3 (ix)
   0145 36 02         [10]  240 	ld	(hl), #0x02
                            241 ;src/entities/enemy.c:38: enemy->reward = 180;
   0147 DD 6E F7      [19]  242 	ld	l,-9 (ix)
   014A DD 66 F8      [19]  243 	ld	h,-8 (ix)
   014D 36 B4         [10]  244 	ld	(hl), #0xb4
                            245 ;src/entities/enemy.c:39: enemy->vx = move_right ? 2 : -2;
   014F DD 7E F3      [19]  246 	ld	a, -13 (ix)
   0152 DD 77 F1      [19]  247 	ld	-15 (ix), a
   0155 DD 7E F4      [19]  248 	ld	a, -12 (ix)
   0158 DD 77 F2      [19]  249 	ld	-14 (ix), a
   015B DD 7E 09      [19]  250 	ld	a, 9 (ix)
   015E B7            [ 4]  251 	or	a, a
   015F 28 06         [12]  252 	jr	Z,00116$
   0161 DD 36 F9 02   [19]  253 	ld	-7 (ix), #0x02
   0165 18 04         [12]  254 	jr	00117$
   0167                     255 00116$:
   0167 DD 36 F9 FE   [19]  256 	ld	-7 (ix), #0xfe
   016B                     257 00117$:
   016B E1            [10]  258 	pop	hl
   016C E5            [11]  259 	push	hl
   016D DD 7E F9      [19]  260 	ld	a, -7 (ix)
   0170 77            [ 7]  261 	ld	(hl), a
   0171 C3r12r02      [10]  262 	jp	00112$
   0174                     263 00110$:
                            264 ;src/entities/enemy.c:40: } else if (kind == 2) {
   0174 DD 7E 08      [19]  265 	ld	a, 8 (ix)
   0177 D6 02         [ 7]  266 	sub	a, #0x02
   0179 20 3D         [12]  267 	jr	NZ,00107$
                            268 ;src/entities/enemy.c:41: enemy->w = 6;
   017B DD 6E FE      [19]  269 	ld	l,-2 (ix)
   017E DD 66 FF      [19]  270 	ld	h,-1 (ix)
   0181 36 06         [10]  271 	ld	(hl), #0x06
                            272 ;src/entities/enemy.c:42: enemy->h = 10;
   0183 DD 6E FA      [19]  273 	ld	l,-6 (ix)
   0186 DD 66 FB      [19]  274 	ld	h,-5 (ix)
   0189 36 0A         [10]  275 	ld	(hl), #0x0a
                            276 ;src/entities/enemy.c:43: enemy->health = 1;
   018B DD 6E FC      [19]  277 	ld	l,-4 (ix)
   018E DD 66 FD      [19]  278 	ld	h,-3 (ix)
   0191 36 01         [10]  279 	ld	(hl), #0x01
                            280 ;src/entities/enemy.c:44: enemy->reward = 150;
   0193 DD 6E F7      [19]  281 	ld	l,-9 (ix)
   0196 DD 66 F8      [19]  282 	ld	h,-8 (ix)
   0199 36 96         [10]  283 	ld	(hl), #0x96
                            284 ;src/entities/enemy.c:45: enemy->vy = move_right ? 1 : -1;
   019B DD 4E F5      [19]  285 	ld	c,-11 (ix)
   019E DD 46 F6      [19]  286 	ld	b,-10 (ix)
   01A1 DD 7E 09      [19]  287 	ld	a, 9 (ix)
   01A4 B7            [ 4]  288 	or	a, a
   01A5 28 04         [12]  289 	jr	Z,00118$
   01A7 3E 01         [ 7]  290 	ld	a, #0x01
   01A9 18 02         [12]  291 	jr	00119$
   01AB                     292 00118$:
   01AB 3E FF         [ 7]  293 	ld	a, #0xff
   01AD                     294 00119$:
   01AD 02            [ 7]  295 	ld	(bc), a
                            296 ;src/entities/enemy.c:46: enemy->vx = 1;
   01AE DD 6E F3      [19]  297 	ld	l,-13 (ix)
   01B1 DD 66 F4      [19]  298 	ld	h,-12 (ix)
   01B4 36 01         [10]  299 	ld	(hl), #0x01
   01B6 18 5A         [12]  300 	jr	00112$
   01B8                     301 00107$:
                            302 ;src/entities/enemy.c:47: } else if (kind == 3) {
   01B8 DD 7E 08      [19]  303 	ld	a, 8 (ix)
   01BB D6 03         [ 7]  304 	sub	a, #0x03
   01BD 20 33         [12]  305 	jr	NZ,00104$
                            306 ;src/entities/enemy.c:48: enemy->w = 10;
   01BF DD 6E FE      [19]  307 	ld	l,-2 (ix)
   01C2 DD 66 FF      [19]  308 	ld	h,-1 (ix)
   01C5 36 0A         [10]  309 	ld	(hl), #0x0a
                            310 ;src/entities/enemy.c:49: enemy->h = 18;
   01C7 DD 6E FA      [19]  311 	ld	l,-6 (ix)
   01CA DD 66 FB      [19]  312 	ld	h,-5 (ix)
   01CD 36 12         [10]  313 	ld	(hl), #0x12
                            314 ;src/entities/enemy.c:50: enemy->health = 8;
   01CF DD 6E FC      [19]  315 	ld	l,-4 (ix)
   01D2 DD 66 FD      [19]  316 	ld	h,-3 (ix)
   01D5 36 08         [10]  317 	ld	(hl), #0x08
                            318 ;src/entities/enemy.c:51: enemy->reward = 800;
   01D7 DD 6E F7      [19]  319 	ld	l,-9 (ix)
   01DA DD 66 F8      [19]  320 	ld	h,-8 (ix)
   01DD 36 20         [10]  321 	ld	(hl), #0x20
                            322 ;src/entities/enemy.c:52: enemy->vx = move_right ? 1 : -1;
   01DF D1            [10]  323 	pop	de
   01E0 C1            [10]  324 	pop	bc
   01E1 C5            [11]  325 	push	bc
   01E2 D5            [11]  326 	push	de
   01E3 DD 7E 09      [19]  327 	ld	a, 9 (ix)
   01E6 B7            [ 4]  328 	or	a, a
   01E7 28 04         [12]  329 	jr	Z,00120$
   01E9 3E 01         [ 7]  330 	ld	a, #0x01
   01EB 18 02         [12]  331 	jr	00121$
   01ED                     332 00120$:
   01ED 3E FF         [ 7]  333 	ld	a, #0xff
   01EF                     334 00121$:
   01EF 02            [ 7]  335 	ld	(bc), a
   01F0 18 20         [12]  336 	jr	00112$
   01F2                     337 00104$:
                            338 ;src/entities/enemy.c:54: enemy->w = 4;
   01F2 DD 6E FE      [19]  339 	ld	l,-2 (ix)
   01F5 DD 66 FF      [19]  340 	ld	h,-1 (ix)
   01F8 36 04         [10]  341 	ld	(hl), #0x04
                            342 ;src/entities/enemy.c:55: enemy->h = 16;
   01FA DD 6E FA      [19]  343 	ld	l,-6 (ix)
   01FD DD 66 FB      [19]  344 	ld	h,-5 (ix)
   0200 36 10         [10]  345 	ld	(hl), #0x10
                            346 ;src/entities/enemy.c:56: enemy->health = 1;
   0202 DD 6E FC      [19]  347 	ld	l,-4 (ix)
   0205 DD 66 FD      [19]  348 	ld	h,-3 (ix)
   0208 36 01         [10]  349 	ld	(hl), #0x01
                            350 ;src/entities/enemy.c:57: enemy->reward = 100;
   020A DD 6E F7      [19]  351 	ld	l,-9 (ix)
   020D DD 66 F8      [19]  352 	ld	h,-8 (ix)
   0210 36 64         [10]  353 	ld	(hl), #0x64
   0212                     354 00112$:
   0212 DD F9         [10]  355 	ld	sp, ix
   0214 DD E1         [14]  356 	pop	ix
   0216 C9            [10]  357 	ret
                            358 ;src/entities/enemy.c:61: void enemyupdate(Enemy* enemy) {
                            359 ;	---------------------------------
                            360 ; Function enemyupdate
                            361 ; ---------------------------------
   0217                     362 _enemyupdate::
   0217 DD E5         [15]  363 	push	ix
   0219 DD 21 00 00   [14]  364 	ld	ix,#0
   021D DD 39         [15]  365 	add	ix,sp
   021F 21 F6 FF      [10]  366 	ld	hl, #-10
   0222 39            [11]  367 	add	hl, sp
   0223 F9            [ 6]  368 	ld	sp, hl
                            369 ;src/entities/enemy.c:65: if (!enemy || !enemy->active) {
   0224 DD 7E 05      [19]  370 	ld	a, 5 (ix)
   0227 DD B6 04      [19]  371 	or	a,4 (ix)
   022A CAr09r04      [10]  372 	jp	Z,00121$
   022D DD 7E 04      [19]  373 	ld	a, 4 (ix)
   0230 DD 77 F8      [19]  374 	ld	-8 (ix), a
   0233 DD 7E 05      [19]  375 	ld	a, 5 (ix)
   0236 DD 77 F9      [19]  376 	ld	-7 (ix), a
   0239 C1            [10]  377 	pop	bc
   023A E1            [10]  378 	pop	hl
   023B E5            [11]  379 	push	hl
   023C C5            [11]  380 	push	bc
   023D 11 06 00      [10]  381 	ld	de, #0x0006
   0240 19            [11]  382 	add	hl, de
   0241 7E            [ 7]  383 	ld	a, (hl)
   0242 B7            [ 4]  384 	or	a, a
                            385 ;src/entities/enemy.c:66: return;
   0243 CAr09r04      [10]  386 	jp	Z,00121$
                            387 ;src/entities/enemy.c:69: if (enemy->kind == 2) {
   0246 C1            [10]  388 	pop	bc
   0247 E1            [10]  389 	pop	hl
   0248 E5            [11]  390 	push	hl
   0249 C5            [11]  391 	push	bc
   024A 11 09 00      [10]  392 	ld	de, #0x0009
   024D 19            [11]  393 	add	hl, de
   024E 7E            [ 7]  394 	ld	a, (hl)
   024F DD 77 FF      [19]  395 	ld	-1 (ix), a
                            396 ;src/entities/enemy.c:70: nextx = (i16)enemy->x + (i16)enemy->vx;
   0252 DD 6E F8      [19]  397 	ld	l,-8 (ix)
   0255 DD 66 F9      [19]  398 	ld	h,-7 (ix)
   0258 4E            [ 7]  399 	ld	c, (hl)
   0259 DD 7E F8      [19]  400 	ld	a, -8 (ix)
   025C C6 02         [ 7]  401 	add	a, #0x02
   025E DD 77 FB      [19]  402 	ld	-5 (ix), a
   0261 DD 7E F9      [19]  403 	ld	a, -7 (ix)
   0264 CE 00         [ 7]  404 	adc	a, #0x00
   0266 DD 77 FC      [19]  405 	ld	-4 (ix), a
                            406 ;src/entities/enemy.c:71: nexty = (i16)enemy->y + (i16)enemy->vy;
   0269 DD 7E F8      [19]  407 	ld	a, -8 (ix)
   026C C6 01         [ 7]  408 	add	a, #0x01
   026E DD 77 FD      [19]  409 	ld	-3 (ix), a
   0271 DD 7E F9      [19]  410 	ld	a, -7 (ix)
   0274 CE 00         [ 7]  411 	adc	a, #0x00
   0276 DD 77 FE      [19]  412 	ld	-2 (ix), a
   0279 DD 5E F8      [19]  413 	ld	e,-8 (ix)
   027C DD 56 F9      [19]  414 	ld	d,-7 (ix)
   027F 13            [ 6]  415 	inc	de
   0280 13            [ 6]  416 	inc	de
   0281 13            [ 6]  417 	inc	de
                            418 ;src/entities/enemy.c:70: nextx = (i16)enemy->x + (i16)enemy->vx;
   0282 06 00         [ 7]  419 	ld	b, #0x00
   0284 DD 6E FB      [19]  420 	ld	l,-5 (ix)
   0287 DD 66 FC      [19]  421 	ld	h,-4 (ix)
   028A 7E            [ 7]  422 	ld	a, (hl)
   028B DD 77 FA      [19]  423 	ld	-6 (ix), a
   028E 6F            [ 4]  424 	ld	l, a
   028F DD 7E FA      [19]  425 	ld	a, -6 (ix)
   0292 17            [ 4]  426 	rla
   0293 9F            [ 4]  427 	sbc	a, a
   0294 67            [ 4]  428 	ld	h, a
   0295 09            [11]  429 	add	hl,bc
   0296 4D            [ 4]  430 	ld	c, l
   0297 44            [ 4]  431 	ld	b, h
                            432 ;src/entities/enemy.c:69: if (enemy->kind == 2) {
   0298 DD 7E FF      [19]  433 	ld	a, -1 (ix)
   029B D6 02         [ 7]  434 	sub	a, #0x02
   029D C2r46r03      [10]  435 	jp	NZ,00111$
                            436 ;src/entities/enemy.c:70: nextx = (i16)enemy->x + (i16)enemy->vx;
                            437 ;src/entities/enemy.c:71: nexty = (i16)enemy->y + (i16)enemy->vy;
   02A0 DD 6E FD      [19]  438 	ld	l,-3 (ix)
   02A3 DD 66 FE      [19]  439 	ld	h,-2 (ix)
   02A6 6E            [ 7]  440 	ld	l, (hl)
   02A7 DD 75 F6      [19]  441 	ld	-10 (ix), l
   02AA DD 36 F7 00   [19]  442 	ld	-9 (ix), #0x00
   02AE 1A            [ 7]  443 	ld	a, (de)
   02AF 6F            [ 4]  444 	ld	l, a
   02B0 17            [ 4]  445 	rla
   02B1 9F            [ 4]  446 	sbc	a, a
   02B2 67            [ 4]  447 	ld	h, a
   02B3 DD 7E F6      [19]  448 	ld	a, -10 (ix)
   02B6 85            [ 4]  449 	add	a, l
   02B7 DD 77 F6      [19]  450 	ld	-10 (ix), a
   02BA DD 7E F7      [19]  451 	ld	a, -9 (ix)
   02BD 8C            [ 4]  452 	adc	a, h
   02BE DD 77 F7      [19]  453 	ld	-9 (ix), a
                            454 ;src/entities/enemy.c:73: if (nextx < 8 || nextx > 72) {
   02C1 79            [ 4]  455 	ld	a, c
   02C2 D6 08         [ 7]  456 	sub	a, #0x08
   02C4 78            [ 4]  457 	ld	a, b
   02C5 17            [ 4]  458 	rla
   02C6 3F            [ 4]  459 	ccf
   02C7 1F            [ 4]  460 	rra
   02C8 DE 80         [ 7]  461 	sbc	a, #0x80
   02CA 38 0E         [12]  462 	jr	C,00104$
   02CC 3E 48         [ 7]  463 	ld	a, #0x48
   02CE B9            [ 4]  464 	cp	a, c
   02CF 3E 00         [ 7]  465 	ld	a, #0x00
   02D1 98            [ 4]  466 	sbc	a, b
   02D2 E2rD7r02      [10]  467 	jp	PO, 00161$
   02D5 EE 80         [ 7]  468 	xor	a, #0x80
   02D7                     469 00161$:
   02D7 F2rF5r02      [10]  470 	jp	P, 00105$
   02DA                     471 00104$:
                            472 ;src/entities/enemy.c:74: enemy->vx = (i8)(-enemy->vx);
   02DA AF            [ 4]  473 	xor	a, a
   02DB DD 96 FA      [19]  474 	sub	a, -6 (ix)
   02DE 4F            [ 4]  475 	ld	c, a
   02DF DD 6E FB      [19]  476 	ld	l,-5 (ix)
   02E2 DD 66 FC      [19]  477 	ld	h,-4 (ix)
   02E5 71            [ 7]  478 	ld	(hl), c
                            479 ;src/entities/enemy.c:75: nextx = (i16)enemy->x + (i16)enemy->vx;
   02E6 DD 6E F8      [19]  480 	ld	l,-8 (ix)
   02E9 DD 66 F9      [19]  481 	ld	h,-7 (ix)
   02EC 6E            [ 7]  482 	ld	l, (hl)
   02ED 26 00         [ 7]  483 	ld	h, #0x00
   02EF 79            [ 4]  484 	ld	a, c
   02F0 17            [ 4]  485 	rla
   02F1 9F            [ 4]  486 	sbc	a, a
   02F2 47            [ 4]  487 	ld	b, a
   02F3 09            [11]  488 	add	hl,bc
   02F4 4D            [ 4]  489 	ld	c, l
   02F5                     490 00105$:
                            491 ;src/entities/enemy.c:77: if (nexty < 56 || nexty > 120) {
   02F5 DD 7E F6      [19]  492 	ld	a, -10 (ix)
   02F8 D6 38         [ 7]  493 	sub	a, #0x38
   02FA DD 7E F7      [19]  494 	ld	a, -9 (ix)
   02FD 17            [ 4]  495 	rla
   02FE 3F            [ 4]  496 	ccf
   02FF 1F            [ 4]  497 	rra
   0300 DE 80         [ 7]  498 	sbc	a, #0x80
   0302 38 12         [12]  499 	jr	C,00107$
   0304 3E 78         [ 7]  500 	ld	a, #0x78
   0306 DD BE F6      [19]  501 	cp	a, -10 (ix)
   0309 3E 00         [ 7]  502 	ld	a, #0x00
   030B DD 9E F7      [19]  503 	sbc	a, -9 (ix)
   030E E2r13r03      [10]  504 	jp	PO, 00162$
   0311 EE 80         [ 7]  505 	xor	a, #0x80
   0313                     506 00162$:
   0313 F2r32r03      [10]  507 	jp	P, 00108$
   0316                     508 00107$:
                            509 ;src/entities/enemy.c:78: enemy->vy = (i8)(-enemy->vy);
   0316 1A            [ 7]  510 	ld	a, (de)
   0317 6F            [ 4]  511 	ld	l, a
   0318 AF            [ 4]  512 	xor	a, a
   0319 95            [ 4]  513 	sub	a, l
   031A DD 77 FA      [19]  514 	ld	-6 (ix), a
   031D 12            [ 7]  515 	ld	(de),a
                            516 ;src/entities/enemy.c:79: nexty = (i16)enemy->y + (i16)enemy->vy;
   031E DD 6E FD      [19]  517 	ld	l,-3 (ix)
   0321 DD 66 FE      [19]  518 	ld	h,-2 (ix)
   0324 5E            [ 7]  519 	ld	e, (hl)
   0325 16 00         [ 7]  520 	ld	d, #0x00
   0327 DD 6E FA      [19]  521 	ld	l, -6 (ix)
   032A DD 7E FA      [19]  522 	ld	a, -6 (ix)
   032D 17            [ 4]  523 	rla
   032E 9F            [ 4]  524 	sbc	a, a
   032F 67            [ 4]  525 	ld	h, a
   0330 19            [11]  526 	add	hl,de
   0331 E3            [19]  527 	ex	(sp), hl
   0332                     528 00108$:
                            529 ;src/entities/enemy.c:82: enemy->x = (u8)nextx;
   0332 DD 6E F8      [19]  530 	ld	l,-8 (ix)
   0335 DD 66 F9      [19]  531 	ld	h,-7 (ix)
   0338 71            [ 7]  532 	ld	(hl), c
                            533 ;src/entities/enemy.c:83: enemy->y = (u8)nexty;
   0339 DD 4E F6      [19]  534 	ld	c, -10 (ix)
   033C DD 6E FD      [19]  535 	ld	l,-3 (ix)
   033F DD 66 FE      [19]  536 	ld	h,-2 (ix)
   0342 71            [ 7]  537 	ld	(hl), c
                            538 ;src/entities/enemy.c:84: return;
   0343 C3r09r04      [10]  539 	jp	00121$
   0346                     540 00111$:
                            541 ;src/entities/enemy.c:87: nextx = (i16)enemy->x + (i16)enemy->vx;
                            542 ;src/entities/enemy.c:88: if (nextx < 2) {
   0346 79            [ 4]  543 	ld	a, c
   0347 D6 02         [ 7]  544 	sub	a, #0x02
   0349 78            [ 4]  545 	ld	a, b
   034A 17            [ 4]  546 	rla
   034B 3F            [ 4]  547 	ccf
   034C 1F            [ 4]  548 	rra
   034D DE 80         [ 7]  549 	sbc	a, #0x80
   034F 30 0B         [12]  550 	jr	NC,00113$
                            551 ;src/entities/enemy.c:89: nextx = 2;
   0351 01 02 00      [10]  552 	ld	bc, #0x0002
                            553 ;src/entities/enemy.c:90: enemy->vx = 1;
   0354 DD 6E FB      [19]  554 	ld	l,-5 (ix)
   0357 DD 66 FC      [19]  555 	ld	h,-4 (ix)
   035A 36 01         [10]  556 	ld	(hl), #0x01
   035C                     557 00113$:
                            558 ;src/entities/enemy.c:92: if (nextx > 74) {
   035C 3E 4A         [ 7]  559 	ld	a, #0x4a
   035E B9            [ 4]  560 	cp	a, c
   035F 3E 00         [ 7]  561 	ld	a, #0x00
   0361 98            [ 4]  562 	sbc	a, b
   0362 E2r67r03      [10]  563 	jp	PO, 00163$
   0365 EE 80         [ 7]  564 	xor	a, #0x80
   0367                     565 00163$:
   0367 F2r75r03      [10]  566 	jp	P, 00115$
                            567 ;src/entities/enemy.c:93: nextx = 74;
   036A 01 4A 00      [10]  568 	ld	bc, #0x004a
                            569 ;src/entities/enemy.c:94: enemy->vx = -1;
   036D DD 6E FB      [19]  570 	ld	l,-5 (ix)
   0370 DD 66 FC      [19]  571 	ld	h,-4 (ix)
   0373 36 FF         [10]  572 	ld	(hl), #0xff
   0375                     573 00115$:
                            574 ;src/entities/enemy.c:96: enemy->x = (u8)nextx;
   0375 DD 6E F8      [19]  575 	ld	l,-8 (ix)
   0378 DD 66 F9      [19]  576 	ld	h,-7 (ix)
   037B 71            [ 7]  577 	ld	(hl), c
                            578 ;src/entities/enemy.c:98: enemy->vy = (i8)(enemy->vy + 1);
   037C 1A            [ 7]  579 	ld	a, (de)
   037D 4F            [ 4]  580 	ld	c, a
   037E 0C            [ 4]  581 	inc	c
   037F 79            [ 4]  582 	ld	a, c
   0380 12            [ 7]  583 	ld	(de), a
                            584 ;src/entities/enemy.c:99: if (enemy->vy > 3) enemy->vy = 3;
   0381 3E 03         [ 7]  585 	ld	a, #0x03
   0383 91            [ 4]  586 	sub	a, c
   0384 E2r89r03      [10]  587 	jp	PO, 00164$
   0387 EE 80         [ 7]  588 	xor	a, #0x80
   0389                     589 00164$:
   0389 F2r8Fr03      [10]  590 	jp	P, 00117$
   038C 3E 03         [ 7]  591 	ld	a, #0x03
   038E 12            [ 7]  592 	ld	(de), a
   038F                     593 00117$:
                            594 ;src/entities/enemy.c:100: nexty = (i16)enemy->y + (i16)enemy->vy;
   038F DD 6E FD      [19]  595 	ld	l,-3 (ix)
   0392 DD 66 FE      [19]  596 	ld	h,-2 (ix)
   0395 4E            [ 7]  597 	ld	c, (hl)
   0396 06 00         [ 7]  598 	ld	b, #0x00
   0398 1A            [ 7]  599 	ld	a, (de)
   0399 6F            [ 4]  600 	ld	l, a
   039A 17            [ 4]  601 	rla
   039B 9F            [ 4]  602 	sbc	a, a
   039C 67            [ 4]  603 	ld	h, a
   039D 09            [11]  604 	add	hl, bc
   039E E5            [11]  605 	push	hl
   039F FD E1         [14]  606 	pop	iy
                            607 ;src/entities/enemy.c:101: nexty = collision_clamp_y_at((i16)enemy->x, nexty, enemy->h);
   03A1 DD 7E F8      [19]  608 	ld	a, -8 (ix)
   03A4 C6 05         [ 7]  609 	add	a, #0x05
   03A6 DD 77 F6      [19]  610 	ld	-10 (ix), a
   03A9 DD 7E F9      [19]  611 	ld	a, -7 (ix)
   03AC CE 00         [ 7]  612 	adc	a, #0x00
   03AE DD 77 F7      [19]  613 	ld	-9 (ix), a
   03B1 E1            [10]  614 	pop	hl
   03B2 E5            [11]  615 	push	hl
   03B3 7E            [ 7]  616 	ld	a, (hl)
   03B4 DD 6E F8      [19]  617 	ld	l,-8 (ix)
   03B7 DD 66 F9      [19]  618 	ld	h,-7 (ix)
   03BA 4E            [ 7]  619 	ld	c, (hl)
   03BB 06 00         [ 7]  620 	ld	b, #0x00
   03BD D5            [11]  621 	push	de
   03BE F5            [11]  622 	push	af
   03BF 33            [ 6]  623 	inc	sp
   03C0 FD E5         [15]  624 	push	iy
   03C2 C5            [11]  625 	push	bc
   03C3 CDr00r00      [17]  626 	call	_collision_clamp_y_at
   03C6 F1            [10]  627 	pop	af
   03C7 F1            [10]  628 	pop	af
   03C8 33            [ 6]  629 	inc	sp
   03C9 4D            [ 4]  630 	ld	c, l
   03CA D1            [10]  631 	pop	de
                            632 ;src/entities/enemy.c:102: enemy->y = (u8)nexty;
   03CB DD 6E FD      [19]  633 	ld	l,-3 (ix)
   03CE DD 66 FE      [19]  634 	ld	h,-2 (ix)
   03D1 71            [ 7]  635 	ld	(hl), c
                            636 ;src/entities/enemy.c:103: if (collision_is_on_ground_at((i16)enemy->x, (i16)enemy->y, enemy->h) && enemy->vy > 0) {
   03D2 E1            [10]  637 	pop	hl
   03D3 E5            [11]  638 	push	hl
   03D4 7E            [ 7]  639 	ld	a, (hl)
   03D5 06 00         [ 7]  640 	ld	b, #0x00
   03D7 DD 6E F8      [19]  641 	ld	l,-8 (ix)
   03DA DD 66 F9      [19]  642 	ld	h,-7 (ix)
   03DD 6E            [ 7]  643 	ld	l, (hl)
   03DE DD 75 F6      [19]  644 	ld	-10 (ix), l
   03E1 DD 36 F7 00   [19]  645 	ld	-9 (ix), #0x00
   03E5 D5            [11]  646 	push	de
   03E6 F5            [11]  647 	push	af
   03E7 33            [ 6]  648 	inc	sp
   03E8 C5            [11]  649 	push	bc
   03E9 DD 6E F6      [19]  650 	ld	l,-10 (ix)
   03EC DD 66 F7      [19]  651 	ld	h,-9 (ix)
   03EF E5            [11]  652 	push	hl
   03F0 CDr00r00      [17]  653 	call	_collision_is_on_ground_at
   03F3 F1            [10]  654 	pop	af
   03F4 F1            [10]  655 	pop	af
   03F5 33            [ 6]  656 	inc	sp
   03F6 D1            [10]  657 	pop	de
   03F7 7D            [ 4]  658 	ld	a, l
   03F8 B7            [ 4]  659 	or	a, a
   03F9 28 0E         [12]  660 	jr	Z,00121$
   03FB 1A            [ 7]  661 	ld	a, (de)
   03FC 4F            [ 4]  662 	ld	c, a
   03FD AF            [ 4]  663 	xor	a, a
   03FE 91            [ 4]  664 	sub	a, c
   03FF E2r04r04      [10]  665 	jp	PO, 00165$
   0402 EE 80         [ 7]  666 	xor	a, #0x80
   0404                     667 00165$:
   0404 F2r09r04      [10]  668 	jp	P, 00121$
                            669 ;src/entities/enemy.c:104: enemy->vy = 0;
   0407 AF            [ 4]  670 	xor	a, a
   0408 12            [ 7]  671 	ld	(de), a
   0409                     672 00121$:
   0409 DD F9         [10]  673 	ld	sp, ix
   040B DD E1         [14]  674 	pop	ix
   040D C9            [10]  675 	ret
                            676 ;src/entities/enemy.c:108: void enemyrender(const Enemy* enemy) {
                            677 ;	---------------------------------
                            678 ; Function enemyrender
                            679 ; ---------------------------------
   040E                     680 _enemyrender::
   040E DD E5         [15]  681 	push	ix
   0410 DD 21 00 00   [14]  682 	ld	ix,#0
   0414 DD 39         [15]  683 	add	ix,sp
   0416 3B            [ 6]  684 	dec	sp
                            685 ;src/entities/enemy.c:112: if (!enemy || !enemy->active) {
   0417 DD 7E 05      [19]  686 	ld	a, 5 (ix)
   041A DD B6 04      [19]  687 	or	a,4 (ix)
   041D 28 65         [12]  688 	jr	Z,00113$
   041F DD 4E 04      [19]  689 	ld	c,4 (ix)
   0422 DD 46 05      [19]  690 	ld	b,5 (ix)
   0425 C5            [11]  691 	push	bc
   0426 FD E1         [14]  692 	pop	iy
   0428 FD 7E 06      [19]  693 	ld	a, 6 (iy)
   042B B7            [ 4]  694 	or	a, a
                            695 ;src/entities/enemy.c:113: return;
   042C 28 56         [12]  696 	jr	Z,00113$
                            697 ;src/entities/enemy.c:116: if (enemy->kind == 3) colour = 0x4C;
   042E C5            [11]  698 	push	bc
   042F FD E1         [14]  699 	pop	iy
   0431 FD 7E 09      [19]  700 	ld	a, 9 (iy)
   0434 FE 03         [ 7]  701 	cp	a, #0x03
   0436 20 04         [12]  702 	jr	NZ,00111$
   0438 1E 4C         [ 7]  703 	ld	e, #0x4c
   043A 18 11         [12]  704 	jr	00112$
   043C                     705 00111$:
                            706 ;src/entities/enemy.c:117: else if (enemy->kind == 2) colour = 0x5A;
   043C FE 02         [ 7]  707 	cp	a, #0x02
   043E 20 04         [12]  708 	jr	NZ,00108$
   0440 1E 5A         [ 7]  709 	ld	e, #0x5a
   0442 18 09         [12]  710 	jr	00112$
   0444                     711 00108$:
                            712 ;src/entities/enemy.c:118: else if (enemy->kind == 1) colour = 0x4E;
   0444 3D            [ 4]  713 	dec	a
   0445 20 04         [12]  714 	jr	NZ,00105$
   0447 1E 4E         [ 7]  715 	ld	e, #0x4e
   0449 18 02         [12]  716 	jr	00112$
   044B                     717 00105$:
                            718 ;src/entities/enemy.c:119: else colour = 0x5C;
   044B 1E 5C         [ 7]  719 	ld	e, #0x5c
   044D                     720 00112$:
                            721 ;src/entities/enemy.c:121: pvmem = cpct_getScreenPtr(CPCT_VMEM_START, enemy->x, enemy->y);
   044D 69            [ 4]  722 	ld	l, c
   044E 60            [ 4]  723 	ld	h, b
   044F 23            [ 6]  724 	inc	hl
   0450 56            [ 7]  725 	ld	d, (hl)
   0451 0A            [ 7]  726 	ld	a, (bc)
   0452 C5            [11]  727 	push	bc
   0453 D5            [11]  728 	push	de
   0454 5F            [ 4]  729 	ld	e, a
   0455 D5            [11]  730 	push	de
   0456 21 00 C0      [10]  731 	ld	hl, #0xc000
   0459 E5            [11]  732 	push	hl
   045A CDr00r00      [17]  733 	call	_cpct_getScreenPtr
   045D D1            [10]  734 	pop	de
   045E C1            [10]  735 	pop	bc
   045F E5            [11]  736 	push	hl
   0460 FD E1         [14]  737 	pop	iy
                            738 ;src/entities/enemy.c:122: cpct_drawSolidBox(pvmem, colour, enemy->w, enemy->h);
   0462 69            [ 4]  739 	ld	l, c
   0463 60            [ 4]  740 	ld	h, b
   0464 23            [ 6]  741 	inc	hl
   0465 23            [ 6]  742 	inc	hl
   0466 23            [ 6]  743 	inc	hl
   0467 23            [ 6]  744 	inc	hl
   0468 23            [ 6]  745 	inc	hl
   0469 7E            [ 7]  746 	ld	a, (hl)
   046A DD 77 FF      [19]  747 	ld	-1 (ix), a
   046D 69            [ 4]  748 	ld	l, c
   046E 60            [ 4]  749 	ld	h, b
   046F 01 04 00      [10]  750 	ld	bc, #0x0004
   0472 09            [11]  751 	add	hl, bc
   0473 56            [ 7]  752 	ld	d, (hl)
   0474 FD E5         [15]  753 	push	iy
   0476 C1            [10]  754 	pop	bc
   0477 DD 7E FF      [19]  755 	ld	a, -1 (ix)
   047A F5            [11]  756 	push	af
   047B 33            [ 6]  757 	inc	sp
   047C D5            [11]  758 	push	de
   047D C5            [11]  759 	push	bc
   047E CDr00r00      [17]  760 	call	_cpct_drawSolidBox
   0481 F1            [10]  761 	pop	af
   0482 F1            [10]  762 	pop	af
   0483 33            [ 6]  763 	inc	sp
   0484                     764 00113$:
   0484 33            [ 6]  765 	inc	sp
   0485 DD E1         [14]  766 	pop	ix
   0487 C9            [10]  767 	ret
                            768 ;src/entities/enemy.c:125: u8 enemydamage(Enemy* enemy, u8 damage) {
                            769 ;	---------------------------------
                            770 ; Function enemydamage
                            771 ; ---------------------------------
   0488                     772 _enemydamage::
   0488 DD E5         [15]  773 	push	ix
   048A DD 21 00 00   [14]  774 	ld	ix,#0
   048E DD 39         [15]  775 	add	ix,sp
                            776 ;src/entities/enemy.c:126: if (!enemy || !enemy->active) {
   0490 DD 7E 05      [19]  777 	ld	a, 5 (ix)
   0493 DD B6 04      [19]  778 	or	a,4 (ix)
   0496 28 0F         [12]  779 	jr	Z,00101$
   0498 DD 4E 04      [19]  780 	ld	c,4 (ix)
   049B DD 46 05      [19]  781 	ld	b,5 (ix)
   049E 21 06 00      [10]  782 	ld	hl, #0x0006
   04A1 09            [11]  783 	add	hl,bc
   04A2 EB            [ 4]  784 	ex	de,hl
   04A3 1A            [ 7]  785 	ld	a, (de)
   04A4 B7            [ 4]  786 	or	a, a
   04A5 20 04         [12]  787 	jr	NZ,00102$
   04A7                     788 00101$:
                            789 ;src/entities/enemy.c:127: return 0;
   04A7 2E 00         [ 7]  790 	ld	l, #0x00
   04A9 18 1A         [12]  791 	jr	00106$
   04AB                     792 00102$:
                            793 ;src/entities/enemy.c:130: if (damage >= enemy->health) {
   04AB 21 07 00      [10]  794 	ld	hl, #0x0007
   04AE 09            [11]  795 	add	hl, bc
   04AF 4E            [ 7]  796 	ld	c, (hl)
   04B0 DD 7E 06      [19]  797 	ld	a, 6 (ix)
   04B3 91            [ 4]  798 	sub	a, c
   04B4 38 08         [12]  799 	jr	C,00105$
                            800 ;src/entities/enemy.c:131: enemy->health = 0;
   04B6 36 00         [10]  801 	ld	(hl), #0x00
                            802 ;src/entities/enemy.c:132: enemy->active = 0;
   04B8 AF            [ 4]  803 	xor	a, a
   04B9 12            [ 7]  804 	ld	(de), a
                            805 ;src/entities/enemy.c:133: return 1;
   04BA 2E 01         [ 7]  806 	ld	l, #0x01
   04BC 18 07         [12]  807 	jr	00106$
   04BE                     808 00105$:
                            809 ;src/entities/enemy.c:136: enemy->health = (u8)(enemy->health - damage);
   04BE 79            [ 4]  810 	ld	a, c
   04BF DD 96 06      [19]  811 	sub	a, 6 (ix)
   04C2 77            [ 7]  812 	ld	(hl), a
                            813 ;src/entities/enemy.c:137: return 0;
   04C3 2E 00         [ 7]  814 	ld	l, #0x00
   04C5                     815 00106$:
   04C5 DD E1         [14]  816 	pop	ix
   04C7 C9            [10]  817 	ret
                            818 	.area _CODE
                            819 	.area _INITIALIZER
                            820 	.area _CABS (ABS)
