                              1 ;--------------------------------------------------------
                              2 ; File Created by SDCC : free open source ANSI-C Compiler
                              3 ; Version 3.6.8 #9946 (Mac OS X ppc)
                              4 ;--------------------------------------------------------
                              5 	.module tilemap
                              6 	.optsdcc -mz80
                              7 	
                              8 ;--------------------------------------------------------
                              9 ; Public variables in this module
                             10 ;--------------------------------------------------------
                             11 	.globl _cpct_getScreenPtr
                             12 	.globl _cpct_drawSolidBox
                             13 	.globl _cpct_px2byteM0
                             14 	.globl _tilemap_init
                             15 	.globl _tilemap_render
                             16 	.globl _tilemap_ground_y
                             17 	.globl _tilemap_platform_y_at
                             18 	.globl _tilemap_is_trap
                             19 	.globl _tilemap_is_ladder
                             20 	.globl _tilemap_is_hidden_zone
                             21 	.globl _tilemap_goal_x
                             22 ;--------------------------------------------------------
                             23 ; special function registers
                             24 ;--------------------------------------------------------
                             25 ;--------------------------------------------------------
                             26 ; ram data
                             27 ;--------------------------------------------------------
                             28 	.area _DATA
                             29 ;--------------------------------------------------------
                             30 ; ram data
                             31 ;--------------------------------------------------------
                             32 	.area _INITIALIZED
   0000                      33 _gtilegroundy:
   0000                      34 	.ds 1
   0001                      35 _gtileplatformy:
   0001                      36 	.ds 1
   0002                      37 _ggoalx:
   0002                      38 	.ds 1
                             39 ;--------------------------------------------------------
                             40 ; absolute external ram data
                             41 ;--------------------------------------------------------
                             42 	.area _DABS (ABS)
                             43 ;--------------------------------------------------------
                             44 ; global & static initialisations
                             45 ;--------------------------------------------------------
                             46 	.area _HOME
                             47 	.area _GSINIT
                             48 	.area _GSFINAL
                             49 	.area _GSINIT
                             50 ;--------------------------------------------------------
                             51 ; Home
                             52 ;--------------------------------------------------------
                             53 	.area _HOME
                             54 	.area _HOME
                             55 ;--------------------------------------------------------
                             56 ; code
                             57 ;--------------------------------------------------------
                             58 	.area _CODE
                             59 ;src/systems/tilemap.c:9: void tilemap_init(void) {
                             60 ;	---------------------------------
                             61 ; Function tilemap_init
                             62 ; ---------------------------------
   0000                      63 _tilemap_init::
                             64 ;src/systems/tilemap.c:10: if (level1tilemapheight > 2) {
   0000 2Ar00r00      [16]   65 	ld	hl, (_level1tilemapheight)
   0003 3E 02         [ 7]   66 	ld	a, #0x02
   0005 BD            [ 4]   67 	cp	a, l
   0006 3E 00         [ 7]   68 	ld	a, #0x00
   0008 9C            [ 4]   69 	sbc	a, h
   0009 30 0D         [12]   70 	jr	NC,00102$
                             71 ;src/systems/tilemap.c:11: gtilegroundy = (u8)((level1tilemapheight - 2) * 8);
   000B 7D            [ 4]   72 	ld	a, l
   000C C6 FE         [ 7]   73 	add	a, #0xfe
   000E 07            [ 4]   74 	rlca
   000F 07            [ 4]   75 	rlca
   0010 07            [ 4]   76 	rlca
   0011 E6 F8         [ 7]   77 	and	a, #0xf8
   0013 32r00r00      [13]   78 	ld	(#_gtilegroundy + 0),a
   0016 18 05         [12]   79 	jr	00103$
   0018                      80 00102$:
                             81 ;src/systems/tilemap.c:13: gtilegroundy = 160;
   0018 21r00r00      [10]   82 	ld	hl,#_gtilegroundy + 0
   001B 36 A0         [10]   83 	ld	(hl), #0xa0
   001D                      84 00103$:
                             85 ;src/systems/tilemap.c:15: gtileplatformy = (u8)(gtilegroundy - 24);
   001D 21r01r00      [10]   86 	ld	hl, #_gtileplatformy
   0020 3Ar00r00      [13]   87 	ld	a,(#_gtilegroundy + 0)
   0023 C6 E8         [ 7]   88 	add	a, #0xe8
   0025 77            [ 7]   89 	ld	(hl), a
                             90 ;src/systems/tilemap.c:16: ggoalx = 72;
   0026 21r02r00      [10]   91 	ld	hl,#_ggoalx + 0
   0029 36 48         [10]   92 	ld	(hl), #0x48
   002B C9            [10]   93 	ret
                             94 ;src/systems/tilemap.c:19: void tilemap_render(void) {
                             95 ;	---------------------------------
                             96 ; Function tilemap_render
                             97 ; ---------------------------------
   002C                      98 _tilemap_render::
                             99 ;src/systems/tilemap.c:21: pvmem = cpct_getScreenPtr(CPCT_VMEM_START, 0, gtilegroundy);
   002C 3Ar00r00      [13]  100 	ld	a, (_gtilegroundy)
   002F F5            [11]  101 	push	af
   0030 33            [ 6]  102 	inc	sp
   0031 AF            [ 4]  103 	xor	a, a
   0032 F5            [11]  104 	push	af
   0033 33            [ 6]  105 	inc	sp
   0034 21 00 C0      [10]  106 	ld	hl, #0xc000
   0037 E5            [11]  107 	push	hl
   0038 CDr00r00      [17]  108 	call	_cpct_getScreenPtr
                            109 ;src/systems/tilemap.c:22: cpct_drawSolidBox(pvmem, cpct_px2byteM0(1, 1), 80, 8);
   003B E5            [11]  110 	push	hl
   003C 21 01 01      [10]  111 	ld	hl, #0x0101
   003F E5            [11]  112 	push	hl
   0040 CDr00r00      [17]  113 	call	_cpct_px2byteM0
   0043 55            [ 4]  114 	ld	d, l
   0044 C1            [10]  115 	pop	bc
   0045 21 50 08      [10]  116 	ld	hl, #0x0850
   0048 E5            [11]  117 	push	hl
   0049 D5            [11]  118 	push	de
   004A 33            [ 6]  119 	inc	sp
   004B C5            [11]  120 	push	bc
   004C CDr00r00      [17]  121 	call	_cpct_drawSolidBox
   004F F1            [10]  122 	pop	af
   0050 F1            [10]  123 	pop	af
   0051 33            [ 6]  124 	inc	sp
                            125 ;src/systems/tilemap.c:24: pvmem = cpct_getScreenPtr(CPCT_VMEM_START, 24, gtileplatformy);
   0052 3Ar01r00      [13]  126 	ld	a, (_gtileplatformy)
   0055 57            [ 4]  127 	ld	d,a
   0056 1E 18         [ 7]  128 	ld	e,#0x18
   0058 D5            [11]  129 	push	de
   0059 21 00 C0      [10]  130 	ld	hl, #0xc000
   005C E5            [11]  131 	push	hl
   005D CDr00r00      [17]  132 	call	_cpct_getScreenPtr
                            133 ;src/systems/tilemap.c:25: cpct_drawSolidBox(pvmem, cpct_px2byteM0(2, 2), 32, 4);
   0060 E5            [11]  134 	push	hl
   0061 21 02 02      [10]  135 	ld	hl, #0x0202
   0064 E5            [11]  136 	push	hl
   0065 CDr00r00      [17]  137 	call	_cpct_px2byteM0
   0068 55            [ 4]  138 	ld	d, l
   0069 C1            [10]  139 	pop	bc
   006A 21 20 04      [10]  140 	ld	hl, #0x0420
   006D E5            [11]  141 	push	hl
   006E D5            [11]  142 	push	de
   006F 33            [ 6]  143 	inc	sp
   0070 C5            [11]  144 	push	bc
   0071 CDr00r00      [17]  145 	call	_cpct_drawSolidBox
   0074 F1            [10]  146 	pop	af
   0075 F1            [10]  147 	pop	af
   0076 33            [ 6]  148 	inc	sp
                            149 ;src/systems/tilemap.c:27: pvmem = cpct_getScreenPtr(CPCT_VMEM_START, 56, gtilegroundy - 2);
   0077 21r00r00      [10]  150 	ld	hl,#_gtilegroundy + 0
   007A 46            [ 7]  151 	ld	b, (hl)
   007B 05            [ 4]  152 	dec	b
   007C 05            [ 4]  153 	dec	b
   007D C5            [11]  154 	push	bc
   007E 33            [ 6]  155 	inc	sp
   007F 3E 38         [ 7]  156 	ld	a, #0x38
   0081 F5            [11]  157 	push	af
   0082 33            [ 6]  158 	inc	sp
   0083 21 00 C0      [10]  159 	ld	hl, #0xc000
   0086 E5            [11]  160 	push	hl
   0087 CDr00r00      [17]  161 	call	_cpct_getScreenPtr
                            162 ;src/systems/tilemap.c:28: cpct_drawSolidBox(pvmem, cpct_px2byteM0(3, 3), 16, 2);
   008A E5            [11]  163 	push	hl
   008B 21 03 03      [10]  164 	ld	hl, #0x0303
   008E E5            [11]  165 	push	hl
   008F CDr00r00      [17]  166 	call	_cpct_px2byteM0
   0092 55            [ 4]  167 	ld	d, l
   0093 C1            [10]  168 	pop	bc
   0094 21 10 02      [10]  169 	ld	hl, #0x0210
   0097 E5            [11]  170 	push	hl
   0098 D5            [11]  171 	push	de
   0099 33            [ 6]  172 	inc	sp
   009A C5            [11]  173 	push	bc
   009B CDr00r00      [17]  174 	call	_cpct_drawSolidBox
   009E F1            [10]  175 	pop	af
   009F F1            [10]  176 	pop	af
   00A0 33            [ 6]  177 	inc	sp
                            178 ;src/systems/tilemap.c:30: pvmem = cpct_getScreenPtr(CPCT_VMEM_START, ggoalx, gtilegroundy - 16);
   00A1 3Ar00r00      [13]  179 	ld	a,(#_gtilegroundy + 0)
   00A4 C6 F0         [ 7]  180 	add	a, #0xf0
   00A6 47            [ 4]  181 	ld	b, a
   00A7 C5            [11]  182 	push	bc
   00A8 33            [ 6]  183 	inc	sp
   00A9 3Ar02r00      [13]  184 	ld	a, (_ggoalx)
   00AC F5            [11]  185 	push	af
   00AD 33            [ 6]  186 	inc	sp
   00AE 21 00 C0      [10]  187 	ld	hl, #0xc000
   00B1 E5            [11]  188 	push	hl
   00B2 CDr00r00      [17]  189 	call	_cpct_getScreenPtr
                            190 ;src/systems/tilemap.c:31: cpct_drawSolidBox(pvmem, cpct_px2byteM0(5, 5), 2, 16);
   00B5 E5            [11]  191 	push	hl
   00B6 21 05 05      [10]  192 	ld	hl, #0x0505
   00B9 E5            [11]  193 	push	hl
   00BA CDr00r00      [17]  194 	call	_cpct_px2byteM0
   00BD 55            [ 4]  195 	ld	d, l
   00BE C1            [10]  196 	pop	bc
   00BF 21 02 10      [10]  197 	ld	hl, #0x1002
   00C2 E5            [11]  198 	push	hl
   00C3 D5            [11]  199 	push	de
   00C4 33            [ 6]  200 	inc	sp
   00C5 C5            [11]  201 	push	bc
   00C6 CDr00r00      [17]  202 	call	_cpct_drawSolidBox
   00C9 F1            [10]  203 	pop	af
   00CA F1            [10]  204 	pop	af
   00CB 33            [ 6]  205 	inc	sp
   00CC C9            [10]  206 	ret
                            207 ;src/systems/tilemap.c:34: u8 tilemap_ground_y(void) {
                            208 ;	---------------------------------
                            209 ; Function tilemap_ground_y
                            210 ; ---------------------------------
   00CD                     211 _tilemap_ground_y::
                            212 ;src/systems/tilemap.c:35: return gtilegroundy;
   00CD FD 21r00r00   [14]  213 	ld	iy, #_gtilegroundy
   00D1 FD 6E 00      [19]  214 	ld	l, 0 (iy)
   00D4 C9            [10]  215 	ret
                            216 ;src/systems/tilemap.c:38: u8 tilemap_platform_y_at(i16 x) {
                            217 ;	---------------------------------
                            218 ; Function tilemap_platform_y_at
                            219 ; ---------------------------------
   00D5                     220 _tilemap_platform_y_at::
                            221 ;src/systems/tilemap.c:39: if (x >= 24 && x <= 56) {
   00D5 FD 21 02 00   [14]  222 	ld	iy, #2
   00D9 FD 39         [15]  223 	add	iy, sp
   00DB FD 7E 00      [19]  224 	ld	a, 0 (iy)
   00DE D6 18         [ 7]  225 	sub	a, #0x18
   00E0 FD 7E 01      [19]  226 	ld	a, 1 (iy)
   00E3 17            [ 4]  227 	rla
   00E4 3F            [ 4]  228 	ccf
   00E5 1F            [ 4]  229 	rra
   00E6 DE 80         [ 7]  230 	sbc	a, #0x80
   00E8 38 1A         [12]  231 	jr	C,00102$
   00EA 3E 38         [ 7]  232 	ld	a, #0x38
   00EC FD BE 00      [19]  233 	cp	a, 0 (iy)
   00EF 3E 00         [ 7]  234 	ld	a, #0x00
   00F1 FD 9E 01      [19]  235 	sbc	a, 1 (iy)
   00F4 E2rF9r00      [10]  236 	jp	PO, 00114$
   00F7 EE 80         [ 7]  237 	xor	a, #0x80
   00F9                     238 00114$:
   00F9 FAr04r01      [10]  239 	jp	M, 00102$
                            240 ;src/systems/tilemap.c:40: return gtileplatformy;
   00FC FD 21r01r00   [14]  241 	ld	iy, #_gtileplatformy
   0100 FD 6E 00      [19]  242 	ld	l, 0 (iy)
   0103 C9            [10]  243 	ret
   0104                     244 00102$:
                            245 ;src/systems/tilemap.c:42: return 255;
   0104 2E FF         [ 7]  246 	ld	l, #0xff
   0106 C9            [10]  247 	ret
                            248 ;src/systems/tilemap.c:45: u8 tilemap_is_trap(i16 x, i16 y, u8 w, u8 h) {
                            249 ;	---------------------------------
                            250 ; Function tilemap_is_trap
                            251 ; ---------------------------------
   0107                     252 _tilemap_is_trap::
   0107 DD E5         [15]  253 	push	ix
   0109 DD 21 00 00   [14]  254 	ld	ix,#0
   010D DD 39         [15]  255 	add	ix,sp
   010F F5            [11]  256 	push	af
                            257 ;src/systems/tilemap.c:50: left = x;
   0110 DD 4E 04      [19]  258 	ld	c,4 (ix)
   0113 DD 46 05      [19]  259 	ld	b,5 (ix)
                            260 ;src/systems/tilemap.c:51: right = x + (i16)w;
   0116 DD 6E 08      [19]  261 	ld	l, 8 (ix)
   0119 26 00         [ 7]  262 	ld	h, #0x00
   011B 09            [11]  263 	add	hl, bc
   011C 33            [ 6]  264 	inc	sp
   011D 33            [ 6]  265 	inc	sp
   011E E5            [11]  266 	push	hl
                            267 ;src/systems/tilemap.c:52: feet = y + (i16)h;
   011F DD 5E 09      [19]  268 	ld	e, 9 (ix)
   0122 16 00         [ 7]  269 	ld	d, #0x00
   0124 DD 6E 06      [19]  270 	ld	l,6 (ix)
   0127 DD 66 07      [19]  271 	ld	h,7 (ix)
   012A 19            [11]  272 	add	hl, de
   012B EB            [ 4]  273 	ex	de,hl
                            274 ;src/systems/tilemap.c:54: if (feet >= (i16)gtilegroundy - 2 && left < 72 && right > 56) {
   012C FD 21r00r00   [14]  275 	ld	iy, #_gtilegroundy
   0130 FD 6E 00      [19]  276 	ld	l, 0 (iy)
   0133 26 00         [ 7]  277 	ld	h, #0x00
   0135 2B            [ 6]  278 	dec	hl
   0136 2B            [ 6]  279 	dec	hl
   0137 7B            [ 4]  280 	ld	a, e
   0138 95            [ 4]  281 	sub	a, l
   0139 7A            [ 4]  282 	ld	a, d
   013A 9C            [ 4]  283 	sbc	a, h
   013B E2r40r01      [10]  284 	jp	PO, 00119$
   013E EE 80         [ 7]  285 	xor	a, #0x80
   0140                     286 00119$:
   0140 FAr64r01      [10]  287 	jp	M, 00102$
   0143 79            [ 4]  288 	ld	a, c
   0144 D6 48         [ 7]  289 	sub	a, #0x48
   0146 78            [ 4]  290 	ld	a, b
   0147 17            [ 4]  291 	rla
   0148 3F            [ 4]  292 	ccf
   0149 1F            [ 4]  293 	rra
   014A DE 80         [ 7]  294 	sbc	a, #0x80
   014C 30 16         [12]  295 	jr	NC,00102$
   014E 3E 38         [ 7]  296 	ld	a, #0x38
   0150 DD BE FE      [19]  297 	cp	a, -2 (ix)
   0153 3E 00         [ 7]  298 	ld	a, #0x00
   0155 DD 9E FF      [19]  299 	sbc	a, -1 (ix)
   0158 E2r5Dr01      [10]  300 	jp	PO, 00120$
   015B EE 80         [ 7]  301 	xor	a, #0x80
   015D                     302 00120$:
   015D F2r64r01      [10]  303 	jp	P, 00102$
                            304 ;src/systems/tilemap.c:55: return 1;
   0160 2E 01         [ 7]  305 	ld	l, #0x01
   0162 18 02         [12]  306 	jr	00105$
   0164                     307 00102$:
                            308 ;src/systems/tilemap.c:57: return 0;
   0164 2E 00         [ 7]  309 	ld	l, #0x00
   0166                     310 00105$:
   0166 DD F9         [10]  311 	ld	sp, ix
   0168 DD E1         [14]  312 	pop	ix
   016A C9            [10]  313 	ret
                            314 ;src/systems/tilemap.c:60: u8 tilemap_is_ladder(i16 x, i16 y, u8 w, u8 h) {
                            315 ;	---------------------------------
                            316 ; Function tilemap_is_ladder
                            317 ; ---------------------------------
   016B                     318 _tilemap_is_ladder::
                            319 ;src/systems/tilemap.c:65: return 0;
   016B 2E 00         [ 7]  320 	ld	l, #0x00
   016D C9            [10]  321 	ret
                            322 ;src/systems/tilemap.c:68: u8 tilemap_is_hidden_zone(i16 x, i16 y, u8 w, u8 h) {
                            323 ;	---------------------------------
                            324 ; Function tilemap_is_hidden_zone
                            325 ; ---------------------------------
   016E                     326 _tilemap_is_hidden_zone::
                            327 ;src/systems/tilemap.c:73: return 0;
   016E 2E 00         [ 7]  328 	ld	l, #0x00
   0170 C9            [10]  329 	ret
                            330 ;src/systems/tilemap.c:76: u8 tilemap_goal_x(void) {
                            331 ;	---------------------------------
                            332 ; Function tilemap_goal_x
                            333 ; ---------------------------------
   0171                     334 _tilemap_goal_x::
                            335 ;src/systems/tilemap.c:77: return ggoalx;
   0171 FD 21r02r00   [14]  336 	ld	iy, #_ggoalx
   0175 FD 6E 00      [19]  337 	ld	l, 0 (iy)
   0178 C9            [10]  338 	ret
                            339 	.area _CODE
                            340 	.area _INITIALIZER
   0000                     341 __xinit__gtilegroundy:
   0000 A0                  342 	.db #0xa0	; 160
   0001                     343 __xinit__gtileplatformy:
   0001 80                  344 	.db #0x80	; 128
   0002                     345 __xinit__ggoalx:
   0002 48                  346 	.db #0x48	; 72	'H'
                            347 	.area _CABS (ABS)
