                              1 ;--------------------------------------------------------
                              2 ; File Created by SDCC : free open source ANSI-C Compiler
                              3 ; Version 3.6.8 #9946 (Mac OS X ppc)
                              4 ;--------------------------------------------------------
                              5 	.module flyingharpysprites
                              6 	.optsdcc -mz80
                              7 	
                              8 ;--------------------------------------------------------
                              9 ; Public variables in this module
                             10 ;--------------------------------------------------------
                             11 	.globl _flying_harpy_sprites_data
                             12 ;--------------------------------------------------------
                             13 ; special function registers
                             14 ;--------------------------------------------------------
                             15 ;--------------------------------------------------------
                             16 ; ram data
                             17 ;--------------------------------------------------------
                             18 	.area _DATA
                             19 ;--------------------------------------------------------
                             20 ; ram data
                             21 ;--------------------------------------------------------
                             22 	.area _INITIALIZED
                             23 ;--------------------------------------------------------
                             24 ; absolute external ram data
                             25 ;--------------------------------------------------------
                             26 	.area _DABS (ABS)
                             27 ;--------------------------------------------------------
                             28 ; global & static initialisations
                             29 ;--------------------------------------------------------
                             30 	.area _HOME
                             31 	.area _GSINIT
                             32 	.area _GSFINAL
                             33 	.area _GSINIT
                             34 ;--------------------------------------------------------
                             35 ; Home
                             36 ;--------------------------------------------------------
                             37 	.area _HOME
                             38 	.area _HOME
                             39 ;--------------------------------------------------------
                             40 ; code
                             41 ;--------------------------------------------------------
                             42 	.area _CODE
                             43 	.area _CODE
   0000                      44 _flying_harpy_sprites_data:
   0000 0F                   45 	.db #0x0f	; 15
   0001 0F                   46 	.db #0x0f	; 15
   0002 0F                   47 	.db #0x0f	; 15
   0003 0F                   48 	.db #0x0f	; 15
   0004 0A                   49 	.db #0x0a	; 10
   0005 00                   50 	.db #0x00	; 0
   0006 0A                   51 	.db #0x0a	; 10
   0007 05                   52 	.db #0x05	; 5
   0008 0A                   53 	.db #0x0a	; 10
   0009 00                   54 	.db #0x00	; 0
   000A 0A                   55 	.db #0x0a	; 10
   000B 05                   56 	.db #0x05	; 5
   000C 0A                   57 	.db #0x0a	; 10
   000D 00                   58 	.db #0x00	; 0
   000E 0A                   59 	.db #0x0a	; 10
   000F 05                   60 	.db #0x05	; 5
   0010 0F                   61 	.db #0x0f	; 15
   0011 0F                   62 	.db #0x0f	; 15
   0012 0F                   63 	.db #0x0f	; 15
   0013 0F                   64 	.db #0x0f	; 15
   0014 0A                   65 	.db #0x0a	; 10
   0015 00                   66 	.db #0x00	; 0
   0016 0A                   67 	.db #0x0a	; 10
   0017 05                   68 	.db #0x05	; 5
   0018 0A                   69 	.db #0x0a	; 10
   0019 00                   70 	.db #0x00	; 0
   001A 0A                   71 	.db #0x0a	; 10
   001B 05                   72 	.db #0x05	; 5
   001C 0F                   73 	.db #0x0f	; 15
   001D 0F                   74 	.db #0x0f	; 15
   001E 0F                   75 	.db #0x0f	; 15
   001F 0F                   76 	.db #0x0f	; 15
                             77 	.area _INITIALIZER
                             78 	.area _CABS (ABS)
