                              1 ;--------------------------------------------------------
                              2 ; File Created by SDCC : free open source ANSI-C Compiler
                              3 ; Version 3.6.8 #9946 (Mac OS X ppc)
                              4 ;--------------------------------------------------------
                              5 	.module hud
                              6 	.optsdcc -mz80
                              7 	
                              8 ;--------------------------------------------------------
                              9 ; Public variables in this module
                             10 ;--------------------------------------------------------
                             11 	.globl _cpct_getScreenPtr
                             12 	.globl _cpct_drawSprite
                             13 	.globl _hudinit
                             14 	.globl _hudupdate
                             15 	.globl _hudrender
                             16 ;--------------------------------------------------------
                             17 ; special function registers
                             18 ;--------------------------------------------------------
                             19 ;--------------------------------------------------------
                             20 ; ram data
                             21 ;--------------------------------------------------------
                             22 	.area _DATA
   0000                      23 _currenthealth:
   0000                      24 	.ds 1
   0001                      25 _currentscore:
   0001                      26 	.ds 2
   0003                      27 _currenttime:
   0003                      28 	.ds 1
   0004                      29 _currentlives:
   0004                      30 	.ds 1
   0005                      31 _currentweapon:
   0005                      32 	.ds 1
                             33 ;--------------------------------------------------------
                             34 ; ram data
                             35 ;--------------------------------------------------------
                             36 	.area _INITIALIZED
                             37 ;--------------------------------------------------------
                             38 ; absolute external ram data
                             39 ;--------------------------------------------------------
                             40 	.area _DABS (ABS)
                             41 ;--------------------------------------------------------
                             42 ; global & static initialisations
                             43 ;--------------------------------------------------------
                             44 	.area _HOME
                             45 	.area _GSINIT
                             46 	.area _GSFINAL
                             47 	.area _GSINIT
                             48 ;--------------------------------------------------------
                             49 ; Home
                             50 ;--------------------------------------------------------
                             51 	.area _HOME
                             52 	.area _HOME
                             53 ;--------------------------------------------------------
                             54 ; code
                             55 ;--------------------------------------------------------
                             56 	.area _CODE
                             57 ;src/systems/hud.c:86: static const u8* hud_get_number_sprite(u8 digit) {
                             58 ;	---------------------------------
                             59 ; Function hud_get_number_sprite
                             60 ; ---------------------------------
   0000                      61 _hud_get_number_sprite:
                             62 ;src/systems/hud.c:87: switch (digit % 10) {
   0000 3E 0A         [ 7]   63 	ld	a, #0x0a
   0002 F5            [11]   64 	push	af
   0003 33            [ 6]   65 	inc	sp
   0004 21 03 00      [10]   66 	ld	hl, #3+0
   0007 39            [11]   67 	add	hl, sp
   0008 7E            [ 7]   68 	ld	a, (hl)
   0009 F5            [11]   69 	push	af
   000A 33            [ 6]   70 	inc	sp
   000B CDr00r00      [17]   71 	call	__moduchar
   000E F1            [10]   72 	pop	af
   000F 4D            [ 4]   73 	ld	c, l
   0010 3E 08         [ 7]   74 	ld	a, #0x08
   0012 91            [ 4]   75 	sub	a, c
   0013 38 48         [12]   76 	jr	C,00110$
   0015 06 00         [ 7]   77 	ld	b, #0x00
   0017 21r1Er00      [10]   78 	ld	hl, #00118$
   001A 09            [11]   79 	add	hl, bc
   001B 09            [11]   80 	add	hl, bc
   001C 09            [11]   81 	add	hl, bc
   001D E9            [ 4]   82 	jp	(hl)
   001E                      83 00118$:
   001E C3r39r00      [10]   84 	jp	00101$
   0021 C3r3Dr00      [10]   85 	jp	00102$
   0024 C3r41r00      [10]   86 	jp	00103$
   0027 C3r45r00      [10]   87 	jp	00104$
   002A C3r49r00      [10]   88 	jp	00105$
   002D C3r4Dr00      [10]   89 	jp	00106$
   0030 C3r51r00      [10]   90 	jp	00107$
   0033 C3r55r00      [10]   91 	jp	00108$
   0036 C3r59r00      [10]   92 	jp	00109$
                             93 ;src/systems/hud.c:88: case 0: return huddigit_0;
   0039                      94 00101$:
   0039 21rA1r00      [10]   95 	ld	hl, #_huddigit_0
   003C C9            [10]   96 	ret
                             97 ;src/systems/hud.c:89: case 1: return huddigit_1;
   003D                      98 00102$:
   003D 21rC1r00      [10]   99 	ld	hl, #_huddigit_1
   0040 C9            [10]  100 	ret
                            101 ;src/systems/hud.c:90: case 2: return huddigit_2;
   0041                     102 00103$:
   0041 21rE1r00      [10]  103 	ld	hl, #_huddigit_2
   0044 C9            [10]  104 	ret
                            105 ;src/systems/hud.c:91: case 3: return huddigit_3;
   0045                     106 00104$:
   0045 21r01r01      [10]  107 	ld	hl, #_huddigit_3
   0048 C9            [10]  108 	ret
                            109 ;src/systems/hud.c:92: case 4: return huddigit_4;
   0049                     110 00105$:
   0049 21r21r01      [10]  111 	ld	hl, #_huddigit_4
   004C C9            [10]  112 	ret
                            113 ;src/systems/hud.c:93: case 5: return huddigit_5;
   004D                     114 00106$:
   004D 21r41r01      [10]  115 	ld	hl, #_huddigit_5
   0050 C9            [10]  116 	ret
                            117 ;src/systems/hud.c:94: case 6: return huddigit_6;
   0051                     118 00107$:
   0051 21r61r01      [10]  119 	ld	hl, #_huddigit_6
   0054 C9            [10]  120 	ret
                            121 ;src/systems/hud.c:95: case 7: return huddigit_7;
   0055                     122 00108$:
   0055 21r81r01      [10]  123 	ld	hl, #_huddigit_7
   0058 C9            [10]  124 	ret
                            125 ;src/systems/hud.c:96: case 8: return huddigit_8;
   0059                     126 00109$:
   0059 21rA1r01      [10]  127 	ld	hl, #_huddigit_8
   005C C9            [10]  128 	ret
                            129 ;src/systems/hud.c:97: default: return huddigit_9;
   005D                     130 00110$:
   005D 21rC1r01      [10]  131 	ld	hl, #_huddigit_9
                            132 ;src/systems/hud.c:98: }
   0060 C9            [10]  133 	ret
   0061                     134 _hudhealth:
   0061 3C                  135 	.db #0x3c	; 60
   0062 3C                  136 	.db #0x3c	; 60
   0063 3C                  137 	.db #0x3c	; 60
   0064 3C                  138 	.db #0x3c	; 60
   0065 28                  139 	.db #0x28	; 40
   0066 28                  140 	.db #0x28	; 40
   0067 00                  141 	.db #0x00	; 0
   0068 14                  142 	.db #0x14	; 20
   0069 28                  143 	.db #0x28	; 40
   006A 28                  144 	.db #0x28	; 40
   006B 00                  145 	.db #0x00	; 0
   006C 14                  146 	.db #0x14	; 20
   006D 28                  147 	.db #0x28	; 40
   006E 28                  148 	.db #0x28	; 40
   006F 00                  149 	.db #0x00	; 0
   0070 14                  150 	.db #0x14	; 20
   0071 3C                  151 	.db #0x3c	; 60
   0072 3C                  152 	.db #0x3c	; 60
   0073 3C                  153 	.db #0x3c	; 60
   0074 3C                  154 	.db #0x3c	; 60
   0075 28                  155 	.db #0x28	; 40
   0076 28                  156 	.db #0x28	; 40
   0077 00                  157 	.db #0x00	; 0
   0078 14                  158 	.db #0x14	; 20
   0079 28                  159 	.db #0x28	; 40
   007A 28                  160 	.db #0x28	; 40
   007B 00                  161 	.db #0x00	; 0
   007C 14                  162 	.db #0x14	; 20
   007D 3C                  163 	.db #0x3c	; 60
   007E 3C                  164 	.db #0x3c	; 60
   007F 3C                  165 	.db #0x3c	; 60
   0080 3C                  166 	.db #0x3c	; 60
   0081                     167 _hudlives:
   0081 30                  168 	.db #0x30	; 48	'0'
   0082 30                  169 	.db #0x30	; 48	'0'
   0083 30                  170 	.db #0x30	; 48	'0'
   0084 30                  171 	.db #0x30	; 48	'0'
   0085 20                  172 	.db #0x20	; 32
   0086 10                  173 	.db #0x10	; 16
   0087 00                  174 	.db #0x00	; 0
   0088 10                  175 	.db #0x10	; 16
   0089 20                  176 	.db #0x20	; 32
   008A 10                  177 	.db #0x10	; 16
   008B 00                  178 	.db #0x00	; 0
   008C 10                  179 	.db #0x10	; 16
   008D 20                  180 	.db #0x20	; 32
   008E 10                  181 	.db #0x10	; 16
   008F 00                  182 	.db #0x00	; 0
   0090 10                  183 	.db #0x10	; 16
   0091 30                  184 	.db #0x30	; 48	'0'
   0092 30                  185 	.db #0x30	; 48	'0'
   0093 30                  186 	.db #0x30	; 48	'0'
   0094 30                  187 	.db #0x30	; 48	'0'
   0095 20                  188 	.db #0x20	; 32
   0096 10                  189 	.db #0x10	; 16
   0097 00                  190 	.db #0x00	; 0
   0098 10                  191 	.db #0x10	; 16
   0099 20                  192 	.db #0x20	; 32
   009A 10                  193 	.db #0x10	; 16
   009B 00                  194 	.db #0x00	; 0
   009C 10                  195 	.db #0x10	; 16
   009D 30                  196 	.db #0x30	; 48	'0'
   009E 30                  197 	.db #0x30	; 48	'0'
   009F 30                  198 	.db #0x30	; 48	'0'
   00A0 30                  199 	.db #0x30	; 48	'0'
   00A1                     200 _huddigit_0:
   00A1 14                  201 	.db #0x14	; 20
   00A2 3C                  202 	.db #0x3c	; 60
   00A3 3C                  203 	.db #0x3c	; 60
   00A4 28                  204 	.db #0x28	; 40
   00A5 28                  205 	.db #0x28	; 40
   00A6 00                  206 	.db #0x00	; 0
   00A7 00                  207 	.db #0x00	; 0
   00A8 14                  208 	.db #0x14	; 20
   00A9 28                  209 	.db #0x28	; 40
   00AA 00                  210 	.db #0x00	; 0
   00AB 00                  211 	.db #0x00	; 0
   00AC 14                  212 	.db #0x14	; 20
   00AD 00                  213 	.db #0x00	; 0
   00AE 00                  214 	.db #0x00	; 0
   00AF 00                  215 	.db #0x00	; 0
   00B0 00                  216 	.db #0x00	; 0
   00B1 28                  217 	.db #0x28	; 40
   00B2 00                  218 	.db #0x00	; 0
   00B3 00                  219 	.db #0x00	; 0
   00B4 14                  220 	.db #0x14	; 20
   00B5 28                  221 	.db #0x28	; 40
   00B6 00                  222 	.db #0x00	; 0
   00B7 00                  223 	.db #0x00	; 0
   00B8 14                  224 	.db #0x14	; 20
   00B9 28                  225 	.db #0x28	; 40
   00BA 00                  226 	.db #0x00	; 0
   00BB 00                  227 	.db #0x00	; 0
   00BC 14                  228 	.db #0x14	; 20
   00BD 14                  229 	.db #0x14	; 20
   00BE 3C                  230 	.db #0x3c	; 60
   00BF 3C                  231 	.db #0x3c	; 60
   00C0 28                  232 	.db #0x28	; 40
   00C1                     233 _huddigit_1:
   00C1 00                  234 	.db #0x00	; 0
   00C2 00                  235 	.db #0x00	; 0
   00C3 00                  236 	.db #0x00	; 0
   00C4 00                  237 	.db #0x00	; 0
   00C5 00                  238 	.db #0x00	; 0
   00C6 00                  239 	.db #0x00	; 0
   00C7 00                  240 	.db #0x00	; 0
   00C8 14                  241 	.db #0x14	; 20
   00C9 00                  242 	.db #0x00	; 0
   00CA 00                  243 	.db #0x00	; 0
   00CB 00                  244 	.db #0x00	; 0
   00CC 14                  245 	.db #0x14	; 20
   00CD 00                  246 	.db #0x00	; 0
   00CE 00                  247 	.db #0x00	; 0
   00CF 00                  248 	.db #0x00	; 0
   00D0 00                  249 	.db #0x00	; 0
   00D1 00                  250 	.db #0x00	; 0
   00D2 00                  251 	.db #0x00	; 0
   00D3 00                  252 	.db #0x00	; 0
   00D4 14                  253 	.db #0x14	; 20
   00D5 00                  254 	.db #0x00	; 0
   00D6 00                  255 	.db #0x00	; 0
   00D7 00                  256 	.db #0x00	; 0
   00D8 14                  257 	.db #0x14	; 20
   00D9 00                  258 	.db #0x00	; 0
   00DA 00                  259 	.db #0x00	; 0
   00DB 00                  260 	.db #0x00	; 0
   00DC 14                  261 	.db #0x14	; 20
   00DD 00                  262 	.db #0x00	; 0
   00DE 00                  263 	.db #0x00	; 0
   00DF 00                  264 	.db #0x00	; 0
   00E0 00                  265 	.db #0x00	; 0
   00E1                     266 _huddigit_2:
   00E1 14                  267 	.db #0x14	; 20
   00E2 3C                  268 	.db #0x3c	; 60
   00E3 3C                  269 	.db #0x3c	; 60
   00E4 28                  270 	.db #0x28	; 40
   00E5 00                  271 	.db #0x00	; 0
   00E6 00                  272 	.db #0x00	; 0
   00E7 00                  273 	.db #0x00	; 0
   00E8 14                  274 	.db #0x14	; 20
   00E9 00                  275 	.db #0x00	; 0
   00EA 00                  276 	.db #0x00	; 0
   00EB 00                  277 	.db #0x00	; 0
   00EC 14                  278 	.db #0x14	; 20
   00ED 14                  279 	.db #0x14	; 20
   00EE 3C                  280 	.db #0x3c	; 60
   00EF 3C                  281 	.db #0x3c	; 60
   00F0 28                  282 	.db #0x28	; 40
   00F1 28                  283 	.db #0x28	; 40
   00F2 00                  284 	.db #0x00	; 0
   00F3 00                  285 	.db #0x00	; 0
   00F4 00                  286 	.db #0x00	; 0
   00F5 28                  287 	.db #0x28	; 40
   00F6 00                  288 	.db #0x00	; 0
   00F7 00                  289 	.db #0x00	; 0
   00F8 00                  290 	.db #0x00	; 0
   00F9 28                  291 	.db #0x28	; 40
   00FA 00                  292 	.db #0x00	; 0
   00FB 00                  293 	.db #0x00	; 0
   00FC 00                  294 	.db #0x00	; 0
   00FD 14                  295 	.db #0x14	; 20
   00FE 3C                  296 	.db #0x3c	; 60
   00FF 3C                  297 	.db #0x3c	; 60
   0100 28                  298 	.db #0x28	; 40
   0101                     299 _huddigit_3:
   0101 14                  300 	.db #0x14	; 20
   0102 3C                  301 	.db #0x3c	; 60
   0103 3C                  302 	.db #0x3c	; 60
   0104 28                  303 	.db #0x28	; 40
   0105 00                  304 	.db #0x00	; 0
   0106 00                  305 	.db #0x00	; 0
   0107 00                  306 	.db #0x00	; 0
   0108 14                  307 	.db #0x14	; 20
   0109 00                  308 	.db #0x00	; 0
   010A 00                  309 	.db #0x00	; 0
   010B 00                  310 	.db #0x00	; 0
   010C 14                  311 	.db #0x14	; 20
   010D 14                  312 	.db #0x14	; 20
   010E 3C                  313 	.db #0x3c	; 60
   010F 3C                  314 	.db #0x3c	; 60
   0110 28                  315 	.db #0x28	; 40
   0111 00                  316 	.db #0x00	; 0
   0112 00                  317 	.db #0x00	; 0
   0113 00                  318 	.db #0x00	; 0
   0114 14                  319 	.db #0x14	; 20
   0115 00                  320 	.db #0x00	; 0
   0116 00                  321 	.db #0x00	; 0
   0117 00                  322 	.db #0x00	; 0
   0118 14                  323 	.db #0x14	; 20
   0119 00                  324 	.db #0x00	; 0
   011A 00                  325 	.db #0x00	; 0
   011B 00                  326 	.db #0x00	; 0
   011C 14                  327 	.db #0x14	; 20
   011D 14                  328 	.db #0x14	; 20
   011E 3C                  329 	.db #0x3c	; 60
   011F 3C                  330 	.db #0x3c	; 60
   0120 28                  331 	.db #0x28	; 40
   0121                     332 _huddigit_4:
   0121 00                  333 	.db #0x00	; 0
   0122 00                  334 	.db #0x00	; 0
   0123 00                  335 	.db #0x00	; 0
   0124 00                  336 	.db #0x00	; 0
   0125 28                  337 	.db #0x28	; 40
   0126 00                  338 	.db #0x00	; 0
   0127 00                  339 	.db #0x00	; 0
   0128 14                  340 	.db #0x14	; 20
   0129 28                  341 	.db #0x28	; 40
   012A 00                  342 	.db #0x00	; 0
   012B 00                  343 	.db #0x00	; 0
   012C 14                  344 	.db #0x14	; 20
   012D 14                  345 	.db #0x14	; 20
   012E 3C                  346 	.db #0x3c	; 60
   012F 3C                  347 	.db #0x3c	; 60
   0130 28                  348 	.db #0x28	; 40
   0131 00                  349 	.db #0x00	; 0
   0132 00                  350 	.db #0x00	; 0
   0133 00                  351 	.db #0x00	; 0
   0134 14                  352 	.db #0x14	; 20
   0135 00                  353 	.db #0x00	; 0
   0136 00                  354 	.db #0x00	; 0
   0137 00                  355 	.db #0x00	; 0
   0138 14                  356 	.db #0x14	; 20
   0139 00                  357 	.db #0x00	; 0
   013A 00                  358 	.db #0x00	; 0
   013B 00                  359 	.db #0x00	; 0
   013C 14                  360 	.db #0x14	; 20
   013D 00                  361 	.db #0x00	; 0
   013E 00                  362 	.db #0x00	; 0
   013F 00                  363 	.db #0x00	; 0
   0140 00                  364 	.db #0x00	; 0
   0141                     365 _huddigit_5:
   0141 14                  366 	.db #0x14	; 20
   0142 3C                  367 	.db #0x3c	; 60
   0143 3C                  368 	.db #0x3c	; 60
   0144 28                  369 	.db #0x28	; 40
   0145 28                  370 	.db #0x28	; 40
   0146 00                  371 	.db #0x00	; 0
   0147 00                  372 	.db #0x00	; 0
   0148 00                  373 	.db #0x00	; 0
   0149 28                  374 	.db #0x28	; 40
   014A 00                  375 	.db #0x00	; 0
   014B 00                  376 	.db #0x00	; 0
   014C 00                  377 	.db #0x00	; 0
   014D 14                  378 	.db #0x14	; 20
   014E 3C                  379 	.db #0x3c	; 60
   014F 3C                  380 	.db #0x3c	; 60
   0150 28                  381 	.db #0x28	; 40
   0151 00                  382 	.db #0x00	; 0
   0152 00                  383 	.db #0x00	; 0
   0153 00                  384 	.db #0x00	; 0
   0154 14                  385 	.db #0x14	; 20
   0155 00                  386 	.db #0x00	; 0
   0156 00                  387 	.db #0x00	; 0
   0157 00                  388 	.db #0x00	; 0
   0158 14                  389 	.db #0x14	; 20
   0159 00                  390 	.db #0x00	; 0
   015A 00                  391 	.db #0x00	; 0
   015B 00                  392 	.db #0x00	; 0
   015C 14                  393 	.db #0x14	; 20
   015D 14                  394 	.db #0x14	; 20
   015E 3C                  395 	.db #0x3c	; 60
   015F 3C                  396 	.db #0x3c	; 60
   0160 28                  397 	.db #0x28	; 40
   0161                     398 _huddigit_6:
   0161 14                  399 	.db #0x14	; 20
   0162 3C                  400 	.db #0x3c	; 60
   0163 3C                  401 	.db #0x3c	; 60
   0164 28                  402 	.db #0x28	; 40
   0165 28                  403 	.db #0x28	; 40
   0166 00                  404 	.db #0x00	; 0
   0167 00                  405 	.db #0x00	; 0
   0168 00                  406 	.db #0x00	; 0
   0169 28                  407 	.db #0x28	; 40
   016A 00                  408 	.db #0x00	; 0
   016B 00                  409 	.db #0x00	; 0
   016C 00                  410 	.db #0x00	; 0
   016D 14                  411 	.db #0x14	; 20
   016E 3C                  412 	.db #0x3c	; 60
   016F 3C                  413 	.db #0x3c	; 60
   0170 28                  414 	.db #0x28	; 40
   0171 28                  415 	.db #0x28	; 40
   0172 00                  416 	.db #0x00	; 0
   0173 00                  417 	.db #0x00	; 0
   0174 14                  418 	.db #0x14	; 20
   0175 28                  419 	.db #0x28	; 40
   0176 00                  420 	.db #0x00	; 0
   0177 00                  421 	.db #0x00	; 0
   0178 14                  422 	.db #0x14	; 20
   0179 28                  423 	.db #0x28	; 40
   017A 00                  424 	.db #0x00	; 0
   017B 00                  425 	.db #0x00	; 0
   017C 14                  426 	.db #0x14	; 20
   017D 14                  427 	.db #0x14	; 20
   017E 3C                  428 	.db #0x3c	; 60
   017F 3C                  429 	.db #0x3c	; 60
   0180 28                  430 	.db #0x28	; 40
   0181                     431 _huddigit_7:
   0181 14                  432 	.db #0x14	; 20
   0182 3C                  433 	.db #0x3c	; 60
   0183 3C                  434 	.db #0x3c	; 60
   0184 28                  435 	.db #0x28	; 40
   0185 00                  436 	.db #0x00	; 0
   0186 00                  437 	.db #0x00	; 0
   0187 00                  438 	.db #0x00	; 0
   0188 14                  439 	.db #0x14	; 20
   0189 00                  440 	.db #0x00	; 0
   018A 00                  441 	.db #0x00	; 0
   018B 00                  442 	.db #0x00	; 0
   018C 14                  443 	.db #0x14	; 20
   018D 00                  444 	.db #0x00	; 0
   018E 00                  445 	.db #0x00	; 0
   018F 00                  446 	.db #0x00	; 0
   0190 00                  447 	.db #0x00	; 0
   0191 00                  448 	.db #0x00	; 0
   0192 00                  449 	.db #0x00	; 0
   0193 00                  450 	.db #0x00	; 0
   0194 14                  451 	.db #0x14	; 20
   0195 00                  452 	.db #0x00	; 0
   0196 00                  453 	.db #0x00	; 0
   0197 00                  454 	.db #0x00	; 0
   0198 14                  455 	.db #0x14	; 20
   0199 00                  456 	.db #0x00	; 0
   019A 00                  457 	.db #0x00	; 0
   019B 00                  458 	.db #0x00	; 0
   019C 14                  459 	.db #0x14	; 20
   019D 00                  460 	.db #0x00	; 0
   019E 00                  461 	.db #0x00	; 0
   019F 00                  462 	.db #0x00	; 0
   01A0 00                  463 	.db #0x00	; 0
   01A1                     464 _huddigit_8:
   01A1 14                  465 	.db #0x14	; 20
   01A2 3C                  466 	.db #0x3c	; 60
   01A3 3C                  467 	.db #0x3c	; 60
   01A4 28                  468 	.db #0x28	; 40
   01A5 28                  469 	.db #0x28	; 40
   01A6 00                  470 	.db #0x00	; 0
   01A7 00                  471 	.db #0x00	; 0
   01A8 14                  472 	.db #0x14	; 20
   01A9 28                  473 	.db #0x28	; 40
   01AA 00                  474 	.db #0x00	; 0
   01AB 00                  475 	.db #0x00	; 0
   01AC 14                  476 	.db #0x14	; 20
   01AD 14                  477 	.db #0x14	; 20
   01AE 3C                  478 	.db #0x3c	; 60
   01AF 3C                  479 	.db #0x3c	; 60
   01B0 28                  480 	.db #0x28	; 40
   01B1 28                  481 	.db #0x28	; 40
   01B2 00                  482 	.db #0x00	; 0
   01B3 00                  483 	.db #0x00	; 0
   01B4 14                  484 	.db #0x14	; 20
   01B5 28                  485 	.db #0x28	; 40
   01B6 00                  486 	.db #0x00	; 0
   01B7 00                  487 	.db #0x00	; 0
   01B8 14                  488 	.db #0x14	; 20
   01B9 28                  489 	.db #0x28	; 40
   01BA 00                  490 	.db #0x00	; 0
   01BB 00                  491 	.db #0x00	; 0
   01BC 14                  492 	.db #0x14	; 20
   01BD 14                  493 	.db #0x14	; 20
   01BE 3C                  494 	.db #0x3c	; 60
   01BF 3C                  495 	.db #0x3c	; 60
   01C0 28                  496 	.db #0x28	; 40
   01C1                     497 _huddigit_9:
   01C1 14                  498 	.db #0x14	; 20
   01C2 3C                  499 	.db #0x3c	; 60
   01C3 3C                  500 	.db #0x3c	; 60
   01C4 28                  501 	.db #0x28	; 40
   01C5 28                  502 	.db #0x28	; 40
   01C6 00                  503 	.db #0x00	; 0
   01C7 00                  504 	.db #0x00	; 0
   01C8 14                  505 	.db #0x14	; 20
   01C9 28                  506 	.db #0x28	; 40
   01CA 00                  507 	.db #0x00	; 0
   01CB 00                  508 	.db #0x00	; 0
   01CC 14                  509 	.db #0x14	; 20
   01CD 14                  510 	.db #0x14	; 20
   01CE 3C                  511 	.db #0x3c	; 60
   01CF 3C                  512 	.db #0x3c	; 60
   01D0 28                  513 	.db #0x28	; 40
   01D1 00                  514 	.db #0x00	; 0
   01D2 00                  515 	.db #0x00	; 0
   01D3 00                  516 	.db #0x00	; 0
   01D4 14                  517 	.db #0x14	; 20
   01D5 00                  518 	.db #0x00	; 0
   01D6 00                  519 	.db #0x00	; 0
   01D7 00                  520 	.db #0x00	; 0
   01D8 14                  521 	.db #0x14	; 20
   01D9 00                  522 	.db #0x00	; 0
   01DA 00                  523 	.db #0x00	; 0
   01DB 00                  524 	.db #0x00	; 0
   01DC 14                  525 	.db #0x14	; 20
   01DD 14                  526 	.db #0x14	; 20
   01DE 3C                  527 	.db #0x3c	; 60
   01DF 3C                  528 	.db #0x3c	; 60
   01E0 28                  529 	.db #0x28	; 40
                            530 ;src/systems/hud.c:101: static void hud_draw_digits(u16 value, u8 digits, u8 startx, u8 y) {
                            531 ;	---------------------------------
                            532 ; Function hud_draw_digits
                            533 ; ---------------------------------
   01E1                     534 _hud_draw_digits:
   01E1 DD E5         [15]  535 	push	ix
   01E3 DD 21 00 00   [14]  536 	ld	ix,#0
   01E7 DD 39         [15]  537 	add	ix,sp
   01E9 3B            [ 6]  538 	dec	sp
                            539 ;src/systems/hud.c:107: divisor = 1;
   01EA 01 01 00      [10]  540 	ld	bc, #0x0001
                            541 ;src/systems/hud.c:108: for (i = 1; i < digits; ++i) {
   01ED 1E 01         [ 7]  542 	ld	e, #0x01
   01EF                     543 00106$:
   01EF 7B            [ 4]  544 	ld	a, e
   01F0 DD 96 06      [19]  545 	sub	a, 6 (ix)
   01F3 30 0B         [12]  546 	jr	NC,00101$
                            547 ;src/systems/hud.c:109: divisor *= 10;
   01F5 69            [ 4]  548 	ld	l, c
   01F6 60            [ 4]  549 	ld	h, b
   01F7 29            [11]  550 	add	hl, hl
   01F8 29            [11]  551 	add	hl, hl
   01F9 09            [11]  552 	add	hl, bc
   01FA 29            [11]  553 	add	hl, hl
   01FB 4D            [ 4]  554 	ld	c, l
   01FC 44            [ 4]  555 	ld	b, h
                            556 ;src/systems/hud.c:108: for (i = 1; i < digits; ++i) {
   01FD 1C            [ 4]  557 	inc	e
   01FE 18 EF         [12]  558 	jr	00106$
   0200                     559 00101$:
                            560 ;src/systems/hud.c:112: for (i = 0; i < digits; ++i) {
   0200 DD 36 FF 00   [19]  561 	ld	-1 (ix), #0x00
   0204                     562 00109$:
   0204 DD 7E FF      [19]  563 	ld	a, -1 (ix)
   0207 DD 96 06      [19]  564 	sub	a, 6 (ix)
   020A 30 79         [12]  565 	jr	NC,00111$
                            566 ;src/systems/hud.c:113: digit = (u8)(value / divisor);
   020C C5            [11]  567 	push	bc
   020D C5            [11]  568 	push	bc
   020E DD 6E 04      [19]  569 	ld	l,4 (ix)
   0211 DD 66 05      [19]  570 	ld	h,5 (ix)
   0214 E5            [11]  571 	push	hl
   0215 CDr00r00      [17]  572 	call	__divuint
   0218 F1            [10]  573 	pop	af
   0219 F1            [10]  574 	pop	af
   021A 5D            [ 4]  575 	ld	e, l
   021B C1            [10]  576 	pop	bc
                            577 ;src/systems/hud.c:114: value = (u16)(value % divisor);
   021C C5            [11]  578 	push	bc
   021D D5            [11]  579 	push	de
   021E C5            [11]  580 	push	bc
   021F DD 6E 04      [19]  581 	ld	l,4 (ix)
   0222 DD 66 05      [19]  582 	ld	h,5 (ix)
   0225 E5            [11]  583 	push	hl
   0226 CDr00r00      [17]  584 	call	__moduint
   0229 F1            [10]  585 	pop	af
   022A F1            [10]  586 	pop	af
   022B D1            [10]  587 	pop	de
   022C C1            [10]  588 	pop	bc
   022D DD 75 04      [19]  589 	ld	4 (ix), l
   0230 DD 74 05      [19]  590 	ld	5 (ix), h
                            591 ;src/systems/hud.c:116: pvmem = cpct_getScreenPtr(CPCT_VMEM_START, startx + (i * 4), y);
   0233 DD 7E FF      [19]  592 	ld	a, -1 (ix)
   0236 87            [ 4]  593 	add	a, a
   0237 87            [ 4]  594 	add	a, a
   0238 57            [ 4]  595 	ld	d, a
   0239 DD 7E 07      [19]  596 	ld	a, 7 (ix)
   023C 82            [ 4]  597 	add	a, d
   023D 57            [ 4]  598 	ld	d, a
   023E C5            [11]  599 	push	bc
   023F D5            [11]  600 	push	de
   0240 DD 7E 08      [19]  601 	ld	a, 8 (ix)
   0243 F5            [11]  602 	push	af
   0244 33            [ 6]  603 	inc	sp
   0245 D5            [11]  604 	push	de
   0246 33            [ 6]  605 	inc	sp
   0247 21 00 C0      [10]  606 	ld	hl, #0xc000
   024A E5            [11]  607 	push	hl
   024B CDr00r00      [17]  608 	call	_cpct_getScreenPtr
   024E D1            [10]  609 	pop	de
   024F C1            [10]  610 	pop	bc
                            611 ;src/systems/hud.c:117: cpct_drawSprite((u8*)hud_get_number_sprite(digit), pvmem, 4, 8);
   0250 E5            [11]  612 	push	hl
   0251 C5            [11]  613 	push	bc
   0252 7B            [ 4]  614 	ld	a, e
   0253 F5            [11]  615 	push	af
   0254 33            [ 6]  616 	inc	sp
   0255 CDr00r00      [17]  617 	call	_hud_get_number_sprite
   0258 33            [ 6]  618 	inc	sp
   0259 EB            [ 4]  619 	ex	de,hl
   025A C1            [10]  620 	pop	bc
   025B E1            [10]  621 	pop	hl
   025C D5            [11]  622 	push	de
   025D FD E1         [14]  623 	pop	iy
   025F C5            [11]  624 	push	bc
   0260 11 04 08      [10]  625 	ld	de, #0x0804
   0263 D5            [11]  626 	push	de
   0264 E5            [11]  627 	push	hl
   0265 FD E5         [15]  628 	push	iy
   0267 CDr00r00      [17]  629 	call	_cpct_drawSprite
   026A C1            [10]  630 	pop	bc
                            631 ;src/systems/hud.c:119: if (divisor > 1) {
   026B 3E 01         [ 7]  632 	ld	a, #0x01
   026D B9            [ 4]  633 	cp	a, c
   026E 3E 00         [ 7]  634 	ld	a, #0x00
   0270 98            [ 4]  635 	sbc	a, b
   0271 30 0C         [12]  636 	jr	NC,00110$
                            637 ;src/systems/hud.c:120: divisor /= 10;
   0273 21 0A 00      [10]  638 	ld	hl, #0x000a
   0276 E5            [11]  639 	push	hl
   0277 C5            [11]  640 	push	bc
   0278 CDr00r00      [17]  641 	call	__divuint
   027B F1            [10]  642 	pop	af
   027C F1            [10]  643 	pop	af
   027D 4D            [ 4]  644 	ld	c, l
   027E 44            [ 4]  645 	ld	b, h
   027F                     646 00110$:
                            647 ;src/systems/hud.c:112: for (i = 0; i < digits; ++i) {
   027F DD 34 FF      [23]  648 	inc	-1 (ix)
   0282 C3r04r02      [10]  649 	jp	00109$
   0285                     650 00111$:
   0285 33            [ 6]  651 	inc	sp
   0286 DD E1         [14]  652 	pop	ix
   0288 C9            [10]  653 	ret
                            654 ;src/systems/hud.c:125: void hudinit(void) {
                            655 ;	---------------------------------
                            656 ; Function hudinit
                            657 ; ---------------------------------
   0289                     658 _hudinit::
                            659 ;src/systems/hud.c:126: currenthealth = 3;
   0289 21r00r00      [10]  660 	ld	hl,#_currenthealth + 0
   028C 36 03         [10]  661 	ld	(hl), #0x03
                            662 ;src/systems/hud.c:127: currentscore  = 0;
   028E 21 00 00      [10]  663 	ld	hl, #0x0000
   0291 22r01r00      [16]  664 	ld	(_currentscore), hl
                            665 ;src/systems/hud.c:128: currenttime   = 90;
   0294 21r03r00      [10]  666 	ld	hl,#_currenttime + 0
   0297 36 5A         [10]  667 	ld	(hl), #0x5a
                            668 ;src/systems/hud.c:129: currentlives  = 3;
   0299 21r04r00      [10]  669 	ld	hl,#_currentlives + 0
   029C 36 03         [10]  670 	ld	(hl), #0x03
                            671 ;src/systems/hud.c:130: currentweapon = 0;
   029E 21r05r00      [10]  672 	ld	hl,#_currentweapon + 0
   02A1 36 00         [10]  673 	ld	(hl), #0x00
   02A3 C9            [10]  674 	ret
                            675 ;src/systems/hud.c:133: void hudupdate(u8 lives, u16 score, u8 time, u8 weapon) {
                            676 ;	---------------------------------
                            677 ; Function hudupdate
                            678 ; ---------------------------------
   02A4                     679 _hudupdate::
                            680 ;src/systems/hud.c:134: currenthealth = lives;
   02A4 21 02 00      [10]  681 	ld	hl, #2+0
   02A7 39            [11]  682 	add	hl, sp
   02A8 7E            [ 7]  683 	ld	a, (hl)
   02A9 32r00r00      [13]  684 	ld	(#_currenthealth + 0),a
                            685 ;src/systems/hud.c:135: currentscore  = score;
   02AC 21 03 00      [10]  686 	ld	hl, #3+0
   02AF 39            [11]  687 	add	hl, sp
   02B0 7E            [ 7]  688 	ld	a, (hl)
   02B1 32r01r00      [13]  689 	ld	(#_currentscore + 0),a
   02B4 21 04 00      [10]  690 	ld	hl, #3+1
   02B7 39            [11]  691 	add	hl, sp
   02B8 7E            [ 7]  692 	ld	a, (hl)
   02B9 32r02r00      [13]  693 	ld	(#_currentscore + 1),a
                            694 ;src/systems/hud.c:136: currenttime   = time;
   02BC 21 05 00      [10]  695 	ld	hl, #5+0
   02BF 39            [11]  696 	add	hl, sp
   02C0 7E            [ 7]  697 	ld	a, (hl)
   02C1 32r03r00      [13]  698 	ld	(#_currenttime + 0),a
                            699 ;src/systems/hud.c:137: currentlives  = lives;
   02C4 21 02 00      [10]  700 	ld	hl, #2+0
   02C7 39            [11]  701 	add	hl, sp
   02C8 7E            [ 7]  702 	ld	a, (hl)
   02C9 32r04r00      [13]  703 	ld	(#_currentlives + 0),a
                            704 ;src/systems/hud.c:138: currentweapon = weapon;
   02CC 21 06 00      [10]  705 	ld	hl, #6+0
   02CF 39            [11]  706 	add	hl, sp
   02D0 7E            [ 7]  707 	ld	a, (hl)
   02D1 32r05r00      [13]  708 	ld	(#_currentweapon + 0),a
   02D4 C9            [10]  709 	ret
                            710 ;src/systems/hud.c:141: void hudrender(void) {
                            711 ;	---------------------------------
                            712 ; Function hudrender
                            713 ; ---------------------------------
   02D5                     714 _hudrender::
                            715 ;src/systems/hud.c:147: for (i = 0; i < currenthealth; ++i) {
   02D5 0E 00         [ 7]  716 	ld	c, #0x00
   02D7                     717 00103$:
   02D7 21r00r00      [10]  718 	ld	hl, #_currenthealth
                            719 ;src/systems/hud.c:148: pvmem = cpct_getScreenPtr(CPCT_VMEM_START, (i * 8), 2);
   02DA 79            [ 4]  720 	ld	a,c
   02DB BE            [ 7]  721 	cp	a,(hl)
   02DC 30 24         [12]  722 	jr	NC,00101$
   02DE 07            [ 4]  723 	rlca
   02DF 07            [ 4]  724 	rlca
   02E0 07            [ 4]  725 	rlca
   02E1 E6 F8         [ 7]  726 	and	a, #0xf8
   02E3 47            [ 4]  727 	ld	b, a
   02E4 C5            [11]  728 	push	bc
   02E5 3E 02         [ 7]  729 	ld	a, #0x02
   02E7 F5            [11]  730 	push	af
   02E8 33            [ 6]  731 	inc	sp
   02E9 C5            [11]  732 	push	bc
   02EA 33            [ 6]  733 	inc	sp
   02EB 21 00 C0      [10]  734 	ld	hl, #0xc000
   02EE E5            [11]  735 	push	hl
   02EF CDr00r00      [17]  736 	call	_cpct_getScreenPtr
   02F2 11 04 08      [10]  737 	ld	de, #0x0804
   02F5 D5            [11]  738 	push	de
   02F6 E5            [11]  739 	push	hl
   02F7 21r61r00      [10]  740 	ld	hl, #_hudhealth
   02FA E5            [11]  741 	push	hl
   02FB CDr00r00      [17]  742 	call	_cpct_drawSprite
   02FE C1            [10]  743 	pop	bc
                            744 ;src/systems/hud.c:147: for (i = 0; i < currenthealth; ++i) {
   02FF 0C            [ 4]  745 	inc	c
   0300 18 D5         [12]  746 	jr	00103$
   0302                     747 00101$:
                            748 ;src/systems/hud.c:152: scoretemp = currentscore;
   0302 2Ar01r00      [16]  749 	ld	hl, (_currentscore)
                            750 ;src/systems/hud.c:153: hud_draw_digits(scoretemp, 4, 24, 2);
   0305 01 18 02      [10]  751 	ld	bc, #0x0218
   0308 C5            [11]  752 	push	bc
   0309 3E 04         [ 7]  753 	ld	a, #0x04
   030B F5            [11]  754 	push	af
   030C 33            [ 6]  755 	inc	sp
   030D E5            [11]  756 	push	hl
   030E CDrE1r01      [17]  757 	call	_hud_draw_digits
   0311 F1            [10]  758 	pop	af
   0312 F1            [10]  759 	pop	af
   0313 33            [ 6]  760 	inc	sp
                            761 ;src/systems/hud.c:155: timetemp = currenttime;
   0314 21r03r00      [10]  762 	ld	hl,#_currenttime + 0
   0317 4E            [ 7]  763 	ld	c, (hl)
                            764 ;src/systems/hud.c:156: hud_draw_digits((u16)timetemp, 3, 56, 2);
   0318 06 00         [ 7]  765 	ld	b, #0x00
   031A 21 38 02      [10]  766 	ld	hl, #0x0238
   031D E5            [11]  767 	push	hl
   031E 3E 03         [ 7]  768 	ld	a, #0x03
   0320 F5            [11]  769 	push	af
   0321 33            [ 6]  770 	inc	sp
   0322 C5            [11]  771 	push	bc
   0323 CDrE1r01      [17]  772 	call	_hud_draw_digits
   0326 F1            [10]  773 	pop	af
                            774 ;src/systems/hud.c:158: pvmem = cpct_getScreenPtr(CPCT_VMEM_START, 2, 180);
   0327 33            [ 6]  775 	inc	sp
   0328 21 02 B4      [10]  776 	ld	hl,#0xb402
   032B E3            [19]  777 	ex	(sp),hl
   032C 21 00 C0      [10]  778 	ld	hl, #0xc000
   032F E5            [11]  779 	push	hl
   0330 CDr00r00      [17]  780 	call	_cpct_getScreenPtr
                            781 ;src/systems/hud.c:159: cpct_drawSprite((u8*)hudlives, pvmem, 4, 8);
   0333 01r81r00      [10]  782 	ld	bc, #_hudlives+0
   0336 11 04 08      [10]  783 	ld	de, #0x0804
   0339 D5            [11]  784 	push	de
   033A E5            [11]  785 	push	hl
   033B C5            [11]  786 	push	bc
   033C CDr00r00      [17]  787 	call	_cpct_drawSprite
                            788 ;src/systems/hud.c:161: pvmem = cpct_getScreenPtr(CPCT_VMEM_START, 12, 180);
   033F 21 0C B4      [10]  789 	ld	hl, #0xb40c
   0342 E5            [11]  790 	push	hl
   0343 21 00 C0      [10]  791 	ld	hl, #0xc000
   0346 E5            [11]  792 	push	hl
   0347 CDr00r00      [17]  793 	call	_cpct_getScreenPtr
                            794 ;src/systems/hud.c:162: cpct_drawSprite((u8*)hud_get_number_sprite(currentlives % 10), pvmem, 4, 8);
   034A E5            [11]  795 	push	hl
   034B 3E 0A         [ 7]  796 	ld	a, #0x0a
   034D F5            [11]  797 	push	af
   034E 33            [ 6]  798 	inc	sp
   034F 3Ar04r00      [13]  799 	ld	a, (_currentlives)
   0352 F5            [11]  800 	push	af
   0353 33            [ 6]  801 	inc	sp
   0354 CDr00r00      [17]  802 	call	__moduchar
   0357 F1            [10]  803 	pop	af
   0358 55            [ 4]  804 	ld	d, l
   0359 D5            [11]  805 	push	de
   035A 33            [ 6]  806 	inc	sp
   035B CDr00r00      [17]  807 	call	_hud_get_number_sprite
   035E 33            [ 6]  808 	inc	sp
   035F C1            [10]  809 	pop	bc
   0360 11 04 08      [10]  810 	ld	de, #0x0804
   0363 D5            [11]  811 	push	de
   0364 C5            [11]  812 	push	bc
   0365 E5            [11]  813 	push	hl
   0366 CDr00r00      [17]  814 	call	_cpct_drawSprite
                            815 ;src/systems/hud.c:164: pvmem = cpct_getScreenPtr(CPCT_VMEM_START, 70, 180);
   0369 21 46 B4      [10]  816 	ld	hl, #0xb446
   036C E5            [11]  817 	push	hl
   036D 21 00 C0      [10]  818 	ld	hl, #0xc000
   0370 E5            [11]  819 	push	hl
   0371 CDr00r00      [17]  820 	call	_cpct_getScreenPtr
                            821 ;src/systems/hud.c:165: cpct_drawSprite((u8*)hud_get_number_sprite(currentweapon % 10), pvmem, 4, 8);
   0374 E5            [11]  822 	push	hl
   0375 3E 0A         [ 7]  823 	ld	a, #0x0a
   0377 F5            [11]  824 	push	af
   0378 33            [ 6]  825 	inc	sp
   0379 3Ar05r00      [13]  826 	ld	a, (_currentweapon)
   037C F5            [11]  827 	push	af
   037D 33            [ 6]  828 	inc	sp
   037E CDr00r00      [17]  829 	call	__moduchar
   0381 F1            [10]  830 	pop	af
   0382 55            [ 4]  831 	ld	d, l
   0383 D5            [11]  832 	push	de
   0384 33            [ 6]  833 	inc	sp
   0385 CDr00r00      [17]  834 	call	_hud_get_number_sprite
   0388 33            [ 6]  835 	inc	sp
   0389 C1            [10]  836 	pop	bc
   038A 11 04 08      [10]  837 	ld	de, #0x0804
   038D D5            [11]  838 	push	de
   038E C5            [11]  839 	push	bc
   038F E5            [11]  840 	push	hl
   0390 CDr00r00      [17]  841 	call	_cpct_drawSprite
   0393 C9            [10]  842 	ret
                            843 	.area _CODE
                            844 	.area _INITIALIZER
                            845 	.area _CABS (ABS)
