                              1 ;--------------------------------------------------------
                              2 ; File Created by SDCC : free open source ANSI-C Compiler
                              3 ; Version 3.6.8 #9946 (Mac OS X ppc)
                              4 ;--------------------------------------------------------
                              5 	.module game
                              6 	.optsdcc -mz80
                              7 	
                              8 ;--------------------------------------------------------
                              9 ; Public variables in this module
                             10 ;--------------------------------------------------------
                             11 	.globl _hudrender
                             12 	.globl _hudupdate
                             13 	.globl _hudinit
                             14 	.globl _projectilerender
                             15 	.globl _projectileupdate
                             16 	.globl _projectilefire
                             17 	.globl _projectileinit
                             18 	.globl _enemydamage
                             19 	.globl _enemyrender
                             20 	.globl _enemyupdate
                             21 	.globl _enemyspawn
                             22 	.globl _enemyinit
                             23 	.globl _playerrender
                             24 	.globl _playerupdate
                             25 	.globl _playerinit
                             26 	.globl _collision_is_on_trap
                             27 	.globl _collision_init
                             28 	.globl _input_is_shoot_just_pressed
                             29 	.globl _input_update
                             30 	.globl _tilemap_goal_x
                             31 	.globl _tilemap_ground_y
                             32 	.globl _tilemap_render
                             33 	.globl _tilemap_init
                             34 	.globl _cpct_getScreenPtr
                             35 	.globl _cpct_setVideoMode
                             36 	.globl _cpct_drawSolidBox
                             37 	.globl _cpct_memset
                             38 	.globl _cpct_disableFirmware
                             39 	.globl _game_init
                             40 	.globl _game_update
                             41 	.globl _game_render
                             42 ;--------------------------------------------------------
                             43 ; special function registers
                             44 ;--------------------------------------------------------
                             45 ;--------------------------------------------------------
                             46 ; ram data
                             47 ;--------------------------------------------------------
                             48 	.area _DATA
   0000                      49 _g_player:
   0000                      50 	.ds 9
   0009                      51 _g_enemies:
   0009                      52 	.ds 60
   0045                      53 _g_projectiles:
   0045                      54 	.ds 60
   0081                      55 _g_lives:
   0081                      56 	.ds 1
   0082                      57 _g_score:
   0082                      58 	.ds 2
   0084                      59 _g_timeleft:
   0084                      60 	.ds 1
   0085                      61 _g_weapondisplay:
   0085                      62 	.ds 1
   0086                      63 _g_currentwave:
   0086                      64 	.ds 1
   0087                      65 _g_aliveenemies:
   0087                      66 	.ds 1
   0088                      67 _g_wavecooldown:
   0088                      68 	.ds 1
   0089                      69 _g_damagecooldown:
   0089                      70 	.ds 1
   008A                      71 _g_shootcooldown:
   008A                      72 	.ds 1
   008B                      73 _g_victory:
   008B                      74 	.ds 1
   008C                      75 _g_gameover:
   008C                      76 	.ds 1
   008D                      77 _g_framecounter:
   008D                      78 	.ds 2
   008F                      79 _g_checkpointx:
   008F                      80 	.ds 1
   0090                      81 _g_checkpointy:
   0090                      82 	.ds 1
   0091                      83 _g_checkpointactive:
   0091                      84 	.ds 1
   0092                      85 _g_boss:
   0092                      86 	.ds 10
   009C                      87 _g_bossactive:
   009C                      88 	.ds 1
   009D                      89 _g_bossphase:
   009D                      90 	.ds 1
   009E                      91 _g_weaponlevel:
   009E                      92 	.ds 1
   009F                      93 _g_pickuptaken:
   009F                      94 	.ds 1
                             95 ;--------------------------------------------------------
                             96 ; ram data
                             97 ;--------------------------------------------------------
                             98 	.area _INITIALIZED
                             99 ;--------------------------------------------------------
                            100 ; absolute external ram data
                            101 ;--------------------------------------------------------
                            102 	.area _DABS (ABS)
                            103 ;--------------------------------------------------------
                            104 ; global & static initialisations
                            105 ;--------------------------------------------------------
                            106 	.area _HOME
                            107 	.area _GSINIT
                            108 	.area _GSFINAL
                            109 	.area _GSINIT
                            110 ;--------------------------------------------------------
                            111 ; Home
                            112 ;--------------------------------------------------------
                            113 	.area _HOME
                            114 	.area _HOME
                            115 ;--------------------------------------------------------
                            116 ; code
                            117 ;--------------------------------------------------------
                            118 	.area _CODE
                            119 ;src/game.c:40: static void reset_player_to_checkpoint(void) {
                            120 ;	---------------------------------
                            121 ; Function reset_player_to_checkpoint
                            122 ; ---------------------------------
   0000                     123 _reset_player_to_checkpoint:
                            124 ;src/game.c:41: g_player.x = g_checkpointx;
   0000 21r00r00      [10]  125 	ld	hl, #_g_player
   0003 3Ar8Fr00      [13]  126 	ld	a,(#_g_checkpointx + 0)
   0006 77            [ 7]  127 	ld	(hl), a
                            128 ;src/game.c:42: g_player.y = g_checkpointy;
   0007 21r01r00      [10]  129 	ld	hl, #(_g_player + 0x0001)
   000A 3Ar90r00      [13]  130 	ld	a,(#_g_checkpointy + 0)
   000D 77            [ 7]  131 	ld	(hl), a
                            132 ;src/game.c:43: g_player.vx = 0;
   000E 21r02r00      [10]  133 	ld	hl, #(_g_player + 0x0002)
   0011 36 00         [10]  134 	ld	(hl), #0x00
                            135 ;src/game.c:44: g_player.vy = 0;
   0013 21r03r00      [10]  136 	ld	hl, #(_g_player + 0x0003)
   0016 36 00         [10]  137 	ld	(hl), #0x00
   0018 C9            [10]  138 	ret
                            139 ;src/game.c:47: static u8 rect_overlap(i16 ax, i16 ay, u8 aw, u8 ah, i16 bx, i16 by, u8 bw, u8 bh) {
                            140 ;	---------------------------------
                            141 ; Function rect_overlap
                            142 ; ---------------------------------
   0019                     143 _rect_overlap:
   0019 DD E5         [15]  144 	push	ix
   001B DD 21 00 00   [14]  145 	ld	ix,#0
   001F DD 39         [15]  146 	add	ix,sp
                            147 ;src/game.c:48: if (ax + aw <= bx) return 0;
   0021 DD 4E 08      [19]  148 	ld	c, 8 (ix)
   0024 06 00         [ 7]  149 	ld	b, #0x00
   0026 DD 6E 04      [19]  150 	ld	l,4 (ix)
   0029 DD 66 05      [19]  151 	ld	h,5 (ix)
   002C 09            [11]  152 	add	hl, bc
   002D DD 7E 0A      [19]  153 	ld	a, 10 (ix)
   0030 95            [ 4]  154 	sub	a, l
   0031 DD 7E 0B      [19]  155 	ld	a, 11 (ix)
   0034 9C            [ 4]  156 	sbc	a, h
   0035 E2r3Ar00      [10]  157 	jp	PO, 00127$
   0038 EE 80         [ 7]  158 	xor	a, #0x80
   003A                     159 00127$:
   003A FAr41r00      [10]  160 	jp	M, 00102$
   003D 2E 00         [ 7]  161 	ld	l, #0x00
   003F 18 62         [12]  162 	jr	00109$
   0041                     163 00102$:
                            164 ;src/game.c:49: if (bx + bw <= ax) return 0;
   0041 DD 4E 0E      [19]  165 	ld	c, 14 (ix)
   0044 06 00         [ 7]  166 	ld	b, #0x00
   0046 DD 6E 0A      [19]  167 	ld	l,10 (ix)
   0049 DD 66 0B      [19]  168 	ld	h,11 (ix)
   004C 09            [11]  169 	add	hl, bc
   004D DD 7E 04      [19]  170 	ld	a, 4 (ix)
   0050 95            [ 4]  171 	sub	a, l
   0051 DD 7E 05      [19]  172 	ld	a, 5 (ix)
   0054 9C            [ 4]  173 	sbc	a, h
   0055 E2r5Ar00      [10]  174 	jp	PO, 00128$
   0058 EE 80         [ 7]  175 	xor	a, #0x80
   005A                     176 00128$:
   005A FAr61r00      [10]  177 	jp	M, 00104$
   005D 2E 00         [ 7]  178 	ld	l, #0x00
   005F 18 42         [12]  179 	jr	00109$
   0061                     180 00104$:
                            181 ;src/game.c:50: if (ay + ah <= by) return 0;
   0061 DD 4E 09      [19]  182 	ld	c, 9 (ix)
   0064 06 00         [ 7]  183 	ld	b, #0x00
   0066 DD 6E 06      [19]  184 	ld	l,6 (ix)
   0069 DD 66 07      [19]  185 	ld	h,7 (ix)
   006C 09            [11]  186 	add	hl, bc
   006D DD 7E 0C      [19]  187 	ld	a, 12 (ix)
   0070 95            [ 4]  188 	sub	a, l
   0071 DD 7E 0D      [19]  189 	ld	a, 13 (ix)
   0074 9C            [ 4]  190 	sbc	a, h
   0075 E2r7Ar00      [10]  191 	jp	PO, 00129$
   0078 EE 80         [ 7]  192 	xor	a, #0x80
   007A                     193 00129$:
   007A FAr81r00      [10]  194 	jp	M, 00106$
   007D 2E 00         [ 7]  195 	ld	l, #0x00
   007F 18 22         [12]  196 	jr	00109$
   0081                     197 00106$:
                            198 ;src/game.c:51: if (by + bh <= ay) return 0;
   0081 DD 4E 0F      [19]  199 	ld	c, 15 (ix)
   0084 06 00         [ 7]  200 	ld	b, #0x00
   0086 DD 6E 0C      [19]  201 	ld	l,12 (ix)
   0089 DD 66 0D      [19]  202 	ld	h,13 (ix)
   008C 09            [11]  203 	add	hl, bc
   008D DD 7E 06      [19]  204 	ld	a, 6 (ix)
   0090 95            [ 4]  205 	sub	a, l
   0091 DD 7E 07      [19]  206 	ld	a, 7 (ix)
   0094 9C            [ 4]  207 	sbc	a, h
   0095 E2r9Ar00      [10]  208 	jp	PO, 00130$
   0098 EE 80         [ 7]  209 	xor	a, #0x80
   009A                     210 00130$:
   009A FArA1r00      [10]  211 	jp	M, 00108$
   009D 2E 00         [ 7]  212 	ld	l, #0x00
   009F 18 02         [12]  213 	jr	00109$
   00A1                     214 00108$:
                            215 ;src/game.c:52: return 1;
   00A1 2E 01         [ 7]  216 	ld	l, #0x01
   00A3                     217 00109$:
   00A3 DD E1         [14]  218 	pop	ix
   00A5 C9            [10]  219 	ret
                            220 ;src/game.c:55: static void spawn_wave(u8 wave) {
                            221 ;	---------------------------------
                            222 ; Function spawn_wave
                            223 ; ---------------------------------
   00A6                     224 _spawn_wave:
   00A6 DD E5         [15]  225 	push	ix
   00A8 DD 21 00 00   [14]  226 	ld	ix,#0
   00AC DD 39         [15]  227 	add	ix,sp
   00AE F5            [11]  228 	push	af
   00AF F5            [11]  229 	push	af
   00B0 3B            [ 6]  230 	dec	sp
                            231 ;src/game.c:59: for (i = 0; i < MAX_ENEMIES; ++i) {
   00B1 01r09r00      [10]  232 	ld	bc, #_g_enemies+0
   00B4 1E 00         [ 7]  233 	ld	e, #0x00
   00B6                     234 00117$:
                            235 ;src/game.c:60: enemyinit(&g_enemies[i]);
   00B6 D5            [11]  236 	push	de
   00B7 16 00         [ 7]  237 	ld	d,#0x00
   00B9 6B            [ 4]  238 	ld	l, e
   00BA 62            [ 4]  239 	ld	h, d
   00BB 29            [11]  240 	add	hl, hl
   00BC 29            [11]  241 	add	hl, hl
   00BD 19            [11]  242 	add	hl, de
   00BE 29            [11]  243 	add	hl, hl
   00BF D1            [10]  244 	pop	de
   00C0 09            [11]  245 	add	hl, bc
   00C1 C5            [11]  246 	push	bc
   00C2 D5            [11]  247 	push	de
   00C3 E5            [11]  248 	push	hl
   00C4 CDr00r00      [17]  249 	call	_enemyinit
   00C7 F1            [10]  250 	pop	af
   00C8 D1            [10]  251 	pop	de
   00C9 C1            [10]  252 	pop	bc
                            253 ;src/game.c:59: for (i = 0; i < MAX_ENEMIES; ++i) {
   00CA 1C            [ 4]  254 	inc	e
   00CB 7B            [ 4]  255 	ld	a, e
   00CC D6 06         [ 7]  256 	sub	a, #0x06
   00CE 38 E6         [12]  257 	jr	C,00117$
                            258 ;src/game.c:64: else if (wave == 1) count = 3;
   00D0 DD 7E 04      [19]  259 	ld	a, 4 (ix)
   00D3 3D            [ 4]  260 	dec	a
   00D4 20 04         [12]  261 	jr	NZ,00190$
   00D6 3E 01         [ 7]  262 	ld	a,#0x01
   00D8 18 01         [12]  263 	jr	00191$
   00DA                     264 00190$:
   00DA AF            [ 4]  265 	xor	a,a
   00DB                     266 00191$:
   00DB 5F            [ 4]  267 	ld	e, a
                            268 ;src/game.c:63: if (wave == 0) count = 2;
   00DC DD 7E 04      [19]  269 	ld	a, 4 (ix)
   00DF B7            [ 4]  270 	or	a, a
   00E0 20 06         [12]  271 	jr	NZ,00106$
   00E2 DD 36 FC 02   [19]  272 	ld	-4 (ix), #0x02
   00E6 18 0E         [12]  273 	jr	00107$
   00E8                     274 00106$:
                            275 ;src/game.c:64: else if (wave == 1) count = 3;
   00E8 7B            [ 4]  276 	ld	a, e
   00E9 B7            [ 4]  277 	or	a, a
   00EA 28 06         [12]  278 	jr	Z,00103$
   00EC DD 36 FC 03   [19]  279 	ld	-4 (ix), #0x03
   00F0 18 04         [12]  280 	jr	00107$
   00F2                     281 00103$:
                            282 ;src/game.c:65: else count = 4;
   00F2 DD 36 FC 04   [19]  283 	ld	-4 (ix), #0x04
   00F6                     284 00107$:
                            285 ;src/game.c:67: if (count > MAX_ENEMIES) count = MAX_ENEMIES;
   00F6 3E 06         [ 7]  286 	ld	a, #0x06
   00F8 DD 96 FC      [19]  287 	sub	a, -4 (ix)
   00FB 30 04         [12]  288 	jr	NC,00148$
   00FD DD 36 FC 06   [19]  289 	ld	-4 (ix), #0x06
                            290 ;src/game.c:69: for (i = 0; i < count; ++i) {
   0101                     291 00148$:
   0101 DD 73 FF      [19]  292 	ld	-1 (ix), e
   0104 DD 36 FB 00   [19]  293 	ld	-5 (ix), #0x00
   0108                     294 00120$:
   0108 DD 7E FB      [19]  295 	ld	a, -5 (ix)
   010B DD 96 FC      [19]  296 	sub	a, -4 (ix)
   010E D2r9Br01      [10]  297 	jp	NC, 00116$
                            298 ;src/game.c:72: if (wave == 0) type = 0;
   0111 DD 7E 04      [19]  299 	ld	a, 4 (ix)
   0114 B7            [ 4]  300 	or	a,a
   0115 20 03         [12]  301 	jr	NZ,00114$
   0117 5F            [ 4]  302 	ld	e,a
   0118 18 27         [12]  303 	jr	00115$
   011A                     304 00114$:
                            305 ;src/game.c:73: else if (wave == 1) type = (u8)((i == 0) ? 1 : 0);
   011A DD 7E FF      [19]  306 	ld	a, -1 (ix)
   011D B7            [ 4]  307 	or	a, a
   011E 28 0E         [12]  308 	jr	Z,00111$
   0120 DD 7E FB      [19]  309 	ld	a, -5 (ix)
   0123 B7            [ 4]  310 	or	a, a
   0124 20 04         [12]  311 	jr	NZ,00124$
   0126 1E 01         [ 7]  312 	ld	e, #0x01
   0128 18 17         [12]  313 	jr	00115$
   012A                     314 00124$:
   012A 1E 00         [ 7]  315 	ld	e, #0x00
   012C 18 13         [12]  316 	jr	00115$
   012E                     317 00111$:
                            318 ;src/game.c:74: else type = (u8)((i == 0 || i == 3) ? 2 : 1);
   012E DD 7E FB      [19]  319 	ld	a, -5 (ix)
   0131 B7            [ 4]  320 	or	a, a
   0132 28 07         [12]  321 	jr	Z,00129$
   0134 DD 7E FB      [19]  322 	ld	a, -5 (ix)
   0137 D6 03         [ 7]  323 	sub	a, #0x03
   0139 20 04         [12]  324 	jr	NZ,00126$
   013B                     325 00129$:
   013B 1E 02         [ 7]  326 	ld	e, #0x02
   013D 18 02         [12]  327 	jr	00127$
   013F                     328 00126$:
   013F 1E 01         [ 7]  329 	ld	e, #0x01
   0141                     330 00127$:
   0141                     331 00115$:
                            332 ;src/game.c:76: spawn_y = (type == 2) ? 84 : 112;
   0141 7B            [ 4]  333 	ld	a, e
   0142 D6 02         [ 7]  334 	sub	a, #0x02
   0144 20 04         [12]  335 	jr	NZ,00131$
   0146 16 54         [ 7]  336 	ld	d, #0x54
   0148 18 02         [12]  337 	jr	00132$
   014A                     338 00131$:
   014A 16 70         [ 7]  339 	ld	d, #0x70
   014C                     340 00132$:
                            341 ;src/game.c:77: enemyspawn(&g_enemies[i], (u8)(46 + (i * 8)), spawn_y, type, (u8)((i & 1) ? 1 : 0));
   014C DD CB FB 46   [20]  342 	bit	0, -5 (ix)
   0150 28 06         [12]  343 	jr	Z,00133$
   0152 DD 36 FE 01   [19]  344 	ld	-2 (ix), #0x01
   0156 18 04         [12]  345 	jr	00134$
   0158                     346 00133$:
   0158 DD 36 FE 00   [19]  347 	ld	-2 (ix), #0x00
   015C                     348 00134$:
   015C DD 7E FB      [19]  349 	ld	a, -5 (ix)
   015F 07            [ 4]  350 	rlca
   0160 07            [ 4]  351 	rlca
   0161 07            [ 4]  352 	rlca
   0162 E6 F8         [ 7]  353 	and	a, #0xf8
   0164 C6 2E         [ 7]  354 	add	a, #0x2e
   0166 DD 77 FD      [19]  355 	ld	-3 (ix), a
   0169 D5            [11]  356 	push	de
   016A DD 5E FB      [19]  357 	ld	e,-5 (ix)
   016D 16 00         [ 7]  358 	ld	d,#0x00
   016F 6B            [ 4]  359 	ld	l, e
   0170 62            [ 4]  360 	ld	h, d
   0171 29            [11]  361 	add	hl, hl
   0172 29            [11]  362 	add	hl, hl
   0173 19            [11]  363 	add	hl, de
   0174 29            [11]  364 	add	hl, hl
   0175 D1            [10]  365 	pop	de
   0176 09            [11]  366 	add	hl, bc
   0177 E5            [11]  367 	push	hl
   0178 FD E1         [14]  368 	pop	iy
   017A C5            [11]  369 	push	bc
   017B DD 7E FE      [19]  370 	ld	a, -2 (ix)
   017E F5            [11]  371 	push	af
   017F 33            [ 6]  372 	inc	sp
   0180 7B            [ 4]  373 	ld	a, e
   0181 F5            [11]  374 	push	af
   0182 33            [ 6]  375 	inc	sp
   0183 D5            [11]  376 	push	de
   0184 33            [ 6]  377 	inc	sp
   0185 DD 7E FD      [19]  378 	ld	a, -3 (ix)
   0188 F5            [11]  379 	push	af
   0189 33            [ 6]  380 	inc	sp
   018A FD E5         [15]  381 	push	iy
   018C CDr00r00      [17]  382 	call	_enemyspawn
   018F 21 06 00      [10]  383 	ld	hl, #6
   0192 39            [11]  384 	add	hl, sp
   0193 F9            [ 6]  385 	ld	sp, hl
   0194 C1            [10]  386 	pop	bc
                            387 ;src/game.c:69: for (i = 0; i < count; ++i) {
   0195 DD 34 FB      [23]  388 	inc	-5 (ix)
   0198 C3r08r01      [10]  389 	jp	00120$
   019B                     390 00116$:
                            391 ;src/game.c:80: g_aliveenemies = count;
   019B DD 7E FC      [19]  392 	ld	a, -4 (ix)
   019E 32r87r00      [13]  393 	ld	(#_g_aliveenemies + 0),a
   01A1 DD F9         [10]  394 	ld	sp, ix
   01A3 DD E1         [14]  395 	pop	ix
   01A5 C9            [10]  396 	ret
                            397 ;src/game.c:83: static void spawn_boss(void) {
                            398 ;	---------------------------------
                            399 ; Function spawn_boss
                            400 ; ---------------------------------
   01A6                     401 _spawn_boss:
                            402 ;src/game.c:84: enemyinit(&g_boss);
   01A6 21r92r00      [10]  403 	ld	hl, #_g_boss
   01A9 E5            [11]  404 	push	hl
   01AA CDr00r00      [17]  405 	call	_enemyinit
   01AD F1            [10]  406 	pop	af
                            407 ;src/game.c:85: enemyspawn(&g_boss, 68, 112, 1, 0);
   01AE 21 01 00      [10]  408 	ld	hl, #0x0001
   01B1 E5            [11]  409 	push	hl
   01B2 21 44 70      [10]  410 	ld	hl, #0x7044
   01B5 E5            [11]  411 	push	hl
   01B6 21r92r00      [10]  412 	ld	hl, #_g_boss
   01B9 E5            [11]  413 	push	hl
   01BA CDr00r00      [17]  414 	call	_enemyspawn
   01BD 21 06 00      [10]  415 	ld	hl, #6
   01C0 39            [11]  416 	add	hl, sp
   01C1 F9            [ 6]  417 	ld	sp, hl
                            418 ;src/game.c:86: g_boss.w = 10;
   01C2 21r96r00      [10]  419 	ld	hl, #(_g_boss + 0x0004)
   01C5 36 0A         [10]  420 	ld	(hl), #0x0a
                            421 ;src/game.c:87: g_boss.h = 18;
   01C7 21r97r00      [10]  422 	ld	hl, #(_g_boss + 0x0005)
   01CA 36 12         [10]  423 	ld	(hl), #0x12
                            424 ;src/game.c:88: g_boss.health = 10;
   01CC 21r99r00      [10]  425 	ld	hl, #(_g_boss + 0x0007)
   01CF 36 0A         [10]  426 	ld	(hl), #0x0a
                            427 ;src/game.c:89: g_boss.reward = 1500;
   01D1 21r9Ar00      [10]  428 	ld	hl, #(_g_boss + 0x0008)
   01D4 36 DC         [10]  429 	ld	(hl), #0xdc
                            430 ;src/game.c:90: g_boss.kind = 3;
   01D6 21r9Br00      [10]  431 	ld	hl, #(_g_boss + 0x0009)
   01D9 36 03         [10]  432 	ld	(hl), #0x03
                            433 ;src/game.c:91: g_boss.vx = -1;
   01DB 21r94r00      [10]  434 	ld	hl, #(_g_boss + 0x0002)
   01DE 36 FF         [10]  435 	ld	(hl), #0xff
                            436 ;src/game.c:92: g_bossactive = 1;
   01E0 21r9Cr00      [10]  437 	ld	hl,#_g_bossactive + 0
   01E3 36 01         [10]  438 	ld	(hl), #0x01
                            439 ;src/game.c:93: g_bossphase = 0;
   01E5 21r9Dr00      [10]  440 	ld	hl,#_g_bossphase + 0
   01E8 36 00         [10]  441 	ld	(hl), #0x00
   01EA C9            [10]  442 	ret
                            443 ;src/game.c:96: static void try_fire_projectile(void) {
                            444 ;	---------------------------------
                            445 ; Function try_fire_projectile
                            446 ; ---------------------------------
   01EB                     447 _try_fire_projectile:
   01EB DD E5         [15]  448 	push	ix
   01ED DD 21 00 00   [14]  449 	ld	ix,#0
   01F1 DD 39         [15]  450 	add	ix,sp
   01F3 F5            [11]  451 	push	af
   01F4 3B            [ 6]  452 	dec	sp
                            453 ;src/game.c:100: if (!input_is_shoot_just_pressed()) return;
   01F5 CDr00r00      [17]  454 	call	_input_is_shoot_just_pressed
   01F8 7D            [ 4]  455 	ld	a, l
   01F9 B7            [ 4]  456 	or	a, a
   01FA CAr8Cr02      [10]  457 	jp	Z,00110$
                            458 ;src/game.c:101: if (g_shootcooldown) return;
   01FD 3Ar8Ar00      [13]  459 	ld	a,(#_g_shootcooldown + 0)
   0200 B7            [ 4]  460 	or	a, a
   0201 C2r8Cr02      [10]  461 	jp	NZ,00110$
                            462 ;src/game.c:103: dir = g_player.facing_left ? -3 : 3;
   0204 3Ar07r00      [13]  463 	ld	a, (#_g_player + 7)
   0207 B7            [ 4]  464 	or	a, a
   0208 28 04         [12]  465 	jr	Z,00112$
   020A 0E FD         [ 7]  466 	ld	c, #0xfd
   020C 18 02         [12]  467 	jr	00113$
   020E                     468 00112$:
   020E 0E 03         [ 7]  469 	ld	c, #0x03
   0210                     470 00113$:
                            471 ;src/game.c:105: for (i = 0; i < MAX_PROJECTILES; ++i) {
   0210 DD 36 FD 00   [19]  472 	ld	-3 (ix), #0x00
   0214 06 00         [ 7]  473 	ld	b, #0x00
   0216                     474 00108$:
                            475 ;src/game.c:106: if (!g_projectiles[i].active) {
   0216 58            [ 4]  476 	ld	e,b
   0217 16 00         [ 7]  477 	ld	d,#0x00
   0219 6B            [ 4]  478 	ld	l, e
   021A 62            [ 4]  479 	ld	h, d
   021B 29            [11]  480 	add	hl, hl
   021C 29            [11]  481 	add	hl, hl
   021D 19            [11]  482 	add	hl, de
   021E 29            [11]  483 	add	hl, hl
   021F 11r45r00      [10]  484 	ld	de, #_g_projectiles
   0222 19            [11]  485 	add	hl, de
   0223 11 06 00      [10]  486 	ld	de, #0x0006
   0226 19            [11]  487 	add	hl, de
   0227 7E            [ 7]  488 	ld	a, (hl)
   0228 B7            [ 4]  489 	or	a, a
   0229 20 58         [12]  490 	jr	NZ,00109$
                            491 ;src/game.c:108: projectilefire(&g_projectiles[i], (u8)(g_player.x + 2), (u8)(g_player.y + 6), dir, g_weaponlevel > 0 ? 1 : 0);
   022B 3Ar9Er00      [13]  492 	ld	a,(#_g_weaponlevel + 0)
   022E B7            [ 4]  493 	or	a, a
   022F 28 06         [12]  494 	jr	Z,00114$
   0231 DD 36 FF 01   [19]  495 	ld	-1 (ix), #0x01
   0235 18 04         [12]  496 	jr	00115$
   0237                     497 00114$:
   0237 DD 36 FF 00   [19]  498 	ld	-1 (ix), #0x00
   023B                     499 00115$:
   023B 3Ar01r00      [13]  500 	ld	a, (#_g_player + 1)
   023E C6 06         [ 7]  501 	add	a, #0x06
   0240 DD 77 FE      [19]  502 	ld	-2 (ix), a
   0243 21r00r00      [10]  503 	ld	hl, #_g_player + 0
   0246 46            [ 7]  504 	ld	b, (hl)
   0247 04            [ 4]  505 	inc	b
   0248 04            [ 4]  506 	inc	b
   0249 DD 5E FD      [19]  507 	ld	e,-3 (ix)
   024C 16 00         [ 7]  508 	ld	d,#0x00
   024E 6B            [ 4]  509 	ld	l, e
   024F 62            [ 4]  510 	ld	h, d
   0250 29            [11]  511 	add	hl, hl
   0251 29            [11]  512 	add	hl, hl
   0252 19            [11]  513 	add	hl, de
   0253 29            [11]  514 	add	hl, hl
   0254 11r45r00      [10]  515 	ld	de, #_g_projectiles
   0257 19            [11]  516 	add	hl, de
   0258 EB            [ 4]  517 	ex	de,hl
   0259 DD 7E FF      [19]  518 	ld	a, -1 (ix)
   025C F5            [11]  519 	push	af
   025D 33            [ 6]  520 	inc	sp
   025E 79            [ 4]  521 	ld	a, c
   025F F5            [11]  522 	push	af
   0260 33            [ 6]  523 	inc	sp
   0261 DD 7E FE      [19]  524 	ld	a, -2 (ix)
   0264 F5            [11]  525 	push	af
   0265 33            [ 6]  526 	inc	sp
   0266 C5            [11]  527 	push	bc
   0267 33            [ 6]  528 	inc	sp
   0268 D5            [11]  529 	push	de
   0269 CDr00r00      [17]  530 	call	_projectilefire
   026C 21 06 00      [10]  531 	ld	hl, #6
   026F 39            [11]  532 	add	hl, sp
   0270 F9            [ 6]  533 	ld	sp, hl
                            534 ;src/game.c:109: g_shootcooldown = g_weaponlevel > 0 ? 4 : 8;
   0271 3Ar9Er00      [13]  535 	ld	a,(#_g_weaponlevel + 0)
   0274 B7            [ 4]  536 	or	a, a
   0275 28 04         [12]  537 	jr	Z,00116$
   0277 0E 04         [ 7]  538 	ld	c, #0x04
   0279 18 02         [12]  539 	jr	00117$
   027B                     540 00116$:
   027B 0E 08         [ 7]  541 	ld	c, #0x08
   027D                     542 00117$:
   027D 21r8Ar00      [10]  543 	ld	hl,#_g_shootcooldown + 0
   0280 71            [ 7]  544 	ld	(hl), c
                            545 ;src/game.c:110: break;
   0281 18 09         [12]  546 	jr	00110$
   0283                     547 00109$:
                            548 ;src/game.c:105: for (i = 0; i < MAX_PROJECTILES; ++i) {
   0283 04            [ 4]  549 	inc	b
   0284 DD 70 FD      [19]  550 	ld	-3 (ix), b
   0287 78            [ 4]  551 	ld	a, b
   0288 D6 06         [ 7]  552 	sub	a, #0x06
   028A 38 8A         [12]  553 	jr	C,00108$
   028C                     554 00110$:
   028C DD F9         [10]  555 	ld	sp, ix
   028E DD E1         [14]  556 	pop	ix
   0290 C9            [10]  557 	ret
                            558 ;src/game.c:115: static void register_player_hit(void) {
                            559 ;	---------------------------------
                            560 ; Function register_player_hit
                            561 ; ---------------------------------
   0291                     562 _register_player_hit:
                            563 ;src/game.c:116: if (g_lives) {
   0291 FD 21r81r00   [14]  564 	ld	iy, #_g_lives
   0295 FD 7E 00      [19]  565 	ld	a, 0 (iy)
   0298 B7            [ 4]  566 	or	a, a
   0299 28 03         [12]  567 	jr	Z,00102$
                            568 ;src/game.c:117: g_lives--;
   029B FD 35 00      [23]  569 	dec	0 (iy)
   029E                     570 00102$:
                            571 ;src/game.c:119: if (g_lives == 0) {
   029E 3Ar81r00      [13]  572 	ld	a,(#_g_lives + 0)
   02A1 B7            [ 4]  573 	or	a, a
   02A2 20 06         [12]  574 	jr	NZ,00104$
                            575 ;src/game.c:120: g_gameover = 1;
   02A4 21r8Cr00      [10]  576 	ld	hl,#_g_gameover + 0
   02A7 36 01         [10]  577 	ld	(hl), #0x01
                            578 ;src/game.c:121: return;
   02A9 C9            [10]  579 	ret
   02AA                     580 00104$:
                            581 ;src/game.c:124: reset_player_to_checkpoint();
   02AA CDr00r00      [17]  582 	call	_reset_player_to_checkpoint
                            583 ;src/game.c:125: g_damagecooldown = 40;
   02AD 21r89r00      [10]  584 	ld	hl,#_g_damagecooldown + 0
   02B0 36 28         [10]  585 	ld	(hl), #0x28
   02B2 C9            [10]  586 	ret
                            587 ;src/game.c:128: void game_init(void) {
                            588 ;	---------------------------------
                            589 ; Function game_init
                            590 ; ---------------------------------
   02B3                     591 _game_init::
                            592 ;src/game.c:131: cpct_disableFirmware();
   02B3 CDr00r00      [17]  593 	call	_cpct_disableFirmware
                            594 ;src/game.c:132: cpct_setVideoMode(1);
   02B6 2E 01         [ 7]  595 	ld	l, #0x01
   02B8 CDr00r00      [17]  596 	call	_cpct_setVideoMode
                            597 ;src/game.c:133: cpct_clearScreen(0x00);
   02BB 21 00 40      [10]  598 	ld	hl, #0x4000
   02BE E5            [11]  599 	push	hl
   02BF AF            [ 4]  600 	xor	a, a
   02C0 F5            [11]  601 	push	af
   02C1 33            [ 6]  602 	inc	sp
   02C2 26 C0         [ 7]  603 	ld	h, #0xc0
   02C4 E5            [11]  604 	push	hl
   02C5 CDr00r00      [17]  605 	call	_cpct_memset
                            606 ;src/game.c:134: tilemap_init();
   02C8 CDr00r00      [17]  607 	call	_tilemap_init
                            608 ;src/game.c:135: collision_init();
   02CB CDr00r00      [17]  609 	call	_collision_init
                            610 ;src/game.c:136: playerinit(&g_player);
   02CE 21r00r00      [10]  611 	ld	hl, #_g_player
   02D1 E5            [11]  612 	push	hl
   02D2 CDr00r00      [17]  613 	call	_playerinit
   02D5 F1            [10]  614 	pop	af
                            615 ;src/game.c:137: hudinit();
   02D6 CDr00r00      [17]  616 	call	_hudinit
                            617 ;src/game.c:139: for (i = 0; i < MAX_PROJECTILES; ++i) {
   02D9 0E 00         [ 7]  618 	ld	c, #0x00
   02DB                     619 00102$:
                            620 ;src/game.c:140: projectileinit(&g_projectiles[i]);
   02DB 06 00         [ 7]  621 	ld	b,#0x00
   02DD 69            [ 4]  622 	ld	l, c
   02DE 60            [ 4]  623 	ld	h, b
   02DF 29            [11]  624 	add	hl, hl
   02E0 29            [11]  625 	add	hl, hl
   02E1 09            [11]  626 	add	hl, bc
   02E2 29            [11]  627 	add	hl, hl
   02E3 11r45r00      [10]  628 	ld	de, #_g_projectiles
   02E6 19            [11]  629 	add	hl, de
   02E7 C5            [11]  630 	push	bc
   02E8 E5            [11]  631 	push	hl
   02E9 CDr00r00      [17]  632 	call	_projectileinit
   02EC F1            [10]  633 	pop	af
   02ED C1            [10]  634 	pop	bc
                            635 ;src/game.c:139: for (i = 0; i < MAX_PROJECTILES; ++i) {
   02EE 0C            [ 4]  636 	inc	c
   02EF 79            [ 4]  637 	ld	a, c
   02F0 D6 06         [ 7]  638 	sub	a, #0x06
   02F2 38 E7         [12]  639 	jr	C,00102$
                            640 ;src/game.c:143: g_lives = 3;
   02F4 21r81r00      [10]  641 	ld	hl,#_g_lives + 0
   02F7 36 03         [10]  642 	ld	(hl), #0x03
                            643 ;src/game.c:144: g_score = 0;
   02F9 21 00 00      [10]  644 	ld	hl, #0x0000
   02FC 22r82r00      [16]  645 	ld	(_g_score), hl
                            646 ;src/game.c:145: g_timeleft = 99;
   02FF FD 21r84r00   [14]  647 	ld	iy, #_g_timeleft
   0303 FD 36 00 63   [19]  648 	ld	0 (iy), #0x63
                            649 ;src/game.c:146: g_weapondisplay = 1;
   0307 FD 21r85r00   [14]  650 	ld	iy, #_g_weapondisplay
   030B FD 36 00 01   [19]  651 	ld	0 (iy), #0x01
                            652 ;src/game.c:147: g_currentwave = 0;
   030F FD 21r86r00   [14]  653 	ld	iy, #_g_currentwave
   0313 FD 36 00 00   [19]  654 	ld	0 (iy), #0x00
                            655 ;src/game.c:148: g_wavecooldown = 1;
   0317 FD 21r88r00   [14]  656 	ld	iy, #_g_wavecooldown
   031B FD 36 00 01   [19]  657 	ld	0 (iy), #0x01
                            658 ;src/game.c:149: g_damagecooldown = 0;
   031F FD 21r89r00   [14]  659 	ld	iy, #_g_damagecooldown
   0323 FD 36 00 00   [19]  660 	ld	0 (iy), #0x00
                            661 ;src/game.c:150: g_shootcooldown = 0;
   0327 FD 21r8Ar00   [14]  662 	ld	iy, #_g_shootcooldown
   032B FD 36 00 00   [19]  663 	ld	0 (iy), #0x00
                            664 ;src/game.c:151: g_victory = 0;
   032F FD 21r8Br00   [14]  665 	ld	iy, #_g_victory
   0333 FD 36 00 00   [19]  666 	ld	0 (iy), #0x00
                            667 ;src/game.c:152: g_gameover = 0;
   0337 FD 21r8Cr00   [14]  668 	ld	iy, #_g_gameover
   033B FD 36 00 00   [19]  669 	ld	0 (iy), #0x00
                            670 ;src/game.c:153: g_framecounter = 0;
   033F 2E 00         [ 7]  671 	ld	l, #0x00
   0341 22r8Dr00      [16]  672 	ld	(_g_framecounter), hl
                            673 ;src/game.c:154: g_checkpointx = 20;
   0344 21r8Fr00      [10]  674 	ld	hl,#_g_checkpointx + 0
   0347 36 14         [10]  675 	ld	(hl), #0x14
                            676 ;src/game.c:155: g_checkpointy = 120;
   0349 21r90r00      [10]  677 	ld	hl,#_g_checkpointy + 0
   034C 36 78         [10]  678 	ld	(hl), #0x78
                            679 ;src/game.c:156: g_checkpointactive = 0;
   034E 21r91r00      [10]  680 	ld	hl,#_g_checkpointactive + 0
   0351 36 00         [10]  681 	ld	(hl), #0x00
                            682 ;src/game.c:157: g_bossactive = 0;
   0353 21r9Cr00      [10]  683 	ld	hl,#_g_bossactive + 0
   0356 36 00         [10]  684 	ld	(hl), #0x00
                            685 ;src/game.c:158: g_weaponlevel = 0;
   0358 21r9Er00      [10]  686 	ld	hl,#_g_weaponlevel + 0
   035B 36 00         [10]  687 	ld	(hl), #0x00
                            688 ;src/game.c:159: g_pickuptaken = 0;
   035D 21r9Fr00      [10]  689 	ld	hl,#_g_pickuptaken + 0
   0360 36 00         [10]  690 	ld	(hl), #0x00
                            691 ;src/game.c:160: enemyinit(&g_boss);
   0362 21r92r00      [10]  692 	ld	hl, #_g_boss
   0365 E5            [11]  693 	push	hl
   0366 CDr00r00      [17]  694 	call	_enemyinit
   0369 F1            [10]  695 	pop	af
   036A C9            [10]  696 	ret
                            697 ;src/game.c:163: void game_update(void) {
                            698 ;	---------------------------------
                            699 ; Function game_update
                            700 ; ---------------------------------
   036B                     701 _game_update::
   036B DD E5         [15]  702 	push	ix
   036D DD 21 00 00   [14]  703 	ld	ix,#0
   0371 DD 39         [15]  704 	add	ix,sp
   0373 21 E7 FF      [10]  705 	ld	hl, #-25
   0376 39            [11]  706 	add	hl, sp
   0377 F9            [ 6]  707 	ld	sp, hl
                            708 ;src/game.c:167: input_update();
   0378 CDr00r00      [17]  709 	call	_input_update
                            710 ;src/game.c:169: if (g_gameover || g_victory) {
   037B 3Ar8Cr00      [13]  711 	ld	a,(#_g_gameover + 0)
   037E B7            [ 4]  712 	or	a, a
   037F 20 06         [12]  713 	jr	NZ,00101$
   0381 3Ar8Br00      [13]  714 	ld	a,(#_g_victory + 0)
   0384 B7            [ 4]  715 	or	a, a
   0385 28 1C         [12]  716 	jr	Z,00102$
   0387                     717 00101$:
                            718 ;src/game.c:170: hudupdate(g_lives, g_score, g_timeleft, g_weapondisplay);
   0387 3Ar85r00      [13]  719 	ld	a, (_g_weapondisplay)
   038A F5            [11]  720 	push	af
   038B 33            [ 6]  721 	inc	sp
   038C 3Ar84r00      [13]  722 	ld	a, (_g_timeleft)
   038F F5            [11]  723 	push	af
   0390 33            [ 6]  724 	inc	sp
   0391 2Ar82r00      [16]  725 	ld	hl, (_g_score)
   0394 E5            [11]  726 	push	hl
   0395 3Ar81r00      [13]  727 	ld	a, (_g_lives)
   0398 F5            [11]  728 	push	af
   0399 33            [ 6]  729 	inc	sp
   039A CDr00r00      [17]  730 	call	_hudupdate
   039D F1            [10]  731 	pop	af
   039E F1            [10]  732 	pop	af
   039F 33            [ 6]  733 	inc	sp
                            734 ;src/game.c:171: return;
   03A0 C3r8Cr09      [10]  735 	jp	00181$
   03A3                     736 00102$:
                            737 ;src/game.c:174: playerupdate(&g_player);
   03A3 21r00r00      [10]  738 	ld	hl, #_g_player
   03A6 E5            [11]  739 	push	hl
   03A7 CDr00r00      [17]  740 	call	_playerupdate
   03AA F1            [10]  741 	pop	af
                            742 ;src/game.c:175: try_fire_projectile();
   03AB CDrEBr01      [17]  743 	call	_try_fire_projectile
                            744 ;src/game.c:177: if (g_shootcooldown) g_shootcooldown--;
   03AE FD 21r8Ar00   [14]  745 	ld	iy, #_g_shootcooldown
   03B2 FD 7E 00      [19]  746 	ld	a, 0 (iy)
   03B5 B7            [ 4]  747 	or	a, a
   03B6 28 03         [12]  748 	jr	Z,00105$
   03B8 FD 35 00      [23]  749 	dec	0 (iy)
   03BB                     750 00105$:
                            751 ;src/game.c:178: if (g_damagecooldown) g_damagecooldown--;
   03BB FD 21r89r00   [14]  752 	ld	iy, #_g_damagecooldown
   03BF FD 7E 00      [19]  753 	ld	a, 0 (iy)
   03C2 B7            [ 4]  754 	or	a, a
   03C3 28 03         [12]  755 	jr	Z,00192$
   03C5 FD 35 00      [23]  756 	dec	0 (iy)
                            757 ;src/game.c:180: for (i = 0; i < MAX_PROJECTILES; ++i) {
   03C8                     758 00192$:
   03C8 0E 00         [ 7]  759 	ld	c, #0x00
   03CA                     760 00174$:
                            761 ;src/game.c:181: projectileupdate(&g_projectiles[i]);
   03CA 06 00         [ 7]  762 	ld	b,#0x00
   03CC 69            [ 4]  763 	ld	l, c
   03CD 60            [ 4]  764 	ld	h, b
   03CE 29            [11]  765 	add	hl, hl
   03CF 29            [11]  766 	add	hl, hl
   03D0 09            [11]  767 	add	hl, bc
   03D1 29            [11]  768 	add	hl, hl
   03D2 11r45r00      [10]  769 	ld	de, #_g_projectiles
   03D5 19            [11]  770 	add	hl, de
   03D6 C5            [11]  771 	push	bc
   03D7 E5            [11]  772 	push	hl
   03D8 CDr00r00      [17]  773 	call	_projectileupdate
   03DB F1            [10]  774 	pop	af
   03DC C1            [10]  775 	pop	bc
                            776 ;src/game.c:180: for (i = 0; i < MAX_PROJECTILES; ++i) {
   03DD 0C            [ 4]  777 	inc	c
   03DE 79            [ 4]  778 	ld	a, c
   03DF D6 06         [ 7]  779 	sub	a, #0x06
   03E1 38 E7         [12]  780 	jr	C,00174$
                            781 ;src/game.c:184: for (i = 0; i < MAX_ENEMIES; ++i) {
   03E3 0E 00         [ 7]  782 	ld	c, #0x00
   03E5                     783 00176$:
                            784 ;src/game.c:185: enemyupdate(&g_enemies[i]);
   03E5 06 00         [ 7]  785 	ld	b,#0x00
   03E7 69            [ 4]  786 	ld	l, c
   03E8 60            [ 4]  787 	ld	h, b
   03E9 29            [11]  788 	add	hl, hl
   03EA 29            [11]  789 	add	hl, hl
   03EB 09            [11]  790 	add	hl, bc
   03EC 29            [11]  791 	add	hl, hl
   03ED 11r09r00      [10]  792 	ld	de, #_g_enemies
   03F0 19            [11]  793 	add	hl, de
   03F1 C5            [11]  794 	push	bc
   03F2 E5            [11]  795 	push	hl
   03F3 CDr00r00      [17]  796 	call	_enemyupdate
   03F6 F1            [10]  797 	pop	af
   03F7 C1            [10]  798 	pop	bc
                            799 ;src/game.c:184: for (i = 0; i < MAX_ENEMIES; ++i) {
   03F8 0C            [ 4]  800 	inc	c
   03F9 79            [ 4]  801 	ld	a, c
   03FA D6 06         [ 7]  802 	sub	a, #0x06
   03FC 38 E7         [12]  803 	jr	C,00176$
                            804 ;src/game.c:188: if (g_bossactive) {
   03FE 3Ar9Cr00      [13]  805 	ld	a,(#_g_bossactive + 0)
   0401 B7            [ 4]  806 	or	a, a
   0402 28 71         [12]  807 	jr	Z,00211$
                            808 ;src/game.c:189: if (g_boss.health > 4) g_bossphase = 0;
   0404 21r99r00      [10]  809 	ld	hl, #_g_boss + 7
   0407 4E            [ 7]  810 	ld	c, (hl)
   0408 3E 04         [ 7]  811 	ld	a, #0x04
   040A 91            [ 4]  812 	sub	a, c
   040B 30 07         [12]  813 	jr	NC,00111$
   040D 21r9Dr00      [10]  814 	ld	hl,#_g_bossphase + 0
   0410 36 00         [10]  815 	ld	(hl), #0x00
   0412 18 05         [12]  816 	jr	00112$
   0414                     817 00111$:
                            818 ;src/game.c:190: else g_bossphase = 1;
   0414 21r9Dr00      [10]  819 	ld	hl,#_g_bossphase + 0
   0417 36 01         [10]  820 	ld	(hl), #0x01
   0419                     821 00112$:
                            822 ;src/game.c:192: g_boss.vx = (i8)(g_player.x + 2 < g_boss.x ? -(g_bossphase ? 2 : 1) : (g_bossphase ? 2 : 1));
   0419 3Ar00r00      [13]  823 	ld	a,(#_g_player + 0)
   041C DD 77 F9      [19]  824 	ld	-7 (ix), a
   041F DD 77 F7      [19]  825 	ld	-9 (ix), a
   0422 DD 36 F8 00   [19]  826 	ld	-8 (ix), #0x00
   0426 DD 7E F7      [19]  827 	ld	a, -9 (ix)
   0429 C6 02         [ 7]  828 	add	a, #0x02
   042B DD 77 F7      [19]  829 	ld	-9 (ix), a
   042E DD 7E F8      [19]  830 	ld	a, -8 (ix)
   0431 CE 00         [ 7]  831 	adc	a, #0x00
   0433 DD 77 F8      [19]  832 	ld	-8 (ix), a
   0436 21r92r00      [10]  833 	ld	hl, #_g_boss + 0
   0439 4E            [ 7]  834 	ld	c, (hl)
   043A 06 00         [ 7]  835 	ld	b, #0x00
   043C DD 7E F7      [19]  836 	ld	a, -9 (ix)
   043F 91            [ 4]  837 	sub	a, c
   0440 DD 7E F8      [19]  838 	ld	a, -8 (ix)
   0443 98            [ 4]  839 	sbc	a, b
   0444 E2r49r04      [10]  840 	jp	PO, 00380$
   0447 EE 80         [ 7]  841 	xor	a, #0x80
   0449                     842 00380$:
   0449 F2r5Dr04      [10]  843 	jp	P, 00183$
   044C 3Ar9Dr00      [13]  844 	ld	a,(#_g_bossphase + 0)
   044F B7            [ 4]  845 	or	a, a
   0450 28 04         [12]  846 	jr	Z,00185$
   0452 0E 02         [ 7]  847 	ld	c, #0x02
   0454 18 02         [12]  848 	jr	00186$
   0456                     849 00185$:
   0456 0E 01         [ 7]  850 	ld	c, #0x01
   0458                     851 00186$:
   0458 AF            [ 4]  852 	xor	a, a
   0459 91            [ 4]  853 	sub	a, c
   045A 4F            [ 4]  854 	ld	c, a
   045B 18 0C         [12]  855 	jr	00184$
   045D                     856 00183$:
   045D 3Ar9Dr00      [13]  857 	ld	a,(#_g_bossphase + 0)
   0460 B7            [ 4]  858 	or	a, a
   0461 28 04         [12]  859 	jr	Z,00187$
   0463 0E 02         [ 7]  860 	ld	c, #0x02
   0465 18 02         [12]  861 	jr	00188$
   0467                     862 00187$:
   0467 0E 01         [ 7]  863 	ld	c, #0x01
   0469                     864 00188$:
   0469                     865 00184$:
   0469 21r94r00      [10]  866 	ld	hl, #(_g_boss + 0x0002)
   046C 71            [ 7]  867 	ld	(hl), c
                            868 ;src/game.c:193: enemyupdate(&g_boss);
   046D 21r92r00      [10]  869 	ld	hl, #_g_boss
   0470 E5            [11]  870 	push	hl
   0471 CDr00r00      [17]  871 	call	_enemyupdate
   0474 F1            [10]  872 	pop	af
                            873 ;src/game.c:196: for (i = 0; i < MAX_PROJECTILES; ++i) {
   0475                     874 00211$:
   0475 0E 00         [ 7]  875 	ld	c, #0x00
   0477                     876 00179$:
                            877 ;src/game.c:197: if (!g_projectiles[i].active) continue;
   0477 06 00         [ 7]  878 	ld	b,#0x00
   0479 69            [ 4]  879 	ld	l, c
   047A 60            [ 4]  880 	ld	h, b
   047B 29            [11]  881 	add	hl, hl
   047C 29            [11]  882 	add	hl, hl
   047D 09            [11]  883 	add	hl, bc
   047E 29            [11]  884 	add	hl, hl
   047F EB            [ 4]  885 	ex	de,hl
   0480 21r45r00      [10]  886 	ld	hl, #_g_projectiles
   0483 19            [11]  887 	add	hl,de
   0484 EB            [ 4]  888 	ex	de,hl
   0485 21 06 00      [10]  889 	ld	hl, #0x0006
   0488 19            [11]  890 	add	hl,de
   0489 DD 75 F7      [19]  891 	ld	-9 (ix), l
   048C DD 74 F8      [19]  892 	ld	-8 (ix), h
   048F 7E            [ 7]  893 	ld	a, (hl)
   0490 B7            [ 4]  894 	or	a, a
   0491 CArB2r06      [10]  895 	jp	Z, 00133$
                            896 ;src/game.c:198: for (j = 0; j < MAX_ENEMIES; ++j) {
   0494 DD 36 E7 00   [19]  897 	ld	-25 (ix), #0x00
   0498                     898 00178$:
                            899 ;src/game.c:199: if (!g_enemies[j].active) continue;
   0498 D5            [11]  900 	push	de
   0499 DD 5E E7      [19]  901 	ld	e,-25 (ix)
   049C 16 00         [ 7]  902 	ld	d,#0x00
   049E 6B            [ 4]  903 	ld	l, e
   049F 62            [ 4]  904 	ld	h, d
   04A0 29            [11]  905 	add	hl, hl
   04A1 29            [11]  906 	add	hl, hl
   04A2 19            [11]  907 	add	hl, de
   04A3 29            [11]  908 	add	hl, hl
   04A4 D1            [10]  909 	pop	de
   04A5 3Er09         [ 7]  910 	ld	a, #<(_g_enemies)
   04A7 85            [ 4]  911 	add	a, l
   04A8 DD 77 FC      [19]  912 	ld	-4 (ix), a
   04AB 3Es00         [ 7]  913 	ld	a, #>(_g_enemies)
   04AD 8C            [ 4]  914 	adc	a, h
   04AE DD 77 FD      [19]  915 	ld	-3 (ix), a
   04B1 DD 6E FC      [19]  916 	ld	l,-4 (ix)
   04B4 DD 66 FD      [19]  917 	ld	h,-3 (ix)
   04B7 C5            [11]  918 	push	bc
   04B8 01 06 00      [10]  919 	ld	bc, #0x0006
   04BB 09            [11]  920 	add	hl, bc
   04BC C1            [10]  921 	pop	bc
   04BD 46            [ 7]  922 	ld	b, (hl)
                            923 ;src/game.c:200: if (!rect_overlap((i16)g_projectiles[i].x, (i16)g_projectiles[i].y, g_projectiles[i].w, g_projectiles[i].h,
   04BE 21 05 00      [10]  924 	ld	hl, #0x0005
   04C1 19            [11]  925 	add	hl,de
   04C2 DD 75 FA      [19]  926 	ld	-6 (ix), l
   04C5 DD 74 FB      [19]  927 	ld	-5 (ix), h
   04C8 21 04 00      [10]  928 	ld	hl, #0x0004
   04CB 19            [11]  929 	add	hl,de
   04CC DD 75 FE      [19]  930 	ld	-2 (ix), l
   04CF DD 74 FF      [19]  931 	ld	-1 (ix), h
   04D2 21 01 00      [10]  932 	ld	hl, #0x0001
   04D5 19            [11]  933 	add	hl,de
   04D6 DD 75 F5      [19]  934 	ld	-11 (ix), l
   04D9 DD 74 F6      [19]  935 	ld	-10 (ix), h
                            936 ;src/game.c:202: if (enemydamage(&g_enemies[j], g_projectiles[i].damage)) {
   04DC 21 07 00      [10]  937 	ld	hl, #0x0007
   04DF 19            [11]  938 	add	hl,de
   04E0 DD 75 F3      [19]  939 	ld	-13 (ix), l
   04E3 DD 74 F4      [19]  940 	ld	-12 (ix), h
                            941 ;src/game.c:199: if (!g_enemies[j].active) continue;
   04E6 78            [ 4]  942 	ld	a, b
   04E7 B7            [ 4]  943 	or	a, a
   04E8 CArE0r05      [10]  944 	jp	Z, 00125$
                            945 ;src/game.c:201: (i16)g_enemies[j].x, (i16)g_enemies[j].y, g_enemies[j].w, g_enemies[j].h)) continue;
   04EB DD 6E FC      [19]  946 	ld	l,-4 (ix)
   04EE DD 66 FD      [19]  947 	ld	h,-3 (ix)
   04F1 23            [ 6]  948 	inc	hl
   04F2 23            [ 6]  949 	inc	hl
   04F3 23            [ 6]  950 	inc	hl
   04F4 23            [ 6]  951 	inc	hl
   04F5 23            [ 6]  952 	inc	hl
   04F6 7E            [ 7]  953 	ld	a, (hl)
   04F7 DD 77 F9      [19]  954 	ld	-7 (ix), a
   04FA DD 6E FC      [19]  955 	ld	l,-4 (ix)
   04FD DD 66 FD      [19]  956 	ld	h,-3 (ix)
   0500 23            [ 6]  957 	inc	hl
   0501 23            [ 6]  958 	inc	hl
   0502 23            [ 6]  959 	inc	hl
   0503 23            [ 6]  960 	inc	hl
   0504 7E            [ 7]  961 	ld	a, (hl)
   0505 DD 77 F2      [19]  962 	ld	-14 (ix), a
   0508 DD 6E FC      [19]  963 	ld	l,-4 (ix)
   050B DD 66 FD      [19]  964 	ld	h,-3 (ix)
   050E 23            [ 6]  965 	inc	hl
   050F 46            [ 7]  966 	ld	b, (hl)
   0510 DD 70 F0      [19]  967 	ld	-16 (ix), b
   0513 DD 36 F1 00   [19]  968 	ld	-15 (ix), #0x00
   0517 DD 6E FC      [19]  969 	ld	l,-4 (ix)
   051A DD 66 FD      [19]  970 	ld	h,-3 (ix)
   051D 46            [ 7]  971 	ld	b, (hl)
   051E DD 70 EE      [19]  972 	ld	-18 (ix), b
   0521 DD 36 EF 00   [19]  973 	ld	-17 (ix), #0x00
                            974 ;src/game.c:200: if (!rect_overlap((i16)g_projectiles[i].x, (i16)g_projectiles[i].y, g_projectiles[i].w, g_projectiles[i].h,
   0525 DD 6E FA      [19]  975 	ld	l,-6 (ix)
   0528 DD 66 FB      [19]  976 	ld	h,-5 (ix)
   052B 7E            [ 7]  977 	ld	a, (hl)
   052C DD 77 ED      [19]  978 	ld	-19 (ix), a
   052F DD 6E FE      [19]  979 	ld	l,-2 (ix)
   0532 DD 66 FF      [19]  980 	ld	h,-1 (ix)
   0535 46            [ 7]  981 	ld	b, (hl)
   0536 DD 6E F5      [19]  982 	ld	l,-11 (ix)
   0539 DD 66 F6      [19]  983 	ld	h,-10 (ix)
   053C 6E            [ 7]  984 	ld	l, (hl)
   053D DD 75 EB      [19]  985 	ld	-21 (ix), l
   0540 DD 36 EC 00   [19]  986 	ld	-20 (ix), #0x00
   0544 1A            [ 7]  987 	ld	a, (de)
   0545 DD 77 E9      [19]  988 	ld	-23 (ix), a
   0548 DD 36 EA 00   [19]  989 	ld	-22 (ix), #0x00
   054C C5            [11]  990 	push	bc
   054D D5            [11]  991 	push	de
   054E DD 66 F9      [19]  992 	ld	h, -7 (ix)
   0551 DD 6E F2      [19]  993 	ld	l, -14 (ix)
   0554 E5            [11]  994 	push	hl
   0555 DD 6E F0      [19]  995 	ld	l,-16 (ix)
   0558 DD 66 F1      [19]  996 	ld	h,-15 (ix)
   055B E5            [11]  997 	push	hl
   055C DD 6E EE      [19]  998 	ld	l,-18 (ix)
   055F DD 66 EF      [19]  999 	ld	h,-17 (ix)
   0562 E5            [11] 1000 	push	hl
   0563 DD 7E ED      [19] 1001 	ld	a, -19 (ix)
   0566 F5            [11] 1002 	push	af
   0567 33            [ 6] 1003 	inc	sp
   0568 C5            [11] 1004 	push	bc
   0569 33            [ 6] 1005 	inc	sp
   056A DD 6E EB      [19] 1006 	ld	l,-21 (ix)
   056D DD 66 EC      [19] 1007 	ld	h,-20 (ix)
   0570 E5            [11] 1008 	push	hl
   0571 DD 6E E9      [19] 1009 	ld	l,-23 (ix)
   0574 DD 66 EA      [19] 1010 	ld	h,-22 (ix)
   0577 E5            [11] 1011 	push	hl
   0578 CDr19r00      [17] 1012 	call	_rect_overlap
   057B FD 21 0C 00   [14] 1013 	ld	iy, #12
   057F FD 39         [15] 1014 	add	iy, sp
   0581 FD F9         [10] 1015 	ld	sp, iy
   0583 D1            [10] 1016 	pop	de
   0584 C1            [10] 1017 	pop	bc
   0585 7D            [ 4] 1018 	ld	a, l
   0586 B7            [ 4] 1019 	or	a, a
   0587 28 57         [12] 1020 	jr	Z,00125$
                           1021 ;src/game.c:202: if (enemydamage(&g_enemies[j], g_projectiles[i].damage)) {
   0589 DD 6E F3      [19] 1022 	ld	l,-13 (ix)
   058C DD 66 F4      [19] 1023 	ld	h,-12 (ix)
   058F 66            [ 7] 1024 	ld	h, (hl)
   0590 DD 6E FC      [19] 1025 	ld	l, -4 (ix)
   0593 DD 46 FD      [19] 1026 	ld	b, -3 (ix)
   0596 C5            [11] 1027 	push	bc
   0597 D5            [11] 1028 	push	de
   0598 E5            [11] 1029 	push	hl
   0599 33            [ 6] 1030 	inc	sp
   059A 60            [ 4] 1031 	ld	h, b
   059B E5            [11] 1032 	push	hl
   059C CDr00r00      [17] 1033 	call	_enemydamage
   059F F1            [10] 1034 	pop	af
   05A0 33            [ 6] 1035 	inc	sp
   05A1 D1            [10] 1036 	pop	de
   05A2 C1            [10] 1037 	pop	bc
   05A3 7D            [ 4] 1038 	ld	a, l
   05A4 B7            [ 4] 1039 	or	a, a
   05A5 28 2F         [12] 1040 	jr	Z,00124$
                           1041 ;src/game.c:203: g_score = (u16)(g_score + g_enemies[j].reward);
   05A7 DD 6E FC      [19] 1042 	ld	l,-4 (ix)
   05AA DD 66 FD      [19] 1043 	ld	h,-3 (ix)
   05AD C5            [11] 1044 	push	bc
   05AE 01 08 00      [10] 1045 	ld	bc, #0x0008
   05B1 09            [11] 1046 	add	hl, bc
   05B2 C1            [10] 1047 	pop	bc
   05B3 6E            [ 7] 1048 	ld	l, (hl)
   05B4 DD 75 E9      [19] 1049 	ld	-23 (ix), l
   05B7 DD 36 EA 00   [19] 1050 	ld	-22 (ix), #0x00
   05BB 21r82r00      [10] 1051 	ld	hl, #_g_score
   05BE 7E            [ 7] 1052 	ld	a, (hl)
   05BF DD 86 E9      [19] 1053 	add	a, -23 (ix)
   05C2 77            [ 7] 1054 	ld	(hl), a
   05C3 23            [ 6] 1055 	inc	hl
   05C4 7E            [ 7] 1056 	ld	a, (hl)
   05C5 DD 8E EA      [19] 1057 	adc	a, -22 (ix)
   05C8 77            [ 7] 1058 	ld	(hl), a
                           1059 ;src/game.c:204: if (g_aliveenemies) g_aliveenemies--;
   05C9 FD 21r87r00   [14] 1060 	ld	iy, #_g_aliveenemies
   05CD FD 7E 00      [19] 1061 	ld	a, 0 (iy)
   05D0 B7            [ 4] 1062 	or	a, a
   05D1 28 03         [12] 1063 	jr	Z,00124$
   05D3 FD 35 00      [23] 1064 	dec	0 (iy)
   05D6                    1065 00124$:
                           1066 ;src/game.c:206: g_projectiles[i].active = 0;
   05D6 DD 6E F7      [19] 1067 	ld	l,-9 (ix)
   05D9 DD 66 F8      [19] 1068 	ld	h,-8 (ix)
   05DC 36 00         [10] 1069 	ld	(hl), #0x00
                           1070 ;src/game.c:207: break;
   05DE 18 0B         [12] 1071 	jr	00126$
   05E0                    1072 00125$:
                           1073 ;src/game.c:198: for (j = 0; j < MAX_ENEMIES; ++j) {
   05E0 DD 34 E7      [23] 1074 	inc	-25 (ix)
   05E3 DD 7E E7      [19] 1075 	ld	a, -25 (ix)
   05E6 D6 06         [ 7] 1076 	sub	a, #0x06
   05E8 DAr98r04      [10] 1077 	jp	C, 00178$
   05EB                    1078 00126$:
                           1079 ;src/game.c:210: if (g_bossactive && g_projectiles[i].active && rect_overlap((i16)g_projectiles[i].x, (i16)g_projectiles[i].y, g_projectiles[i].w, g_projectiles[i].h,
   05EB 3Ar9Cr00      [13] 1080 	ld	a,(#_g_bossactive + 0)
   05EE B7            [ 4] 1081 	or	a, a
   05EF CArB2r06      [10] 1082 	jp	Z, 00133$
   05F2 DD 6E F7      [19] 1083 	ld	l,-9 (ix)
   05F5 DD 66 F8      [19] 1084 	ld	h,-8 (ix)
   05F8 7E            [ 7] 1085 	ld	a, (hl)
   05F9 B7            [ 4] 1086 	or	a, a
   05FA CArB2r06      [10] 1087 	jp	Z, 00133$
                           1088 ;src/game.c:211: (i16)g_boss.x, (i16)g_boss.y, g_boss.w, g_boss.h)) {
   05FD 21r97r00      [10] 1089 	ld	hl, #(_g_boss + 0x0005) + 0
   0600 46            [ 7] 1090 	ld	b, (hl)
   0601 3Ar96r00      [13] 1091 	ld	a, (#(_g_boss + 0x0004) + 0)
   0604 21r93r00      [10] 1092 	ld	hl, #(_g_boss + 0x0001) + 0
   0607 6E            [ 7] 1093 	ld	l, (hl)
   0608 DD 75 E9      [19] 1094 	ld	-23 (ix), l
   060B DD 36 EA 00   [19] 1095 	ld	-22 (ix), #0x00
   060F 21r92r00      [10] 1096 	ld	hl, #_g_boss + 0
   0612 6E            [ 7] 1097 	ld	l, (hl)
   0613 DD 75 EB      [19] 1098 	ld	-21 (ix), l
   0616 DD 36 EC 00   [19] 1099 	ld	-20 (ix), #0x00
                           1100 ;src/game.c:210: if (g_bossactive && g_projectiles[i].active && rect_overlap((i16)g_projectiles[i].x, (i16)g_projectiles[i].y, g_projectiles[i].w, g_projectiles[i].h,
   061A DD 6E FA      [19] 1101 	ld	l,-6 (ix)
   061D DD 66 FB      [19] 1102 	ld	h,-5 (ix)
   0620 F5            [11] 1103 	push	af
   0621 7E            [ 7] 1104 	ld	a, (hl)
   0622 DD 77 ED      [19] 1105 	ld	-19 (ix), a
   0625 F1            [10] 1106 	pop	af
   0626 DD 6E FE      [19] 1107 	ld	l,-2 (ix)
   0629 DD 66 FF      [19] 1108 	ld	h,-1 (ix)
   062C F5            [11] 1109 	push	af
   062D 7E            [ 7] 1110 	ld	a, (hl)
   062E DD 77 EE      [19] 1111 	ld	-18 (ix), a
   0631 F1            [10] 1112 	pop	af
   0632 DD 6E F5      [19] 1113 	ld	l,-11 (ix)
   0635 DD 66 F6      [19] 1114 	ld	h,-10 (ix)
   0638 6E            [ 7] 1115 	ld	l, (hl)
   0639 DD 75 F0      [19] 1116 	ld	-16 (ix), l
   063C DD 36 F1 00   [19] 1117 	ld	-15 (ix), #0x00
   0640 F5            [11] 1118 	push	af
   0641 1A            [ 7] 1119 	ld	a, (de)
   0642 5F            [ 4] 1120 	ld	e, a
   0643 F1            [10] 1121 	pop	af
   0644 16 00         [ 7] 1122 	ld	d, #0x00
   0646 C5            [11] 1123 	push	bc
   0647 C5            [11] 1124 	push	bc
   0648 33            [ 6] 1125 	inc	sp
   0649 F5            [11] 1126 	push	af
   064A 33            [ 6] 1127 	inc	sp
   064B DD 6E E9      [19] 1128 	ld	l,-23 (ix)
   064E DD 66 EA      [19] 1129 	ld	h,-22 (ix)
   0651 E5            [11] 1130 	push	hl
   0652 DD 6E EB      [19] 1131 	ld	l,-21 (ix)
   0655 DD 66 EC      [19] 1132 	ld	h,-20 (ix)
   0658 E5            [11] 1133 	push	hl
   0659 DD 66 ED      [19] 1134 	ld	h, -19 (ix)
   065C DD 6E EE      [19] 1135 	ld	l, -18 (ix)
   065F E5            [11] 1136 	push	hl
   0660 DD 6E F0      [19] 1137 	ld	l,-16 (ix)
   0663 DD 66 F1      [19] 1138 	ld	h,-15 (ix)
   0666 E5            [11] 1139 	push	hl
   0667 D5            [11] 1140 	push	de
   0668 CDr19r00      [17] 1141 	call	_rect_overlap
   066B FD 21 0C 00   [14] 1142 	ld	iy, #12
   066F FD 39         [15] 1143 	add	iy, sp
   0671 FD F9         [10] 1144 	ld	sp, iy
   0673 C1            [10] 1145 	pop	bc
   0674 7D            [ 4] 1146 	ld	a, l
   0675 B7            [ 4] 1147 	or	a, a
   0676 28 3A         [12] 1148 	jr	Z,00133$
                           1149 ;src/game.c:212: g_projectiles[i].active = 0;
   0678 DD 6E F7      [19] 1150 	ld	l,-9 (ix)
   067B DD 66 F8      [19] 1151 	ld	h,-8 (ix)
   067E 36 00         [10] 1152 	ld	(hl), #0x00
                           1153 ;src/game.c:213: if (enemydamage(&g_boss, g_projectiles[i].damage)) {
   0680 DD 6E F3      [19] 1154 	ld	l,-13 (ix)
   0683 DD 66 F4      [19] 1155 	ld	h,-12 (ix)
   0686 46            [ 7] 1156 	ld	b, (hl)
   0687 11r92r00      [10] 1157 	ld	de, #_g_boss
   068A C5            [11] 1158 	push	bc
   068B C5            [11] 1159 	push	bc
   068C 33            [ 6] 1160 	inc	sp
   068D D5            [11] 1161 	push	de
   068E CDr00r00      [17] 1162 	call	_enemydamage
   0691 F1            [10] 1163 	pop	af
   0692 33            [ 6] 1164 	inc	sp
   0693 C1            [10] 1165 	pop	bc
   0694 7D            [ 4] 1166 	ld	a, l
   0695 B7            [ 4] 1167 	or	a, a
   0696 28 1A         [12] 1168 	jr	Z,00133$
                           1169 ;src/game.c:214: g_bossactive = 0;
   0698 21r9Cr00      [10] 1170 	ld	hl,#_g_bossactive + 0
   069B 36 00         [10] 1171 	ld	(hl), #0x00
                           1172 ;src/game.c:215: g_score = (u16)(g_score + g_boss.reward);
   069D 21r9Ar00      [10] 1173 	ld	hl, #_g_boss + 8
   06A0 5E            [ 7] 1174 	ld	e, (hl)
   06A1 16 00         [ 7] 1175 	ld	d, #0x00
   06A3 21r82r00      [10] 1176 	ld	hl, #_g_score
   06A6 7E            [ 7] 1177 	ld	a, (hl)
   06A7 83            [ 4] 1178 	add	a, e
   06A8 77            [ 7] 1179 	ld	(hl), a
   06A9 23            [ 6] 1180 	inc	hl
   06AA 7E            [ 7] 1181 	ld	a, (hl)
   06AB 8A            [ 4] 1182 	adc	a, d
   06AC 77            [ 7] 1183 	ld	(hl), a
                           1184 ;src/game.c:216: g_victory = 1;
   06AD 21r8Br00      [10] 1185 	ld	hl,#_g_victory + 0
   06B0 36 01         [10] 1186 	ld	(hl), #0x01
   06B2                    1187 00133$:
                           1188 ;src/game.c:196: for (i = 0; i < MAX_PROJECTILES; ++i) {
   06B2 0C            [ 4] 1189 	inc	c
   06B3 79            [ 4] 1190 	ld	a, c
   06B4 D6 06         [ 7] 1191 	sub	a, #0x06
   06B6 DAr77r04      [10] 1192 	jp	C, 00179$
                           1193 ;src/game.c:222: for (i = 0; i < MAX_ENEMIES; ++i) {
                           1194 ;src/game.c:221: if (!g_damagecooldown) {
   06B9 3Ar89r00      [13] 1195 	ld	a,(#_g_damagecooldown + 0)
   06BC B7            [ 4] 1196 	or	a, a
   06BD C2r2Ar08      [10] 1197 	jp	NZ, 00149$
                           1198 ;src/game.c:222: for (i = 0; i < MAX_ENEMIES; ++i) {
   06C0 DD 36 E8 00   [19] 1199 	ld	-24 (ix), #0x00
   06C4                    1200 00180$:
                           1201 ;src/game.c:223: if (!g_enemies[i].active) continue;
   06C4 DD 4E E8      [19] 1202 	ld	c,-24 (ix)
   06C7 06 00         [ 7] 1203 	ld	b,#0x00
   06C9 69            [ 4] 1204 	ld	l, c
   06CA 60            [ 4] 1205 	ld	h, b
   06CB 29            [11] 1206 	add	hl, hl
   06CC 29            [11] 1207 	add	hl, hl
   06CD 09            [11] 1208 	add	hl, bc
   06CE 29            [11] 1209 	add	hl, hl
   06CF 01r09r00      [10] 1210 	ld	bc,#_g_enemies
   06D2 09            [11] 1211 	add	hl,bc
   06D3 DD 75 E9      [19] 1212 	ld	-23 (ix), l
   06D6 DD 74 EA      [19] 1213 	ld	-22 (ix), h
   06D9 C1            [10] 1214 	pop	bc
   06DA E1            [10] 1215 	pop	hl
   06DB E5            [11] 1216 	push	hl
   06DC C5            [11] 1217 	push	bc
   06DD 11 06 00      [10] 1218 	ld	de, #0x0006
   06E0 19            [11] 1219 	add	hl, de
   06E1 7E            [ 7] 1220 	ld	a, (hl)
   06E2 B7            [ 4] 1221 	or	a, a
   06E3 CAr74r07      [10] 1222 	jp	Z, 00139$
                           1223 ;src/game.c:225: (i16)g_enemies[i].x, (i16)g_enemies[i].y, g_enemies[i].w, g_enemies[i].h)) {
   06E6 DD 7E E9      [19] 1224 	ld	a, -23 (ix)
   06E9 DD 77 EB      [19] 1225 	ld	-21 (ix), a
   06EC DD 7E EA      [19] 1226 	ld	a, -22 (ix)
   06EF DD 77 EC      [19] 1227 	ld	-20 (ix), a
   06F2 DD 6E EB      [19] 1228 	ld	l,-21 (ix)
   06F5 DD 66 EC      [19] 1229 	ld	h,-20 (ix)
   06F8 11 05 00      [10] 1230 	ld	de, #0x0005
   06FB 19            [11] 1231 	add	hl, de
   06FC 7E            [ 7] 1232 	ld	a, (hl)
   06FD DD 77 EB      [19] 1233 	ld	-21 (ix), a
   0700 C1            [10] 1234 	pop	bc
   0701 E1            [10] 1235 	pop	hl
   0702 E5            [11] 1236 	push	hl
   0703 C5            [11] 1237 	push	bc
   0704 11 04 00      [10] 1238 	ld	de, #0x0004
   0707 19            [11] 1239 	add	hl, de
   0708 5E            [ 7] 1240 	ld	e, (hl)
   0709 C1            [10] 1241 	pop	bc
   070A E1            [10] 1242 	pop	hl
   070B E5            [11] 1243 	push	hl
   070C C5            [11] 1244 	push	bc
   070D 23            [ 6] 1245 	inc	hl
   070E 4E            [ 7] 1246 	ld	c, (hl)
   070F 06 00         [ 7] 1247 	ld	b, #0x00
   0711 DD 6E E9      [19] 1248 	ld	l,-23 (ix)
   0714 DD 66 EA      [19] 1249 	ld	h,-22 (ix)
   0717 56            [ 7] 1250 	ld	d, (hl)
   0718 DD 72 E9      [19] 1251 	ld	-23 (ix), d
   071B DD 36 EA 00   [19] 1252 	ld	-22 (ix), #0x00
                           1253 ;src/game.c:224: if (rect_overlap((i16)g_player.x, (i16)g_player.y, g_player.w, g_player.h,
   071F 3Ar05r00      [13] 1254 	ld	a,(#(_g_player + 0x0005) + 0)
   0722 DD 77 ED      [19] 1255 	ld	-19 (ix), a
   0725 3Ar04r00      [13] 1256 	ld	a,(#(_g_player + 0x0004) + 0)
   0728 DD 77 EE      [19] 1257 	ld	-18 (ix), a
   072B 3Ar01r00      [13] 1258 	ld	a, (#(_g_player + 0x0001) + 0)
   072E DD 77 F0      [19] 1259 	ld	-16 (ix), a
   0731 DD 36 F1 00   [19] 1260 	ld	-15 (ix), #0x00
   0735 3Ar00r00      [13] 1261 	ld	a, (#_g_player + 0)
   0738 DD 77 F3      [19] 1262 	ld	-13 (ix), a
   073B DD 36 F4 00   [19] 1263 	ld	-12 (ix), #0x00
   073F DD 56 EB      [19] 1264 	ld	d, -21 (ix)
   0742 D5            [11] 1265 	push	de
   0743 C5            [11] 1266 	push	bc
   0744 DD 6E E9      [19] 1267 	ld	l,-23 (ix)
   0747 DD 66 EA      [19] 1268 	ld	h,-22 (ix)
   074A E5            [11] 1269 	push	hl
   074B DD 66 ED      [19] 1270 	ld	h, -19 (ix)
   074E DD 6E EE      [19] 1271 	ld	l, -18 (ix)
   0751 E5            [11] 1272 	push	hl
   0752 DD 6E F0      [19] 1273 	ld	l,-16 (ix)
   0755 DD 66 F1      [19] 1274 	ld	h,-15 (ix)
   0758 E5            [11] 1275 	push	hl
   0759 DD 6E F3      [19] 1276 	ld	l,-13 (ix)
   075C DD 66 F4      [19] 1277 	ld	h,-12 (ix)
   075F E5            [11] 1278 	push	hl
   0760 CDr19r00      [17] 1279 	call	_rect_overlap
   0763 FD 21 0C 00   [14] 1280 	ld	iy, #12
   0767 FD 39         [15] 1281 	add	iy, sp
   0769 FD F9         [10] 1282 	ld	sp, iy
   076B 7D            [ 4] 1283 	ld	a, l
   076C B7            [ 4] 1284 	or	a, a
   076D 28 05         [12] 1285 	jr	Z,00139$
                           1286 ;src/game.c:226: register_player_hit();
   076F CDr91r02      [17] 1287 	call	_register_player_hit
                           1288 ;src/game.c:227: break;
   0772 18 0B         [12] 1289 	jr	00140$
   0774                    1290 00139$:
                           1291 ;src/game.c:222: for (i = 0; i < MAX_ENEMIES; ++i) {
   0774 DD 34 E8      [23] 1292 	inc	-24 (ix)
   0777 DD 7E E8      [19] 1293 	ld	a, -24 (ix)
   077A D6 06         [ 7] 1294 	sub	a, #0x06
   077C DArC4r06      [10] 1295 	jp	C, 00180$
   077F                    1296 00140$:
                           1297 ;src/game.c:231: if (!g_damagecooldown && g_bossactive && rect_overlap((i16)g_player.x, (i16)g_player.y, g_player.w, g_player.h,
   077F 3Ar89r00      [13] 1298 	ld	a,(#_g_damagecooldown + 0)
   0782 B7            [ 4] 1299 	or	a, a
   0783 20 6E         [12] 1300 	jr	NZ,00142$
   0785 3Ar9Cr00      [13] 1301 	ld	a,(#_g_bossactive + 0)
   0788 B7            [ 4] 1302 	or	a, a
   0789 28 68         [12] 1303 	jr	Z,00142$
                           1304 ;src/game.c:232: (i16)g_boss.x, (i16)g_boss.y, g_boss.w, g_boss.h)) {
   078B 3Ar97r00      [13] 1305 	ld	a,(#(_g_boss + 0x0005) + 0)
   078E DD 77 E9      [19] 1306 	ld	-23 (ix), a
   0791 3Ar96r00      [13] 1307 	ld	a,(#(_g_boss + 0x0004) + 0)
   0794 DD 77 EB      [19] 1308 	ld	-21 (ix), a
   0797 21r93r00      [10] 1309 	ld	hl, #(_g_boss + 0x0001) + 0
   079A 5E            [ 7] 1310 	ld	e, (hl)
   079B 16 00         [ 7] 1311 	ld	d, #0x00
   079D 21r92r00      [10] 1312 	ld	hl, #_g_boss + 0
   07A0 4E            [ 7] 1313 	ld	c, (hl)
   07A1 06 00         [ 7] 1314 	ld	b, #0x00
                           1315 ;src/game.c:231: if (!g_damagecooldown && g_bossactive && rect_overlap((i16)g_player.x, (i16)g_player.y, g_player.w, g_player.h,
   07A3 3Ar05r00      [13] 1316 	ld	a,(#(_g_player + 0x0005) + 0)
   07A6 DD 77 ED      [19] 1317 	ld	-19 (ix), a
   07A9 3Ar04r00      [13] 1318 	ld	a,(#(_g_player + 0x0004) + 0)
   07AC DD 77 EE      [19] 1319 	ld	-18 (ix), a
   07AF 3Ar01r00      [13] 1320 	ld	a, (#(_g_player + 0x0001) + 0)
   07B2 DD 77 F0      [19] 1321 	ld	-16 (ix), a
   07B5 DD 36 F1 00   [19] 1322 	ld	-15 (ix), #0x00
   07B9 3Ar00r00      [13] 1323 	ld	a, (#_g_player + 0)
   07BC DD 77 F3      [19] 1324 	ld	-13 (ix), a
   07BF DD 36 F4 00   [19] 1325 	ld	-12 (ix), #0x00
   07C3 DD 66 E9      [19] 1326 	ld	h, -23 (ix)
   07C6 DD 6E EB      [19] 1327 	ld	l, -21 (ix)
   07C9 E5            [11] 1328 	push	hl
   07CA D5            [11] 1329 	push	de
   07CB C5            [11] 1330 	push	bc
   07CC DD 66 ED      [19] 1331 	ld	h, -19 (ix)
   07CF DD 6E EE      [19] 1332 	ld	l, -18 (ix)
   07D2 E5            [11] 1333 	push	hl
   07D3 DD 6E F0      [19] 1334 	ld	l,-16 (ix)
   07D6 DD 66 F1      [19] 1335 	ld	h,-15 (ix)
   07D9 E5            [11] 1336 	push	hl
   07DA DD 6E F3      [19] 1337 	ld	l,-13 (ix)
   07DD DD 66 F4      [19] 1338 	ld	h,-12 (ix)
   07E0 E5            [11] 1339 	push	hl
   07E1 CDr19r00      [17] 1340 	call	_rect_overlap
   07E4 FD 21 0C 00   [14] 1341 	ld	iy, #12
   07E8 FD 39         [15] 1342 	add	iy, sp
   07EA FD F9         [10] 1343 	ld	sp, iy
   07EC 7D            [ 4] 1344 	ld	a, l
   07ED B7            [ 4] 1345 	or	a, a
   07EE 28 03         [12] 1346 	jr	Z,00142$
                           1347 ;src/game.c:233: register_player_hit();
   07F0 CDr91r02      [17] 1348 	call	_register_player_hit
   07F3                    1349 00142$:
                           1350 ;src/game.c:236: if (!g_damagecooldown && collision_is_on_trap((i16)g_player.x, (i16)g_player.y, g_player.w, g_player.h)) {
   07F3 3Ar89r00      [13] 1351 	ld	a,(#_g_damagecooldown + 0)
   07F6 B7            [ 4] 1352 	or	a, a
   07F7 20 31         [12] 1353 	jr	NZ,00149$
   07F9 3Ar05r00      [13] 1354 	ld	a, (#(_g_player + 0x0005) + 0)
   07FC 21r04r00      [10] 1355 	ld	hl, #(_g_player + 0x0004) + 0
   07FF 56            [ 7] 1356 	ld	d, (hl)
   0800 21r01r00      [10] 1357 	ld	hl, #(_g_player + 0x0001) + 0
   0803 4E            [ 7] 1358 	ld	c, (hl)
   0804 06 00         [ 7] 1359 	ld	b, #0x00
   0806 21r00r00      [10] 1360 	ld	hl, #_g_player + 0
   0809 6E            [ 7] 1361 	ld	l, (hl)
   080A DD 75 E9      [19] 1362 	ld	-23 (ix), l
   080D DD 36 EA 00   [19] 1363 	ld	-22 (ix), #0x00
   0811 F5            [11] 1364 	push	af
   0812 33            [ 6] 1365 	inc	sp
   0813 D5            [11] 1366 	push	de
   0814 33            [ 6] 1367 	inc	sp
   0815 C5            [11] 1368 	push	bc
   0816 DD 6E E9      [19] 1369 	ld	l,-23 (ix)
   0819 DD 66 EA      [19] 1370 	ld	h,-22 (ix)
   081C E5            [11] 1371 	push	hl
   081D CDr00r00      [17] 1372 	call	_collision_is_on_trap
   0820 F1            [10] 1373 	pop	af
   0821 F1            [10] 1374 	pop	af
   0822 F1            [10] 1375 	pop	af
   0823 7D            [ 4] 1376 	ld	a, l
   0824 B7            [ 4] 1377 	or	a, a
   0825 28 03         [12] 1378 	jr	Z,00149$
                           1379 ;src/game.c:237: register_player_hit();
   0827 CDr91r02      [17] 1380 	call	_register_player_hit
   082A                    1381 00149$:
                           1382 ;src/game.c:241: if (!g_checkpointactive && g_player.x >= 44) {
   082A FD 21r91r00   [14] 1383 	ld	iy, #_g_checkpointactive
   082E FD 7E 00      [19] 1384 	ld	a, 0 (iy)
   0831 B7            [ 4] 1385 	or	a, a
   0832 20 1E         [12] 1386 	jr	NZ,00151$
   0834 3Ar00r00      [13] 1387 	ld	a, (#_g_player + 0)
   0837 D6 2C         [ 7] 1388 	sub	a, #0x2c
   0839 38 17         [12] 1389 	jr	C,00151$
                           1390 ;src/game.c:242: g_checkpointactive = 1;
   083B FD 36 00 01   [19] 1391 	ld	0 (iy), #0x01
                           1392 ;src/game.c:243: g_checkpointx = 52;
   083F 21r8Fr00      [10] 1393 	ld	hl,#_g_checkpointx + 0
   0842 36 34         [10] 1394 	ld	(hl), #0x34
                           1395 ;src/game.c:244: g_checkpointy = (u8)(tilemap_ground_y() - g_player.h);
   0844 CDr00r00      [17] 1396 	call	_tilemap_ground_y
   0847 4D            [ 4] 1397 	ld	c, l
   0848 21r05r00      [10] 1398 	ld	hl, #(_g_player + 0x0005) + 0
   084B 46            [ 7] 1399 	ld	b, (hl)
   084C 21r90r00      [10] 1400 	ld	hl, #_g_checkpointy
   084F 79            [ 4] 1401 	ld	a, c
   0850 90            [ 4] 1402 	sub	a, b
   0851 77            [ 7] 1403 	ld	(hl), a
   0852                    1404 00151$:
                           1405 ;src/game.c:247: if (!g_pickuptaken && rect_overlap((i16)g_player.x, (i16)g_player.y, g_player.w, g_player.h, (i16)36, (i16)(tilemap_ground_y() - 8), 4, 4)) {
   0852 3Ar9Fr00      [13] 1406 	ld	a,(#_g_pickuptaken + 0)
   0855 B7            [ 4] 1407 	or	a, a
   0856 C2rE5r08      [10] 1408 	jp	NZ, 00154$
   0859 CDr00r00      [17] 1409 	call	_tilemap_ground_y
   085C DD 75 E9      [19] 1410 	ld	-23 (ix), l
   085F DD 75 E9      [19] 1411 	ld	-23 (ix), l
   0862 DD 36 EA 00   [19] 1412 	ld	-22 (ix), #0x00
   0866 DD 7E E9      [19] 1413 	ld	a, -23 (ix)
   0869 C6 F8         [ 7] 1414 	add	a, #0xf8
   086B DD 77 E9      [19] 1415 	ld	-23 (ix), a
   086E DD 7E EA      [19] 1416 	ld	a, -22 (ix)
   0871 CE FF         [ 7] 1417 	adc	a, #0xff
   0873 DD 77 EA      [19] 1418 	ld	-22 (ix), a
   0876 3Ar05r00      [13] 1419 	ld	a,(#(_g_player + 0x0005) + 0)
   0879 DD 77 EB      [19] 1420 	ld	-21 (ix), a
   087C 3Ar04r00      [13] 1421 	ld	a,(#(_g_player + 0x0004) + 0)
   087F DD 77 ED      [19] 1422 	ld	-19 (ix), a
   0882 3Ar01r00      [13] 1423 	ld	a,(#(_g_player + 0x0001) + 0)
   0885 DD 77 EE      [19] 1424 	ld	-18 (ix), a
   0888 DD 77 EE      [19] 1425 	ld	-18 (ix), a
   088B DD 36 EF 00   [19] 1426 	ld	-17 (ix), #0x00
   088F 3Ar00r00      [13] 1427 	ld	a,(#_g_player + 0)
   0892 DD 77 F0      [19] 1428 	ld	-16 (ix), a
   0895 DD 77 F0      [19] 1429 	ld	-16 (ix), a
   0898 DD 36 F1 00   [19] 1430 	ld	-15 (ix), #0x00
   089C 21 04 04      [10] 1431 	ld	hl, #0x0404
   089F E5            [11] 1432 	push	hl
   08A0 DD 6E E9      [19] 1433 	ld	l,-23 (ix)
   08A3 DD 66 EA      [19] 1434 	ld	h,-22 (ix)
   08A6 E5            [11] 1435 	push	hl
   08A7 21 24 00      [10] 1436 	ld	hl, #0x0024
   08AA E5            [11] 1437 	push	hl
   08AB DD 66 EB      [19] 1438 	ld	h, -21 (ix)
   08AE DD 6E ED      [19] 1439 	ld	l, -19 (ix)
   08B1 E5            [11] 1440 	push	hl
   08B2 DD 6E EE      [19] 1441 	ld	l,-18 (ix)
   08B5 DD 66 EF      [19] 1442 	ld	h,-17 (ix)
   08B8 E5            [11] 1443 	push	hl
   08B9 DD 6E F0      [19] 1444 	ld	l,-16 (ix)
   08BC DD 66 F1      [19] 1445 	ld	h,-15 (ix)
   08BF E5            [11] 1446 	push	hl
   08C0 CDr19r00      [17] 1447 	call	_rect_overlap
   08C3 FD 21 0C 00   [14] 1448 	ld	iy, #12
   08C7 FD 39         [15] 1449 	add	iy, sp
   08C9 FD F9         [10] 1450 	ld	sp, iy
   08CB 7D            [ 4] 1451 	ld	a, l
   08CC B7            [ 4] 1452 	or	a, a
   08CD 28 16         [12] 1453 	jr	Z,00154$
                           1454 ;src/game.c:248: g_pickuptaken = 1;
   08CF 21r9Fr00      [10] 1455 	ld	hl,#_g_pickuptaken + 0
   08D2 36 01         [10] 1456 	ld	(hl), #0x01
                           1457 ;src/game.c:249: g_weaponlevel = 1;
   08D4 21r9Er00      [10] 1458 	ld	hl,#_g_weaponlevel + 0
   08D7 36 01         [10] 1459 	ld	(hl), #0x01
                           1460 ;src/game.c:250: g_score = (u16)(g_score + 100);
   08D9 21r82r00      [10] 1461 	ld	hl, #_g_score
   08DC 7E            [ 7] 1462 	ld	a, (hl)
   08DD C6 64         [ 7] 1463 	add	a, #0x64
   08DF 77            [ 7] 1464 	ld	(hl), a
   08E0 23            [ 6] 1465 	inc	hl
   08E1 7E            [ 7] 1466 	ld	a, (hl)
   08E2 CE 00         [ 7] 1467 	adc	a, #0x00
   08E4 77            [ 7] 1468 	ld	(hl), a
   08E5                    1469 00154$:
                           1470 ;src/game.c:253: g_weapondisplay = (u8)(g_weaponlevel + 1);
   08E5 21r85r00      [10] 1471 	ld	hl, #_g_weapondisplay
   08E8 3Ar9Er00      [13] 1472 	ld	a,(#_g_weaponlevel + 0)
   08EB 3C            [ 4] 1473 	inc	a
   08EC 77            [ 7] 1474 	ld	(hl), a
                           1475 ;src/game.c:255: if (!g_bossactive && g_aliveenemies == 0 && !g_gameover) {
   08ED 3Ar9Cr00      [13] 1476 	ld	a,(#_g_bossactive + 0)
   08F0 B7            [ 4] 1477 	or	a, a
   08F1 20 45         [12] 1478 	jr	NZ,00165$
   08F3 3Ar87r00      [13] 1479 	ld	a,(#_g_aliveenemies + 0)
   08F6 B7            [ 4] 1480 	or	a, a
   08F7 20 3F         [12] 1481 	jr	NZ,00165$
   08F9 3Ar8Cr00      [13] 1482 	ld	a,(#_g_gameover + 0)
   08FC B7            [ 4] 1483 	or	a, a
   08FD 20 39         [12] 1484 	jr	NZ,00165$
                           1485 ;src/game.c:256: if (g_currentwave < TOTAL_WAVES) {
   08FF 3Ar86r00      [13] 1486 	ld	a,(#_g_currentwave + 0)
   0902 D6 03         [ 7] 1487 	sub	a, #0x03
   0904 30 20         [12] 1488 	jr	NC,00162$
                           1489 ;src/game.c:257: if (g_wavecooldown == 0) {
   0906 3Ar88r00      [13] 1490 	ld	a,(#_g_wavecooldown + 0)
   0909 B7            [ 4] 1491 	or	a, a
   090A 20 14         [12] 1492 	jr	NZ,00157$
                           1493 ;src/game.c:258: spawn_wave(g_currentwave);
   090C 3Ar86r00      [13] 1494 	ld	a, (_g_currentwave)
   090F F5            [11] 1495 	push	af
   0910 33            [ 6] 1496 	inc	sp
   0911 CDrA6r00      [17] 1497 	call	_spawn_wave
   0914 33            [ 6] 1498 	inc	sp
                           1499 ;src/game.c:259: g_currentwave++;
   0915 21r86r00      [10] 1500 	ld	hl, #_g_currentwave+0
   0918 34            [11] 1501 	inc	(hl)
                           1502 ;src/game.c:260: g_wavecooldown = 90;
   0919 21r88r00      [10] 1503 	ld	hl,#_g_wavecooldown + 0
   091C 36 5A         [10] 1504 	ld	(hl), #0x5a
   091E 18 18         [12] 1505 	jr	00165$
   0920                    1506 00157$:
                           1507 ;src/game.c:262: g_wavecooldown--;
   0920 21r88r00      [10] 1508 	ld	hl, #_g_wavecooldown+0
   0923 35            [11] 1509 	dec	(hl)
   0924 18 12         [12] 1510 	jr	00165$
   0926                    1511 00162$:
                           1512 ;src/game.c:264: } else if (g_player.x >= (u8)(tilemap_goal_x() - 2)) {
   0926 21r00r00      [10] 1513 	ld	hl, #_g_player + 0
   0929 4E            [ 7] 1514 	ld	c, (hl)
   092A C5            [11] 1515 	push	bc
   092B CDr00r00      [17] 1516 	call	_tilemap_goal_x
   092E C1            [10] 1517 	pop	bc
   092F 2D            [ 4] 1518 	dec	l
   0930 2D            [ 4] 1519 	dec	l
   0931 79            [ 4] 1520 	ld	a, c
   0932 95            [ 4] 1521 	sub	a, l
   0933 38 03         [12] 1522 	jr	C,00165$
                           1523 ;src/game.c:265: spawn_boss();
   0935 CDrA6r01      [17] 1524 	call	_spawn_boss
   0938                    1525 00165$:
                           1526 ;src/game.c:269: g_framecounter++;
   0938 FD 21r8Dr00   [14] 1527 	ld	iy, #_g_framecounter
   093C FD 34 00      [23] 1528 	inc	0 (iy)
   093F 20 03         [12] 1529 	jr	NZ,00381$
   0941 FD 34 01      [23] 1530 	inc	1 (iy)
   0944                    1531 00381$:
                           1532 ;src/game.c:270: if ((g_framecounter % 50) == 0 && g_timeleft > 0) {
   0944 21 32 00      [10] 1533 	ld	hl, #0x0032
   0947 E5            [11] 1534 	push	hl
   0948 2Ar8Dr00      [16] 1535 	ld	hl, (_g_framecounter)
   094B E5            [11] 1536 	push	hl
   094C CDr00r00      [17] 1537 	call	__moduint
   094F F1            [10] 1538 	pop	af
   0950 F1            [10] 1539 	pop	af
   0951 7C            [ 4] 1540 	ld	a, h
   0952 B5            [ 4] 1541 	or	a,l
   0953 20 0D         [12] 1542 	jr	NZ,00169$
   0955 FD 21r84r00   [14] 1543 	ld	iy, #_g_timeleft
   0959 FD 7E 00      [19] 1544 	ld	a, 0 (iy)
   095C B7            [ 4] 1545 	or	a, a
   095D 28 03         [12] 1546 	jr	Z,00169$
                           1547 ;src/game.c:271: g_timeleft--;
   095F FD 35 00      [23] 1548 	dec	0 (iy)
   0962                    1549 00169$:
                           1550 ;src/game.c:273: if (g_timeleft == 0 && !g_victory) {
   0962 3Ar84r00      [13] 1551 	ld	a,(#_g_timeleft + 0)
   0965 B7            [ 4] 1552 	or	a, a
   0966 20 0B         [12] 1553 	jr	NZ,00172$
   0968 3Ar8Br00      [13] 1554 	ld	a,(#_g_victory + 0)
   096B B7            [ 4] 1555 	or	a, a
   096C 20 05         [12] 1556 	jr	NZ,00172$
                           1557 ;src/game.c:274: g_gameover = 1;
   096E 21r8Cr00      [10] 1558 	ld	hl,#_g_gameover + 0
   0971 36 01         [10] 1559 	ld	(hl), #0x01
   0973                    1560 00172$:
                           1561 ;src/game.c:277: hudupdate(g_lives, g_score, g_timeleft, g_weapondisplay);
   0973 3Ar85r00      [13] 1562 	ld	a, (_g_weapondisplay)
   0976 F5            [11] 1563 	push	af
   0977 33            [ 6] 1564 	inc	sp
   0978 3Ar84r00      [13] 1565 	ld	a, (_g_timeleft)
   097B F5            [11] 1566 	push	af
   097C 33            [ 6] 1567 	inc	sp
   097D 2Ar82r00      [16] 1568 	ld	hl, (_g_score)
   0980 E5            [11] 1569 	push	hl
   0981 3Ar81r00      [13] 1570 	ld	a, (_g_lives)
   0984 F5            [11] 1571 	push	af
   0985 33            [ 6] 1572 	inc	sp
   0986 CDr00r00      [17] 1573 	call	_hudupdate
   0989 F1            [10] 1574 	pop	af
   098A F1            [10] 1575 	pop	af
   098B 33            [ 6] 1576 	inc	sp
   098C                    1577 00181$:
   098C DD F9         [10] 1578 	ld	sp, ix
   098E DD E1         [14] 1579 	pop	ix
   0990 C9            [10] 1580 	ret
                           1581 ;src/game.c:280: void game_render(void) {
                           1582 ;	---------------------------------
                           1583 ; Function game_render
                           1584 ; ---------------------------------
   0991                    1585 _game_render::
                           1586 ;src/game.c:283: cpct_clearScreen(0x00);
   0991 21 00 40      [10] 1587 	ld	hl, #0x4000
   0994 E5            [11] 1588 	push	hl
   0995 AF            [ 4] 1589 	xor	a, a
   0996 F5            [11] 1590 	push	af
   0997 33            [ 6] 1591 	inc	sp
   0998 26 C0         [ 7] 1592 	ld	h, #0xc0
   099A E5            [11] 1593 	push	hl
   099B CDr00r00      [17] 1594 	call	_cpct_memset
                           1595 ;src/game.c:284: tilemap_render();
   099E CDr00r00      [17] 1596 	call	_tilemap_render
                           1597 ;src/game.c:286: for (i = 0; i < MAX_PROJECTILES; ++i) {
   09A1 0E 00         [ 7] 1598 	ld	c, #0x00
   09A3                    1599 00115$:
                           1600 ;src/game.c:287: projectilerender(&g_projectiles[i]);
   09A3 06 00         [ 7] 1601 	ld	b,#0x00
   09A5 69            [ 4] 1602 	ld	l, c
   09A6 60            [ 4] 1603 	ld	h, b
   09A7 29            [11] 1604 	add	hl, hl
   09A8 29            [11] 1605 	add	hl, hl
   09A9 09            [11] 1606 	add	hl, bc
   09AA 29            [11] 1607 	add	hl, hl
   09AB 11r45r00      [10] 1608 	ld	de, #_g_projectiles
   09AE 19            [11] 1609 	add	hl, de
   09AF C5            [11] 1610 	push	bc
   09B0 E5            [11] 1611 	push	hl
   09B1 CDr00r00      [17] 1612 	call	_projectilerender
   09B4 F1            [10] 1613 	pop	af
   09B5 C1            [10] 1614 	pop	bc
                           1615 ;src/game.c:286: for (i = 0; i < MAX_PROJECTILES; ++i) {
   09B6 0C            [ 4] 1616 	inc	c
   09B7 79            [ 4] 1617 	ld	a, c
   09B8 D6 06         [ 7] 1618 	sub	a, #0x06
   09BA 38 E7         [12] 1619 	jr	C,00115$
                           1620 ;src/game.c:290: for (i = 0; i < MAX_ENEMIES; ++i) {
   09BC 0E 00         [ 7] 1621 	ld	c, #0x00
   09BE                    1622 00117$:
                           1623 ;src/game.c:291: enemyrender(&g_enemies[i]);
   09BE 06 00         [ 7] 1624 	ld	b,#0x00
   09C0 69            [ 4] 1625 	ld	l, c
   09C1 60            [ 4] 1626 	ld	h, b
   09C2 29            [11] 1627 	add	hl, hl
   09C3 29            [11] 1628 	add	hl, hl
   09C4 09            [11] 1629 	add	hl, bc
   09C5 29            [11] 1630 	add	hl, hl
   09C6 11r09r00      [10] 1631 	ld	de, #_g_enemies
   09C9 19            [11] 1632 	add	hl, de
   09CA C5            [11] 1633 	push	bc
   09CB E5            [11] 1634 	push	hl
   09CC CDr00r00      [17] 1635 	call	_enemyrender
   09CF F1            [10] 1636 	pop	af
   09D0 C1            [10] 1637 	pop	bc
                           1638 ;src/game.c:290: for (i = 0; i < MAX_ENEMIES; ++i) {
   09D1 0C            [ 4] 1639 	inc	c
   09D2 79            [ 4] 1640 	ld	a, c
   09D3 D6 06         [ 7] 1641 	sub	a, #0x06
   09D5 38 E7         [12] 1642 	jr	C,00117$
                           1643 ;src/game.c:294: if (g_bossactive) {
   09D7 3Ar9Cr00      [13] 1644 	ld	a,(#_g_bossactive + 0)
   09DA B7            [ 4] 1645 	or	a, a
   09DB 28 45         [12] 1646 	jr	Z,00104$
                           1647 ;src/game.c:295: enemyrender(&g_boss);
   09DD 21r92r00      [10] 1648 	ld	hl, #_g_boss
   09E0 E5            [11] 1649 	push	hl
   09E1 CDr00r00      [17] 1650 	call	_enemyrender
                           1651 ;src/game.c:296: cpct_drawSolidBox(cpct_getScreenPtr(CPCT_VMEM_START, 24, 10), 0x44, 32, 2);
   09E4 21 18 0A      [10] 1652 	ld	hl, #0x0a18
   09E7 E3            [19] 1653 	ex	(sp),hl
   09E8 21 00 C0      [10] 1654 	ld	hl, #0xc000
   09EB E5            [11] 1655 	push	hl
   09EC CDr00r00      [17] 1656 	call	_cpct_getScreenPtr
   09EF 01 20 02      [10] 1657 	ld	bc, #0x0220
   09F2 C5            [11] 1658 	push	bc
   09F3 3E 44         [ 7] 1659 	ld	a, #0x44
   09F5 F5            [11] 1660 	push	af
   09F6 33            [ 6] 1661 	inc	sp
   09F7 E5            [11] 1662 	push	hl
   09F8 CDr00r00      [17] 1663 	call	_cpct_drawSolidBox
   09FB F1            [10] 1664 	pop	af
   09FC F1            [10] 1665 	pop	af
   09FD 33            [ 6] 1666 	inc	sp
                           1667 ;src/game.c:297: cpct_drawSolidBox(cpct_getScreenPtr(CPCT_VMEM_START, 24, 10), 0x5C, (u8)(g_boss.health * 3), 2);
   09FE 3Ar99r00      [13] 1668 	ld	a, (#_g_boss + 7)
   0A01 4F            [ 4] 1669 	ld	c, a
   0A02 87            [ 4] 1670 	add	a, a
   0A03 81            [ 4] 1671 	add	a, c
   0A04 57            [ 4] 1672 	ld	d, a
   0A05 D5            [11] 1673 	push	de
   0A06 21 18 0A      [10] 1674 	ld	hl, #0x0a18
   0A09 E5            [11] 1675 	push	hl
   0A0A 21 00 C0      [10] 1676 	ld	hl, #0xc000
   0A0D E5            [11] 1677 	push	hl
   0A0E CDr00r00      [17] 1678 	call	_cpct_getScreenPtr
   0A11 4D            [ 4] 1679 	ld	c, l
   0A12 44            [ 4] 1680 	ld	b, h
   0A13 D1            [10] 1681 	pop	de
   0A14 3E 02         [ 7] 1682 	ld	a, #0x02
   0A16 F5            [11] 1683 	push	af
   0A17 33            [ 6] 1684 	inc	sp
   0A18 1E 5C         [ 7] 1685 	ld	e, #0x5c
   0A1A D5            [11] 1686 	push	de
   0A1B C5            [11] 1687 	push	bc
   0A1C CDr00r00      [17] 1688 	call	_cpct_drawSolidBox
   0A1F F1            [10] 1689 	pop	af
   0A20 F1            [10] 1690 	pop	af
   0A21 33            [ 6] 1691 	inc	sp
   0A22                    1692 00104$:
                           1693 ;src/game.c:300: if (!g_pickuptaken) {
   0A22 3Ar9Fr00      [13] 1694 	ld	a,(#_g_pickuptaken + 0)
   0A25 B7            [ 4] 1695 	or	a, a
   0A26 20 23         [12] 1696 	jr	NZ,00106$
                           1697 ;src/game.c:301: cpct_drawSolidBox(cpct_getScreenPtr(CPCT_VMEM_START, 36, (u8)(tilemap_ground_y() - 8)), 0xEE, 4, 4);
   0A28 CDr00r00      [17] 1698 	call	_tilemap_ground_y
   0A2B 7D            [ 4] 1699 	ld	a, l
   0A2C C6 F8         [ 7] 1700 	add	a, #0xf8
   0A2E 47            [ 4] 1701 	ld	b, a
   0A2F C5            [11] 1702 	push	bc
   0A30 33            [ 6] 1703 	inc	sp
   0A31 3E 24         [ 7] 1704 	ld	a, #0x24
   0A33 F5            [11] 1705 	push	af
   0A34 33            [ 6] 1706 	inc	sp
   0A35 21 00 C0      [10] 1707 	ld	hl, #0xc000
   0A38 E5            [11] 1708 	push	hl
   0A39 CDr00r00      [17] 1709 	call	_cpct_getScreenPtr
   0A3C 01 04 04      [10] 1710 	ld	bc, #0x0404
   0A3F C5            [11] 1711 	push	bc
   0A40 3E EE         [ 7] 1712 	ld	a, #0xee
   0A42 F5            [11] 1713 	push	af
   0A43 33            [ 6] 1714 	inc	sp
   0A44 E5            [11] 1715 	push	hl
   0A45 CDr00r00      [17] 1716 	call	_cpct_drawSolidBox
   0A48 F1            [10] 1717 	pop	af
   0A49 F1            [10] 1718 	pop	af
   0A4A 33            [ 6] 1719 	inc	sp
   0A4B                    1720 00106$:
                           1721 ;src/game.c:303: playerrender(&g_player);
   0A4B 21r00r00      [10] 1722 	ld	hl, #_g_player
   0A4E E5            [11] 1723 	push	hl
   0A4F CDr00r00      [17] 1724 	call	_playerrender
   0A52 F1            [10] 1725 	pop	af
                           1726 ;src/game.c:304: hudrender();
   0A53 CDr00r00      [17] 1727 	call	_hudrender
                           1728 ;src/game.c:306: if (g_victory) {
   0A56 3Ar8Br00      [13] 1729 	ld	a,(#_g_victory + 0)
   0A59 B7            [ 4] 1730 	or	a, a
   0A5A 28 34         [12] 1731 	jr	Z,00113$
                           1732 ;src/game.c:307: cpct_drawSolidBox(cpct_getScreenPtr(CPCT_VMEM_START, 24, 68), 0x5A, 32, 12);
   0A5C 21 18 44      [10] 1733 	ld	hl, #0x4418
   0A5F E5            [11] 1734 	push	hl
   0A60 21 00 C0      [10] 1735 	ld	hl, #0xc000
   0A63 E5            [11] 1736 	push	hl
   0A64 CDr00r00      [17] 1737 	call	_cpct_getScreenPtr
   0A67 01 20 0C      [10] 1738 	ld	bc, #0x0c20
   0A6A C5            [11] 1739 	push	bc
   0A6B 3E 5A         [ 7] 1740 	ld	a, #0x5a
   0A6D F5            [11] 1741 	push	af
   0A6E 33            [ 6] 1742 	inc	sp
   0A6F E5            [11] 1743 	push	hl
   0A70 CDr00r00      [17] 1744 	call	_cpct_drawSolidBox
   0A73 F1            [10] 1745 	pop	af
                           1746 ;src/game.c:308: cpct_drawSolidBox(cpct_getScreenPtr(CPCT_VMEM_START, 28, 72), 0x5C, 24, 8);
   0A74 33            [ 6] 1747 	inc	sp
   0A75 21 1C 48      [10] 1748 	ld	hl,#0x481c
   0A78 E3            [19] 1749 	ex	(sp),hl
   0A79 21 00 C0      [10] 1750 	ld	hl, #0xc000
   0A7C E5            [11] 1751 	push	hl
   0A7D CDr00r00      [17] 1752 	call	_cpct_getScreenPtr
   0A80 01 18 08      [10] 1753 	ld	bc, #0x0818
   0A83 C5            [11] 1754 	push	bc
   0A84 3E 5C         [ 7] 1755 	ld	a, #0x5c
   0A86 F5            [11] 1756 	push	af
   0A87 33            [ 6] 1757 	inc	sp
   0A88 E5            [11] 1758 	push	hl
   0A89 CDr00r00      [17] 1759 	call	_cpct_drawSolidBox
   0A8C F1            [10] 1760 	pop	af
   0A8D F1            [10] 1761 	pop	af
   0A8E 33            [ 6] 1762 	inc	sp
   0A8F C9            [10] 1763 	ret
   0A90                    1764 00113$:
                           1765 ;src/game.c:309: } else if (g_gameover) {
   0A90 3Ar8Cr00      [13] 1766 	ld	a,(#_g_gameover + 0)
   0A93 B7            [ 4] 1767 	or	a, a
   0A94 28 34         [12] 1768 	jr	Z,00110$
                           1769 ;src/game.c:310: cpct_drawSolidBox(cpct_getScreenPtr(CPCT_VMEM_START, 24, 68), 0x44, 32, 12);
   0A96 21 18 44      [10] 1770 	ld	hl, #0x4418
   0A99 E5            [11] 1771 	push	hl
   0A9A 21 00 C0      [10] 1772 	ld	hl, #0xc000
   0A9D E5            [11] 1773 	push	hl
   0A9E CDr00r00      [17] 1774 	call	_cpct_getScreenPtr
   0AA1 01 20 0C      [10] 1775 	ld	bc, #0x0c20
   0AA4 C5            [11] 1776 	push	bc
   0AA5 3E 44         [ 7] 1777 	ld	a, #0x44
   0AA7 F5            [11] 1778 	push	af
   0AA8 33            [ 6] 1779 	inc	sp
   0AA9 E5            [11] 1780 	push	hl
   0AAA CDr00r00      [17] 1781 	call	_cpct_drawSolidBox
   0AAD F1            [10] 1782 	pop	af
                           1783 ;src/game.c:311: cpct_drawSolidBox(cpct_getScreenPtr(CPCT_VMEM_START, 28, 72), 0x4C, 24, 8);
   0AAE 33            [ 6] 1784 	inc	sp
   0AAF 21 1C 48      [10] 1785 	ld	hl,#0x481c
   0AB2 E3            [19] 1786 	ex	(sp),hl
   0AB3 21 00 C0      [10] 1787 	ld	hl, #0xc000
   0AB6 E5            [11] 1788 	push	hl
   0AB7 CDr00r00      [17] 1789 	call	_cpct_getScreenPtr
   0ABA 01 18 08      [10] 1790 	ld	bc, #0x0818
   0ABD C5            [11] 1791 	push	bc
   0ABE 3E 4C         [ 7] 1792 	ld	a, #0x4c
   0AC0 F5            [11] 1793 	push	af
   0AC1 33            [ 6] 1794 	inc	sp
   0AC2 E5            [11] 1795 	push	hl
   0AC3 CDr00r00      [17] 1796 	call	_cpct_drawSolidBox
   0AC6 F1            [10] 1797 	pop	af
   0AC7 F1            [10] 1798 	pop	af
   0AC8 33            [ 6] 1799 	inc	sp
   0AC9 C9            [10] 1800 	ret
   0ACA                    1801 00110$:
                           1802 ;src/game.c:312: } else if (g_checkpointactive) {
   0ACA 3Ar91r00      [13] 1803 	ld	a,(#_g_checkpointactive + 0)
   0ACD B7            [ 4] 1804 	or	a, a
   0ACE C8            [11] 1805 	ret	Z
                           1806 ;src/game.c:313: cpct_drawSolidBox(cpct_getScreenPtr(CPCT_VMEM_START, g_checkpointx, (u8)(g_checkpointy - 8)), 0x3A, 2, 8);
   0ACF 3Ar90r00      [13] 1807 	ld	a,(#_g_checkpointy + 0)
   0AD2 C6 F8         [ 7] 1808 	add	a, #0xf8
   0AD4 47            [ 4] 1809 	ld	b, a
   0AD5 C5            [11] 1810 	push	bc
   0AD6 33            [ 6] 1811 	inc	sp
   0AD7 3Ar8Fr00      [13] 1812 	ld	a, (_g_checkpointx)
   0ADA F5            [11] 1813 	push	af
   0ADB 33            [ 6] 1814 	inc	sp
   0ADC 21 00 C0      [10] 1815 	ld	hl, #0xc000
   0ADF E5            [11] 1816 	push	hl
   0AE0 CDr00r00      [17] 1817 	call	_cpct_getScreenPtr
   0AE3 01 02 08      [10] 1818 	ld	bc, #0x0802
   0AE6 C5            [11] 1819 	push	bc
   0AE7 3E 3A         [ 7] 1820 	ld	a, #0x3a
   0AE9 F5            [11] 1821 	push	af
   0AEA 33            [ 6] 1822 	inc	sp
   0AEB E5            [11] 1823 	push	hl
   0AEC CDr00r00      [17] 1824 	call	_cpct_drawSolidBox
   0AEF F1            [10] 1825 	pop	af
   0AF0 F1            [10] 1826 	pop	af
   0AF1 33            [ 6] 1827 	inc	sp
   0AF2 C9            [10] 1828 	ret
                           1829 	.area _CODE
                           1830 	.area _INITIALIZER
                           1831 	.area _CABS (ABS)
