                              1 ;--------------------------------------------------------
                              2 ; File Created by SDCC : free open source ANSI-C Compiler
                              3 ; Version 3.6.8 #9946 (Mac OS X ppc)
                              4 ;--------------------------------------------------------
                              5 	.module game
                              6 	.optsdcc -mz80
                              7 	
                              8 ;--------------------------------------------------------
                              9 ; Public variables in this module
                             10 ;--------------------------------------------------------
                             11 	.globl _hudrender
                             12 	.globl _hudupdate
                             13 	.globl _hudinit
                             14 	.globl _projectilerender
                             15 	.globl _projectileupdate
                             16 	.globl _projectilefire
                             17 	.globl _projectileinit
                             18 	.globl _enemydamage
                             19 	.globl _enemyrender
                             20 	.globl _enemyupdate
                             21 	.globl _enemyspawn
                             22 	.globl _enemyinit
                             23 	.globl _playerrender
                             24 	.globl _playerupdate
                             25 	.globl _playerinit
                             26 	.globl _collision_is_on_trap
                             27 	.globl _collision_init
                             28 	.globl _input_is_shoot_just_pressed
                             29 	.globl _input_update
                             30 	.globl _tilemap_goal_x
                             31 	.globl _tilemap_ground_y
                             32 	.globl _tilemap_render
                             33 	.globl _tilemap_init
                             34 	.globl _cpct_getScreenPtr
                             35 	.globl _cpct_setPALColour
                             36 	.globl _cpct_setPalette
                             37 	.globl _cpct_setVideoMode
                             38 	.globl _cpct_drawSolidBox
                             39 	.globl _cpct_px2byteM0
                             40 	.globl _cpct_memset
                             41 	.globl _cpct_disableFirmware
                             42 	.globl _game_init
                             43 	.globl _game_update
                             44 	.globl _game_render
                             45 ;--------------------------------------------------------
                             46 ; special function registers
                             47 ;--------------------------------------------------------
                             48 ;--------------------------------------------------------
                             49 ; ram data
                             50 ;--------------------------------------------------------
                             51 	.area _DATA
   0000                      52 _g_player:
   0000                      53 	.ds 10
   000A                      54 _g_enemies:
   000A                      55 	.ds 60
   0046                      56 _g_projectiles:
   0046                      57 	.ds 60
   0082                      58 _g_lives:
   0082                      59 	.ds 1
   0083                      60 _g_score:
   0083                      61 	.ds 2
   0085                      62 _g_timeleft:
   0085                      63 	.ds 1
   0086                      64 _g_weapondisplay:
   0086                      65 	.ds 1
   0087                      66 _g_currentwave:
   0087                      67 	.ds 1
   0088                      68 _g_aliveenemies:
   0088                      69 	.ds 1
   0089                      70 _g_wavecooldown:
   0089                      71 	.ds 1
   008A                      72 _g_damagecooldown:
   008A                      73 	.ds 1
   008B                      74 _g_shootcooldown:
   008B                      75 	.ds 1
   008C                      76 _g_victory:
   008C                      77 	.ds 1
   008D                      78 _g_gameover:
   008D                      79 	.ds 1
   008E                      80 _g_framecounter:
   008E                      81 	.ds 2
   0090                      82 _g_checkpointx:
   0090                      83 	.ds 1
   0091                      84 _g_checkpointy:
   0091                      85 	.ds 1
   0092                      86 _g_checkpointactive:
   0092                      87 	.ds 1
   0093                      88 _g_boss:
   0093                      89 	.ds 10
   009D                      90 _g_bossactive:
   009D                      91 	.ds 1
   009E                      92 _g_bossphase:
   009E                      93 	.ds 1
   009F                      94 _g_weaponlevel:
   009F                      95 	.ds 1
   00A0                      96 _g_pickuptaken:
   00A0                      97 	.ds 1
                             98 ;--------------------------------------------------------
                             99 ; ram data
                            100 ;--------------------------------------------------------
                            101 	.area _INITIALIZED
                            102 ;--------------------------------------------------------
                            103 ; absolute external ram data
                            104 ;--------------------------------------------------------
                            105 	.area _DABS (ABS)
                            106 ;--------------------------------------------------------
                            107 ; global & static initialisations
                            108 ;--------------------------------------------------------
                            109 	.area _HOME
                            110 	.area _GSINIT
                            111 	.area _GSFINAL
                            112 	.area _GSINIT
                            113 ;--------------------------------------------------------
                            114 ; Home
                            115 ;--------------------------------------------------------
                            116 	.area _HOME
                            117 	.area _HOME
                            118 ;--------------------------------------------------------
                            119 ; code
                            120 ;--------------------------------------------------------
                            121 	.area _CODE
                            122 ;src/game.c:41: static void reset_player_to_checkpoint(void) {
                            123 ;	---------------------------------
                            124 ; Function reset_player_to_checkpoint
                            125 ; ---------------------------------
   0000                     126 _reset_player_to_checkpoint:
                            127 ;src/game.c:42: g_player.x = g_checkpointx;
   0000 21r00r00      [10]  128 	ld	hl, #_g_player
   0003 3Ar90r00      [13]  129 	ld	a,(#_g_checkpointx + 0)
   0006 77            [ 7]  130 	ld	(hl), a
                            131 ;src/game.c:43: g_player.y = g_checkpointy;
   0007 21r01r00      [10]  132 	ld	hl, #(_g_player + 0x0001)
   000A 3Ar91r00      [13]  133 	ld	a,(#_g_checkpointy + 0)
   000D 77            [ 7]  134 	ld	(hl), a
                            135 ;src/game.c:44: g_player.vx = 0;
   000E 21r02r00      [10]  136 	ld	hl, #(_g_player + 0x0002)
   0011 36 00         [10]  137 	ld	(hl), #0x00
                            138 ;src/game.c:45: g_player.vy = 0;
   0013 21r03r00      [10]  139 	ld	hl, #(_g_player + 0x0003)
   0016 36 00         [10]  140 	ld	(hl), #0x00
   0018 C9            [10]  141 	ret
                            142 ;src/game.c:48: static u8 rect_overlap(i16 ax, i16 ay, u8 aw, u8 ah, i16 bx, i16 by, u8 bw, u8 bh) {
                            143 ;	---------------------------------
                            144 ; Function rect_overlap
                            145 ; ---------------------------------
   0019                     146 _rect_overlap:
   0019 DD E5         [15]  147 	push	ix
   001B DD 21 00 00   [14]  148 	ld	ix,#0
   001F DD 39         [15]  149 	add	ix,sp
                            150 ;src/game.c:49: if (ax + aw <= bx) return 0;
   0021 DD 4E 08      [19]  151 	ld	c, 8 (ix)
   0024 06 00         [ 7]  152 	ld	b, #0x00
   0026 DD 6E 04      [19]  153 	ld	l,4 (ix)
   0029 DD 66 05      [19]  154 	ld	h,5 (ix)
   002C 09            [11]  155 	add	hl, bc
   002D DD 7E 0A      [19]  156 	ld	a, 10 (ix)
   0030 95            [ 4]  157 	sub	a, l
   0031 DD 7E 0B      [19]  158 	ld	a, 11 (ix)
   0034 9C            [ 4]  159 	sbc	a, h
   0035 E2r3Ar00      [10]  160 	jp	PO, 00127$
   0038 EE 80         [ 7]  161 	xor	a, #0x80
   003A                     162 00127$:
   003A FAr41r00      [10]  163 	jp	M, 00102$
   003D 2E 00         [ 7]  164 	ld	l, #0x00
   003F 18 62         [12]  165 	jr	00109$
   0041                     166 00102$:
                            167 ;src/game.c:50: if (bx + bw <= ax) return 0;
   0041 DD 4E 0E      [19]  168 	ld	c, 14 (ix)
   0044 06 00         [ 7]  169 	ld	b, #0x00
   0046 DD 6E 0A      [19]  170 	ld	l,10 (ix)
   0049 DD 66 0B      [19]  171 	ld	h,11 (ix)
   004C 09            [11]  172 	add	hl, bc
   004D DD 7E 04      [19]  173 	ld	a, 4 (ix)
   0050 95            [ 4]  174 	sub	a, l
   0051 DD 7E 05      [19]  175 	ld	a, 5 (ix)
   0054 9C            [ 4]  176 	sbc	a, h
   0055 E2r5Ar00      [10]  177 	jp	PO, 00128$
   0058 EE 80         [ 7]  178 	xor	a, #0x80
   005A                     179 00128$:
   005A FAr61r00      [10]  180 	jp	M, 00104$
   005D 2E 00         [ 7]  181 	ld	l, #0x00
   005F 18 42         [12]  182 	jr	00109$
   0061                     183 00104$:
                            184 ;src/game.c:51: if (ay + ah <= by) return 0;
   0061 DD 4E 09      [19]  185 	ld	c, 9 (ix)
   0064 06 00         [ 7]  186 	ld	b, #0x00
   0066 DD 6E 06      [19]  187 	ld	l,6 (ix)
   0069 DD 66 07      [19]  188 	ld	h,7 (ix)
   006C 09            [11]  189 	add	hl, bc
   006D DD 7E 0C      [19]  190 	ld	a, 12 (ix)
   0070 95            [ 4]  191 	sub	a, l
   0071 DD 7E 0D      [19]  192 	ld	a, 13 (ix)
   0074 9C            [ 4]  193 	sbc	a, h
   0075 E2r7Ar00      [10]  194 	jp	PO, 00129$
   0078 EE 80         [ 7]  195 	xor	a, #0x80
   007A                     196 00129$:
   007A FAr81r00      [10]  197 	jp	M, 00106$
   007D 2E 00         [ 7]  198 	ld	l, #0x00
   007F 18 22         [12]  199 	jr	00109$
   0081                     200 00106$:
                            201 ;src/game.c:52: if (by + bh <= ay) return 0;
   0081 DD 4E 0F      [19]  202 	ld	c, 15 (ix)
   0084 06 00         [ 7]  203 	ld	b, #0x00
   0086 DD 6E 0C      [19]  204 	ld	l,12 (ix)
   0089 DD 66 0D      [19]  205 	ld	h,13 (ix)
   008C 09            [11]  206 	add	hl, bc
   008D DD 7E 06      [19]  207 	ld	a, 6 (ix)
   0090 95            [ 4]  208 	sub	a, l
   0091 DD 7E 07      [19]  209 	ld	a, 7 (ix)
   0094 9C            [ 4]  210 	sbc	a, h
   0095 E2r9Ar00      [10]  211 	jp	PO, 00130$
   0098 EE 80         [ 7]  212 	xor	a, #0x80
   009A                     213 00130$:
   009A FArA1r00      [10]  214 	jp	M, 00108$
   009D 2E 00         [ 7]  215 	ld	l, #0x00
   009F 18 02         [12]  216 	jr	00109$
   00A1                     217 00108$:
                            218 ;src/game.c:53: return 1;
   00A1 2E 01         [ 7]  219 	ld	l, #0x01
   00A3                     220 00109$:
   00A3 DD E1         [14]  221 	pop	ix
   00A5 C9            [10]  222 	ret
                            223 ;src/game.c:56: static void spawn_wave(u8 wave) {
                            224 ;	---------------------------------
                            225 ; Function spawn_wave
                            226 ; ---------------------------------
   00A6                     227 _spawn_wave:
   00A6 DD E5         [15]  228 	push	ix
   00A8 DD 21 00 00   [14]  229 	ld	ix,#0
   00AC DD 39         [15]  230 	add	ix,sp
   00AE F5            [11]  231 	push	af
   00AF F5            [11]  232 	push	af
   00B0 3B            [ 6]  233 	dec	sp
                            234 ;src/game.c:60: for (i = 0; i < MAX_ENEMIES; ++i) {
   00B1 01r0Ar00      [10]  235 	ld	bc, #_g_enemies+0
   00B4 1E 00         [ 7]  236 	ld	e, #0x00
   00B6                     237 00117$:
                            238 ;src/game.c:61: enemyinit(&g_enemies[i]);
   00B6 D5            [11]  239 	push	de
   00B7 16 00         [ 7]  240 	ld	d,#0x00
   00B9 6B            [ 4]  241 	ld	l, e
   00BA 62            [ 4]  242 	ld	h, d
   00BB 29            [11]  243 	add	hl, hl
   00BC 29            [11]  244 	add	hl, hl
   00BD 19            [11]  245 	add	hl, de
   00BE 29            [11]  246 	add	hl, hl
   00BF D1            [10]  247 	pop	de
   00C0 09            [11]  248 	add	hl, bc
   00C1 C5            [11]  249 	push	bc
   00C2 D5            [11]  250 	push	de
   00C3 E5            [11]  251 	push	hl
   00C4 CDr00r00      [17]  252 	call	_enemyinit
   00C7 F1            [10]  253 	pop	af
   00C8 D1            [10]  254 	pop	de
   00C9 C1            [10]  255 	pop	bc
                            256 ;src/game.c:60: for (i = 0; i < MAX_ENEMIES; ++i) {
   00CA 1C            [ 4]  257 	inc	e
   00CB 7B            [ 4]  258 	ld	a, e
   00CC D6 06         [ 7]  259 	sub	a, #0x06
   00CE 38 E6         [12]  260 	jr	C,00117$
                            261 ;src/game.c:65: else if (wave == 1) count = 3;
   00D0 DD 7E 04      [19]  262 	ld	a, 4 (ix)
   00D3 3D            [ 4]  263 	dec	a
   00D4 20 04         [12]  264 	jr	NZ,00190$
   00D6 3E 01         [ 7]  265 	ld	a,#0x01
   00D8 18 01         [12]  266 	jr	00191$
   00DA                     267 00190$:
   00DA AF            [ 4]  268 	xor	a,a
   00DB                     269 00191$:
   00DB 5F            [ 4]  270 	ld	e, a
                            271 ;src/game.c:64: if (wave == 0) count = 2;
   00DC DD 7E 04      [19]  272 	ld	a, 4 (ix)
   00DF B7            [ 4]  273 	or	a, a
   00E0 20 06         [12]  274 	jr	NZ,00106$
   00E2 DD 36 FC 02   [19]  275 	ld	-4 (ix), #0x02
   00E6 18 0E         [12]  276 	jr	00107$
   00E8                     277 00106$:
                            278 ;src/game.c:65: else if (wave == 1) count = 3;
   00E8 7B            [ 4]  279 	ld	a, e
   00E9 B7            [ 4]  280 	or	a, a
   00EA 28 06         [12]  281 	jr	Z,00103$
   00EC DD 36 FC 03   [19]  282 	ld	-4 (ix), #0x03
   00F0 18 04         [12]  283 	jr	00107$
   00F2                     284 00103$:
                            285 ;src/game.c:66: else count = 4;
   00F2 DD 36 FC 04   [19]  286 	ld	-4 (ix), #0x04
   00F6                     287 00107$:
                            288 ;src/game.c:68: if (count > MAX_ENEMIES) count = MAX_ENEMIES;
   00F6 3E 06         [ 7]  289 	ld	a, #0x06
   00F8 DD 96 FC      [19]  290 	sub	a, -4 (ix)
   00FB 30 04         [12]  291 	jr	NC,00148$
   00FD DD 36 FC 06   [19]  292 	ld	-4 (ix), #0x06
                            293 ;src/game.c:70: for (i = 0; i < count; ++i) {
   0101                     294 00148$:
   0101 DD 73 FF      [19]  295 	ld	-1 (ix), e
   0104 DD 36 FB 00   [19]  296 	ld	-5 (ix), #0x00
   0108                     297 00120$:
   0108 DD 7E FB      [19]  298 	ld	a, -5 (ix)
   010B DD 96 FC      [19]  299 	sub	a, -4 (ix)
   010E D2r9Br01      [10]  300 	jp	NC, 00116$
                            301 ;src/game.c:73: if (wave == 0) type = 0;
   0111 DD 7E 04      [19]  302 	ld	a, 4 (ix)
   0114 B7            [ 4]  303 	or	a,a
   0115 20 03         [12]  304 	jr	NZ,00114$
   0117 5F            [ 4]  305 	ld	e,a
   0118 18 27         [12]  306 	jr	00115$
   011A                     307 00114$:
                            308 ;src/game.c:74: else if (wave == 1) type = (u8)((i == 0) ? 1 : 0);
   011A DD 7E FF      [19]  309 	ld	a, -1 (ix)
   011D B7            [ 4]  310 	or	a, a
   011E 28 0E         [12]  311 	jr	Z,00111$
   0120 DD 7E FB      [19]  312 	ld	a, -5 (ix)
   0123 B7            [ 4]  313 	or	a, a
   0124 20 04         [12]  314 	jr	NZ,00124$
   0126 1E 01         [ 7]  315 	ld	e, #0x01
   0128 18 17         [12]  316 	jr	00115$
   012A                     317 00124$:
   012A 1E 00         [ 7]  318 	ld	e, #0x00
   012C 18 13         [12]  319 	jr	00115$
   012E                     320 00111$:
                            321 ;src/game.c:75: else type = (u8)((i == 0 || i == 3) ? 2 : 1);
   012E DD 7E FB      [19]  322 	ld	a, -5 (ix)
   0131 B7            [ 4]  323 	or	a, a
   0132 28 07         [12]  324 	jr	Z,00129$
   0134 DD 7E FB      [19]  325 	ld	a, -5 (ix)
   0137 D6 03         [ 7]  326 	sub	a, #0x03
   0139 20 04         [12]  327 	jr	NZ,00126$
   013B                     328 00129$:
   013B 1E 02         [ 7]  329 	ld	e, #0x02
   013D 18 02         [12]  330 	jr	00127$
   013F                     331 00126$:
   013F 1E 01         [ 7]  332 	ld	e, #0x01
   0141                     333 00127$:
   0141                     334 00115$:
                            335 ;src/game.c:77: spawn_y = (type == 2) ? 84 : 112;
   0141 7B            [ 4]  336 	ld	a, e
   0142 D6 02         [ 7]  337 	sub	a, #0x02
   0144 20 04         [12]  338 	jr	NZ,00131$
   0146 16 54         [ 7]  339 	ld	d, #0x54
   0148 18 02         [12]  340 	jr	00132$
   014A                     341 00131$:
   014A 16 70         [ 7]  342 	ld	d, #0x70
   014C                     343 00132$:
                            344 ;src/game.c:78: enemyspawn(&g_enemies[i], (u8)(46 + (i * 8)), spawn_y, type, (u8)((i & 1) ? 1 : 0));
   014C DD CB FB 46   [20]  345 	bit	0, -5 (ix)
   0150 28 06         [12]  346 	jr	Z,00133$
   0152 DD 36 FE 01   [19]  347 	ld	-2 (ix), #0x01
   0156 18 04         [12]  348 	jr	00134$
   0158                     349 00133$:
   0158 DD 36 FE 00   [19]  350 	ld	-2 (ix), #0x00
   015C                     351 00134$:
   015C DD 7E FB      [19]  352 	ld	a, -5 (ix)
   015F 07            [ 4]  353 	rlca
   0160 07            [ 4]  354 	rlca
   0161 07            [ 4]  355 	rlca
   0162 E6 F8         [ 7]  356 	and	a, #0xf8
   0164 C6 2E         [ 7]  357 	add	a, #0x2e
   0166 DD 77 FD      [19]  358 	ld	-3 (ix), a
   0169 D5            [11]  359 	push	de
   016A DD 5E FB      [19]  360 	ld	e,-5 (ix)
   016D 16 00         [ 7]  361 	ld	d,#0x00
   016F 6B            [ 4]  362 	ld	l, e
   0170 62            [ 4]  363 	ld	h, d
   0171 29            [11]  364 	add	hl, hl
   0172 29            [11]  365 	add	hl, hl
   0173 19            [11]  366 	add	hl, de
   0174 29            [11]  367 	add	hl, hl
   0175 D1            [10]  368 	pop	de
   0176 09            [11]  369 	add	hl, bc
   0177 E5            [11]  370 	push	hl
   0178 FD E1         [14]  371 	pop	iy
   017A C5            [11]  372 	push	bc
   017B DD 7E FE      [19]  373 	ld	a, -2 (ix)
   017E F5            [11]  374 	push	af
   017F 33            [ 6]  375 	inc	sp
   0180 7B            [ 4]  376 	ld	a, e
   0181 F5            [11]  377 	push	af
   0182 33            [ 6]  378 	inc	sp
   0183 D5            [11]  379 	push	de
   0184 33            [ 6]  380 	inc	sp
   0185 DD 7E FD      [19]  381 	ld	a, -3 (ix)
   0188 F5            [11]  382 	push	af
   0189 33            [ 6]  383 	inc	sp
   018A FD E5         [15]  384 	push	iy
   018C CDr00r00      [17]  385 	call	_enemyspawn
   018F 21 06 00      [10]  386 	ld	hl, #6
   0192 39            [11]  387 	add	hl, sp
   0193 F9            [ 6]  388 	ld	sp, hl
   0194 C1            [10]  389 	pop	bc
                            390 ;src/game.c:70: for (i = 0; i < count; ++i) {
   0195 DD 34 FB      [23]  391 	inc	-5 (ix)
   0198 C3r08r01      [10]  392 	jp	00120$
   019B                     393 00116$:
                            394 ;src/game.c:81: g_aliveenemies = count;
   019B DD 7E FC      [19]  395 	ld	a, -4 (ix)
   019E 32r88r00      [13]  396 	ld	(#_g_aliveenemies + 0),a
   01A1 DD F9         [10]  397 	ld	sp, ix
   01A3 DD E1         [14]  398 	pop	ix
   01A5 C9            [10]  399 	ret
                            400 ;src/game.c:84: static void spawn_boss(void) {
                            401 ;	---------------------------------
                            402 ; Function spawn_boss
                            403 ; ---------------------------------
   01A6                     404 _spawn_boss:
                            405 ;src/game.c:85: enemyinit(&g_boss);
   01A6 21r93r00      [10]  406 	ld	hl, #_g_boss
   01A9 E5            [11]  407 	push	hl
   01AA CDr00r00      [17]  408 	call	_enemyinit
   01AD F1            [10]  409 	pop	af
                            410 ;src/game.c:86: enemyspawn(&g_boss, 68, 112, 1, 0);
   01AE 21 01 00      [10]  411 	ld	hl, #0x0001
   01B1 E5            [11]  412 	push	hl
   01B2 21 44 70      [10]  413 	ld	hl, #0x7044
   01B5 E5            [11]  414 	push	hl
   01B6 21r93r00      [10]  415 	ld	hl, #_g_boss
   01B9 E5            [11]  416 	push	hl
   01BA CDr00r00      [17]  417 	call	_enemyspawn
   01BD 21 06 00      [10]  418 	ld	hl, #6
   01C0 39            [11]  419 	add	hl, sp
   01C1 F9            [ 6]  420 	ld	sp, hl
                            421 ;src/game.c:87: g_boss.w = 10;
   01C2 21r97r00      [10]  422 	ld	hl, #(_g_boss + 0x0004)
   01C5 36 0A         [10]  423 	ld	(hl), #0x0a
                            424 ;src/game.c:88: g_boss.h = 18;
   01C7 21r98r00      [10]  425 	ld	hl, #(_g_boss + 0x0005)
   01CA 36 12         [10]  426 	ld	(hl), #0x12
                            427 ;src/game.c:89: g_boss.health = 10;
   01CC 21r9Ar00      [10]  428 	ld	hl, #(_g_boss + 0x0007)
   01CF 36 0A         [10]  429 	ld	(hl), #0x0a
                            430 ;src/game.c:90: g_boss.reward = 1500;
   01D1 21r9Br00      [10]  431 	ld	hl, #(_g_boss + 0x0008)
   01D4 36 DC         [10]  432 	ld	(hl), #0xdc
                            433 ;src/game.c:91: g_boss.kind = 3;
   01D6 21r9Cr00      [10]  434 	ld	hl, #(_g_boss + 0x0009)
   01D9 36 03         [10]  435 	ld	(hl), #0x03
                            436 ;src/game.c:92: g_boss.vx = -1;
   01DB 21r95r00      [10]  437 	ld	hl, #(_g_boss + 0x0002)
   01DE 36 FF         [10]  438 	ld	(hl), #0xff
                            439 ;src/game.c:93: g_bossactive = 1;
   01E0 21r9Dr00      [10]  440 	ld	hl,#_g_bossactive + 0
   01E3 36 01         [10]  441 	ld	(hl), #0x01
                            442 ;src/game.c:94: g_bossphase = 0;
   01E5 21r9Er00      [10]  443 	ld	hl,#_g_bossphase + 0
   01E8 36 00         [10]  444 	ld	(hl), #0x00
   01EA C9            [10]  445 	ret
                            446 ;src/game.c:97: static void try_fire_projectile(void) {
                            447 ;	---------------------------------
                            448 ; Function try_fire_projectile
                            449 ; ---------------------------------
   01EB                     450 _try_fire_projectile:
   01EB DD E5         [15]  451 	push	ix
   01ED DD 21 00 00   [14]  452 	ld	ix,#0
   01F1 DD 39         [15]  453 	add	ix,sp
   01F3 F5            [11]  454 	push	af
   01F4 3B            [ 6]  455 	dec	sp
                            456 ;src/game.c:101: if (!input_is_shoot_just_pressed()) return;
   01F5 CDr00r00      [17]  457 	call	_input_is_shoot_just_pressed
   01F8 7D            [ 4]  458 	ld	a, l
   01F9 B7            [ 4]  459 	or	a, a
   01FA CAr8Cr02      [10]  460 	jp	Z,00110$
                            461 ;src/game.c:102: if (g_shootcooldown) return;
   01FD 3Ar8Br00      [13]  462 	ld	a,(#_g_shootcooldown + 0)
   0200 B7            [ 4]  463 	or	a, a
   0201 C2r8Cr02      [10]  464 	jp	NZ,00110$
                            465 ;src/game.c:104: dir = g_player.facing_left ? -3 : 3;
   0204 3Ar08r00      [13]  466 	ld	a, (#_g_player + 8)
   0207 B7            [ 4]  467 	or	a, a
   0208 28 04         [12]  468 	jr	Z,00112$
   020A 0E FD         [ 7]  469 	ld	c, #0xfd
   020C 18 02         [12]  470 	jr	00113$
   020E                     471 00112$:
   020E 0E 03         [ 7]  472 	ld	c, #0x03
   0210                     473 00113$:
                            474 ;src/game.c:106: for (i = 0; i < MAX_PROJECTILES; ++i) {
   0210 DD 36 FF 00   [19]  475 	ld	-1 (ix), #0x00
   0214 06 00         [ 7]  476 	ld	b, #0x00
   0216                     477 00108$:
                            478 ;src/game.c:107: if (!g_projectiles[i].active) {
   0216 58            [ 4]  479 	ld	e,b
   0217 16 00         [ 7]  480 	ld	d,#0x00
   0219 6B            [ 4]  481 	ld	l, e
   021A 62            [ 4]  482 	ld	h, d
   021B 29            [11]  483 	add	hl, hl
   021C 29            [11]  484 	add	hl, hl
   021D 19            [11]  485 	add	hl, de
   021E 29            [11]  486 	add	hl, hl
   021F 11r46r00      [10]  487 	ld	de, #_g_projectiles
   0222 19            [11]  488 	add	hl, de
   0223 11 06 00      [10]  489 	ld	de, #0x0006
   0226 19            [11]  490 	add	hl, de
   0227 7E            [ 7]  491 	ld	a, (hl)
   0228 B7            [ 4]  492 	or	a, a
   0229 20 58         [12]  493 	jr	NZ,00109$
                            494 ;src/game.c:109: projectilefire(&g_projectiles[i], (u8)(g_player.x + 2), (u8)(g_player.y + 6), dir, g_weaponlevel > 0 ? 1 : 0);
   022B 3Ar9Fr00      [13]  495 	ld	a,(#_g_weaponlevel + 0)
   022E B7            [ 4]  496 	or	a, a
   022F 28 06         [12]  497 	jr	Z,00114$
   0231 DD 36 FE 01   [19]  498 	ld	-2 (ix), #0x01
   0235 18 04         [12]  499 	jr	00115$
   0237                     500 00114$:
   0237 DD 36 FE 00   [19]  501 	ld	-2 (ix), #0x00
   023B                     502 00115$:
   023B 3Ar01r00      [13]  503 	ld	a, (#_g_player + 1)
   023E C6 06         [ 7]  504 	add	a, #0x06
   0240 DD 77 FD      [19]  505 	ld	-3 (ix), a
   0243 21r00r00      [10]  506 	ld	hl, #_g_player + 0
   0246 46            [ 7]  507 	ld	b, (hl)
   0247 04            [ 4]  508 	inc	b
   0248 04            [ 4]  509 	inc	b
   0249 DD 5E FF      [19]  510 	ld	e,-1 (ix)
   024C 16 00         [ 7]  511 	ld	d,#0x00
   024E 6B            [ 4]  512 	ld	l, e
   024F 62            [ 4]  513 	ld	h, d
   0250 29            [11]  514 	add	hl, hl
   0251 29            [11]  515 	add	hl, hl
   0252 19            [11]  516 	add	hl, de
   0253 29            [11]  517 	add	hl, hl
   0254 11r46r00      [10]  518 	ld	de, #_g_projectiles
   0257 19            [11]  519 	add	hl, de
   0258 EB            [ 4]  520 	ex	de,hl
   0259 DD 7E FE      [19]  521 	ld	a, -2 (ix)
   025C F5            [11]  522 	push	af
   025D 33            [ 6]  523 	inc	sp
   025E 79            [ 4]  524 	ld	a, c
   025F F5            [11]  525 	push	af
   0260 33            [ 6]  526 	inc	sp
   0261 DD 7E FD      [19]  527 	ld	a, -3 (ix)
   0264 F5            [11]  528 	push	af
   0265 33            [ 6]  529 	inc	sp
   0266 C5            [11]  530 	push	bc
   0267 33            [ 6]  531 	inc	sp
   0268 D5            [11]  532 	push	de
   0269 CDr00r00      [17]  533 	call	_projectilefire
   026C 21 06 00      [10]  534 	ld	hl, #6
   026F 39            [11]  535 	add	hl, sp
   0270 F9            [ 6]  536 	ld	sp, hl
                            537 ;src/game.c:110: g_shootcooldown = g_weaponlevel > 0 ? 4 : 8;
   0271 3Ar9Fr00      [13]  538 	ld	a,(#_g_weaponlevel + 0)
   0274 B7            [ 4]  539 	or	a, a
   0275 28 04         [12]  540 	jr	Z,00116$
   0277 0E 04         [ 7]  541 	ld	c, #0x04
   0279 18 02         [12]  542 	jr	00117$
   027B                     543 00116$:
   027B 0E 08         [ 7]  544 	ld	c, #0x08
   027D                     545 00117$:
   027D 21r8Br00      [10]  546 	ld	hl,#_g_shootcooldown + 0
   0280 71            [ 7]  547 	ld	(hl), c
                            548 ;src/game.c:111: break;
   0281 18 09         [12]  549 	jr	00110$
   0283                     550 00109$:
                            551 ;src/game.c:106: for (i = 0; i < MAX_PROJECTILES; ++i) {
   0283 04            [ 4]  552 	inc	b
   0284 DD 70 FF      [19]  553 	ld	-1 (ix), b
   0287 78            [ 4]  554 	ld	a, b
   0288 D6 06         [ 7]  555 	sub	a, #0x06
   028A 38 8A         [12]  556 	jr	C,00108$
   028C                     557 00110$:
   028C DD F9         [10]  558 	ld	sp, ix
   028E DD E1         [14]  559 	pop	ix
   0290 C9            [10]  560 	ret
                            561 ;src/game.c:116: static void register_player_hit(void) {
                            562 ;	---------------------------------
                            563 ; Function register_player_hit
                            564 ; ---------------------------------
   0291                     565 _register_player_hit:
                            566 ;src/game.c:117: if (g_lives) {
   0291 FD 21r82r00   [14]  567 	ld	iy, #_g_lives
   0295 FD 7E 00      [19]  568 	ld	a, 0 (iy)
   0298 B7            [ 4]  569 	or	a, a
   0299 28 03         [12]  570 	jr	Z,00102$
                            571 ;src/game.c:118: g_lives--;
   029B FD 35 00      [23]  572 	dec	0 (iy)
   029E                     573 00102$:
                            574 ;src/game.c:120: if (g_lives == 0) {
   029E 3Ar82r00      [13]  575 	ld	a,(#_g_lives + 0)
   02A1 B7            [ 4]  576 	or	a, a
   02A2 20 06         [12]  577 	jr	NZ,00104$
                            578 ;src/game.c:121: g_gameover = 1;
   02A4 21r8Dr00      [10]  579 	ld	hl,#_g_gameover + 0
   02A7 36 01         [10]  580 	ld	(hl), #0x01
                            581 ;src/game.c:122: return;
   02A9 C9            [10]  582 	ret
   02AA                     583 00104$:
                            584 ;src/game.c:125: reset_player_to_checkpoint();
   02AA CDr00r00      [17]  585 	call	_reset_player_to_checkpoint
                            586 ;src/game.c:126: g_damagecooldown = 40;
   02AD 21r8Ar00      [10]  587 	ld	hl,#_g_damagecooldown + 0
   02B0 36 28         [10]  588 	ld	(hl), #0x28
   02B2 C9            [10]  589 	ret
                            590 ;src/game.c:129: void game_init(void) {
                            591 ;	---------------------------------
                            592 ; Function game_init
                            593 ; ---------------------------------
   02B3                     594 _game_init::
                            595 ;src/game.c:132: cpct_disableFirmware();
   02B3 CDr00r00      [17]  596 	call	_cpct_disableFirmware
                            597 ;src/game.c:133: cpct_setVideoMode(0);
   02B6 2E 00         [ 7]  598 	ld	l, #0x00
   02B8 CDr00r00      [17]  599 	call	_cpct_setVideoMode
                            600 ;src/game.c:134: cpct_setPalette((u8*)gpalette, GPALETTE_SIZE);
   02BB 21 10 00      [10]  601 	ld	hl, #0x0010
   02BE E5            [11]  602 	push	hl
   02BF 21r00r00      [10]  603 	ld	hl, #_gpalette
   02C2 E5            [11]  604 	push	hl
   02C3 CDr00r00      [17]  605 	call	_cpct_setPalette
                            606 ;src/game.c:135: cpct_setBorder(gpalette[0]);
   02C6 21r00r00      [10]  607 	ld	hl, #_gpalette + 0
   02C9 46            [ 7]  608 	ld	b, (hl)
   02CA C5            [11]  609 	push	bc
   02CB 33            [ 6]  610 	inc	sp
   02CC 3E 10         [ 7]  611 	ld	a, #0x10
   02CE F5            [11]  612 	push	af
   02CF 33            [ 6]  613 	inc	sp
   02D0 CDr00r00      [17]  614 	call	_cpct_setPALColour
                            615 ;src/game.c:136: cpct_clearScreen(0x00);
   02D3 21 00 40      [10]  616 	ld	hl, #0x4000
   02D6 E5            [11]  617 	push	hl
   02D7 AF            [ 4]  618 	xor	a, a
   02D8 F5            [11]  619 	push	af
   02D9 33            [ 6]  620 	inc	sp
   02DA 26 C0         [ 7]  621 	ld	h, #0xc0
   02DC E5            [11]  622 	push	hl
   02DD CDr00r00      [17]  623 	call	_cpct_memset
                            624 ;src/game.c:137: tilemap_init();
   02E0 CDr00r00      [17]  625 	call	_tilemap_init
                            626 ;src/game.c:138: collision_init();
   02E3 CDr00r00      [17]  627 	call	_collision_init
                            628 ;src/game.c:139: playerinit(&g_player);
   02E6 21r00r00      [10]  629 	ld	hl, #_g_player
   02E9 E5            [11]  630 	push	hl
   02EA CDr00r00      [17]  631 	call	_playerinit
   02ED F1            [10]  632 	pop	af
                            633 ;src/game.c:140: hudinit();
   02EE CDr00r00      [17]  634 	call	_hudinit
                            635 ;src/game.c:142: for (i = 0; i < MAX_PROJECTILES; ++i) {
   02F1 0E 00         [ 7]  636 	ld	c, #0x00
   02F3                     637 00102$:
                            638 ;src/game.c:143: projectileinit(&g_projectiles[i]);
   02F3 06 00         [ 7]  639 	ld	b,#0x00
   02F5 69            [ 4]  640 	ld	l, c
   02F6 60            [ 4]  641 	ld	h, b
   02F7 29            [11]  642 	add	hl, hl
   02F8 29            [11]  643 	add	hl, hl
   02F9 09            [11]  644 	add	hl, bc
   02FA 29            [11]  645 	add	hl, hl
   02FB 11r46r00      [10]  646 	ld	de, #_g_projectiles
   02FE 19            [11]  647 	add	hl, de
   02FF C5            [11]  648 	push	bc
   0300 E5            [11]  649 	push	hl
   0301 CDr00r00      [17]  650 	call	_projectileinit
   0304 F1            [10]  651 	pop	af
   0305 C1            [10]  652 	pop	bc
                            653 ;src/game.c:142: for (i = 0; i < MAX_PROJECTILES; ++i) {
   0306 0C            [ 4]  654 	inc	c
   0307 79            [ 4]  655 	ld	a, c
   0308 D6 06         [ 7]  656 	sub	a, #0x06
   030A 38 E7         [12]  657 	jr	C,00102$
                            658 ;src/game.c:146: g_lives = 3;
   030C 21r82r00      [10]  659 	ld	hl,#_g_lives + 0
   030F 36 03         [10]  660 	ld	(hl), #0x03
                            661 ;src/game.c:147: g_score = 0;
   0311 21 00 00      [10]  662 	ld	hl, #0x0000
   0314 22r83r00      [16]  663 	ld	(_g_score), hl
                            664 ;src/game.c:148: g_timeleft = 99;
   0317 FD 21r85r00   [14]  665 	ld	iy, #_g_timeleft
   031B FD 36 00 63   [19]  666 	ld	0 (iy), #0x63
                            667 ;src/game.c:149: g_weapondisplay = 1;
   031F FD 21r86r00   [14]  668 	ld	iy, #_g_weapondisplay
   0323 FD 36 00 01   [19]  669 	ld	0 (iy), #0x01
                            670 ;src/game.c:150: g_currentwave = 0;
   0327 FD 21r87r00   [14]  671 	ld	iy, #_g_currentwave
   032B FD 36 00 00   [19]  672 	ld	0 (iy), #0x00
                            673 ;src/game.c:151: g_wavecooldown = 1;
   032F FD 21r89r00   [14]  674 	ld	iy, #_g_wavecooldown
   0333 FD 36 00 01   [19]  675 	ld	0 (iy), #0x01
                            676 ;src/game.c:152: g_damagecooldown = 0;
   0337 FD 21r8Ar00   [14]  677 	ld	iy, #_g_damagecooldown
   033B FD 36 00 00   [19]  678 	ld	0 (iy), #0x00
                            679 ;src/game.c:153: g_shootcooldown = 0;
   033F FD 21r8Br00   [14]  680 	ld	iy, #_g_shootcooldown
   0343 FD 36 00 00   [19]  681 	ld	0 (iy), #0x00
                            682 ;src/game.c:154: g_victory = 0;
   0347 FD 21r8Cr00   [14]  683 	ld	iy, #_g_victory
   034B FD 36 00 00   [19]  684 	ld	0 (iy), #0x00
                            685 ;src/game.c:155: g_gameover = 0;
   034F FD 21r8Dr00   [14]  686 	ld	iy, #_g_gameover
   0353 FD 36 00 00   [19]  687 	ld	0 (iy), #0x00
                            688 ;src/game.c:156: g_framecounter = 0;
   0357 2E 00         [ 7]  689 	ld	l, #0x00
   0359 22r8Er00      [16]  690 	ld	(_g_framecounter), hl
                            691 ;src/game.c:157: g_checkpointx = 20;
   035C 21r90r00      [10]  692 	ld	hl,#_g_checkpointx + 0
   035F 36 14         [10]  693 	ld	(hl), #0x14
                            694 ;src/game.c:158: g_checkpointy = 120;
   0361 21r91r00      [10]  695 	ld	hl,#_g_checkpointy + 0
   0364 36 78         [10]  696 	ld	(hl), #0x78
                            697 ;src/game.c:159: g_checkpointactive = 0;
   0366 21r92r00      [10]  698 	ld	hl,#_g_checkpointactive + 0
   0369 36 00         [10]  699 	ld	(hl), #0x00
                            700 ;src/game.c:160: g_bossactive = 0;
   036B 21r9Dr00      [10]  701 	ld	hl,#_g_bossactive + 0
   036E 36 00         [10]  702 	ld	(hl), #0x00
                            703 ;src/game.c:161: g_weaponlevel = 0;
   0370 21r9Fr00      [10]  704 	ld	hl,#_g_weaponlevel + 0
   0373 36 00         [10]  705 	ld	(hl), #0x00
                            706 ;src/game.c:162: g_pickuptaken = 0;
   0375 21rA0r00      [10]  707 	ld	hl,#_g_pickuptaken + 0
   0378 36 00         [10]  708 	ld	(hl), #0x00
                            709 ;src/game.c:163: enemyinit(&g_boss);
   037A 21r93r00      [10]  710 	ld	hl, #_g_boss
   037D E5            [11]  711 	push	hl
   037E CDr00r00      [17]  712 	call	_enemyinit
   0381 F1            [10]  713 	pop	af
   0382 C9            [10]  714 	ret
                            715 ;src/game.c:166: void game_update(void) {
                            716 ;	---------------------------------
                            717 ; Function game_update
                            718 ; ---------------------------------
   0383                     719 _game_update::
   0383 DD E5         [15]  720 	push	ix
   0385 DD 21 00 00   [14]  721 	ld	ix,#0
   0389 DD 39         [15]  722 	add	ix,sp
   038B 21 E7 FF      [10]  723 	ld	hl, #-25
   038E 39            [11]  724 	add	hl, sp
   038F F9            [ 6]  725 	ld	sp, hl
                            726 ;src/game.c:170: input_update();
   0390 CDr00r00      [17]  727 	call	_input_update
                            728 ;src/game.c:172: if (g_gameover || g_victory) {
   0393 3Ar8Dr00      [13]  729 	ld	a,(#_g_gameover + 0)
   0396 B7            [ 4]  730 	or	a, a
   0397 20 06         [12]  731 	jr	NZ,00101$
   0399 3Ar8Cr00      [13]  732 	ld	a,(#_g_victory + 0)
   039C B7            [ 4]  733 	or	a, a
   039D 28 1C         [12]  734 	jr	Z,00102$
   039F                     735 00101$:
                            736 ;src/game.c:173: hudupdate(g_lives, g_score, g_timeleft, g_weapondisplay);
   039F 3Ar86r00      [13]  737 	ld	a, (_g_weapondisplay)
   03A2 F5            [11]  738 	push	af
   03A3 33            [ 6]  739 	inc	sp
   03A4 3Ar85r00      [13]  740 	ld	a, (_g_timeleft)
   03A7 F5            [11]  741 	push	af
   03A8 33            [ 6]  742 	inc	sp
   03A9 2Ar83r00      [16]  743 	ld	hl, (_g_score)
   03AC E5            [11]  744 	push	hl
   03AD 3Ar82r00      [13]  745 	ld	a, (_g_lives)
   03B0 F5            [11]  746 	push	af
   03B1 33            [ 6]  747 	inc	sp
   03B2 CDr00r00      [17]  748 	call	_hudupdate
   03B5 F1            [10]  749 	pop	af
   03B6 F1            [10]  750 	pop	af
   03B7 33            [ 6]  751 	inc	sp
                            752 ;src/game.c:174: return;
   03B8 C3rA6r09      [10]  753 	jp	00181$
   03BB                     754 00102$:
                            755 ;src/game.c:177: playerupdate(&g_player);
   03BB 21r00r00      [10]  756 	ld	hl, #_g_player
   03BE E5            [11]  757 	push	hl
   03BF CDr00r00      [17]  758 	call	_playerupdate
   03C2 F1            [10]  759 	pop	af
                            760 ;src/game.c:178: try_fire_projectile();
   03C3 CDrEBr01      [17]  761 	call	_try_fire_projectile
                            762 ;src/game.c:180: if (g_shootcooldown) g_shootcooldown--;
   03C6 FD 21r8Br00   [14]  763 	ld	iy, #_g_shootcooldown
   03CA FD 7E 00      [19]  764 	ld	a, 0 (iy)
   03CD B7            [ 4]  765 	or	a, a
   03CE 28 03         [12]  766 	jr	Z,00105$
   03D0 FD 35 00      [23]  767 	dec	0 (iy)
   03D3                     768 00105$:
                            769 ;src/game.c:181: if (g_damagecooldown) g_damagecooldown--;
   03D3 FD 21r8Ar00   [14]  770 	ld	iy, #_g_damagecooldown
   03D7 FD 7E 00      [19]  771 	ld	a, 0 (iy)
   03DA B7            [ 4]  772 	or	a, a
   03DB 28 03         [12]  773 	jr	Z,00192$
   03DD FD 35 00      [23]  774 	dec	0 (iy)
                            775 ;src/game.c:183: for (i = 0; i < MAX_PROJECTILES; ++i) {
   03E0                     776 00192$:
   03E0 0E 00         [ 7]  777 	ld	c, #0x00
   03E2                     778 00174$:
                            779 ;src/game.c:184: projectileupdate(&g_projectiles[i]);
   03E2 06 00         [ 7]  780 	ld	b,#0x00
   03E4 69            [ 4]  781 	ld	l, c
   03E5 60            [ 4]  782 	ld	h, b
   03E6 29            [11]  783 	add	hl, hl
   03E7 29            [11]  784 	add	hl, hl
   03E8 09            [11]  785 	add	hl, bc
   03E9 29            [11]  786 	add	hl, hl
   03EA 11r46r00      [10]  787 	ld	de, #_g_projectiles
   03ED 19            [11]  788 	add	hl, de
   03EE C5            [11]  789 	push	bc
   03EF E5            [11]  790 	push	hl
   03F0 CDr00r00      [17]  791 	call	_projectileupdate
   03F3 F1            [10]  792 	pop	af
   03F4 C1            [10]  793 	pop	bc
                            794 ;src/game.c:183: for (i = 0; i < MAX_PROJECTILES; ++i) {
   03F5 0C            [ 4]  795 	inc	c
   03F6 79            [ 4]  796 	ld	a, c
   03F7 D6 06         [ 7]  797 	sub	a, #0x06
   03F9 38 E7         [12]  798 	jr	C,00174$
                            799 ;src/game.c:187: for (i = 0; i < MAX_ENEMIES; ++i) {
   03FB 0E 00         [ 7]  800 	ld	c, #0x00
   03FD                     801 00176$:
                            802 ;src/game.c:188: enemyupdate(&g_enemies[i]);
   03FD 06 00         [ 7]  803 	ld	b,#0x00
   03FF 69            [ 4]  804 	ld	l, c
   0400 60            [ 4]  805 	ld	h, b
   0401 29            [11]  806 	add	hl, hl
   0402 29            [11]  807 	add	hl, hl
   0403 09            [11]  808 	add	hl, bc
   0404 29            [11]  809 	add	hl, hl
   0405 11r0Ar00      [10]  810 	ld	de, #_g_enemies
   0408 19            [11]  811 	add	hl, de
   0409 C5            [11]  812 	push	bc
   040A E5            [11]  813 	push	hl
   040B CDr00r00      [17]  814 	call	_enemyupdate
   040E F1            [10]  815 	pop	af
   040F C1            [10]  816 	pop	bc
                            817 ;src/game.c:187: for (i = 0; i < MAX_ENEMIES; ++i) {
   0410 0C            [ 4]  818 	inc	c
   0411 79            [ 4]  819 	ld	a, c
   0412 D6 06         [ 7]  820 	sub	a, #0x06
   0414 38 E7         [12]  821 	jr	C,00176$
                            822 ;src/game.c:191: if (g_bossactive) {
   0416 3Ar9Dr00      [13]  823 	ld	a,(#_g_bossactive + 0)
   0419 B7            [ 4]  824 	or	a, a
   041A 28 71         [12]  825 	jr	Z,00211$
                            826 ;src/game.c:192: if (g_boss.health > 4) g_bossphase = 0;
   041C 21r9Ar00      [10]  827 	ld	hl, #_g_boss + 7
   041F 4E            [ 7]  828 	ld	c, (hl)
   0420 3E 04         [ 7]  829 	ld	a, #0x04
   0422 91            [ 4]  830 	sub	a, c
   0423 30 07         [12]  831 	jr	NC,00111$
   0425 21r9Er00      [10]  832 	ld	hl,#_g_bossphase + 0
   0428 36 00         [10]  833 	ld	(hl), #0x00
   042A 18 05         [12]  834 	jr	00112$
   042C                     835 00111$:
                            836 ;src/game.c:193: else g_bossphase = 1;
   042C 21r9Er00      [10]  837 	ld	hl,#_g_bossphase + 0
   042F 36 01         [10]  838 	ld	(hl), #0x01
   0431                     839 00112$:
                            840 ;src/game.c:195: g_boss.vx = (i8)(g_player.x + 2 < g_boss.x ? -(g_bossphase ? 2 : 1) : (g_bossphase ? 2 : 1));
   0431 3Ar00r00      [13]  841 	ld	a,(#_g_player + 0)
   0434 DD 77 EC      [19]  842 	ld	-20 (ix), a
   0437 DD 77 F7      [19]  843 	ld	-9 (ix), a
   043A DD 36 F8 00   [19]  844 	ld	-8 (ix), #0x00
   043E DD 7E F7      [19]  845 	ld	a, -9 (ix)
   0441 C6 02         [ 7]  846 	add	a, #0x02
   0443 DD 77 F7      [19]  847 	ld	-9 (ix), a
   0446 DD 7E F8      [19]  848 	ld	a, -8 (ix)
   0449 CE 00         [ 7]  849 	adc	a, #0x00
   044B DD 77 F8      [19]  850 	ld	-8 (ix), a
   044E 21r93r00      [10]  851 	ld	hl, #_g_boss + 0
   0451 4E            [ 7]  852 	ld	c, (hl)
   0452 06 00         [ 7]  853 	ld	b, #0x00
   0454 DD 7E F7      [19]  854 	ld	a, -9 (ix)
   0457 91            [ 4]  855 	sub	a, c
   0458 DD 7E F8      [19]  856 	ld	a, -8 (ix)
   045B 98            [ 4]  857 	sbc	a, b
   045C E2r61r04      [10]  858 	jp	PO, 00380$
   045F EE 80         [ 7]  859 	xor	a, #0x80
   0461                     860 00380$:
   0461 F2r75r04      [10]  861 	jp	P, 00183$
   0464 3Ar9Er00      [13]  862 	ld	a,(#_g_bossphase + 0)
   0467 B7            [ 4]  863 	or	a, a
   0468 28 04         [12]  864 	jr	Z,00185$
   046A 0E 02         [ 7]  865 	ld	c, #0x02
   046C 18 02         [12]  866 	jr	00186$
   046E                     867 00185$:
   046E 0E 01         [ 7]  868 	ld	c, #0x01
   0470                     869 00186$:
   0470 AF            [ 4]  870 	xor	a, a
   0471 91            [ 4]  871 	sub	a, c
   0472 4F            [ 4]  872 	ld	c, a
   0473 18 0C         [12]  873 	jr	00184$
   0475                     874 00183$:
   0475 3Ar9Er00      [13]  875 	ld	a,(#_g_bossphase + 0)
   0478 B7            [ 4]  876 	or	a, a
   0479 28 04         [12]  877 	jr	Z,00187$
   047B 0E 02         [ 7]  878 	ld	c, #0x02
   047D 18 02         [12]  879 	jr	00188$
   047F                     880 00187$:
   047F 0E 01         [ 7]  881 	ld	c, #0x01
   0481                     882 00188$:
   0481                     883 00184$:
   0481 21r95r00      [10]  884 	ld	hl, #(_g_boss + 0x0002)
   0484 71            [ 7]  885 	ld	(hl), c
                            886 ;src/game.c:196: enemyupdate(&g_boss);
   0485 21r93r00      [10]  887 	ld	hl, #_g_boss
   0488 E5            [11]  888 	push	hl
   0489 CDr00r00      [17]  889 	call	_enemyupdate
   048C F1            [10]  890 	pop	af
                            891 ;src/game.c:199: for (i = 0; i < MAX_PROJECTILES; ++i) {
   048D                     892 00211$:
   048D 0E 00         [ 7]  893 	ld	c, #0x00
   048F                     894 00179$:
                            895 ;src/game.c:200: if (!g_projectiles[i].active) continue;
   048F 06 00         [ 7]  896 	ld	b,#0x00
   0491 69            [ 4]  897 	ld	l, c
   0492 60            [ 4]  898 	ld	h, b
   0493 29            [11]  899 	add	hl, hl
   0494 29            [11]  900 	add	hl, hl
   0495 09            [11]  901 	add	hl, bc
   0496 29            [11]  902 	add	hl, hl
   0497 EB            [ 4]  903 	ex	de,hl
   0498 21r46r00      [10]  904 	ld	hl, #_g_projectiles
   049B 19            [11]  905 	add	hl,de
   049C EB            [ 4]  906 	ex	de,hl
   049D 21 06 00      [10]  907 	ld	hl, #0x0006
   04A0 19            [11]  908 	add	hl,de
   04A1 DD 75 F7      [19]  909 	ld	-9 (ix), l
   04A4 DD 74 F8      [19]  910 	ld	-8 (ix), h
   04A7 7E            [ 7]  911 	ld	a, (hl)
   04A8 B7            [ 4]  912 	or	a, a
   04A9 CArCAr06      [10]  913 	jp	Z, 00133$
                            914 ;src/game.c:201: for (j = 0; j < MAX_ENEMIES; ++j) {
   04AC DD 36 E7 00   [19]  915 	ld	-25 (ix), #0x00
   04B0                     916 00178$:
                            917 ;src/game.c:202: if (!g_enemies[j].active) continue;
   04B0 D5            [11]  918 	push	de
   04B1 DD 5E E7      [19]  919 	ld	e,-25 (ix)
   04B4 16 00         [ 7]  920 	ld	d,#0x00
   04B6 6B            [ 4]  921 	ld	l, e
   04B7 62            [ 4]  922 	ld	h, d
   04B8 29            [11]  923 	add	hl, hl
   04B9 29            [11]  924 	add	hl, hl
   04BA 19            [11]  925 	add	hl, de
   04BB 29            [11]  926 	add	hl, hl
   04BC D1            [10]  927 	pop	de
   04BD 3Er0A         [ 7]  928 	ld	a, #<(_g_enemies)
   04BF 85            [ 4]  929 	add	a, l
   04C0 DD 77 ED      [19]  930 	ld	-19 (ix), a
   04C3 3Es00         [ 7]  931 	ld	a, #>(_g_enemies)
   04C5 8C            [ 4]  932 	adc	a, h
   04C6 DD 77 EE      [19]  933 	ld	-18 (ix), a
   04C9 DD 6E ED      [19]  934 	ld	l,-19 (ix)
   04CC DD 66 EE      [19]  935 	ld	h,-18 (ix)
   04CF C5            [11]  936 	push	bc
   04D0 01 06 00      [10]  937 	ld	bc, #0x0006
   04D3 09            [11]  938 	add	hl, bc
   04D4 C1            [10]  939 	pop	bc
   04D5 46            [ 7]  940 	ld	b, (hl)
                            941 ;src/game.c:203: if (!rect_overlap((i16)g_projectiles[i].x, (i16)g_projectiles[i].y, g_projectiles[i].w, g_projectiles[i].h,
   04D6 21 05 00      [10]  942 	ld	hl, #0x0005
   04D9 19            [11]  943 	add	hl,de
   04DA DD 75 EF      [19]  944 	ld	-17 (ix), l
   04DD DD 74 F0      [19]  945 	ld	-16 (ix), h
   04E0 21 04 00      [10]  946 	ld	hl, #0x0004
   04E3 19            [11]  947 	add	hl,de
   04E4 DD 75 F5      [19]  948 	ld	-11 (ix), l
   04E7 DD 74 F6      [19]  949 	ld	-10 (ix), h
   04EA 21 01 00      [10]  950 	ld	hl, #0x0001
   04ED 19            [11]  951 	add	hl,de
   04EE DD 75 F1      [19]  952 	ld	-15 (ix), l
   04F1 DD 74 F2      [19]  953 	ld	-14 (ix), h
                            954 ;src/game.c:205: if (enemydamage(&g_enemies[j], g_projectiles[i].damage)) {
   04F4 21 07 00      [10]  955 	ld	hl, #0x0007
   04F7 19            [11]  956 	add	hl,de
   04F8 DD 75 EA      [19]  957 	ld	-22 (ix), l
   04FB DD 74 EB      [19]  958 	ld	-21 (ix), h
                            959 ;src/game.c:202: if (!g_enemies[j].active) continue;
   04FE 78            [ 4]  960 	ld	a, b
   04FF B7            [ 4]  961 	or	a, a
   0500 CArF8r05      [10]  962 	jp	Z, 00125$
                            963 ;src/game.c:204: (i16)g_enemies[j].x, (i16)g_enemies[j].y, g_enemies[j].w, g_enemies[j].h)) continue;
   0503 DD 6E ED      [19]  964 	ld	l,-19 (ix)
   0506 DD 66 EE      [19]  965 	ld	h,-18 (ix)
   0509 23            [ 6]  966 	inc	hl
   050A 23            [ 6]  967 	inc	hl
   050B 23            [ 6]  968 	inc	hl
   050C 23            [ 6]  969 	inc	hl
   050D 23            [ 6]  970 	inc	hl
   050E 7E            [ 7]  971 	ld	a, (hl)
   050F DD 77 EC      [19]  972 	ld	-20 (ix), a
   0512 DD 6E ED      [19]  973 	ld	l,-19 (ix)
   0515 DD 66 EE      [19]  974 	ld	h,-18 (ix)
   0518 23            [ 6]  975 	inc	hl
   0519 23            [ 6]  976 	inc	hl
   051A 23            [ 6]  977 	inc	hl
   051B 23            [ 6]  978 	inc	hl
   051C 7E            [ 7]  979 	ld	a, (hl)
   051D DD 77 E9      [19]  980 	ld	-23 (ix), a
   0520 DD 6E ED      [19]  981 	ld	l,-19 (ix)
   0523 DD 66 EE      [19]  982 	ld	h,-18 (ix)
   0526 23            [ 6]  983 	inc	hl
   0527 46            [ 7]  984 	ld	b, (hl)
   0528 DD 70 F3      [19]  985 	ld	-13 (ix), b
   052B DD 36 F4 00   [19]  986 	ld	-12 (ix), #0x00
   052F DD 6E ED      [19]  987 	ld	l,-19 (ix)
   0532 DD 66 EE      [19]  988 	ld	h,-18 (ix)
   0535 46            [ 7]  989 	ld	b, (hl)
   0536 DD 70 FE      [19]  990 	ld	-2 (ix), b
   0539 DD 36 FF 00   [19]  991 	ld	-1 (ix), #0x00
                            992 ;src/game.c:203: if (!rect_overlap((i16)g_projectiles[i].x, (i16)g_projectiles[i].y, g_projectiles[i].w, g_projectiles[i].h,
   053D DD 6E EF      [19]  993 	ld	l,-17 (ix)
   0540 DD 66 F0      [19]  994 	ld	h,-16 (ix)
   0543 7E            [ 7]  995 	ld	a, (hl)
   0544 DD 77 FD      [19]  996 	ld	-3 (ix), a
   0547 DD 6E F5      [19]  997 	ld	l,-11 (ix)
   054A DD 66 F6      [19]  998 	ld	h,-10 (ix)
   054D 46            [ 7]  999 	ld	b, (hl)
   054E DD 6E F1      [19] 1000 	ld	l,-15 (ix)
   0551 DD 66 F2      [19] 1001 	ld	h,-14 (ix)
   0554 6E            [ 7] 1002 	ld	l, (hl)
   0555 DD 75 FB      [19] 1003 	ld	-5 (ix), l
   0558 DD 36 FC 00   [19] 1004 	ld	-4 (ix), #0x00
   055C 1A            [ 7] 1005 	ld	a, (de)
   055D DD 77 F9      [19] 1006 	ld	-7 (ix), a
   0560 DD 36 FA 00   [19] 1007 	ld	-6 (ix), #0x00
   0564 C5            [11] 1008 	push	bc
   0565 D5            [11] 1009 	push	de
   0566 DD 66 EC      [19] 1010 	ld	h, -20 (ix)
   0569 DD 6E E9      [19] 1011 	ld	l, -23 (ix)
   056C E5            [11] 1012 	push	hl
   056D DD 6E F3      [19] 1013 	ld	l,-13 (ix)
   0570 DD 66 F4      [19] 1014 	ld	h,-12 (ix)
   0573 E5            [11] 1015 	push	hl
   0574 DD 6E FE      [19] 1016 	ld	l,-2 (ix)
   0577 DD 66 FF      [19] 1017 	ld	h,-1 (ix)
   057A E5            [11] 1018 	push	hl
   057B DD 7E FD      [19] 1019 	ld	a, -3 (ix)
   057E F5            [11] 1020 	push	af
   057F 33            [ 6] 1021 	inc	sp
   0580 C5            [11] 1022 	push	bc
   0581 33            [ 6] 1023 	inc	sp
   0582 DD 6E FB      [19] 1024 	ld	l,-5 (ix)
   0585 DD 66 FC      [19] 1025 	ld	h,-4 (ix)
   0588 E5            [11] 1026 	push	hl
   0589 DD 6E F9      [19] 1027 	ld	l,-7 (ix)
   058C DD 66 FA      [19] 1028 	ld	h,-6 (ix)
   058F E5            [11] 1029 	push	hl
   0590 CDr19r00      [17] 1030 	call	_rect_overlap
   0593 FD 21 0C 00   [14] 1031 	ld	iy, #12
   0597 FD 39         [15] 1032 	add	iy, sp
   0599 FD F9         [10] 1033 	ld	sp, iy
   059B D1            [10] 1034 	pop	de
   059C C1            [10] 1035 	pop	bc
   059D 7D            [ 4] 1036 	ld	a, l
   059E B7            [ 4] 1037 	or	a, a
   059F 28 57         [12] 1038 	jr	Z,00125$
                           1039 ;src/game.c:205: if (enemydamage(&g_enemies[j], g_projectiles[i].damage)) {
   05A1 DD 6E EA      [19] 1040 	ld	l,-22 (ix)
   05A4 DD 66 EB      [19] 1041 	ld	h,-21 (ix)
   05A7 66            [ 7] 1042 	ld	h, (hl)
   05A8 DD 6E ED      [19] 1043 	ld	l, -19 (ix)
   05AB DD 46 EE      [19] 1044 	ld	b, -18 (ix)
   05AE C5            [11] 1045 	push	bc
   05AF D5            [11] 1046 	push	de
   05B0 E5            [11] 1047 	push	hl
   05B1 33            [ 6] 1048 	inc	sp
   05B2 60            [ 4] 1049 	ld	h, b
   05B3 E5            [11] 1050 	push	hl
   05B4 CDr00r00      [17] 1051 	call	_enemydamage
   05B7 F1            [10] 1052 	pop	af
   05B8 33            [ 6] 1053 	inc	sp
   05B9 D1            [10] 1054 	pop	de
   05BA C1            [10] 1055 	pop	bc
   05BB 7D            [ 4] 1056 	ld	a, l
   05BC B7            [ 4] 1057 	or	a, a
   05BD 28 2F         [12] 1058 	jr	Z,00124$
                           1059 ;src/game.c:206: g_score = (u16)(g_score + g_enemies[j].reward);
   05BF DD 6E ED      [19] 1060 	ld	l,-19 (ix)
   05C2 DD 66 EE      [19] 1061 	ld	h,-18 (ix)
   05C5 C5            [11] 1062 	push	bc
   05C6 01 08 00      [10] 1063 	ld	bc, #0x0008
   05C9 09            [11] 1064 	add	hl, bc
   05CA C1            [10] 1065 	pop	bc
   05CB 6E            [ 7] 1066 	ld	l, (hl)
   05CC DD 75 F9      [19] 1067 	ld	-7 (ix), l
   05CF DD 36 FA 00   [19] 1068 	ld	-6 (ix), #0x00
   05D3 21r83r00      [10] 1069 	ld	hl, #_g_score
   05D6 7E            [ 7] 1070 	ld	a, (hl)
   05D7 DD 86 F9      [19] 1071 	add	a, -7 (ix)
   05DA 77            [ 7] 1072 	ld	(hl), a
   05DB 23            [ 6] 1073 	inc	hl
   05DC 7E            [ 7] 1074 	ld	a, (hl)
   05DD DD 8E FA      [19] 1075 	adc	a, -6 (ix)
   05E0 77            [ 7] 1076 	ld	(hl), a
                           1077 ;src/game.c:207: if (g_aliveenemies) g_aliveenemies--;
   05E1 FD 21r88r00   [14] 1078 	ld	iy, #_g_aliveenemies
   05E5 FD 7E 00      [19] 1079 	ld	a, 0 (iy)
   05E8 B7            [ 4] 1080 	or	a, a
   05E9 28 03         [12] 1081 	jr	Z,00124$
   05EB FD 35 00      [23] 1082 	dec	0 (iy)
   05EE                    1083 00124$:
                           1084 ;src/game.c:209: g_projectiles[i].active = 0;
   05EE DD 6E F7      [19] 1085 	ld	l,-9 (ix)
   05F1 DD 66 F8      [19] 1086 	ld	h,-8 (ix)
   05F4 36 00         [10] 1087 	ld	(hl), #0x00
                           1088 ;src/game.c:210: break;
   05F6 18 0B         [12] 1089 	jr	00126$
   05F8                    1090 00125$:
                           1091 ;src/game.c:201: for (j = 0; j < MAX_ENEMIES; ++j) {
   05F8 DD 34 E7      [23] 1092 	inc	-25 (ix)
   05FB DD 7E E7      [19] 1093 	ld	a, -25 (ix)
   05FE D6 06         [ 7] 1094 	sub	a, #0x06
   0600 DArB0r04      [10] 1095 	jp	C, 00178$
   0603                    1096 00126$:
                           1097 ;src/game.c:213: if (g_bossactive && g_projectiles[i].active && rect_overlap((i16)g_projectiles[i].x, (i16)g_projectiles[i].y, g_projectiles[i].w, g_projectiles[i].h,
   0603 3Ar9Dr00      [13] 1098 	ld	a,(#_g_bossactive + 0)
   0606 B7            [ 4] 1099 	or	a, a
   0607 CArCAr06      [10] 1100 	jp	Z, 00133$
   060A DD 6E F7      [19] 1101 	ld	l,-9 (ix)
   060D DD 66 F8      [19] 1102 	ld	h,-8 (ix)
   0610 7E            [ 7] 1103 	ld	a, (hl)
   0611 B7            [ 4] 1104 	or	a, a
   0612 CArCAr06      [10] 1105 	jp	Z, 00133$
                           1106 ;src/game.c:214: (i16)g_boss.x, (i16)g_boss.y, g_boss.w, g_boss.h)) {
   0615 21r98r00      [10] 1107 	ld	hl, #(_g_boss + 0x0005) + 0
   0618 46            [ 7] 1108 	ld	b, (hl)
   0619 3Ar97r00      [13] 1109 	ld	a, (#(_g_boss + 0x0004) + 0)
   061C 21r94r00      [10] 1110 	ld	hl, #(_g_boss + 0x0001) + 0
   061F 6E            [ 7] 1111 	ld	l, (hl)
   0620 DD 75 F9      [19] 1112 	ld	-7 (ix), l
   0623 DD 36 FA 00   [19] 1113 	ld	-6 (ix), #0x00
   0627 21r93r00      [10] 1114 	ld	hl, #_g_boss + 0
   062A 6E            [ 7] 1115 	ld	l, (hl)
   062B DD 75 FB      [19] 1116 	ld	-5 (ix), l
   062E DD 36 FC 00   [19] 1117 	ld	-4 (ix), #0x00
                           1118 ;src/game.c:213: if (g_bossactive && g_projectiles[i].active && rect_overlap((i16)g_projectiles[i].x, (i16)g_projectiles[i].y, g_projectiles[i].w, g_projectiles[i].h,
   0632 DD 6E EF      [19] 1119 	ld	l,-17 (ix)
   0635 DD 66 F0      [19] 1120 	ld	h,-16 (ix)
   0638 F5            [11] 1121 	push	af
   0639 7E            [ 7] 1122 	ld	a, (hl)
   063A DD 77 FD      [19] 1123 	ld	-3 (ix), a
   063D F1            [10] 1124 	pop	af
   063E DD 6E F5      [19] 1125 	ld	l,-11 (ix)
   0641 DD 66 F6      [19] 1126 	ld	h,-10 (ix)
   0644 F5            [11] 1127 	push	af
   0645 7E            [ 7] 1128 	ld	a, (hl)
   0646 DD 77 FE      [19] 1129 	ld	-2 (ix), a
   0649 F1            [10] 1130 	pop	af
   064A DD 6E F1      [19] 1131 	ld	l,-15 (ix)
   064D DD 66 F2      [19] 1132 	ld	h,-14 (ix)
   0650 6E            [ 7] 1133 	ld	l, (hl)
   0651 DD 75 F3      [19] 1134 	ld	-13 (ix), l
   0654 DD 36 F4 00   [19] 1135 	ld	-12 (ix), #0x00
   0658 F5            [11] 1136 	push	af
   0659 1A            [ 7] 1137 	ld	a, (de)
   065A 5F            [ 4] 1138 	ld	e, a
   065B F1            [10] 1139 	pop	af
   065C 16 00         [ 7] 1140 	ld	d, #0x00
   065E C5            [11] 1141 	push	bc
   065F C5            [11] 1142 	push	bc
   0660 33            [ 6] 1143 	inc	sp
   0661 F5            [11] 1144 	push	af
   0662 33            [ 6] 1145 	inc	sp
   0663 DD 6E F9      [19] 1146 	ld	l,-7 (ix)
   0666 DD 66 FA      [19] 1147 	ld	h,-6 (ix)
   0669 E5            [11] 1148 	push	hl
   066A DD 6E FB      [19] 1149 	ld	l,-5 (ix)
   066D DD 66 FC      [19] 1150 	ld	h,-4 (ix)
   0670 E5            [11] 1151 	push	hl
   0671 DD 66 FD      [19] 1152 	ld	h, -3 (ix)
   0674 DD 6E FE      [19] 1153 	ld	l, -2 (ix)
   0677 E5            [11] 1154 	push	hl
   0678 DD 6E F3      [19] 1155 	ld	l,-13 (ix)
   067B DD 66 F4      [19] 1156 	ld	h,-12 (ix)
   067E E5            [11] 1157 	push	hl
   067F D5            [11] 1158 	push	de
   0680 CDr19r00      [17] 1159 	call	_rect_overlap
   0683 FD 21 0C 00   [14] 1160 	ld	iy, #12
   0687 FD 39         [15] 1161 	add	iy, sp
   0689 FD F9         [10] 1162 	ld	sp, iy
   068B C1            [10] 1163 	pop	bc
   068C 7D            [ 4] 1164 	ld	a, l
   068D B7            [ 4] 1165 	or	a, a
   068E 28 3A         [12] 1166 	jr	Z,00133$
                           1167 ;src/game.c:215: g_projectiles[i].active = 0;
   0690 DD 6E F7      [19] 1168 	ld	l,-9 (ix)
   0693 DD 66 F8      [19] 1169 	ld	h,-8 (ix)
   0696 36 00         [10] 1170 	ld	(hl), #0x00
                           1171 ;src/game.c:216: if (enemydamage(&g_boss, g_projectiles[i].damage)) {
   0698 DD 6E EA      [19] 1172 	ld	l,-22 (ix)
   069B DD 66 EB      [19] 1173 	ld	h,-21 (ix)
   069E 46            [ 7] 1174 	ld	b, (hl)
   069F 11r93r00      [10] 1175 	ld	de, #_g_boss
   06A2 C5            [11] 1176 	push	bc
   06A3 C5            [11] 1177 	push	bc
   06A4 33            [ 6] 1178 	inc	sp
   06A5 D5            [11] 1179 	push	de
   06A6 CDr00r00      [17] 1180 	call	_enemydamage
   06A9 F1            [10] 1181 	pop	af
   06AA 33            [ 6] 1182 	inc	sp
   06AB C1            [10] 1183 	pop	bc
   06AC 7D            [ 4] 1184 	ld	a, l
   06AD B7            [ 4] 1185 	or	a, a
   06AE 28 1A         [12] 1186 	jr	Z,00133$
                           1187 ;src/game.c:217: g_bossactive = 0;
   06B0 21r9Dr00      [10] 1188 	ld	hl,#_g_bossactive + 0
   06B3 36 00         [10] 1189 	ld	(hl), #0x00
                           1190 ;src/game.c:218: g_score = (u16)(g_score + g_boss.reward);
   06B5 21r9Br00      [10] 1191 	ld	hl, #_g_boss + 8
   06B8 5E            [ 7] 1192 	ld	e, (hl)
   06B9 16 00         [ 7] 1193 	ld	d, #0x00
   06BB 21r83r00      [10] 1194 	ld	hl, #_g_score
   06BE 7E            [ 7] 1195 	ld	a, (hl)
   06BF 83            [ 4] 1196 	add	a, e
   06C0 77            [ 7] 1197 	ld	(hl), a
   06C1 23            [ 6] 1198 	inc	hl
   06C2 7E            [ 7] 1199 	ld	a, (hl)
   06C3 8A            [ 4] 1200 	adc	a, d
   06C4 77            [ 7] 1201 	ld	(hl), a
                           1202 ;src/game.c:219: g_victory = 1;
   06C5 21r8Cr00      [10] 1203 	ld	hl,#_g_victory + 0
   06C8 36 01         [10] 1204 	ld	(hl), #0x01
   06CA                    1205 00133$:
                           1206 ;src/game.c:199: for (i = 0; i < MAX_PROJECTILES; ++i) {
   06CA 0C            [ 4] 1207 	inc	c
   06CB 79            [ 4] 1208 	ld	a, c
   06CC D6 06         [ 7] 1209 	sub	a, #0x06
   06CE DAr8Fr04      [10] 1210 	jp	C, 00179$
                           1211 ;src/game.c:225: for (i = 0; i < MAX_ENEMIES; ++i) {
                           1212 ;src/game.c:224: if (!g_damagecooldown) {
   06D1 3Ar8Ar00      [13] 1213 	ld	a,(#_g_damagecooldown + 0)
   06D4 B7            [ 4] 1214 	or	a, a
   06D5 C2r44r08      [10] 1215 	jp	NZ, 00149$
                           1216 ;src/game.c:225: for (i = 0; i < MAX_ENEMIES; ++i) {
   06D8 DD 36 E8 00   [19] 1217 	ld	-24 (ix), #0x00
   06DC                    1218 00180$:
                           1219 ;src/game.c:226: if (!g_enemies[i].active) continue;
   06DC DD 4E E8      [19] 1220 	ld	c,-24 (ix)
   06DF 06 00         [ 7] 1221 	ld	b,#0x00
   06E1 69            [ 4] 1222 	ld	l, c
   06E2 60            [ 4] 1223 	ld	h, b
   06E3 29            [11] 1224 	add	hl, hl
   06E4 29            [11] 1225 	add	hl, hl
   06E5 09            [11] 1226 	add	hl, bc
   06E6 29            [11] 1227 	add	hl, hl
   06E7 4D            [ 4] 1228 	ld	c, l
   06E8 44            [ 4] 1229 	ld	b, h
   06E9 21r0Ar00      [10] 1230 	ld	hl, #_g_enemies
   06EC 09            [11] 1231 	add	hl,bc
   06ED DD 75 F9      [19] 1232 	ld	-7 (ix), l
   06F0 DD 74 FA      [19] 1233 	ld	-6 (ix), h
   06F3 11 06 00      [10] 1234 	ld	de, #0x0006
   06F6 19            [11] 1235 	add	hl, de
   06F7 7E            [ 7] 1236 	ld	a, (hl)
   06F8 B7            [ 4] 1237 	or	a, a
   06F9 CAr8Er07      [10] 1238 	jp	Z, 00139$
                           1239 ;src/game.c:228: (i16)g_enemies[i].x, (i16)g_enemies[i].y, g_enemies[i].w, g_enemies[i].h)) {
   06FC DD 7E F9      [19] 1240 	ld	a, -7 (ix)
   06FF DD 77 FB      [19] 1241 	ld	-5 (ix), a
   0702 DD 7E FA      [19] 1242 	ld	a, -6 (ix)
   0705 DD 77 FC      [19] 1243 	ld	-4 (ix), a
   0708 DD 6E FB      [19] 1244 	ld	l,-5 (ix)
   070B DD 66 FC      [19] 1245 	ld	h,-4 (ix)
   070E 11 05 00      [10] 1246 	ld	de, #0x0005
   0711 19            [11] 1247 	add	hl, de
   0712 7E            [ 7] 1248 	ld	a, (hl)
   0713 DD 77 FB      [19] 1249 	ld	-5 (ix), a
   0716 DD 6E F9      [19] 1250 	ld	l,-7 (ix)
   0719 DD 66 FA      [19] 1251 	ld	h,-6 (ix)
   071C 11 04 00      [10] 1252 	ld	de, #0x0004
   071F 19            [11] 1253 	add	hl, de
   0720 5E            [ 7] 1254 	ld	e, (hl)
   0721 DD 6E F9      [19] 1255 	ld	l,-7 (ix)
   0724 DD 66 FA      [19] 1256 	ld	h,-6 (ix)
   0727 23            [ 6] 1257 	inc	hl
   0728 4E            [ 7] 1258 	ld	c, (hl)
   0729 06 00         [ 7] 1259 	ld	b, #0x00
   072B DD 6E F9      [19] 1260 	ld	l,-7 (ix)
   072E DD 66 FA      [19] 1261 	ld	h,-6 (ix)
   0731 56            [ 7] 1262 	ld	d, (hl)
   0732 DD 72 F9      [19] 1263 	ld	-7 (ix), d
   0735 DD 36 FA 00   [19] 1264 	ld	-6 (ix), #0x00
                           1265 ;src/game.c:227: if (rect_overlap((i16)g_player.x, (i16)g_player.y, g_player.w, g_player.h,
   0739 3Ar05r00      [13] 1266 	ld	a,(#(_g_player + 0x0005) + 0)
   073C DD 77 FD      [19] 1267 	ld	-3 (ix), a
   073F 3Ar04r00      [13] 1268 	ld	a,(#(_g_player + 0x0004) + 0)
   0742 DD 77 FE      [19] 1269 	ld	-2 (ix), a
   0745 3Ar01r00      [13] 1270 	ld	a, (#(_g_player + 0x0001) + 0)
   0748 DD 77 F3      [19] 1271 	ld	-13 (ix), a
   074B DD 36 F4 00   [19] 1272 	ld	-12 (ix), #0x00
   074F 3Ar00r00      [13] 1273 	ld	a, (#_g_player + 0)
   0752 DD 77 EA      [19] 1274 	ld	-22 (ix), a
   0755 DD 36 EB 00   [19] 1275 	ld	-21 (ix), #0x00
   0759 DD 56 FB      [19] 1276 	ld	d, -5 (ix)
   075C D5            [11] 1277 	push	de
   075D C5            [11] 1278 	push	bc
   075E DD 6E F9      [19] 1279 	ld	l,-7 (ix)
   0761 DD 66 FA      [19] 1280 	ld	h,-6 (ix)
   0764 E5            [11] 1281 	push	hl
   0765 DD 66 FD      [19] 1282 	ld	h, -3 (ix)
   0768 DD 6E FE      [19] 1283 	ld	l, -2 (ix)
   076B E5            [11] 1284 	push	hl
   076C DD 6E F3      [19] 1285 	ld	l,-13 (ix)
   076F DD 66 F4      [19] 1286 	ld	h,-12 (ix)
   0772 E5            [11] 1287 	push	hl
   0773 DD 6E EA      [19] 1288 	ld	l,-22 (ix)
   0776 DD 66 EB      [19] 1289 	ld	h,-21 (ix)
   0779 E5            [11] 1290 	push	hl
   077A CDr19r00      [17] 1291 	call	_rect_overlap
   077D FD 21 0C 00   [14] 1292 	ld	iy, #12
   0781 FD 39         [15] 1293 	add	iy, sp
   0783 FD F9         [10] 1294 	ld	sp, iy
   0785 7D            [ 4] 1295 	ld	a, l
   0786 B7            [ 4] 1296 	or	a, a
   0787 28 05         [12] 1297 	jr	Z,00139$
                           1298 ;src/game.c:229: register_player_hit();
   0789 CDr91r02      [17] 1299 	call	_register_player_hit
                           1300 ;src/game.c:230: break;
   078C 18 0B         [12] 1301 	jr	00140$
   078E                    1302 00139$:
                           1303 ;src/game.c:225: for (i = 0; i < MAX_ENEMIES; ++i) {
   078E DD 34 E8      [23] 1304 	inc	-24 (ix)
   0791 DD 7E E8      [19] 1305 	ld	a, -24 (ix)
   0794 D6 06         [ 7] 1306 	sub	a, #0x06
   0796 DArDCr06      [10] 1307 	jp	C, 00180$
   0799                    1308 00140$:
                           1309 ;src/game.c:234: if (!g_damagecooldown && g_bossactive && rect_overlap((i16)g_player.x, (i16)g_player.y, g_player.w, g_player.h,
   0799 3Ar8Ar00      [13] 1310 	ld	a,(#_g_damagecooldown + 0)
   079C B7            [ 4] 1311 	or	a, a
   079D 20 6E         [12] 1312 	jr	NZ,00142$
   079F 3Ar9Dr00      [13] 1313 	ld	a,(#_g_bossactive + 0)
   07A2 B7            [ 4] 1314 	or	a, a
   07A3 28 68         [12] 1315 	jr	Z,00142$
                           1316 ;src/game.c:235: (i16)g_boss.x, (i16)g_boss.y, g_boss.w, g_boss.h)) {
   07A5 3Ar98r00      [13] 1317 	ld	a,(#(_g_boss + 0x0005) + 0)
   07A8 DD 77 F9      [19] 1318 	ld	-7 (ix), a
   07AB 3Ar97r00      [13] 1319 	ld	a,(#(_g_boss + 0x0004) + 0)
   07AE DD 77 FB      [19] 1320 	ld	-5 (ix), a
   07B1 21r94r00      [10] 1321 	ld	hl, #(_g_boss + 0x0001) + 0
   07B4 5E            [ 7] 1322 	ld	e, (hl)
   07B5 16 00         [ 7] 1323 	ld	d, #0x00
   07B7 21r93r00      [10] 1324 	ld	hl, #_g_boss + 0
   07BA 4E            [ 7] 1325 	ld	c, (hl)
   07BB 06 00         [ 7] 1326 	ld	b, #0x00
                           1327 ;src/game.c:234: if (!g_damagecooldown && g_bossactive && rect_overlap((i16)g_player.x, (i16)g_player.y, g_player.w, g_player.h,
   07BD 3Ar05r00      [13] 1328 	ld	a,(#(_g_player + 0x0005) + 0)
   07C0 DD 77 FD      [19] 1329 	ld	-3 (ix), a
   07C3 3Ar04r00      [13] 1330 	ld	a,(#(_g_player + 0x0004) + 0)
   07C6 DD 77 FE      [19] 1331 	ld	-2 (ix), a
   07C9 3Ar01r00      [13] 1332 	ld	a, (#(_g_player + 0x0001) + 0)
   07CC DD 77 F3      [19] 1333 	ld	-13 (ix), a
   07CF DD 36 F4 00   [19] 1334 	ld	-12 (ix), #0x00
   07D3 3Ar00r00      [13] 1335 	ld	a, (#_g_player + 0)
   07D6 DD 77 EA      [19] 1336 	ld	-22 (ix), a
   07D9 DD 36 EB 00   [19] 1337 	ld	-21 (ix), #0x00
   07DD DD 66 F9      [19] 1338 	ld	h, -7 (ix)
   07E0 DD 6E FB      [19] 1339 	ld	l, -5 (ix)
   07E3 E5            [11] 1340 	push	hl
   07E4 D5            [11] 1341 	push	de
   07E5 C5            [11] 1342 	push	bc
   07E6 DD 66 FD      [19] 1343 	ld	h, -3 (ix)
   07E9 DD 6E FE      [19] 1344 	ld	l, -2 (ix)
   07EC E5            [11] 1345 	push	hl
   07ED DD 6E F3      [19] 1346 	ld	l,-13 (ix)
   07F0 DD 66 F4      [19] 1347 	ld	h,-12 (ix)
   07F3 E5            [11] 1348 	push	hl
   07F4 DD 6E EA      [19] 1349 	ld	l,-22 (ix)
   07F7 DD 66 EB      [19] 1350 	ld	h,-21 (ix)
   07FA E5            [11] 1351 	push	hl
   07FB CDr19r00      [17] 1352 	call	_rect_overlap
   07FE FD 21 0C 00   [14] 1353 	ld	iy, #12
   0802 FD 39         [15] 1354 	add	iy, sp
   0804 FD F9         [10] 1355 	ld	sp, iy
   0806 7D            [ 4] 1356 	ld	a, l
   0807 B7            [ 4] 1357 	or	a, a
   0808 28 03         [12] 1358 	jr	Z,00142$
                           1359 ;src/game.c:236: register_player_hit();
   080A CDr91r02      [17] 1360 	call	_register_player_hit
   080D                    1361 00142$:
                           1362 ;src/game.c:239: if (!g_damagecooldown && collision_is_on_trap((i16)g_player.x, (i16)g_player.y, g_player.w, g_player.h)) {
   080D 3Ar8Ar00      [13] 1363 	ld	a,(#_g_damagecooldown + 0)
   0810 B7            [ 4] 1364 	or	a, a
   0811 20 31         [12] 1365 	jr	NZ,00149$
   0813 3Ar05r00      [13] 1366 	ld	a, (#(_g_player + 0x0005) + 0)
   0816 21r04r00      [10] 1367 	ld	hl, #(_g_player + 0x0004) + 0
   0819 56            [ 7] 1368 	ld	d, (hl)
   081A 21r01r00      [10] 1369 	ld	hl, #(_g_player + 0x0001) + 0
   081D 4E            [ 7] 1370 	ld	c, (hl)
   081E 06 00         [ 7] 1371 	ld	b, #0x00
   0820 21r00r00      [10] 1372 	ld	hl, #_g_player + 0
   0823 6E            [ 7] 1373 	ld	l, (hl)
   0824 DD 75 F9      [19] 1374 	ld	-7 (ix), l
   0827 DD 36 FA 00   [19] 1375 	ld	-6 (ix), #0x00
   082B F5            [11] 1376 	push	af
   082C 33            [ 6] 1377 	inc	sp
   082D D5            [11] 1378 	push	de
   082E 33            [ 6] 1379 	inc	sp
   082F C5            [11] 1380 	push	bc
   0830 DD 6E F9      [19] 1381 	ld	l,-7 (ix)
   0833 DD 66 FA      [19] 1382 	ld	h,-6 (ix)
   0836 E5            [11] 1383 	push	hl
   0837 CDr00r00      [17] 1384 	call	_collision_is_on_trap
   083A F1            [10] 1385 	pop	af
   083B F1            [10] 1386 	pop	af
   083C F1            [10] 1387 	pop	af
   083D 7D            [ 4] 1388 	ld	a, l
   083E B7            [ 4] 1389 	or	a, a
   083F 28 03         [12] 1390 	jr	Z,00149$
                           1391 ;src/game.c:240: register_player_hit();
   0841 CDr91r02      [17] 1392 	call	_register_player_hit
   0844                    1393 00149$:
                           1394 ;src/game.c:244: if (!g_checkpointactive && g_player.x >= 44) {
   0844 FD 21r92r00   [14] 1395 	ld	iy, #_g_checkpointactive
   0848 FD 7E 00      [19] 1396 	ld	a, 0 (iy)
   084B B7            [ 4] 1397 	or	a, a
   084C 20 1E         [12] 1398 	jr	NZ,00151$
   084E 3Ar00r00      [13] 1399 	ld	a, (#_g_player + 0)
   0851 D6 2C         [ 7] 1400 	sub	a, #0x2c
   0853 38 17         [12] 1401 	jr	C,00151$
                           1402 ;src/game.c:245: g_checkpointactive = 1;
   0855 FD 36 00 01   [19] 1403 	ld	0 (iy), #0x01
                           1404 ;src/game.c:246: g_checkpointx = 52;
   0859 21r90r00      [10] 1405 	ld	hl,#_g_checkpointx + 0
   085C 36 34         [10] 1406 	ld	(hl), #0x34
                           1407 ;src/game.c:247: g_checkpointy = (u8)(tilemap_ground_y() - g_player.h);
   085E CDr00r00      [17] 1408 	call	_tilemap_ground_y
   0861 4D            [ 4] 1409 	ld	c, l
   0862 21r05r00      [10] 1410 	ld	hl, #(_g_player + 0x0005) + 0
   0865 46            [ 7] 1411 	ld	b, (hl)
   0866 21r91r00      [10] 1412 	ld	hl, #_g_checkpointy
   0869 79            [ 4] 1413 	ld	a, c
   086A 90            [ 4] 1414 	sub	a, b
   086B 77            [ 7] 1415 	ld	(hl), a
   086C                    1416 00151$:
                           1417 ;src/game.c:250: if (!g_pickuptaken && rect_overlap((i16)g_player.x, (i16)g_player.y, g_player.w, g_player.h, (i16)36, (i16)(tilemap_ground_y() - 8), 4, 4)) {
   086C 3ArA0r00      [13] 1418 	ld	a,(#_g_pickuptaken + 0)
   086F B7            [ 4] 1419 	or	a, a
   0870 C2rFFr08      [10] 1420 	jp	NZ, 00154$
   0873 CDr00r00      [17] 1421 	call	_tilemap_ground_y
   0876 DD 75 F9      [19] 1422 	ld	-7 (ix), l
   0879 DD 75 F9      [19] 1423 	ld	-7 (ix), l
   087C DD 36 FA 00   [19] 1424 	ld	-6 (ix), #0x00
   0880 DD 7E F9      [19] 1425 	ld	a, -7 (ix)
   0883 C6 F8         [ 7] 1426 	add	a, #0xf8
   0885 DD 77 F9      [19] 1427 	ld	-7 (ix), a
   0888 DD 7E FA      [19] 1428 	ld	a, -6 (ix)
   088B CE FF         [ 7] 1429 	adc	a, #0xff
   088D DD 77 FA      [19] 1430 	ld	-6 (ix), a
   0890 3Ar05r00      [13] 1431 	ld	a,(#(_g_player + 0x0005) + 0)
   0893 DD 77 FB      [19] 1432 	ld	-5 (ix), a
   0896 3Ar04r00      [13] 1433 	ld	a,(#(_g_player + 0x0004) + 0)
   0899 DD 77 FD      [19] 1434 	ld	-3 (ix), a
   089C 3Ar01r00      [13] 1435 	ld	a,(#(_g_player + 0x0001) + 0)
   089F DD 77 FE      [19] 1436 	ld	-2 (ix), a
   08A2 DD 77 FE      [19] 1437 	ld	-2 (ix), a
   08A5 DD 36 FF 00   [19] 1438 	ld	-1 (ix), #0x00
   08A9 3Ar00r00      [13] 1439 	ld	a,(#_g_player + 0)
   08AC DD 77 F3      [19] 1440 	ld	-13 (ix), a
   08AF DD 77 F3      [19] 1441 	ld	-13 (ix), a
   08B2 DD 36 F4 00   [19] 1442 	ld	-12 (ix), #0x00
   08B6 21 04 04      [10] 1443 	ld	hl, #0x0404
   08B9 E5            [11] 1444 	push	hl
   08BA DD 6E F9      [19] 1445 	ld	l,-7 (ix)
   08BD DD 66 FA      [19] 1446 	ld	h,-6 (ix)
   08C0 E5            [11] 1447 	push	hl
   08C1 21 24 00      [10] 1448 	ld	hl, #0x0024
   08C4 E5            [11] 1449 	push	hl
   08C5 DD 66 FB      [19] 1450 	ld	h, -5 (ix)
   08C8 DD 6E FD      [19] 1451 	ld	l, -3 (ix)
   08CB E5            [11] 1452 	push	hl
   08CC DD 6E FE      [19] 1453 	ld	l,-2 (ix)
   08CF DD 66 FF      [19] 1454 	ld	h,-1 (ix)
   08D2 E5            [11] 1455 	push	hl
   08D3 DD 6E F3      [19] 1456 	ld	l,-13 (ix)
   08D6 DD 66 F4      [19] 1457 	ld	h,-12 (ix)
   08D9 E5            [11] 1458 	push	hl
   08DA CDr19r00      [17] 1459 	call	_rect_overlap
   08DD FD 21 0C 00   [14] 1460 	ld	iy, #12
   08E1 FD 39         [15] 1461 	add	iy, sp
   08E3 FD F9         [10] 1462 	ld	sp, iy
   08E5 7D            [ 4] 1463 	ld	a, l
   08E6 B7            [ 4] 1464 	or	a, a
   08E7 28 16         [12] 1465 	jr	Z,00154$
                           1466 ;src/game.c:251: g_pickuptaken = 1;
   08E9 21rA0r00      [10] 1467 	ld	hl,#_g_pickuptaken + 0
   08EC 36 01         [10] 1468 	ld	(hl), #0x01
                           1469 ;src/game.c:252: g_weaponlevel = 1;
   08EE 21r9Fr00      [10] 1470 	ld	hl,#_g_weaponlevel + 0
   08F1 36 01         [10] 1471 	ld	(hl), #0x01
                           1472 ;src/game.c:253: g_score = (u16)(g_score + 100);
   08F3 21r83r00      [10] 1473 	ld	hl, #_g_score
   08F6 7E            [ 7] 1474 	ld	a, (hl)
   08F7 C6 64         [ 7] 1475 	add	a, #0x64
   08F9 77            [ 7] 1476 	ld	(hl), a
   08FA 23            [ 6] 1477 	inc	hl
   08FB 7E            [ 7] 1478 	ld	a, (hl)
   08FC CE 00         [ 7] 1479 	adc	a, #0x00
   08FE 77            [ 7] 1480 	ld	(hl), a
   08FF                    1481 00154$:
                           1482 ;src/game.c:256: g_weapondisplay = (u8)(g_weaponlevel + 1);
   08FF 21r86r00      [10] 1483 	ld	hl, #_g_weapondisplay
   0902 3Ar9Fr00      [13] 1484 	ld	a,(#_g_weaponlevel + 0)
   0905 3C            [ 4] 1485 	inc	a
   0906 77            [ 7] 1486 	ld	(hl), a
                           1487 ;src/game.c:258: if (!g_bossactive && g_aliveenemies == 0 && !g_gameover) {
   0907 3Ar9Dr00      [13] 1488 	ld	a,(#_g_bossactive + 0)
   090A B7            [ 4] 1489 	or	a, a
   090B 20 45         [12] 1490 	jr	NZ,00165$
   090D 3Ar88r00      [13] 1491 	ld	a,(#_g_aliveenemies + 0)
   0910 B7            [ 4] 1492 	or	a, a
   0911 20 3F         [12] 1493 	jr	NZ,00165$
   0913 3Ar8Dr00      [13] 1494 	ld	a,(#_g_gameover + 0)
   0916 B7            [ 4] 1495 	or	a, a
   0917 20 39         [12] 1496 	jr	NZ,00165$
                           1497 ;src/game.c:259: if (g_currentwave < TOTAL_WAVES) {
   0919 3Ar87r00      [13] 1498 	ld	a,(#_g_currentwave + 0)
   091C D6 03         [ 7] 1499 	sub	a, #0x03
   091E 30 20         [12] 1500 	jr	NC,00162$
                           1501 ;src/game.c:260: if (g_wavecooldown == 0) {
   0920 3Ar89r00      [13] 1502 	ld	a,(#_g_wavecooldown + 0)
   0923 B7            [ 4] 1503 	or	a, a
   0924 20 14         [12] 1504 	jr	NZ,00157$
                           1505 ;src/game.c:261: spawn_wave(g_currentwave);
   0926 3Ar87r00      [13] 1506 	ld	a, (_g_currentwave)
   0929 F5            [11] 1507 	push	af
   092A 33            [ 6] 1508 	inc	sp
   092B CDrA6r00      [17] 1509 	call	_spawn_wave
   092E 33            [ 6] 1510 	inc	sp
                           1511 ;src/game.c:262: g_currentwave++;
   092F 21r87r00      [10] 1512 	ld	hl, #_g_currentwave+0
   0932 34            [11] 1513 	inc	(hl)
                           1514 ;src/game.c:263: g_wavecooldown = 90;
   0933 21r89r00      [10] 1515 	ld	hl,#_g_wavecooldown + 0
   0936 36 5A         [10] 1516 	ld	(hl), #0x5a
   0938 18 18         [12] 1517 	jr	00165$
   093A                    1518 00157$:
                           1519 ;src/game.c:265: g_wavecooldown--;
   093A 21r89r00      [10] 1520 	ld	hl, #_g_wavecooldown+0
   093D 35            [11] 1521 	dec	(hl)
   093E 18 12         [12] 1522 	jr	00165$
   0940                    1523 00162$:
                           1524 ;src/game.c:267: } else if (g_player.x >= (u8)(tilemap_goal_x() - 2)) {
   0940 21r00r00      [10] 1525 	ld	hl, #_g_player + 0
   0943 4E            [ 7] 1526 	ld	c, (hl)
   0944 C5            [11] 1527 	push	bc
   0945 CDr00r00      [17] 1528 	call	_tilemap_goal_x
   0948 C1            [10] 1529 	pop	bc
   0949 2D            [ 4] 1530 	dec	l
   094A 2D            [ 4] 1531 	dec	l
   094B 79            [ 4] 1532 	ld	a, c
   094C 95            [ 4] 1533 	sub	a, l
   094D 38 03         [12] 1534 	jr	C,00165$
                           1535 ;src/game.c:268: spawn_boss();
   094F CDrA6r01      [17] 1536 	call	_spawn_boss
   0952                    1537 00165$:
                           1538 ;src/game.c:272: g_framecounter++;
   0952 FD 21r8Er00   [14] 1539 	ld	iy, #_g_framecounter
   0956 FD 34 00      [23] 1540 	inc	0 (iy)
   0959 20 03         [12] 1541 	jr	NZ,00381$
   095B FD 34 01      [23] 1542 	inc	1 (iy)
   095E                    1543 00381$:
                           1544 ;src/game.c:273: if ((g_framecounter % 50) == 0 && g_timeleft > 0) {
   095E 21 32 00      [10] 1545 	ld	hl, #0x0032
   0961 E5            [11] 1546 	push	hl
   0962 2Ar8Er00      [16] 1547 	ld	hl, (_g_framecounter)
   0965 E5            [11] 1548 	push	hl
   0966 CDr00r00      [17] 1549 	call	__moduint
   0969 F1            [10] 1550 	pop	af
   096A F1            [10] 1551 	pop	af
   096B 7C            [ 4] 1552 	ld	a, h
   096C B5            [ 4] 1553 	or	a,l
   096D 20 0D         [12] 1554 	jr	NZ,00169$
   096F FD 21r85r00   [14] 1555 	ld	iy, #_g_timeleft
   0973 FD 7E 00      [19] 1556 	ld	a, 0 (iy)
   0976 B7            [ 4] 1557 	or	a, a
   0977 28 03         [12] 1558 	jr	Z,00169$
                           1559 ;src/game.c:274: g_timeleft--;
   0979 FD 35 00      [23] 1560 	dec	0 (iy)
   097C                    1561 00169$:
                           1562 ;src/game.c:276: if (g_timeleft == 0 && !g_victory) {
   097C 3Ar85r00      [13] 1563 	ld	a,(#_g_timeleft + 0)
   097F B7            [ 4] 1564 	or	a, a
   0980 20 0B         [12] 1565 	jr	NZ,00172$
   0982 3Ar8Cr00      [13] 1566 	ld	a,(#_g_victory + 0)
   0985 B7            [ 4] 1567 	or	a, a
   0986 20 05         [12] 1568 	jr	NZ,00172$
                           1569 ;src/game.c:277: g_gameover = 1;
   0988 21r8Dr00      [10] 1570 	ld	hl,#_g_gameover + 0
   098B 36 01         [10] 1571 	ld	(hl), #0x01
   098D                    1572 00172$:
                           1573 ;src/game.c:280: hudupdate(g_lives, g_score, g_timeleft, g_weapondisplay);
   098D 3Ar86r00      [13] 1574 	ld	a, (_g_weapondisplay)
   0990 F5            [11] 1575 	push	af
   0991 33            [ 6] 1576 	inc	sp
   0992 3Ar85r00      [13] 1577 	ld	a, (_g_timeleft)
   0995 F5            [11] 1578 	push	af
   0996 33            [ 6] 1579 	inc	sp
   0997 2Ar83r00      [16] 1580 	ld	hl, (_g_score)
   099A E5            [11] 1581 	push	hl
   099B 3Ar82r00      [13] 1582 	ld	a, (_g_lives)
   099E F5            [11] 1583 	push	af
   099F 33            [ 6] 1584 	inc	sp
   09A0 CDr00r00      [17] 1585 	call	_hudupdate
   09A3 F1            [10] 1586 	pop	af
   09A4 F1            [10] 1587 	pop	af
   09A5 33            [ 6] 1588 	inc	sp
   09A6                    1589 00181$:
   09A6 DD F9         [10] 1590 	ld	sp, ix
   09A8 DD E1         [14] 1591 	pop	ix
   09AA C9            [10] 1592 	ret
                           1593 ;src/game.c:283: void game_render(void) {
                           1594 ;	---------------------------------
                           1595 ; Function game_render
                           1596 ; ---------------------------------
   09AB                    1597 _game_render::
                           1598 ;src/game.c:286: cpct_clearScreen(0x00);
   09AB 21 00 40      [10] 1599 	ld	hl, #0x4000
   09AE E5            [11] 1600 	push	hl
   09AF AF            [ 4] 1601 	xor	a, a
   09B0 F5            [11] 1602 	push	af
   09B1 33            [ 6] 1603 	inc	sp
   09B2 26 C0         [ 7] 1604 	ld	h, #0xc0
   09B4 E5            [11] 1605 	push	hl
   09B5 CDr00r00      [17] 1606 	call	_cpct_memset
                           1607 ;src/game.c:287: tilemap_render();
   09B8 CDr00r00      [17] 1608 	call	_tilemap_render
                           1609 ;src/game.c:289: for (i = 0; i < MAX_PROJECTILES; ++i) {
   09BB 0E 00         [ 7] 1610 	ld	c, #0x00
   09BD                    1611 00115$:
                           1612 ;src/game.c:290: projectilerender(&g_projectiles[i]);
   09BD 06 00         [ 7] 1613 	ld	b,#0x00
   09BF 69            [ 4] 1614 	ld	l, c
   09C0 60            [ 4] 1615 	ld	h, b
   09C1 29            [11] 1616 	add	hl, hl
   09C2 29            [11] 1617 	add	hl, hl
   09C3 09            [11] 1618 	add	hl, bc
   09C4 29            [11] 1619 	add	hl, hl
   09C5 11r46r00      [10] 1620 	ld	de, #_g_projectiles
   09C8 19            [11] 1621 	add	hl, de
   09C9 C5            [11] 1622 	push	bc
   09CA E5            [11] 1623 	push	hl
   09CB CDr00r00      [17] 1624 	call	_projectilerender
   09CE F1            [10] 1625 	pop	af
   09CF C1            [10] 1626 	pop	bc
                           1627 ;src/game.c:289: for (i = 0; i < MAX_PROJECTILES; ++i) {
   09D0 0C            [ 4] 1628 	inc	c
   09D1 79            [ 4] 1629 	ld	a, c
   09D2 D6 06         [ 7] 1630 	sub	a, #0x06
   09D4 38 E7         [12] 1631 	jr	C,00115$
                           1632 ;src/game.c:293: for (i = 0; i < MAX_ENEMIES; ++i) {
   09D6 0E 00         [ 7] 1633 	ld	c, #0x00
   09D8                    1634 00117$:
                           1635 ;src/game.c:294: enemyrender(&g_enemies[i]);
   09D8 06 00         [ 7] 1636 	ld	b,#0x00
   09DA 69            [ 4] 1637 	ld	l, c
   09DB 60            [ 4] 1638 	ld	h, b
   09DC 29            [11] 1639 	add	hl, hl
   09DD 29            [11] 1640 	add	hl, hl
   09DE 09            [11] 1641 	add	hl, bc
   09DF 29            [11] 1642 	add	hl, hl
   09E0 11r0Ar00      [10] 1643 	ld	de, #_g_enemies
   09E3 19            [11] 1644 	add	hl, de
   09E4 C5            [11] 1645 	push	bc
   09E5 E5            [11] 1646 	push	hl
   09E6 CDr00r00      [17] 1647 	call	_enemyrender
   09E9 F1            [10] 1648 	pop	af
   09EA C1            [10] 1649 	pop	bc
                           1650 ;src/game.c:293: for (i = 0; i < MAX_ENEMIES; ++i) {
   09EB 0C            [ 4] 1651 	inc	c
   09EC 79            [ 4] 1652 	ld	a, c
   09ED D6 06         [ 7] 1653 	sub	a, #0x06
   09EF 38 E7         [12] 1654 	jr	C,00117$
                           1655 ;src/game.c:297: if (g_bossactive) {
   09F1 3Ar9Dr00      [13] 1656 	ld	a,(#_g_bossactive + 0)
   09F4 B7            [ 4] 1657 	or	a, a
   09F5 28 58         [12] 1658 	jr	Z,00104$
                           1659 ;src/game.c:298: enemyrender(&g_boss);
   09F7 21r93r00      [10] 1660 	ld	hl, #_g_boss
   09FA E5            [11] 1661 	push	hl
   09FB CDr00r00      [17] 1662 	call	_enemyrender
                           1663 ;src/game.c:299: cpct_drawSolidBox(cpct_getScreenPtr(CPCT_VMEM_START, 24, 10), cpct_px2byteM0(1, 1), 32, 2);
   09FE 21 01 01      [10] 1664 	ld	hl, #0x0101
   0A01 E3            [19] 1665 	ex	(sp),hl
   0A02 CDr00r00      [17] 1666 	call	_cpct_px2byteM0
   0A05 55            [ 4] 1667 	ld	d, l
   0A06 D5            [11] 1668 	push	de
   0A07 21 18 0A      [10] 1669 	ld	hl, #0x0a18
   0A0A E5            [11] 1670 	push	hl
   0A0B 21 00 C0      [10] 1671 	ld	hl, #0xc000
   0A0E E5            [11] 1672 	push	hl
   0A0F CDr00r00      [17] 1673 	call	_cpct_getScreenPtr
   0A12 4D            [ 4] 1674 	ld	c, l
   0A13 44            [ 4] 1675 	ld	b, h
   0A14 D1            [10] 1676 	pop	de
   0A15 21 20 02      [10] 1677 	ld	hl, #0x0220
   0A18 E5            [11] 1678 	push	hl
   0A19 D5            [11] 1679 	push	de
   0A1A 33            [ 6] 1680 	inc	sp
   0A1B C5            [11] 1681 	push	bc
   0A1C CDr00r00      [17] 1682 	call	_cpct_drawSolidBox
   0A1F F1            [10] 1683 	pop	af
   0A20 F1            [10] 1684 	pop	af
   0A21 33            [ 6] 1685 	inc	sp
                           1686 ;src/game.c:300: cpct_drawSolidBox(cpct_getScreenPtr(CPCT_VMEM_START, 24, 10), cpct_px2byteM0(5, 5), (u8)(g_boss.health * 3), 2);
   0A22 3Ar9Ar00      [13] 1687 	ld	a, (#_g_boss + 7)
   0A25 4F            [ 4] 1688 	ld	c, a
   0A26 87            [ 4] 1689 	add	a, a
   0A27 81            [ 4] 1690 	add	a, c
   0A28 57            [ 4] 1691 	ld	d, a
   0A29 D5            [11] 1692 	push	de
   0A2A 21 05 05      [10] 1693 	ld	hl, #0x0505
   0A2D E5            [11] 1694 	push	hl
   0A2E CDr00r00      [17] 1695 	call	_cpct_px2byteM0
   0A31 5D            [ 4] 1696 	ld	e, l
   0A32 F1            [10] 1697 	pop	af
   0A33 57            [ 4] 1698 	ld	d, a
   0A34 D5            [11] 1699 	push	de
   0A35 21 18 0A      [10] 1700 	ld	hl, #0x0a18
   0A38 E5            [11] 1701 	push	hl
   0A39 21 00 C0      [10] 1702 	ld	hl, #0xc000
   0A3C E5            [11] 1703 	push	hl
   0A3D CDr00r00      [17] 1704 	call	_cpct_getScreenPtr
   0A40 4D            [ 4] 1705 	ld	c, l
   0A41 44            [ 4] 1706 	ld	b, h
   0A42 D1            [10] 1707 	pop	de
   0A43 3E 02         [ 7] 1708 	ld	a, #0x02
   0A45 F5            [11] 1709 	push	af
   0A46 33            [ 6] 1710 	inc	sp
   0A47 D5            [11] 1711 	push	de
   0A48 C5            [11] 1712 	push	bc
   0A49 CDr00r00      [17] 1713 	call	_cpct_drawSolidBox
   0A4C F1            [10] 1714 	pop	af
   0A4D F1            [10] 1715 	pop	af
   0A4E 33            [ 6] 1716 	inc	sp
   0A4F                    1717 00104$:
                           1718 ;src/game.c:303: if (!g_pickuptaken) {
   0A4F 3ArA0r00      [13] 1719 	ld	a,(#_g_pickuptaken + 0)
   0A52 B7            [ 4] 1720 	or	a, a
   0A53 20 2F         [12] 1721 	jr	NZ,00106$
                           1722 ;src/game.c:304: cpct_drawSolidBox(cpct_getScreenPtr(CPCT_VMEM_START, 36, (u8)(tilemap_ground_y() - 8)), cpct_px2byteM0(7, 7), 4, 4);
   0A55 21 07 07      [10] 1723 	ld	hl, #0x0707
   0A58 E5            [11] 1724 	push	hl
   0A59 CDr00r00      [17] 1725 	call	_cpct_px2byteM0
   0A5C 55            [ 4] 1726 	ld	d, l
   0A5D D5            [11] 1727 	push	de
   0A5E CDr00r00      [17] 1728 	call	_tilemap_ground_y
   0A61 D1            [10] 1729 	pop	de
   0A62 7D            [ 4] 1730 	ld	a, l
   0A63 C6 F8         [ 7] 1731 	add	a, #0xf8
   0A65 47            [ 4] 1732 	ld	b, a
   0A66 D5            [11] 1733 	push	de
   0A67 C5            [11] 1734 	push	bc
   0A68 33            [ 6] 1735 	inc	sp
   0A69 3E 24         [ 7] 1736 	ld	a, #0x24
   0A6B F5            [11] 1737 	push	af
   0A6C 33            [ 6] 1738 	inc	sp
   0A6D 21 00 C0      [10] 1739 	ld	hl, #0xc000
   0A70 E5            [11] 1740 	push	hl
   0A71 CDr00r00      [17] 1741 	call	_cpct_getScreenPtr
   0A74 4D            [ 4] 1742 	ld	c, l
   0A75 44            [ 4] 1743 	ld	b, h
   0A76 D1            [10] 1744 	pop	de
   0A77 21 04 04      [10] 1745 	ld	hl, #0x0404
   0A7A E5            [11] 1746 	push	hl
   0A7B D5            [11] 1747 	push	de
   0A7C 33            [ 6] 1748 	inc	sp
   0A7D C5            [11] 1749 	push	bc
   0A7E CDr00r00      [17] 1750 	call	_cpct_drawSolidBox
   0A81 F1            [10] 1751 	pop	af
   0A82 F1            [10] 1752 	pop	af
   0A83 33            [ 6] 1753 	inc	sp
   0A84                    1754 00106$:
                           1755 ;src/game.c:306: playerrender(&g_player);
   0A84 21r00r00      [10] 1756 	ld	hl, #_g_player
   0A87 E5            [11] 1757 	push	hl
   0A88 CDr00r00      [17] 1758 	call	_playerrender
   0A8B F1            [10] 1759 	pop	af
                           1760 ;src/game.c:307: hudrender();
   0A8C CDr00r00      [17] 1761 	call	_hudrender
                           1762 ;src/game.c:309: if (g_victory) {
   0A8F 3Ar8Cr00      [13] 1763 	ld	a,(#_g_victory + 0)
   0A92 B7            [ 4] 1764 	or	a, a
   0A93 28 48         [12] 1765 	jr	Z,00113$
                           1766 ;src/game.c:310: cpct_drawSolidBox(cpct_getScreenPtr(CPCT_VMEM_START, 24, 68), cpct_px2byteM0(8, 8), 32, 12);
   0A95 21 08 08      [10] 1767 	ld	hl, #0x0808
   0A98 E5            [11] 1768 	push	hl
   0A99 CDr00r00      [17] 1769 	call	_cpct_px2byteM0
   0A9C 55            [ 4] 1770 	ld	d, l
   0A9D D5            [11] 1771 	push	de
   0A9E 21 18 44      [10] 1772 	ld	hl, #0x4418
   0AA1 E5            [11] 1773 	push	hl
   0AA2 21 00 C0      [10] 1774 	ld	hl, #0xc000
   0AA5 E5            [11] 1775 	push	hl
   0AA6 CDr00r00      [17] 1776 	call	_cpct_getScreenPtr
   0AA9 4D            [ 4] 1777 	ld	c, l
   0AAA 44            [ 4] 1778 	ld	b, h
   0AAB D1            [10] 1779 	pop	de
   0AAC 21 20 0C      [10] 1780 	ld	hl, #0x0c20
   0AAF E5            [11] 1781 	push	hl
   0AB0 D5            [11] 1782 	push	de
   0AB1 33            [ 6] 1783 	inc	sp
   0AB2 C5            [11] 1784 	push	bc
   0AB3 CDr00r00      [17] 1785 	call	_cpct_drawSolidBox
   0AB6 F1            [10] 1786 	pop	af
                           1787 ;src/game.c:311: cpct_drawSolidBox(cpct_getScreenPtr(CPCT_VMEM_START, 28, 72), cpct_px2byteM0(5, 5), 24, 8);
   0AB7 33            [ 6] 1788 	inc	sp
   0AB8 21 05 05      [10] 1789 	ld	hl,#0x0505
   0ABB E3            [19] 1790 	ex	(sp),hl
   0ABC CDr00r00      [17] 1791 	call	_cpct_px2byteM0
   0ABF 55            [ 4] 1792 	ld	d, l
   0AC0 D5            [11] 1793 	push	de
   0AC1 21 1C 48      [10] 1794 	ld	hl, #0x481c
   0AC4 E5            [11] 1795 	push	hl
   0AC5 21 00 C0      [10] 1796 	ld	hl, #0xc000
   0AC8 E5            [11] 1797 	push	hl
   0AC9 CDr00r00      [17] 1798 	call	_cpct_getScreenPtr
   0ACC 4D            [ 4] 1799 	ld	c, l
   0ACD 44            [ 4] 1800 	ld	b, h
   0ACE D1            [10] 1801 	pop	de
   0ACF 21 18 08      [10] 1802 	ld	hl, #0x0818
   0AD2 E5            [11] 1803 	push	hl
   0AD3 D5            [11] 1804 	push	de
   0AD4 33            [ 6] 1805 	inc	sp
   0AD5 C5            [11] 1806 	push	bc
   0AD6 CDr00r00      [17] 1807 	call	_cpct_drawSolidBox
   0AD9 F1            [10] 1808 	pop	af
   0ADA F1            [10] 1809 	pop	af
   0ADB 33            [ 6] 1810 	inc	sp
   0ADC C9            [10] 1811 	ret
   0ADD                    1812 00113$:
                           1813 ;src/game.c:312: } else if (g_gameover) {
   0ADD 3Ar8Dr00      [13] 1814 	ld	a,(#_g_gameover + 0)
   0AE0 B7            [ 4] 1815 	or	a, a
   0AE1 28 48         [12] 1816 	jr	Z,00110$
                           1817 ;src/game.c:313: cpct_drawSolidBox(cpct_getScreenPtr(CPCT_VMEM_START, 24, 68), cpct_px2byteM0(1, 1), 32, 12);
   0AE3 21 01 01      [10] 1818 	ld	hl, #0x0101
   0AE6 E5            [11] 1819 	push	hl
   0AE7 CDr00r00      [17] 1820 	call	_cpct_px2byteM0
   0AEA 55            [ 4] 1821 	ld	d, l
   0AEB D5            [11] 1822 	push	de
   0AEC 21 18 44      [10] 1823 	ld	hl, #0x4418
   0AEF E5            [11] 1824 	push	hl
   0AF0 21 00 C0      [10] 1825 	ld	hl, #0xc000
   0AF3 E5            [11] 1826 	push	hl
   0AF4 CDr00r00      [17] 1827 	call	_cpct_getScreenPtr
   0AF7 4D            [ 4] 1828 	ld	c, l
   0AF8 44            [ 4] 1829 	ld	b, h
   0AF9 D1            [10] 1830 	pop	de
   0AFA 21 20 0C      [10] 1831 	ld	hl, #0x0c20
   0AFD E5            [11] 1832 	push	hl
   0AFE D5            [11] 1833 	push	de
   0AFF 33            [ 6] 1834 	inc	sp
   0B00 C5            [11] 1835 	push	bc
   0B01 CDr00r00      [17] 1836 	call	_cpct_drawSolidBox
   0B04 F1            [10] 1837 	pop	af
                           1838 ;src/game.c:314: cpct_drawSolidBox(cpct_getScreenPtr(CPCT_VMEM_START, 28, 72), cpct_px2byteM0(6, 6), 24, 8);
   0B05 33            [ 6] 1839 	inc	sp
   0B06 21 06 06      [10] 1840 	ld	hl,#0x0606
   0B09 E3            [19] 1841 	ex	(sp),hl
   0B0A CDr00r00      [17] 1842 	call	_cpct_px2byteM0
   0B0D 55            [ 4] 1843 	ld	d, l
   0B0E D5            [11] 1844 	push	de
   0B0F 21 1C 48      [10] 1845 	ld	hl, #0x481c
   0B12 E5            [11] 1846 	push	hl
   0B13 21 00 C0      [10] 1847 	ld	hl, #0xc000
   0B16 E5            [11] 1848 	push	hl
   0B17 CDr00r00      [17] 1849 	call	_cpct_getScreenPtr
   0B1A 4D            [ 4] 1850 	ld	c, l
   0B1B 44            [ 4] 1851 	ld	b, h
   0B1C D1            [10] 1852 	pop	de
   0B1D 21 18 08      [10] 1853 	ld	hl, #0x0818
   0B20 E5            [11] 1854 	push	hl
   0B21 D5            [11] 1855 	push	de
   0B22 33            [ 6] 1856 	inc	sp
   0B23 C5            [11] 1857 	push	bc
   0B24 CDr00r00      [17] 1858 	call	_cpct_drawSolidBox
   0B27 F1            [10] 1859 	pop	af
   0B28 F1            [10] 1860 	pop	af
   0B29 33            [ 6] 1861 	inc	sp
   0B2A C9            [10] 1862 	ret
   0B2B                    1863 00110$:
                           1864 ;src/game.c:315: } else if (g_checkpointactive) {
   0B2B 3Ar92r00      [13] 1865 	ld	a,(#_g_checkpointactive + 0)
   0B2E B7            [ 4] 1866 	or	a, a
   0B2F C8            [11] 1867 	ret	Z
                           1868 ;src/game.c:316: cpct_drawSolidBox(cpct_getScreenPtr(CPCT_VMEM_START, g_checkpointx, (u8)(g_checkpointy - 8)), cpct_px2byteM0(9, 9), 2, 8);
   0B30 21 09 09      [10] 1869 	ld	hl, #0x0909
   0B33 E5            [11] 1870 	push	hl
   0B34 CDr00r00      [17] 1871 	call	_cpct_px2byteM0
   0B37 55            [ 4] 1872 	ld	d, l
   0B38 3Ar91r00      [13] 1873 	ld	a,(#_g_checkpointy + 0)
   0B3B C6 F8         [ 7] 1874 	add	a, #0xf8
   0B3D 47            [ 4] 1875 	ld	b, a
   0B3E D5            [11] 1876 	push	de
   0B3F C5            [11] 1877 	push	bc
   0B40 33            [ 6] 1878 	inc	sp
   0B41 3Ar90r00      [13] 1879 	ld	a, (_g_checkpointx)
   0B44 F5            [11] 1880 	push	af
   0B45 33            [ 6] 1881 	inc	sp
   0B46 21 00 C0      [10] 1882 	ld	hl, #0xc000
   0B49 E5            [11] 1883 	push	hl
   0B4A CDr00r00      [17] 1884 	call	_cpct_getScreenPtr
   0B4D 4D            [ 4] 1885 	ld	c, l
   0B4E 44            [ 4] 1886 	ld	b, h
   0B4F D1            [10] 1887 	pop	de
   0B50 21 02 08      [10] 1888 	ld	hl, #0x0802
   0B53 E5            [11] 1889 	push	hl
   0B54 D5            [11] 1890 	push	de
   0B55 33            [ 6] 1891 	inc	sp
   0B56 C5            [11] 1892 	push	bc
   0B57 CDr00r00      [17] 1893 	call	_cpct_drawSolidBox
   0B5A F1            [10] 1894 	pop	af
   0B5B F1            [10] 1895 	pop	af
   0B5C 33            [ 6] 1896 	inc	sp
   0B5D C9            [10] 1897 	ret
                           1898 	.area _CODE
                           1899 	.area _INITIALIZER
                           1900 	.area _CABS (ABS)
