                              1 ;--------------------------------------------------------
                              2 ; File Created by SDCC : free open source ANSI-C Compiler
                              3 ; Version 3.6.8 #9946 (Mac OS X ppc)
                              4 ;--------------------------------------------------------
                              5 	.module player
                              6 	.optsdcc -mz80
                              7 	
                              8 ;--------------------------------------------------------
                              9 ; Public variables in this module
                             10 ;--------------------------------------------------------
                             11 	.globl _cpct_getScreenPtr
                             12 	.globl _cpct_drawSolidBox
                             13 	.globl _cpct_isKeyPressed
                             14 	.globl _player_init
                             15 	.globl _player_update
                             16 	.globl _player_render
                             17 ;--------------------------------------------------------
                             18 ; special function registers
                             19 ;--------------------------------------------------------
                             20 ;--------------------------------------------------------
                             21 ; ram data
                             22 ;--------------------------------------------------------
                             23 	.area _DATA
   0000                      24 _px:
   0000                      25 	.ds 1
   0001                      26 _py:
   0001                      27 	.ds 1
                             28 ;--------------------------------------------------------
                             29 ; ram data
                             30 ;--------------------------------------------------------
                             31 	.area _INITIALIZED
                             32 ;--------------------------------------------------------
                             33 ; absolute external ram data
                             34 ;--------------------------------------------------------
                             35 	.area _DABS (ABS)
                             36 ;--------------------------------------------------------
                             37 ; global & static initialisations
                             38 ;--------------------------------------------------------
                             39 	.area _HOME
                             40 	.area _GSINIT
                             41 	.area _GSFINAL
                             42 	.area _GSINIT
                             43 ;--------------------------------------------------------
                             44 ; Home
                             45 ;--------------------------------------------------------
                             46 	.area _HOME
                             47 	.area _HOME
                             48 ;--------------------------------------------------------
                             49 ; code
                             50 ;--------------------------------------------------------
                             51 	.area _CODE
                             52 ;src/entities/player.c:7: void player_init(void) {
                             53 ;	---------------------------------
                             54 ; Function player_init
                             55 ; ---------------------------------
   0000                      56 _player_init::
                             57 ;src/entities/player.c:8: px = 20;
   0000 21r00r00      [10]   58 	ld	hl,#_px + 0
   0003 36 14         [10]   59 	ld	(hl), #0x14
                             60 ;src/entities/player.c:9: py = 80;
   0005 21r01r00      [10]   61 	ld	hl,#_py + 0
   0008 36 50         [10]   62 	ld	(hl), #0x50
   000A C9            [10]   63 	ret
                             64 ;src/entities/player.c:12: void player_update(void) {
                             65 ;	---------------------------------
                             66 ; Function player_update
                             67 ; ---------------------------------
   000B                      68 _player_update::
                             69 ;src/entities/player.c:13: if (cpct_isKeyPressed(Key_CursorLeft) && px > 0)
   000B 21 01 01      [10]   70 	ld	hl, #0x0101
   000E CDr00r00      [17]   71 	call	_cpct_isKeyPressed
   0011 7D            [ 4]   72 	ld	a, l
   0012 B7            [ 4]   73 	or	a, a
   0013 28 10         [12]   74 	jr	Z,00102$
   0015 FD 21r00r00   [14]   75 	ld	iy, #_px
   0019 FD 7E 00      [19]   76 	ld	a, 0 (iy)
   001C B7            [ 4]   77 	or	a, a
   001D 28 06         [12]   78 	jr	Z,00102$
                             79 ;src/entities/player.c:14: px -= 2;
   001F FD 35 00      [23]   80 	dec	0 (iy)
   0022 FD 35 00      [23]   81 	dec	0 (iy)
   0025                      82 00102$:
                             83 ;src/entities/player.c:16: if (cpct_isKeyPressed(Key_CursorRight) && px < 70)
   0025 21 00 02      [10]   84 	ld	hl, #0x0200
   0028 CDr00r00      [17]   85 	call	_cpct_isKeyPressed
   002B 7D            [ 4]   86 	ld	a, l
   002C B7            [ 4]   87 	or	a, a
   002D C8            [11]   88 	ret	Z
   002E FD 21r00r00   [14]   89 	ld	iy, #_px
   0032 FD 7E 00      [19]   90 	ld	a, 0 (iy)
   0035 D6 46         [ 7]   91 	sub	a, #0x46
   0037 D0            [11]   92 	ret	NC
                             93 ;src/entities/player.c:17: px += 2;
   0038 FD 34 00      [23]   94 	inc	0 (iy)
   003B FD 34 00      [23]   95 	inc	0 (iy)
   003E C9            [10]   96 	ret
                             97 ;src/entities/player.c:20: void player_render(void) {
                             98 ;	---------------------------------
                             99 ; Function player_render
                            100 ; ---------------------------------
   003F                     101 _player_render::
                            102 ;src/entities/player.c:23: pvmem = cpct_getScreenPtr(CPCT_VMEM_START, 0, py);
   003F 3Ar01r00      [13]  103 	ld	a, (_py)
   0042 F5            [11]  104 	push	af
   0043 33            [ 6]  105 	inc	sp
   0044 AF            [ 4]  106 	xor	a, a
   0045 F5            [11]  107 	push	af
   0046 33            [ 6]  108 	inc	sp
   0047 21 00 C0      [10]  109 	ld	hl, #0xc000
   004A E5            [11]  110 	push	hl
   004B CDr00r00      [17]  111 	call	_cpct_getScreenPtr
                            112 ;src/entities/player.c:24: cpct_drawSolidBox(pvmem, 0x00, 80, 8);
   004E 01 50 08      [10]  113 	ld	bc, #0x0850
   0051 C5            [11]  114 	push	bc
   0052 AF            [ 4]  115 	xor	a, a
   0053 F5            [11]  116 	push	af
   0054 33            [ 6]  117 	inc	sp
   0055 E5            [11]  118 	push	hl
   0056 CDr00r00      [17]  119 	call	_cpct_drawSolidBox
   0059 F1            [10]  120 	pop	af
   005A F1            [10]  121 	pop	af
   005B 33            [ 6]  122 	inc	sp
                            123 ;src/entities/player.c:26: pvmem = cpct_getScreenPtr(CPCT_VMEM_START, px, py);
   005C 3Ar01r00      [13]  124 	ld	a, (_py)
   005F F5            [11]  125 	push	af
   0060 33            [ 6]  126 	inc	sp
   0061 3Ar00r00      [13]  127 	ld	a, (_px)
   0064 F5            [11]  128 	push	af
   0065 33            [ 6]  129 	inc	sp
   0066 21 00 C0      [10]  130 	ld	hl, #0xc000
   0069 E5            [11]  131 	push	hl
   006A CDr00r00      [17]  132 	call	_cpct_getScreenPtr
                            133 ;src/entities/player.c:27: cpct_drawSolidBox(pvmem, 0xF0, 4, 8);
   006D 01 04 08      [10]  134 	ld	bc, #0x0804
   0070 C5            [11]  135 	push	bc
   0071 3E F0         [ 7]  136 	ld	a, #0xf0
   0073 F5            [11]  137 	push	af
   0074 33            [ 6]  138 	inc	sp
   0075 E5            [11]  139 	push	hl
   0076 CDr00r00      [17]  140 	call	_cpct_drawSolidBox
   0079 F1            [10]  141 	pop	af
   007A F1            [10]  142 	pop	af
   007B 33            [ 6]  143 	inc	sp
   007C C9            [10]  144 	ret
                            145 	.area _CODE
                            146 	.area _INITIALIZER
                            147 	.area _CABS (ABS)
