                              1 ;--------------------------------------------------------
                              2 ; File Created by SDCC : free open source ANSI-C Compiler
                              3 ; Version 3.6.8 #9946 (Mac OS X ppc)
                              4 ;--------------------------------------------------------
                              5 	.module enemy
                              6 	.optsdcc -mz80
                              7 	
                              8 ;--------------------------------------------------------
                              9 ; Public variables in this module
                             10 ;--------------------------------------------------------
                             11 	.globl _collision_clamp_y_at
                             12 	.globl _collision_is_on_ground_at
                             13 	.globl _cpct_getScreenPtr
                             14 	.globl _cpct_drawSolidBox
                             15 	.globl _cpct_px2byteM0
                             16 	.globl _enemyinit
                             17 	.globl _enemyspawn
                             18 	.globl _enemyupdate
                             19 	.globl _enemyrender
                             20 	.globl _enemydamage
                             21 ;--------------------------------------------------------
                             22 ; special function registers
                             23 ;--------------------------------------------------------
                             24 ;--------------------------------------------------------
                             25 ; ram data
                             26 ;--------------------------------------------------------
                             27 	.area _DATA
                             28 ;--------------------------------------------------------
                             29 ; ram data
                             30 ;--------------------------------------------------------
                             31 	.area _INITIALIZED
                             32 ;--------------------------------------------------------
                             33 ; absolute external ram data
                             34 ;--------------------------------------------------------
                             35 	.area _DABS (ABS)
                             36 ;--------------------------------------------------------
                             37 ; global & static initialisations
                             38 ;--------------------------------------------------------
                             39 	.area _HOME
                             40 	.area _GSINIT
                             41 	.area _GSFINAL
                             42 	.area _GSINIT
                             43 ;--------------------------------------------------------
                             44 ; Home
                             45 ;--------------------------------------------------------
                             46 	.area _HOME
                             47 	.area _HOME
                             48 ;--------------------------------------------------------
                             49 ; code
                             50 ;--------------------------------------------------------
                             51 	.area _CODE
                             52 ;src/entities/enemy.c:5: void enemyinit(Enemy* enemy) {
                             53 ;	---------------------------------
                             54 ; Function enemyinit
                             55 ; ---------------------------------
   0000                      56 _enemyinit::
                             57 ;src/entities/enemy.c:6: if (!enemy) {
   0000 21 03 00      [10]   58 	ld	hl, #2+1
   0003 39            [11]   59 	add	hl, sp
   0004 7E            [ 7]   60 	ld	a, (hl)
   0005 2B            [ 6]   61 	dec	hl
   0006 B6            [ 7]   62 	or	a,(hl)
                             63 ;src/entities/enemy.c:7: return;
   0007 C8            [11]   64 	ret	Z
                             65 ;src/entities/enemy.c:10: enemy->x = 0;
   0008 D1            [10]   66 	pop	de
   0009 C1            [10]   67 	pop	bc
   000A C5            [11]   68 	push	bc
   000B D5            [11]   69 	push	de
   000C AF            [ 4]   70 	xor	a, a
   000D 02            [ 7]   71 	ld	(bc), a
                             72 ;src/entities/enemy.c:11: enemy->y = 0;
   000E 59            [ 4]   73 	ld	e, c
   000F 50            [ 4]   74 	ld	d, b
   0010 13            [ 6]   75 	inc	de
   0011 AF            [ 4]   76 	xor	a, a
   0012 12            [ 7]   77 	ld	(de), a
                             78 ;src/entities/enemy.c:12: enemy->vx = 0;
   0013 59            [ 4]   79 	ld	e, c
   0014 50            [ 4]   80 	ld	d, b
   0015 13            [ 6]   81 	inc	de
   0016 13            [ 6]   82 	inc	de
   0017 AF            [ 4]   83 	xor	a, a
   0018 12            [ 7]   84 	ld	(de), a
                             85 ;src/entities/enemy.c:13: enemy->vy = 0;
   0019 59            [ 4]   86 	ld	e, c
   001A 50            [ 4]   87 	ld	d, b
   001B 13            [ 6]   88 	inc	de
   001C 13            [ 6]   89 	inc	de
   001D 13            [ 6]   90 	inc	de
   001E AF            [ 4]   91 	xor	a, a
   001F 12            [ 7]   92 	ld	(de), a
                             93 ;src/entities/enemy.c:14: enemy->w = 4;
   0020 21 04 00      [10]   94 	ld	hl, #0x0004
   0023 09            [11]   95 	add	hl, bc
   0024 36 04         [10]   96 	ld	(hl), #0x04
                             97 ;src/entities/enemy.c:15: enemy->h = 16;
   0026 21 05 00      [10]   98 	ld	hl, #0x0005
   0029 09            [11]   99 	add	hl, bc
   002A 36 10         [10]  100 	ld	(hl), #0x10
                            101 ;src/entities/enemy.c:16: enemy->active = 0;
   002C 21 06 00      [10]  102 	ld	hl, #0x0006
   002F 09            [11]  103 	add	hl, bc
   0030 36 00         [10]  104 	ld	(hl), #0x00
                            105 ;src/entities/enemy.c:17: enemy->health = 1;
   0032 21 07 00      [10]  106 	ld	hl, #0x0007
   0035 09            [11]  107 	add	hl, bc
   0036 36 01         [10]  108 	ld	(hl), #0x01
                            109 ;src/entities/enemy.c:18: enemy->reward = 100;
   0038 21 08 00      [10]  110 	ld	hl, #0x0008
   003B 09            [11]  111 	add	hl, bc
   003C 36 64         [10]  112 	ld	(hl), #0x64
   003E 23            [ 6]  113 	inc	hl
   003F 36 00         [10]  114 	ld	(hl), #0x00
                            115 ;src/entities/enemy.c:19: enemy->kind = 0;
   0041 21 0A 00      [10]  116 	ld	hl, #0x000a
   0044 09            [11]  117 	add	hl, bc
   0045 36 00         [10]  118 	ld	(hl), #0x00
   0047 C9            [10]  119 	ret
                            120 ;src/entities/enemy.c:22: void enemyspawn(Enemy* enemy, u8 x, u8 y, u8 kind, u8 move_right) {
                            121 ;	---------------------------------
                            122 ; Function enemyspawn
                            123 ; ---------------------------------
   0048                     124 _enemyspawn::
   0048 DD E5         [15]  125 	push	ix
   004A DD 21 00 00   [14]  126 	ld	ix,#0
   004E DD 39         [15]  127 	add	ix,sp
   0050 21 F1 FF      [10]  128 	ld	hl, #-15
   0053 39            [11]  129 	add	hl, sp
   0054 F9            [ 6]  130 	ld	sp, hl
                            131 ;src/entities/enemy.c:23: if (!enemy) {
   0055 DD 7E 05      [19]  132 	ld	a, 5 (ix)
   0058 DD B6 04      [19]  133 	or	a,4 (ix)
                            134 ;src/entities/enemy.c:24: return;
   005B CAr27r02      [10]  135 	jp	Z,00112$
                            136 ;src/entities/enemy.c:27: enemy->x = x;
   005E DD 7E 04      [19]  137 	ld	a, 4 (ix)
   0061 DD 77 FE      [19]  138 	ld	-2 (ix), a
   0064 DD 7E 05      [19]  139 	ld	a, 5 (ix)
   0067 DD 77 FF      [19]  140 	ld	-1 (ix), a
   006A DD 6E FE      [19]  141 	ld	l,-2 (ix)
   006D DD 66 FF      [19]  142 	ld	h,-1 (ix)
   0070 DD 7E 06      [19]  143 	ld	a, 6 (ix)
   0073 77            [ 7]  144 	ld	(hl), a
                            145 ;src/entities/enemy.c:28: enemy->y = y;
   0074 DD 4E FE      [19]  146 	ld	c,-2 (ix)
   0077 DD 46 FF      [19]  147 	ld	b,-1 (ix)
   007A 03            [ 6]  148 	inc	bc
   007B DD 7E 07      [19]  149 	ld	a, 7 (ix)
   007E 02            [ 7]  150 	ld	(bc), a
                            151 ;src/entities/enemy.c:29: enemy->vx = move_right ? 1 : -1;
   007F DD 7E FE      [19]  152 	ld	a, -2 (ix)
   0082 C6 02         [ 7]  153 	add	a, #0x02
   0084 DD 77 FC      [19]  154 	ld	-4 (ix), a
   0087 DD 7E FF      [19]  155 	ld	a, -1 (ix)
   008A CE 00         [ 7]  156 	adc	a, #0x00
   008C DD 77 FD      [19]  157 	ld	-3 (ix), a
   008F DD 7E 09      [19]  158 	ld	a, 9 (ix)
   0092 B7            [ 4]  159 	or	a, a
   0093 28 04         [12]  160 	jr	Z,00114$
   0095 0E 01         [ 7]  161 	ld	c, #0x01
   0097 18 02         [12]  162 	jr	00115$
   0099                     163 00114$:
   0099 0E FF         [ 7]  164 	ld	c, #0xff
   009B                     165 00115$:
   009B DD 6E FC      [19]  166 	ld	l,-4 (ix)
   009E DD 66 FD      [19]  167 	ld	h,-3 (ix)
   00A1 71            [ 7]  168 	ld	(hl), c
                            169 ;src/entities/enemy.c:30: enemy->vy = 0;
   00A2 DD 7E FE      [19]  170 	ld	a, -2 (ix)
   00A5 C6 03         [ 7]  171 	add	a, #0x03
   00A7 DD 77 FA      [19]  172 	ld	-6 (ix), a
   00AA DD 7E FF      [19]  173 	ld	a, -1 (ix)
   00AD CE 00         [ 7]  174 	adc	a, #0x00
   00AF DD 77 FB      [19]  175 	ld	-5 (ix), a
   00B2 DD 6E FA      [19]  176 	ld	l,-6 (ix)
   00B5 DD 66 FB      [19]  177 	ld	h,-5 (ix)
   00B8 36 00         [10]  178 	ld	(hl), #0x00
                            179 ;src/entities/enemy.c:31: enemy->active = 1;
   00BA DD 7E FE      [19]  180 	ld	a, -2 (ix)
   00BD C6 06         [ 7]  181 	add	a, #0x06
   00BF DD 77 F8      [19]  182 	ld	-8 (ix), a
   00C2 DD 7E FF      [19]  183 	ld	a, -1 (ix)
   00C5 CE 00         [ 7]  184 	adc	a, #0x00
   00C7 DD 77 F9      [19]  185 	ld	-7 (ix), a
   00CA DD 6E F8      [19]  186 	ld	l,-8 (ix)
   00CD DD 66 F9      [19]  187 	ld	h,-7 (ix)
   00D0 36 01         [10]  188 	ld	(hl), #0x01
                            189 ;src/entities/enemy.c:32: enemy->kind = kind;
   00D2 DD 7E FE      [19]  190 	ld	a, -2 (ix)
   00D5 C6 0A         [ 7]  191 	add	a, #0x0a
   00D7 DD 77 F8      [19]  192 	ld	-8 (ix), a
   00DA DD 7E FF      [19]  193 	ld	a, -1 (ix)
   00DD CE 00         [ 7]  194 	adc	a, #0x00
   00DF DD 77 F9      [19]  195 	ld	-7 (ix), a
   00E2 DD 6E F8      [19]  196 	ld	l,-8 (ix)
   00E5 DD 66 F9      [19]  197 	ld	h,-7 (ix)
   00E8 DD 7E 08      [19]  198 	ld	a, 8 (ix)
   00EB 77            [ 7]  199 	ld	(hl), a
                            200 ;src/entities/enemy.c:35: enemy->w = 5;
   00EC DD 7E FE      [19]  201 	ld	a, -2 (ix)
   00EF C6 04         [ 7]  202 	add	a, #0x04
   00F1 DD 77 F8      [19]  203 	ld	-8 (ix), a
   00F4 DD 7E FF      [19]  204 	ld	a, -1 (ix)
   00F7 CE 00         [ 7]  205 	adc	a, #0x00
   00F9 DD 77 F9      [19]  206 	ld	-7 (ix), a
                            207 ;src/entities/enemy.c:36: enemy->h = 14;
   00FC DD 7E FE      [19]  208 	ld	a, -2 (ix)
   00FF C6 05         [ 7]  209 	add	a, #0x05
   0101 DD 77 F6      [19]  210 	ld	-10 (ix), a
   0104 DD 7E FF      [19]  211 	ld	a, -1 (ix)
   0107 CE 00         [ 7]  212 	adc	a, #0x00
   0109 DD 77 F7      [19]  213 	ld	-9 (ix), a
                            214 ;src/entities/enemy.c:37: enemy->health = 2;
   010C DD 7E FE      [19]  215 	ld	a, -2 (ix)
   010F C6 07         [ 7]  216 	add	a, #0x07
   0111 DD 77 F4      [19]  217 	ld	-12 (ix), a
   0114 DD 7E FF      [19]  218 	ld	a, -1 (ix)
   0117 CE 00         [ 7]  219 	adc	a, #0x00
   0119 DD 77 F5      [19]  220 	ld	-11 (ix), a
                            221 ;src/entities/enemy.c:38: enemy->reward = 180;
   011C DD 7E FE      [19]  222 	ld	a, -2 (ix)
   011F C6 08         [ 7]  223 	add	a, #0x08
   0121 DD 77 FE      [19]  224 	ld	-2 (ix), a
   0124 DD 7E FF      [19]  225 	ld	a, -1 (ix)
   0127 CE 00         [ 7]  226 	adc	a, #0x00
   0129 DD 77 FF      [19]  227 	ld	-1 (ix), a
                            228 ;src/entities/enemy.c:34: if (kind == 1) {
   012C DD 7E 08      [19]  229 	ld	a, 8 (ix)
   012F 3D            [ 4]  230 	dec	a
   0130 20 4C         [12]  231 	jr	NZ,00110$
                            232 ;src/entities/enemy.c:35: enemy->w = 5;
   0132 DD 6E F8      [19]  233 	ld	l,-8 (ix)
   0135 DD 66 F9      [19]  234 	ld	h,-7 (ix)
   0138 36 05         [10]  235 	ld	(hl), #0x05
                            236 ;src/entities/enemy.c:36: enemy->h = 14;
   013A DD 6E F6      [19]  237 	ld	l,-10 (ix)
   013D DD 66 F7      [19]  238 	ld	h,-9 (ix)
   0140 36 0E         [10]  239 	ld	(hl), #0x0e
                            240 ;src/entities/enemy.c:37: enemy->health = 2;
   0142 DD 6E F4      [19]  241 	ld	l,-12 (ix)
   0145 DD 66 F5      [19]  242 	ld	h,-11 (ix)
   0148 36 02         [10]  243 	ld	(hl), #0x02
                            244 ;src/entities/enemy.c:38: enemy->reward = 180;
   014A DD 6E FE      [19]  245 	ld	l,-2 (ix)
   014D DD 66 FF      [19]  246 	ld	h,-1 (ix)
   0150 36 B4         [10]  247 	ld	(hl), #0xb4
   0152 23            [ 6]  248 	inc	hl
   0153 36 00         [10]  249 	ld	(hl), #0x00
                            250 ;src/entities/enemy.c:39: enemy->vx = move_right ? 2 : -2;
   0155 DD 7E FC      [19]  251 	ld	a, -4 (ix)
   0158 DD 77 F2      [19]  252 	ld	-14 (ix), a
   015B DD 7E FD      [19]  253 	ld	a, -3 (ix)
   015E DD 77 F3      [19]  254 	ld	-13 (ix), a
   0161 DD 7E 09      [19]  255 	ld	a, 9 (ix)
   0164 B7            [ 4]  256 	or	a, a
   0165 28 06         [12]  257 	jr	Z,00116$
   0167 DD 36 F1 02   [19]  258 	ld	-15 (ix), #0x02
   016B 18 04         [12]  259 	jr	00117$
   016D                     260 00116$:
   016D DD 36 F1 FE   [19]  261 	ld	-15 (ix), #0xfe
   0171                     262 00117$:
   0171 DD 6E F2      [19]  263 	ld	l,-14 (ix)
   0174 DD 66 F3      [19]  264 	ld	h,-13 (ix)
   0177 DD 7E F1      [19]  265 	ld	a, -15 (ix)
   017A 77            [ 7]  266 	ld	(hl), a
   017B C3r27r02      [10]  267 	jp	00112$
   017E                     268 00110$:
                            269 ;src/entities/enemy.c:40: } else if (kind == 2) {
   017E DD 7E 08      [19]  270 	ld	a, 8 (ix)
   0181 D6 02         [ 7]  271 	sub	a, #0x02
   0183 20 40         [12]  272 	jr	NZ,00107$
                            273 ;src/entities/enemy.c:41: enemy->w = 6;
   0185 DD 6E F8      [19]  274 	ld	l,-8 (ix)
   0188 DD 66 F9      [19]  275 	ld	h,-7 (ix)
   018B 36 06         [10]  276 	ld	(hl), #0x06
                            277 ;src/entities/enemy.c:42: enemy->h = 10;
   018D DD 6E F6      [19]  278 	ld	l,-10 (ix)
   0190 DD 66 F7      [19]  279 	ld	h,-9 (ix)
   0193 36 0A         [10]  280 	ld	(hl), #0x0a
                            281 ;src/entities/enemy.c:43: enemy->health = 1;
   0195 DD 6E F4      [19]  282 	ld	l,-12 (ix)
   0198 DD 66 F5      [19]  283 	ld	h,-11 (ix)
   019B 36 01         [10]  284 	ld	(hl), #0x01
                            285 ;src/entities/enemy.c:44: enemy->reward = 150;
   019D DD 6E FE      [19]  286 	ld	l,-2 (ix)
   01A0 DD 66 FF      [19]  287 	ld	h,-1 (ix)
   01A3 36 96         [10]  288 	ld	(hl), #0x96
   01A5 23            [ 6]  289 	inc	hl
   01A6 36 00         [10]  290 	ld	(hl), #0x00
                            291 ;src/entities/enemy.c:45: enemy->vy = move_right ? 1 : -1;
   01A8 DD 4E FA      [19]  292 	ld	c,-6 (ix)
   01AB DD 46 FB      [19]  293 	ld	b,-5 (ix)
   01AE DD 7E 09      [19]  294 	ld	a, 9 (ix)
   01B1 B7            [ 4]  295 	or	a, a
   01B2 28 04         [12]  296 	jr	Z,00118$
   01B4 3E 01         [ 7]  297 	ld	a, #0x01
   01B6 18 02         [12]  298 	jr	00119$
   01B8                     299 00118$:
   01B8 3E FF         [ 7]  300 	ld	a, #0xff
   01BA                     301 00119$:
   01BA 02            [ 7]  302 	ld	(bc), a
                            303 ;src/entities/enemy.c:46: enemy->vx = 1;
   01BB DD 6E FC      [19]  304 	ld	l,-4 (ix)
   01BE DD 66 FD      [19]  305 	ld	h,-3 (ix)
   01C1 36 01         [10]  306 	ld	(hl), #0x01
   01C3 18 62         [12]  307 	jr	00112$
   01C5                     308 00107$:
                            309 ;src/entities/enemy.c:47: } else if (kind == 3) {
   01C5 DD 7E 08      [19]  310 	ld	a, 8 (ix)
   01C8 D6 03         [ 7]  311 	sub	a, #0x03
   01CA 20 38         [12]  312 	jr	NZ,00104$
                            313 ;src/entities/enemy.c:48: enemy->w = 10;
   01CC DD 6E F8      [19]  314 	ld	l,-8 (ix)
   01CF DD 66 F9      [19]  315 	ld	h,-7 (ix)
   01D2 36 0A         [10]  316 	ld	(hl), #0x0a
                            317 ;src/entities/enemy.c:49: enemy->h = 18;
   01D4 DD 6E F6      [19]  318 	ld	l,-10 (ix)
   01D7 DD 66 F7      [19]  319 	ld	h,-9 (ix)
   01DA 36 12         [10]  320 	ld	(hl), #0x12
                            321 ;src/entities/enemy.c:50: enemy->health = 8;
   01DC DD 6E F4      [19]  322 	ld	l,-12 (ix)
   01DF DD 66 F5      [19]  323 	ld	h,-11 (ix)
   01E2 36 08         [10]  324 	ld	(hl), #0x08
                            325 ;src/entities/enemy.c:51: enemy->reward = 800;
   01E4 DD 6E FE      [19]  326 	ld	l,-2 (ix)
   01E7 DD 66 FF      [19]  327 	ld	h,-1 (ix)
   01EA 36 20         [10]  328 	ld	(hl), #0x20
   01EC 23            [ 6]  329 	inc	hl
   01ED 36 03         [10]  330 	ld	(hl), #0x03
                            331 ;src/entities/enemy.c:52: enemy->vx = move_right ? 1 : -1;
   01EF DD 4E FC      [19]  332 	ld	c,-4 (ix)
   01F2 DD 46 FD      [19]  333 	ld	b,-3 (ix)
   01F5 DD 7E 09      [19]  334 	ld	a, 9 (ix)
   01F8 B7            [ 4]  335 	or	a, a
   01F9 28 04         [12]  336 	jr	Z,00120$
   01FB 3E 01         [ 7]  337 	ld	a, #0x01
   01FD 18 02         [12]  338 	jr	00121$
   01FF                     339 00120$:
   01FF 3E FF         [ 7]  340 	ld	a, #0xff
   0201                     341 00121$:
   0201 02            [ 7]  342 	ld	(bc), a
   0202 18 23         [12]  343 	jr	00112$
   0204                     344 00104$:
                            345 ;src/entities/enemy.c:54: enemy->w = 4;
   0204 DD 6E F8      [19]  346 	ld	l,-8 (ix)
   0207 DD 66 F9      [19]  347 	ld	h,-7 (ix)
   020A 36 04         [10]  348 	ld	(hl), #0x04
                            349 ;src/entities/enemy.c:55: enemy->h = 16;
   020C DD 6E F6      [19]  350 	ld	l,-10 (ix)
   020F DD 66 F7      [19]  351 	ld	h,-9 (ix)
   0212 36 10         [10]  352 	ld	(hl), #0x10
                            353 ;src/entities/enemy.c:56: enemy->health = 1;
   0214 DD 6E F4      [19]  354 	ld	l,-12 (ix)
   0217 DD 66 F5      [19]  355 	ld	h,-11 (ix)
   021A 36 01         [10]  356 	ld	(hl), #0x01
                            357 ;src/entities/enemy.c:57: enemy->reward = 100;
   021C DD 6E FE      [19]  358 	ld	l,-2 (ix)
   021F DD 66 FF      [19]  359 	ld	h,-1 (ix)
   0222 36 64         [10]  360 	ld	(hl), #0x64
   0224 23            [ 6]  361 	inc	hl
   0225 36 00         [10]  362 	ld	(hl), #0x00
   0227                     363 00112$:
   0227 DD F9         [10]  364 	ld	sp, ix
   0229 DD E1         [14]  365 	pop	ix
   022B C9            [10]  366 	ret
                            367 ;src/entities/enemy.c:61: void enemyupdate(Enemy* enemy) {
                            368 ;	---------------------------------
                            369 ; Function enemyupdate
                            370 ; ---------------------------------
   022C                     371 _enemyupdate::
   022C DD E5         [15]  372 	push	ix
   022E DD 21 00 00   [14]  373 	ld	ix,#0
   0232 DD 39         [15]  374 	add	ix,sp
   0234 21 F6 FF      [10]  375 	ld	hl, #-10
   0237 39            [11]  376 	add	hl, sp
   0238 F9            [ 6]  377 	ld	sp, hl
                            378 ;src/entities/enemy.c:65: if (!enemy || !enemy->active) {
   0239 DD 7E 05      [19]  379 	ld	a, 5 (ix)
   023C DD B6 04      [19]  380 	or	a,4 (ix)
   023F CAr33r04      [10]  381 	jp	Z,00121$
   0242 DD 7E 04      [19]  382 	ld	a, 4 (ix)
   0245 DD 77 FE      [19]  383 	ld	-2 (ix), a
   0248 DD 7E 05      [19]  384 	ld	a, 5 (ix)
   024B DD 77 FF      [19]  385 	ld	-1 (ix), a
   024E DD 6E FE      [19]  386 	ld	l,-2 (ix)
   0251 DD 66 FF      [19]  387 	ld	h,-1 (ix)
   0254 11 06 00      [10]  388 	ld	de, #0x0006
   0257 19            [11]  389 	add	hl, de
   0258 7E            [ 7]  390 	ld	a, (hl)
   0259 B7            [ 4]  391 	or	a, a
                            392 ;src/entities/enemy.c:66: return;
   025A CAr33r04      [10]  393 	jp	Z,00121$
                            394 ;src/entities/enemy.c:69: if (enemy->kind == 2) {
   025D DD 6E FE      [19]  395 	ld	l,-2 (ix)
   0260 DD 66 FF      [19]  396 	ld	h,-1 (ix)
   0263 11 0A 00      [10]  397 	ld	de, #0x000a
   0266 19            [11]  398 	add	hl, de
   0267 7E            [ 7]  399 	ld	a, (hl)
   0268 DD 77 FD      [19]  400 	ld	-3 (ix), a
                            401 ;src/entities/enemy.c:70: nextx = (i16)enemy->x + (i16)enemy->vx;
   026B DD 6E FE      [19]  402 	ld	l,-2 (ix)
   026E DD 66 FF      [19]  403 	ld	h,-1 (ix)
   0271 4E            [ 7]  404 	ld	c, (hl)
   0272 DD 7E FE      [19]  405 	ld	a, -2 (ix)
   0275 C6 02         [ 7]  406 	add	a, #0x02
   0277 DD 77 FB      [19]  407 	ld	-5 (ix), a
   027A DD 7E FF      [19]  408 	ld	a, -1 (ix)
   027D CE 00         [ 7]  409 	adc	a, #0x00
   027F DD 77 FC      [19]  410 	ld	-4 (ix), a
                            411 ;src/entities/enemy.c:71: nexty = (i16)enemy->y + (i16)enemy->vy;
   0282 DD 7E FE      [19]  412 	ld	a, -2 (ix)
   0285 C6 01         [ 7]  413 	add	a, #0x01
   0287 DD 77 F9      [19]  414 	ld	-7 (ix), a
   028A DD 7E FF      [19]  415 	ld	a, -1 (ix)
   028D CE 00         [ 7]  416 	adc	a, #0x00
   028F DD 77 FA      [19]  417 	ld	-6 (ix), a
   0292 DD 5E FE      [19]  418 	ld	e,-2 (ix)
   0295 DD 56 FF      [19]  419 	ld	d,-1 (ix)
   0298 13            [ 6]  420 	inc	de
   0299 13            [ 6]  421 	inc	de
   029A 13            [ 6]  422 	inc	de
                            423 ;src/entities/enemy.c:70: nextx = (i16)enemy->x + (i16)enemy->vx;
   029B 06 00         [ 7]  424 	ld	b, #0x00
   029D DD 6E FB      [19]  425 	ld	l,-5 (ix)
   02A0 DD 66 FC      [19]  426 	ld	h,-4 (ix)
   02A3 7E            [ 7]  427 	ld	a, (hl)
   02A4 DD 77 F8      [19]  428 	ld	-8 (ix), a
   02A7 6F            [ 4]  429 	ld	l, a
   02A8 DD 7E F8      [19]  430 	ld	a, -8 (ix)
   02AB 17            [ 4]  431 	rla
   02AC 9F            [ 4]  432 	sbc	a, a
   02AD 67            [ 4]  433 	ld	h, a
   02AE 09            [11]  434 	add	hl,bc
   02AF 4D            [ 4]  435 	ld	c, l
   02B0 44            [ 4]  436 	ld	b, h
                            437 ;src/entities/enemy.c:69: if (enemy->kind == 2) {
   02B1 DD 7E FD      [19]  438 	ld	a, -3 (ix)
   02B4 D6 02         [ 7]  439 	sub	a, #0x02
   02B6 C2r5Fr03      [10]  440 	jp	NZ,00111$
                            441 ;src/entities/enemy.c:70: nextx = (i16)enemy->x + (i16)enemy->vx;
                            442 ;src/entities/enemy.c:71: nexty = (i16)enemy->y + (i16)enemy->vy;
   02B9 DD 6E F9      [19]  443 	ld	l,-7 (ix)
   02BC DD 66 FA      [19]  444 	ld	h,-6 (ix)
   02BF 6E            [ 7]  445 	ld	l, (hl)
   02C0 DD 75 F6      [19]  446 	ld	-10 (ix), l
   02C3 DD 36 F7 00   [19]  447 	ld	-9 (ix), #0x00
   02C7 1A            [ 7]  448 	ld	a, (de)
   02C8 6F            [ 4]  449 	ld	l, a
   02C9 17            [ 4]  450 	rla
   02CA 9F            [ 4]  451 	sbc	a, a
   02CB 67            [ 4]  452 	ld	h, a
   02CC DD 7E F6      [19]  453 	ld	a, -10 (ix)
   02CF 85            [ 4]  454 	add	a, l
   02D0 DD 77 F6      [19]  455 	ld	-10 (ix), a
   02D3 DD 7E F7      [19]  456 	ld	a, -9 (ix)
   02D6 8C            [ 4]  457 	adc	a, h
   02D7 DD 77 F7      [19]  458 	ld	-9 (ix), a
                            459 ;src/entities/enemy.c:73: if (nextx < 8 || nextx > 72) {
   02DA 79            [ 4]  460 	ld	a, c
   02DB D6 08         [ 7]  461 	sub	a, #0x08
   02DD 78            [ 4]  462 	ld	a, b
   02DE 17            [ 4]  463 	rla
   02DF 3F            [ 4]  464 	ccf
   02E0 1F            [ 4]  465 	rra
   02E1 DE 80         [ 7]  466 	sbc	a, #0x80
   02E3 38 0E         [12]  467 	jr	C,00104$
   02E5 3E 48         [ 7]  468 	ld	a, #0x48
   02E7 B9            [ 4]  469 	cp	a, c
   02E8 3E 00         [ 7]  470 	ld	a, #0x00
   02EA 98            [ 4]  471 	sbc	a, b
   02EB E2rF0r02      [10]  472 	jp	PO, 00161$
   02EE EE 80         [ 7]  473 	xor	a, #0x80
   02F0                     474 00161$:
   02F0 F2r0Er03      [10]  475 	jp	P, 00105$
   02F3                     476 00104$:
                            477 ;src/entities/enemy.c:74: enemy->vx = (i8)(-enemy->vx);
   02F3 AF            [ 4]  478 	xor	a, a
   02F4 DD 96 F8      [19]  479 	sub	a, -8 (ix)
   02F7 4F            [ 4]  480 	ld	c, a
   02F8 DD 6E FB      [19]  481 	ld	l,-5 (ix)
   02FB DD 66 FC      [19]  482 	ld	h,-4 (ix)
   02FE 71            [ 7]  483 	ld	(hl), c
                            484 ;src/entities/enemy.c:75: nextx = (i16)enemy->x + (i16)enemy->vx;
   02FF DD 6E FE      [19]  485 	ld	l,-2 (ix)
   0302 DD 66 FF      [19]  486 	ld	h,-1 (ix)
   0305 6E            [ 7]  487 	ld	l, (hl)
   0306 26 00         [ 7]  488 	ld	h, #0x00
   0308 79            [ 4]  489 	ld	a, c
   0309 17            [ 4]  490 	rla
   030A 9F            [ 4]  491 	sbc	a, a
   030B 47            [ 4]  492 	ld	b, a
   030C 09            [11]  493 	add	hl,bc
   030D 4D            [ 4]  494 	ld	c, l
   030E                     495 00105$:
                            496 ;src/entities/enemy.c:77: if (nexty < 56 || nexty > 120) {
   030E DD 7E F6      [19]  497 	ld	a, -10 (ix)
   0311 D6 38         [ 7]  498 	sub	a, #0x38
   0313 DD 7E F7      [19]  499 	ld	a, -9 (ix)
   0316 17            [ 4]  500 	rla
   0317 3F            [ 4]  501 	ccf
   0318 1F            [ 4]  502 	rra
   0319 DE 80         [ 7]  503 	sbc	a, #0x80
   031B 38 12         [12]  504 	jr	C,00107$
   031D 3E 78         [ 7]  505 	ld	a, #0x78
   031F DD BE F6      [19]  506 	cp	a, -10 (ix)
   0322 3E 00         [ 7]  507 	ld	a, #0x00
   0324 DD 9E F7      [19]  508 	sbc	a, -9 (ix)
   0327 E2r2Cr03      [10]  509 	jp	PO, 00162$
   032A EE 80         [ 7]  510 	xor	a, #0x80
   032C                     511 00162$:
   032C F2r4Br03      [10]  512 	jp	P, 00108$
   032F                     513 00107$:
                            514 ;src/entities/enemy.c:78: enemy->vy = (i8)(-enemy->vy);
   032F 1A            [ 7]  515 	ld	a, (de)
   0330 6F            [ 4]  516 	ld	l, a
   0331 AF            [ 4]  517 	xor	a, a
   0332 95            [ 4]  518 	sub	a, l
   0333 DD 77 F8      [19]  519 	ld	-8 (ix), a
   0336 12            [ 7]  520 	ld	(de),a
                            521 ;src/entities/enemy.c:79: nexty = (i16)enemy->y + (i16)enemy->vy;
   0337 DD 6E F9      [19]  522 	ld	l,-7 (ix)
   033A DD 66 FA      [19]  523 	ld	h,-6 (ix)
   033D 5E            [ 7]  524 	ld	e, (hl)
   033E 16 00         [ 7]  525 	ld	d, #0x00
   0340 DD 6E F8      [19]  526 	ld	l, -8 (ix)
   0343 DD 7E F8      [19]  527 	ld	a, -8 (ix)
   0346 17            [ 4]  528 	rla
   0347 9F            [ 4]  529 	sbc	a, a
   0348 67            [ 4]  530 	ld	h, a
   0349 19            [11]  531 	add	hl,de
   034A E3            [19]  532 	ex	(sp), hl
   034B                     533 00108$:
                            534 ;src/entities/enemy.c:82: enemy->x = (u8)nextx;
   034B DD 6E FE      [19]  535 	ld	l,-2 (ix)
   034E DD 66 FF      [19]  536 	ld	h,-1 (ix)
   0351 71            [ 7]  537 	ld	(hl), c
                            538 ;src/entities/enemy.c:83: enemy->y = (u8)nexty;
   0352 DD 4E F6      [19]  539 	ld	c, -10 (ix)
   0355 DD 6E F9      [19]  540 	ld	l,-7 (ix)
   0358 DD 66 FA      [19]  541 	ld	h,-6 (ix)
   035B 71            [ 7]  542 	ld	(hl), c
                            543 ;src/entities/enemy.c:84: return;
   035C C3r33r04      [10]  544 	jp	00121$
   035F                     545 00111$:
                            546 ;src/entities/enemy.c:87: nextx = (i16)enemy->x + (i16)enemy->vx;
                            547 ;src/entities/enemy.c:88: if (nextx < 2) {
   035F 79            [ 4]  548 	ld	a, c
   0360 D6 02         [ 7]  549 	sub	a, #0x02
   0362 78            [ 4]  550 	ld	a, b
   0363 17            [ 4]  551 	rla
   0364 3F            [ 4]  552 	ccf
   0365 1F            [ 4]  553 	rra
   0366 DE 80         [ 7]  554 	sbc	a, #0x80
   0368 30 0B         [12]  555 	jr	NC,00113$
                            556 ;src/entities/enemy.c:89: nextx = 2;
   036A 01 02 00      [10]  557 	ld	bc, #0x0002
                            558 ;src/entities/enemy.c:90: enemy->vx = 1;
   036D DD 6E FB      [19]  559 	ld	l,-5 (ix)
   0370 DD 66 FC      [19]  560 	ld	h,-4 (ix)
   0373 36 01         [10]  561 	ld	(hl), #0x01
   0375                     562 00113$:
                            563 ;src/entities/enemy.c:93: i16 maxx = (i16)(80 - (i16)enemy->w);
   0375 DD 6E FE      [19]  564 	ld	l,-2 (ix)
   0378 DD 66 FF      [19]  565 	ld	h,-1 (ix)
   037B 23            [ 6]  566 	inc	hl
   037C 23            [ 6]  567 	inc	hl
   037D 23            [ 6]  568 	inc	hl
   037E 23            [ 6]  569 	inc	hl
   037F 6E            [ 7]  570 	ld	l, (hl)
   0380 26 00         [ 7]  571 	ld	h, #0x00
   0382 3E 50         [ 7]  572 	ld	a, #0x50
   0384 95            [ 4]  573 	sub	a, l
   0385 6F            [ 4]  574 	ld	l, a
   0386 3E 00         [ 7]  575 	ld	a, #0x00
   0388 9C            [ 4]  576 	sbc	a, h
   0389 67            [ 4]  577 	ld	h, a
                            578 ;src/entities/enemy.c:94: if (nextx > maxx) {
   038A 7D            [ 4]  579 	ld	a, l
   038B 91            [ 4]  580 	sub	a, c
   038C 7C            [ 4]  581 	ld	a, h
   038D 98            [ 4]  582 	sbc	a, b
   038E E2r93r03      [10]  583 	jp	PO, 00163$
   0391 EE 80         [ 7]  584 	xor	a, #0x80
   0393                     585 00163$:
   0393 F2r9Fr03      [10]  586 	jp	P, 00115$
                            587 ;src/entities/enemy.c:95: nextx = maxx;
   0396 4D            [ 4]  588 	ld	c, l
                            589 ;src/entities/enemy.c:96: enemy->vx = -1;
   0397 DD 6E FB      [19]  590 	ld	l,-5 (ix)
   039A DD 66 FC      [19]  591 	ld	h,-4 (ix)
   039D 36 FF         [10]  592 	ld	(hl), #0xff
   039F                     593 00115$:
                            594 ;src/entities/enemy.c:99: enemy->x = (u8)nextx;
   039F DD 6E FE      [19]  595 	ld	l,-2 (ix)
   03A2 DD 66 FF      [19]  596 	ld	h,-1 (ix)
   03A5 71            [ 7]  597 	ld	(hl), c
                            598 ;src/entities/enemy.c:101: enemy->vy = (i8)(enemy->vy + 1);
   03A6 1A            [ 7]  599 	ld	a, (de)
   03A7 4F            [ 4]  600 	ld	c, a
   03A8 0C            [ 4]  601 	inc	c
   03A9 79            [ 4]  602 	ld	a, c
   03AA 12            [ 7]  603 	ld	(de), a
                            604 ;src/entities/enemy.c:102: if (enemy->vy > 3) enemy->vy = 3;
   03AB 3E 03         [ 7]  605 	ld	a, #0x03
   03AD 91            [ 4]  606 	sub	a, c
   03AE E2rB3r03      [10]  607 	jp	PO, 00164$
   03B1 EE 80         [ 7]  608 	xor	a, #0x80
   03B3                     609 00164$:
   03B3 F2rB9r03      [10]  610 	jp	P, 00117$
   03B6 3E 03         [ 7]  611 	ld	a, #0x03
   03B8 12            [ 7]  612 	ld	(de), a
   03B9                     613 00117$:
                            614 ;src/entities/enemy.c:103: nexty = (i16)enemy->y + (i16)enemy->vy;
   03B9 DD 6E F9      [19]  615 	ld	l,-7 (ix)
   03BC DD 66 FA      [19]  616 	ld	h,-6 (ix)
   03BF 4E            [ 7]  617 	ld	c, (hl)
   03C0 06 00         [ 7]  618 	ld	b, #0x00
   03C2 1A            [ 7]  619 	ld	a, (de)
   03C3 6F            [ 4]  620 	ld	l, a
   03C4 17            [ 4]  621 	rla
   03C5 9F            [ 4]  622 	sbc	a, a
   03C6 67            [ 4]  623 	ld	h, a
   03C7 09            [11]  624 	add	hl, bc
   03C8 E5            [11]  625 	push	hl
   03C9 FD E1         [14]  626 	pop	iy
                            627 ;src/entities/enemy.c:104: nexty = collision_clamp_y_at((i16)enemy->x, nexty, enemy->h);
   03CB DD 7E FE      [19]  628 	ld	a, -2 (ix)
   03CE C6 05         [ 7]  629 	add	a, #0x05
   03D0 DD 77 F6      [19]  630 	ld	-10 (ix), a
   03D3 DD 7E FF      [19]  631 	ld	a, -1 (ix)
   03D6 CE 00         [ 7]  632 	adc	a, #0x00
   03D8 DD 77 F7      [19]  633 	ld	-9 (ix), a
   03DB E1            [10]  634 	pop	hl
   03DC E5            [11]  635 	push	hl
   03DD 7E            [ 7]  636 	ld	a, (hl)
   03DE DD 6E FE      [19]  637 	ld	l,-2 (ix)
   03E1 DD 66 FF      [19]  638 	ld	h,-1 (ix)
   03E4 4E            [ 7]  639 	ld	c, (hl)
   03E5 06 00         [ 7]  640 	ld	b, #0x00
   03E7 D5            [11]  641 	push	de
   03E8 F5            [11]  642 	push	af
   03E9 33            [ 6]  643 	inc	sp
   03EA FD E5         [15]  644 	push	iy
   03EC C5            [11]  645 	push	bc
   03ED CDr00r00      [17]  646 	call	_collision_clamp_y_at
   03F0 F1            [10]  647 	pop	af
   03F1 F1            [10]  648 	pop	af
   03F2 33            [ 6]  649 	inc	sp
   03F3 4D            [ 4]  650 	ld	c, l
   03F4 D1            [10]  651 	pop	de
                            652 ;src/entities/enemy.c:105: enemy->y = (u8)nexty;
   03F5 DD 6E F9      [19]  653 	ld	l,-7 (ix)
   03F8 DD 66 FA      [19]  654 	ld	h,-6 (ix)
   03FB 71            [ 7]  655 	ld	(hl), c
                            656 ;src/entities/enemy.c:106: if (collision_is_on_ground_at((i16)enemy->x, (i16)enemy->y, enemy->h) && enemy->vy > 0) {
   03FC E1            [10]  657 	pop	hl
   03FD E5            [11]  658 	push	hl
   03FE 7E            [ 7]  659 	ld	a, (hl)
   03FF 06 00         [ 7]  660 	ld	b, #0x00
   0401 DD 6E FE      [19]  661 	ld	l,-2 (ix)
   0404 DD 66 FF      [19]  662 	ld	h,-1 (ix)
   0407 6E            [ 7]  663 	ld	l, (hl)
   0408 DD 75 F6      [19]  664 	ld	-10 (ix), l
   040B DD 36 F7 00   [19]  665 	ld	-9 (ix), #0x00
   040F D5            [11]  666 	push	de
   0410 F5            [11]  667 	push	af
   0411 33            [ 6]  668 	inc	sp
   0412 C5            [11]  669 	push	bc
   0413 DD 6E F6      [19]  670 	ld	l,-10 (ix)
   0416 DD 66 F7      [19]  671 	ld	h,-9 (ix)
   0419 E5            [11]  672 	push	hl
   041A CDr00r00      [17]  673 	call	_collision_is_on_ground_at
   041D F1            [10]  674 	pop	af
   041E F1            [10]  675 	pop	af
   041F 33            [ 6]  676 	inc	sp
   0420 D1            [10]  677 	pop	de
   0421 7D            [ 4]  678 	ld	a, l
   0422 B7            [ 4]  679 	or	a, a
   0423 28 0E         [12]  680 	jr	Z,00121$
   0425 1A            [ 7]  681 	ld	a, (de)
   0426 4F            [ 4]  682 	ld	c, a
   0427 AF            [ 4]  683 	xor	a, a
   0428 91            [ 4]  684 	sub	a, c
   0429 E2r2Er04      [10]  685 	jp	PO, 00165$
   042C EE 80         [ 7]  686 	xor	a, #0x80
   042E                     687 00165$:
   042E F2r33r04      [10]  688 	jp	P, 00121$
                            689 ;src/entities/enemy.c:107: enemy->vy = 0;
   0431 AF            [ 4]  690 	xor	a, a
   0432 12            [ 7]  691 	ld	(de), a
   0433                     692 00121$:
   0433 DD F9         [10]  693 	ld	sp, ix
   0435 DD E1         [14]  694 	pop	ix
   0437 C9            [10]  695 	ret
                            696 ;src/entities/enemy.c:111: void enemyrender(const Enemy* enemy) {
                            697 ;	---------------------------------
                            698 ; Function enemyrender
                            699 ; ---------------------------------
   0438                     700 _enemyrender::
   0438 DD E5         [15]  701 	push	ix
   043A DD 21 00 00   [14]  702 	ld	ix,#0
   043E DD 39         [15]  703 	add	ix,sp
   0440 F5            [11]  704 	push	af
                            705 ;src/entities/enemy.c:115: if (!enemy || !enemy->active) {
   0441 DD 7E 05      [19]  706 	ld	a, 5 (ix)
   0444 DD B6 04      [19]  707 	or	a,4 (ix)
   0447 CArC5r04      [10]  708 	jp	Z,00113$
   044A DD 7E 04      [19]  709 	ld	a, 4 (ix)
   044D DD 77 FE      [19]  710 	ld	-2 (ix), a
   0450 DD 7E 05      [19]  711 	ld	a, 5 (ix)
   0453 DD 77 FF      [19]  712 	ld	-1 (ix), a
   0456 E1            [10]  713 	pop	hl
   0457 E5            [11]  714 	push	hl
   0458 11 06 00      [10]  715 	ld	de, #0x0006
   045B 19            [11]  716 	add	hl, de
   045C 7E            [ 7]  717 	ld	a, (hl)
   045D B7            [ 4]  718 	or	a, a
                            719 ;src/entities/enemy.c:116: return;
   045E 28 65         [12]  720 	jr	Z,00113$
                            721 ;src/entities/enemy.c:119: if (enemy->kind == 3) colour = cpct_px2byteM0(12, 12);
   0460 E1            [10]  722 	pop	hl
   0461 E5            [11]  723 	push	hl
   0462 11 0A 00      [10]  724 	ld	de, #0x000a
   0465 19            [11]  725 	add	hl, de
   0466 7E            [ 7]  726 	ld	a, (hl)
   0467 FE 03         [ 7]  727 	cp	a, #0x03
   0469 20 0A         [12]  728 	jr	NZ,00111$
   046B 21 0C 0C      [10]  729 	ld	hl, #0x0c0c
   046E E5            [11]  730 	push	hl
   046F CDr00r00      [17]  731 	call	_cpct_px2byteM0
   0472 4D            [ 4]  732 	ld	c, l
   0473 18 23         [12]  733 	jr	00112$
   0475                     734 00111$:
                            735 ;src/entities/enemy.c:120: else if (enemy->kind == 2) colour = cpct_px2byteM0(10, 10);
   0475 FE 02         [ 7]  736 	cp	a, #0x02
   0477 20 0A         [12]  737 	jr	NZ,00108$
   0479 21 0A 0A      [10]  738 	ld	hl, #0x0a0a
   047C E5            [11]  739 	push	hl
   047D CDr00r00      [17]  740 	call	_cpct_px2byteM0
   0480 4D            [ 4]  741 	ld	c, l
   0481 18 15         [12]  742 	jr	00112$
   0483                     743 00108$:
                            744 ;src/entities/enemy.c:121: else if (enemy->kind == 1) colour = cpct_px2byteM0(14, 14);
   0483 3D            [ 4]  745 	dec	a
   0484 20 0A         [12]  746 	jr	NZ,00105$
   0486 21 0E 0E      [10]  747 	ld	hl, #0x0e0e
   0489 E5            [11]  748 	push	hl
   048A CDr00r00      [17]  749 	call	_cpct_px2byteM0
   048D 4D            [ 4]  750 	ld	c, l
   048E 18 08         [12]  751 	jr	00112$
   0490                     752 00105$:
                            753 ;src/entities/enemy.c:122: else colour = cpct_px2byteM0(4, 4);
   0490 21 04 04      [10]  754 	ld	hl, #0x0404
   0493 E5            [11]  755 	push	hl
   0494 CDr00r00      [17]  756 	call	_cpct_px2byteM0
   0497 4D            [ 4]  757 	ld	c, l
   0498                     758 00112$:
                            759 ;src/entities/enemy.c:124: pvmem = cpct_getScreenPtr(CPCT_VMEM_START, enemy->x, enemy->y);
   0498 E1            [10]  760 	pop	hl
   0499 E5            [11]  761 	push	hl
   049A 23            [ 6]  762 	inc	hl
   049B 46            [ 7]  763 	ld	b, (hl)
   049C E1            [10]  764 	pop	hl
   049D E5            [11]  765 	push	hl
   049E 56            [ 7]  766 	ld	d, (hl)
   049F C5            [11]  767 	push	bc
   04A0 4A            [ 4]  768 	ld	c, d
   04A1 C5            [11]  769 	push	bc
   04A2 21 00 C0      [10]  770 	ld	hl, #0xc000
   04A5 E5            [11]  771 	push	hl
   04A6 CDr00r00      [17]  772 	call	_cpct_getScreenPtr
   04A9 EB            [ 4]  773 	ex	de,hl
   04AA C1            [10]  774 	pop	bc
                            775 ;src/entities/enemy.c:125: cpct_drawSolidBox(pvmem, colour, enemy->w, enemy->h);
   04AB E1            [10]  776 	pop	hl
   04AC E5            [11]  777 	push	hl
   04AD 23            [ 6]  778 	inc	hl
   04AE 23            [ 6]  779 	inc	hl
   04AF 23            [ 6]  780 	inc	hl
   04B0 23            [ 6]  781 	inc	hl
   04B1 23            [ 6]  782 	inc	hl
   04B2 46            [ 7]  783 	ld	b, (hl)
   04B3 E1            [10]  784 	pop	hl
   04B4 E5            [11]  785 	push	hl
   04B5 23            [ 6]  786 	inc	hl
   04B6 23            [ 6]  787 	inc	hl
   04B7 23            [ 6]  788 	inc	hl
   04B8 23            [ 6]  789 	inc	hl
   04B9 7E            [ 7]  790 	ld	a, (hl)
   04BA C5            [11]  791 	push	bc
   04BB 33            [ 6]  792 	inc	sp
   04BC 47            [ 4]  793 	ld	b, a
   04BD C5            [11]  794 	push	bc
   04BE D5            [11]  795 	push	de
   04BF CDr00r00      [17]  796 	call	_cpct_drawSolidBox
   04C2 F1            [10]  797 	pop	af
   04C3 F1            [10]  798 	pop	af
   04C4 33            [ 6]  799 	inc	sp
   04C5                     800 00113$:
   04C5 DD F9         [10]  801 	ld	sp, ix
   04C7 DD E1         [14]  802 	pop	ix
   04C9 C9            [10]  803 	ret
                            804 ;src/entities/enemy.c:128: u8 enemydamage(Enemy* enemy, u8 damage) {
                            805 ;	---------------------------------
                            806 ; Function enemydamage
                            807 ; ---------------------------------
   04CA                     808 _enemydamage::
   04CA DD E5         [15]  809 	push	ix
   04CC DD 21 00 00   [14]  810 	ld	ix,#0
   04D0 DD 39         [15]  811 	add	ix,sp
                            812 ;src/entities/enemy.c:129: if (!enemy || !enemy->active) {
   04D2 DD 7E 05      [19]  813 	ld	a, 5 (ix)
   04D5 DD B6 04      [19]  814 	or	a,4 (ix)
   04D8 28 0F         [12]  815 	jr	Z,00101$
   04DA DD 4E 04      [19]  816 	ld	c,4 (ix)
   04DD DD 46 05      [19]  817 	ld	b,5 (ix)
   04E0 21 06 00      [10]  818 	ld	hl, #0x0006
   04E3 09            [11]  819 	add	hl,bc
   04E4 EB            [ 4]  820 	ex	de,hl
   04E5 1A            [ 7]  821 	ld	a, (de)
   04E6 B7            [ 4]  822 	or	a, a
   04E7 20 04         [12]  823 	jr	NZ,00102$
   04E9                     824 00101$:
                            825 ;src/entities/enemy.c:130: return 0;
   04E9 2E 00         [ 7]  826 	ld	l, #0x00
   04EB 18 1A         [12]  827 	jr	00106$
   04ED                     828 00102$:
                            829 ;src/entities/enemy.c:133: if (damage >= enemy->health) {
   04ED 21 07 00      [10]  830 	ld	hl, #0x0007
   04F0 09            [11]  831 	add	hl, bc
   04F1 4E            [ 7]  832 	ld	c, (hl)
   04F2 DD 7E 06      [19]  833 	ld	a, 6 (ix)
   04F5 91            [ 4]  834 	sub	a, c
   04F6 38 08         [12]  835 	jr	C,00105$
                            836 ;src/entities/enemy.c:134: enemy->health = 0;
   04F8 36 00         [10]  837 	ld	(hl), #0x00
                            838 ;src/entities/enemy.c:135: enemy->active = 0;
   04FA AF            [ 4]  839 	xor	a, a
   04FB 12            [ 7]  840 	ld	(de), a
                            841 ;src/entities/enemy.c:136: return 1;
   04FC 2E 01         [ 7]  842 	ld	l, #0x01
   04FE 18 07         [12]  843 	jr	00106$
   0500                     844 00105$:
                            845 ;src/entities/enemy.c:139: enemy->health = (u8)(enemy->health - damage);
   0500 79            [ 4]  846 	ld	a, c
   0501 DD 96 06      [19]  847 	sub	a, 6 (ix)
   0504 77            [ 7]  848 	ld	(hl), a
                            849 ;src/entities/enemy.c:140: return 0;
   0505 2E 00         [ 7]  850 	ld	l, #0x00
   0507                     851 00106$:
   0507 DD E1         [14]  852 	pop	ix
   0509 C9            [10]  853 	ret
                            854 	.area _CODE
                            855 	.area _INITIALIZER
                            856 	.area _CABS (ABS)
