                              1 ;--------------------------------------------------------
                              2 ; File Created by SDCC : free open source ANSI-C Compiler
                              3 ; Version 3.6.8 #9946 (Mac OS X ppc)
                              4 ;--------------------------------------------------------
                              5 	.module projectile
                              6 	.optsdcc -mz80
                              7 	
                              8 ;--------------------------------------------------------
                              9 ; Public variables in this module
                             10 ;--------------------------------------------------------
                             11 	.globl _cpct_getScreenPtr
                             12 	.globl _cpct_drawSolidBox
                             13 	.globl _cpct_px2byteM0
                             14 	.globl _projectileinit
                             15 	.globl _projectilefire
                             16 	.globl _projectileupdate
                             17 	.globl _projectilerender
                             18 ;--------------------------------------------------------
                             19 ; special function registers
                             20 ;--------------------------------------------------------
                             21 ;--------------------------------------------------------
                             22 ; ram data
                             23 ;--------------------------------------------------------
                             24 	.area _DATA
                             25 ;--------------------------------------------------------
                             26 ; ram data
                             27 ;--------------------------------------------------------
                             28 	.area _INITIALIZED
                             29 ;--------------------------------------------------------
                             30 ; absolute external ram data
                             31 ;--------------------------------------------------------
                             32 	.area _DABS (ABS)
                             33 ;--------------------------------------------------------
                             34 ; global & static initialisations
                             35 ;--------------------------------------------------------
                             36 	.area _HOME
                             37 	.area _GSINIT
                             38 	.area _GSFINAL
                             39 	.area _GSINIT
                             40 ;--------------------------------------------------------
                             41 ; Home
                             42 ;--------------------------------------------------------
                             43 	.area _HOME
                             44 	.area _HOME
                             45 ;--------------------------------------------------------
                             46 ; code
                             47 ;--------------------------------------------------------
                             48 	.area _CODE
                             49 ;src/entities/projectile.c:4: void projectileinit(Projectile* projectile) {
                             50 ;	---------------------------------
                             51 ; Function projectileinit
                             52 ; ---------------------------------
   0000                      53 _projectileinit::
                             54 ;src/entities/projectile.c:5: if (!projectile) {
   0000 21 03 00      [10]   55 	ld	hl, #2+1
   0003 39            [11]   56 	add	hl, sp
   0004 7E            [ 7]   57 	ld	a, (hl)
   0005 2B            [ 6]   58 	dec	hl
   0006 B6            [ 7]   59 	or	a,(hl)
                             60 ;src/entities/projectile.c:6: return;
   0007 C8            [11]   61 	ret	Z
                             62 ;src/entities/projectile.c:9: projectile->x = 0;
   0008 D1            [10]   63 	pop	de
   0009 C1            [10]   64 	pop	bc
   000A C5            [11]   65 	push	bc
   000B D5            [11]   66 	push	de
   000C AF            [ 4]   67 	xor	a, a
   000D 02            [ 7]   68 	ld	(bc), a
                             69 ;src/entities/projectile.c:10: projectile->y = 0;
   000E 59            [ 4]   70 	ld	e, c
   000F 50            [ 4]   71 	ld	d, b
   0010 13            [ 6]   72 	inc	de
   0011 AF            [ 4]   73 	xor	a, a
   0012 12            [ 7]   74 	ld	(de), a
                             75 ;src/entities/projectile.c:11: projectile->vx = 0;
   0013 59            [ 4]   76 	ld	e, c
   0014 50            [ 4]   77 	ld	d, b
   0015 13            [ 6]   78 	inc	de
   0016 13            [ 6]   79 	inc	de
   0017 AF            [ 4]   80 	xor	a, a
   0018 12            [ 7]   81 	ld	(de), a
                             82 ;src/entities/projectile.c:12: projectile->vy = 0;
   0019 59            [ 4]   83 	ld	e, c
   001A 50            [ 4]   84 	ld	d, b
   001B 13            [ 6]   85 	inc	de
   001C 13            [ 6]   86 	inc	de
   001D 13            [ 6]   87 	inc	de
   001E AF            [ 4]   88 	xor	a, a
   001F 12            [ 7]   89 	ld	(de), a
                             90 ;src/entities/projectile.c:13: projectile->w = 2;
   0020 21 04 00      [10]   91 	ld	hl, #0x0004
   0023 09            [11]   92 	add	hl, bc
   0024 36 02         [10]   93 	ld	(hl), #0x02
                             94 ;src/entities/projectile.c:14: projectile->h = 2;
   0026 21 05 00      [10]   95 	ld	hl, #0x0005
   0029 09            [11]   96 	add	hl, bc
   002A 36 02         [10]   97 	ld	(hl), #0x02
                             98 ;src/entities/projectile.c:15: projectile->active = 0;
   002C 21 06 00      [10]   99 	ld	hl, #0x0006
   002F 09            [11]  100 	add	hl, bc
   0030 36 00         [10]  101 	ld	(hl), #0x00
                            102 ;src/entities/projectile.c:16: projectile->damage = 1;
   0032 21 07 00      [10]  103 	ld	hl, #0x0007
   0035 09            [11]  104 	add	hl, bc
   0036 36 01         [10]  105 	ld	(hl), #0x01
                            106 ;src/entities/projectile.c:17: projectile->lifetime = 0;
   0038 21 08 00      [10]  107 	ld	hl, #0x0008
   003B 09            [11]  108 	add	hl, bc
   003C 36 00         [10]  109 	ld	(hl), #0x00
                            110 ;src/entities/projectile.c:18: projectile->weapon = 0;
   003E 21 09 00      [10]  111 	ld	hl, #0x0009
   0041 09            [11]  112 	add	hl, bc
   0042 36 00         [10]  113 	ld	(hl), #0x00
   0044 C9            [10]  114 	ret
                            115 ;src/entities/projectile.c:21: void projectilefire(Projectile* projectile, u8 x, u8 y, i8 dir, u8 weapon) {
                            116 ;	---------------------------------
                            117 ; Function projectilefire
                            118 ; ---------------------------------
   0045                     119 _projectilefire::
   0045 DD E5         [15]  120 	push	ix
   0047 DD 21 00 00   [14]  121 	ld	ix,#0
   004B DD 39         [15]  122 	add	ix,sp
   004D F5            [11]  123 	push	af
   004E F5            [11]  124 	push	af
                            125 ;src/entities/projectile.c:22: if (!projectile) {
   004F DD 7E 05      [19]  126 	ld	a, 5 (ix)
   0052 DD B6 04      [19]  127 	or	a,4 (ix)
                            128 ;src/entities/projectile.c:23: return;
   0055 CArFEr00      [10]  129 	jp	Z,00109$
                            130 ;src/entities/projectile.c:26: projectile->x = x;
   0058 DD 4E 04      [19]  131 	ld	c,4 (ix)
   005B DD 46 05      [19]  132 	ld	b,5 (ix)
   005E DD 7E 06      [19]  133 	ld	a, 6 (ix)
   0061 02            [ 7]  134 	ld	(bc), a
                            135 ;src/entities/projectile.c:27: projectile->y = y;
   0062 59            [ 4]  136 	ld	e, c
   0063 50            [ 4]  137 	ld	d, b
   0064 13            [ 6]  138 	inc	de
   0065 DD 7E 07      [19]  139 	ld	a, 7 (ix)
   0068 12            [ 7]  140 	ld	(de), a
                            141 ;src/entities/projectile.c:28: projectile->vx = dir;
   0069 21 02 00      [10]  142 	ld	hl, #0x0002
   006C 09            [11]  143 	add	hl,bc
   006D E3            [19]  144 	ex	(sp), hl
   006E E1            [10]  145 	pop	hl
   006F E5            [11]  146 	push	hl
   0070 DD 7E 08      [19]  147 	ld	a, 8 (ix)
   0073 77            [ 7]  148 	ld	(hl), a
                            149 ;src/entities/projectile.c:29: projectile->vy = 0;
   0074 59            [ 4]  150 	ld	e, c
   0075 50            [ 4]  151 	ld	d, b
   0076 13            [ 6]  152 	inc	de
   0077 13            [ 6]  153 	inc	de
   0078 13            [ 6]  154 	inc	de
   0079 AF            [ 4]  155 	xor	a, a
   007A 12            [ 7]  156 	ld	(de), a
                            157 ;src/entities/projectile.c:30: projectile->weapon = weapon;
   007B 21 09 00      [10]  158 	ld	hl, #0x0009
   007E 09            [11]  159 	add	hl, bc
   007F DD 7E 09      [19]  160 	ld	a, 9 (ix)
   0082 77            [ 7]  161 	ld	(hl), a
                            162 ;src/entities/projectile.c:31: projectile->active = 1;
   0083 21 06 00      [10]  163 	ld	hl, #0x0006
   0086 09            [11]  164 	add	hl, bc
   0087 36 01         [10]  165 	ld	(hl), #0x01
                            166 ;src/entities/projectile.c:34: projectile->w = 3;
   0089 21 04 00      [10]  167 	ld	hl, #0x0004
   008C 09            [11]  168 	add	hl, bc
                            169 ;src/entities/projectile.c:35: projectile->h = 2;
   008D 79            [ 4]  170 	ld	a, c
   008E C6 05         [ 7]  171 	add	a, #0x05
   0090 5F            [ 4]  172 	ld	e, a
   0091 78            [ 4]  173 	ld	a, b
   0092 CE 00         [ 7]  174 	adc	a, #0x00
   0094 57            [ 4]  175 	ld	d, a
                            176 ;src/entities/projectile.c:36: projectile->damage = 1;
   0095 79            [ 4]  177 	ld	a, c
   0096 C6 07         [ 7]  178 	add	a, #0x07
   0098 DD 77 FE      [19]  179 	ld	-2 (ix), a
   009B 78            [ 4]  180 	ld	a, b
   009C CE 00         [ 7]  181 	adc	a, #0x00
   009E DD 77 FF      [19]  182 	ld	-1 (ix), a
                            183 ;src/entities/projectile.c:37: projectile->lifetime = 45;
   00A1 79            [ 4]  184 	ld	a, c
   00A2 C6 08         [ 7]  185 	add	a, #0x08
   00A4 4F            [ 4]  186 	ld	c, a
   00A5 78            [ 4]  187 	ld	a, b
   00A6 CE 00         [ 7]  188 	adc	a, #0x00
   00A8 47            [ 4]  189 	ld	b, a
                            190 ;src/entities/projectile.c:33: if (weapon == 0) {
   00A9 DD 7E 09      [19]  191 	ld	a, 9 (ix)
   00AC B7            [ 4]  192 	or	a, a
   00AD 20 12         [12]  193 	jr	NZ,00107$
                            194 ;src/entities/projectile.c:34: projectile->w = 3;
   00AF 36 03         [10]  195 	ld	(hl), #0x03
                            196 ;src/entities/projectile.c:35: projectile->h = 2;
   00B1 3E 02         [ 7]  197 	ld	a, #0x02
   00B3 12            [ 7]  198 	ld	(de), a
                            199 ;src/entities/projectile.c:36: projectile->damage = 1;
   00B4 DD 6E FE      [19]  200 	ld	l,-2 (ix)
   00B7 DD 66 FF      [19]  201 	ld	h,-1 (ix)
   00BA 36 01         [10]  202 	ld	(hl), #0x01
                            203 ;src/entities/projectile.c:37: projectile->lifetime = 45;
   00BC 3E 2D         [ 7]  204 	ld	a, #0x2d
   00BE 02            [ 7]  205 	ld	(bc), a
   00BF 18 3D         [12]  206 	jr	00109$
   00C1                     207 00107$:
                            208 ;src/entities/projectile.c:38: } else if (weapon == 1) {
   00C1 DD 7E 09      [19]  209 	ld	a, 9 (ix)
   00C4 3D            [ 4]  210 	dec	a
   00C5 20 12         [12]  211 	jr	NZ,00104$
                            212 ;src/entities/projectile.c:39: projectile->w = 2;
   00C7 36 02         [10]  213 	ld	(hl), #0x02
                            214 ;src/entities/projectile.c:40: projectile->h = 3;
   00C9 3E 03         [ 7]  215 	ld	a, #0x03
   00CB 12            [ 7]  216 	ld	(de), a
                            217 ;src/entities/projectile.c:41: projectile->damage = 2;
   00CC DD 6E FE      [19]  218 	ld	l,-2 (ix)
   00CF DD 66 FF      [19]  219 	ld	h,-1 (ix)
   00D2 36 02         [10]  220 	ld	(hl), #0x02
                            221 ;src/entities/projectile.c:42: projectile->lifetime = 28;
   00D4 3E 1C         [ 7]  222 	ld	a, #0x1c
   00D6 02            [ 7]  223 	ld	(bc), a
   00D7 18 25         [12]  224 	jr	00109$
   00D9                     225 00104$:
                            226 ;src/entities/projectile.c:44: projectile->w = 4;
   00D9 36 04         [10]  227 	ld	(hl), #0x04
                            228 ;src/entities/projectile.c:45: projectile->h = 3;
   00DB 3E 03         [ 7]  229 	ld	a, #0x03
   00DD 12            [ 7]  230 	ld	(de), a
                            231 ;src/entities/projectile.c:46: projectile->damage = 3;
   00DE DD 6E FE      [19]  232 	ld	l,-2 (ix)
   00E1 DD 66 FF      [19]  233 	ld	h,-1 (ix)
   00E4 36 03         [10]  234 	ld	(hl), #0x03
                            235 ;src/entities/projectile.c:47: projectile->lifetime = 56;
   00E6 3E 38         [ 7]  236 	ld	a, #0x38
   00E8 02            [ 7]  237 	ld	(bc), a
                            238 ;src/entities/projectile.c:48: projectile->vx = (i8)(dir > 0 ? 4 : -4);
   00E9 C1            [10]  239 	pop	bc
   00EA C5            [11]  240 	push	bc
   00EB AF            [ 4]  241 	xor	a, a
   00EC DD 96 08      [19]  242 	sub	a, 8 (ix)
   00EF E2rF4r00      [10]  243 	jp	PO, 00131$
   00F2 EE 80         [ 7]  244 	xor	a, #0x80
   00F4                     245 00131$:
   00F4 F2rFBr00      [10]  246 	jp	P, 00111$
   00F7 3E 04         [ 7]  247 	ld	a, #0x04
   00F9 18 02         [12]  248 	jr	00112$
   00FB                     249 00111$:
   00FB 3E FC         [ 7]  250 	ld	a, #0xfc
   00FD                     251 00112$:
   00FD 02            [ 7]  252 	ld	(bc), a
   00FE                     253 00109$:
   00FE DD F9         [10]  254 	ld	sp, ix
   0100 DD E1         [14]  255 	pop	ix
   0102 C9            [10]  256 	ret
                            257 ;src/entities/projectile.c:52: void projectileupdate(Projectile* projectile) {
                            258 ;	---------------------------------
                            259 ; Function projectileupdate
                            260 ; ---------------------------------
   0103                     261 _projectileupdate::
   0103 DD E5         [15]  262 	push	ix
   0105 DD 21 00 00   [14]  263 	ld	ix,#0
   0109 DD 39         [15]  264 	add	ix,sp
   010B 3B            [ 6]  265 	dec	sp
                            266 ;src/entities/projectile.c:53: if (!projectile || !projectile->active) {
   010C DD 7E 05      [19]  267 	ld	a, 5 (ix)
   010F DD B6 04      [19]  268 	or	a,4 (ix)
   0112 28 4A         [12]  269 	jr	Z,00109$
   0114 DD 5E 04      [19]  270 	ld	e,4 (ix)
   0117 DD 56 05      [19]  271 	ld	d,5 (ix)
   011A FD 21 06 00   [14]  272 	ld	iy, #0x0006
   011E FD 19         [15]  273 	add	iy, de
   0120 FD 7E 00      [19]  274 	ld	a, 0 (iy)
   0123 B7            [ 4]  275 	or	a, a
                            276 ;src/entities/projectile.c:54: return;
   0124 28 38         [12]  277 	jr	Z,00109$
                            278 ;src/entities/projectile.c:57: projectile->x = (u8)(projectile->x + projectile->vx);
   0126 1A            [ 7]  279 	ld	a, (de)
   0127 4F            [ 4]  280 	ld	c, a
   0128 6B            [ 4]  281 	ld	l, e
   0129 62            [ 4]  282 	ld	h, d
   012A 23            [ 6]  283 	inc	hl
   012B 23            [ 6]  284 	inc	hl
   012C 6E            [ 7]  285 	ld	l, (hl)
   012D 09            [11]  286 	add	hl, bc
   012E 7D            [ 4]  287 	ld	a, l
   012F 12            [ 7]  288 	ld	(de), a
                            289 ;src/entities/projectile.c:58: projectile->y = (u8)(projectile->y + projectile->vy);
   0130 4B            [ 4]  290 	ld	c, e
   0131 42            [ 4]  291 	ld	b, d
   0132 03            [ 6]  292 	inc	bc
   0133 0A            [ 7]  293 	ld	a, (bc)
   0134 DD 77 FF      [19]  294 	ld	-1 (ix), a
   0137 6B            [ 4]  295 	ld	l, e
   0138 62            [ 4]  296 	ld	h, d
   0139 23            [ 6]  297 	inc	hl
   013A 23            [ 6]  298 	inc	hl
   013B 23            [ 6]  299 	inc	hl
   013C 6E            [ 7]  300 	ld	l, (hl)
   013D DD 7E FF      [19]  301 	ld	a, -1 (ix)
   0140 85            [ 4]  302 	add	a, l
   0141 02            [ 7]  303 	ld	(bc), a
                            304 ;src/entities/projectile.c:60: if (projectile->lifetime) {
   0142 21 08 00      [10]  305 	ld	hl, #0x0008
   0145 19            [11]  306 	add	hl,de
   0146 4D            [ 4]  307 	ld	c, l
   0147 44            [ 4]  308 	ld	b, h
   0148 0A            [ 7]  309 	ld	a, (bc)
   0149 B7            [ 4]  310 	or	a, a
   014A 28 03         [12]  311 	jr	Z,00105$
                            312 ;src/entities/projectile.c:61: projectile->lifetime--;
   014C C6 FF         [ 7]  313 	add	a, #0xff
   014E 02            [ 7]  314 	ld	(bc), a
   014F                     315 00105$:
                            316 ;src/entities/projectile.c:64: if (projectile->x > 78 || projectile->lifetime == 0) {
   014F 1A            [ 7]  317 	ld	a, (de)
   0150 5F            [ 4]  318 	ld	e, a
   0151 3E 4E         [ 7]  319 	ld	a, #0x4e
   0153 93            [ 4]  320 	sub	a, e
   0154 38 04         [12]  321 	jr	C,00106$
   0156 0A            [ 7]  322 	ld	a, (bc)
   0157 B7            [ 4]  323 	or	a, a
   0158 20 04         [12]  324 	jr	NZ,00109$
   015A                     325 00106$:
                            326 ;src/entities/projectile.c:65: projectile->active = 0;
   015A FD 36 00 00   [19]  327 	ld	0 (iy), #0x00
   015E                     328 00109$:
   015E 33            [ 6]  329 	inc	sp
   015F DD E1         [14]  330 	pop	ix
   0161 C9            [10]  331 	ret
                            332 ;src/entities/projectile.c:69: void projectilerender(const Projectile* projectile) {
                            333 ;	---------------------------------
                            334 ; Function projectilerender
                            335 ; ---------------------------------
   0162                     336 _projectilerender::
   0162 DD E5         [15]  337 	push	ix
   0164 DD 21 00 00   [14]  338 	ld	ix,#0
   0168 DD 39         [15]  339 	add	ix,sp
   016A F5            [11]  340 	push	af
                            341 ;src/entities/projectile.c:72: if (!projectile || !projectile->active) {
   016B DD 7E 05      [19]  342 	ld	a, 5 (ix)
   016E DD B6 04      [19]  343 	or	a,4 (ix)
   0171 28 72         [12]  344 	jr	Z,00104$
   0173 DD 5E 04      [19]  345 	ld	e,4 (ix)
   0176 DD 56 05      [19]  346 	ld	d,5 (ix)
   0179 D5            [11]  347 	push	de
   017A FD E1         [14]  348 	pop	iy
   017C FD 7E 06      [19]  349 	ld	a, 6 (iy)
   017F B7            [ 4]  350 	or	a, a
                            351 ;src/entities/projectile.c:73: return;
   0180 28 63         [12]  352 	jr	Z,00104$
                            353 ;src/entities/projectile.c:76: pvmem = cpct_getScreenPtr(CPCT_VMEM_START, projectile->x, projectile->y);
   0182 6B            [ 4]  354 	ld	l, e
   0183 62            [ 4]  355 	ld	h, d
   0184 23            [ 6]  356 	inc	hl
   0185 46            [ 7]  357 	ld	b, (hl)
   0186 1A            [ 7]  358 	ld	a, (de)
   0187 D5            [11]  359 	push	de
   0188 C5            [11]  360 	push	bc
   0189 33            [ 6]  361 	inc	sp
   018A F5            [11]  362 	push	af
   018B 33            [ 6]  363 	inc	sp
   018C 21 00 C0      [10]  364 	ld	hl, #0xc000
   018F E5            [11]  365 	push	hl
   0190 CDr00r00      [17]  366 	call	_cpct_getScreenPtr
   0193 4D            [ 4]  367 	ld	c, l
   0194 44            [ 4]  368 	ld	b, h
   0195 D1            [10]  369 	pop	de
                            370 ;src/entities/projectile.c:77: cpct_drawSolidBox(pvmem, projectile->weapon == 0 ? cpct_px2byteM0(15, 15) : (projectile->weapon == 1 ? cpct_px2byteM0(11, 11) : cpct_px2byteM0(5, 5)), projectile->w, projectile->h);
   0196 D5            [11]  371 	push	de
   0197 FD E1         [14]  372 	pop	iy
   0199 FD 7E 05      [19]  373 	ld	a, 5 (iy)
   019C DD 77 FF      [19]  374 	ld	-1 (ix), a
   019F D5            [11]  375 	push	de
   01A0 FD E1         [14]  376 	pop	iy
   01A2 FD 7E 04      [19]  377 	ld	a, 4 (iy)
   01A5 DD 77 FE      [19]  378 	ld	-2 (ix), a
   01A8 EB            [ 4]  379 	ex	de,hl
   01A9 11 09 00      [10]  380 	ld	de, #0x0009
   01AC 19            [11]  381 	add	hl, de
   01AD 7E            [ 7]  382 	ld	a, (hl)
   01AE B7            [ 4]  383 	or	a, a
   01AF 20 0C         [12]  384 	jr	NZ,00106$
   01B1 C5            [11]  385 	push	bc
   01B2 21 0F 0F      [10]  386 	ld	hl, #0x0f0f
   01B5 E5            [11]  387 	push	hl
   01B6 CDr00r00      [17]  388 	call	_cpct_px2byteM0
   01B9 55            [ 4]  389 	ld	d, l
   01BA C1            [10]  390 	pop	bc
   01BB 18 18         [12]  391 	jr	00107$
   01BD                     392 00106$:
   01BD 3D            [ 4]  393 	dec	a
   01BE 20 0B         [12]  394 	jr	NZ,00108$
   01C0 C5            [11]  395 	push	bc
   01C1 21 0B 0B      [10]  396 	ld	hl, #0x0b0b
   01C4 E5            [11]  397 	push	hl
   01C5 CDr00r00      [17]  398 	call	_cpct_px2byteM0
   01C8 C1            [10]  399 	pop	bc
   01C9 18 09         [12]  400 	jr	00109$
   01CB                     401 00108$:
   01CB C5            [11]  402 	push	bc
   01CC 21 05 05      [10]  403 	ld	hl, #0x0505
   01CF E5            [11]  404 	push	hl
   01D0 CDr00r00      [17]  405 	call	_cpct_px2byteM0
   01D3 C1            [10]  406 	pop	bc
   01D4                     407 00109$:
   01D4 55            [ 4]  408 	ld	d, l
   01D5                     409 00107$:
   01D5 DD 66 FF      [19]  410 	ld	h, -1 (ix)
   01D8 DD 6E FE      [19]  411 	ld	l, -2 (ix)
   01DB E5            [11]  412 	push	hl
   01DC D5            [11]  413 	push	de
   01DD 33            [ 6]  414 	inc	sp
   01DE C5            [11]  415 	push	bc
   01DF CDr00r00      [17]  416 	call	_cpct_drawSolidBox
   01E2 F1            [10]  417 	pop	af
   01E3 F1            [10]  418 	pop	af
   01E4 33            [ 6]  419 	inc	sp
   01E5                     420 00104$:
   01E5 DD F9         [10]  421 	ld	sp, ix
   01E7 DD E1         [14]  422 	pop	ix
   01E9 C9            [10]  423 	ret
                            424 	.area _CODE
                            425 	.area _INITIALIZER
                            426 	.area _CABS (ABS)
