                              1 ;--------------------------------------------------------
                              2 ; File Created by SDCC : free open source ANSI-C Compiler
                              3 ; Version 3.6.8 #9946 (Mac OS X ppc)
                              4 ;--------------------------------------------------------
                              5 	.module scene_game
                              6 	.optsdcc -mz80
                              7 	
                              8 ;--------------------------------------------------------
                              9 ; Public variables in this module
                             10 ;--------------------------------------------------------
                             11 	.globl _player_render
                             12 	.globl _player_update
                             13 	.globl _player_init
                             14 	.globl _input_update
                             15 	.globl _game_init
                             16 	.globl _game_update
                             17 	.globl _game_render
                             18 ;--------------------------------------------------------
                             19 ; special function registers
                             20 ;--------------------------------------------------------
                             21 ;--------------------------------------------------------
                             22 ; ram data
                             23 ;--------------------------------------------------------
                             24 	.area _DATA
                             25 ;--------------------------------------------------------
                             26 ; ram data
                             27 ;--------------------------------------------------------
                             28 	.area _INITIALIZED
                             29 ;--------------------------------------------------------
                             30 ; absolute external ram data
                             31 ;--------------------------------------------------------
                             32 	.area _DABS (ABS)
                             33 ;--------------------------------------------------------
                             34 ; global & static initialisations
                             35 ;--------------------------------------------------------
                             36 	.area _HOME
                             37 	.area _GSINIT
                             38 	.area _GSFINAL
                             39 	.area _GSINIT
                             40 ;--------------------------------------------------------
                             41 ; Home
                             42 ;--------------------------------------------------------
                             43 	.area _HOME
                             44 	.area _HOME
                             45 ;--------------------------------------------------------
                             46 ; code
                             47 ;--------------------------------------------------------
                             48 	.area _CODE
                             49 ;src/scene_game.c:83: void game_init(void) {
                             50 ;	---------------------------------
                             51 ; Function game_init
                             52 ; ---------------------------------
   0000                      53 _game_init::
                             54 ;src/scene_game.c:84: player_init();
   0000 C3r00r00      [10]   55 	jp  _player_init
                             56 ;src/scene_game.c:87: void game_update(void) {
                             57 ;	---------------------------------
                             58 ; Function game_update
                             59 ; ---------------------------------
   0003                      60 _game_update::
                             61 ;src/scene_game.c:88: input_update();
   0003 CDr00r00      [17]   62 	call	_input_update
                             63 ;src/scene_game.c:89: player_update();
   0006 C3r00r00      [10]   64 	jp  _player_update
                             65 ;src/scene_game.c:92: void game_render(void) {
                             66 ;	---------------------------------
                             67 ; Function game_render
                             68 ; ---------------------------------
   0009                      69 _game_render::
                             70 ;src/scene_game.c:93: player_render();
   0009 C3r00r00      [10]   71 	jp  _player_render
                             72 	.area _CODE
                             73 	.area _INITIALIZER
                             74 	.area _CABS (ABS)
