                              1 ;--------------------------------------------------------
                              2 ; File Created by SDCC : free open source ANSI-C Compiler
                              3 ; Version 3.6.8 #9946 (Mac OS X ppc)
                              4 ;--------------------------------------------------------
                              5 	.module numeros
                              6 	.optsdcc -mz80
                              7 	
                              8 ;--------------------------------------------------------
                              9 ; Public variables in this module
                             10 ;--------------------------------------------------------
                             11 	.globl _hud_numeros_data
                             12 ;--------------------------------------------------------
                             13 ; special function registers
                             14 ;--------------------------------------------------------
                             15 ;--------------------------------------------------------
                             16 ; ram data
                             17 ;--------------------------------------------------------
                             18 	.area _DATA
                             19 ;--------------------------------------------------------
                             20 ; ram data
                             21 ;--------------------------------------------------------
                             22 	.area _INITIALIZED
                             23 ;--------------------------------------------------------
                             24 ; absolute external ram data
                             25 ;--------------------------------------------------------
                             26 	.area _DABS (ABS)
                             27 ;--------------------------------------------------------
                             28 ; global & static initialisations
                             29 ;--------------------------------------------------------
                             30 	.area _HOME
                             31 	.area _GSINIT
                             32 	.area _GSFINAL
                             33 	.area _GSINIT
                             34 ;--------------------------------------------------------
                             35 ; Home
                             36 ;--------------------------------------------------------
                             37 	.area _HOME
                             38 	.area _HOME
                             39 ;--------------------------------------------------------
                             40 ; code
                             41 ;--------------------------------------------------------
                             42 	.area _CODE
                             43 	.area _CODE
   0000                      44 _hud_numeros_data:
   0000 55                   45 	.db #0x55	; 85	'U'
   0001 FF                   46 	.db #0xff	; 255
   0002 FF                   47 	.db #0xff	; 255
   0003 AA                   48 	.db #0xaa	; 170
   0004 AA                   49 	.db #0xaa	; 170
   0005 00                   50 	.db #0x00	; 0
   0006 00                   51 	.db #0x00	; 0
   0007 55                   52 	.db #0x55	; 85	'U'
   0008 AA                   53 	.db #0xaa	; 170
   0009 00                   54 	.db #0x00	; 0
   000A 00                   55 	.db #0x00	; 0
   000B 55                   56 	.db #0x55	; 85	'U'
   000C 55                   57 	.db #0x55	; 85	'U'
   000D FF                   58 	.db #0xff	; 255
   000E FF                   59 	.db #0xff	; 255
   000F AA                   60 	.db #0xaa	; 170
   0010 AA                   61 	.db #0xaa	; 170
   0011 00                   62 	.db #0x00	; 0
   0012 00                   63 	.db #0x00	; 0
   0013 55                   64 	.db #0x55	; 85	'U'
   0014 AA                   65 	.db #0xaa	; 170
   0015 00                   66 	.db #0x00	; 0
   0016 00                   67 	.db #0x00	; 0
   0017 55                   68 	.db #0x55	; 85	'U'
   0018 AA                   69 	.db #0xaa	; 170
   0019 00                   70 	.db #0x00	; 0
   001A 00                   71 	.db #0x00	; 0
   001B 55                   72 	.db #0x55	; 85	'U'
   001C 55                   73 	.db #0x55	; 85	'U'
   001D FF                   74 	.db #0xff	; 255
   001E FF                   75 	.db #0xff	; 255
   001F AA                   76 	.db #0xaa	; 170
                             77 	.area _INITIALIZER
                             78 	.area _CABS (ABS)
