                              1 ;--------------------------------------------------------
                              2 ; File Created by SDCC : free open source ANSI-C Compiler
                              3 ; Version 3.6.8 #9946 (Mac OS X ppc)
                              4 ;--------------------------------------------------------
                              5 	.module enemysprites
                              6 	.optsdcc -mz80
                              7 	
                              8 ;--------------------------------------------------------
                              9 ; Public variables in this module
                             10 ;--------------------------------------------------------
                             11 	.globl _enemy_sprite_mask
                             12 	.globl _skeleton_walk
                             13 	.globl _imp_fly
                             14 	.globl _zombie_walk
                             15 ;--------------------------------------------------------
                             16 ; special function registers
                             17 ;--------------------------------------------------------
                             18 ;--------------------------------------------------------
                             19 ; ram data
                             20 ;--------------------------------------------------------
                             21 	.area _DATA
                             22 ;--------------------------------------------------------
                             23 ; ram data
                             24 ;--------------------------------------------------------
                             25 	.area _INITIALIZED
                             26 ;--------------------------------------------------------
                             27 ; absolute external ram data
                             28 ;--------------------------------------------------------
                             29 	.area _DABS (ABS)
                             30 ;--------------------------------------------------------
                             31 ; global & static initialisations
                             32 ;--------------------------------------------------------
                             33 	.area _HOME
                             34 	.area _GSINIT
                             35 	.area _GSFINAL
                             36 	.area _GSINIT
                             37 ;--------------------------------------------------------
                             38 ; Home
                             39 ;--------------------------------------------------------
                             40 	.area _HOME
                             41 	.area _HOME
                             42 ;--------------------------------------------------------
                             43 ; code
                             44 ;--------------------------------------------------------
                             45 	.area _CODE
                             46 	.area _CODE
   0000                      47 _zombie_walk:
   0000 00                   48 	.db #0x00	; 0
   0001 00                   49 	.db #0x00	; 0
   0002 00                   50 	.db #0x00	; 0
   0003 00                   51 	.db #0x00	; 0
   0004 00                   52 	.db #0x00	; 0
   0005 00                   53 	.db #0x00	; 0
   0006 00                   54 	.db #0x00	; 0
   0007 00                   55 	.db #0x00	; 0
   0008 0F                   56 	.db #0x0f	; 15
   0009 F0                   57 	.db #0xf0	; 240
   000A 00                   58 	.db #0x00	; 0
   000B 00                   59 	.db #0x00	; 0
   000C 00                   60 	.db #0x00	; 0
   000D 00                   61 	.db #0x00	; 0
   000E 3F                   62 	.db #0x3f	; 63
   000F FC                   63 	.db #0xfc	; 252
   0010 00                   64 	.db #0x00	; 0
   0011 00                   65 	.db #0x00	; 0
   0012 00                   66 	.db #0x00	; 0
   0013 00                   67 	.db #0x00	; 0
   0014 3F                   68 	.db #0x3f	; 63
   0015 FC                   69 	.db #0xfc	; 252
   0016 00                   70 	.db #0x00	; 0
   0017 00                   71 	.db #0x00	; 0
   0018 00                   72 	.db 0x00
   0019 00                   73 	.db 0x00
   001A 00                   74 	.db 0x00
   001B 00                   75 	.db 0x00
   001C 00                   76 	.db 0x00
   001D 00                   77 	.db 0x00
   001E 00                   78 	.db 0x00
   001F 00                   79 	.db 0x00
   0020 00                   80 	.db 0x00
   0021 00                   81 	.db 0x00
   0022 00                   82 	.db 0x00
   0023 00                   83 	.db 0x00
   0024 00                   84 	.db 0x00
   0025 00                   85 	.db 0x00
   0026 00                   86 	.db 0x00
   0027 00                   87 	.db 0x00
   0028 00                   88 	.db 0x00
   0029 00                   89 	.db 0x00
   002A 00                   90 	.db 0x00
   002B 00                   91 	.db 0x00
   002C 00                   92 	.db 0x00
   002D 00                   93 	.db 0x00
   002E 00                   94 	.db 0x00
   002F 00                   95 	.db 0x00
   0030 00                   96 	.db 0x00
   0031 00                   97 	.db 0x00
   0032 00                   98 	.db 0x00
   0033 00                   99 	.db 0x00
   0034 00                  100 	.db 0x00
   0035 00                  101 	.db 0x00
   0036 00                  102 	.db 0x00
   0037 00                  103 	.db 0x00
   0038 00                  104 	.db 0x00
   0039 00                  105 	.db 0x00
   003A 00                  106 	.db 0x00
   003B 00                  107 	.db 0x00
   003C 00                  108 	.db 0x00
   003D 00                  109 	.db 0x00
   003E 00                  110 	.db 0x00
   003F 00                  111 	.db 0x00
   0040 00                  112 	.db 0x00
   0041 00                  113 	.db 0x00
   0042 00                  114 	.db 0x00
   0043 00                  115 	.db 0x00
   0044 00                  116 	.db 0x00
   0045 00                  117 	.db 0x00
   0046 00                  118 	.db 0x00
   0047 00                  119 	.db 0x00
   0048 00                  120 	.db 0x00
   0049 00                  121 	.db 0x00
   004A 00                  122 	.db 0x00
   004B 00                  123 	.db 0x00
   004C 00                  124 	.db 0x00
   004D 00                  125 	.db 0x00
   004E 00                  126 	.db 0x00
   004F 00                  127 	.db 0x00
   0050 00                  128 	.db 0x00
   0051 00                  129 	.db 0x00
   0052 00                  130 	.db 0x00
   0053 00                  131 	.db 0x00
   0054 00                  132 	.db 0x00
   0055 00                  133 	.db 0x00
   0056 00                  134 	.db 0x00
   0057 00                  135 	.db 0x00
   0058 00                  136 	.db 0x00
   0059 00                  137 	.db 0x00
   005A 00                  138 	.db 0x00
   005B 00                  139 	.db 0x00
   005C 00                  140 	.db 0x00
   005D 00                  141 	.db 0x00
   005E 00                  142 	.db 0x00
   005F 00                  143 	.db 0x00
   0060 00                  144 	.db #0x00	; 0
   0061 00                  145 	.db #0x00	; 0
   0062 00                  146 	.db #0x00	; 0
   0063 00                  147 	.db #0x00	; 0
   0064 00                  148 	.db #0x00	; 0
   0065 00                  149 	.db #0x00	; 0
   0066 00                  150 	.db #0x00	; 0
   0067 00                  151 	.db #0x00	; 0
   0068 0F                  152 	.db #0x0f	; 15
   0069 F0                  153 	.db #0xf0	; 240
   006A 00                  154 	.db #0x00	; 0
   006B 00                  155 	.db #0x00	; 0
   006C 00                  156 	.db #0x00	; 0
   006D 00                  157 	.db #0x00	; 0
   006E 3F                  158 	.db #0x3f	; 63
   006F FC                  159 	.db #0xfc	; 252
   0070 00                  160 	.db #0x00	; 0
   0071 00                  161 	.db #0x00	; 0
   0072 00                  162 	.db #0x00	; 0
   0073 00                  163 	.db #0x00	; 0
   0074 3F                  164 	.db #0x3f	; 63
   0075 FC                  165 	.db #0xfc	; 252
   0076 00                  166 	.db #0x00	; 0
   0077 00                  167 	.db #0x00	; 0
   0078 00                  168 	.db 0x00
   0079 00                  169 	.db 0x00
   007A 00                  170 	.db 0x00
   007B 00                  171 	.db 0x00
   007C 00                  172 	.db 0x00
   007D 00                  173 	.db 0x00
   007E 00                  174 	.db 0x00
   007F 00                  175 	.db 0x00
   0080 00                  176 	.db 0x00
   0081 00                  177 	.db 0x00
   0082 00                  178 	.db 0x00
   0083 00                  179 	.db 0x00
   0084 00                  180 	.db 0x00
   0085 00                  181 	.db 0x00
   0086 00                  182 	.db 0x00
   0087 00                  183 	.db 0x00
   0088 00                  184 	.db 0x00
   0089 00                  185 	.db 0x00
   008A 00                  186 	.db 0x00
   008B 00                  187 	.db 0x00
   008C 00                  188 	.db 0x00
   008D 00                  189 	.db 0x00
   008E 00                  190 	.db 0x00
   008F 00                  191 	.db 0x00
   0090 00                  192 	.db 0x00
   0091 00                  193 	.db 0x00
   0092 00                  194 	.db 0x00
   0093 00                  195 	.db 0x00
   0094 00                  196 	.db 0x00
   0095 00                  197 	.db 0x00
   0096 00                  198 	.db 0x00
   0097 00                  199 	.db 0x00
   0098 00                  200 	.db 0x00
   0099 00                  201 	.db 0x00
   009A 00                  202 	.db 0x00
   009B 00                  203 	.db 0x00
   009C 00                  204 	.db 0x00
   009D 00                  205 	.db 0x00
   009E 00                  206 	.db 0x00
   009F 00                  207 	.db 0x00
   00A0 00                  208 	.db 0x00
   00A1 00                  209 	.db 0x00
   00A2 00                  210 	.db 0x00
   00A3 00                  211 	.db 0x00
   00A4 00                  212 	.db 0x00
   00A5 00                  213 	.db 0x00
   00A6 00                  214 	.db 0x00
   00A7 00                  215 	.db 0x00
   00A8 00                  216 	.db 0x00
   00A9 00                  217 	.db 0x00
   00AA 00                  218 	.db 0x00
   00AB 00                  219 	.db 0x00
   00AC 00                  220 	.db 0x00
   00AD 00                  221 	.db 0x00
   00AE 00                  222 	.db 0x00
   00AF 00                  223 	.db 0x00
   00B0 00                  224 	.db 0x00
   00B1 00                  225 	.db 0x00
   00B2 00                  226 	.db 0x00
   00B3 00                  227 	.db 0x00
   00B4 00                  228 	.db 0x00
   00B5 00                  229 	.db 0x00
   00B6 00                  230 	.db 0x00
   00B7 00                  231 	.db 0x00
   00B8 00                  232 	.db 0x00
   00B9 00                  233 	.db 0x00
   00BA 00                  234 	.db 0x00
   00BB 00                  235 	.db 0x00
   00BC 00                  236 	.db 0x00
   00BD 00                  237 	.db 0x00
   00BE 00                  238 	.db 0x00
   00BF 00                  239 	.db 0x00
   00C0                     240 _imp_fly:
   00C0 00                  241 	.db #0x00	; 0
   00C1 00                  242 	.db #0x00	; 0
   00C2 0F                  243 	.db #0x0f	; 15
   00C3 F0                  244 	.db #0xf0	; 240
   00C4 00                  245 	.db #0x00	; 0
   00C5 00                  246 	.db #0x00	; 0
   00C6 3F                  247 	.db #0x3f	; 63
   00C7 FC                  248 	.db #0xfc	; 252
   00C8 00                  249 	.db 0x00
   00C9 00                  250 	.db 0x00
   00CA 00                  251 	.db 0x00
   00CB 00                  252 	.db 0x00
   00CC 00                  253 	.db 0x00
   00CD 00                  254 	.db 0x00
   00CE 00                  255 	.db 0x00
   00CF 00                  256 	.db 0x00
   00D0 00                  257 	.db 0x00
   00D1 00                  258 	.db 0x00
   00D2 00                  259 	.db 0x00
   00D3 00                  260 	.db 0x00
   00D4 00                  261 	.db 0x00
   00D5 00                  262 	.db 0x00
   00D6 00                  263 	.db 0x00
   00D7 00                  264 	.db 0x00
   00D8 00                  265 	.db 0x00
   00D9 00                  266 	.db 0x00
   00DA 00                  267 	.db 0x00
   00DB 00                  268 	.db 0x00
   00DC 00                  269 	.db 0x00
   00DD 00                  270 	.db 0x00
   00DE 00                  271 	.db 0x00
   00DF 00                  272 	.db 0x00
   00E0 00                  273 	.db 0x00
   00E1 00                  274 	.db 0x00
   00E2 00                  275 	.db 0x00
   00E3 00                  276 	.db 0x00
   00E4 00                  277 	.db 0x00
   00E5 00                  278 	.db 0x00
   00E6 00                  279 	.db 0x00
   00E7 00                  280 	.db 0x00
   00E8 00                  281 	.db 0x00
   00E9 00                  282 	.db 0x00
   00EA 00                  283 	.db 0x00
   00EB 00                  284 	.db 0x00
   00EC 00                  285 	.db 0x00
   00ED 00                  286 	.db 0x00
   00EE 00                  287 	.db 0x00
   00EF 00                  288 	.db 0x00
   00F0 00                  289 	.db 0x00
   00F1 00                  290 	.db 0x00
   00F2 00                  291 	.db 0x00
   00F3 00                  292 	.db 0x00
   00F4 00                  293 	.db 0x00
   00F5 00                  294 	.db 0x00
   00F6 00                  295 	.db 0x00
   00F7 00                  296 	.db 0x00
   00F8 00                  297 	.db 0x00
   00F9 00                  298 	.db 0x00
   00FA 00                  299 	.db 0x00
   00FB 00                  300 	.db 0x00
   00FC 00                  301 	.db 0x00
   00FD 00                  302 	.db 0x00
   00FE 00                  303 	.db 0x00
   00FF 00                  304 	.db 0x00
   0100 00                  305 	.db #0x00	; 0
   0101 00                  306 	.db #0x00	; 0
   0102 0F                  307 	.db #0x0f	; 15
   0103 F0                  308 	.db #0xf0	; 240
   0104 00                  309 	.db #0x00	; 0
   0105 00                  310 	.db #0x00	; 0
   0106 3F                  311 	.db #0x3f	; 63
   0107 FC                  312 	.db #0xfc	; 252
   0108 00                  313 	.db 0x00
   0109 00                  314 	.db 0x00
   010A 00                  315 	.db 0x00
   010B 00                  316 	.db 0x00
   010C 00                  317 	.db 0x00
   010D 00                  318 	.db 0x00
   010E 00                  319 	.db 0x00
   010F 00                  320 	.db 0x00
   0110 00                  321 	.db 0x00
   0111 00                  322 	.db 0x00
   0112 00                  323 	.db 0x00
   0113 00                  324 	.db 0x00
   0114 00                  325 	.db 0x00
   0115 00                  326 	.db 0x00
   0116 00                  327 	.db 0x00
   0117 00                  328 	.db 0x00
   0118 00                  329 	.db 0x00
   0119 00                  330 	.db 0x00
   011A 00                  331 	.db 0x00
   011B 00                  332 	.db 0x00
   011C 00                  333 	.db 0x00
   011D 00                  334 	.db 0x00
   011E 00                  335 	.db 0x00
   011F 00                  336 	.db 0x00
   0120 00                  337 	.db 0x00
   0121 00                  338 	.db 0x00
   0122 00                  339 	.db 0x00
   0123 00                  340 	.db 0x00
   0124 00                  341 	.db 0x00
   0125 00                  342 	.db 0x00
   0126 00                  343 	.db 0x00
   0127 00                  344 	.db 0x00
   0128 00                  345 	.db 0x00
   0129 00                  346 	.db 0x00
   012A 00                  347 	.db 0x00
   012B 00                  348 	.db 0x00
   012C 00                  349 	.db 0x00
   012D 00                  350 	.db 0x00
   012E 00                  351 	.db 0x00
   012F 00                  352 	.db 0x00
   0130 00                  353 	.db 0x00
   0131 00                  354 	.db 0x00
   0132 00                  355 	.db 0x00
   0133 00                  356 	.db 0x00
   0134 00                  357 	.db 0x00
   0135 00                  358 	.db 0x00
   0136 00                  359 	.db 0x00
   0137 00                  360 	.db 0x00
   0138 00                  361 	.db 0x00
   0139 00                  362 	.db 0x00
   013A 00                  363 	.db 0x00
   013B 00                  364 	.db 0x00
   013C 00                  365 	.db 0x00
   013D 00                  366 	.db 0x00
   013E 00                  367 	.db 0x00
   013F 00                  368 	.db 0x00
   0140                     369 _skeleton_walk:
   0140 00                  370 	.db #0x00	; 0
   0141 00                  371 	.db #0x00	; 0
   0142 00                  372 	.db #0x00	; 0
   0143 00                  373 	.db #0x00	; 0
   0144 00                  374 	.db #0x00	; 0
   0145 00                  375 	.db #0x00	; 0
   0146 00                  376 	.db #0x00	; 0
   0147 00                  377 	.db #0x00	; 0
   0148 00                  378 	.db #0x00	; 0
   0149 00                  379 	.db #0x00	; 0
   014A 0F                  380 	.db #0x0f	; 15
   014B F0                  381 	.db #0xf0	; 240
   014C 0F                  382 	.db #0x0f	; 15
   014D F0                  383 	.db #0xf0	; 240
   014E 00                  384 	.db #0x00	; 0
   014F 00                  385 	.db #0x00	; 0
   0150 00                  386 	.db #0x00	; 0
   0151 00                  387 	.db #0x00	; 0
   0152 3F                  388 	.db #0x3f	; 63
   0153 FC                  389 	.db #0xfc	; 252
   0154 3F                  390 	.db #0x3f	; 63
   0155 FC                  391 	.db #0xfc	; 252
   0156 00                  392 	.db #0x00	; 0
   0157 00                  393 	.db #0x00	; 0
   0158 00                  394 	.db #0x00	; 0
   0159 00                  395 	.db #0x00	; 0
   015A 3F                  396 	.db #0x3f	; 63
   015B FC                  397 	.db #0xfc	; 252
   015C 3F                  398 	.db #0x3f	; 63
   015D FC                  399 	.db #0xfc	; 252
   015E 00                  400 	.db #0x00	; 0
   015F 00                  401 	.db #0x00	; 0
   0160 00                  402 	.db 0x00
   0161 00                  403 	.db 0x00
   0162 00                  404 	.db 0x00
   0163 00                  405 	.db 0x00
   0164 00                  406 	.db 0x00
   0165 00                  407 	.db 0x00
   0166 00                  408 	.db 0x00
   0167 00                  409 	.db 0x00
   0168 00                  410 	.db 0x00
   0169 00                  411 	.db 0x00
   016A 00                  412 	.db 0x00
   016B 00                  413 	.db 0x00
   016C 00                  414 	.db 0x00
   016D 00                  415 	.db 0x00
   016E 00                  416 	.db 0x00
   016F 00                  417 	.db 0x00
   0170 00                  418 	.db 0x00
   0171 00                  419 	.db 0x00
   0172 00                  420 	.db 0x00
   0173 00                  421 	.db 0x00
   0174 00                  422 	.db 0x00
   0175 00                  423 	.db 0x00
   0176 00                  424 	.db 0x00
   0177 00                  425 	.db 0x00
   0178 00                  426 	.db 0x00
   0179 00                  427 	.db 0x00
   017A 00                  428 	.db 0x00
   017B 00                  429 	.db 0x00
   017C 00                  430 	.db 0x00
   017D 00                  431 	.db 0x00
   017E 00                  432 	.db 0x00
   017F 00                  433 	.db 0x00
   0180 00                  434 	.db 0x00
   0181 00                  435 	.db 0x00
   0182 00                  436 	.db 0x00
   0183 00                  437 	.db 0x00
   0184 00                  438 	.db 0x00
   0185 00                  439 	.db 0x00
   0186 00                  440 	.db 0x00
   0187 00                  441 	.db 0x00
   0188 00                  442 	.db 0x00
   0189 00                  443 	.db 0x00
   018A 00                  444 	.db 0x00
   018B 00                  445 	.db 0x00
   018C 00                  446 	.db 0x00
   018D 00                  447 	.db 0x00
   018E 00                  448 	.db 0x00
   018F 00                  449 	.db 0x00
   0190 00                  450 	.db 0x00
   0191 00                  451 	.db 0x00
   0192 00                  452 	.db 0x00
   0193 00                  453 	.db 0x00
   0194 00                  454 	.db 0x00
   0195 00                  455 	.db 0x00
   0196 00                  456 	.db 0x00
   0197 00                  457 	.db 0x00
   0198 00                  458 	.db 0x00
   0199 00                  459 	.db 0x00
   019A 00                  460 	.db 0x00
   019B 00                  461 	.db 0x00
   019C 00                  462 	.db 0x00
   019D 00                  463 	.db 0x00
   019E 00                  464 	.db 0x00
   019F 00                  465 	.db 0x00
   01A0 00                  466 	.db 0x00
   01A1 00                  467 	.db 0x00
   01A2 00                  468 	.db 0x00
   01A3 00                  469 	.db 0x00
   01A4 00                  470 	.db 0x00
   01A5 00                  471 	.db 0x00
   01A6 00                  472 	.db 0x00
   01A7 00                  473 	.db 0x00
   01A8 00                  474 	.db 0x00
   01A9 00                  475 	.db 0x00
   01AA 00                  476 	.db 0x00
   01AB 00                  477 	.db 0x00
   01AC 00                  478 	.db 0x00
   01AD 00                  479 	.db 0x00
   01AE 00                  480 	.db 0x00
   01AF 00                  481 	.db 0x00
   01B0 00                  482 	.db 0x00
   01B1 00                  483 	.db 0x00
   01B2 00                  484 	.db 0x00
   01B3 00                  485 	.db 0x00
   01B4 00                  486 	.db 0x00
   01B5 00                  487 	.db 0x00
   01B6 00                  488 	.db 0x00
   01B7 00                  489 	.db 0x00
   01B8 00                  490 	.db 0x00
   01B9 00                  491 	.db 0x00
   01BA 00                  492 	.db 0x00
   01BB 00                  493 	.db 0x00
   01BC 00                  494 	.db 0x00
   01BD 00                  495 	.db 0x00
   01BE 00                  496 	.db 0x00
   01BF 00                  497 	.db 0x00
   01C0 00                  498 	.db #0x00	; 0
   01C1 00                  499 	.db #0x00	; 0
   01C2 00                  500 	.db #0x00	; 0
   01C3 00                  501 	.db #0x00	; 0
   01C4 00                  502 	.db #0x00	; 0
   01C5 00                  503 	.db #0x00	; 0
   01C6 00                  504 	.db #0x00	; 0
   01C7 00                  505 	.db #0x00	; 0
   01C8 00                  506 	.db #0x00	; 0
   01C9 00                  507 	.db #0x00	; 0
   01CA 0F                  508 	.db #0x0f	; 15
   01CB F0                  509 	.db #0xf0	; 240
   01CC 0F                  510 	.db #0x0f	; 15
   01CD F0                  511 	.db #0xf0	; 240
   01CE 00                  512 	.db #0x00	; 0
   01CF 00                  513 	.db #0x00	; 0
   01D0 00                  514 	.db #0x00	; 0
   01D1 00                  515 	.db #0x00	; 0
   01D2 3F                  516 	.db #0x3f	; 63
   01D3 FC                  517 	.db #0xfc	; 252
   01D4 3F                  518 	.db #0x3f	; 63
   01D5 FC                  519 	.db #0xfc	; 252
   01D6 00                  520 	.db #0x00	; 0
   01D7 00                  521 	.db #0x00	; 0
   01D8 00                  522 	.db #0x00	; 0
   01D9 00                  523 	.db #0x00	; 0
   01DA 3F                  524 	.db #0x3f	; 63
   01DB FC                  525 	.db #0xfc	; 252
   01DC 3F                  526 	.db #0x3f	; 63
   01DD FC                  527 	.db #0xfc	; 252
   01DE 00                  528 	.db #0x00	; 0
   01DF 00                  529 	.db #0x00	; 0
   01E0 00                  530 	.db 0x00
   01E1 00                  531 	.db 0x00
   01E2 00                  532 	.db 0x00
   01E3 00                  533 	.db 0x00
   01E4 00                  534 	.db 0x00
   01E5 00                  535 	.db 0x00
   01E6 00                  536 	.db 0x00
   01E7 00                  537 	.db 0x00
   01E8 00                  538 	.db 0x00
   01E9 00                  539 	.db 0x00
   01EA 00                  540 	.db 0x00
   01EB 00                  541 	.db 0x00
   01EC 00                  542 	.db 0x00
   01ED 00                  543 	.db 0x00
   01EE 00                  544 	.db 0x00
   01EF 00                  545 	.db 0x00
   01F0 00                  546 	.db 0x00
   01F1 00                  547 	.db 0x00
   01F2 00                  548 	.db 0x00
   01F3 00                  549 	.db 0x00
   01F4 00                  550 	.db 0x00
   01F5 00                  551 	.db 0x00
   01F6 00                  552 	.db 0x00
   01F7 00                  553 	.db 0x00
   01F8 00                  554 	.db 0x00
   01F9 00                  555 	.db 0x00
   01FA 00                  556 	.db 0x00
   01FB 00                  557 	.db 0x00
   01FC 00                  558 	.db 0x00
   01FD 00                  559 	.db 0x00
   01FE 00                  560 	.db 0x00
   01FF 00                  561 	.db 0x00
   0200 00                  562 	.db 0x00
   0201 00                  563 	.db 0x00
   0202 00                  564 	.db 0x00
   0203 00                  565 	.db 0x00
   0204 00                  566 	.db 0x00
   0205 00                  567 	.db 0x00
   0206 00                  568 	.db 0x00
   0207 00                  569 	.db 0x00
   0208 00                  570 	.db 0x00
   0209 00                  571 	.db 0x00
   020A 00                  572 	.db 0x00
   020B 00                  573 	.db 0x00
   020C 00                  574 	.db 0x00
   020D 00                  575 	.db 0x00
   020E 00                  576 	.db 0x00
   020F 00                  577 	.db 0x00
   0210 00                  578 	.db 0x00
   0211 00                  579 	.db 0x00
   0212 00                  580 	.db 0x00
   0213 00                  581 	.db 0x00
   0214 00                  582 	.db 0x00
   0215 00                  583 	.db 0x00
   0216 00                  584 	.db 0x00
   0217 00                  585 	.db 0x00
   0218 00                  586 	.db 0x00
   0219 00                  587 	.db 0x00
   021A 00                  588 	.db 0x00
   021B 00                  589 	.db 0x00
   021C 00                  590 	.db 0x00
   021D 00                  591 	.db 0x00
   021E 00                  592 	.db 0x00
   021F 00                  593 	.db 0x00
   0220 00                  594 	.db 0x00
   0221 00                  595 	.db 0x00
   0222 00                  596 	.db 0x00
   0223 00                  597 	.db 0x00
   0224 00                  598 	.db 0x00
   0225 00                  599 	.db 0x00
   0226 00                  600 	.db 0x00
   0227 00                  601 	.db 0x00
   0228 00                  602 	.db 0x00
   0229 00                  603 	.db 0x00
   022A 00                  604 	.db 0x00
   022B 00                  605 	.db 0x00
   022C 00                  606 	.db 0x00
   022D 00                  607 	.db 0x00
   022E 00                  608 	.db 0x00
   022F 00                  609 	.db 0x00
   0230 00                  610 	.db 0x00
   0231 00                  611 	.db 0x00
   0232 00                  612 	.db 0x00
   0233 00                  613 	.db 0x00
   0234 00                  614 	.db 0x00
   0235 00                  615 	.db 0x00
   0236 00                  616 	.db 0x00
   0237 00                  617 	.db 0x00
   0238 00                  618 	.db 0x00
   0239 00                  619 	.db 0x00
   023A 00                  620 	.db 0x00
   023B 00                  621 	.db 0x00
   023C 00                  622 	.db 0x00
   023D 00                  623 	.db 0x00
   023E 00                  624 	.db 0x00
   023F 00                  625 	.db 0x00
   0240                     626 _enemy_sprite_mask:
   0240 FF                  627 	.db #0xff	; 255
   0241 FF                  628 	.db #0xff	; 255
   0242 FF                  629 	.db #0xff	; 255
   0243 FF                  630 	.db #0xff	; 255
   0244 FF                  631 	.db #0xff	; 255
   0245 FF                  632 	.db #0xff	; 255
   0246 FF                  633 	.db #0xff	; 255
   0247 FF                  634 	.db #0xff	; 255
   0248 FF                  635 	.db #0xff	; 255
   0249 FF                  636 	.db #0xff	; 255
   024A FF                  637 	.db #0xff	; 255
   024B FF                  638 	.db #0xff	; 255
   024C FF                  639 	.db #0xff	; 255
   024D FF                  640 	.db #0xff	; 255
   024E FF                  641 	.db #0xff	; 255
   024F FF                  642 	.db #0xff	; 255
   0250 FF                  643 	.db #0xff	; 255
   0251 FF                  644 	.db #0xff	; 255
   0252 FF                  645 	.db #0xff	; 255
   0253 FF                  646 	.db #0xff	; 255
   0254 FF                  647 	.db #0xff	; 255
   0255 FF                  648 	.db #0xff	; 255
   0256 FF                  649 	.db #0xff	; 255
   0257 FF                  650 	.db #0xff	; 255
   0258 FF                  651 	.db #0xff	; 255
   0259 FF                  652 	.db #0xff	; 255
   025A FF                  653 	.db #0xff	; 255
   025B FF                  654 	.db #0xff	; 255
   025C FF                  655 	.db #0xff	; 255
   025D FF                  656 	.db #0xff	; 255
   025E FF                  657 	.db #0xff	; 255
   025F FF                  658 	.db #0xff	; 255
   0260 00                  659 	.db 0x00
   0261 00                  660 	.db 0x00
   0262 00                  661 	.db 0x00
   0263 00                  662 	.db 0x00
   0264 00                  663 	.db 0x00
   0265 00                  664 	.db 0x00
   0266 00                  665 	.db 0x00
   0267 00                  666 	.db 0x00
   0268 00                  667 	.db 0x00
   0269 00                  668 	.db 0x00
   026A 00                  669 	.db 0x00
   026B 00                  670 	.db 0x00
   026C 00                  671 	.db 0x00
   026D 00                  672 	.db 0x00
   026E 00                  673 	.db 0x00
   026F 00                  674 	.db 0x00
   0270 00                  675 	.db 0x00
   0271 00                  676 	.db 0x00
   0272 00                  677 	.db 0x00
   0273 00                  678 	.db 0x00
   0274 00                  679 	.db 0x00
   0275 00                  680 	.db 0x00
   0276 00                  681 	.db 0x00
   0277 00                  682 	.db 0x00
   0278 00                  683 	.db 0x00
   0279 00                  684 	.db 0x00
   027A 00                  685 	.db 0x00
   027B 00                  686 	.db 0x00
   027C 00                  687 	.db 0x00
   027D 00                  688 	.db 0x00
   027E 00                  689 	.db 0x00
   027F 00                  690 	.db 0x00
   0280 00                  691 	.db 0x00
   0281 00                  692 	.db 0x00
   0282 00                  693 	.db 0x00
   0283 00                  694 	.db 0x00
   0284 00                  695 	.db 0x00
   0285 00                  696 	.db 0x00
   0286 00                  697 	.db 0x00
   0287 00                  698 	.db 0x00
   0288 00                  699 	.db 0x00
   0289 00                  700 	.db 0x00
   028A 00                  701 	.db 0x00
   028B 00                  702 	.db 0x00
   028C 00                  703 	.db 0x00
   028D 00                  704 	.db 0x00
   028E 00                  705 	.db 0x00
   028F 00                  706 	.db 0x00
   0290 00                  707 	.db 0x00
   0291 00                  708 	.db 0x00
   0292 00                  709 	.db 0x00
   0293 00                  710 	.db 0x00
   0294 00                  711 	.db 0x00
   0295 00                  712 	.db 0x00
   0296 00                  713 	.db 0x00
   0297 00                  714 	.db 0x00
   0298 00                  715 	.db 0x00
   0299 00                  716 	.db 0x00
   029A 00                  717 	.db 0x00
   029B 00                  718 	.db 0x00
   029C 00                  719 	.db 0x00
   029D 00                  720 	.db 0x00
   029E 00                  721 	.db 0x00
   029F 00                  722 	.db 0x00
   02A0 00                  723 	.db 0x00
   02A1 00                  724 	.db 0x00
   02A2 00                  725 	.db 0x00
   02A3 00                  726 	.db 0x00
   02A4 00                  727 	.db 0x00
   02A5 00                  728 	.db 0x00
   02A6 00                  729 	.db 0x00
   02A7 00                  730 	.db 0x00
   02A8 00                  731 	.db 0x00
   02A9 00                  732 	.db 0x00
   02AA 00                  733 	.db 0x00
   02AB 00                  734 	.db 0x00
   02AC 00                  735 	.db 0x00
   02AD 00                  736 	.db 0x00
   02AE 00                  737 	.db 0x00
   02AF 00                  738 	.db 0x00
   02B0 00                  739 	.db 0x00
   02B1 00                  740 	.db 0x00
   02B2 00                  741 	.db 0x00
   02B3 00                  742 	.db 0x00
   02B4 00                  743 	.db 0x00
   02B5 00                  744 	.db 0x00
   02B6 00                  745 	.db 0x00
   02B7 00                  746 	.db 0x00
   02B8 00                  747 	.db 0x00
   02B9 00                  748 	.db 0x00
   02BA 00                  749 	.db 0x00
   02BB 00                  750 	.db 0x00
   02BC 00                  751 	.db 0x00
   02BD 00                  752 	.db 0x00
   02BE 00                  753 	.db 0x00
   02BF 00                  754 	.db 0x00
   02C0 00                  755 	.db 0x00
   02C1 00                  756 	.db 0x00
   02C2 00                  757 	.db 0x00
   02C3 00                  758 	.db 0x00
   02C4 00                  759 	.db 0x00
   02C5 00                  760 	.db 0x00
   02C6 00                  761 	.db 0x00
   02C7 00                  762 	.db 0x00
   02C8 00                  763 	.db 0x00
   02C9 00                  764 	.db 0x00
   02CA 00                  765 	.db 0x00
   02CB 00                  766 	.db 0x00
   02CC 00                  767 	.db 0x00
   02CD 00                  768 	.db 0x00
   02CE 00                  769 	.db 0x00
   02CF 00                  770 	.db 0x00
   02D0 00                  771 	.db 0x00
   02D1 00                  772 	.db 0x00
   02D2 00                  773 	.db 0x00
   02D3 00                  774 	.db 0x00
   02D4 00                  775 	.db 0x00
   02D5 00                  776 	.db 0x00
   02D6 00                  777 	.db 0x00
   02D7 00                  778 	.db 0x00
   02D8 00                  779 	.db 0x00
   02D9 00                  780 	.db 0x00
   02DA 00                  781 	.db 0x00
   02DB 00                  782 	.db 0x00
   02DC 00                  783 	.db 0x00
   02DD 00                  784 	.db 0x00
   02DE 00                  785 	.db 0x00
   02DF 00                  786 	.db 0x00
   02E0 00                  787 	.db 0x00
   02E1 00                  788 	.db 0x00
   02E2 00                  789 	.db 0x00
   02E3 00                  790 	.db 0x00
   02E4 00                  791 	.db 0x00
   02E5 00                  792 	.db 0x00
   02E6 00                  793 	.db 0x00
   02E7 00                  794 	.db 0x00
   02E8 00                  795 	.db 0x00
   02E9 00                  796 	.db 0x00
   02EA 00                  797 	.db 0x00
   02EB 00                  798 	.db 0x00
   02EC 00                  799 	.db 0x00
   02ED 00                  800 	.db 0x00
   02EE 00                  801 	.db 0x00
   02EF 00                  802 	.db 0x00
   02F0 00                  803 	.db 0x00
   02F1 00                  804 	.db 0x00
   02F2 00                  805 	.db 0x00
   02F3 00                  806 	.db 0x00
   02F4 00                  807 	.db 0x00
   02F5 00                  808 	.db 0x00
   02F6 00                  809 	.db 0x00
   02F7 00                  810 	.db 0x00
   02F8 00                  811 	.db 0x00
   02F9 00                  812 	.db 0x00
   02FA 00                  813 	.db 0x00
   02FB 00                  814 	.db 0x00
   02FC 00                  815 	.db 0x00
   02FD 00                  816 	.db 0x00
   02FE 00                  817 	.db 0x00
   02FF 00                  818 	.db 0x00
   0300 00                  819 	.db 0x00
   0301 00                  820 	.db 0x00
   0302 00                  821 	.db 0x00
   0303 00                  822 	.db 0x00
   0304 00                  823 	.db 0x00
   0305 00                  824 	.db 0x00
   0306 00                  825 	.db 0x00
   0307 00                  826 	.db 0x00
   0308 00                  827 	.db 0x00
   0309 00                  828 	.db 0x00
   030A 00                  829 	.db 0x00
   030B 00                  830 	.db 0x00
   030C 00                  831 	.db 0x00
   030D 00                  832 	.db 0x00
   030E 00                  833 	.db 0x00
   030F 00                  834 	.db 0x00
   0310 00                  835 	.db 0x00
   0311 00                  836 	.db 0x00
   0312 00                  837 	.db 0x00
   0313 00                  838 	.db 0x00
   0314 00                  839 	.db 0x00
   0315 00                  840 	.db 0x00
   0316 00                  841 	.db 0x00
   0317 00                  842 	.db 0x00
   0318 00                  843 	.db 0x00
   0319 00                  844 	.db 0x00
   031A 00                  845 	.db 0x00
   031B 00                  846 	.db 0x00
   031C 00                  847 	.db 0x00
   031D 00                  848 	.db 0x00
   031E 00                  849 	.db 0x00
   031F 00                  850 	.db 0x00
   0320 00                  851 	.db 0x00
   0321 00                  852 	.db 0x00
   0322 00                  853 	.db 0x00
   0323 00                  854 	.db 0x00
   0324 00                  855 	.db 0x00
   0325 00                  856 	.db 0x00
   0326 00                  857 	.db 0x00
   0327 00                  858 	.db 0x00
   0328 00                  859 	.db 0x00
   0329 00                  860 	.db 0x00
   032A 00                  861 	.db 0x00
   032B 00                  862 	.db 0x00
   032C 00                  863 	.db 0x00
   032D 00                  864 	.db 0x00
   032E 00                  865 	.db 0x00
   032F 00                  866 	.db 0x00
   0330 00                  867 	.db 0x00
   0331 00                  868 	.db 0x00
   0332 00                  869 	.db 0x00
   0333 00                  870 	.db 0x00
   0334 00                  871 	.db 0x00
   0335 00                  872 	.db 0x00
   0336 00                  873 	.db 0x00
   0337 00                  874 	.db 0x00
   0338 00                  875 	.db 0x00
   0339 00                  876 	.db 0x00
   033A 00                  877 	.db 0x00
   033B 00                  878 	.db 0x00
   033C 00                  879 	.db 0x00
   033D 00                  880 	.db 0x00
   033E 00                  881 	.db 0x00
   033F 00                  882 	.db 0x00
                            883 	.area _INITIALIZER
                            884 	.area _CABS (ABS)
