                              1 ;--------------------------------------------------------
                              2 ; File Created by SDCC : free open source ANSI-C Compiler
                              3 ; Version 3.6.8 #9946 (Mac OS X ppc)
                              4 ;--------------------------------------------------------
                              5 	.module enemy
                              6 	.optsdcc -mz80
                              7 	
                              8 ;--------------------------------------------------------
                              9 ; Public variables in this module
                             10 ;--------------------------------------------------------
                             11 	.globl _collision_clamp_y_at
                             12 	.globl _collision_is_on_ground_at
                             13 	.globl _cpct_getScreenPtr
                             14 	.globl _cpct_drawSprite
                             15 	.globl _enemyinit
                             16 	.globl _enemyspawn
                             17 	.globl _enemyupdate
                             18 	.globl _enemyrender
                             19 	.globl _enemydamage
                             20 ;--------------------------------------------------------
                             21 ; special function registers
                             22 ;--------------------------------------------------------
                             23 ;--------------------------------------------------------
                             24 ; ram data
                             25 ;--------------------------------------------------------
                             26 	.area _DATA
                             27 ;--------------------------------------------------------
                             28 ; ram data
                             29 ;--------------------------------------------------------
                             30 	.area _INITIALIZED
                             31 ;--------------------------------------------------------
                             32 ; absolute external ram data
                             33 ;--------------------------------------------------------
                             34 	.area _DABS (ABS)
                             35 ;--------------------------------------------------------
                             36 ; global & static initialisations
                             37 ;--------------------------------------------------------
                             38 	.area _HOME
                             39 	.area _GSINIT
                             40 	.area _GSFINAL
                             41 	.area _GSINIT
                             42 ;--------------------------------------------------------
                             43 ; Home
                             44 ;--------------------------------------------------------
                             45 	.area _HOME
                             46 	.area _HOME
                             47 ;--------------------------------------------------------
                             48 ; code
                             49 ;--------------------------------------------------------
                             50 	.area _CODE
                             51 ;src/entities/enemy.c:65: void enemyinit(Enemy* enemy) {
                             52 ;	---------------------------------
                             53 ; Function enemyinit
                             54 ; ---------------------------------
   0000                      55 _enemyinit::
                             56 ;src/entities/enemy.c:66: if (!enemy) {
   0000 21 03 00      [10]   57 	ld	hl, #2+1
   0003 39            [11]   58 	add	hl, sp
   0004 7E            [ 7]   59 	ld	a, (hl)
   0005 2B            [ 6]   60 	dec	hl
   0006 B6            [ 7]   61 	or	a,(hl)
                             62 ;src/entities/enemy.c:67: return;
   0007 C8            [11]   63 	ret	Z
                             64 ;src/entities/enemy.c:70: enemy->x = 0;
   0008 D1            [10]   65 	pop	de
   0009 C1            [10]   66 	pop	bc
   000A C5            [11]   67 	push	bc
   000B D5            [11]   68 	push	de
   000C AF            [ 4]   69 	xor	a, a
   000D 02            [ 7]   70 	ld	(bc), a
                             71 ;src/entities/enemy.c:71: enemy->y = 0;
   000E 59            [ 4]   72 	ld	e, c
   000F 50            [ 4]   73 	ld	d, b
   0010 13            [ 6]   74 	inc	de
   0011 AF            [ 4]   75 	xor	a, a
   0012 12            [ 7]   76 	ld	(de), a
                             77 ;src/entities/enemy.c:72: enemy->vx = 0;
   0013 59            [ 4]   78 	ld	e, c
   0014 50            [ 4]   79 	ld	d, b
   0015 13            [ 6]   80 	inc	de
   0016 13            [ 6]   81 	inc	de
   0017 AF            [ 4]   82 	xor	a, a
   0018 12            [ 7]   83 	ld	(de), a
                             84 ;src/entities/enemy.c:73: enemy->vy = 0;
   0019 59            [ 4]   85 	ld	e, c
   001A 50            [ 4]   86 	ld	d, b
   001B 13            [ 6]   87 	inc	de
   001C 13            [ 6]   88 	inc	de
   001D 13            [ 6]   89 	inc	de
   001E AF            [ 4]   90 	xor	a, a
   001F 12            [ 7]   91 	ld	(de), a
                             92 ;src/entities/enemy.c:74: enemy->w = 4;
   0020 21 04 00      [10]   93 	ld	hl, #0x0004
   0023 09            [11]   94 	add	hl, bc
   0024 36 04         [10]   95 	ld	(hl), #0x04
                             96 ;src/entities/enemy.c:75: enemy->h = 16;
   0026 21 05 00      [10]   97 	ld	hl, #0x0005
   0029 09            [11]   98 	add	hl, bc
   002A 36 10         [10]   99 	ld	(hl), #0x10
                            100 ;src/entities/enemy.c:76: enemy->active = 0;
   002C 21 06 00      [10]  101 	ld	hl, #0x0006
   002F 09            [11]  102 	add	hl, bc
   0030 36 00         [10]  103 	ld	(hl), #0x00
                            104 ;src/entities/enemy.c:77: enemy->health = 1;
   0032 21 07 00      [10]  105 	ld	hl, #0x0007
   0035 09            [11]  106 	add	hl, bc
   0036 36 01         [10]  107 	ld	(hl), #0x01
                            108 ;src/entities/enemy.c:78: enemy->reward = 100;
   0038 21 08 00      [10]  109 	ld	hl, #0x0008
   003B 09            [11]  110 	add	hl, bc
   003C 36 64         [10]  111 	ld	(hl), #0x64
                            112 ;src/entities/enemy.c:79: enemy->kind = 0;
   003E 21 09 00      [10]  113 	ld	hl, #0x0009
   0041 09            [11]  114 	add	hl, bc
   0042 36 00         [10]  115 	ld	(hl), #0x00
   0044 C9            [10]  116 	ret
   0045                     117 _enemy_kind0_sprite:
   0045 30                  118 	.db #0x30	; 48	'0'
   0046 30                  119 	.db #0x30	; 48	'0'
   0047 30                  120 	.db #0x30	; 48	'0'
   0048 30                  121 	.db #0x30	; 48	'0'
   0049 30                  122 	.db #0x30	; 48	'0'
   004A 00                  123 	.db #0x00	; 0
   004B 00                  124 	.db #0x00	; 0
   004C 10                  125 	.db #0x10	; 16
   004D 30                  126 	.db #0x30	; 48	'0'
   004E 00                  127 	.db #0x00	; 0
   004F 00                  128 	.db #0x00	; 0
   0050 10                  129 	.db #0x10	; 16
   0051 30                  130 	.db #0x30	; 48	'0'
   0052 00                  131 	.db #0x00	; 0
   0053 00                  132 	.db #0x00	; 0
   0054 10                  133 	.db #0x10	; 16
   0055 30                  134 	.db #0x30	; 48	'0'
   0056 00                  135 	.db #0x00	; 0
   0057 00                  136 	.db #0x00	; 0
   0058 10                  137 	.db #0x10	; 16
   0059 30                  138 	.db #0x30	; 48	'0'
   005A 00                  139 	.db #0x00	; 0
   005B 00                  140 	.db #0x00	; 0
   005C 10                  141 	.db #0x10	; 16
   005D 30                  142 	.db #0x30	; 48	'0'
   005E 00                  143 	.db #0x00	; 0
   005F 00                  144 	.db #0x00	; 0
   0060 10                  145 	.db #0x10	; 16
   0061 30                  146 	.db #0x30	; 48	'0'
   0062 00                  147 	.db #0x00	; 0
   0063 00                  148 	.db #0x00	; 0
   0064 10                  149 	.db #0x10	; 16
   0065 30                  150 	.db #0x30	; 48	'0'
   0066 30                  151 	.db #0x30	; 48	'0'
   0067 30                  152 	.db #0x30	; 48	'0'
   0068 30                  153 	.db #0x30	; 48	'0'
   0069 30                  154 	.db #0x30	; 48	'0'
   006A 00                  155 	.db #0x00	; 0
   006B 00                  156 	.db #0x00	; 0
   006C 10                  157 	.db #0x10	; 16
   006D 30                  158 	.db #0x30	; 48	'0'
   006E 00                  159 	.db #0x00	; 0
   006F 00                  160 	.db #0x00	; 0
   0070 10                  161 	.db #0x10	; 16
   0071 30                  162 	.db #0x30	; 48	'0'
   0072 00                  163 	.db #0x00	; 0
   0073 00                  164 	.db #0x00	; 0
   0074 10                  165 	.db #0x10	; 16
   0075 30                  166 	.db #0x30	; 48	'0'
   0076 00                  167 	.db #0x00	; 0
   0077 00                  168 	.db #0x00	; 0
   0078 10                  169 	.db #0x10	; 16
   0079 30                  170 	.db #0x30	; 48	'0'
   007A 00                  171 	.db #0x00	; 0
   007B 00                  172 	.db #0x00	; 0
   007C 10                  173 	.db #0x10	; 16
   007D 30                  174 	.db #0x30	; 48	'0'
   007E 00                  175 	.db #0x00	; 0
   007F 00                  176 	.db #0x00	; 0
   0080 10                  177 	.db #0x10	; 16
   0081 30                  178 	.db #0x30	; 48	'0'
   0082 30                  179 	.db #0x30	; 48	'0'
   0083 30                  180 	.db #0x30	; 48	'0'
   0084 30                  181 	.db #0x30	; 48	'0'
   0085                     182 _enemy_kind1_sprite:
   0085 3F                  183 	.db #0x3f	; 63
   0086 3F                  184 	.db #0x3f	; 63
   0087 3F                  185 	.db #0x3f	; 63
   0088 3F                  186 	.db #0x3f	; 63
   0089 3F                  187 	.db #0x3f	; 63
   008A 2A                  188 	.db #0x2a	; 42
   008B 2A                  189 	.db #0x2a	; 42
   008C 00                  190 	.db #0x00	; 0
   008D 00                  191 	.db #0x00	; 0
   008E 15                  192 	.db #0x15	; 21
   008F 2A                  193 	.db #0x2a	; 42
   0090 2A                  194 	.db #0x2a	; 42
   0091 00                  195 	.db #0x00	; 0
   0092 00                  196 	.db #0x00	; 0
   0093 15                  197 	.db #0x15	; 21
   0094 2A                  198 	.db #0x2a	; 42
   0095 2A                  199 	.db #0x2a	; 42
   0096 00                  200 	.db #0x00	; 0
   0097 00                  201 	.db #0x00	; 0
   0098 15                  202 	.db #0x15	; 21
   0099 2A                  203 	.db #0x2a	; 42
   009A 2A                  204 	.db #0x2a	; 42
   009B 00                  205 	.db #0x00	; 0
   009C 00                  206 	.db #0x00	; 0
   009D 15                  207 	.db #0x15	; 21
   009E 2A                  208 	.db #0x2a	; 42
   009F 2A                  209 	.db #0x2a	; 42
   00A0 00                  210 	.db #0x00	; 0
   00A1 00                  211 	.db #0x00	; 0
   00A2 15                  212 	.db #0x15	; 21
   00A3 2A                  213 	.db #0x2a	; 42
   00A4 2A                  214 	.db #0x2a	; 42
   00A5 00                  215 	.db #0x00	; 0
   00A6 00                  216 	.db #0x00	; 0
   00A7 15                  217 	.db #0x15	; 21
   00A8 3F                  218 	.db #0x3f	; 63
   00A9 3F                  219 	.db #0x3f	; 63
   00AA 3F                  220 	.db #0x3f	; 63
   00AB 3F                  221 	.db #0x3f	; 63
   00AC 3F                  222 	.db #0x3f	; 63
   00AD 2A                  223 	.db #0x2a	; 42
   00AE 2A                  224 	.db #0x2a	; 42
   00AF 00                  225 	.db #0x00	; 0
   00B0 00                  226 	.db #0x00	; 0
   00B1 15                  227 	.db #0x15	; 21
   00B2 2A                  228 	.db #0x2a	; 42
   00B3 2A                  229 	.db #0x2a	; 42
   00B4 00                  230 	.db #0x00	; 0
   00B5 00                  231 	.db #0x00	; 0
   00B6 15                  232 	.db #0x15	; 21
   00B7 2A                  233 	.db #0x2a	; 42
   00B8 2A                  234 	.db #0x2a	; 42
   00B9 00                  235 	.db #0x00	; 0
   00BA 00                  236 	.db #0x00	; 0
   00BB 15                  237 	.db #0x15	; 21
   00BC 2A                  238 	.db #0x2a	; 42
   00BD 2A                  239 	.db #0x2a	; 42
   00BE 00                  240 	.db #0x00	; 0
   00BF 00                  241 	.db #0x00	; 0
   00C0 15                  242 	.db #0x15	; 21
   00C1 2A                  243 	.db #0x2a	; 42
   00C2 2A                  244 	.db #0x2a	; 42
   00C3 00                  245 	.db #0x00	; 0
   00C4 00                  246 	.db #0x00	; 0
   00C5 15                  247 	.db #0x15	; 21
   00C6 3F                  248 	.db #0x3f	; 63
   00C7 3F                  249 	.db #0x3f	; 63
   00C8 3F                  250 	.db #0x3f	; 63
   00C9 3F                  251 	.db #0x3f	; 63
   00CA 3F                  252 	.db #0x3f	; 63
   00CB                     253 _enemy_kind2_sprite:
   00CB 0F                  254 	.db #0x0f	; 15
   00CC 0F                  255 	.db #0x0f	; 15
   00CD 0F                  256 	.db #0x0f	; 15
   00CE 0F                  257 	.db #0x0f	; 15
   00CF 0F                  258 	.db #0x0f	; 15
   00D0 0F                  259 	.db #0x0f	; 15
   00D1 0A                  260 	.db #0x0a	; 10
   00D2 05                  261 	.db #0x05	; 5
   00D3 00                  262 	.db #0x00	; 0
   00D4 00                  263 	.db #0x00	; 0
   00D5 00                  264 	.db #0x00	; 0
   00D6 05                  265 	.db #0x05	; 5
   00D7 0A                  266 	.db #0x0a	; 10
   00D8 05                  267 	.db #0x05	; 5
   00D9 00                  268 	.db #0x00	; 0
   00DA 00                  269 	.db #0x00	; 0
   00DB 00                  270 	.db #0x00	; 0
   00DC 05                  271 	.db #0x05	; 5
   00DD 0A                  272 	.db #0x0a	; 10
   00DE 05                  273 	.db #0x05	; 5
   00DF 00                  274 	.db #0x00	; 0
   00E0 00                  275 	.db #0x00	; 0
   00E1 00                  276 	.db #0x00	; 0
   00E2 05                  277 	.db #0x05	; 5
   00E3 0A                  278 	.db #0x0a	; 10
   00E4 05                  279 	.db #0x05	; 5
   00E5 00                  280 	.db #0x00	; 0
   00E6 00                  281 	.db #0x00	; 0
   00E7 00                  282 	.db #0x00	; 0
   00E8 05                  283 	.db #0x05	; 5
   00E9 0F                  284 	.db #0x0f	; 15
   00EA 0F                  285 	.db #0x0f	; 15
   00EB 0F                  286 	.db #0x0f	; 15
   00EC 0F                  287 	.db #0x0f	; 15
   00ED 0F                  288 	.db #0x0f	; 15
   00EE 0F                  289 	.db #0x0f	; 15
   00EF 0A                  290 	.db #0x0a	; 10
   00F0 05                  291 	.db #0x05	; 5
   00F1 00                  292 	.db #0x00	; 0
   00F2 00                  293 	.db #0x00	; 0
   00F3 00                  294 	.db #0x00	; 0
   00F4 05                  295 	.db #0x05	; 5
   00F5 0A                  296 	.db #0x0a	; 10
   00F6 05                  297 	.db #0x05	; 5
   00F7 00                  298 	.db #0x00	; 0
   00F8 00                  299 	.db #0x00	; 0
   00F9 00                  300 	.db #0x00	; 0
   00FA 05                  301 	.db #0x05	; 5
   00FB 0A                  302 	.db #0x0a	; 10
   00FC 05                  303 	.db #0x05	; 5
   00FD 00                  304 	.db #0x00	; 0
   00FE 00                  305 	.db #0x00	; 0
   00FF 00                  306 	.db #0x00	; 0
   0100 05                  307 	.db #0x05	; 5
   0101 0F                  308 	.db #0x0f	; 15
   0102 0F                  309 	.db #0x0f	; 15
   0103 0F                  310 	.db #0x0f	; 15
   0104 0F                  311 	.db #0x0f	; 15
   0105 0F                  312 	.db #0x0f	; 15
   0106 0F                  313 	.db #0x0f	; 15
   0107                     314 _enemy_kind3_sprite:
   0107 33                  315 	.db #0x33	; 51	'3'
   0108 33                  316 	.db #0x33	; 51	'3'
   0109 33                  317 	.db #0x33	; 51	'3'
   010A 33                  318 	.db #0x33	; 51	'3'
   010B 33                  319 	.db #0x33	; 51	'3'
   010C 33                  320 	.db #0x33	; 51	'3'
   010D 33                  321 	.db #0x33	; 51	'3'
   010E 33                  322 	.db #0x33	; 51	'3'
   010F 33                  323 	.db #0x33	; 51	'3'
   0110 33                  324 	.db #0x33	; 51	'3'
   0111 22                  325 	.db #0x22	; 34
   0112 00                  326 	.db #0x00	; 0
   0113 22                  327 	.db #0x22	; 34
   0114 00                  328 	.db #0x00	; 0
   0115 00                  329 	.db #0x00	; 0
   0116 00                  330 	.db #0x00	; 0
   0117 00                  331 	.db #0x00	; 0
   0118 00                  332 	.db #0x00	; 0
   0119 00                  333 	.db #0x00	; 0
   011A 11                  334 	.db #0x11	; 17
   011B 22                  335 	.db #0x22	; 34
   011C 00                  336 	.db #0x00	; 0
   011D 22                  337 	.db #0x22	; 34
   011E 00                  338 	.db #0x00	; 0
   011F 00                  339 	.db #0x00	; 0
   0120 00                  340 	.db #0x00	; 0
   0121 00                  341 	.db #0x00	; 0
   0122 00                  342 	.db #0x00	; 0
   0123 00                  343 	.db #0x00	; 0
   0124 11                  344 	.db #0x11	; 17
   0125 22                  345 	.db #0x22	; 34
   0126 00                  346 	.db #0x00	; 0
   0127 22                  347 	.db #0x22	; 34
   0128 00                  348 	.db #0x00	; 0
   0129 00                  349 	.db #0x00	; 0
   012A 00                  350 	.db #0x00	; 0
   012B 00                  351 	.db #0x00	; 0
   012C 00                  352 	.db #0x00	; 0
   012D 00                  353 	.db #0x00	; 0
   012E 11                  354 	.db #0x11	; 17
   012F 22                  355 	.db #0x22	; 34
   0130 00                  356 	.db #0x00	; 0
   0131 22                  357 	.db #0x22	; 34
   0132 00                  358 	.db #0x00	; 0
   0133 00                  359 	.db #0x00	; 0
   0134 00                  360 	.db #0x00	; 0
   0135 00                  361 	.db #0x00	; 0
   0136 00                  362 	.db #0x00	; 0
   0137 00                  363 	.db #0x00	; 0
   0138 11                  364 	.db #0x11	; 17
   0139 22                  365 	.db #0x22	; 34
   013A 00                  366 	.db #0x00	; 0
   013B 22                  367 	.db #0x22	; 34
   013C 00                  368 	.db #0x00	; 0
   013D 00                  369 	.db #0x00	; 0
   013E 00                  370 	.db #0x00	; 0
   013F 00                  371 	.db #0x00	; 0
   0140 00                  372 	.db #0x00	; 0
   0141 00                  373 	.db #0x00	; 0
   0142 11                  374 	.db #0x11	; 17
   0143 22                  375 	.db #0x22	; 34
   0144 00                  376 	.db #0x00	; 0
   0145 22                  377 	.db #0x22	; 34
   0146 00                  378 	.db #0x00	; 0
   0147 00                  379 	.db #0x00	; 0
   0148 00                  380 	.db #0x00	; 0
   0149 00                  381 	.db #0x00	; 0
   014A 00                  382 	.db #0x00	; 0
   014B 00                  383 	.db #0x00	; 0
   014C 11                  384 	.db #0x11	; 17
   014D 22                  385 	.db #0x22	; 34
   014E 00                  386 	.db #0x00	; 0
   014F 22                  387 	.db #0x22	; 34
   0150 00                  388 	.db #0x00	; 0
   0151 00                  389 	.db #0x00	; 0
   0152 00                  390 	.db #0x00	; 0
   0153 00                  391 	.db #0x00	; 0
   0154 00                  392 	.db #0x00	; 0
   0155 00                  393 	.db #0x00	; 0
   0156 11                  394 	.db #0x11	; 17
   0157 22                  395 	.db #0x22	; 34
   0158 00                  396 	.db #0x00	; 0
   0159 22                  397 	.db #0x22	; 34
   015A 00                  398 	.db #0x00	; 0
   015B 00                  399 	.db #0x00	; 0
   015C 00                  400 	.db #0x00	; 0
   015D 00                  401 	.db #0x00	; 0
   015E 00                  402 	.db #0x00	; 0
   015F 00                  403 	.db #0x00	; 0
   0160 11                  404 	.db #0x11	; 17
   0161 33                  405 	.db #0x33	; 51	'3'
   0162 33                  406 	.db #0x33	; 51	'3'
   0163 33                  407 	.db #0x33	; 51	'3'
   0164 33                  408 	.db #0x33	; 51	'3'
   0165 33                  409 	.db #0x33	; 51	'3'
   0166 33                  410 	.db #0x33	; 51	'3'
   0167 33                  411 	.db #0x33	; 51	'3'
   0168 33                  412 	.db #0x33	; 51	'3'
   0169 33                  413 	.db #0x33	; 51	'3'
   016A 33                  414 	.db #0x33	; 51	'3'
   016B 22                  415 	.db #0x22	; 34
   016C 00                  416 	.db #0x00	; 0
   016D 22                  417 	.db #0x22	; 34
   016E 00                  418 	.db #0x00	; 0
   016F 00                  419 	.db #0x00	; 0
   0170 00                  420 	.db #0x00	; 0
   0171 00                  421 	.db #0x00	; 0
   0172 00                  422 	.db #0x00	; 0
   0173 00                  423 	.db #0x00	; 0
   0174 11                  424 	.db #0x11	; 17
   0175 22                  425 	.db #0x22	; 34
   0176 00                  426 	.db #0x00	; 0
   0177 22                  427 	.db #0x22	; 34
   0178 00                  428 	.db #0x00	; 0
   0179 00                  429 	.db #0x00	; 0
   017A 00                  430 	.db #0x00	; 0
   017B 00                  431 	.db #0x00	; 0
   017C 00                  432 	.db #0x00	; 0
   017D 00                  433 	.db #0x00	; 0
   017E 11                  434 	.db #0x11	; 17
   017F 22                  435 	.db #0x22	; 34
   0180 00                  436 	.db #0x00	; 0
   0181 22                  437 	.db #0x22	; 34
   0182 00                  438 	.db #0x00	; 0
   0183 00                  439 	.db #0x00	; 0
   0184 00                  440 	.db #0x00	; 0
   0185 00                  441 	.db #0x00	; 0
   0186 00                  442 	.db #0x00	; 0
   0187 00                  443 	.db #0x00	; 0
   0188 11                  444 	.db #0x11	; 17
   0189 22                  445 	.db #0x22	; 34
   018A 00                  446 	.db #0x00	; 0
   018B 22                  447 	.db #0x22	; 34
   018C 00                  448 	.db #0x00	; 0
   018D 00                  449 	.db #0x00	; 0
   018E 00                  450 	.db #0x00	; 0
   018F 00                  451 	.db #0x00	; 0
   0190 00                  452 	.db #0x00	; 0
   0191 00                  453 	.db #0x00	; 0
   0192 11                  454 	.db #0x11	; 17
   0193 22                  455 	.db #0x22	; 34
   0194 00                  456 	.db #0x00	; 0
   0195 22                  457 	.db #0x22	; 34
   0196 00                  458 	.db #0x00	; 0
   0197 00                  459 	.db #0x00	; 0
   0198 00                  460 	.db #0x00	; 0
   0199 00                  461 	.db #0x00	; 0
   019A 00                  462 	.db #0x00	; 0
   019B 00                  463 	.db #0x00	; 0
   019C 11                  464 	.db #0x11	; 17
   019D 22                  465 	.db #0x22	; 34
   019E 00                  466 	.db #0x00	; 0
   019F 22                  467 	.db #0x22	; 34
   01A0 00                  468 	.db #0x00	; 0
   01A1 00                  469 	.db #0x00	; 0
   01A2 00                  470 	.db #0x00	; 0
   01A3 00                  471 	.db #0x00	; 0
   01A4 00                  472 	.db #0x00	; 0
   01A5 00                  473 	.db #0x00	; 0
   01A6 11                  474 	.db #0x11	; 17
   01A7 22                  475 	.db #0x22	; 34
   01A8 00                  476 	.db #0x00	; 0
   01A9 22                  477 	.db #0x22	; 34
   01AA 00                  478 	.db #0x00	; 0
   01AB 00                  479 	.db #0x00	; 0
   01AC 00                  480 	.db #0x00	; 0
   01AD 00                  481 	.db #0x00	; 0
   01AE 00                  482 	.db #0x00	; 0
   01AF 00                  483 	.db #0x00	; 0
   01B0 11                  484 	.db #0x11	; 17
   01B1 33                  485 	.db #0x33	; 51	'3'
   01B2 33                  486 	.db #0x33	; 51	'3'
   01B3 33                  487 	.db #0x33	; 51	'3'
   01B4 33                  488 	.db #0x33	; 51	'3'
   01B5 33                  489 	.db #0x33	; 51	'3'
   01B6 33                  490 	.db #0x33	; 51	'3'
   01B7 33                  491 	.db #0x33	; 51	'3'
   01B8 33                  492 	.db #0x33	; 51	'3'
   01B9 33                  493 	.db #0x33	; 51	'3'
   01BA 33                  494 	.db #0x33	; 51	'3'
                            495 ;src/entities/enemy.c:82: void enemyspawn(Enemy* enemy, u8 x, u8 y, u8 kind, u8 move_right) {
                            496 ;	---------------------------------
                            497 ; Function enemyspawn
                            498 ; ---------------------------------
   01BB                     499 _enemyspawn::
   01BB DD E5         [15]  500 	push	ix
   01BD DD 21 00 00   [14]  501 	ld	ix,#0
   01C1 DD 39         [15]  502 	add	ix,sp
   01C3 21 F1 FF      [10]  503 	ld	hl, #-15
   01C6 39            [11]  504 	add	hl, sp
   01C7 F9            [ 6]  505 	ld	sp, hl
                            506 ;src/entities/enemy.c:83: if (!enemy) {
   01C8 DD 7E 05      [19]  507 	ld	a, 5 (ix)
   01CB DD B6 04      [19]  508 	or	a,4 (ix)
                            509 ;src/entities/enemy.c:84: return;
   01CE CAr8Er03      [10]  510 	jp	Z,00112$
                            511 ;src/entities/enemy.c:87: enemy->x = x;
   01D1 DD 7E 04      [19]  512 	ld	a, 4 (ix)
   01D4 DD 77 FE      [19]  513 	ld	-2 (ix), a
   01D7 DD 7E 05      [19]  514 	ld	a, 5 (ix)
   01DA DD 77 FF      [19]  515 	ld	-1 (ix), a
   01DD DD 6E FE      [19]  516 	ld	l,-2 (ix)
   01E0 DD 66 FF      [19]  517 	ld	h,-1 (ix)
   01E3 DD 7E 06      [19]  518 	ld	a, 6 (ix)
   01E6 77            [ 7]  519 	ld	(hl), a
                            520 ;src/entities/enemy.c:88: enemy->y = y;
   01E7 DD 4E FE      [19]  521 	ld	c,-2 (ix)
   01EA DD 46 FF      [19]  522 	ld	b,-1 (ix)
   01ED 03            [ 6]  523 	inc	bc
   01EE DD 7E 07      [19]  524 	ld	a, 7 (ix)
   01F1 02            [ 7]  525 	ld	(bc), a
                            526 ;src/entities/enemy.c:89: enemy->vx = move_right ? 1 : -1;
   01F2 DD 7E FE      [19]  527 	ld	a, -2 (ix)
   01F5 C6 02         [ 7]  528 	add	a, #0x02
   01F7 DD 77 FC      [19]  529 	ld	-4 (ix), a
   01FA DD 7E FF      [19]  530 	ld	a, -1 (ix)
   01FD CE 00         [ 7]  531 	adc	a, #0x00
   01FF DD 77 FD      [19]  532 	ld	-3 (ix), a
   0202 DD 7E 09      [19]  533 	ld	a, 9 (ix)
   0205 B7            [ 4]  534 	or	a, a
   0206 28 04         [12]  535 	jr	Z,00114$
   0208 0E 01         [ 7]  536 	ld	c, #0x01
   020A 18 02         [12]  537 	jr	00115$
   020C                     538 00114$:
   020C 0E FF         [ 7]  539 	ld	c, #0xff
   020E                     540 00115$:
   020E DD 6E FC      [19]  541 	ld	l,-4 (ix)
   0211 DD 66 FD      [19]  542 	ld	h,-3 (ix)
   0214 71            [ 7]  543 	ld	(hl), c
                            544 ;src/entities/enemy.c:90: enemy->vy = 0;
   0215 DD 7E FE      [19]  545 	ld	a, -2 (ix)
   0218 C6 03         [ 7]  546 	add	a, #0x03
   021A DD 77 FA      [19]  547 	ld	-6 (ix), a
   021D DD 7E FF      [19]  548 	ld	a, -1 (ix)
   0220 CE 00         [ 7]  549 	adc	a, #0x00
   0222 DD 77 FB      [19]  550 	ld	-5 (ix), a
   0225 DD 6E FA      [19]  551 	ld	l,-6 (ix)
   0228 DD 66 FB      [19]  552 	ld	h,-5 (ix)
   022B 36 00         [10]  553 	ld	(hl), #0x00
                            554 ;src/entities/enemy.c:91: enemy->active = 1;
   022D DD 7E FE      [19]  555 	ld	a, -2 (ix)
   0230 C6 06         [ 7]  556 	add	a, #0x06
   0232 DD 77 F8      [19]  557 	ld	-8 (ix), a
   0235 DD 7E FF      [19]  558 	ld	a, -1 (ix)
   0238 CE 00         [ 7]  559 	adc	a, #0x00
   023A DD 77 F9      [19]  560 	ld	-7 (ix), a
   023D DD 6E F8      [19]  561 	ld	l,-8 (ix)
   0240 DD 66 F9      [19]  562 	ld	h,-7 (ix)
   0243 36 01         [10]  563 	ld	(hl), #0x01
                            564 ;src/entities/enemy.c:92: enemy->kind = kind;
   0245 DD 7E FE      [19]  565 	ld	a, -2 (ix)
   0248 C6 09         [ 7]  566 	add	a, #0x09
   024A DD 77 F8      [19]  567 	ld	-8 (ix), a
   024D DD 7E FF      [19]  568 	ld	a, -1 (ix)
   0250 CE 00         [ 7]  569 	adc	a, #0x00
   0252 DD 77 F9      [19]  570 	ld	-7 (ix), a
   0255 DD 6E F8      [19]  571 	ld	l,-8 (ix)
   0258 DD 66 F9      [19]  572 	ld	h,-7 (ix)
   025B DD 7E 08      [19]  573 	ld	a, 8 (ix)
   025E 77            [ 7]  574 	ld	(hl), a
                            575 ;src/entities/enemy.c:95: enemy->w = 5;
   025F DD 7E FE      [19]  576 	ld	a, -2 (ix)
   0262 C6 04         [ 7]  577 	add	a, #0x04
   0264 DD 77 F8      [19]  578 	ld	-8 (ix), a
   0267 DD 7E FF      [19]  579 	ld	a, -1 (ix)
   026A CE 00         [ 7]  580 	adc	a, #0x00
   026C DD 77 F9      [19]  581 	ld	-7 (ix), a
                            582 ;src/entities/enemy.c:96: enemy->h = 14;
   026F DD 7E FE      [19]  583 	ld	a, -2 (ix)
   0272 C6 05         [ 7]  584 	add	a, #0x05
   0274 DD 77 F6      [19]  585 	ld	-10 (ix), a
   0277 DD 7E FF      [19]  586 	ld	a, -1 (ix)
   027A CE 00         [ 7]  587 	adc	a, #0x00
   027C DD 77 F7      [19]  588 	ld	-9 (ix), a
                            589 ;src/entities/enemy.c:97: enemy->health = 2;
   027F DD 7E FE      [19]  590 	ld	a, -2 (ix)
   0282 C6 07         [ 7]  591 	add	a, #0x07
   0284 DD 77 F4      [19]  592 	ld	-12 (ix), a
   0287 DD 7E FF      [19]  593 	ld	a, -1 (ix)
   028A CE 00         [ 7]  594 	adc	a, #0x00
   028C DD 77 F5      [19]  595 	ld	-11 (ix), a
                            596 ;src/entities/enemy.c:98: enemy->reward = 180;
   028F DD 7E FE      [19]  597 	ld	a, -2 (ix)
   0292 C6 08         [ 7]  598 	add	a, #0x08
   0294 DD 77 FE      [19]  599 	ld	-2 (ix), a
   0297 DD 7E FF      [19]  600 	ld	a, -1 (ix)
   029A CE 00         [ 7]  601 	adc	a, #0x00
   029C DD 77 FF      [19]  602 	ld	-1 (ix), a
                            603 ;src/entities/enemy.c:94: if (kind == 1) {
   029F DD 7E 08      [19]  604 	ld	a, 8 (ix)
   02A2 3D            [ 4]  605 	dec	a
   02A3 20 49         [12]  606 	jr	NZ,00110$
                            607 ;src/entities/enemy.c:95: enemy->w = 5;
   02A5 DD 6E F8      [19]  608 	ld	l,-8 (ix)
   02A8 DD 66 F9      [19]  609 	ld	h,-7 (ix)
   02AB 36 05         [10]  610 	ld	(hl), #0x05
                            611 ;src/entities/enemy.c:96: enemy->h = 14;
   02AD DD 6E F6      [19]  612 	ld	l,-10 (ix)
   02B0 DD 66 F7      [19]  613 	ld	h,-9 (ix)
   02B3 36 0E         [10]  614 	ld	(hl), #0x0e
                            615 ;src/entities/enemy.c:97: enemy->health = 2;
   02B5 DD 6E F4      [19]  616 	ld	l,-12 (ix)
   02B8 DD 66 F5      [19]  617 	ld	h,-11 (ix)
   02BB 36 02         [10]  618 	ld	(hl), #0x02
                            619 ;src/entities/enemy.c:98: enemy->reward = 180;
   02BD DD 6E FE      [19]  620 	ld	l,-2 (ix)
   02C0 DD 66 FF      [19]  621 	ld	h,-1 (ix)
   02C3 36 B4         [10]  622 	ld	(hl), #0xb4
                            623 ;src/entities/enemy.c:99: enemy->vx = move_right ? 2 : -2;
   02C5 DD 7E FC      [19]  624 	ld	a, -4 (ix)
   02C8 DD 77 F2      [19]  625 	ld	-14 (ix), a
   02CB DD 7E FD      [19]  626 	ld	a, -3 (ix)
   02CE DD 77 F3      [19]  627 	ld	-13 (ix), a
   02D1 DD 7E 09      [19]  628 	ld	a, 9 (ix)
   02D4 B7            [ 4]  629 	or	a, a
   02D5 28 06         [12]  630 	jr	Z,00116$
   02D7 DD 36 F1 02   [19]  631 	ld	-15 (ix), #0x02
   02DB 18 04         [12]  632 	jr	00117$
   02DD                     633 00116$:
   02DD DD 36 F1 FE   [19]  634 	ld	-15 (ix), #0xfe
   02E1                     635 00117$:
   02E1 DD 6E F2      [19]  636 	ld	l,-14 (ix)
   02E4 DD 66 F3      [19]  637 	ld	h,-13 (ix)
   02E7 DD 7E F1      [19]  638 	ld	a, -15 (ix)
   02EA 77            [ 7]  639 	ld	(hl), a
   02EB C3r8Er03      [10]  640 	jp	00112$
   02EE                     641 00110$:
                            642 ;src/entities/enemy.c:100: } else if (kind == 2) {
   02EE DD 7E 08      [19]  643 	ld	a, 8 (ix)
   02F1 D6 02         [ 7]  644 	sub	a, #0x02
   02F3 20 3D         [12]  645 	jr	NZ,00107$
                            646 ;src/entities/enemy.c:101: enemy->w = 6;
   02F5 DD 6E F8      [19]  647 	ld	l,-8 (ix)
   02F8 DD 66 F9      [19]  648 	ld	h,-7 (ix)
   02FB 36 06         [10]  649 	ld	(hl), #0x06
                            650 ;src/entities/enemy.c:102: enemy->h = 10;
   02FD DD 6E F6      [19]  651 	ld	l,-10 (ix)
   0300 DD 66 F7      [19]  652 	ld	h,-9 (ix)
   0303 36 0A         [10]  653 	ld	(hl), #0x0a
                            654 ;src/entities/enemy.c:103: enemy->health = 1;
   0305 DD 6E F4      [19]  655 	ld	l,-12 (ix)
   0308 DD 66 F5      [19]  656 	ld	h,-11 (ix)
   030B 36 01         [10]  657 	ld	(hl), #0x01
                            658 ;src/entities/enemy.c:104: enemy->reward = 150;
   030D DD 6E FE      [19]  659 	ld	l,-2 (ix)
   0310 DD 66 FF      [19]  660 	ld	h,-1 (ix)
   0313 36 96         [10]  661 	ld	(hl), #0x96
                            662 ;src/entities/enemy.c:105: enemy->vy = move_right ? 1 : -1;
   0315 DD 4E FA      [19]  663 	ld	c,-6 (ix)
   0318 DD 46 FB      [19]  664 	ld	b,-5 (ix)
   031B DD 7E 09      [19]  665 	ld	a, 9 (ix)
   031E B7            [ 4]  666 	or	a, a
   031F 28 04         [12]  667 	jr	Z,00118$
   0321 3E 01         [ 7]  668 	ld	a, #0x01
   0323 18 02         [12]  669 	jr	00119$
   0325                     670 00118$:
   0325 3E FF         [ 7]  671 	ld	a, #0xff
   0327                     672 00119$:
   0327 02            [ 7]  673 	ld	(bc), a
                            674 ;src/entities/enemy.c:106: enemy->vx = 1;
   0328 DD 6E FC      [19]  675 	ld	l,-4 (ix)
   032B DD 66 FD      [19]  676 	ld	h,-3 (ix)
   032E 36 01         [10]  677 	ld	(hl), #0x01
   0330 18 5C         [12]  678 	jr	00112$
   0332                     679 00107$:
                            680 ;src/entities/enemy.c:107: } else if (kind == 3) {
   0332 DD 7E 08      [19]  681 	ld	a, 8 (ix)
   0335 D6 03         [ 7]  682 	sub	a, #0x03
   0337 20 35         [12]  683 	jr	NZ,00104$
                            684 ;src/entities/enemy.c:108: enemy->w = 10;
   0339 DD 6E F8      [19]  685 	ld	l,-8 (ix)
   033C DD 66 F9      [19]  686 	ld	h,-7 (ix)
   033F 36 0A         [10]  687 	ld	(hl), #0x0a
                            688 ;src/entities/enemy.c:109: enemy->h = 18;
   0341 DD 6E F6      [19]  689 	ld	l,-10 (ix)
   0344 DD 66 F7      [19]  690 	ld	h,-9 (ix)
   0347 36 12         [10]  691 	ld	(hl), #0x12
                            692 ;src/entities/enemy.c:110: enemy->health = 8;
   0349 DD 6E F4      [19]  693 	ld	l,-12 (ix)
   034C DD 66 F5      [19]  694 	ld	h,-11 (ix)
   034F 36 08         [10]  695 	ld	(hl), #0x08
                            696 ;src/entities/enemy.c:111: enemy->reward = 800;
   0351 DD 6E FE      [19]  697 	ld	l,-2 (ix)
   0354 DD 66 FF      [19]  698 	ld	h,-1 (ix)
   0357 36 20         [10]  699 	ld	(hl), #0x20
                            700 ;src/entities/enemy.c:112: enemy->vx = move_right ? 1 : -1;
   0359 DD 4E FC      [19]  701 	ld	c,-4 (ix)
   035C DD 46 FD      [19]  702 	ld	b,-3 (ix)
   035F DD 7E 09      [19]  703 	ld	a, 9 (ix)
   0362 B7            [ 4]  704 	or	a, a
   0363 28 04         [12]  705 	jr	Z,00120$
   0365 3E 01         [ 7]  706 	ld	a, #0x01
   0367 18 02         [12]  707 	jr	00121$
   0369                     708 00120$:
   0369 3E FF         [ 7]  709 	ld	a, #0xff
   036B                     710 00121$:
   036B 02            [ 7]  711 	ld	(bc), a
   036C 18 20         [12]  712 	jr	00112$
   036E                     713 00104$:
                            714 ;src/entities/enemy.c:114: enemy->w = 4;
   036E DD 6E F8      [19]  715 	ld	l,-8 (ix)
   0371 DD 66 F9      [19]  716 	ld	h,-7 (ix)
   0374 36 04         [10]  717 	ld	(hl), #0x04
                            718 ;src/entities/enemy.c:115: enemy->h = 16;
   0376 DD 6E F6      [19]  719 	ld	l,-10 (ix)
   0379 DD 66 F7      [19]  720 	ld	h,-9 (ix)
   037C 36 10         [10]  721 	ld	(hl), #0x10
                            722 ;src/entities/enemy.c:116: enemy->health = 1;
   037E DD 6E F4      [19]  723 	ld	l,-12 (ix)
   0381 DD 66 F5      [19]  724 	ld	h,-11 (ix)
   0384 36 01         [10]  725 	ld	(hl), #0x01
                            726 ;src/entities/enemy.c:117: enemy->reward = 100;
   0386 DD 6E FE      [19]  727 	ld	l,-2 (ix)
   0389 DD 66 FF      [19]  728 	ld	h,-1 (ix)
   038C 36 64         [10]  729 	ld	(hl), #0x64
   038E                     730 00112$:
   038E DD F9         [10]  731 	ld	sp, ix
   0390 DD E1         [14]  732 	pop	ix
   0392 C9            [10]  733 	ret
                            734 ;src/entities/enemy.c:121: void enemyupdate(Enemy* enemy) {
                            735 ;	---------------------------------
                            736 ; Function enemyupdate
                            737 ; ---------------------------------
   0393                     738 _enemyupdate::
   0393 DD E5         [15]  739 	push	ix
   0395 DD 21 00 00   [14]  740 	ld	ix,#0
   0399 DD 39         [15]  741 	add	ix,sp
   039B 21 F6 FF      [10]  742 	ld	hl, #-10
   039E 39            [11]  743 	add	hl, sp
   039F F9            [ 6]  744 	ld	sp, hl
                            745 ;src/entities/enemy.c:125: if (!enemy || !enemy->active) {
   03A0 DD 7E 05      [19]  746 	ld	a, 5 (ix)
   03A3 DD B6 04      [19]  747 	or	a,4 (ix)
   03A6 CAr7Fr05      [10]  748 	jp	Z,00121$
   03A9 DD 7E 04      [19]  749 	ld	a, 4 (ix)
   03AC DD 77 F6      [19]  750 	ld	-10 (ix), a
   03AF DD 7E 05      [19]  751 	ld	a, 5 (ix)
   03B2 DD 77 F7      [19]  752 	ld	-9 (ix), a
   03B5 E1            [10]  753 	pop	hl
   03B6 E5            [11]  754 	push	hl
   03B7 11 06 00      [10]  755 	ld	de, #0x0006
   03BA 19            [11]  756 	add	hl, de
   03BB 7E            [ 7]  757 	ld	a, (hl)
   03BC B7            [ 4]  758 	or	a, a
                            759 ;src/entities/enemy.c:126: return;
   03BD CAr7Fr05      [10]  760 	jp	Z,00121$
                            761 ;src/entities/enemy.c:129: if (enemy->kind == 2) {
   03C0 E1            [10]  762 	pop	hl
   03C1 E5            [11]  763 	push	hl
   03C2 11 09 00      [10]  764 	ld	de, #0x0009
   03C5 19            [11]  765 	add	hl, de
   03C6 7E            [ 7]  766 	ld	a, (hl)
   03C7 DD 77 FF      [19]  767 	ld	-1 (ix), a
                            768 ;src/entities/enemy.c:130: nextx = (i16)enemy->x + (i16)enemy->vx;
   03CA E1            [10]  769 	pop	hl
   03CB E5            [11]  770 	push	hl
   03CC 4E            [ 7]  771 	ld	c, (hl)
   03CD DD 7E F6      [19]  772 	ld	a, -10 (ix)
   03D0 C6 02         [ 7]  773 	add	a, #0x02
   03D2 DD 77 FD      [19]  774 	ld	-3 (ix), a
   03D5 DD 7E F7      [19]  775 	ld	a, -9 (ix)
   03D8 CE 00         [ 7]  776 	adc	a, #0x00
   03DA DD 77 FE      [19]  777 	ld	-2 (ix), a
                            778 ;src/entities/enemy.c:131: nexty = (i16)enemy->y + (i16)enemy->vy;
   03DD DD 7E F6      [19]  779 	ld	a, -10 (ix)
   03E0 C6 01         [ 7]  780 	add	a, #0x01
   03E2 DD 77 FB      [19]  781 	ld	-5 (ix), a
   03E5 DD 7E F7      [19]  782 	ld	a, -9 (ix)
   03E8 CE 00         [ 7]  783 	adc	a, #0x00
   03EA DD 77 FC      [19]  784 	ld	-4 (ix), a
   03ED D1            [10]  785 	pop	de
   03EE D5            [11]  786 	push	de
   03EF 13            [ 6]  787 	inc	de
   03F0 13            [ 6]  788 	inc	de
   03F1 13            [ 6]  789 	inc	de
                            790 ;src/entities/enemy.c:130: nextx = (i16)enemy->x + (i16)enemy->vx;
   03F2 06 00         [ 7]  791 	ld	b, #0x00
   03F4 DD 6E FD      [19]  792 	ld	l,-3 (ix)
   03F7 DD 66 FE      [19]  793 	ld	h,-2 (ix)
   03FA 7E            [ 7]  794 	ld	a, (hl)
   03FB DD 77 FA      [19]  795 	ld	-6 (ix), a
   03FE 6F            [ 4]  796 	ld	l, a
   03FF DD 7E FA      [19]  797 	ld	a, -6 (ix)
   0402 17            [ 4]  798 	rla
   0403 9F            [ 4]  799 	sbc	a, a
   0404 67            [ 4]  800 	ld	h, a
   0405 09            [11]  801 	add	hl,bc
   0406 4D            [ 4]  802 	ld	c, l
   0407 44            [ 4]  803 	ld	b, h
                            804 ;src/entities/enemy.c:129: if (enemy->kind == 2) {
   0408 DD 7E FF      [19]  805 	ld	a, -1 (ix)
   040B D6 02         [ 7]  806 	sub	a, #0x02
   040D C2rB3r04      [10]  807 	jp	NZ,00111$
                            808 ;src/entities/enemy.c:130: nextx = (i16)enemy->x + (i16)enemy->vx;
                            809 ;src/entities/enemy.c:131: nexty = (i16)enemy->y + (i16)enemy->vy;
   0410 DD 6E FB      [19]  810 	ld	l,-5 (ix)
   0413 DD 66 FC      [19]  811 	ld	h,-4 (ix)
   0416 6E            [ 7]  812 	ld	l, (hl)
   0417 DD 75 F8      [19]  813 	ld	-8 (ix), l
   041A DD 36 F9 00   [19]  814 	ld	-7 (ix), #0x00
   041E 1A            [ 7]  815 	ld	a, (de)
   041F 6F            [ 4]  816 	ld	l, a
   0420 17            [ 4]  817 	rla
   0421 9F            [ 4]  818 	sbc	a, a
   0422 67            [ 4]  819 	ld	h, a
   0423 DD 7E F8      [19]  820 	ld	a, -8 (ix)
   0426 85            [ 4]  821 	add	a, l
   0427 DD 77 F8      [19]  822 	ld	-8 (ix), a
   042A DD 7E F9      [19]  823 	ld	a, -7 (ix)
   042D 8C            [ 4]  824 	adc	a, h
   042E DD 77 F9      [19]  825 	ld	-7 (ix), a
                            826 ;src/entities/enemy.c:133: if (nextx < 8 || nextx > 72) {
   0431 79            [ 4]  827 	ld	a, c
   0432 D6 08         [ 7]  828 	sub	a, #0x08
   0434 78            [ 4]  829 	ld	a, b
   0435 17            [ 4]  830 	rla
   0436 3F            [ 4]  831 	ccf
   0437 1F            [ 4]  832 	rra
   0438 DE 80         [ 7]  833 	sbc	a, #0x80
   043A 38 0E         [12]  834 	jr	C,00104$
   043C 3E 48         [ 7]  835 	ld	a, #0x48
   043E B9            [ 4]  836 	cp	a, c
   043F 3E 00         [ 7]  837 	ld	a, #0x00
   0441 98            [ 4]  838 	sbc	a, b
   0442 E2r47r04      [10]  839 	jp	PO, 00161$
   0445 EE 80         [ 7]  840 	xor	a, #0x80
   0447                     841 00161$:
   0447 F2r61r04      [10]  842 	jp	P, 00105$
   044A                     843 00104$:
                            844 ;src/entities/enemy.c:134: enemy->vx = (i8)(-enemy->vx);
   044A AF            [ 4]  845 	xor	a, a
   044B DD 96 FA      [19]  846 	sub	a, -6 (ix)
   044E 4F            [ 4]  847 	ld	c, a
   044F DD 6E FD      [19]  848 	ld	l,-3 (ix)
   0452 DD 66 FE      [19]  849 	ld	h,-2 (ix)
   0455 71            [ 7]  850 	ld	(hl), c
                            851 ;src/entities/enemy.c:135: nextx = (i16)enemy->x + (i16)enemy->vx;
   0456 E1            [10]  852 	pop	hl
   0457 E5            [11]  853 	push	hl
   0458 6E            [ 7]  854 	ld	l, (hl)
   0459 26 00         [ 7]  855 	ld	h, #0x00
   045B 79            [ 4]  856 	ld	a, c
   045C 17            [ 4]  857 	rla
   045D 9F            [ 4]  858 	sbc	a, a
   045E 47            [ 4]  859 	ld	b, a
   045F 09            [11]  860 	add	hl,bc
   0460 4D            [ 4]  861 	ld	c, l
   0461                     862 00105$:
                            863 ;src/entities/enemy.c:137: if (nexty < 56 || nexty > 120) {
   0461 DD 7E F8      [19]  864 	ld	a, -8 (ix)
   0464 D6 38         [ 7]  865 	sub	a, #0x38
   0466 DD 7E F9      [19]  866 	ld	a, -7 (ix)
   0469 17            [ 4]  867 	rla
   046A 3F            [ 4]  868 	ccf
   046B 1F            [ 4]  869 	rra
   046C DE 80         [ 7]  870 	sbc	a, #0x80
   046E 38 12         [12]  871 	jr	C,00107$
   0470 3E 78         [ 7]  872 	ld	a, #0x78
   0472 DD BE F8      [19]  873 	cp	a, -8 (ix)
   0475 3E 00         [ 7]  874 	ld	a, #0x00
   0477 DD 9E F9      [19]  875 	sbc	a, -7 (ix)
   047A E2r7Fr04      [10]  876 	jp	PO, 00162$
   047D EE 80         [ 7]  877 	xor	a, #0x80
   047F                     878 00162$:
   047F F2rA3r04      [10]  879 	jp	P, 00108$
   0482                     880 00107$:
                            881 ;src/entities/enemy.c:138: enemy->vy = (i8)(-enemy->vy);
   0482 1A            [ 7]  882 	ld	a, (de)
   0483 6F            [ 4]  883 	ld	l, a
   0484 AF            [ 4]  884 	xor	a, a
   0485 95            [ 4]  885 	sub	a, l
   0486 DD 77 FA      [19]  886 	ld	-6 (ix), a
   0489 12            [ 7]  887 	ld	(de),a
                            888 ;src/entities/enemy.c:139: nexty = (i16)enemy->y + (i16)enemy->vy;
   048A DD 6E FB      [19]  889 	ld	l,-5 (ix)
   048D DD 66 FC      [19]  890 	ld	h,-4 (ix)
   0490 5E            [ 7]  891 	ld	e, (hl)
   0491 16 00         [ 7]  892 	ld	d, #0x00
   0493 DD 6E FA      [19]  893 	ld	l, -6 (ix)
   0496 DD 7E FA      [19]  894 	ld	a, -6 (ix)
   0499 17            [ 4]  895 	rla
   049A 9F            [ 4]  896 	sbc	a, a
   049B 67            [ 4]  897 	ld	h, a
   049C 19            [11]  898 	add	hl,de
   049D DD 75 F8      [19]  899 	ld	-8 (ix), l
   04A0 DD 74 F9      [19]  900 	ld	-7 (ix), h
   04A3                     901 00108$:
                            902 ;src/entities/enemy.c:142: enemy->x = (u8)nextx;
   04A3 E1            [10]  903 	pop	hl
   04A4 E5            [11]  904 	push	hl
   04A5 71            [ 7]  905 	ld	(hl), c
                            906 ;src/entities/enemy.c:143: enemy->y = (u8)nexty;
   04A6 DD 4E F8      [19]  907 	ld	c, -8 (ix)
   04A9 DD 6E FB      [19]  908 	ld	l,-5 (ix)
   04AC DD 66 FC      [19]  909 	ld	h,-4 (ix)
   04AF 71            [ 7]  910 	ld	(hl), c
                            911 ;src/entities/enemy.c:144: return;
   04B0 C3r7Fr05      [10]  912 	jp	00121$
   04B3                     913 00111$:
                            914 ;src/entities/enemy.c:147: nextx = (i16)enemy->x + (i16)enemy->vx;
                            915 ;src/entities/enemy.c:148: if (nextx < 2) {
   04B3 79            [ 4]  916 	ld	a, c
   04B4 D6 02         [ 7]  917 	sub	a, #0x02
   04B6 78            [ 4]  918 	ld	a, b
   04B7 17            [ 4]  919 	rla
   04B8 3F            [ 4]  920 	ccf
   04B9 1F            [ 4]  921 	rra
   04BA DE 80         [ 7]  922 	sbc	a, #0x80
   04BC 30 0B         [12]  923 	jr	NC,00113$
                            924 ;src/entities/enemy.c:149: nextx = 2;
   04BE 01 02 00      [10]  925 	ld	bc, #0x0002
                            926 ;src/entities/enemy.c:150: enemy->vx = 1;
   04C1 DD 6E FD      [19]  927 	ld	l,-3 (ix)
   04C4 DD 66 FE      [19]  928 	ld	h,-2 (ix)
   04C7 36 01         [10]  929 	ld	(hl), #0x01
   04C9                     930 00113$:
                            931 ;src/entities/enemy.c:153: i16 maxx = (i16)(80 - (i16)enemy->w);
   04C9 E1            [10]  932 	pop	hl
   04CA E5            [11]  933 	push	hl
   04CB 23            [ 6]  934 	inc	hl
   04CC 23            [ 6]  935 	inc	hl
   04CD 23            [ 6]  936 	inc	hl
   04CE 23            [ 6]  937 	inc	hl
   04CF 6E            [ 7]  938 	ld	l, (hl)
   04D0 26 00         [ 7]  939 	ld	h, #0x00
   04D2 3E 50         [ 7]  940 	ld	a, #0x50
   04D4 95            [ 4]  941 	sub	a, l
   04D5 6F            [ 4]  942 	ld	l, a
   04D6 3E 00         [ 7]  943 	ld	a, #0x00
   04D8 9C            [ 4]  944 	sbc	a, h
   04D9 67            [ 4]  945 	ld	h, a
                            946 ;src/entities/enemy.c:154: if (nextx > maxx) {
   04DA 7D            [ 4]  947 	ld	a, l
   04DB 91            [ 4]  948 	sub	a, c
   04DC 7C            [ 4]  949 	ld	a, h
   04DD 98            [ 4]  950 	sbc	a, b
   04DE E2rE3r04      [10]  951 	jp	PO, 00163$
   04E1 EE 80         [ 7]  952 	xor	a, #0x80
   04E3                     953 00163$:
   04E3 F2rEFr04      [10]  954 	jp	P, 00115$
                            955 ;src/entities/enemy.c:155: nextx = maxx;
   04E6 4D            [ 4]  956 	ld	c, l
                            957 ;src/entities/enemy.c:156: enemy->vx = -1;
   04E7 DD 6E FD      [19]  958 	ld	l,-3 (ix)
   04EA DD 66 FE      [19]  959 	ld	h,-2 (ix)
   04ED 36 FF         [10]  960 	ld	(hl), #0xff
   04EF                     961 00115$:
                            962 ;src/entities/enemy.c:159: enemy->x = (u8)nextx;
   04EF E1            [10]  963 	pop	hl
   04F0 E5            [11]  964 	push	hl
   04F1 71            [ 7]  965 	ld	(hl), c
                            966 ;src/entities/enemy.c:161: enemy->vy = (i8)(enemy->vy + 1);
   04F2 1A            [ 7]  967 	ld	a, (de)
   04F3 4F            [ 4]  968 	ld	c, a
   04F4 0C            [ 4]  969 	inc	c
   04F5 79            [ 4]  970 	ld	a, c
   04F6 12            [ 7]  971 	ld	(de), a
                            972 ;src/entities/enemy.c:162: if (enemy->vy > 3) enemy->vy = 3;
   04F7 3E 03         [ 7]  973 	ld	a, #0x03
   04F9 91            [ 4]  974 	sub	a, c
   04FA E2rFFr04      [10]  975 	jp	PO, 00164$
   04FD EE 80         [ 7]  976 	xor	a, #0x80
   04FF                     977 00164$:
   04FF F2r05r05      [10]  978 	jp	P, 00117$
   0502 3E 03         [ 7]  979 	ld	a, #0x03
   0504 12            [ 7]  980 	ld	(de), a
   0505                     981 00117$:
                            982 ;src/entities/enemy.c:163: nexty = (i16)enemy->y + (i16)enemy->vy;
   0505 DD 6E FB      [19]  983 	ld	l,-5 (ix)
   0508 DD 66 FC      [19]  984 	ld	h,-4 (ix)
   050B 4E            [ 7]  985 	ld	c, (hl)
   050C 06 00         [ 7]  986 	ld	b, #0x00
   050E 1A            [ 7]  987 	ld	a, (de)
   050F 6F            [ 4]  988 	ld	l, a
   0510 17            [ 4]  989 	rla
   0511 9F            [ 4]  990 	sbc	a, a
   0512 67            [ 4]  991 	ld	h, a
   0513 09            [11]  992 	add	hl, bc
   0514 E5            [11]  993 	push	hl
   0515 FD E1         [14]  994 	pop	iy
                            995 ;src/entities/enemy.c:164: nexty = collision_clamp_y_at((i16)enemy->x, nexty, enemy->h);
   0517 DD 7E F6      [19]  996 	ld	a, -10 (ix)
   051A C6 05         [ 7]  997 	add	a, #0x05
   051C DD 77 F8      [19]  998 	ld	-8 (ix), a
   051F DD 7E F7      [19]  999 	ld	a, -9 (ix)
   0522 CE 00         [ 7] 1000 	adc	a, #0x00
   0524 DD 77 F9      [19] 1001 	ld	-7 (ix), a
   0527 DD 6E F8      [19] 1002 	ld	l,-8 (ix)
   052A DD 66 F9      [19] 1003 	ld	h,-7 (ix)
   052D 7E            [ 7] 1004 	ld	a, (hl)
   052E E1            [10] 1005 	pop	hl
   052F E5            [11] 1006 	push	hl
   0530 4E            [ 7] 1007 	ld	c, (hl)
   0531 06 00         [ 7] 1008 	ld	b, #0x00
   0533 D5            [11] 1009 	push	de
   0534 F5            [11] 1010 	push	af
   0535 33            [ 6] 1011 	inc	sp
   0536 FD E5         [15] 1012 	push	iy
   0538 C5            [11] 1013 	push	bc
   0539 CDr00r00      [17] 1014 	call	_collision_clamp_y_at
   053C F1            [10] 1015 	pop	af
   053D F1            [10] 1016 	pop	af
   053E 33            [ 6] 1017 	inc	sp
   053F 4D            [ 4] 1018 	ld	c, l
   0540 D1            [10] 1019 	pop	de
                           1020 ;src/entities/enemy.c:165: enemy->y = (u8)nexty;
   0541 DD 6E FB      [19] 1021 	ld	l,-5 (ix)
   0544 DD 66 FC      [19] 1022 	ld	h,-4 (ix)
   0547 71            [ 7] 1023 	ld	(hl), c
                           1024 ;src/entities/enemy.c:166: if (collision_is_on_ground_at((i16)enemy->x, (i16)enemy->y, enemy->h) && enemy->vy > 0) {
   0548 DD 6E F8      [19] 1025 	ld	l,-8 (ix)
   054B DD 66 F9      [19] 1026 	ld	h,-7 (ix)
   054E 7E            [ 7] 1027 	ld	a, (hl)
   054F 06 00         [ 7] 1028 	ld	b, #0x00
   0551 E1            [10] 1029 	pop	hl
   0552 E5            [11] 1030 	push	hl
   0553 6E            [ 7] 1031 	ld	l, (hl)
   0554 DD 75 F8      [19] 1032 	ld	-8 (ix), l
   0557 DD 36 F9 00   [19] 1033 	ld	-7 (ix), #0x00
   055B D5            [11] 1034 	push	de
   055C F5            [11] 1035 	push	af
   055D 33            [ 6] 1036 	inc	sp
   055E C5            [11] 1037 	push	bc
   055F DD 6E F8      [19] 1038 	ld	l,-8 (ix)
   0562 DD 66 F9      [19] 1039 	ld	h,-7 (ix)
   0565 E5            [11] 1040 	push	hl
   0566 CDr00r00      [17] 1041 	call	_collision_is_on_ground_at
   0569 F1            [10] 1042 	pop	af
   056A F1            [10] 1043 	pop	af
   056B 33            [ 6] 1044 	inc	sp
   056C D1            [10] 1045 	pop	de
   056D 7D            [ 4] 1046 	ld	a, l
   056E B7            [ 4] 1047 	or	a, a
   056F 28 0E         [12] 1048 	jr	Z,00121$
   0571 1A            [ 7] 1049 	ld	a, (de)
   0572 4F            [ 4] 1050 	ld	c, a
   0573 AF            [ 4] 1051 	xor	a, a
   0574 91            [ 4] 1052 	sub	a, c
   0575 E2r7Ar05      [10] 1053 	jp	PO, 00165$
   0578 EE 80         [ 7] 1054 	xor	a, #0x80
   057A                    1055 00165$:
   057A F2r7Fr05      [10] 1056 	jp	P, 00121$
                           1057 ;src/entities/enemy.c:167: enemy->vy = 0;
   057D AF            [ 4] 1058 	xor	a, a
   057E 12            [ 7] 1059 	ld	(de), a
   057F                    1060 00121$:
   057F DD F9         [10] 1061 	ld	sp, ix
   0581 DD E1         [14] 1062 	pop	ix
   0583 C9            [10] 1063 	ret
                           1064 ;src/entities/enemy.c:171: void enemyrender(const Enemy* enemy) {
                           1065 ;	---------------------------------
                           1066 ; Function enemyrender
                           1067 ; ---------------------------------
   0584                    1068 _enemyrender::
   0584 DD E5         [15] 1069 	push	ix
   0586 DD 21 00 00   [14] 1070 	ld	ix,#0
   058A DD 39         [15] 1071 	add	ix,sp
   058C F5            [11] 1072 	push	af
   058D 3B            [ 6] 1073 	dec	sp
                           1074 ;src/entities/enemy.c:175: if (!enemy || !enemy->active) {
   058E DD 7E 05      [19] 1075 	ld	a, 5 (ix)
   0591 DD B6 04      [19] 1076 	or	a,4 (ix)
   0594 CAr11r06      [10] 1077 	jp	Z,00113$
   0597 DD 4E 04      [19] 1078 	ld	c,4 (ix)
   059A DD 46 05      [19] 1079 	ld	b,5 (ix)
   059D C5            [11] 1080 	push	bc
   059E FD E1         [14] 1081 	pop	iy
   05A0 FD 7E 06      [19] 1082 	ld	a, 6 (iy)
   05A3 B7            [ 4] 1083 	or	a, a
                           1084 ;src/entities/enemy.c:176: return;
   05A4 28 6B         [12] 1085 	jr	Z,00113$
                           1086 ;src/entities/enemy.c:179: if (enemy->kind == 3) sprite = enemy_kind3_sprite;
   05A6 C5            [11] 1087 	push	bc
   05A7 FD E1         [14] 1088 	pop	iy
   05A9 FD 7E 09      [19] 1089 	ld	a, 9 (iy)
   05AC FE 03         [ 7] 1090 	cp	a, #0x03
   05AE 20 0A         [12] 1091 	jr	NZ,00111$
   05B0 DD 36 FEr07   [19] 1092 	ld	-2 (ix), #<(_enemy_kind3_sprite)
   05B4 DD 36 FFs01   [19] 1093 	ld	-1 (ix), #>(_enemy_kind3_sprite)
   05B8 18 23         [12] 1094 	jr	00112$
   05BA                    1095 00111$:
                           1096 ;src/entities/enemy.c:180: else if (enemy->kind == 2) sprite = enemy_kind2_sprite;
   05BA FE 02         [ 7] 1097 	cp	a, #0x02
   05BC 20 0A         [12] 1098 	jr	NZ,00108$
   05BE DD 36 FErCB   [19] 1099 	ld	-2 (ix), #<(_enemy_kind2_sprite)
   05C2 DD 36 FFs00   [19] 1100 	ld	-1 (ix), #>(_enemy_kind2_sprite)
   05C6 18 15         [12] 1101 	jr	00112$
   05C8                    1102 00108$:
                           1103 ;src/entities/enemy.c:181: else if (enemy->kind == 1) sprite = enemy_kind1_sprite;
   05C8 3D            [ 4] 1104 	dec	a
   05C9 20 0A         [12] 1105 	jr	NZ,00105$
   05CB DD 36 FEr85   [19] 1106 	ld	-2 (ix), #<(_enemy_kind1_sprite)
   05CF DD 36 FFs00   [19] 1107 	ld	-1 (ix), #>(_enemy_kind1_sprite)
   05D3 18 08         [12] 1108 	jr	00112$
   05D5                    1109 00105$:
                           1110 ;src/entities/enemy.c:182: else sprite = enemy_kind0_sprite;
   05D5 DD 36 FEr45   [19] 1111 	ld	-2 (ix), #<(_enemy_kind0_sprite)
   05D9 DD 36 FFs00   [19] 1112 	ld	-1 (ix), #>(_enemy_kind0_sprite)
   05DD                    1113 00112$:
                           1114 ;src/entities/enemy.c:184: pvmem = cpct_getScreenPtr(CPCT_VMEM_START, enemy->x, enemy->y);
   05DD 69            [ 4] 1115 	ld	l, c
   05DE 60            [ 4] 1116 	ld	h, b
   05DF 23            [ 6] 1117 	inc	hl
   05E0 56            [ 7] 1118 	ld	d, (hl)
   05E1 0A            [ 7] 1119 	ld	a, (bc)
   05E2 C5            [11] 1120 	push	bc
   05E3 5F            [ 4] 1121 	ld	e, a
   05E4 D5            [11] 1122 	push	de
   05E5 21 00 C0      [10] 1123 	ld	hl, #0xc000
   05E8 E5            [11] 1124 	push	hl
   05E9 CDr00r00      [17] 1125 	call	_cpct_getScreenPtr
   05EC EB            [ 4] 1126 	ex	de,hl
   05ED C1            [10] 1127 	pop	bc
                           1128 ;src/entities/enemy.c:185: cpct_drawSprite((u8*)sprite, pvmem, enemy->w, enemy->h);
   05EE C5            [11] 1129 	push	bc
   05EF FD E1         [14] 1130 	pop	iy
   05F1 FD 7E 05      [19] 1131 	ld	a, 5 (iy)
   05F4 DD 77 FD      [19] 1132 	ld	-3 (ix), a
   05F7 69            [ 4] 1133 	ld	l, c
   05F8 60            [ 4] 1134 	ld	h, b
   05F9 01 04 00      [10] 1135 	ld	bc, #0x0004
   05FC 09            [11] 1136 	add	hl, bc
   05FD 4E            [ 7] 1137 	ld	c, (hl)
   05FE D5            [11] 1138 	push	de
   05FF FD E1         [14] 1139 	pop	iy
   0601 DD 5E FE      [19] 1140 	ld	e,-2 (ix)
   0604 DD 56 FF      [19] 1141 	ld	d,-1 (ix)
   0607 DD 46 FD      [19] 1142 	ld	b, -3 (ix)
   060A C5            [11] 1143 	push	bc
   060B FD E5         [15] 1144 	push	iy
   060D D5            [11] 1145 	push	de
   060E CDr00r00      [17] 1146 	call	_cpct_drawSprite
   0611                    1147 00113$:
   0611 DD F9         [10] 1148 	ld	sp, ix
   0613 DD E1         [14] 1149 	pop	ix
   0615 C9            [10] 1150 	ret
                           1151 ;src/entities/enemy.c:188: u8 enemydamage(Enemy* enemy, u8 damage) {
                           1152 ;	---------------------------------
                           1153 ; Function enemydamage
                           1154 ; ---------------------------------
   0616                    1155 _enemydamage::
   0616 DD E5         [15] 1156 	push	ix
   0618 DD 21 00 00   [14] 1157 	ld	ix,#0
   061C DD 39         [15] 1158 	add	ix,sp
                           1159 ;src/entities/enemy.c:189: if (!enemy || !enemy->active) {
   061E DD 7E 05      [19] 1160 	ld	a, 5 (ix)
   0621 DD B6 04      [19] 1161 	or	a,4 (ix)
   0624 28 0F         [12] 1162 	jr	Z,00101$
   0626 DD 4E 04      [19] 1163 	ld	c,4 (ix)
   0629 DD 46 05      [19] 1164 	ld	b,5 (ix)
   062C 21 06 00      [10] 1165 	ld	hl, #0x0006
   062F 09            [11] 1166 	add	hl,bc
   0630 EB            [ 4] 1167 	ex	de,hl
   0631 1A            [ 7] 1168 	ld	a, (de)
   0632 B7            [ 4] 1169 	or	a, a
   0633 20 04         [12] 1170 	jr	NZ,00102$
   0635                    1171 00101$:
                           1172 ;src/entities/enemy.c:190: return 0;
   0635 2E 00         [ 7] 1173 	ld	l, #0x00
   0637 18 1A         [12] 1174 	jr	00106$
   0639                    1175 00102$:
                           1176 ;src/entities/enemy.c:193: if (damage >= enemy->health) {
   0639 21 07 00      [10] 1177 	ld	hl, #0x0007
   063C 09            [11] 1178 	add	hl, bc
   063D 4E            [ 7] 1179 	ld	c, (hl)
   063E DD 7E 06      [19] 1180 	ld	a, 6 (ix)
   0641 91            [ 4] 1181 	sub	a, c
   0642 38 08         [12] 1182 	jr	C,00105$
                           1183 ;src/entities/enemy.c:194: enemy->health = 0;
   0644 36 00         [10] 1184 	ld	(hl), #0x00
                           1185 ;src/entities/enemy.c:195: enemy->active = 0;
   0646 AF            [ 4] 1186 	xor	a, a
   0647 12            [ 7] 1187 	ld	(de), a
                           1188 ;src/entities/enemy.c:196: return 1;
   0648 2E 01         [ 7] 1189 	ld	l, #0x01
   064A 18 07         [12] 1190 	jr	00106$
   064C                    1191 00105$:
                           1192 ;src/entities/enemy.c:199: enemy->health = (u8)(enemy->health - damage);
   064C 79            [ 4] 1193 	ld	a, c
   064D DD 96 06      [19] 1194 	sub	a, 6 (ix)
   0650 77            [ 7] 1195 	ld	(hl), a
                           1196 ;src/entities/enemy.c:200: return 0;
   0651 2E 00         [ 7] 1197 	ld	l, #0x00
   0653                    1198 00106$:
   0653 DD E1         [14] 1199 	pop	ix
   0655 C9            [10] 1200 	ret
                           1201 	.area _CODE
                           1202 	.area _INITIALIZER
                           1203 	.area _CABS (ABS)
