                              1 ;--------------------------------------------------------
                              2 ; File Created by SDCC : free open source ANSI-C Compiler
                              3 ; Version 3.6.8 #9946 (Mac OS X ppc)
                              4 ;--------------------------------------------------------
                              5 	.module enemy
                              6 	.optsdcc -mz80
                              7 	
                              8 ;--------------------------------------------------------
                              9 ; Public variables in this module
                             10 ;--------------------------------------------------------
                             11 	.globl _collision_clamp_y_at
                             12 	.globl _collision_is_on_ground_at
                             13 	.globl _cpct_getScreenPtr
                             14 	.globl _cpct_drawSprite
                             15 	.globl _enemyinit
                             16 	.globl _enemyspawn
                             17 	.globl _enemyupdate
                             18 	.globl _enemyrender
                             19 	.globl _enemydamage
                             20 ;--------------------------------------------------------
                             21 ; special function registers
                             22 ;--------------------------------------------------------
                             23 ;--------------------------------------------------------
                             24 ; ram data
                             25 ;--------------------------------------------------------
                             26 	.area _DATA
                             27 ;--------------------------------------------------------
                             28 ; ram data
                             29 ;--------------------------------------------------------
                             30 	.area _INITIALIZED
                             31 ;--------------------------------------------------------
                             32 ; absolute external ram data
                             33 ;--------------------------------------------------------
                             34 	.area _DABS (ABS)
                             35 ;--------------------------------------------------------
                             36 ; global & static initialisations
                             37 ;--------------------------------------------------------
                             38 	.area _HOME
                             39 	.area _GSINIT
                             40 	.area _GSFINAL
                             41 	.area _GSINIT
                             42 ;--------------------------------------------------------
                             43 ; Home
                             44 ;--------------------------------------------------------
                             45 	.area _HOME
                             46 	.area _HOME
                             47 ;--------------------------------------------------------
                             48 ; code
                             49 ;--------------------------------------------------------
                             50 	.area _CODE
                             51 ;src/entities/enemy.c:85: void enemyinit(Enemy* enemy) {
                             52 ;	---------------------------------
                             53 ; Function enemyinit
                             54 ; ---------------------------------
   0000                      55 _enemyinit::
                             56 ;src/entities/enemy.c:86: if (!enemy) {
   0000 21 03 00      [10]   57 	ld	hl, #2+1
   0003 39            [11]   58 	add	hl, sp
   0004 7E            [ 7]   59 	ld	a, (hl)
   0005 2B            [ 6]   60 	dec	hl
   0006 B6            [ 7]   61 	or	a,(hl)
                             62 ;src/entities/enemy.c:87: return;
   0007 C8            [11]   63 	ret	Z
                             64 ;src/entities/enemy.c:90: enemy->x = 0;
   0008 D1            [10]   65 	pop	de
   0009 C1            [10]   66 	pop	bc
   000A C5            [11]   67 	push	bc
   000B D5            [11]   68 	push	de
   000C AF            [ 4]   69 	xor	a, a
   000D 02            [ 7]   70 	ld	(bc), a
                             71 ;src/entities/enemy.c:91: enemy->y = 0;
   000E 59            [ 4]   72 	ld	e, c
   000F 50            [ 4]   73 	ld	d, b
   0010 13            [ 6]   74 	inc	de
   0011 AF            [ 4]   75 	xor	a, a
   0012 12            [ 7]   76 	ld	(de), a
                             77 ;src/entities/enemy.c:92: enemy->vx = 0;
   0013 59            [ 4]   78 	ld	e, c
   0014 50            [ 4]   79 	ld	d, b
   0015 13            [ 6]   80 	inc	de
   0016 13            [ 6]   81 	inc	de
   0017 AF            [ 4]   82 	xor	a, a
   0018 12            [ 7]   83 	ld	(de), a
                             84 ;src/entities/enemy.c:93: enemy->vy = 0;
   0019 59            [ 4]   85 	ld	e, c
   001A 50            [ 4]   86 	ld	d, b
   001B 13            [ 6]   87 	inc	de
   001C 13            [ 6]   88 	inc	de
   001D 13            [ 6]   89 	inc	de
   001E AF            [ 4]   90 	xor	a, a
   001F 12            [ 7]   91 	ld	(de), a
                             92 ;src/entities/enemy.c:94: enemy->w = 4;
   0020 21 04 00      [10]   93 	ld	hl, #0x0004
   0023 09            [11]   94 	add	hl, bc
   0024 36 04         [10]   95 	ld	(hl), #0x04
                             96 ;src/entities/enemy.c:95: enemy->h = 16;
   0026 21 05 00      [10]   97 	ld	hl, #0x0005
   0029 09            [11]   98 	add	hl, bc
   002A 36 10         [10]   99 	ld	(hl), #0x10
                            100 ;src/entities/enemy.c:96: enemy->active = 0;
   002C 21 06 00      [10]  101 	ld	hl, #0x0006
   002F 09            [11]  102 	add	hl, bc
   0030 36 00         [10]  103 	ld	(hl), #0x00
                            104 ;src/entities/enemy.c:97: enemy->health = 1;
   0032 21 07 00      [10]  105 	ld	hl, #0x0007
   0035 09            [11]  106 	add	hl, bc
   0036 36 01         [10]  107 	ld	(hl), #0x01
                            108 ;src/entities/enemy.c:98: enemy->reward = 100;
   0038 21 08 00      [10]  109 	ld	hl, #0x0008
   003B 09            [11]  110 	add	hl, bc
   003C 36 64         [10]  111 	ld	(hl), #0x64
                            112 ;src/entities/enemy.c:99: enemy->kind = 0;
   003E 21 09 00      [10]  113 	ld	hl, #0x0009
   0041 09            [11]  114 	add	hl, bc
   0042 36 00         [10]  115 	ld	(hl), #0x00
   0044 C9            [10]  116 	ret
   0045                     117 _enemy_kind0_sprite:
   0045 30                  118 	.db #0x30	; 48	'0'
   0046 30                  119 	.db #0x30	; 48	'0'
   0047 30                  120 	.db #0x30	; 48	'0'
   0048 30                  121 	.db #0x30	; 48	'0'
   0049 B8                  122 	.db #0xb8	; 184
   004A FC                  123 	.db #0xfc	; 252
   004B FC                  124 	.db #0xfc	; 252
   004C 74                  125 	.db #0x74	; 116	't'
   004D B8                  126 	.db #0xb8	; 184
   004E F8                  127 	.db #0xf8	; 248
   004F F4                  128 	.db #0xf4	; 244
   0050 74                  129 	.db #0x74	; 116	't'
   0051 B8                  130 	.db #0xb8	; 184
   0052 FC                  131 	.db #0xfc	; 252
   0053 FC                  132 	.db #0xfc	; 252
   0054 74                  133 	.db #0x74	; 116	't'
   0055 30                  134 	.db #0x30	; 48	'0'
   0056 FC                  135 	.db #0xfc	; 252
   0057 FC                  136 	.db #0xfc	; 252
   0058 30                  137 	.db #0x30	; 48	'0'
   0059 90                  138 	.db #0x90	; 144
   005A 60                  139 	.db #0x60	; 96
   005B 90                  140 	.db #0x90	; 144
   005C 60                  141 	.db #0x60	; 96
   005D 90                  142 	.db #0x90	; 144
   005E C0                  143 	.db #0xc0	; 192
   005F C0                  144 	.db #0xc0	; 192
   0060 60                  145 	.db #0x60	; 96
   0061 90                  146 	.db #0x90	; 144
   0062 C0                  147 	.db #0xc0	; 192
   0063 C0                  148 	.db #0xc0	; 192
   0064 60                  149 	.db #0x60	; 96
   0065 90                  150 	.db #0x90	; 144
   0066 C0                  151 	.db #0xc0	; 192
   0067 C0                  152 	.db #0xc0	; 192
   0068 60                  153 	.db #0x60	; 96
   0069 90                  154 	.db #0x90	; 144
   006A 90                  155 	.db #0x90	; 144
   006B 60                  156 	.db #0x60	; 96
   006C 60                  157 	.db #0x60	; 96
   006D 30                  158 	.db #0x30	; 48	'0'
   006E 30                  159 	.db #0x30	; 48	'0'
   006F 30                  160 	.db #0x30	; 48	'0'
   0070 30                  161 	.db #0x30	; 48	'0'
   0071 90                  162 	.db #0x90	; 144
   0072 90                  163 	.db #0x90	; 144
   0073 60                  164 	.db #0x60	; 96
   0074 60                  165 	.db #0x60	; 96
   0075 60                  166 	.db #0x60	; 96
   0076 60                  167 	.db #0x60	; 96
   0077 60                  168 	.db #0x60	; 96
   0078 60                  169 	.db #0x60	; 96
   0079 60                  170 	.db #0x60	; 96
   007A 60                  171 	.db #0x60	; 96
   007B 60                  172 	.db #0x60	; 96
   007C 60                  173 	.db #0x60	; 96
   007D 60                  174 	.db #0x60	; 96
   007E 30                  175 	.db #0x30	; 48	'0'
   007F 30                  176 	.db #0x30	; 48	'0'
   0080 90                  177 	.db #0x90	; 144
   0081 C0                  178 	.db #0xc0	; 192
   0082 30                  179 	.db #0x30	; 48	'0'
   0083 30                  180 	.db #0x30	; 48	'0'
   0084 C0                  181 	.db #0xc0	; 192
   0085                     182 _enemy_kind1_sprite:
   0085 64                  183 	.db #0x64	; 100	'd'
   0086 30                  184 	.db #0x30	; 48	'0'
   0087 30                  185 	.db #0x30	; 48	'0'
   0088 30                  186 	.db #0x30	; 48	'0'
   0089 98                  187 	.db #0x98	; 152
   008A 64                  188 	.db #0x64	; 100	'd'
   008B FC                  189 	.db #0xfc	; 252
   008C FC                  190 	.db #0xfc	; 252
   008D FC                  191 	.db #0xfc	; 252
   008E 98                  192 	.db #0x98	; 152
   008F 64                  193 	.db #0x64	; 100	'd'
   0090 70                  194 	.db #0x70	; 112	'p'
   0091 30                  195 	.db #0x30	; 48	'0'
   0092 70                  196 	.db #0x70	; 112	'p'
   0093 98                  197 	.db #0x98	; 152
   0094 64                  198 	.db #0x64	; 100	'd'
   0095 30                  199 	.db #0x30	; 48	'0'
   0096 30                  200 	.db #0x30	; 48	'0'
   0097 30                  201 	.db #0x30	; 48	'0'
   0098 98                  202 	.db #0x98	; 152
   0099 CC                  203 	.db #0xcc	; 204
   009A 30                  204 	.db #0x30	; 48	'0'
   009B 30                  205 	.db #0x30	; 48	'0'
   009C 30                  206 	.db #0x30	; 48	'0'
   009D CC                  207 	.db #0xcc	; 204
   009E C4                  208 	.db #0xc4	; 196
   009F C0                  209 	.db #0xc0	; 192
   00A0 CC                  210 	.db #0xcc	; 204
   00A1 C0                  211 	.db #0xc0	; 192
   00A2 C8                  212 	.db #0xc8	; 200
   00A3 C4                  213 	.db #0xc4	; 196
   00A4 C0                  214 	.db #0xc0	; 192
   00A5 C0                  215 	.db #0xc0	; 192
   00A6 C0                  216 	.db #0xc0	; 192
   00A7 C8                  217 	.db #0xc8	; 200
   00A8 C4                  218 	.db #0xc4	; 196
   00A9 C0                  219 	.db #0xc0	; 192
   00AA C0                  220 	.db #0xc0	; 192
   00AB C0                  221 	.db #0xc0	; 192
   00AC C8                  222 	.db #0xc8	; 200
   00AD C4                  223 	.db #0xc4	; 196
   00AE C4                  224 	.db #0xc4	; 196
   00AF C0                  225 	.db #0xc0	; 192
   00B0 C8                  226 	.db #0xc8	; 200
   00B1 C8                  227 	.db #0xc8	; 200
   00B2 C4                  228 	.db #0xc4	; 196
   00B3 C0                  229 	.db #0xc0	; 192
   00B4 CC                  230 	.db #0xcc	; 204
   00B5 C0                  231 	.db #0xc0	; 192
   00B6 C8                  232 	.db #0xc8	; 200
   00B7 CC                  233 	.db #0xcc	; 204
   00B8 CC                  234 	.db #0xcc	; 204
   00B9 CC                  235 	.db #0xcc	; 204
   00BA CC                  236 	.db #0xcc	; 204
   00BB CC                  237 	.db #0xcc	; 204
   00BC C4                  238 	.db #0xc4	; 196
   00BD C4                  239 	.db #0xc4	; 196
   00BE CC                  240 	.db #0xcc	; 204
   00BF C8                  241 	.db #0xc8	; 200
   00C0 C8                  242 	.db #0xc8	; 200
   00C1 C8                  243 	.db #0xc8	; 200
   00C2 C8                  244 	.db #0xc8	; 200
   00C3 C0                  245 	.db #0xc0	; 192
   00C4 C4                  246 	.db #0xc4	; 196
   00C5 C4                  247 	.db #0xc4	; 196
   00C6 C8                  248 	.db #0xc8	; 200
   00C7 98                  249 	.db #0x98	; 152
   00C8 30                  250 	.db #0x30	; 48	'0'
   00C9 64                  251 	.db #0x64	; 100	'd'
   00CA C4                  252 	.db #0xc4	; 196
   00CB                     253 _enemy_kind2_sprite:
   00CB FC                  254 	.db #0xfc	; 252
   00CC FC                  255 	.db #0xfc	; 252
   00CD FC                  256 	.db #0xfc	; 252
   00CE FC                  257 	.db #0xfc	; 252
   00CF FC                  258 	.db #0xfc	; 252
   00D0 FC                  259 	.db #0xfc	; 252
   00D1 D4                  260 	.db #0xd4	; 212
   00D2 E8                  261 	.db #0xe8	; 232
   00D3 D4                  262 	.db #0xd4	; 212
   00D4 E8                  263 	.db #0xe8	; 232
   00D5 D4                  264 	.db #0xd4	; 212
   00D6 E8                  265 	.db #0xe8	; 232
   00D7 D4                  266 	.db #0xd4	; 212
   00D8 C0                  267 	.db #0xc0	; 192
   00D9 C0                  268 	.db #0xc0	; 192
   00DA C0                  269 	.db #0xc0	; 192
   00DB C0                  270 	.db #0xc0	; 192
   00DC E8                  271 	.db #0xe8	; 232
   00DD D4                  272 	.db #0xd4	; 212
   00DE 90                  273 	.db #0x90	; 144
   00DF C0                  274 	.db #0xc0	; 192
   00E0 60                  275 	.db #0x60	; 96
   00E1 C0                  276 	.db #0xc0	; 192
   00E2 E8                  277 	.db #0xe8	; 232
   00E3 FC                  278 	.db #0xfc	; 252
   00E4 FC                  279 	.db #0xfc	; 252
   00E5 FC                  280 	.db #0xfc	; 252
   00E6 FC                  281 	.db #0xfc	; 252
   00E7 FC                  282 	.db #0xfc	; 252
   00E8 FC                  283 	.db #0xfc	; 252
   00E9 D4                  284 	.db #0xd4	; 212
   00EA 74                  285 	.db #0x74	; 116	't'
   00EB B8                  286 	.db #0xb8	; 184
   00EC 74                  287 	.db #0x74	; 116	't'
   00ED B8                  288 	.db #0xb8	; 184
   00EE E8                  289 	.db #0xe8	; 232
   00EF 90                  290 	.db #0x90	; 144
   00F0 90                  291 	.db #0x90	; 144
   00F1 60                  292 	.db #0x60	; 96
   00F2 90                  293 	.db #0x90	; 144
   00F3 60                  294 	.db #0x60	; 96
   00F4 60                  295 	.db #0x60	; 96
   00F5 30                  296 	.db #0x30	; 48	'0'
   00F6 C0                  297 	.db #0xc0	; 192
   00F7 30                  298 	.db #0x30	; 48	'0'
   00F8 30                  299 	.db #0x30	; 48	'0'
   00F9 C0                  300 	.db #0xc0	; 192
   00FA 30                  301 	.db #0x30	; 48	'0'
   00FB FC                  302 	.db #0xfc	; 252
   00FC D4                  303 	.db #0xd4	; 212
   00FD FC                  304 	.db #0xfc	; 252
   00FE FC                  305 	.db #0xfc	; 252
   00FF E8                  306 	.db #0xe8	; 232
   0100 FC                  307 	.db #0xfc	; 252
   0101 FC                  308 	.db #0xfc	; 252
   0102 FC                  309 	.db #0xfc	; 252
   0103 C0                  310 	.db #0xc0	; 192
   0104 C0                  311 	.db #0xc0	; 192
   0105 FC                  312 	.db #0xfc	; 252
   0106 FC                  313 	.db #0xfc	; 252
   0107                     314 _enemy_kind3_sprite:
   0107 3F                  315 	.db #0x3f	; 63
   0108 3F                  316 	.db #0x3f	; 63
   0109 3F                  317 	.db #0x3f	; 63
   010A 3F                  318 	.db #0x3f	; 63
   010B 3F                  319 	.db #0x3f	; 63
   010C 3F                  320 	.db #0x3f	; 63
   010D 3F                  321 	.db #0x3f	; 63
   010E 3F                  322 	.db #0x3f	; 63
   010F 3F                  323 	.db #0x3f	; 63
   0110 3F                  324 	.db #0x3f	; 63
   0111 95                  325 	.db #0x95	; 149
   0112 C0                  326 	.db #0xc0	; 192
   0113 C0                  327 	.db #0xc0	; 192
   0114 C0                  328 	.db #0xc0	; 192
   0115 C0                  329 	.db #0xc0	; 192
   0116 C0                  330 	.db #0xc0	; 192
   0117 C0                  331 	.db #0xc0	; 192
   0118 C0                  332 	.db #0xc0	; 192
   0119 C0                  333 	.db #0xc0	; 192
   011A 6A                  334 	.db #0x6a	; 106	'j'
   011B 95                  335 	.db #0x95	; 149
   011C CC                  336 	.db #0xcc	; 204
   011D C0                  337 	.db #0xc0	; 192
   011E C0                  338 	.db #0xc0	; 192
   011F CC                  339 	.db #0xcc	; 204
   0120 C8                  340 	.db #0xc8	; 200
   0121 C4                  341 	.db #0xc4	; 196
   0122 C0                  342 	.db #0xc0	; 192
   0123 CC                  343 	.db #0xcc	; 204
   0124 6A                  344 	.db #0x6a	; 106	'j'
   0125 95                  345 	.db #0x95	; 149
   0126 C0                  346 	.db #0xc0	; 192
   0127 C0                  347 	.db #0xc0	; 192
   0128 C0                  348 	.db #0xc0	; 192
   0129 C0                  349 	.db #0xc0	; 192
   012A C0                  350 	.db #0xc0	; 192
   012B C0                  351 	.db #0xc0	; 192
   012C C0                  352 	.db #0xc0	; 192
   012D C0                  353 	.db #0xc0	; 192
   012E 6A                  354 	.db #0x6a	; 106	'j'
   012F 95                  355 	.db #0x95	; 149
   0130 90                  356 	.db #0x90	; 144
   0131 C0                  357 	.db #0xc0	; 192
   0132 60                  358 	.db #0x60	; 96
   0133 C0                  359 	.db #0xc0	; 192
   0134 60                  360 	.db #0x60	; 96
   0135 C0                  361 	.db #0xc0	; 192
   0136 C0                  362 	.db #0xc0	; 192
   0137 90                  363 	.db #0x90	; 144
   0138 6A                  364 	.db #0x6a	; 106	'j'
   0139 95                  365 	.db #0x95	; 149
   013A C0                  366 	.db #0xc0	; 192
   013B C0                  367 	.db #0xc0	; 192
   013C C0                  368 	.db #0xc0	; 192
   013D C0                  369 	.db #0xc0	; 192
   013E C0                  370 	.db #0xc0	; 192
   013F C0                  371 	.db #0xc0	; 192
   0140 C0                  372 	.db #0xc0	; 192
   0141 C0                  373 	.db #0xc0	; 192
   0142 6A                  374 	.db #0x6a	; 106	'j'
   0143 3F                  375 	.db #0x3f	; 63
   0144 C0                  376 	.db #0xc0	; 192
   0145 C0                  377 	.db #0xc0	; 192
   0146 C0                  378 	.db #0xc0	; 192
   0147 C0                  379 	.db #0xc0	; 192
   0148 C0                  380 	.db #0xc0	; 192
   0149 C0                  381 	.db #0xc0	; 192
   014A C0                  382 	.db #0xc0	; 192
   014B C0                  383 	.db #0xc0	; 192
   014C 3F                  384 	.db #0x3f	; 63
   014D 3F                  385 	.db #0x3f	; 63
   014E 95                  386 	.db #0x95	; 149
   014F CC                  387 	.db #0xcc	; 204
   0150 C0                  388 	.db #0xc0	; 192
   0151 CC                  389 	.db #0xcc	; 204
   0152 CC                  390 	.db #0xcc	; 204
   0153 C0                  391 	.db #0xc0	; 192
   0154 CC                  392 	.db #0xcc	; 204
   0155 6A                  393 	.db #0x6a	; 106	'j'
   0156 3F                  394 	.db #0x3f	; 63
   0157 3F                  395 	.db #0x3f	; 63
   0158 3F                  396 	.db #0x3f	; 63
   0159 95                  397 	.db #0x95	; 149
   015A C0                  398 	.db #0xc0	; 192
   015B 6A                  399 	.db #0x6a	; 106	'j'
   015C 95                  400 	.db #0x95	; 149
   015D C0                  401 	.db #0xc0	; 192
   015E 6A                  402 	.db #0x6a	; 106	'j'
   015F 3F                  403 	.db #0x3f	; 63
   0160 3F                  404 	.db #0x3f	; 63
   0161 95                  405 	.db #0x95	; 149
   0162 C0                  406 	.db #0xc0	; 192
   0163 C0                  407 	.db #0xc0	; 192
   0164 C0                  408 	.db #0xc0	; 192
   0165 C0                  409 	.db #0xc0	; 192
   0166 C0                  410 	.db #0xc0	; 192
   0167 C0                  411 	.db #0xc0	; 192
   0168 C0                  412 	.db #0xc0	; 192
   0169 C0                  413 	.db #0xc0	; 192
   016A 6A                  414 	.db #0x6a	; 106	'j'
   016B 95                  415 	.db #0x95	; 149
   016C C8                  416 	.db #0xc8	; 200
   016D C0                  417 	.db #0xc0	; 192
   016E C0                  418 	.db #0xc0	; 192
   016F C4                  419 	.db #0xc4	; 196
   0170 C8                  420 	.db #0xc8	; 200
   0171 C0                  421 	.db #0xc0	; 192
   0172 C0                  422 	.db #0xc0	; 192
   0173 C4                  423 	.db #0xc4	; 196
   0174 6A                  424 	.db #0x6a	; 106	'j'
   0175 95                  425 	.db #0x95	; 149
   0176 C0                  426 	.db #0xc0	; 192
   0177 C0                  427 	.db #0xc0	; 192
   0178 C0                  428 	.db #0xc0	; 192
   0179 C0                  429 	.db #0xc0	; 192
   017A C0                  430 	.db #0xc0	; 192
   017B C0                  431 	.db #0xc0	; 192
   017C C0                  432 	.db #0xc0	; 192
   017D C0                  433 	.db #0xc0	; 192
   017E 6A                  434 	.db #0x6a	; 106	'j'
   017F 95                  435 	.db #0x95	; 149
   0180 C0                  436 	.db #0xc0	; 192
   0181 3F                  437 	.db #0x3f	; 63
   0182 3F                  438 	.db #0x3f	; 63
   0183 3F                  439 	.db #0x3f	; 63
   0184 3F                  440 	.db #0x3f	; 63
   0185 C0                  441 	.db #0xc0	; 192
   0186 C0                  442 	.db #0xc0	; 192
   0187 C0                  443 	.db #0xc0	; 192
   0188 6A                  444 	.db #0x6a	; 106	'j'
   0189 95                  445 	.db #0x95	; 149
   018A 6A                  446 	.db #0x6a	; 106	'j'
   018B 3F                  447 	.db #0x3f	; 63
   018C 3F                  448 	.db #0x3f	; 63
   018D 3F                  449 	.db #0x3f	; 63
   018E 3F                  450 	.db #0x3f	; 63
   018F 95                  451 	.db #0x95	; 149
   0190 C0                  452 	.db #0xc0	; 192
   0191 C0                  453 	.db #0xc0	; 192
   0192 6A                  454 	.db #0x6a	; 106	'j'
   0193 3F                  455 	.db #0x3f	; 63
   0194 3F                  456 	.db #0x3f	; 63
   0195 3F                  457 	.db #0x3f	; 63
   0196 3F                  458 	.db #0x3f	; 63
   0197 3F                  459 	.db #0x3f	; 63
   0198 3F                  460 	.db #0x3f	; 63
   0199 3F                  461 	.db #0x3f	; 63
   019A 3F                  462 	.db #0x3f	; 63
   019B 3F                  463 	.db #0x3f	; 63
   019C 3F                  464 	.db #0x3f	; 63
   019D 95                  465 	.db #0x95	; 149
   019E 95                  466 	.db #0x95	; 149
   019F 95                  467 	.db #0x95	; 149
   01A0 95                  468 	.db #0x95	; 149
   01A1 95                  469 	.db #0x95	; 149
   01A2 95                  470 	.db #0x95	; 149
   01A3 95                  471 	.db #0x95	; 149
   01A4 95                  472 	.db #0x95	; 149
   01A5 95                  473 	.db #0x95	; 149
   01A6 3F                  474 	.db #0x3f	; 63
   01A7 6A                  475 	.db #0x6a	; 106	'j'
   01A8 6A                  476 	.db #0x6a	; 106	'j'
   01A9 6A                  477 	.db #0x6a	; 106	'j'
   01AA 6A                  478 	.db #0x6a	; 106	'j'
   01AB 6A                  479 	.db #0x6a	; 106	'j'
   01AC 95                  480 	.db #0x95	; 149
   01AD 95                  481 	.db #0x95	; 149
   01AE 95                  482 	.db #0x95	; 149
   01AF 95                  483 	.db #0x95	; 149
   01B0 95                  484 	.db #0x95	; 149
   01B1 C0                  485 	.db #0xc0	; 192
   01B2 3F                  486 	.db #0x3f	; 63
   01B3 C0                  487 	.db #0xc0	; 192
   01B4 3F                  488 	.db #0x3f	; 63
   01B5 C0                  489 	.db #0xc0	; 192
   01B6 C0                  490 	.db #0xc0	; 192
   01B7 3F                  491 	.db #0x3f	; 63
   01B8 C0                  492 	.db #0xc0	; 192
   01B9 3F                  493 	.db #0x3f	; 63
   01BA C0                  494 	.db #0xc0	; 192
                            495 ;src/entities/enemy.c:102: void enemyspawn(Enemy* enemy, u8 x, u8 y, u8 kind, u8 move_right) {
                            496 ;	---------------------------------
                            497 ; Function enemyspawn
                            498 ; ---------------------------------
   01BB                     499 _enemyspawn::
   01BB DD E5         [15]  500 	push	ix
   01BD DD 21 00 00   [14]  501 	ld	ix,#0
   01C1 DD 39         [15]  502 	add	ix,sp
   01C3 21 F1 FF      [10]  503 	ld	hl, #-15
   01C6 39            [11]  504 	add	hl, sp
   01C7 F9            [ 6]  505 	ld	sp, hl
                            506 ;src/entities/enemy.c:103: if (!enemy) {
   01C8 DD 7E 05      [19]  507 	ld	a, 5 (ix)
   01CB DD B6 04      [19]  508 	or	a,4 (ix)
                            509 ;src/entities/enemy.c:104: return;
   01CE CAr8Er03      [10]  510 	jp	Z,00112$
                            511 ;src/entities/enemy.c:107: enemy->x = x;
   01D1 DD 7E 04      [19]  512 	ld	a, 4 (ix)
   01D4 DD 77 FE      [19]  513 	ld	-2 (ix), a
   01D7 DD 7E 05      [19]  514 	ld	a, 5 (ix)
   01DA DD 77 FF      [19]  515 	ld	-1 (ix), a
   01DD DD 6E FE      [19]  516 	ld	l,-2 (ix)
   01E0 DD 66 FF      [19]  517 	ld	h,-1 (ix)
   01E3 DD 7E 06      [19]  518 	ld	a, 6 (ix)
   01E6 77            [ 7]  519 	ld	(hl), a
                            520 ;src/entities/enemy.c:108: enemy->y = y;
   01E7 DD 4E FE      [19]  521 	ld	c,-2 (ix)
   01EA DD 46 FF      [19]  522 	ld	b,-1 (ix)
   01ED 03            [ 6]  523 	inc	bc
   01EE DD 7E 07      [19]  524 	ld	a, 7 (ix)
   01F1 02            [ 7]  525 	ld	(bc), a
                            526 ;src/entities/enemy.c:109: enemy->vx = move_right ? 1 : -1;
   01F2 DD 7E FE      [19]  527 	ld	a, -2 (ix)
   01F5 C6 02         [ 7]  528 	add	a, #0x02
   01F7 DD 77 FC      [19]  529 	ld	-4 (ix), a
   01FA DD 7E FF      [19]  530 	ld	a, -1 (ix)
   01FD CE 00         [ 7]  531 	adc	a, #0x00
   01FF DD 77 FD      [19]  532 	ld	-3 (ix), a
   0202 DD 7E 09      [19]  533 	ld	a, 9 (ix)
   0205 B7            [ 4]  534 	or	a, a
   0206 28 04         [12]  535 	jr	Z,00114$
   0208 0E 01         [ 7]  536 	ld	c, #0x01
   020A 18 02         [12]  537 	jr	00115$
   020C                     538 00114$:
   020C 0E FF         [ 7]  539 	ld	c, #0xff
   020E                     540 00115$:
   020E DD 6E FC      [19]  541 	ld	l,-4 (ix)
   0211 DD 66 FD      [19]  542 	ld	h,-3 (ix)
   0214 71            [ 7]  543 	ld	(hl), c
                            544 ;src/entities/enemy.c:110: enemy->vy = 0;
   0215 DD 7E FE      [19]  545 	ld	a, -2 (ix)
   0218 C6 03         [ 7]  546 	add	a, #0x03
   021A DD 77 FA      [19]  547 	ld	-6 (ix), a
   021D DD 7E FF      [19]  548 	ld	a, -1 (ix)
   0220 CE 00         [ 7]  549 	adc	a, #0x00
   0222 DD 77 FB      [19]  550 	ld	-5 (ix), a
   0225 DD 6E FA      [19]  551 	ld	l,-6 (ix)
   0228 DD 66 FB      [19]  552 	ld	h,-5 (ix)
   022B 36 00         [10]  553 	ld	(hl), #0x00
                            554 ;src/entities/enemy.c:111: enemy->active = 1;
   022D DD 7E FE      [19]  555 	ld	a, -2 (ix)
   0230 C6 06         [ 7]  556 	add	a, #0x06
   0232 DD 77 F8      [19]  557 	ld	-8 (ix), a
   0235 DD 7E FF      [19]  558 	ld	a, -1 (ix)
   0238 CE 00         [ 7]  559 	adc	a, #0x00
   023A DD 77 F9      [19]  560 	ld	-7 (ix), a
   023D DD 6E F8      [19]  561 	ld	l,-8 (ix)
   0240 DD 66 F9      [19]  562 	ld	h,-7 (ix)
   0243 36 01         [10]  563 	ld	(hl), #0x01
                            564 ;src/entities/enemy.c:112: enemy->kind = kind;
   0245 DD 7E FE      [19]  565 	ld	a, -2 (ix)
   0248 C6 09         [ 7]  566 	add	a, #0x09
   024A DD 77 F8      [19]  567 	ld	-8 (ix), a
   024D DD 7E FF      [19]  568 	ld	a, -1 (ix)
   0250 CE 00         [ 7]  569 	adc	a, #0x00
   0252 DD 77 F9      [19]  570 	ld	-7 (ix), a
   0255 DD 6E F8      [19]  571 	ld	l,-8 (ix)
   0258 DD 66 F9      [19]  572 	ld	h,-7 (ix)
   025B DD 7E 08      [19]  573 	ld	a, 8 (ix)
   025E 77            [ 7]  574 	ld	(hl), a
                            575 ;src/entities/enemy.c:115: enemy->w = 5;
   025F DD 7E FE      [19]  576 	ld	a, -2 (ix)
   0262 C6 04         [ 7]  577 	add	a, #0x04
   0264 DD 77 F8      [19]  578 	ld	-8 (ix), a
   0267 DD 7E FF      [19]  579 	ld	a, -1 (ix)
   026A CE 00         [ 7]  580 	adc	a, #0x00
   026C DD 77 F9      [19]  581 	ld	-7 (ix), a
                            582 ;src/entities/enemy.c:116: enemy->h = 14;
   026F DD 7E FE      [19]  583 	ld	a, -2 (ix)
   0272 C6 05         [ 7]  584 	add	a, #0x05
   0274 DD 77 F6      [19]  585 	ld	-10 (ix), a
   0277 DD 7E FF      [19]  586 	ld	a, -1 (ix)
   027A CE 00         [ 7]  587 	adc	a, #0x00
   027C DD 77 F7      [19]  588 	ld	-9 (ix), a
                            589 ;src/entities/enemy.c:117: enemy->health = 2;
   027F DD 7E FE      [19]  590 	ld	a, -2 (ix)
   0282 C6 07         [ 7]  591 	add	a, #0x07
   0284 DD 77 F4      [19]  592 	ld	-12 (ix), a
   0287 DD 7E FF      [19]  593 	ld	a, -1 (ix)
   028A CE 00         [ 7]  594 	adc	a, #0x00
   028C DD 77 F5      [19]  595 	ld	-11 (ix), a
                            596 ;src/entities/enemy.c:118: enemy->reward = 180;
   028F DD 7E FE      [19]  597 	ld	a, -2 (ix)
   0292 C6 08         [ 7]  598 	add	a, #0x08
   0294 DD 77 FE      [19]  599 	ld	-2 (ix), a
   0297 DD 7E FF      [19]  600 	ld	a, -1 (ix)
   029A CE 00         [ 7]  601 	adc	a, #0x00
   029C DD 77 FF      [19]  602 	ld	-1 (ix), a
                            603 ;src/entities/enemy.c:114: if (kind == 1) {
   029F DD 7E 08      [19]  604 	ld	a, 8 (ix)
   02A2 3D            [ 4]  605 	dec	a
   02A3 20 49         [12]  606 	jr	NZ,00110$
                            607 ;src/entities/enemy.c:115: enemy->w = 5;
   02A5 DD 6E F8      [19]  608 	ld	l,-8 (ix)
   02A8 DD 66 F9      [19]  609 	ld	h,-7 (ix)
   02AB 36 05         [10]  610 	ld	(hl), #0x05
                            611 ;src/entities/enemy.c:116: enemy->h = 14;
   02AD DD 6E F6      [19]  612 	ld	l,-10 (ix)
   02B0 DD 66 F7      [19]  613 	ld	h,-9 (ix)
   02B3 36 0E         [10]  614 	ld	(hl), #0x0e
                            615 ;src/entities/enemy.c:117: enemy->health = 2;
   02B5 DD 6E F4      [19]  616 	ld	l,-12 (ix)
   02B8 DD 66 F5      [19]  617 	ld	h,-11 (ix)
   02BB 36 02         [10]  618 	ld	(hl), #0x02
                            619 ;src/entities/enemy.c:118: enemy->reward = 180;
   02BD DD 6E FE      [19]  620 	ld	l,-2 (ix)
   02C0 DD 66 FF      [19]  621 	ld	h,-1 (ix)
   02C3 36 B4         [10]  622 	ld	(hl), #0xb4
                            623 ;src/entities/enemy.c:119: enemy->vx = move_right ? 2 : -2;
   02C5 DD 7E FC      [19]  624 	ld	a, -4 (ix)
   02C8 DD 77 F2      [19]  625 	ld	-14 (ix), a
   02CB DD 7E FD      [19]  626 	ld	a, -3 (ix)
   02CE DD 77 F3      [19]  627 	ld	-13 (ix), a
   02D1 DD 7E 09      [19]  628 	ld	a, 9 (ix)
   02D4 B7            [ 4]  629 	or	a, a
   02D5 28 06         [12]  630 	jr	Z,00116$
   02D7 DD 36 F1 02   [19]  631 	ld	-15 (ix), #0x02
   02DB 18 04         [12]  632 	jr	00117$
   02DD                     633 00116$:
   02DD DD 36 F1 FE   [19]  634 	ld	-15 (ix), #0xfe
   02E1                     635 00117$:
   02E1 DD 6E F2      [19]  636 	ld	l,-14 (ix)
   02E4 DD 66 F3      [19]  637 	ld	h,-13 (ix)
   02E7 DD 7E F1      [19]  638 	ld	a, -15 (ix)
   02EA 77            [ 7]  639 	ld	(hl), a
   02EB C3r8Er03      [10]  640 	jp	00112$
   02EE                     641 00110$:
                            642 ;src/entities/enemy.c:120: } else if (kind == 2) {
   02EE DD 7E 08      [19]  643 	ld	a, 8 (ix)
   02F1 D6 02         [ 7]  644 	sub	a, #0x02
   02F3 20 3D         [12]  645 	jr	NZ,00107$
                            646 ;src/entities/enemy.c:121: enemy->w = 6;
   02F5 DD 6E F8      [19]  647 	ld	l,-8 (ix)
   02F8 DD 66 F9      [19]  648 	ld	h,-7 (ix)
   02FB 36 06         [10]  649 	ld	(hl), #0x06
                            650 ;src/entities/enemy.c:122: enemy->h = 10;
   02FD DD 6E F6      [19]  651 	ld	l,-10 (ix)
   0300 DD 66 F7      [19]  652 	ld	h,-9 (ix)
   0303 36 0A         [10]  653 	ld	(hl), #0x0a
                            654 ;src/entities/enemy.c:123: enemy->health = 1;
   0305 DD 6E F4      [19]  655 	ld	l,-12 (ix)
   0308 DD 66 F5      [19]  656 	ld	h,-11 (ix)
   030B 36 01         [10]  657 	ld	(hl), #0x01
                            658 ;src/entities/enemy.c:124: enemy->reward = 150;
   030D DD 6E FE      [19]  659 	ld	l,-2 (ix)
   0310 DD 66 FF      [19]  660 	ld	h,-1 (ix)
   0313 36 96         [10]  661 	ld	(hl), #0x96
                            662 ;src/entities/enemy.c:125: enemy->vy = move_right ? 1 : -1;
   0315 DD 4E FA      [19]  663 	ld	c,-6 (ix)
   0318 DD 46 FB      [19]  664 	ld	b,-5 (ix)
   031B DD 7E 09      [19]  665 	ld	a, 9 (ix)
   031E B7            [ 4]  666 	or	a, a
   031F 28 04         [12]  667 	jr	Z,00118$
   0321 3E 01         [ 7]  668 	ld	a, #0x01
   0323 18 02         [12]  669 	jr	00119$
   0325                     670 00118$:
   0325 3E FF         [ 7]  671 	ld	a, #0xff
   0327                     672 00119$:
   0327 02            [ 7]  673 	ld	(bc), a
                            674 ;src/entities/enemy.c:126: enemy->vx = 1;
   0328 DD 6E FC      [19]  675 	ld	l,-4 (ix)
   032B DD 66 FD      [19]  676 	ld	h,-3 (ix)
   032E 36 01         [10]  677 	ld	(hl), #0x01
   0330 18 5C         [12]  678 	jr	00112$
   0332                     679 00107$:
                            680 ;src/entities/enemy.c:127: } else if (kind == 3) {
   0332 DD 7E 08      [19]  681 	ld	a, 8 (ix)
   0335 D6 03         [ 7]  682 	sub	a, #0x03
   0337 20 35         [12]  683 	jr	NZ,00104$
                            684 ;src/entities/enemy.c:128: enemy->w = 10;
   0339 DD 6E F8      [19]  685 	ld	l,-8 (ix)
   033C DD 66 F9      [19]  686 	ld	h,-7 (ix)
   033F 36 0A         [10]  687 	ld	(hl), #0x0a
                            688 ;src/entities/enemy.c:129: enemy->h = 18;
   0341 DD 6E F6      [19]  689 	ld	l,-10 (ix)
   0344 DD 66 F7      [19]  690 	ld	h,-9 (ix)
   0347 36 12         [10]  691 	ld	(hl), #0x12
                            692 ;src/entities/enemy.c:130: enemy->health = 8;
   0349 DD 6E F4      [19]  693 	ld	l,-12 (ix)
   034C DD 66 F5      [19]  694 	ld	h,-11 (ix)
   034F 36 08         [10]  695 	ld	(hl), #0x08
                            696 ;src/entities/enemy.c:131: enemy->reward = 800;
   0351 DD 6E FE      [19]  697 	ld	l,-2 (ix)
   0354 DD 66 FF      [19]  698 	ld	h,-1 (ix)
   0357 36 20         [10]  699 	ld	(hl), #0x20
                            700 ;src/entities/enemy.c:132: enemy->vx = move_right ? 1 : -1;
   0359 DD 4E FC      [19]  701 	ld	c,-4 (ix)
   035C DD 46 FD      [19]  702 	ld	b,-3 (ix)
   035F DD 7E 09      [19]  703 	ld	a, 9 (ix)
   0362 B7            [ 4]  704 	or	a, a
   0363 28 04         [12]  705 	jr	Z,00120$
   0365 3E 01         [ 7]  706 	ld	a, #0x01
   0367 18 02         [12]  707 	jr	00121$
   0369                     708 00120$:
   0369 3E FF         [ 7]  709 	ld	a, #0xff
   036B                     710 00121$:
   036B 02            [ 7]  711 	ld	(bc), a
   036C 18 20         [12]  712 	jr	00112$
   036E                     713 00104$:
                            714 ;src/entities/enemy.c:134: enemy->w = 4;
   036E DD 6E F8      [19]  715 	ld	l,-8 (ix)
   0371 DD 66 F9      [19]  716 	ld	h,-7 (ix)
   0374 36 04         [10]  717 	ld	(hl), #0x04
                            718 ;src/entities/enemy.c:135: enemy->h = 16;
   0376 DD 6E F6      [19]  719 	ld	l,-10 (ix)
   0379 DD 66 F7      [19]  720 	ld	h,-9 (ix)
   037C 36 10         [10]  721 	ld	(hl), #0x10
                            722 ;src/entities/enemy.c:136: enemy->health = 1;
   037E DD 6E F4      [19]  723 	ld	l,-12 (ix)
   0381 DD 66 F5      [19]  724 	ld	h,-11 (ix)
   0384 36 01         [10]  725 	ld	(hl), #0x01
                            726 ;src/entities/enemy.c:137: enemy->reward = 100;
   0386 DD 6E FE      [19]  727 	ld	l,-2 (ix)
   0389 DD 66 FF      [19]  728 	ld	h,-1 (ix)
   038C 36 64         [10]  729 	ld	(hl), #0x64
   038E                     730 00112$:
   038E DD F9         [10]  731 	ld	sp, ix
   0390 DD E1         [14]  732 	pop	ix
   0392 C9            [10]  733 	ret
                            734 ;src/entities/enemy.c:141: void enemyupdate(Enemy* enemy) {
                            735 ;	---------------------------------
                            736 ; Function enemyupdate
                            737 ; ---------------------------------
   0393                     738 _enemyupdate::
   0393 DD E5         [15]  739 	push	ix
   0395 DD 21 00 00   [14]  740 	ld	ix,#0
   0399 DD 39         [15]  741 	add	ix,sp
   039B 21 F6 FF      [10]  742 	ld	hl, #-10
   039E 39            [11]  743 	add	hl, sp
   039F F9            [ 6]  744 	ld	sp, hl
                            745 ;src/entities/enemy.c:145: if (!enemy || !enemy->active) {
   03A0 DD 7E 05      [19]  746 	ld	a, 5 (ix)
   03A3 DD B6 04      [19]  747 	or	a,4 (ix)
   03A6 CAr9Ar05      [10]  748 	jp	Z,00121$
   03A9 DD 7E 04      [19]  749 	ld	a, 4 (ix)
   03AC DD 77 FE      [19]  750 	ld	-2 (ix), a
   03AF DD 7E 05      [19]  751 	ld	a, 5 (ix)
   03B2 DD 77 FF      [19]  752 	ld	-1 (ix), a
   03B5 DD 6E FE      [19]  753 	ld	l,-2 (ix)
   03B8 DD 66 FF      [19]  754 	ld	h,-1 (ix)
   03BB 11 06 00      [10]  755 	ld	de, #0x0006
   03BE 19            [11]  756 	add	hl, de
   03BF 7E            [ 7]  757 	ld	a, (hl)
   03C0 B7            [ 4]  758 	or	a, a
                            759 ;src/entities/enemy.c:146: return;
   03C1 CAr9Ar05      [10]  760 	jp	Z,00121$
                            761 ;src/entities/enemy.c:149: if (enemy->kind == 2) {
   03C4 DD 6E FE      [19]  762 	ld	l,-2 (ix)
   03C7 DD 66 FF      [19]  763 	ld	h,-1 (ix)
   03CA 11 09 00      [10]  764 	ld	de, #0x0009
   03CD 19            [11]  765 	add	hl, de
   03CE 7E            [ 7]  766 	ld	a, (hl)
   03CF DD 77 FD      [19]  767 	ld	-3 (ix), a
                            768 ;src/entities/enemy.c:150: nextx = (i16)enemy->x + (i16)enemy->vx;
   03D2 DD 6E FE      [19]  769 	ld	l,-2 (ix)
   03D5 DD 66 FF      [19]  770 	ld	h,-1 (ix)
   03D8 4E            [ 7]  771 	ld	c, (hl)
   03D9 DD 7E FE      [19]  772 	ld	a, -2 (ix)
   03DC C6 02         [ 7]  773 	add	a, #0x02
   03DE DD 77 FB      [19]  774 	ld	-5 (ix), a
   03E1 DD 7E FF      [19]  775 	ld	a, -1 (ix)
   03E4 CE 00         [ 7]  776 	adc	a, #0x00
   03E6 DD 77 FC      [19]  777 	ld	-4 (ix), a
                            778 ;src/entities/enemy.c:151: nexty = (i16)enemy->y + (i16)enemy->vy;
   03E9 DD 7E FE      [19]  779 	ld	a, -2 (ix)
   03EC C6 01         [ 7]  780 	add	a, #0x01
   03EE DD 77 F9      [19]  781 	ld	-7 (ix), a
   03F1 DD 7E FF      [19]  782 	ld	a, -1 (ix)
   03F4 CE 00         [ 7]  783 	adc	a, #0x00
   03F6 DD 77 FA      [19]  784 	ld	-6 (ix), a
   03F9 DD 5E FE      [19]  785 	ld	e,-2 (ix)
   03FC DD 56 FF      [19]  786 	ld	d,-1 (ix)
   03FF 13            [ 6]  787 	inc	de
   0400 13            [ 6]  788 	inc	de
   0401 13            [ 6]  789 	inc	de
                            790 ;src/entities/enemy.c:150: nextx = (i16)enemy->x + (i16)enemy->vx;
   0402 06 00         [ 7]  791 	ld	b, #0x00
   0404 DD 6E FB      [19]  792 	ld	l,-5 (ix)
   0407 DD 66 FC      [19]  793 	ld	h,-4 (ix)
   040A 7E            [ 7]  794 	ld	a, (hl)
   040B DD 77 F8      [19]  795 	ld	-8 (ix), a
   040E 6F            [ 4]  796 	ld	l, a
   040F DD 7E F8      [19]  797 	ld	a, -8 (ix)
   0412 17            [ 4]  798 	rla
   0413 9F            [ 4]  799 	sbc	a, a
   0414 67            [ 4]  800 	ld	h, a
   0415 09            [11]  801 	add	hl,bc
   0416 4D            [ 4]  802 	ld	c, l
   0417 44            [ 4]  803 	ld	b, h
                            804 ;src/entities/enemy.c:149: if (enemy->kind == 2) {
   0418 DD 7E FD      [19]  805 	ld	a, -3 (ix)
   041B D6 02         [ 7]  806 	sub	a, #0x02
   041D C2rC6r04      [10]  807 	jp	NZ,00111$
                            808 ;src/entities/enemy.c:150: nextx = (i16)enemy->x + (i16)enemy->vx;
                            809 ;src/entities/enemy.c:151: nexty = (i16)enemy->y + (i16)enemy->vy;
   0420 DD 6E F9      [19]  810 	ld	l,-7 (ix)
   0423 DD 66 FA      [19]  811 	ld	h,-6 (ix)
   0426 6E            [ 7]  812 	ld	l, (hl)
   0427 DD 75 F6      [19]  813 	ld	-10 (ix), l
   042A DD 36 F7 00   [19]  814 	ld	-9 (ix), #0x00
   042E 1A            [ 7]  815 	ld	a, (de)
   042F 6F            [ 4]  816 	ld	l, a
   0430 17            [ 4]  817 	rla
   0431 9F            [ 4]  818 	sbc	a, a
   0432 67            [ 4]  819 	ld	h, a
   0433 DD 7E F6      [19]  820 	ld	a, -10 (ix)
   0436 85            [ 4]  821 	add	a, l
   0437 DD 77 F6      [19]  822 	ld	-10 (ix), a
   043A DD 7E F7      [19]  823 	ld	a, -9 (ix)
   043D 8C            [ 4]  824 	adc	a, h
   043E DD 77 F7      [19]  825 	ld	-9 (ix), a
                            826 ;src/entities/enemy.c:153: if (nextx < 8 || nextx > 72) {
   0441 79            [ 4]  827 	ld	a, c
   0442 D6 08         [ 7]  828 	sub	a, #0x08
   0444 78            [ 4]  829 	ld	a, b
   0445 17            [ 4]  830 	rla
   0446 3F            [ 4]  831 	ccf
   0447 1F            [ 4]  832 	rra
   0448 DE 80         [ 7]  833 	sbc	a, #0x80
   044A 38 0E         [12]  834 	jr	C,00104$
   044C 3E 48         [ 7]  835 	ld	a, #0x48
   044E B9            [ 4]  836 	cp	a, c
   044F 3E 00         [ 7]  837 	ld	a, #0x00
   0451 98            [ 4]  838 	sbc	a, b
   0452 E2r57r04      [10]  839 	jp	PO, 00161$
   0455 EE 80         [ 7]  840 	xor	a, #0x80
   0457                     841 00161$:
   0457 F2r75r04      [10]  842 	jp	P, 00105$
   045A                     843 00104$:
                            844 ;src/entities/enemy.c:154: enemy->vx = (i8)(-enemy->vx);
   045A AF            [ 4]  845 	xor	a, a
   045B DD 96 F8      [19]  846 	sub	a, -8 (ix)
   045E 4F            [ 4]  847 	ld	c, a
   045F DD 6E FB      [19]  848 	ld	l,-5 (ix)
   0462 DD 66 FC      [19]  849 	ld	h,-4 (ix)
   0465 71            [ 7]  850 	ld	(hl), c
                            851 ;src/entities/enemy.c:155: nextx = (i16)enemy->x + (i16)enemy->vx;
   0466 DD 6E FE      [19]  852 	ld	l,-2 (ix)
   0469 DD 66 FF      [19]  853 	ld	h,-1 (ix)
   046C 6E            [ 7]  854 	ld	l, (hl)
   046D 26 00         [ 7]  855 	ld	h, #0x00
   046F 79            [ 4]  856 	ld	a, c
   0470 17            [ 4]  857 	rla
   0471 9F            [ 4]  858 	sbc	a, a
   0472 47            [ 4]  859 	ld	b, a
   0473 09            [11]  860 	add	hl,bc
   0474 4D            [ 4]  861 	ld	c, l
   0475                     862 00105$:
                            863 ;src/entities/enemy.c:157: if (nexty < 56 || nexty > 120) {
   0475 DD 7E F6      [19]  864 	ld	a, -10 (ix)
   0478 D6 38         [ 7]  865 	sub	a, #0x38
   047A DD 7E F7      [19]  866 	ld	a, -9 (ix)
   047D 17            [ 4]  867 	rla
   047E 3F            [ 4]  868 	ccf
   047F 1F            [ 4]  869 	rra
   0480 DE 80         [ 7]  870 	sbc	a, #0x80
   0482 38 12         [12]  871 	jr	C,00107$
   0484 3E 78         [ 7]  872 	ld	a, #0x78
   0486 DD BE F6      [19]  873 	cp	a, -10 (ix)
   0489 3E 00         [ 7]  874 	ld	a, #0x00
   048B DD 9E F7      [19]  875 	sbc	a, -9 (ix)
   048E E2r93r04      [10]  876 	jp	PO, 00162$
   0491 EE 80         [ 7]  877 	xor	a, #0x80
   0493                     878 00162$:
   0493 F2rB2r04      [10]  879 	jp	P, 00108$
   0496                     880 00107$:
                            881 ;src/entities/enemy.c:158: enemy->vy = (i8)(-enemy->vy);
   0496 1A            [ 7]  882 	ld	a, (de)
   0497 6F            [ 4]  883 	ld	l, a
   0498 AF            [ 4]  884 	xor	a, a
   0499 95            [ 4]  885 	sub	a, l
   049A DD 77 F8      [19]  886 	ld	-8 (ix), a
   049D 12            [ 7]  887 	ld	(de),a
                            888 ;src/entities/enemy.c:159: nexty = (i16)enemy->y + (i16)enemy->vy;
   049E DD 6E F9      [19]  889 	ld	l,-7 (ix)
   04A1 DD 66 FA      [19]  890 	ld	h,-6 (ix)
   04A4 5E            [ 7]  891 	ld	e, (hl)
   04A5 16 00         [ 7]  892 	ld	d, #0x00
   04A7 DD 6E F8      [19]  893 	ld	l, -8 (ix)
   04AA DD 7E F8      [19]  894 	ld	a, -8 (ix)
   04AD 17            [ 4]  895 	rla
   04AE 9F            [ 4]  896 	sbc	a, a
   04AF 67            [ 4]  897 	ld	h, a
   04B0 19            [11]  898 	add	hl,de
   04B1 E3            [19]  899 	ex	(sp), hl
   04B2                     900 00108$:
                            901 ;src/entities/enemy.c:162: enemy->x = (u8)nextx;
   04B2 DD 6E FE      [19]  902 	ld	l,-2 (ix)
   04B5 DD 66 FF      [19]  903 	ld	h,-1 (ix)
   04B8 71            [ 7]  904 	ld	(hl), c
                            905 ;src/entities/enemy.c:163: enemy->y = (u8)nexty;
   04B9 DD 4E F6      [19]  906 	ld	c, -10 (ix)
   04BC DD 6E F9      [19]  907 	ld	l,-7 (ix)
   04BF DD 66 FA      [19]  908 	ld	h,-6 (ix)
   04C2 71            [ 7]  909 	ld	(hl), c
                            910 ;src/entities/enemy.c:164: return;
   04C3 C3r9Ar05      [10]  911 	jp	00121$
   04C6                     912 00111$:
                            913 ;src/entities/enemy.c:167: nextx = (i16)enemy->x + (i16)enemy->vx;
                            914 ;src/entities/enemy.c:168: if (nextx < 2) {
   04C6 79            [ 4]  915 	ld	a, c
   04C7 D6 02         [ 7]  916 	sub	a, #0x02
   04C9 78            [ 4]  917 	ld	a, b
   04CA 17            [ 4]  918 	rla
   04CB 3F            [ 4]  919 	ccf
   04CC 1F            [ 4]  920 	rra
   04CD DE 80         [ 7]  921 	sbc	a, #0x80
   04CF 30 0B         [12]  922 	jr	NC,00113$
                            923 ;src/entities/enemy.c:169: nextx = 2;
   04D1 01 02 00      [10]  924 	ld	bc, #0x0002
                            925 ;src/entities/enemy.c:170: enemy->vx = 1;
   04D4 DD 6E FB      [19]  926 	ld	l,-5 (ix)
   04D7 DD 66 FC      [19]  927 	ld	h,-4 (ix)
   04DA 36 01         [10]  928 	ld	(hl), #0x01
   04DC                     929 00113$:
                            930 ;src/entities/enemy.c:173: i16 maxx = (i16)(80 - (i16)enemy->w);
   04DC DD 6E FE      [19]  931 	ld	l,-2 (ix)
   04DF DD 66 FF      [19]  932 	ld	h,-1 (ix)
   04E2 23            [ 6]  933 	inc	hl
   04E3 23            [ 6]  934 	inc	hl
   04E4 23            [ 6]  935 	inc	hl
   04E5 23            [ 6]  936 	inc	hl
   04E6 6E            [ 7]  937 	ld	l, (hl)
   04E7 26 00         [ 7]  938 	ld	h, #0x00
   04E9 3E 50         [ 7]  939 	ld	a, #0x50
   04EB 95            [ 4]  940 	sub	a, l
   04EC 6F            [ 4]  941 	ld	l, a
   04ED 3E 00         [ 7]  942 	ld	a, #0x00
   04EF 9C            [ 4]  943 	sbc	a, h
   04F0 67            [ 4]  944 	ld	h, a
                            945 ;src/entities/enemy.c:174: if (nextx > maxx) {
   04F1 7D            [ 4]  946 	ld	a, l
   04F2 91            [ 4]  947 	sub	a, c
   04F3 7C            [ 4]  948 	ld	a, h
   04F4 98            [ 4]  949 	sbc	a, b
   04F5 E2rFAr04      [10]  950 	jp	PO, 00163$
   04F8 EE 80         [ 7]  951 	xor	a, #0x80
   04FA                     952 00163$:
   04FA F2r06r05      [10]  953 	jp	P, 00115$
                            954 ;src/entities/enemy.c:175: nextx = maxx;
   04FD 4D            [ 4]  955 	ld	c, l
                            956 ;src/entities/enemy.c:176: enemy->vx = -1;
   04FE DD 6E FB      [19]  957 	ld	l,-5 (ix)
   0501 DD 66 FC      [19]  958 	ld	h,-4 (ix)
   0504 36 FF         [10]  959 	ld	(hl), #0xff
   0506                     960 00115$:
                            961 ;src/entities/enemy.c:179: enemy->x = (u8)nextx;
   0506 DD 6E FE      [19]  962 	ld	l,-2 (ix)
   0509 DD 66 FF      [19]  963 	ld	h,-1 (ix)
   050C 71            [ 7]  964 	ld	(hl), c
                            965 ;src/entities/enemy.c:181: enemy->vy = (i8)(enemy->vy + 1);
   050D 1A            [ 7]  966 	ld	a, (de)
   050E 4F            [ 4]  967 	ld	c, a
   050F 0C            [ 4]  968 	inc	c
   0510 79            [ 4]  969 	ld	a, c
   0511 12            [ 7]  970 	ld	(de), a
                            971 ;src/entities/enemy.c:182: if (enemy->vy > 3) enemy->vy = 3;
   0512 3E 03         [ 7]  972 	ld	a, #0x03
   0514 91            [ 4]  973 	sub	a, c
   0515 E2r1Ar05      [10]  974 	jp	PO, 00164$
   0518 EE 80         [ 7]  975 	xor	a, #0x80
   051A                     976 00164$:
   051A F2r20r05      [10]  977 	jp	P, 00117$
   051D 3E 03         [ 7]  978 	ld	a, #0x03
   051F 12            [ 7]  979 	ld	(de), a
   0520                     980 00117$:
                            981 ;src/entities/enemy.c:183: nexty = (i16)enemy->y + (i16)enemy->vy;
   0520 DD 6E F9      [19]  982 	ld	l,-7 (ix)
   0523 DD 66 FA      [19]  983 	ld	h,-6 (ix)
   0526 4E            [ 7]  984 	ld	c, (hl)
   0527 06 00         [ 7]  985 	ld	b, #0x00
   0529 1A            [ 7]  986 	ld	a, (de)
   052A 6F            [ 4]  987 	ld	l, a
   052B 17            [ 4]  988 	rla
   052C 9F            [ 4]  989 	sbc	a, a
   052D 67            [ 4]  990 	ld	h, a
   052E 09            [11]  991 	add	hl, bc
   052F E5            [11]  992 	push	hl
   0530 FD E1         [14]  993 	pop	iy
                            994 ;src/entities/enemy.c:184: nexty = collision_clamp_y_at((i16)enemy->x, nexty, enemy->h);
   0532 DD 7E FE      [19]  995 	ld	a, -2 (ix)
   0535 C6 05         [ 7]  996 	add	a, #0x05
   0537 DD 77 F6      [19]  997 	ld	-10 (ix), a
   053A DD 7E FF      [19]  998 	ld	a, -1 (ix)
   053D CE 00         [ 7]  999 	adc	a, #0x00
   053F DD 77 F7      [19] 1000 	ld	-9 (ix), a
   0542 E1            [10] 1001 	pop	hl
   0543 E5            [11] 1002 	push	hl
   0544 7E            [ 7] 1003 	ld	a, (hl)
   0545 DD 6E FE      [19] 1004 	ld	l,-2 (ix)
   0548 DD 66 FF      [19] 1005 	ld	h,-1 (ix)
   054B 4E            [ 7] 1006 	ld	c, (hl)
   054C 06 00         [ 7] 1007 	ld	b, #0x00
   054E D5            [11] 1008 	push	de
   054F F5            [11] 1009 	push	af
   0550 33            [ 6] 1010 	inc	sp
   0551 FD E5         [15] 1011 	push	iy
   0553 C5            [11] 1012 	push	bc
   0554 CDr00r00      [17] 1013 	call	_collision_clamp_y_at
   0557 F1            [10] 1014 	pop	af
   0558 F1            [10] 1015 	pop	af
   0559 33            [ 6] 1016 	inc	sp
   055A 4D            [ 4] 1017 	ld	c, l
   055B D1            [10] 1018 	pop	de
                           1019 ;src/entities/enemy.c:185: enemy->y = (u8)nexty;
   055C DD 6E F9      [19] 1020 	ld	l,-7 (ix)
   055F DD 66 FA      [19] 1021 	ld	h,-6 (ix)
   0562 71            [ 7] 1022 	ld	(hl), c
                           1023 ;src/entities/enemy.c:186: if (collision_is_on_ground_at((i16)enemy->x, (i16)enemy->y, enemy->h) && enemy->vy > 0) {
   0563 E1            [10] 1024 	pop	hl
   0564 E5            [11] 1025 	push	hl
   0565 7E            [ 7] 1026 	ld	a, (hl)
   0566 06 00         [ 7] 1027 	ld	b, #0x00
   0568 DD 6E FE      [19] 1028 	ld	l,-2 (ix)
   056B DD 66 FF      [19] 1029 	ld	h,-1 (ix)
   056E 6E            [ 7] 1030 	ld	l, (hl)
   056F DD 75 F6      [19] 1031 	ld	-10 (ix), l
   0572 DD 36 F7 00   [19] 1032 	ld	-9 (ix), #0x00
   0576 D5            [11] 1033 	push	de
   0577 F5            [11] 1034 	push	af
   0578 33            [ 6] 1035 	inc	sp
   0579 C5            [11] 1036 	push	bc
   057A DD 6E F6      [19] 1037 	ld	l,-10 (ix)
   057D DD 66 F7      [19] 1038 	ld	h,-9 (ix)
   0580 E5            [11] 1039 	push	hl
   0581 CDr00r00      [17] 1040 	call	_collision_is_on_ground_at
   0584 F1            [10] 1041 	pop	af
   0585 F1            [10] 1042 	pop	af
   0586 33            [ 6] 1043 	inc	sp
   0587 D1            [10] 1044 	pop	de
   0588 7D            [ 4] 1045 	ld	a, l
   0589 B7            [ 4] 1046 	or	a, a
   058A 28 0E         [12] 1047 	jr	Z,00121$
   058C 1A            [ 7] 1048 	ld	a, (de)
   058D 4F            [ 4] 1049 	ld	c, a
   058E AF            [ 4] 1050 	xor	a, a
   058F 91            [ 4] 1051 	sub	a, c
   0590 E2r95r05      [10] 1052 	jp	PO, 00165$
   0593 EE 80         [ 7] 1053 	xor	a, #0x80
   0595                    1054 00165$:
   0595 F2r9Ar05      [10] 1055 	jp	P, 00121$
                           1056 ;src/entities/enemy.c:187: enemy->vy = 0;
   0598 AF            [ 4] 1057 	xor	a, a
   0599 12            [ 7] 1058 	ld	(de), a
   059A                    1059 00121$:
   059A DD F9         [10] 1060 	ld	sp, ix
   059C DD E1         [14] 1061 	pop	ix
   059E C9            [10] 1062 	ret
                           1063 ;src/entities/enemy.c:191: void enemyrender(const Enemy* enemy) {
                           1064 ;	---------------------------------
                           1065 ; Function enemyrender
                           1066 ; ---------------------------------
   059F                    1067 _enemyrender::
   059F DD E5         [15] 1068 	push	ix
   05A1 DD 21 00 00   [14] 1069 	ld	ix,#0
   05A5 DD 39         [15] 1070 	add	ix,sp
   05A7 F5            [11] 1071 	push	af
   05A8 3B            [ 6] 1072 	dec	sp
                           1073 ;src/entities/enemy.c:195: if (!enemy || !enemy->active) {
   05A9 DD 7E 05      [19] 1074 	ld	a, 5 (ix)
   05AC DD B6 04      [19] 1075 	or	a,4 (ix)
   05AF CAr2Cr06      [10] 1076 	jp	Z,00113$
   05B2 DD 4E 04      [19] 1077 	ld	c,4 (ix)
   05B5 DD 46 05      [19] 1078 	ld	b,5 (ix)
   05B8 C5            [11] 1079 	push	bc
   05B9 FD E1         [14] 1080 	pop	iy
   05BB FD 7E 06      [19] 1081 	ld	a, 6 (iy)
   05BE B7            [ 4] 1082 	or	a, a
                           1083 ;src/entities/enemy.c:196: return;
   05BF 28 6B         [12] 1084 	jr	Z,00113$
                           1085 ;src/entities/enemy.c:199: if (enemy->kind == 3) sprite = enemy_kind3_sprite;
   05C1 C5            [11] 1086 	push	bc
   05C2 FD E1         [14] 1087 	pop	iy
   05C4 FD 7E 09      [19] 1088 	ld	a, 9 (iy)
   05C7 FE 03         [ 7] 1089 	cp	a, #0x03
   05C9 20 0A         [12] 1090 	jr	NZ,00111$
   05CB DD 36 FEr07   [19] 1091 	ld	-2 (ix), #<(_enemy_kind3_sprite)
   05CF DD 36 FFs01   [19] 1092 	ld	-1 (ix), #>(_enemy_kind3_sprite)
   05D3 18 23         [12] 1093 	jr	00112$
   05D5                    1094 00111$:
                           1095 ;src/entities/enemy.c:200: else if (enemy->kind == 2) sprite = enemy_kind2_sprite;
   05D5 FE 02         [ 7] 1096 	cp	a, #0x02
   05D7 20 0A         [12] 1097 	jr	NZ,00108$
   05D9 DD 36 FErCB   [19] 1098 	ld	-2 (ix), #<(_enemy_kind2_sprite)
   05DD DD 36 FFs00   [19] 1099 	ld	-1 (ix), #>(_enemy_kind2_sprite)
   05E1 18 15         [12] 1100 	jr	00112$
   05E3                    1101 00108$:
                           1102 ;src/entities/enemy.c:201: else if (enemy->kind == 1) sprite = enemy_kind1_sprite;
   05E3 3D            [ 4] 1103 	dec	a
   05E4 20 0A         [12] 1104 	jr	NZ,00105$
   05E6 DD 36 FEr85   [19] 1105 	ld	-2 (ix), #<(_enemy_kind1_sprite)
   05EA DD 36 FFs00   [19] 1106 	ld	-1 (ix), #>(_enemy_kind1_sprite)
   05EE 18 08         [12] 1107 	jr	00112$
   05F0                    1108 00105$:
                           1109 ;src/entities/enemy.c:202: else sprite = enemy_kind0_sprite;
   05F0 DD 36 FEr45   [19] 1110 	ld	-2 (ix), #<(_enemy_kind0_sprite)
   05F4 DD 36 FFs00   [19] 1111 	ld	-1 (ix), #>(_enemy_kind0_sprite)
   05F8                    1112 00112$:
                           1113 ;src/entities/enemy.c:204: pvmem = cpct_getScreenPtr(CPCT_VMEM_START, enemy->x, enemy->y);
   05F8 69            [ 4] 1114 	ld	l, c
   05F9 60            [ 4] 1115 	ld	h, b
   05FA 23            [ 6] 1116 	inc	hl
   05FB 56            [ 7] 1117 	ld	d, (hl)
   05FC 0A            [ 7] 1118 	ld	a, (bc)
   05FD C5            [11] 1119 	push	bc
   05FE 5F            [ 4] 1120 	ld	e, a
   05FF D5            [11] 1121 	push	de
   0600 21 00 C0      [10] 1122 	ld	hl, #0xc000
   0603 E5            [11] 1123 	push	hl
   0604 CDr00r00      [17] 1124 	call	_cpct_getScreenPtr
   0607 EB            [ 4] 1125 	ex	de,hl
   0608 C1            [10] 1126 	pop	bc
                           1127 ;src/entities/enemy.c:205: cpct_drawSprite((u8*)sprite, pvmem, enemy->w, enemy->h);
   0609 C5            [11] 1128 	push	bc
   060A FD E1         [14] 1129 	pop	iy
   060C FD 7E 05      [19] 1130 	ld	a, 5 (iy)
   060F DD 77 FD      [19] 1131 	ld	-3 (ix), a
   0612 69            [ 4] 1132 	ld	l, c
   0613 60            [ 4] 1133 	ld	h, b
   0614 01 04 00      [10] 1134 	ld	bc, #0x0004
   0617 09            [11] 1135 	add	hl, bc
   0618 4E            [ 7] 1136 	ld	c, (hl)
   0619 D5            [11] 1137 	push	de
   061A FD E1         [14] 1138 	pop	iy
   061C DD 5E FE      [19] 1139 	ld	e,-2 (ix)
   061F DD 56 FF      [19] 1140 	ld	d,-1 (ix)
   0622 DD 46 FD      [19] 1141 	ld	b, -3 (ix)
   0625 C5            [11] 1142 	push	bc
   0626 FD E5         [15] 1143 	push	iy
   0628 D5            [11] 1144 	push	de
   0629 CDr00r00      [17] 1145 	call	_cpct_drawSprite
   062C                    1146 00113$:
   062C DD F9         [10] 1147 	ld	sp, ix
   062E DD E1         [14] 1148 	pop	ix
   0630 C9            [10] 1149 	ret
                           1150 ;src/entities/enemy.c:208: u8 enemydamage(Enemy* enemy, u8 damage) {
                           1151 ;	---------------------------------
                           1152 ; Function enemydamage
                           1153 ; ---------------------------------
   0631                    1154 _enemydamage::
   0631 DD E5         [15] 1155 	push	ix
   0633 DD 21 00 00   [14] 1156 	ld	ix,#0
   0637 DD 39         [15] 1157 	add	ix,sp
                           1158 ;src/entities/enemy.c:209: if (!enemy || !enemy->active) {
   0639 DD 7E 05      [19] 1159 	ld	a, 5 (ix)
   063C DD B6 04      [19] 1160 	or	a,4 (ix)
   063F 28 0F         [12] 1161 	jr	Z,00101$
   0641 DD 4E 04      [19] 1162 	ld	c,4 (ix)
   0644 DD 46 05      [19] 1163 	ld	b,5 (ix)
   0647 21 06 00      [10] 1164 	ld	hl, #0x0006
   064A 09            [11] 1165 	add	hl,bc
   064B EB            [ 4] 1166 	ex	de,hl
   064C 1A            [ 7] 1167 	ld	a, (de)
   064D B7            [ 4] 1168 	or	a, a
   064E 20 04         [12] 1169 	jr	NZ,00102$
   0650                    1170 00101$:
                           1171 ;src/entities/enemy.c:210: return 0;
   0650 2E 00         [ 7] 1172 	ld	l, #0x00
   0652 18 1A         [12] 1173 	jr	00106$
   0654                    1174 00102$:
                           1175 ;src/entities/enemy.c:213: if (damage >= enemy->health) {
   0654 21 07 00      [10] 1176 	ld	hl, #0x0007
   0657 09            [11] 1177 	add	hl, bc
   0658 4E            [ 7] 1178 	ld	c, (hl)
   0659 DD 7E 06      [19] 1179 	ld	a, 6 (ix)
   065C 91            [ 4] 1180 	sub	a, c
   065D 38 08         [12] 1181 	jr	C,00105$
                           1182 ;src/entities/enemy.c:214: enemy->health = 0;
   065F 36 00         [10] 1183 	ld	(hl), #0x00
                           1184 ;src/entities/enemy.c:215: enemy->active = 0;
   0661 AF            [ 4] 1185 	xor	a, a
   0662 12            [ 7] 1186 	ld	(de), a
                           1187 ;src/entities/enemy.c:216: return 1;
   0663 2E 01         [ 7] 1188 	ld	l, #0x01
   0665 18 07         [12] 1189 	jr	00106$
   0667                    1190 00105$:
                           1191 ;src/entities/enemy.c:219: enemy->health = (u8)(enemy->health - damage);
   0667 79            [ 4] 1192 	ld	a, c
   0668 DD 96 06      [19] 1193 	sub	a, 6 (ix)
   066B 77            [ 7] 1194 	ld	(hl), a
                           1195 ;src/entities/enemy.c:220: return 0;
   066C 2E 00         [ 7] 1196 	ld	l, #0x00
   066E                    1197 00106$:
   066E DD E1         [14] 1198 	pop	ix
   0670 C9            [10] 1199 	ret
                           1200 	.area _CODE
                           1201 	.area _INITIALIZER
                           1202 	.area _CABS (ABS)
