                              1 ;--------------------------------------------------------
                              2 ; File Created by SDCC : free open source ANSI-C Compiler
                              3 ; Version 3.6.8 #9946 (Mac OS X ppc)
                              4 ;--------------------------------------------------------
                              5 	.module player
                              6 	.optsdcc -mz80
                              7 	
                              8 ;--------------------------------------------------------
                              9 ; Public variables in this module
                             10 ;--------------------------------------------------------
                             11 	.globl _collision_clamp_y_at
                             12 	.globl _collision_is_on_ground_at
                             13 	.globl _input_is_jump_just_pressed
                             14 	.globl _input_is_jump_pressed
                             15 	.globl _input_is_right_pressed
                             16 	.globl _input_is_left_pressed
                             17 	.globl _cpct_getScreenPtr
                             18 	.globl _cpct_hflipSpriteM0
                             19 	.globl _cpct_drawSprite
                             20 	.globl _playerinit
                             21 	.globl _playerupdate
                             22 	.globl _playerrender
                             23 	.globl _player_get_ammo
                             24 	.globl _player_get_health
                             25 	.globl _player_get_weapon
                             26 ;--------------------------------------------------------
                             27 ; special function registers
                             28 ;--------------------------------------------------------
                             29 ;--------------------------------------------------------
                             30 ; ram data
                             31 ;--------------------------------------------------------
                             32 	.area _DATA
   0000                      33 _gplayersprite:
   0000                      34 	.ds 192
   00C0                      35 _gplayerspritefacingleft:
   00C0                      36 	.ds 1
                             37 ;--------------------------------------------------------
                             38 ; ram data
                             39 ;--------------------------------------------------------
                             40 	.area _INITIALIZED
                             41 ;--------------------------------------------------------
                             42 ; absolute external ram data
                             43 ;--------------------------------------------------------
                             44 	.area _DABS (ABS)
                             45 ;--------------------------------------------------------
                             46 ; global & static initialisations
                             47 ;--------------------------------------------------------
                             48 	.area _HOME
                             49 	.area _GSINIT
                             50 	.area _GSFINAL
                             51 	.area _GSINIT
                             52 ;--------------------------------------------------------
                             53 ; Home
                             54 ;--------------------------------------------------------
                             55 	.area _HOME
                             56 	.area _HOME
                             57 ;--------------------------------------------------------
                             58 ; code
                             59 ;--------------------------------------------------------
                             60 	.area _CODE
                             61 ;src/entities/player.c:21: void playerinit(Player* player) {
                             62 ;	---------------------------------
                             63 ; Function playerinit
                             64 ; ---------------------------------
   0000                      65 _playerinit::
   0000 DD E5         [15]   66 	push	ix
   0002 DD 21 00 00   [14]   67 	ld	ix,#0
   0006 DD 39         [15]   68 	add	ix,sp
                             69 ;src/entities/player.c:23: if (!player) {
   0008 DD 7E 05      [19]   70 	ld	a, 5 (ix)
   000B DD B6 04      [19]   71 	or	a,4 (ix)
                             72 ;src/entities/player.c:24: return;
   000E 28 5D         [12]   73 	jr	Z,00106$
                             74 ;src/entities/player.c:27: player->x = 4;
   0010 DD 4E 04      [19]   75 	ld	c,4 (ix)
   0013 DD 46 05      [19]   76 	ld	b,5 (ix)
   0016 3E 04         [ 7]   77 	ld	a, #0x04
   0018 02            [ 7]   78 	ld	(bc), a
                             79 ;src/entities/player.c:28: player->y = (u8)(104);  /* groundy(128) - h(24) = 104: feet at ground level */
   0019 69            [ 4]   80 	ld	l, c
   001A 60            [ 4]   81 	ld	h, b
   001B 23            [ 6]   82 	inc	hl
   001C 36 68         [10]   83 	ld	(hl), #0x68
                             84 ;src/entities/player.c:29: player->vx = 0;
   001E 59            [ 4]   85 	ld	e, c
   001F 50            [ 4]   86 	ld	d, b
   0020 13            [ 6]   87 	inc	de
   0021 13            [ 6]   88 	inc	de
   0022 AF            [ 4]   89 	xor	a, a
   0023 12            [ 7]   90 	ld	(de), a
                             91 ;src/entities/player.c:30: player->vy = 0;
   0024 59            [ 4]   92 	ld	e, c
   0025 50            [ 4]   93 	ld	d, b
   0026 13            [ 6]   94 	inc	de
   0027 13            [ 6]   95 	inc	de
   0028 13            [ 6]   96 	inc	de
   0029 AF            [ 4]   97 	xor	a, a
   002A 12            [ 7]   98 	ld	(de), a
                             99 ;src/entities/player.c:31: player->w = 8;
   002B 21 04 00      [10]  100 	ld	hl, #0x0004
   002E 09            [11]  101 	add	hl, bc
   002F 36 08         [10]  102 	ld	(hl), #0x08
                            103 ;src/entities/player.c:32: player->h = 24;
   0031 21 05 00      [10]  104 	ld	hl, #0x0005
   0034 09            [11]  105 	add	hl, bc
   0035 36 18         [10]  106 	ld	(hl), #0x18
                            107 ;src/entities/player.c:33: player->health = 3;
   0037 21 06 00      [10]  108 	ld	hl, #0x0006
   003A 09            [11]  109 	add	hl, bc
   003B 36 03         [10]  110 	ld	(hl), #0x03
                            111 ;src/entities/player.c:34: player->weapon = 0;
   003D 21 07 00      [10]  112 	ld	hl, #0x0007
   0040 09            [11]  113 	add	hl, bc
   0041 36 00         [10]  114 	ld	(hl), #0x00
                            115 ;src/entities/player.c:35: player->facing_left = 0;
   0043 21 08 00      [10]  116 	ld	hl, #0x0008
   0046 09            [11]  117 	add	hl, bc
   0047 36 00         [10]  118 	ld	(hl), #0x00
                            119 ;src/entities/player.c:36: player->jump_hold = 0;
   0049 21 09 00      [10]  120 	ld	hl, #0x0009
   004C 09            [11]  121 	add	hl, bc
   004D 36 00         [10]  122 	ld	(hl), #0x00
                            123 ;src/entities/player.c:37: for (index = 0; index < kplayerspritebytes; ++index) {
   004F 0E 00         [ 7]  124 	ld	c, #0x00
   0051                     125 00104$:
                            126 ;src/entities/player.c:38: gplayersprite[index] = sprplayerknight_data[index];
   0051 3Er00         [ 7]  127 	ld	a, #<(_gplayersprite)
   0053 81            [ 4]  128 	add	a, c
   0054 5F            [ 4]  129 	ld	e, a
   0055 3Es00         [ 7]  130 	ld	a, #>(_gplayersprite)
   0057 CE 00         [ 7]  131 	adc	a, #0x00
   0059 57            [ 4]  132 	ld	d, a
   005A 21r00r00      [10]  133 	ld	hl, #_sprplayerknight_data
   005D 06 00         [ 7]  134 	ld	b, #0x00
   005F 09            [11]  135 	add	hl, bc
   0060 7E            [ 7]  136 	ld	a, (hl)
   0061 12            [ 7]  137 	ld	(de), a
                            138 ;src/entities/player.c:37: for (index = 0; index < kplayerspritebytes; ++index) {
   0062 0C            [ 4]  139 	inc	c
   0063 79            [ 4]  140 	ld	a, c
   0064 D6 C0         [ 7]  141 	sub	a, #0xc0
   0066 38 E9         [12]  142 	jr	C,00104$
                            143 ;src/entities/player.c:40: gplayerspritefacingleft = 0;
   0068 21rC0r00      [10]  144 	ld	hl,#_gplayerspritefacingleft + 0
   006B 36 00         [10]  145 	ld	(hl), #0x00
   006D                     146 00106$:
   006D DD E1         [14]  147 	pop	ix
   006F C9            [10]  148 	ret
                            149 ;src/entities/player.c:43: void playerupdate(Player* player) {
                            150 ;	---------------------------------
                            151 ; Function playerupdate
                            152 ; ---------------------------------
   0070                     153 _playerupdate::
   0070 DD E5         [15]  154 	push	ix
   0072 DD 21 00 00   [14]  155 	ld	ix,#0
   0076 DD 39         [15]  156 	add	ix,sp
   0078 21 F2 FF      [10]  157 	ld	hl, #-14
   007B 39            [11]  158 	add	hl, sp
   007C F9            [ 6]  159 	ld	sp, hl
                            160 ;src/entities/player.c:47: if (!player) {
   007D DD 7E 05      [19]  161 	ld	a, 5 (ix)
   0080 DD B6 04      [19]  162 	or	a,4 (ix)
                            163 ;src/entities/player.c:48: return;
   0083 CArA3r02      [10]  164 	jp	Z,00141$
                            165 ;src/entities/player.c:51: if (input_is_left_pressed()) {
   0086 CDr00r00      [17]  166 	call	_input_is_left_pressed
                            167 ;src/entities/player.c:52: player->vx = (i8)(player->vx - kplayeracceleration);
   0089 DD 4E 04      [19]  168 	ld	c,4 (ix)
   008C DD 46 05      [19]  169 	ld	b,5 (ix)
   008F 59            [ 4]  170 	ld	e, c
   0090 50            [ 4]  171 	ld	d, b
   0091 13            [ 6]  172 	inc	de
   0092 13            [ 6]  173 	inc	de
                            174 ;src/entities/player.c:53: player->facing_left = 1;
   0093 79            [ 4]  175 	ld	a, c
   0094 C6 08         [ 7]  176 	add	a, #0x08
   0096 DD 77 F2      [19]  177 	ld	-14 (ix), a
   0099 78            [ 4]  178 	ld	a, b
   009A CE 00         [ 7]  179 	adc	a, #0x00
   009C DD 77 F3      [19]  180 	ld	-13 (ix), a
                            181 ;src/entities/player.c:51: if (input_is_left_pressed()) {
   009F 7D            [ 4]  182 	ld	a, l
   00A0 B7            [ 4]  183 	or	a, a
   00A1 28 0A         [12]  184 	jr	Z,00116$
                            185 ;src/entities/player.c:52: player->vx = (i8)(player->vx - kplayeracceleration);
   00A3 1A            [ 7]  186 	ld	a, (de)
   00A4 C6 FE         [ 7]  187 	add	a, #0xfe
   00A6 12            [ 7]  188 	ld	(de), a
                            189 ;src/entities/player.c:53: player->facing_left = 1;
   00A7 E1            [10]  190 	pop	hl
   00A8 E5            [11]  191 	push	hl
   00A9 36 01         [10]  192 	ld	(hl), #0x01
   00AB 18 52         [12]  193 	jr	00117$
   00AD                     194 00116$:
                            195 ;src/entities/player.c:54: } else if (input_is_right_pressed()) {
   00AD C5            [11]  196 	push	bc
   00AE D5            [11]  197 	push	de
   00AF CDr00r00      [17]  198 	call	_input_is_right_pressed
   00B2 DD 75 FF      [19]  199 	ld	-1 (ix), l
   00B5 D1            [10]  200 	pop	de
   00B6 C1            [10]  201 	pop	bc
                            202 ;src/entities/player.c:65: if (player->vx > kplayermovespeed) player->vx = kplayermovespeed;
   00B7 1A            [ 7]  203 	ld	a, (de)
                            204 ;src/entities/player.c:55: player->vx = (i8)(player->vx + kplayeracceleration);
   00B8 6F            [ 4]  205 	ld	l,a
   00B9 C6 02         [ 7]  206 	add	a, #0x02
   00BB DD 77 FE      [19]  207 	ld	-2 (ix), a
                            208 ;src/entities/player.c:54: } else if (input_is_right_pressed()) {
   00BE DD 7E FF      [19]  209 	ld	a, -1 (ix)
   00C1 B7            [ 4]  210 	or	a, a
   00C2 28 0A         [12]  211 	jr	Z,00113$
                            212 ;src/entities/player.c:55: player->vx = (i8)(player->vx + kplayeracceleration);
   00C4 DD 7E FE      [19]  213 	ld	a, -2 (ix)
   00C7 12            [ 7]  214 	ld	(de), a
                            215 ;src/entities/player.c:56: player->facing_left = 0;
   00C8 E1            [10]  216 	pop	hl
   00C9 E5            [11]  217 	push	hl
   00CA 36 00         [10]  218 	ld	(hl), #0x00
   00CC 18 31         [12]  219 	jr	00117$
   00CE                     220 00113$:
                            221 ;src/entities/player.c:57: } else if (player->vx > 0) {
   00CE AF            [ 4]  222 	xor	a, a
   00CF 95            [ 4]  223 	sub	a, l
   00D0 E2rD5r00      [10]  224 	jp	PO, 00223$
   00D3 EE 80         [ 7]  225 	xor	a, #0x80
   00D5                     226 00223$:
   00D5 F2rE9r00      [10]  227 	jp	P, 00110$
                            228 ;src/entities/player.c:58: player->vx = (i8)(player->vx - kplayerdeceleration);
   00D8 7D            [ 4]  229 	ld	a, l
   00D9 C6 FE         [ 7]  230 	add	a, #0xfe
   00DB DD 77 FF      [19]  231 	ld	-1 (ix), a
   00DE 12            [ 7]  232 	ld	(de),a
                            233 ;src/entities/player.c:59: if (player->vx < 0) player->vx = 0;
   00DF DD CB FF 7E   [20]  234 	bit	7, -1 (ix)
   00E3 28 1A         [12]  235 	jr	Z,00117$
   00E5 AF            [ 4]  236 	xor	a, a
   00E6 12            [ 7]  237 	ld	(de), a
   00E7 18 16         [12]  238 	jr	00117$
   00E9                     239 00110$:
                            240 ;src/entities/player.c:60: } else if (player->vx < 0) {
   00E9 CB 7D         [ 8]  241 	bit	7, l
   00EB 28 12         [12]  242 	jr	Z,00117$
                            243 ;src/entities/player.c:61: player->vx = (i8)(player->vx + kplayerdeceleration);
   00ED DD 7E FE      [19]  244 	ld	a, -2 (ix)
   00F0 12            [ 7]  245 	ld	(de), a
                            246 ;src/entities/player.c:62: if (player->vx > 0) player->vx = 0;
   00F1 AF            [ 4]  247 	xor	a, a
   00F2 DD 96 FE      [19]  248 	sub	a, -2 (ix)
   00F5 E2rFAr00      [10]  249 	jp	PO, 00224$
   00F8 EE 80         [ 7]  250 	xor	a, #0x80
   00FA                     251 00224$:
   00FA F2rFFr00      [10]  252 	jp	P, 00117$
   00FD AF            [ 4]  253 	xor	a, a
   00FE 12            [ 7]  254 	ld	(de), a
   00FF                     255 00117$:
                            256 ;src/entities/player.c:65: if (player->vx > kplayermovespeed) player->vx = kplayermovespeed;
   00FF 1A            [ 7]  257 	ld	a, (de)
   0100 6F            [ 4]  258 	ld	l, a
   0101 3E 02         [ 7]  259 	ld	a, #0x02
   0103 95            [ 4]  260 	sub	a, l
   0104 E2r09r01      [10]  261 	jp	PO, 00225$
   0107 EE 80         [ 7]  262 	xor	a, #0x80
   0109                     263 00225$:
   0109 F2r0Fr01      [10]  264 	jp	P, 00119$
   010C 3E 02         [ 7]  265 	ld	a, #0x02
   010E 12            [ 7]  266 	ld	(de), a
   010F                     267 00119$:
                            268 ;src/entities/player.c:66: if (player->vx < -kplayermovespeed) player->vx = -kplayermovespeed;
   010F 1A            [ 7]  269 	ld	a, (de)
   0110 EE 80         [ 7]  270 	xor	a, #0x80
   0112 D6 7E         [ 7]  271 	sub	a, #0x7e
   0114 30 03         [12]  272 	jr	NC,00121$
   0116 3E FE         [ 7]  273 	ld	a, #0xfe
   0118 12            [ 7]  274 	ld	(de), a
   0119                     275 00121$:
                            276 ;src/entities/player.c:68: if (input_is_jump_just_pressed() && collision_is_on_ground_at((i16)player->x, (i16)player->y, player->h)) {
   0119 C5            [11]  277 	push	bc
   011A D5            [11]  278 	push	de
   011B CDr00r00      [17]  279 	call	_input_is_jump_just_pressed
   011E DD 75 FE      [19]  280 	ld	-2 (ix), l
   0121 D1            [10]  281 	pop	de
   0122 C1            [10]  282 	pop	bc
   0123 21 05 00      [10]  283 	ld	hl, #0x0005
   0126 09            [11]  284 	add	hl,bc
   0127 E3            [19]  285 	ex	(sp), hl
   0128 21 01 00      [10]  286 	ld	hl, #0x0001
   012B 09            [11]  287 	add	hl,bc
   012C DD 75 FC      [19]  288 	ld	-4 (ix), l
   012F DD 74 FD      [19]  289 	ld	-3 (ix), h
                            290 ;src/entities/player.c:69: player->vy = kplayerjumpvelocity;
   0132 21 03 00      [10]  291 	ld	hl, #0x0003
   0135 09            [11]  292 	add	hl,bc
   0136 DD 75 FA      [19]  293 	ld	-6 (ix), l
   0139 DD 74 FB      [19]  294 	ld	-5 (ix), h
                            295 ;src/entities/player.c:70: player->jump_hold = 5;
   013C 21 09 00      [10]  296 	ld	hl, #0x0009
   013F 09            [11]  297 	add	hl,bc
   0140 DD 75 F8      [19]  298 	ld	-8 (ix), l
   0143 DD 74 F9      [19]  299 	ld	-7 (ix), h
                            300 ;src/entities/player.c:68: if (input_is_jump_just_pressed() && collision_is_on_ground_at((i16)player->x, (i16)player->y, player->h)) {
   0146 DD 7E FE      [19]  301 	ld	a, -2 (ix)
   0149 B7            [ 4]  302 	or	a, a
   014A 28 4A         [12]  303 	jr	Z,00123$
   014C E1            [10]  304 	pop	hl
   014D E5            [11]  305 	push	hl
   014E 7E            [ 7]  306 	ld	a, (hl)
   014F DD 6E FC      [19]  307 	ld	l,-4 (ix)
   0152 DD 66 FD      [19]  308 	ld	h,-3 (ix)
   0155 6E            [ 7]  309 	ld	l, (hl)
   0156 DD 75 F6      [19]  310 	ld	-10 (ix), l
   0159 DD 36 F7 00   [19]  311 	ld	-9 (ix), #0x00
   015D F5            [11]  312 	push	af
   015E 0A            [ 7]  313 	ld	a, (bc)
   015F 6F            [ 4]  314 	ld	l, a
   0160 F1            [10]  315 	pop	af
   0161 DD 75 F4      [19]  316 	ld	-12 (ix), l
   0164 DD 36 F5 00   [19]  317 	ld	-11 (ix), #0x00
   0168 C5            [11]  318 	push	bc
   0169 D5            [11]  319 	push	de
   016A F5            [11]  320 	push	af
   016B 33            [ 6]  321 	inc	sp
   016C DD 6E F6      [19]  322 	ld	l,-10 (ix)
   016F DD 66 F7      [19]  323 	ld	h,-9 (ix)
   0172 E5            [11]  324 	push	hl
   0173 DD 6E F4      [19]  325 	ld	l,-12 (ix)
   0176 DD 66 F5      [19]  326 	ld	h,-11 (ix)
   0179 E5            [11]  327 	push	hl
   017A CDr00r00      [17]  328 	call	_collision_is_on_ground_at
   017D F1            [10]  329 	pop	af
   017E F1            [10]  330 	pop	af
   017F 33            [ 6]  331 	inc	sp
   0180 D1            [10]  332 	pop	de
   0181 C1            [10]  333 	pop	bc
   0182 7D            [ 4]  334 	ld	a, l
   0183 B7            [ 4]  335 	or	a, a
   0184 28 10         [12]  336 	jr	Z,00123$
                            337 ;src/entities/player.c:69: player->vy = kplayerjumpvelocity;
   0186 DD 6E FA      [19]  338 	ld	l,-6 (ix)
   0189 DD 66 FB      [19]  339 	ld	h,-5 (ix)
   018C 36 FA         [10]  340 	ld	(hl), #0xfa
                            341 ;src/entities/player.c:70: player->jump_hold = 5;
   018E DD 6E F8      [19]  342 	ld	l,-8 (ix)
   0191 DD 66 F9      [19]  343 	ld	h,-7 (ix)
   0194 36 05         [10]  344 	ld	(hl), #0x05
   0196                     345 00123$:
                            346 ;src/entities/player.c:73: if (input_is_jump_pressed() && player->jump_hold && player->vy < 0) {
   0196 C5            [11]  347 	push	bc
   0197 D5            [11]  348 	push	de
   0198 CDr00r00      [17]  349 	call	_input_is_jump_pressed
   019B 7D            [ 4]  350 	ld	a, l
   019C D1            [10]  351 	pop	de
   019D C1            [10]  352 	pop	bc
   019E B7            [ 4]  353 	or	a, a
   019F 28 31         [12]  354 	jr	Z,00126$
   01A1 DD 6E F8      [19]  355 	ld	l,-8 (ix)
   01A4 DD 66 F9      [19]  356 	ld	h,-7 (ix)
   01A7 7E            [ 7]  357 	ld	a, (hl)
   01A8 B7            [ 4]  358 	or	a, a
   01A9 28 27         [12]  359 	jr	Z,00126$
   01AB DD 6E FA      [19]  360 	ld	l,-6 (ix)
   01AE DD 66 FB      [19]  361 	ld	h,-5 (ix)
   01B1 6E            [ 7]  362 	ld	l, (hl)
   01B2 CB 7D         [ 8]  363 	bit	7, l
   01B4 28 1C         [12]  364 	jr	Z,00126$
                            365 ;src/entities/player.c:74: player->vy = (i8)(player->vy + kplayerjumpboost);
   01B6 7D            [ 4]  366 	ld	a, l
   01B7 C6 FF         [ 7]  367 	add	a, #0xff
   01B9 DD 6E FA      [19]  368 	ld	l,-6 (ix)
   01BC DD 66 FB      [19]  369 	ld	h,-5 (ix)
   01BF 77            [ 7]  370 	ld	(hl), a
                            371 ;src/entities/player.c:75: player->jump_hold--;
   01C0 DD 6E F8      [19]  372 	ld	l,-8 (ix)
   01C3 DD 66 F9      [19]  373 	ld	h,-7 (ix)
   01C6 7E            [ 7]  374 	ld	a, (hl)
   01C7 C6 FF         [ 7]  375 	add	a, #0xff
   01C9 DD 6E F8      [19]  376 	ld	l,-8 (ix)
   01CC DD 66 F9      [19]  377 	ld	h,-7 (ix)
   01CF 77            [ 7]  378 	ld	(hl), a
   01D0 18 08         [12]  379 	jr	00127$
   01D2                     380 00126$:
                            381 ;src/entities/player.c:77: player->jump_hold = 0;
   01D2 DD 6E F8      [19]  382 	ld	l,-8 (ix)
   01D5 DD 66 F9      [19]  383 	ld	h,-7 (ix)
   01D8 36 00         [10]  384 	ld	(hl), #0x00
   01DA                     385 00127$:
                            386 ;src/entities/player.c:80: player->vy = (i8)(player->vy + kplayergravity);
   01DA DD 6E FA      [19]  387 	ld	l,-6 (ix)
   01DD DD 66 FB      [19]  388 	ld	h,-5 (ix)
   01E0 7E            [ 7]  389 	ld	a, (hl)
   01E1 3C            [ 4]  390 	inc	a
   01E2 DD 77 F4      [19]  391 	ld	-12 (ix), a
   01E5 DD 6E FA      [19]  392 	ld	l,-6 (ix)
   01E8 DD 66 FB      [19]  393 	ld	h,-5 (ix)
   01EB DD 7E F4      [19]  394 	ld	a, -12 (ix)
   01EE 77            [ 7]  395 	ld	(hl), a
                            396 ;src/entities/player.c:81: if (player->vy > kplayermaxfall) player->vy = kplayermaxfall;
   01EF 3E 04         [ 7]  397 	ld	a, #0x04
   01F1 DD 96 F4      [19]  398 	sub	a, -12 (ix)
   01F4 E2rF9r01      [10]  399 	jp	PO, 00226$
   01F7 EE 80         [ 7]  400 	xor	a, #0x80
   01F9                     401 00226$:
   01F9 F2r04r02      [10]  402 	jp	P, 00131$
   01FC DD 6E FA      [19]  403 	ld	l,-6 (ix)
   01FF DD 66 FB      [19]  404 	ld	h,-5 (ix)
   0202 36 04         [10]  405 	ld	(hl), #0x04
   0204                     406 00131$:
                            407 ;src/entities/player.c:83: nextx = (i16)player->x + (i16)player->vx;
   0204 0A            [ 7]  408 	ld	a, (bc)
   0205 DD 77 F4      [19]  409 	ld	-12 (ix), a
   0208 DD 36 F5 00   [19]  410 	ld	-11 (ix), #0x00
   020C 1A            [ 7]  411 	ld	a, (de)
   020D 5F            [ 4]  412 	ld	e, a
   020E 17            [ 4]  413 	rla
   020F 9F            [ 4]  414 	sbc	a, a
   0210 57            [ 4]  415 	ld	d, a
   0211 DD 6E F4      [19]  416 	ld	l,-12 (ix)
   0214 DD 66 F5      [19]  417 	ld	h,-11 (ix)
   0217 19            [11]  418 	add	hl, de
                            419 ;src/entities/player.c:84: if (nextx < 0) {
   0218 CB 7C         [ 8]  420 	bit	7, h
   021A 28 03         [12]  421 	jr	Z,00133$
                            422 ;src/entities/player.c:85: nextx = 0;
   021C 21 00 00      [10]  423 	ld	hl, #0x0000
   021F                     424 00133$:
                            425 ;src/entities/player.c:87: if (nextx > 72) {
   021F 3E 48         [ 7]  426 	ld	a, #0x48
   0221 BD            [ 4]  427 	cp	a, l
   0222 3E 00         [ 7]  428 	ld	a, #0x00
   0224 9C            [ 4]  429 	sbc	a, h
   0225 E2r2Ar02      [10]  430 	jp	PO, 00227$
   0228 EE 80         [ 7]  431 	xor	a, #0x80
   022A                     432 00227$:
   022A F2r30r02      [10]  433 	jp	P, 00135$
                            434 ;src/entities/player.c:88: nextx = 72;
   022D 21 48 00      [10]  435 	ld	hl, #0x0048
   0230                     436 00135$:
                            437 ;src/entities/player.c:90: player->x = (u8)nextx;
   0230 DD 75 F4      [19]  438 	ld	-12 (ix), l
   0233 7D            [ 4]  439 	ld	a, l
   0234 02            [ 7]  440 	ld	(bc), a
                            441 ;src/entities/player.c:92: nexty = (i16)player->y + (i16)player->vy;
   0235 DD 6E FC      [19]  442 	ld	l,-4 (ix)
   0238 DD 66 FD      [19]  443 	ld	h,-3 (ix)
   023B 5E            [ 7]  444 	ld	e, (hl)
   023C 16 00         [ 7]  445 	ld	d, #0x00
   023E DD 6E FA      [19]  446 	ld	l,-6 (ix)
   0241 DD 66 FB      [19]  447 	ld	h,-5 (ix)
   0244 6E            [ 7]  448 	ld	l, (hl)
   0245 7D            [ 4]  449 	ld	a, l
   0246 17            [ 4]  450 	rla
   0247 9F            [ 4]  451 	sbc	a, a
   0248 67            [ 4]  452 	ld	h, a
   0249 19            [11]  453 	add	hl, de
   024A E5            [11]  454 	push	hl
   024B FD E1         [14]  455 	pop	iy
                            456 ;src/entities/player.c:93: nexty = collision_clamp_y_at((i16)player->x, nexty, player->h);
   024D E1            [10]  457 	pop	hl
   024E E5            [11]  458 	push	hl
   024F 66            [ 7]  459 	ld	h, (hl)
   0250 DD 5E F4      [19]  460 	ld	e, -12 (ix)
   0253 16 00         [ 7]  461 	ld	d, #0x00
   0255 C5            [11]  462 	push	bc
   0256 E5            [11]  463 	push	hl
   0257 33            [ 6]  464 	inc	sp
   0258 FD E5         [15]  465 	push	iy
   025A D5            [11]  466 	push	de
   025B CDr00r00      [17]  467 	call	_collision_clamp_y_at
   025E F1            [10]  468 	pop	af
   025F F1            [10]  469 	pop	af
   0260 33            [ 6]  470 	inc	sp
   0261 C1            [10]  471 	pop	bc
                            472 ;src/entities/player.c:94: if (nexty < 0) {
   0262 CB 7C         [ 8]  473 	bit	7, h
   0264 28 03         [12]  474 	jr	Z,00137$
                            475 ;src/entities/player.c:95: nexty = 0;
   0266 21 00 00      [10]  476 	ld	hl, #0x0000
   0269                     477 00137$:
                            478 ;src/entities/player.c:97: player->y = (u8)nexty;
   0269 5D            [ 4]  479 	ld	e, l
   026A DD 6E FC      [19]  480 	ld	l,-4 (ix)
   026D DD 66 FD      [19]  481 	ld	h,-3 (ix)
   0270 73            [ 7]  482 	ld	(hl), e
                            483 ;src/entities/player.c:99: if (collision_is_on_ground_at((i16)player->x, (i16)player->y, player->h) && player->vy > 0) {
   0271 E1            [10]  484 	pop	hl
   0272 E5            [11]  485 	push	hl
   0273 7E            [ 7]  486 	ld	a, (hl)
   0274 16 00         [ 7]  487 	ld	d, #0x00
   0276 F5            [11]  488 	push	af
   0277 0A            [ 7]  489 	ld	a, (bc)
   0278 4F            [ 4]  490 	ld	c, a
   0279 F1            [10]  491 	pop	af
   027A 06 00         [ 7]  492 	ld	b, #0x00
   027C F5            [11]  493 	push	af
   027D 33            [ 6]  494 	inc	sp
   027E D5            [11]  495 	push	de
   027F C5            [11]  496 	push	bc
   0280 CDr00r00      [17]  497 	call	_collision_is_on_ground_at
   0283 F1            [10]  498 	pop	af
   0284 F1            [10]  499 	pop	af
   0285 33            [ 6]  500 	inc	sp
   0286 7D            [ 4]  501 	ld	a, l
   0287 B7            [ 4]  502 	or	a, a
   0288 28 19         [12]  503 	jr	Z,00141$
   028A DD 6E FA      [19]  504 	ld	l,-6 (ix)
   028D DD 66 FB      [19]  505 	ld	h,-5 (ix)
   0290 4E            [ 7]  506 	ld	c, (hl)
   0291 AF            [ 4]  507 	xor	a, a
   0292 91            [ 4]  508 	sub	a, c
   0293 E2r98r02      [10]  509 	jp	PO, 00228$
   0296 EE 80         [ 7]  510 	xor	a, #0x80
   0298                     511 00228$:
   0298 F2rA3r02      [10]  512 	jp	P, 00141$
                            513 ;src/entities/player.c:100: player->vy = 0;
   029B DD 6E FA      [19]  514 	ld	l,-6 (ix)
   029E DD 66 FB      [19]  515 	ld	h,-5 (ix)
   02A1 36 00         [10]  516 	ld	(hl), #0x00
   02A3                     517 00141$:
   02A3 DD F9         [10]  518 	ld	sp, ix
   02A5 DD E1         [14]  519 	pop	ix
   02A7 C9            [10]  520 	ret
                            521 ;src/entities/player.c:104: void playerrender(const Player* player) {
                            522 ;	---------------------------------
                            523 ; Function playerrender
                            524 ; ---------------------------------
   02A8                     525 _playerrender::
   02A8 DD E5         [15]  526 	push	ix
   02AA DD 21 00 00   [14]  527 	ld	ix,#0
   02AE DD 39         [15]  528 	add	ix,sp
   02B0 21 F9 FF      [10]  529 	ld	hl, #-7
   02B3 39            [11]  530 	add	hl, sp
   02B4 F9            [ 6]  531 	ld	sp, hl
                            532 ;src/entities/player.c:107: if (!player) {
   02B5 DD 7E 05      [19]  533 	ld	a, 5 (ix)
   02B8 DD B6 04      [19]  534 	or	a,4 (ix)
                            535 ;src/entities/player.c:108: return;
   02BB 28 78         [12]  536 	jr	Z,00105$
                            537 ;src/entities/player.c:111: pvmem = cpct_getScreenPtr(CPCT_VMEM_START, player->x, player->y);
   02BD DD 5E 04      [19]  538 	ld	e,4 (ix)
   02C0 DD 56 05      [19]  539 	ld	d,5 (ix)
   02C3 6B            [ 4]  540 	ld	l, e
   02C4 62            [ 4]  541 	ld	h, d
   02C5 23            [ 6]  542 	inc	hl
   02C6 46            [ 7]  543 	ld	b, (hl)
   02C7 1A            [ 7]  544 	ld	a, (de)
   02C8 D5            [11]  545 	push	de
   02C9 C5            [11]  546 	push	bc
   02CA 33            [ 6]  547 	inc	sp
   02CB F5            [11]  548 	push	af
   02CC 33            [ 6]  549 	inc	sp
   02CD 21 00 C0      [10]  550 	ld	hl, #0xc000
   02D0 E5            [11]  551 	push	hl
   02D1 CDr00r00      [17]  552 	call	_cpct_getScreenPtr
   02D4 4D            [ 4]  553 	ld	c, l
   02D5 44            [ 4]  554 	ld	b, h
   02D6 D1            [10]  555 	pop	de
                            556 ;src/entities/player.c:112: if (player->facing_left != gplayerspritefacingleft) {
   02D7 21 08 00      [10]  557 	ld	hl, #0x0008
   02DA 19            [11]  558 	add	hl,de
   02DB DD 75 FE      [19]  559 	ld	-2 (ix), l
   02DE DD 74 FF      [19]  560 	ld	-1 (ix), h
   02E1 7E            [ 7]  561 	ld	a, (hl)
   02E2 DD 77 FD      [19]  562 	ld	-3 (ix), a
                            563 ;src/entities/player.c:113: cpct_hflipSpriteM0(player->w, player->h, gplayersprite);
   02E5 21 05 00      [10]  564 	ld	hl, #0x0005
   02E8 19            [11]  565 	add	hl,de
   02E9 DD 75 FB      [19]  566 	ld	-5 (ix), l
   02EC DD 74 FC      [19]  567 	ld	-4 (ix), h
   02EF 21 04 00      [10]  568 	ld	hl, #0x0004
   02F2 19            [11]  569 	add	hl,de
   02F3 E3            [19]  570 	ex	(sp), hl
                            571 ;src/entities/player.c:112: if (player->facing_left != gplayerspritefacingleft) {
   02F4 3ArC0r00      [13]  572 	ld	a,(#_gplayerspritefacingleft + 0)
   02F7 DD 96 FD      [19]  573 	sub	a, -3 (ix)
   02FA 28 22         [12]  574 	jr	Z,00104$
                            575 ;src/entities/player.c:113: cpct_hflipSpriteM0(player->w, player->h, gplayersprite);
   02FC DD 6E FB      [19]  576 	ld	l,-5 (ix)
   02FF DD 66 FC      [19]  577 	ld	h,-4 (ix)
   0302 5E            [ 7]  578 	ld	e, (hl)
   0303 E1            [10]  579 	pop	hl
   0304 E5            [11]  580 	push	hl
   0305 56            [ 7]  581 	ld	d, (hl)
   0306 C5            [11]  582 	push	bc
   0307 21r00r00      [10]  583 	ld	hl, #_gplayersprite
   030A E5            [11]  584 	push	hl
   030B 7B            [ 4]  585 	ld	a, e
   030C F5            [11]  586 	push	af
   030D 33            [ 6]  587 	inc	sp
   030E D5            [11]  588 	push	de
   030F 33            [ 6]  589 	inc	sp
   0310 CDr00r00      [17]  590 	call	_cpct_hflipSpriteM0
   0313 C1            [10]  591 	pop	bc
                            592 ;src/entities/player.c:114: gplayerspritefacingleft = player->facing_left;
   0314 DD 6E FE      [19]  593 	ld	l,-2 (ix)
   0317 DD 66 FF      [19]  594 	ld	h,-1 (ix)
   031A 7E            [ 7]  595 	ld	a, (hl)
   031B 32rC0r00      [13]  596 	ld	(#_gplayerspritefacingleft + 0),a
   031E                     597 00104$:
                            598 ;src/entities/player.c:116: cpct_drawSprite(gplayersprite, pvmem, player->w, player->h);
   031E DD 6E FB      [19]  599 	ld	l,-5 (ix)
   0321 DD 66 FC      [19]  600 	ld	h,-4 (ix)
   0324 5E            [ 7]  601 	ld	e, (hl)
   0325 E1            [10]  602 	pop	hl
   0326 E5            [11]  603 	push	hl
   0327 56            [ 7]  604 	ld	d, (hl)
   0328 7B            [ 4]  605 	ld	a, e
   0329 F5            [11]  606 	push	af
   032A 33            [ 6]  607 	inc	sp
   032B D5            [11]  608 	push	de
   032C 33            [ 6]  609 	inc	sp
   032D C5            [11]  610 	push	bc
   032E 21r00r00      [10]  611 	ld	hl, #_gplayersprite
   0331 E5            [11]  612 	push	hl
   0332 CDr00r00      [17]  613 	call	_cpct_drawSprite
   0335                     614 00105$:
   0335 DD F9         [10]  615 	ld	sp, ix
   0337 DD E1         [14]  616 	pop	ix
   0339 C9            [10]  617 	ret
                            618 ;src/entities/player.c:119: u8 player_get_ammo(const Player* player) {
                            619 ;	---------------------------------
                            620 ; Function player_get_ammo
                            621 ; ---------------------------------
   033A                     622 _player_get_ammo::
                            623 ;src/entities/player.c:121: return 3;
   033A 2E 03         [ 7]  624 	ld	l, #0x03
   033C C9            [10]  625 	ret
                            626 ;src/entities/player.c:124: u8 player_get_health(const Player* player) {
                            627 ;	---------------------------------
                            628 ; Function player_get_health
                            629 ; ---------------------------------
   033D                     630 _player_get_health::
                            631 ;src/entities/player.c:125: return player ? player->health : 0;
   033D 21 03 00      [10]  632 	ld	hl, #2+1
   0340 39            [11]  633 	add	hl, sp
   0341 7E            [ 7]  634 	ld	a, (hl)
   0342 2B            [ 6]  635 	dec	hl
   0343 B6            [ 7]  636 	or	a,(hl)
   0344 28 0A         [12]  637 	jr	Z,00103$
   0346 C1            [10]  638 	pop	bc
   0347 E1            [10]  639 	pop	hl
   0348 E5            [11]  640 	push	hl
   0349 C5            [11]  641 	push	bc
   034A 11 06 00      [10]  642 	ld	de, #0x0006
   034D 19            [11]  643 	add	hl, de
   034E 6E            [ 7]  644 	ld	l, (hl)
   034F C9            [10]  645 	ret
   0350                     646 00103$:
   0350 2E 00         [ 7]  647 	ld	l, #0x00
   0352 C9            [10]  648 	ret
                            649 ;src/entities/player.c:128: u8 player_get_weapon(const Player* player) {
                            650 ;	---------------------------------
                            651 ; Function player_get_weapon
                            652 ; ---------------------------------
   0353                     653 _player_get_weapon::
                            654 ;src/entities/player.c:129: return player ? player->weapon : 0;
   0353 21 03 00      [10]  655 	ld	hl, #2+1
   0356 39            [11]  656 	add	hl, sp
   0357 7E            [ 7]  657 	ld	a, (hl)
   0358 2B            [ 6]  658 	dec	hl
   0359 B6            [ 7]  659 	or	a,(hl)
   035A 28 0A         [12]  660 	jr	Z,00103$
   035C C1            [10]  661 	pop	bc
   035D E1            [10]  662 	pop	hl
   035E E5            [11]  663 	push	hl
   035F C5            [11]  664 	push	bc
   0360 11 07 00      [10]  665 	ld	de, #0x0007
   0363 19            [11]  666 	add	hl, de
   0364 6E            [ 7]  667 	ld	l, (hl)
   0365 C9            [10]  668 	ret
   0366                     669 00103$:
   0366 2E 00         [ 7]  670 	ld	l, #0x00
   0368 C9            [10]  671 	ret
                            672 	.area _CODE
                            673 	.area _INITIALIZER
                            674 	.area _CABS (ABS)
