                              1 ;--------------------------------------------------------
                              2 ; File Created by SDCC : free open source ANSI-C Compiler
                              3 ; Version 3.6.8 #9946 (Mac OS X ppc)
                              4 ;--------------------------------------------------------
                              5 	.module game
                              6 	.optsdcc -mz80
                              7 	
                              8 ;--------------------------------------------------------
                              9 ; Public variables in this module
                             10 ;--------------------------------------------------------
                             11 	.globl _hudrender
                             12 	.globl _hudupdate
                             13 	.globl _hudinit
                             14 	.globl _projectilerender
                             15 	.globl _projectileupdate
                             16 	.globl _projectilefire
                             17 	.globl _projectileinit
                             18 	.globl _enemydamage
                             19 	.globl _enemyrender
                             20 	.globl _enemyupdate
                             21 	.globl _enemyspawn
                             22 	.globl _enemyinit
                             23 	.globl _playerrender
                             24 	.globl _playerupdate
                             25 	.globl _playerinit
                             26 	.globl _collision_is_on_trap
                             27 	.globl _collision_init
                             28 	.globl _input_is_shoot_just_pressed
                             29 	.globl _input_update
                             30 	.globl _tilemap_goal_x
                             31 	.globl _tilemap_ground_y
                             32 	.globl _tilemap_render
                             33 	.globl _tilemap_init
                             34 	.globl _cpct_getScreenPtr
                             35 	.globl _cpct_setVideoMode
                             36 	.globl _cpct_drawSolidBox
                             37 	.globl _cpct_memset
                             38 	.globl _cpct_disableFirmware
                             39 	.globl _game_init
                             40 	.globl _game_update
                             41 	.globl _game_render
                             42 ;--------------------------------------------------------
                             43 ; special function registers
                             44 ;--------------------------------------------------------
                             45 ;--------------------------------------------------------
                             46 ; ram data
                             47 ;--------------------------------------------------------
                             48 	.area _DATA
   0000                      49 _g_player:
   0000                      50 	.ds 9
   0009                      51 _g_enemies:
   0009                      52 	.ds 60
   0045                      53 _g_projectiles:
   0045                      54 	.ds 60
   0081                      55 _g_lives:
   0081                      56 	.ds 1
   0082                      57 _g_score:
   0082                      58 	.ds 2
   0084                      59 _g_timeleft:
   0084                      60 	.ds 1
   0085                      61 _g_weapondisplay:
   0085                      62 	.ds 1
   0086                      63 _g_currentwave:
   0086                      64 	.ds 1
   0087                      65 _g_aliveenemies:
   0087                      66 	.ds 1
   0088                      67 _g_wavecooldown:
   0088                      68 	.ds 1
   0089                      69 _g_damagecooldown:
   0089                      70 	.ds 1
   008A                      71 _g_shootcooldown:
   008A                      72 	.ds 1
   008B                      73 _g_victory:
   008B                      74 	.ds 1
   008C                      75 _g_gameover:
   008C                      76 	.ds 1
   008D                      77 _g_framecounter:
   008D                      78 	.ds 2
   008F                      79 _g_checkpointx:
   008F                      80 	.ds 1
   0090                      81 _g_checkpointy:
   0090                      82 	.ds 1
   0091                      83 _g_checkpointactive:
   0091                      84 	.ds 1
   0092                      85 _g_boss:
   0092                      86 	.ds 10
   009C                      87 _g_bossactive:
   009C                      88 	.ds 1
   009D                      89 _g_bossphase:
   009D                      90 	.ds 1
                             91 ;--------------------------------------------------------
                             92 ; ram data
                             93 ;--------------------------------------------------------
                             94 	.area _INITIALIZED
                             95 ;--------------------------------------------------------
                             96 ; absolute external ram data
                             97 ;--------------------------------------------------------
                             98 	.area _DABS (ABS)
                             99 ;--------------------------------------------------------
                            100 ; global & static initialisations
                            101 ;--------------------------------------------------------
                            102 	.area _HOME
                            103 	.area _GSINIT
                            104 	.area _GSFINAL
                            105 	.area _GSINIT
                            106 ;--------------------------------------------------------
                            107 ; Home
                            108 ;--------------------------------------------------------
                            109 	.area _HOME
                            110 	.area _HOME
                            111 ;--------------------------------------------------------
                            112 ; code
                            113 ;--------------------------------------------------------
                            114 	.area _CODE
                            115 ;src/game.c:38: static void reset_player_to_checkpoint(void) {
                            116 ;	---------------------------------
                            117 ; Function reset_player_to_checkpoint
                            118 ; ---------------------------------
   0000                     119 _reset_player_to_checkpoint:
                            120 ;src/game.c:39: g_player.x = g_checkpointx;
   0000 21r00r00      [10]  121 	ld	hl, #_g_player
   0003 3Ar8Fr00      [13]  122 	ld	a,(#_g_checkpointx + 0)
   0006 77            [ 7]  123 	ld	(hl), a
                            124 ;src/game.c:40: g_player.y = g_checkpointy;
   0007 21r01r00      [10]  125 	ld	hl, #(_g_player + 0x0001)
   000A 3Ar90r00      [13]  126 	ld	a,(#_g_checkpointy + 0)
   000D 77            [ 7]  127 	ld	(hl), a
                            128 ;src/game.c:41: g_player.vx = 0;
   000E 21r02r00      [10]  129 	ld	hl, #(_g_player + 0x0002)
   0011 36 00         [10]  130 	ld	(hl), #0x00
                            131 ;src/game.c:42: g_player.vy = 0;
   0013 21r03r00      [10]  132 	ld	hl, #(_g_player + 0x0003)
   0016 36 00         [10]  133 	ld	(hl), #0x00
   0018 C9            [10]  134 	ret
                            135 ;src/game.c:45: static u8 rect_overlap(i16 ax, i16 ay, u8 aw, u8 ah, i16 bx, i16 by, u8 bw, u8 bh) {
                            136 ;	---------------------------------
                            137 ; Function rect_overlap
                            138 ; ---------------------------------
   0019                     139 _rect_overlap:
   0019 DD E5         [15]  140 	push	ix
   001B DD 21 00 00   [14]  141 	ld	ix,#0
   001F DD 39         [15]  142 	add	ix,sp
                            143 ;src/game.c:46: if (ax + aw <= bx) return 0;
   0021 DD 4E 08      [19]  144 	ld	c, 8 (ix)
   0024 06 00         [ 7]  145 	ld	b, #0x00
   0026 DD 6E 04      [19]  146 	ld	l,4 (ix)
   0029 DD 66 05      [19]  147 	ld	h,5 (ix)
   002C 09            [11]  148 	add	hl, bc
   002D DD 7E 0A      [19]  149 	ld	a, 10 (ix)
   0030 95            [ 4]  150 	sub	a, l
   0031 DD 7E 0B      [19]  151 	ld	a, 11 (ix)
   0034 9C            [ 4]  152 	sbc	a, h
   0035 E2r3Ar00      [10]  153 	jp	PO, 00127$
   0038 EE 80         [ 7]  154 	xor	a, #0x80
   003A                     155 00127$:
   003A FAr41r00      [10]  156 	jp	M, 00102$
   003D 2E 00         [ 7]  157 	ld	l, #0x00
   003F 18 62         [12]  158 	jr	00109$
   0041                     159 00102$:
                            160 ;src/game.c:47: if (bx + bw <= ax) return 0;
   0041 DD 4E 0E      [19]  161 	ld	c, 14 (ix)
   0044 06 00         [ 7]  162 	ld	b, #0x00
   0046 DD 6E 0A      [19]  163 	ld	l,10 (ix)
   0049 DD 66 0B      [19]  164 	ld	h,11 (ix)
   004C 09            [11]  165 	add	hl, bc
   004D DD 7E 04      [19]  166 	ld	a, 4 (ix)
   0050 95            [ 4]  167 	sub	a, l
   0051 DD 7E 05      [19]  168 	ld	a, 5 (ix)
   0054 9C            [ 4]  169 	sbc	a, h
   0055 E2r5Ar00      [10]  170 	jp	PO, 00128$
   0058 EE 80         [ 7]  171 	xor	a, #0x80
   005A                     172 00128$:
   005A FAr61r00      [10]  173 	jp	M, 00104$
   005D 2E 00         [ 7]  174 	ld	l, #0x00
   005F 18 42         [12]  175 	jr	00109$
   0061                     176 00104$:
                            177 ;src/game.c:48: if (ay + ah <= by) return 0;
   0061 DD 4E 09      [19]  178 	ld	c, 9 (ix)
   0064 06 00         [ 7]  179 	ld	b, #0x00
   0066 DD 6E 06      [19]  180 	ld	l,6 (ix)
   0069 DD 66 07      [19]  181 	ld	h,7 (ix)
   006C 09            [11]  182 	add	hl, bc
   006D DD 7E 0C      [19]  183 	ld	a, 12 (ix)
   0070 95            [ 4]  184 	sub	a, l
   0071 DD 7E 0D      [19]  185 	ld	a, 13 (ix)
   0074 9C            [ 4]  186 	sbc	a, h
   0075 E2r7Ar00      [10]  187 	jp	PO, 00129$
   0078 EE 80         [ 7]  188 	xor	a, #0x80
   007A                     189 00129$:
   007A FAr81r00      [10]  190 	jp	M, 00106$
   007D 2E 00         [ 7]  191 	ld	l, #0x00
   007F 18 22         [12]  192 	jr	00109$
   0081                     193 00106$:
                            194 ;src/game.c:49: if (by + bh <= ay) return 0;
   0081 DD 4E 0F      [19]  195 	ld	c, 15 (ix)
   0084 06 00         [ 7]  196 	ld	b, #0x00
   0086 DD 6E 0C      [19]  197 	ld	l,12 (ix)
   0089 DD 66 0D      [19]  198 	ld	h,13 (ix)
   008C 09            [11]  199 	add	hl, bc
   008D DD 7E 06      [19]  200 	ld	a, 6 (ix)
   0090 95            [ 4]  201 	sub	a, l
   0091 DD 7E 07      [19]  202 	ld	a, 7 (ix)
   0094 9C            [ 4]  203 	sbc	a, h
   0095 E2r9Ar00      [10]  204 	jp	PO, 00130$
   0098 EE 80         [ 7]  205 	xor	a, #0x80
   009A                     206 00130$:
   009A FArA1r00      [10]  207 	jp	M, 00108$
   009D 2E 00         [ 7]  208 	ld	l, #0x00
   009F 18 02         [12]  209 	jr	00109$
   00A1                     210 00108$:
                            211 ;src/game.c:50: return 1;
   00A1 2E 01         [ 7]  212 	ld	l, #0x01
   00A3                     213 00109$:
   00A3 DD E1         [14]  214 	pop	ix
   00A5 C9            [10]  215 	ret
                            216 ;src/game.c:53: static void spawn_wave(u8 wave) {
                            217 ;	---------------------------------
                            218 ; Function spawn_wave
                            219 ; ---------------------------------
   00A6                     220 _spawn_wave:
   00A6 DD E5         [15]  221 	push	ix
   00A8 DD 21 00 00   [14]  222 	ld	ix,#0
   00AC DD 39         [15]  223 	add	ix,sp
   00AE F5            [11]  224 	push	af
   00AF F5            [11]  225 	push	af
   00B0 3B            [ 6]  226 	dec	sp
                            227 ;src/game.c:57: for (i = 0; i < MAX_ENEMIES; ++i) {
   00B1 01r09r00      [10]  228 	ld	bc, #_g_enemies+0
   00B4 1E 00         [ 7]  229 	ld	e, #0x00
   00B6                     230 00117$:
                            231 ;src/game.c:58: enemyinit(&g_enemies[i]);
   00B6 D5            [11]  232 	push	de
   00B7 16 00         [ 7]  233 	ld	d,#0x00
   00B9 6B            [ 4]  234 	ld	l, e
   00BA 62            [ 4]  235 	ld	h, d
   00BB 29            [11]  236 	add	hl, hl
   00BC 29            [11]  237 	add	hl, hl
   00BD 19            [11]  238 	add	hl, de
   00BE 29            [11]  239 	add	hl, hl
   00BF D1            [10]  240 	pop	de
   00C0 09            [11]  241 	add	hl, bc
   00C1 C5            [11]  242 	push	bc
   00C2 D5            [11]  243 	push	de
   00C3 E5            [11]  244 	push	hl
   00C4 CDr00r00      [17]  245 	call	_enemyinit
   00C7 F1            [10]  246 	pop	af
   00C8 D1            [10]  247 	pop	de
   00C9 C1            [10]  248 	pop	bc
                            249 ;src/game.c:57: for (i = 0; i < MAX_ENEMIES; ++i) {
   00CA 1C            [ 4]  250 	inc	e
   00CB 7B            [ 4]  251 	ld	a, e
   00CC D6 06         [ 7]  252 	sub	a, #0x06
   00CE 38 E6         [12]  253 	jr	C,00117$
                            254 ;src/game.c:62: else if (wave == 1) count = 3;
   00D0 DD 7E 04      [19]  255 	ld	a, 4 (ix)
   00D3 3D            [ 4]  256 	dec	a
   00D4 20 04         [12]  257 	jr	NZ,00190$
   00D6 3E 01         [ 7]  258 	ld	a,#0x01
   00D8 18 01         [12]  259 	jr	00191$
   00DA                     260 00190$:
   00DA AF            [ 4]  261 	xor	a,a
   00DB                     262 00191$:
   00DB 5F            [ 4]  263 	ld	e, a
                            264 ;src/game.c:61: if (wave == 0) count = 2;
   00DC DD 7E 04      [19]  265 	ld	a, 4 (ix)
   00DF B7            [ 4]  266 	or	a, a
   00E0 20 06         [12]  267 	jr	NZ,00106$
   00E2 DD 36 FC 02   [19]  268 	ld	-4 (ix), #0x02
   00E6 18 0E         [12]  269 	jr	00107$
   00E8                     270 00106$:
                            271 ;src/game.c:62: else if (wave == 1) count = 3;
   00E8 7B            [ 4]  272 	ld	a, e
   00E9 B7            [ 4]  273 	or	a, a
   00EA 28 06         [12]  274 	jr	Z,00103$
   00EC DD 36 FC 03   [19]  275 	ld	-4 (ix), #0x03
   00F0 18 04         [12]  276 	jr	00107$
   00F2                     277 00103$:
                            278 ;src/game.c:63: else count = 4;
   00F2 DD 36 FC 04   [19]  279 	ld	-4 (ix), #0x04
   00F6                     280 00107$:
                            281 ;src/game.c:65: if (count > MAX_ENEMIES) count = MAX_ENEMIES;
   00F6 3E 06         [ 7]  282 	ld	a, #0x06
   00F8 DD 96 FC      [19]  283 	sub	a, -4 (ix)
   00FB 30 04         [12]  284 	jr	NC,00148$
   00FD DD 36 FC 06   [19]  285 	ld	-4 (ix), #0x06
                            286 ;src/game.c:67: for (i = 0; i < count; ++i) {
   0101                     287 00148$:
   0101 DD 73 FF      [19]  288 	ld	-1 (ix), e
   0104 DD 36 FB 00   [19]  289 	ld	-5 (ix), #0x00
   0108                     290 00120$:
   0108 DD 7E FB      [19]  291 	ld	a, -5 (ix)
   010B DD 96 FC      [19]  292 	sub	a, -4 (ix)
   010E D2r9Br01      [10]  293 	jp	NC, 00116$
                            294 ;src/game.c:70: if (wave == 0) type = 0;
   0111 DD 7E 04      [19]  295 	ld	a, 4 (ix)
   0114 B7            [ 4]  296 	or	a,a
   0115 20 03         [12]  297 	jr	NZ,00114$
   0117 5F            [ 4]  298 	ld	e,a
   0118 18 27         [12]  299 	jr	00115$
   011A                     300 00114$:
                            301 ;src/game.c:71: else if (wave == 1) type = (u8)((i == 0) ? 1 : 0);
   011A DD 7E FF      [19]  302 	ld	a, -1 (ix)
   011D B7            [ 4]  303 	or	a, a
   011E 28 0E         [12]  304 	jr	Z,00111$
   0120 DD 7E FB      [19]  305 	ld	a, -5 (ix)
   0123 B7            [ 4]  306 	or	a, a
   0124 20 04         [12]  307 	jr	NZ,00124$
   0126 1E 01         [ 7]  308 	ld	e, #0x01
   0128 18 17         [12]  309 	jr	00115$
   012A                     310 00124$:
   012A 1E 00         [ 7]  311 	ld	e, #0x00
   012C 18 13         [12]  312 	jr	00115$
   012E                     313 00111$:
                            314 ;src/game.c:72: else type = (u8)((i == 0 || i == 3) ? 2 : 1);
   012E DD 7E FB      [19]  315 	ld	a, -5 (ix)
   0131 B7            [ 4]  316 	or	a, a
   0132 28 07         [12]  317 	jr	Z,00129$
   0134 DD 7E FB      [19]  318 	ld	a, -5 (ix)
   0137 D6 03         [ 7]  319 	sub	a, #0x03
   0139 20 04         [12]  320 	jr	NZ,00126$
   013B                     321 00129$:
   013B 1E 02         [ 7]  322 	ld	e, #0x02
   013D 18 02         [12]  323 	jr	00127$
   013F                     324 00126$:
   013F 1E 01         [ 7]  325 	ld	e, #0x01
   0141                     326 00127$:
   0141                     327 00115$:
                            328 ;src/game.c:74: spawn_y = (type == 2) ? 84 : 112;
   0141 7B            [ 4]  329 	ld	a, e
   0142 D6 02         [ 7]  330 	sub	a, #0x02
   0144 20 04         [12]  331 	jr	NZ,00131$
   0146 16 54         [ 7]  332 	ld	d, #0x54
   0148 18 02         [12]  333 	jr	00132$
   014A                     334 00131$:
   014A 16 70         [ 7]  335 	ld	d, #0x70
   014C                     336 00132$:
                            337 ;src/game.c:75: enemyspawn(&g_enemies[i], (u8)(46 + (i * 8)), spawn_y, type, (u8)((i & 1) ? 1 : 0));
   014C DD CB FB 46   [20]  338 	bit	0, -5 (ix)
   0150 28 06         [12]  339 	jr	Z,00133$
   0152 DD 36 FE 01   [19]  340 	ld	-2 (ix), #0x01
   0156 18 04         [12]  341 	jr	00134$
   0158                     342 00133$:
   0158 DD 36 FE 00   [19]  343 	ld	-2 (ix), #0x00
   015C                     344 00134$:
   015C DD 7E FB      [19]  345 	ld	a, -5 (ix)
   015F 07            [ 4]  346 	rlca
   0160 07            [ 4]  347 	rlca
   0161 07            [ 4]  348 	rlca
   0162 E6 F8         [ 7]  349 	and	a, #0xf8
   0164 C6 2E         [ 7]  350 	add	a, #0x2e
   0166 DD 77 FD      [19]  351 	ld	-3 (ix), a
   0169 D5            [11]  352 	push	de
   016A DD 5E FB      [19]  353 	ld	e,-5 (ix)
   016D 16 00         [ 7]  354 	ld	d,#0x00
   016F 6B            [ 4]  355 	ld	l, e
   0170 62            [ 4]  356 	ld	h, d
   0171 29            [11]  357 	add	hl, hl
   0172 29            [11]  358 	add	hl, hl
   0173 19            [11]  359 	add	hl, de
   0174 29            [11]  360 	add	hl, hl
   0175 D1            [10]  361 	pop	de
   0176 09            [11]  362 	add	hl, bc
   0177 E5            [11]  363 	push	hl
   0178 FD E1         [14]  364 	pop	iy
   017A C5            [11]  365 	push	bc
   017B DD 7E FE      [19]  366 	ld	a, -2 (ix)
   017E F5            [11]  367 	push	af
   017F 33            [ 6]  368 	inc	sp
   0180 7B            [ 4]  369 	ld	a, e
   0181 F5            [11]  370 	push	af
   0182 33            [ 6]  371 	inc	sp
   0183 D5            [11]  372 	push	de
   0184 33            [ 6]  373 	inc	sp
   0185 DD 7E FD      [19]  374 	ld	a, -3 (ix)
   0188 F5            [11]  375 	push	af
   0189 33            [ 6]  376 	inc	sp
   018A FD E5         [15]  377 	push	iy
   018C CDr00r00      [17]  378 	call	_enemyspawn
   018F 21 06 00      [10]  379 	ld	hl, #6
   0192 39            [11]  380 	add	hl, sp
   0193 F9            [ 6]  381 	ld	sp, hl
   0194 C1            [10]  382 	pop	bc
                            383 ;src/game.c:67: for (i = 0; i < count; ++i) {
   0195 DD 34 FB      [23]  384 	inc	-5 (ix)
   0198 C3r08r01      [10]  385 	jp	00120$
   019B                     386 00116$:
                            387 ;src/game.c:78: g_aliveenemies = count;
   019B DD 7E FC      [19]  388 	ld	a, -4 (ix)
   019E 32r87r00      [13]  389 	ld	(#_g_aliveenemies + 0),a
   01A1 DD F9         [10]  390 	ld	sp, ix
   01A3 DD E1         [14]  391 	pop	ix
   01A5 C9            [10]  392 	ret
                            393 ;src/game.c:81: static void spawn_boss(void) {
                            394 ;	---------------------------------
                            395 ; Function spawn_boss
                            396 ; ---------------------------------
   01A6                     397 _spawn_boss:
                            398 ;src/game.c:82: enemyinit(&g_boss);
   01A6 21r92r00      [10]  399 	ld	hl, #_g_boss
   01A9 E5            [11]  400 	push	hl
   01AA CDr00r00      [17]  401 	call	_enemyinit
   01AD F1            [10]  402 	pop	af
                            403 ;src/game.c:83: enemyspawn(&g_boss, 68, 112, 1, 0);
   01AE 21 01 00      [10]  404 	ld	hl, #0x0001
   01B1 E5            [11]  405 	push	hl
   01B2 21 44 70      [10]  406 	ld	hl, #0x7044
   01B5 E5            [11]  407 	push	hl
   01B6 21r92r00      [10]  408 	ld	hl, #_g_boss
   01B9 E5            [11]  409 	push	hl
   01BA CDr00r00      [17]  410 	call	_enemyspawn
   01BD 21 06 00      [10]  411 	ld	hl, #6
   01C0 39            [11]  412 	add	hl, sp
   01C1 F9            [ 6]  413 	ld	sp, hl
                            414 ;src/game.c:84: g_boss.w = 10;
   01C2 21r96r00      [10]  415 	ld	hl, #(_g_boss + 0x0004)
   01C5 36 0A         [10]  416 	ld	(hl), #0x0a
                            417 ;src/game.c:85: g_boss.h = 18;
   01C7 21r97r00      [10]  418 	ld	hl, #(_g_boss + 0x0005)
   01CA 36 12         [10]  419 	ld	(hl), #0x12
                            420 ;src/game.c:86: g_boss.health = 10;
   01CC 21r99r00      [10]  421 	ld	hl, #(_g_boss + 0x0007)
   01CF 36 0A         [10]  422 	ld	(hl), #0x0a
                            423 ;src/game.c:87: g_boss.reward = 1500;
   01D1 21r9Ar00      [10]  424 	ld	hl, #(_g_boss + 0x0008)
   01D4 36 DC         [10]  425 	ld	(hl), #0xdc
                            426 ;src/game.c:88: g_boss.kind = 3;
   01D6 21r9Br00      [10]  427 	ld	hl, #(_g_boss + 0x0009)
   01D9 36 03         [10]  428 	ld	(hl), #0x03
                            429 ;src/game.c:89: g_boss.vx = -1;
   01DB 21r94r00      [10]  430 	ld	hl, #(_g_boss + 0x0002)
   01DE 36 FF         [10]  431 	ld	(hl), #0xff
                            432 ;src/game.c:90: g_bossactive = 1;
   01E0 21r9Cr00      [10]  433 	ld	hl,#_g_bossactive + 0
   01E3 36 01         [10]  434 	ld	(hl), #0x01
                            435 ;src/game.c:91: g_bossphase = 0;
   01E5 21r9Dr00      [10]  436 	ld	hl,#_g_bossphase + 0
   01E8 36 00         [10]  437 	ld	(hl), #0x00
   01EA C9            [10]  438 	ret
                            439 ;src/game.c:94: static void try_fire_projectile(void) {
                            440 ;	---------------------------------
                            441 ; Function try_fire_projectile
                            442 ; ---------------------------------
   01EB                     443 _try_fire_projectile:
   01EB DD E5         [15]  444 	push	ix
   01ED DD 21 00 00   [14]  445 	ld	ix,#0
   01F1 DD 39         [15]  446 	add	ix,sp
   01F3 21 FA FF      [10]  447 	ld	hl, #-6
   01F6 39            [11]  448 	add	hl, sp
   01F7 F9            [ 6]  449 	ld	sp, hl
                            450 ;src/game.c:98: if (!input_is_shoot_just_pressed()) return;
   01F8 CDr00r00      [17]  451 	call	_input_is_shoot_just_pressed
   01FB DD 75 FF      [19]  452 	ld	-1 (ix), l
   01FE 7D            [ 4]  453 	ld	a, l
   01FF B7            [ 4]  454 	or	a, a
   0200 CAr7Fr02      [10]  455 	jp	Z,00110$
                            456 ;src/game.c:99: if (g_shootcooldown) return;
   0203 3Ar8Ar00      [13]  457 	ld	a,(#_g_shootcooldown + 0)
   0206 B7            [ 4]  458 	or	a, a
   0207 20 76         [12]  459 	jr	NZ,00110$
                            460 ;src/game.c:101: dir = g_player.facing_left ? -3 : 3;
   0209 3Ar07r00      [13]  461 	ld	a, (#_g_player + 7)
   020C B7            [ 4]  462 	or	a, a
   020D 28 04         [12]  463 	jr	Z,00112$
   020F 0E FD         [ 7]  464 	ld	c, #0xfd
   0211 18 02         [12]  465 	jr	00113$
   0213                     466 00112$:
   0213 0E 03         [ 7]  467 	ld	c, #0x03
   0215                     468 00113$:
   0215 DD 71 FA      [19]  469 	ld	-6 (ix), c
                            470 ;src/game.c:103: for (i = 0; i < MAX_PROJECTILES; ++i) {
   0218 DD 36 FB 00   [19]  471 	ld	-5 (ix), #0x00
   021C                     472 00108$:
                            473 ;src/game.c:104: if (!g_projectiles[i].active) {
   021C DD 4E FB      [19]  474 	ld	c,-5 (ix)
   021F 06 00         [ 7]  475 	ld	b,#0x00
   0221 69            [ 4]  476 	ld	l, c
   0222 60            [ 4]  477 	ld	h, b
   0223 29            [11]  478 	add	hl, hl
   0224 29            [11]  479 	add	hl, hl
   0225 09            [11]  480 	add	hl, bc
   0226 29            [11]  481 	add	hl, hl
   0227 01r45r00      [10]  482 	ld	bc,#_g_projectiles
   022A 09            [11]  483 	add	hl,bc
   022B DD 75 FD      [19]  484 	ld	-3 (ix), l
   022E DD 74 FE      [19]  485 	ld	-2 (ix), h
   0231 11 06 00      [10]  486 	ld	de, #0x0006
   0234 19            [11]  487 	add	hl, de
   0235 7E            [ 7]  488 	ld	a, (hl)
   0236 B7            [ 4]  489 	or	a, a
   0237 20 3C         [12]  490 	jr	NZ,00109$
                            491 ;src/game.c:105: projectilefire(&g_projectiles[i], (u8)(g_player.x + 2), (u8)(g_player.y + 6), dir, 0);
   0239 3Ar01r00      [13]  492 	ld	a,(#_g_player + 1)
   023C DD 77 FF      [19]  493 	ld	-1 (ix), a
   023F C6 06         [ 7]  494 	add	a, #0x06
   0241 DD 77 FF      [19]  495 	ld	-1 (ix), a
   0244 3Ar00r00      [13]  496 	ld	a,(#_g_player + 0)
   0247 DD 77 FC      [19]  497 	ld	-4 (ix), a
   024A DD 34 FC      [23]  498 	inc	-4 (ix)
   024D DD 34 FC      [23]  499 	inc	-4 (ix)
   0250 AF            [ 4]  500 	xor	a, a
   0251 F5            [11]  501 	push	af
   0252 33            [ 6]  502 	inc	sp
   0253 DD 66 FA      [19]  503 	ld	h, -6 (ix)
   0256 DD 6E FF      [19]  504 	ld	l, -1 (ix)
   0259 E5            [11]  505 	push	hl
   025A DD 7E FC      [19]  506 	ld	a, -4 (ix)
   025D F5            [11]  507 	push	af
   025E 33            [ 6]  508 	inc	sp
   025F DD 6E FD      [19]  509 	ld	l,-3 (ix)
   0262 DD 66 FE      [19]  510 	ld	h,-2 (ix)
   0265 E5            [11]  511 	push	hl
   0266 CDr00r00      [17]  512 	call	_projectilefire
   0269 21 06 00      [10]  513 	ld	hl, #6
   026C 39            [11]  514 	add	hl, sp
   026D F9            [ 6]  515 	ld	sp, hl
                            516 ;src/game.c:106: g_shootcooldown = 8;
   026E 21r8Ar00      [10]  517 	ld	hl,#_g_shootcooldown + 0
   0271 36 08         [10]  518 	ld	(hl), #0x08
                            519 ;src/game.c:107: break;
   0273 18 0A         [12]  520 	jr	00110$
   0275                     521 00109$:
                            522 ;src/game.c:103: for (i = 0; i < MAX_PROJECTILES; ++i) {
   0275 DD 34 FB      [23]  523 	inc	-5 (ix)
   0278 DD 7E FB      [19]  524 	ld	a, -5 (ix)
   027B D6 06         [ 7]  525 	sub	a, #0x06
   027D 38 9D         [12]  526 	jr	C,00108$
   027F                     527 00110$:
   027F DD F9         [10]  528 	ld	sp, ix
   0281 DD E1         [14]  529 	pop	ix
   0283 C9            [10]  530 	ret
                            531 ;src/game.c:112: static void register_player_hit(void) {
                            532 ;	---------------------------------
                            533 ; Function register_player_hit
                            534 ; ---------------------------------
   0284                     535 _register_player_hit:
                            536 ;src/game.c:113: if (g_lives) {
   0284 FD 21r81r00   [14]  537 	ld	iy, #_g_lives
   0288 FD 7E 00      [19]  538 	ld	a, 0 (iy)
   028B B7            [ 4]  539 	or	a, a
   028C 28 03         [12]  540 	jr	Z,00102$
                            541 ;src/game.c:114: g_lives--;
   028E FD 35 00      [23]  542 	dec	0 (iy)
   0291                     543 00102$:
                            544 ;src/game.c:116: if (g_lives == 0) {
   0291 3Ar81r00      [13]  545 	ld	a,(#_g_lives + 0)
   0294 B7            [ 4]  546 	or	a, a
   0295 20 06         [12]  547 	jr	NZ,00104$
                            548 ;src/game.c:117: g_gameover = 1;
   0297 21r8Cr00      [10]  549 	ld	hl,#_g_gameover + 0
   029A 36 01         [10]  550 	ld	(hl), #0x01
                            551 ;src/game.c:118: return;
   029C C9            [10]  552 	ret
   029D                     553 00104$:
                            554 ;src/game.c:121: reset_player_to_checkpoint();
   029D CDr00r00      [17]  555 	call	_reset_player_to_checkpoint
                            556 ;src/game.c:122: g_damagecooldown = 40;
   02A0 21r89r00      [10]  557 	ld	hl,#_g_damagecooldown + 0
   02A3 36 28         [10]  558 	ld	(hl), #0x28
   02A5 C9            [10]  559 	ret
                            560 ;src/game.c:125: void game_init(void) {
                            561 ;	---------------------------------
                            562 ; Function game_init
                            563 ; ---------------------------------
   02A6                     564 _game_init::
                            565 ;src/game.c:128: cpct_disableFirmware();
   02A6 CDr00r00      [17]  566 	call	_cpct_disableFirmware
                            567 ;src/game.c:129: cpct_setVideoMode(1);
   02A9 2E 01         [ 7]  568 	ld	l, #0x01
   02AB CDr00r00      [17]  569 	call	_cpct_setVideoMode
                            570 ;src/game.c:130: cpct_clearScreen(0x00);
   02AE 21 00 40      [10]  571 	ld	hl, #0x4000
   02B1 E5            [11]  572 	push	hl
   02B2 AF            [ 4]  573 	xor	a, a
   02B3 F5            [11]  574 	push	af
   02B4 33            [ 6]  575 	inc	sp
   02B5 26 C0         [ 7]  576 	ld	h, #0xc0
   02B7 E5            [11]  577 	push	hl
   02B8 CDr00r00      [17]  578 	call	_cpct_memset
                            579 ;src/game.c:131: tilemap_init();
   02BB CDr00r00      [17]  580 	call	_tilemap_init
                            581 ;src/game.c:132: collision_init();
   02BE CDr00r00      [17]  582 	call	_collision_init
                            583 ;src/game.c:133: playerinit(&g_player);
   02C1 21r00r00      [10]  584 	ld	hl, #_g_player
   02C4 E5            [11]  585 	push	hl
   02C5 CDr00r00      [17]  586 	call	_playerinit
   02C8 F1            [10]  587 	pop	af
                            588 ;src/game.c:134: hudinit();
   02C9 CDr00r00      [17]  589 	call	_hudinit
                            590 ;src/game.c:136: for (i = 0; i < MAX_PROJECTILES; ++i) {
   02CC 0E 00         [ 7]  591 	ld	c, #0x00
   02CE                     592 00102$:
                            593 ;src/game.c:137: projectileinit(&g_projectiles[i]);
   02CE 06 00         [ 7]  594 	ld	b,#0x00
   02D0 69            [ 4]  595 	ld	l, c
   02D1 60            [ 4]  596 	ld	h, b
   02D2 29            [11]  597 	add	hl, hl
   02D3 29            [11]  598 	add	hl, hl
   02D4 09            [11]  599 	add	hl, bc
   02D5 29            [11]  600 	add	hl, hl
   02D6 11r45r00      [10]  601 	ld	de, #_g_projectiles
   02D9 19            [11]  602 	add	hl, de
   02DA C5            [11]  603 	push	bc
   02DB E5            [11]  604 	push	hl
   02DC CDr00r00      [17]  605 	call	_projectileinit
   02DF F1            [10]  606 	pop	af
   02E0 C1            [10]  607 	pop	bc
                            608 ;src/game.c:136: for (i = 0; i < MAX_PROJECTILES; ++i) {
   02E1 0C            [ 4]  609 	inc	c
   02E2 79            [ 4]  610 	ld	a, c
   02E3 D6 06         [ 7]  611 	sub	a, #0x06
   02E5 38 E7         [12]  612 	jr	C,00102$
                            613 ;src/game.c:140: g_lives = 3;
   02E7 21r81r00      [10]  614 	ld	hl,#_g_lives + 0
   02EA 36 03         [10]  615 	ld	(hl), #0x03
                            616 ;src/game.c:141: g_score = 0;
   02EC 21 00 00      [10]  617 	ld	hl, #0x0000
   02EF 22r82r00      [16]  618 	ld	(_g_score), hl
                            619 ;src/game.c:142: g_timeleft = 99;
   02F2 FD 21r84r00   [14]  620 	ld	iy, #_g_timeleft
   02F6 FD 36 00 63   [19]  621 	ld	0 (iy), #0x63
                            622 ;src/game.c:143: g_weapondisplay = 1;
   02FA FD 21r85r00   [14]  623 	ld	iy, #_g_weapondisplay
   02FE FD 36 00 01   [19]  624 	ld	0 (iy), #0x01
                            625 ;src/game.c:144: g_currentwave = 0;
   0302 FD 21r86r00   [14]  626 	ld	iy, #_g_currentwave
   0306 FD 36 00 00   [19]  627 	ld	0 (iy), #0x00
                            628 ;src/game.c:145: g_wavecooldown = 1;
   030A FD 21r88r00   [14]  629 	ld	iy, #_g_wavecooldown
   030E FD 36 00 01   [19]  630 	ld	0 (iy), #0x01
                            631 ;src/game.c:146: g_damagecooldown = 0;
   0312 FD 21r89r00   [14]  632 	ld	iy, #_g_damagecooldown
   0316 FD 36 00 00   [19]  633 	ld	0 (iy), #0x00
                            634 ;src/game.c:147: g_shootcooldown = 0;
   031A FD 21r8Ar00   [14]  635 	ld	iy, #_g_shootcooldown
   031E FD 36 00 00   [19]  636 	ld	0 (iy), #0x00
                            637 ;src/game.c:148: g_victory = 0;
   0322 FD 21r8Br00   [14]  638 	ld	iy, #_g_victory
   0326 FD 36 00 00   [19]  639 	ld	0 (iy), #0x00
                            640 ;src/game.c:149: g_gameover = 0;
   032A FD 21r8Cr00   [14]  641 	ld	iy, #_g_gameover
   032E FD 36 00 00   [19]  642 	ld	0 (iy), #0x00
                            643 ;src/game.c:150: g_framecounter = 0;
   0332 2E 00         [ 7]  644 	ld	l, #0x00
   0334 22r8Dr00      [16]  645 	ld	(_g_framecounter), hl
                            646 ;src/game.c:151: g_checkpointx = 20;
   0337 21r8Fr00      [10]  647 	ld	hl,#_g_checkpointx + 0
   033A 36 14         [10]  648 	ld	(hl), #0x14
                            649 ;src/game.c:152: g_checkpointy = 120;
   033C 21r90r00      [10]  650 	ld	hl,#_g_checkpointy + 0
   033F 36 78         [10]  651 	ld	(hl), #0x78
                            652 ;src/game.c:153: g_checkpointactive = 0;
   0341 21r91r00      [10]  653 	ld	hl,#_g_checkpointactive + 0
   0344 36 00         [10]  654 	ld	(hl), #0x00
                            655 ;src/game.c:154: g_bossactive = 0;
   0346 21r9Cr00      [10]  656 	ld	hl,#_g_bossactive + 0
   0349 36 00         [10]  657 	ld	(hl), #0x00
                            658 ;src/game.c:155: enemyinit(&g_boss);
   034B 21r92r00      [10]  659 	ld	hl, #_g_boss
   034E E5            [11]  660 	push	hl
   034F CDr00r00      [17]  661 	call	_enemyinit
   0352 F1            [10]  662 	pop	af
   0353 C9            [10]  663 	ret
                            664 ;src/game.c:158: void game_update(void) {
                            665 ;	---------------------------------
                            666 ; Function game_update
                            667 ; ---------------------------------
   0354                     668 _game_update::
   0354 DD E5         [15]  669 	push	ix
   0356 DD 21 00 00   [14]  670 	ld	ix,#0
   035A DD 39         [15]  671 	add	ix,sp
   035C 21 E7 FF      [10]  672 	ld	hl, #-25
   035F 39            [11]  673 	add	hl, sp
   0360 F9            [ 6]  674 	ld	sp, hl
                            675 ;src/game.c:162: input_update();
   0361 CDr00r00      [17]  676 	call	_input_update
                            677 ;src/game.c:164: if (g_gameover || g_victory) {
   0364 3Ar8Cr00      [13]  678 	ld	a,(#_g_gameover + 0)
   0367 B7            [ 4]  679 	or	a, a
   0368 20 06         [12]  680 	jr	NZ,00101$
   036A 3Ar8Br00      [13]  681 	ld	a,(#_g_victory + 0)
   036D B7            [ 4]  682 	or	a, a
   036E 28 1C         [12]  683 	jr	Z,00102$
   0370                     684 00101$:
                            685 ;src/game.c:165: hudupdate(g_lives, g_score, g_timeleft, g_weapondisplay);
   0370 3Ar85r00      [13]  686 	ld	a, (_g_weapondisplay)
   0373 F5            [11]  687 	push	af
   0374 33            [ 6]  688 	inc	sp
   0375 3Ar84r00      [13]  689 	ld	a, (_g_timeleft)
   0378 F5            [11]  690 	push	af
   0379 33            [ 6]  691 	inc	sp
   037A 2Ar82r00      [16]  692 	ld	hl, (_g_score)
   037D E5            [11]  693 	push	hl
   037E 3Ar81r00      [13]  694 	ld	a, (_g_lives)
   0381 F5            [11]  695 	push	af
   0382 33            [ 6]  696 	inc	sp
   0383 CDr00r00      [17]  697 	call	_hudupdate
   0386 F1            [10]  698 	pop	af
   0387 F1            [10]  699 	pop	af
   0388 33            [ 6]  700 	inc	sp
                            701 ;src/game.c:166: return;
   0389 C3rDAr08      [10]  702 	jp	00178$
   038C                     703 00102$:
                            704 ;src/game.c:169: playerupdate(&g_player);
   038C 21r00r00      [10]  705 	ld	hl, #_g_player
   038F E5            [11]  706 	push	hl
   0390 CDr00r00      [17]  707 	call	_playerupdate
   0393 F1            [10]  708 	pop	af
                            709 ;src/game.c:170: try_fire_projectile();
   0394 CDrEBr01      [17]  710 	call	_try_fire_projectile
                            711 ;src/game.c:172: if (g_shootcooldown) g_shootcooldown--;
   0397 FD 21r8Ar00   [14]  712 	ld	iy, #_g_shootcooldown
   039B FD 7E 00      [19]  713 	ld	a, 0 (iy)
   039E B7            [ 4]  714 	or	a, a
   039F 28 03         [12]  715 	jr	Z,00105$
   03A1 FD 35 00      [23]  716 	dec	0 (iy)
   03A4                     717 00105$:
                            718 ;src/game.c:173: if (g_damagecooldown) g_damagecooldown--;
   03A4 FD 21r89r00   [14]  719 	ld	iy, #_g_damagecooldown
   03A8 FD 7E 00      [19]  720 	ld	a, 0 (iy)
   03AB B7            [ 4]  721 	or	a, a
   03AC 28 03         [12]  722 	jr	Z,00189$
   03AE FD 35 00      [23]  723 	dec	0 (iy)
                            724 ;src/game.c:175: for (i = 0; i < MAX_PROJECTILES; ++i) {
   03B1                     725 00189$:
   03B1 0E 00         [ 7]  726 	ld	c, #0x00
   03B3                     727 00171$:
                            728 ;src/game.c:176: projectileupdate(&g_projectiles[i]);
   03B3 06 00         [ 7]  729 	ld	b,#0x00
   03B5 69            [ 4]  730 	ld	l, c
   03B6 60            [ 4]  731 	ld	h, b
   03B7 29            [11]  732 	add	hl, hl
   03B8 29            [11]  733 	add	hl, hl
   03B9 09            [11]  734 	add	hl, bc
   03BA 29            [11]  735 	add	hl, hl
   03BB 11r45r00      [10]  736 	ld	de, #_g_projectiles
   03BE 19            [11]  737 	add	hl, de
   03BF C5            [11]  738 	push	bc
   03C0 E5            [11]  739 	push	hl
   03C1 CDr00r00      [17]  740 	call	_projectileupdate
   03C4 F1            [10]  741 	pop	af
   03C5 C1            [10]  742 	pop	bc
                            743 ;src/game.c:175: for (i = 0; i < MAX_PROJECTILES; ++i) {
   03C6 0C            [ 4]  744 	inc	c
   03C7 79            [ 4]  745 	ld	a, c
   03C8 D6 06         [ 7]  746 	sub	a, #0x06
   03CA 38 E7         [12]  747 	jr	C,00171$
                            748 ;src/game.c:179: for (i = 0; i < MAX_ENEMIES; ++i) {
   03CC 0E 00         [ 7]  749 	ld	c, #0x00
   03CE                     750 00173$:
                            751 ;src/game.c:180: enemyupdate(&g_enemies[i]);
   03CE 06 00         [ 7]  752 	ld	b,#0x00
   03D0 69            [ 4]  753 	ld	l, c
   03D1 60            [ 4]  754 	ld	h, b
   03D2 29            [11]  755 	add	hl, hl
   03D3 29            [11]  756 	add	hl, hl
   03D4 09            [11]  757 	add	hl, bc
   03D5 29            [11]  758 	add	hl, hl
   03D6 11r09r00      [10]  759 	ld	de, #_g_enemies
   03D9 19            [11]  760 	add	hl, de
   03DA C5            [11]  761 	push	bc
   03DB E5            [11]  762 	push	hl
   03DC CDr00r00      [17]  763 	call	_enemyupdate
   03DF F1            [10]  764 	pop	af
   03E0 C1            [10]  765 	pop	bc
                            766 ;src/game.c:179: for (i = 0; i < MAX_ENEMIES; ++i) {
   03E1 0C            [ 4]  767 	inc	c
   03E2 79            [ 4]  768 	ld	a, c
   03E3 D6 06         [ 7]  769 	sub	a, #0x06
   03E5 38 E7         [12]  770 	jr	C,00173$
                            771 ;src/game.c:183: if (g_bossactive) {
   03E7 3Ar9Cr00      [13]  772 	ld	a,(#_g_bossactive + 0)
   03EA B7            [ 4]  773 	or	a, a
   03EB 28 71         [12]  774 	jr	Z,00208$
                            775 ;src/game.c:184: if (g_boss.health > 4) g_bossphase = 0;
   03ED 21r99r00      [10]  776 	ld	hl, #_g_boss + 7
   03F0 4E            [ 7]  777 	ld	c, (hl)
   03F1 3E 04         [ 7]  778 	ld	a, #0x04
   03F3 91            [ 4]  779 	sub	a, c
   03F4 30 07         [12]  780 	jr	NC,00111$
   03F6 21r9Dr00      [10]  781 	ld	hl,#_g_bossphase + 0
   03F9 36 00         [10]  782 	ld	(hl), #0x00
   03FB 18 05         [12]  783 	jr	00112$
   03FD                     784 00111$:
                            785 ;src/game.c:185: else g_bossphase = 1;
   03FD 21r9Dr00      [10]  786 	ld	hl,#_g_bossphase + 0
   0400 36 01         [10]  787 	ld	(hl), #0x01
   0402                     788 00112$:
                            789 ;src/game.c:187: g_boss.vx = (i8)(g_player.x + 2 < g_boss.x ? -(g_bossphase ? 2 : 1) : (g_bossphase ? 2 : 1));
   0402 3Ar00r00      [13]  790 	ld	a,(#_g_player + 0)
   0405 DD 77 FF      [19]  791 	ld	-1 (ix), a
   0408 DD 77 FD      [19]  792 	ld	-3 (ix), a
   040B DD 36 FE 00   [19]  793 	ld	-2 (ix), #0x00
   040F DD 7E FD      [19]  794 	ld	a, -3 (ix)
   0412 C6 02         [ 7]  795 	add	a, #0x02
   0414 DD 77 FD      [19]  796 	ld	-3 (ix), a
   0417 DD 7E FE      [19]  797 	ld	a, -2 (ix)
   041A CE 00         [ 7]  798 	adc	a, #0x00
   041C DD 77 FE      [19]  799 	ld	-2 (ix), a
   041F 21r92r00      [10]  800 	ld	hl, #_g_boss + 0
   0422 4E            [ 7]  801 	ld	c, (hl)
   0423 06 00         [ 7]  802 	ld	b, #0x00
   0425 DD 7E FD      [19]  803 	ld	a, -3 (ix)
   0428 91            [ 4]  804 	sub	a, c
   0429 DD 7E FE      [19]  805 	ld	a, -2 (ix)
   042C 98            [ 4]  806 	sbc	a, b
   042D E2r32r04      [10]  807 	jp	PO, 00369$
   0430 EE 80         [ 7]  808 	xor	a, #0x80
   0432                     809 00369$:
   0432 F2r46r04      [10]  810 	jp	P, 00180$
   0435 3Ar9Dr00      [13]  811 	ld	a,(#_g_bossphase + 0)
   0438 B7            [ 4]  812 	or	a, a
   0439 28 04         [12]  813 	jr	Z,00182$
   043B 0E 02         [ 7]  814 	ld	c, #0x02
   043D 18 02         [12]  815 	jr	00183$
   043F                     816 00182$:
   043F 0E 01         [ 7]  817 	ld	c, #0x01
   0441                     818 00183$:
   0441 AF            [ 4]  819 	xor	a, a
   0442 91            [ 4]  820 	sub	a, c
   0443 4F            [ 4]  821 	ld	c, a
   0444 18 0C         [12]  822 	jr	00181$
   0446                     823 00180$:
   0446 3Ar9Dr00      [13]  824 	ld	a,(#_g_bossphase + 0)
   0449 B7            [ 4]  825 	or	a, a
   044A 28 04         [12]  826 	jr	Z,00184$
   044C 0E 02         [ 7]  827 	ld	c, #0x02
   044E 18 02         [12]  828 	jr	00185$
   0450                     829 00184$:
   0450 0E 01         [ 7]  830 	ld	c, #0x01
   0452                     831 00185$:
   0452                     832 00181$:
   0452 21r94r00      [10]  833 	ld	hl, #(_g_boss + 0x0002)
   0455 71            [ 7]  834 	ld	(hl), c
                            835 ;src/game.c:188: enemyupdate(&g_boss);
   0456 21r92r00      [10]  836 	ld	hl, #_g_boss
   0459 E5            [11]  837 	push	hl
   045A CDr00r00      [17]  838 	call	_enemyupdate
   045D F1            [10]  839 	pop	af
                            840 ;src/game.c:191: for (i = 0; i < MAX_PROJECTILES; ++i) {
   045E                     841 00208$:
   045E 0E 00         [ 7]  842 	ld	c, #0x00
   0460                     843 00176$:
                            844 ;src/game.c:192: if (!g_projectiles[i].active) continue;
   0460 06 00         [ 7]  845 	ld	b,#0x00
   0462 69            [ 4]  846 	ld	l, c
   0463 60            [ 4]  847 	ld	h, b
   0464 29            [11]  848 	add	hl, hl
   0465 29            [11]  849 	add	hl, hl
   0466 09            [11]  850 	add	hl, bc
   0467 29            [11]  851 	add	hl, hl
   0468 EB            [ 4]  852 	ex	de,hl
   0469 21r45r00      [10]  853 	ld	hl, #_g_projectiles
   046C 19            [11]  854 	add	hl,de
   046D EB            [ 4]  855 	ex	de,hl
   046E 21 06 00      [10]  856 	ld	hl, #0x0006
   0471 19            [11]  857 	add	hl,de
   0472 DD 75 FD      [19]  858 	ld	-3 (ix), l
   0475 DD 74 FE      [19]  859 	ld	-2 (ix), h
   0478 7E            [ 7]  860 	ld	a, (hl)
   0479 B7            [ 4]  861 	or	a, a
   047A CAr9Br06      [10]  862 	jp	Z, 00133$
                            863 ;src/game.c:193: for (j = 0; j < MAX_ENEMIES; ++j) {
   047D DD 36 E7 00   [19]  864 	ld	-25 (ix), #0x00
   0481                     865 00175$:
                            866 ;src/game.c:194: if (!g_enemies[j].active) continue;
   0481 D5            [11]  867 	push	de
   0482 DD 5E E7      [19]  868 	ld	e,-25 (ix)
   0485 16 00         [ 7]  869 	ld	d,#0x00
   0487 6B            [ 4]  870 	ld	l, e
   0488 62            [ 4]  871 	ld	h, d
   0489 29            [11]  872 	add	hl, hl
   048A 29            [11]  873 	add	hl, hl
   048B 19            [11]  874 	add	hl, de
   048C 29            [11]  875 	add	hl, hl
   048D D1            [10]  876 	pop	de
   048E 3Er09         [ 7]  877 	ld	a, #<(_g_enemies)
   0490 85            [ 4]  878 	add	a, l
   0491 DD 77 FB      [19]  879 	ld	-5 (ix), a
   0494 3Es00         [ 7]  880 	ld	a, #>(_g_enemies)
   0496 8C            [ 4]  881 	adc	a, h
   0497 DD 77 FC      [19]  882 	ld	-4 (ix), a
   049A DD 6E FB      [19]  883 	ld	l,-5 (ix)
   049D DD 66 FC      [19]  884 	ld	h,-4 (ix)
   04A0 C5            [11]  885 	push	bc
   04A1 01 06 00      [10]  886 	ld	bc, #0x0006
   04A4 09            [11]  887 	add	hl, bc
   04A5 C1            [10]  888 	pop	bc
   04A6 46            [ 7]  889 	ld	b, (hl)
                            890 ;src/game.c:195: if (!rect_overlap((i16)g_projectiles[i].x, (i16)g_projectiles[i].y, g_projectiles[i].w, g_projectiles[i].h,
   04A7 21 05 00      [10]  891 	ld	hl, #0x0005
   04AA 19            [11]  892 	add	hl,de
   04AB DD 75 F9      [19]  893 	ld	-7 (ix), l
   04AE DD 74 FA      [19]  894 	ld	-6 (ix), h
   04B1 21 04 00      [10]  895 	ld	hl, #0x0004
   04B4 19            [11]  896 	add	hl,de
   04B5 DD 75 F7      [19]  897 	ld	-9 (ix), l
   04B8 DD 74 F8      [19]  898 	ld	-8 (ix), h
   04BB 21 01 00      [10]  899 	ld	hl, #0x0001
   04BE 19            [11]  900 	add	hl,de
   04BF DD 75 F5      [19]  901 	ld	-11 (ix), l
   04C2 DD 74 F6      [19]  902 	ld	-10 (ix), h
                            903 ;src/game.c:197: if (enemydamage(&g_enemies[j], g_projectiles[i].damage)) {
   04C5 21 07 00      [10]  904 	ld	hl, #0x0007
   04C8 19            [11]  905 	add	hl,de
   04C9 DD 75 F3      [19]  906 	ld	-13 (ix), l
   04CC DD 74 F4      [19]  907 	ld	-12 (ix), h
                            908 ;src/game.c:194: if (!g_enemies[j].active) continue;
   04CF 78            [ 4]  909 	ld	a, b
   04D0 B7            [ 4]  910 	or	a, a
   04D1 CArC9r05      [10]  911 	jp	Z, 00125$
                            912 ;src/game.c:196: (i16)g_enemies[j].x, (i16)g_enemies[j].y, g_enemies[j].w, g_enemies[j].h)) continue;
   04D4 DD 6E FB      [19]  913 	ld	l,-5 (ix)
   04D7 DD 66 FC      [19]  914 	ld	h,-4 (ix)
   04DA 23            [ 6]  915 	inc	hl
   04DB 23            [ 6]  916 	inc	hl
   04DC 23            [ 6]  917 	inc	hl
   04DD 23            [ 6]  918 	inc	hl
   04DE 23            [ 6]  919 	inc	hl
   04DF 7E            [ 7]  920 	ld	a, (hl)
   04E0 DD 77 FF      [19]  921 	ld	-1 (ix), a
   04E3 DD 6E FB      [19]  922 	ld	l,-5 (ix)
   04E6 DD 66 FC      [19]  923 	ld	h,-4 (ix)
   04E9 23            [ 6]  924 	inc	hl
   04EA 23            [ 6]  925 	inc	hl
   04EB 23            [ 6]  926 	inc	hl
   04EC 23            [ 6]  927 	inc	hl
   04ED 7E            [ 7]  928 	ld	a, (hl)
   04EE DD 77 F2      [19]  929 	ld	-14 (ix), a
   04F1 DD 6E FB      [19]  930 	ld	l,-5 (ix)
   04F4 DD 66 FC      [19]  931 	ld	h,-4 (ix)
   04F7 23            [ 6]  932 	inc	hl
   04F8 46            [ 7]  933 	ld	b, (hl)
   04F9 DD 70 F0      [19]  934 	ld	-16 (ix), b
   04FC DD 36 F1 00   [19]  935 	ld	-15 (ix), #0x00
   0500 DD 6E FB      [19]  936 	ld	l,-5 (ix)
   0503 DD 66 FC      [19]  937 	ld	h,-4 (ix)
   0506 46            [ 7]  938 	ld	b, (hl)
   0507 DD 70 EE      [19]  939 	ld	-18 (ix), b
   050A DD 36 EF 00   [19]  940 	ld	-17 (ix), #0x00
                            941 ;src/game.c:195: if (!rect_overlap((i16)g_projectiles[i].x, (i16)g_projectiles[i].y, g_projectiles[i].w, g_projectiles[i].h,
   050E DD 6E F9      [19]  942 	ld	l,-7 (ix)
   0511 DD 66 FA      [19]  943 	ld	h,-6 (ix)
   0514 7E            [ 7]  944 	ld	a, (hl)
   0515 DD 77 ED      [19]  945 	ld	-19 (ix), a
   0518 DD 6E F7      [19]  946 	ld	l,-9 (ix)
   051B DD 66 F8      [19]  947 	ld	h,-8 (ix)
   051E 46            [ 7]  948 	ld	b, (hl)
   051F DD 6E F5      [19]  949 	ld	l,-11 (ix)
   0522 DD 66 F6      [19]  950 	ld	h,-10 (ix)
   0525 6E            [ 7]  951 	ld	l, (hl)
   0526 DD 75 EB      [19]  952 	ld	-21 (ix), l
   0529 DD 36 EC 00   [19]  953 	ld	-20 (ix), #0x00
   052D 1A            [ 7]  954 	ld	a, (de)
   052E DD 77 E9      [19]  955 	ld	-23 (ix), a
   0531 DD 36 EA 00   [19]  956 	ld	-22 (ix), #0x00
   0535 C5            [11]  957 	push	bc
   0536 D5            [11]  958 	push	de
   0537 DD 66 FF      [19]  959 	ld	h, -1 (ix)
   053A DD 6E F2      [19]  960 	ld	l, -14 (ix)
   053D E5            [11]  961 	push	hl
   053E DD 6E F0      [19]  962 	ld	l,-16 (ix)
   0541 DD 66 F1      [19]  963 	ld	h,-15 (ix)
   0544 E5            [11]  964 	push	hl
   0545 DD 6E EE      [19]  965 	ld	l,-18 (ix)
   0548 DD 66 EF      [19]  966 	ld	h,-17 (ix)
   054B E5            [11]  967 	push	hl
   054C DD 7E ED      [19]  968 	ld	a, -19 (ix)
   054F F5            [11]  969 	push	af
   0550 33            [ 6]  970 	inc	sp
   0551 C5            [11]  971 	push	bc
   0552 33            [ 6]  972 	inc	sp
   0553 DD 6E EB      [19]  973 	ld	l,-21 (ix)
   0556 DD 66 EC      [19]  974 	ld	h,-20 (ix)
   0559 E5            [11]  975 	push	hl
   055A DD 6E E9      [19]  976 	ld	l,-23 (ix)
   055D DD 66 EA      [19]  977 	ld	h,-22 (ix)
   0560 E5            [11]  978 	push	hl
   0561 CDr19r00      [17]  979 	call	_rect_overlap
   0564 FD 21 0C 00   [14]  980 	ld	iy, #12
   0568 FD 39         [15]  981 	add	iy, sp
   056A FD F9         [10]  982 	ld	sp, iy
   056C D1            [10]  983 	pop	de
   056D C1            [10]  984 	pop	bc
   056E 7D            [ 4]  985 	ld	a, l
   056F B7            [ 4]  986 	or	a, a
   0570 28 57         [12]  987 	jr	Z,00125$
                            988 ;src/game.c:197: if (enemydamage(&g_enemies[j], g_projectiles[i].damage)) {
   0572 DD 6E F3      [19]  989 	ld	l,-13 (ix)
   0575 DD 66 F4      [19]  990 	ld	h,-12 (ix)
   0578 66            [ 7]  991 	ld	h, (hl)
   0579 DD 6E FB      [19]  992 	ld	l, -5 (ix)
   057C DD 46 FC      [19]  993 	ld	b, -4 (ix)
   057F C5            [11]  994 	push	bc
   0580 D5            [11]  995 	push	de
   0581 E5            [11]  996 	push	hl
   0582 33            [ 6]  997 	inc	sp
   0583 60            [ 4]  998 	ld	h, b
   0584 E5            [11]  999 	push	hl
   0585 CDr00r00      [17] 1000 	call	_enemydamage
   0588 F1            [10] 1001 	pop	af
   0589 33            [ 6] 1002 	inc	sp
   058A D1            [10] 1003 	pop	de
   058B C1            [10] 1004 	pop	bc
   058C 7D            [ 4] 1005 	ld	a, l
   058D B7            [ 4] 1006 	or	a, a
   058E 28 2F         [12] 1007 	jr	Z,00124$
                           1008 ;src/game.c:198: g_score = (u16)(g_score + g_enemies[j].reward);
   0590 DD 6E FB      [19] 1009 	ld	l,-5 (ix)
   0593 DD 66 FC      [19] 1010 	ld	h,-4 (ix)
   0596 C5            [11] 1011 	push	bc
   0597 01 08 00      [10] 1012 	ld	bc, #0x0008
   059A 09            [11] 1013 	add	hl, bc
   059B C1            [10] 1014 	pop	bc
   059C 6E            [ 7] 1015 	ld	l, (hl)
   059D DD 75 E9      [19] 1016 	ld	-23 (ix), l
   05A0 DD 36 EA 00   [19] 1017 	ld	-22 (ix), #0x00
   05A4 21r82r00      [10] 1018 	ld	hl, #_g_score
   05A7 7E            [ 7] 1019 	ld	a, (hl)
   05A8 DD 86 E9      [19] 1020 	add	a, -23 (ix)
   05AB 77            [ 7] 1021 	ld	(hl), a
   05AC 23            [ 6] 1022 	inc	hl
   05AD 7E            [ 7] 1023 	ld	a, (hl)
   05AE DD 8E EA      [19] 1024 	adc	a, -22 (ix)
   05B1 77            [ 7] 1025 	ld	(hl), a
                           1026 ;src/game.c:199: if (g_aliveenemies) g_aliveenemies--;
   05B2 FD 21r87r00   [14] 1027 	ld	iy, #_g_aliveenemies
   05B6 FD 7E 00      [19] 1028 	ld	a, 0 (iy)
   05B9 B7            [ 4] 1029 	or	a, a
   05BA 28 03         [12] 1030 	jr	Z,00124$
   05BC FD 35 00      [23] 1031 	dec	0 (iy)
   05BF                    1032 00124$:
                           1033 ;src/game.c:201: g_projectiles[i].active = 0;
   05BF DD 6E FD      [19] 1034 	ld	l,-3 (ix)
   05C2 DD 66 FE      [19] 1035 	ld	h,-2 (ix)
   05C5 36 00         [10] 1036 	ld	(hl), #0x00
                           1037 ;src/game.c:202: break;
   05C7 18 0B         [12] 1038 	jr	00126$
   05C9                    1039 00125$:
                           1040 ;src/game.c:193: for (j = 0; j < MAX_ENEMIES; ++j) {
   05C9 DD 34 E7      [23] 1041 	inc	-25 (ix)
   05CC DD 7E E7      [19] 1042 	ld	a, -25 (ix)
   05CF D6 06         [ 7] 1043 	sub	a, #0x06
   05D1 DAr81r04      [10] 1044 	jp	C, 00175$
   05D4                    1045 00126$:
                           1046 ;src/game.c:205: if (g_bossactive && g_projectiles[i].active && rect_overlap((i16)g_projectiles[i].x, (i16)g_projectiles[i].y, g_projectiles[i].w, g_projectiles[i].h,
   05D4 3Ar9Cr00      [13] 1047 	ld	a,(#_g_bossactive + 0)
   05D7 B7            [ 4] 1048 	or	a, a
   05D8 CAr9Br06      [10] 1049 	jp	Z, 00133$
   05DB DD 6E FD      [19] 1050 	ld	l,-3 (ix)
   05DE DD 66 FE      [19] 1051 	ld	h,-2 (ix)
   05E1 7E            [ 7] 1052 	ld	a, (hl)
   05E2 B7            [ 4] 1053 	or	a, a
   05E3 CAr9Br06      [10] 1054 	jp	Z, 00133$
                           1055 ;src/game.c:206: (i16)g_boss.x, (i16)g_boss.y, g_boss.w, g_boss.h)) {
   05E6 21r97r00      [10] 1056 	ld	hl, #(_g_boss + 0x0005) + 0
   05E9 46            [ 7] 1057 	ld	b, (hl)
   05EA 3Ar96r00      [13] 1058 	ld	a, (#(_g_boss + 0x0004) + 0)
   05ED 21r93r00      [10] 1059 	ld	hl, #(_g_boss + 0x0001) + 0
   05F0 6E            [ 7] 1060 	ld	l, (hl)
   05F1 DD 75 E9      [19] 1061 	ld	-23 (ix), l
   05F4 DD 36 EA 00   [19] 1062 	ld	-22 (ix), #0x00
   05F8 21r92r00      [10] 1063 	ld	hl, #_g_boss + 0
   05FB 6E            [ 7] 1064 	ld	l, (hl)
   05FC DD 75 EB      [19] 1065 	ld	-21 (ix), l
   05FF DD 36 EC 00   [19] 1066 	ld	-20 (ix), #0x00
                           1067 ;src/game.c:205: if (g_bossactive && g_projectiles[i].active && rect_overlap((i16)g_projectiles[i].x, (i16)g_projectiles[i].y, g_projectiles[i].w, g_projectiles[i].h,
   0603 DD 6E F9      [19] 1068 	ld	l,-7 (ix)
   0606 DD 66 FA      [19] 1069 	ld	h,-6 (ix)
   0609 F5            [11] 1070 	push	af
   060A 7E            [ 7] 1071 	ld	a, (hl)
   060B DD 77 ED      [19] 1072 	ld	-19 (ix), a
   060E F1            [10] 1073 	pop	af
   060F DD 6E F7      [19] 1074 	ld	l,-9 (ix)
   0612 DD 66 F8      [19] 1075 	ld	h,-8 (ix)
   0615 F5            [11] 1076 	push	af
   0616 7E            [ 7] 1077 	ld	a, (hl)
   0617 DD 77 EE      [19] 1078 	ld	-18 (ix), a
   061A F1            [10] 1079 	pop	af
   061B DD 6E F5      [19] 1080 	ld	l,-11 (ix)
   061E DD 66 F6      [19] 1081 	ld	h,-10 (ix)
   0621 6E            [ 7] 1082 	ld	l, (hl)
   0622 DD 75 F0      [19] 1083 	ld	-16 (ix), l
   0625 DD 36 F1 00   [19] 1084 	ld	-15 (ix), #0x00
   0629 F5            [11] 1085 	push	af
   062A 1A            [ 7] 1086 	ld	a, (de)
   062B 5F            [ 4] 1087 	ld	e, a
   062C F1            [10] 1088 	pop	af
   062D 16 00         [ 7] 1089 	ld	d, #0x00
   062F C5            [11] 1090 	push	bc
   0630 C5            [11] 1091 	push	bc
   0631 33            [ 6] 1092 	inc	sp
   0632 F5            [11] 1093 	push	af
   0633 33            [ 6] 1094 	inc	sp
   0634 DD 6E E9      [19] 1095 	ld	l,-23 (ix)
   0637 DD 66 EA      [19] 1096 	ld	h,-22 (ix)
   063A E5            [11] 1097 	push	hl
   063B DD 6E EB      [19] 1098 	ld	l,-21 (ix)
   063E DD 66 EC      [19] 1099 	ld	h,-20 (ix)
   0641 E5            [11] 1100 	push	hl
   0642 DD 66 ED      [19] 1101 	ld	h, -19 (ix)
   0645 DD 6E EE      [19] 1102 	ld	l, -18 (ix)
   0648 E5            [11] 1103 	push	hl
   0649 DD 6E F0      [19] 1104 	ld	l,-16 (ix)
   064C DD 66 F1      [19] 1105 	ld	h,-15 (ix)
   064F E5            [11] 1106 	push	hl
   0650 D5            [11] 1107 	push	de
   0651 CDr19r00      [17] 1108 	call	_rect_overlap
   0654 FD 21 0C 00   [14] 1109 	ld	iy, #12
   0658 FD 39         [15] 1110 	add	iy, sp
   065A FD F9         [10] 1111 	ld	sp, iy
   065C C1            [10] 1112 	pop	bc
   065D 7D            [ 4] 1113 	ld	a, l
   065E B7            [ 4] 1114 	or	a, a
   065F 28 3A         [12] 1115 	jr	Z,00133$
                           1116 ;src/game.c:207: g_projectiles[i].active = 0;
   0661 DD 6E FD      [19] 1117 	ld	l,-3 (ix)
   0664 DD 66 FE      [19] 1118 	ld	h,-2 (ix)
   0667 36 00         [10] 1119 	ld	(hl), #0x00
                           1120 ;src/game.c:208: if (enemydamage(&g_boss, g_projectiles[i].damage)) {
   0669 DD 6E F3      [19] 1121 	ld	l,-13 (ix)
   066C DD 66 F4      [19] 1122 	ld	h,-12 (ix)
   066F 46            [ 7] 1123 	ld	b, (hl)
   0670 11r92r00      [10] 1124 	ld	de, #_g_boss
   0673 C5            [11] 1125 	push	bc
   0674 C5            [11] 1126 	push	bc
   0675 33            [ 6] 1127 	inc	sp
   0676 D5            [11] 1128 	push	de
   0677 CDr00r00      [17] 1129 	call	_enemydamage
   067A F1            [10] 1130 	pop	af
   067B 33            [ 6] 1131 	inc	sp
   067C C1            [10] 1132 	pop	bc
   067D 7D            [ 4] 1133 	ld	a, l
   067E B7            [ 4] 1134 	or	a, a
   067F 28 1A         [12] 1135 	jr	Z,00133$
                           1136 ;src/game.c:209: g_bossactive = 0;
   0681 21r9Cr00      [10] 1137 	ld	hl,#_g_bossactive + 0
   0684 36 00         [10] 1138 	ld	(hl), #0x00
                           1139 ;src/game.c:210: g_score = (u16)(g_score + g_boss.reward);
   0686 21r9Ar00      [10] 1140 	ld	hl, #_g_boss + 8
   0689 5E            [ 7] 1141 	ld	e, (hl)
   068A 16 00         [ 7] 1142 	ld	d, #0x00
   068C 21r82r00      [10] 1143 	ld	hl, #_g_score
   068F 7E            [ 7] 1144 	ld	a, (hl)
   0690 83            [ 4] 1145 	add	a, e
   0691 77            [ 7] 1146 	ld	(hl), a
   0692 23            [ 6] 1147 	inc	hl
   0693 7E            [ 7] 1148 	ld	a, (hl)
   0694 8A            [ 4] 1149 	adc	a, d
   0695 77            [ 7] 1150 	ld	(hl), a
                           1151 ;src/game.c:211: g_victory = 1;
   0696 21r8Br00      [10] 1152 	ld	hl,#_g_victory + 0
   0699 36 01         [10] 1153 	ld	(hl), #0x01
   069B                    1154 00133$:
                           1155 ;src/game.c:191: for (i = 0; i < MAX_PROJECTILES; ++i) {
   069B 0C            [ 4] 1156 	inc	c
   069C 79            [ 4] 1157 	ld	a, c
   069D D6 06         [ 7] 1158 	sub	a, #0x06
   069F DAr60r04      [10] 1159 	jp	C, 00176$
                           1160 ;src/game.c:217: for (i = 0; i < MAX_ENEMIES; ++i) {
                           1161 ;src/game.c:216: if (!g_damagecooldown) {
   06A2 3Ar89r00      [13] 1162 	ld	a,(#_g_damagecooldown + 0)
   06A5 B7            [ 4] 1163 	or	a, a
   06A6 C2r0Er08      [10] 1164 	jp	NZ, 00149$
                           1165 ;src/game.c:217: for (i = 0; i < MAX_ENEMIES; ++i) {
   06A9 DD 36 E8 00   [19] 1166 	ld	-24 (ix), #0x00
   06AD                    1167 00177$:
                           1168 ;src/game.c:218: if (!g_enemies[i].active) continue;
   06AD DD 4E E8      [19] 1169 	ld	c,-24 (ix)
   06B0 06 00         [ 7] 1170 	ld	b,#0x00
   06B2 69            [ 4] 1171 	ld	l, c
   06B3 60            [ 4] 1172 	ld	h, b
   06B4 29            [11] 1173 	add	hl, hl
   06B5 29            [11] 1174 	add	hl, hl
   06B6 09            [11] 1175 	add	hl, bc
   06B7 29            [11] 1176 	add	hl, hl
   06B8 01r09r00      [10] 1177 	ld	bc,#_g_enemies
   06BB 09            [11] 1178 	add	hl,bc
   06BC DD 75 E9      [19] 1179 	ld	-23 (ix), l
   06BF DD 74 EA      [19] 1180 	ld	-22 (ix), h
   06C2 C1            [10] 1181 	pop	bc
   06C3 E1            [10] 1182 	pop	hl
   06C4 E5            [11] 1183 	push	hl
   06C5 C5            [11] 1184 	push	bc
   06C6 11 06 00      [10] 1185 	ld	de, #0x0006
   06C9 19            [11] 1186 	add	hl, de
   06CA 7E            [ 7] 1187 	ld	a, (hl)
   06CB B7            [ 4] 1188 	or	a, a
   06CC CAr58r07      [10] 1189 	jp	Z, 00139$
                           1190 ;src/game.c:220: (i16)g_enemies[i].x, (i16)g_enemies[i].y, g_enemies[i].w, g_enemies[i].h)) {
   06CF DD 7E E9      [19] 1191 	ld	a, -23 (ix)
   06D2 DD 77 EB      [19] 1192 	ld	-21 (ix), a
   06D5 DD 7E EA      [19] 1193 	ld	a, -22 (ix)
   06D8 DD 77 EC      [19] 1194 	ld	-20 (ix), a
   06DB DD 6E EB      [19] 1195 	ld	l,-21 (ix)
   06DE DD 66 EC      [19] 1196 	ld	h,-20 (ix)
   06E1 11 05 00      [10] 1197 	ld	de, #0x0005
   06E4 19            [11] 1198 	add	hl, de
   06E5 7E            [ 7] 1199 	ld	a, (hl)
   06E6 DD 77 EB      [19] 1200 	ld	-21 (ix), a
   06E9 C1            [10] 1201 	pop	bc
   06EA E1            [10] 1202 	pop	hl
   06EB E5            [11] 1203 	push	hl
   06EC C5            [11] 1204 	push	bc
   06ED 11 04 00      [10] 1205 	ld	de, #0x0004
   06F0 19            [11] 1206 	add	hl, de
   06F1 7E            [ 7] 1207 	ld	a, (hl)
   06F2 DD 77 ED      [19] 1208 	ld	-19 (ix), a
   06F5 C1            [10] 1209 	pop	bc
   06F6 E1            [10] 1210 	pop	hl
   06F7 E5            [11] 1211 	push	hl
   06F8 C5            [11] 1212 	push	bc
   06F9 23            [ 6] 1213 	inc	hl
   06FA 4E            [ 7] 1214 	ld	c, (hl)
   06FB 06 00         [ 7] 1215 	ld	b, #0x00
   06FD DD 6E E9      [19] 1216 	ld	l,-23 (ix)
   0700 DD 66 EA      [19] 1217 	ld	h,-22 (ix)
   0703 5E            [ 7] 1218 	ld	e, (hl)
   0704 16 00         [ 7] 1219 	ld	d, #0x00
                           1220 ;src/game.c:219: if (rect_overlap((i16)g_player.x, (i16)g_player.y, g_player.w, g_player.h,
   0706 3Ar05r00      [13] 1221 	ld	a,(#(_g_player + 0x0005) + 0)
   0709 DD 77 E9      [19] 1222 	ld	-23 (ix), a
   070C 3Ar04r00      [13] 1223 	ld	a,(#(_g_player + 0x0004) + 0)
   070F DD 77 EE      [19] 1224 	ld	-18 (ix), a
   0712 3Ar01r00      [13] 1225 	ld	a, (#(_g_player + 0x0001) + 0)
   0715 DD 77 F0      [19] 1226 	ld	-16 (ix), a
   0718 DD 36 F1 00   [19] 1227 	ld	-15 (ix), #0x00
   071C 3Ar00r00      [13] 1228 	ld	a, (#_g_player + 0)
   071F DD 77 F3      [19] 1229 	ld	-13 (ix), a
   0722 DD 36 F4 00   [19] 1230 	ld	-12 (ix), #0x00
   0726 DD 66 EB      [19] 1231 	ld	h, -21 (ix)
   0729 DD 6E ED      [19] 1232 	ld	l, -19 (ix)
   072C E5            [11] 1233 	push	hl
   072D C5            [11] 1234 	push	bc
   072E D5            [11] 1235 	push	de
   072F DD 66 E9      [19] 1236 	ld	h, -23 (ix)
   0732 DD 6E EE      [19] 1237 	ld	l, -18 (ix)
   0735 E5            [11] 1238 	push	hl
   0736 DD 6E F0      [19] 1239 	ld	l,-16 (ix)
   0739 DD 66 F1      [19] 1240 	ld	h,-15 (ix)
   073C E5            [11] 1241 	push	hl
   073D DD 6E F3      [19] 1242 	ld	l,-13 (ix)
   0740 DD 66 F4      [19] 1243 	ld	h,-12 (ix)
   0743 E5            [11] 1244 	push	hl
   0744 CDr19r00      [17] 1245 	call	_rect_overlap
   0747 FD 21 0C 00   [14] 1246 	ld	iy, #12
   074B FD 39         [15] 1247 	add	iy, sp
   074D FD F9         [10] 1248 	ld	sp, iy
   074F 7D            [ 4] 1249 	ld	a, l
   0750 B7            [ 4] 1250 	or	a, a
   0751 28 05         [12] 1251 	jr	Z,00139$
                           1252 ;src/game.c:221: register_player_hit();
   0753 CDr84r02      [17] 1253 	call	_register_player_hit
                           1254 ;src/game.c:222: break;
   0756 18 0B         [12] 1255 	jr	00140$
   0758                    1256 00139$:
                           1257 ;src/game.c:217: for (i = 0; i < MAX_ENEMIES; ++i) {
   0758 DD 34 E8      [23] 1258 	inc	-24 (ix)
   075B DD 7E E8      [19] 1259 	ld	a, -24 (ix)
   075E D6 06         [ 7] 1260 	sub	a, #0x06
   0760 DArADr06      [10] 1261 	jp	C, 00177$
   0763                    1262 00140$:
                           1263 ;src/game.c:226: if (!g_damagecooldown && g_bossactive && rect_overlap((i16)g_player.x, (i16)g_player.y, g_player.w, g_player.h,
   0763 3Ar89r00      [13] 1264 	ld	a,(#_g_damagecooldown + 0)
   0766 B7            [ 4] 1265 	or	a, a
   0767 20 6E         [12] 1266 	jr	NZ,00142$
   0769 3Ar9Cr00      [13] 1267 	ld	a,(#_g_bossactive + 0)
   076C B7            [ 4] 1268 	or	a, a
   076D 28 68         [12] 1269 	jr	Z,00142$
                           1270 ;src/game.c:227: (i16)g_boss.x, (i16)g_boss.y, g_boss.w, g_boss.h)) {
   076F 3Ar97r00      [13] 1271 	ld	a,(#(_g_boss + 0x0005) + 0)
   0772 DD 77 E9      [19] 1272 	ld	-23 (ix), a
   0775 3Ar96r00      [13] 1273 	ld	a,(#(_g_boss + 0x0004) + 0)
   0778 DD 77 EB      [19] 1274 	ld	-21 (ix), a
   077B 21r93r00      [10] 1275 	ld	hl, #(_g_boss + 0x0001) + 0
   077E 5E            [ 7] 1276 	ld	e, (hl)
   077F 16 00         [ 7] 1277 	ld	d, #0x00
   0781 21r92r00      [10] 1278 	ld	hl, #_g_boss + 0
   0784 4E            [ 7] 1279 	ld	c, (hl)
   0785 06 00         [ 7] 1280 	ld	b, #0x00
                           1281 ;src/game.c:226: if (!g_damagecooldown && g_bossactive && rect_overlap((i16)g_player.x, (i16)g_player.y, g_player.w, g_player.h,
   0787 3Ar05r00      [13] 1282 	ld	a,(#(_g_player + 0x0005) + 0)
   078A DD 77 ED      [19] 1283 	ld	-19 (ix), a
   078D 3Ar04r00      [13] 1284 	ld	a,(#(_g_player + 0x0004) + 0)
   0790 DD 77 EE      [19] 1285 	ld	-18 (ix), a
   0793 3Ar01r00      [13] 1286 	ld	a, (#(_g_player + 0x0001) + 0)
   0796 DD 77 F0      [19] 1287 	ld	-16 (ix), a
   0799 DD 36 F1 00   [19] 1288 	ld	-15 (ix), #0x00
   079D 3Ar00r00      [13] 1289 	ld	a, (#_g_player + 0)
   07A0 DD 77 F3      [19] 1290 	ld	-13 (ix), a
   07A3 DD 36 F4 00   [19] 1291 	ld	-12 (ix), #0x00
   07A7 DD 66 E9      [19] 1292 	ld	h, -23 (ix)
   07AA DD 6E EB      [19] 1293 	ld	l, -21 (ix)
   07AD E5            [11] 1294 	push	hl
   07AE D5            [11] 1295 	push	de
   07AF C5            [11] 1296 	push	bc
   07B0 DD 66 ED      [19] 1297 	ld	h, -19 (ix)
   07B3 DD 6E EE      [19] 1298 	ld	l, -18 (ix)
   07B6 E5            [11] 1299 	push	hl
   07B7 DD 6E F0      [19] 1300 	ld	l,-16 (ix)
   07BA DD 66 F1      [19] 1301 	ld	h,-15 (ix)
   07BD E5            [11] 1302 	push	hl
   07BE DD 6E F3      [19] 1303 	ld	l,-13 (ix)
   07C1 DD 66 F4      [19] 1304 	ld	h,-12 (ix)
   07C4 E5            [11] 1305 	push	hl
   07C5 CDr19r00      [17] 1306 	call	_rect_overlap
   07C8 FD 21 0C 00   [14] 1307 	ld	iy, #12
   07CC FD 39         [15] 1308 	add	iy, sp
   07CE FD F9         [10] 1309 	ld	sp, iy
   07D0 7D            [ 4] 1310 	ld	a, l
   07D1 B7            [ 4] 1311 	or	a, a
   07D2 28 03         [12] 1312 	jr	Z,00142$
                           1313 ;src/game.c:228: register_player_hit();
   07D4 CDr84r02      [17] 1314 	call	_register_player_hit
   07D7                    1315 00142$:
                           1316 ;src/game.c:231: if (!g_damagecooldown && collision_is_on_trap((i16)g_player.x, (i16)g_player.y, g_player.w, g_player.h)) {
   07D7 3Ar89r00      [13] 1317 	ld	a,(#_g_damagecooldown + 0)
   07DA B7            [ 4] 1318 	or	a, a
   07DB 20 31         [12] 1319 	jr	NZ,00149$
   07DD 3Ar05r00      [13] 1320 	ld	a, (#(_g_player + 0x0005) + 0)
   07E0 21r04r00      [10] 1321 	ld	hl, #(_g_player + 0x0004) + 0
   07E3 56            [ 7] 1322 	ld	d, (hl)
   07E4 21r01r00      [10] 1323 	ld	hl, #(_g_player + 0x0001) + 0
   07E7 4E            [ 7] 1324 	ld	c, (hl)
   07E8 06 00         [ 7] 1325 	ld	b, #0x00
   07EA 21r00r00      [10] 1326 	ld	hl, #_g_player + 0
   07ED 6E            [ 7] 1327 	ld	l, (hl)
   07EE DD 75 E9      [19] 1328 	ld	-23 (ix), l
   07F1 DD 36 EA 00   [19] 1329 	ld	-22 (ix), #0x00
   07F5 F5            [11] 1330 	push	af
   07F6 33            [ 6] 1331 	inc	sp
   07F7 D5            [11] 1332 	push	de
   07F8 33            [ 6] 1333 	inc	sp
   07F9 C5            [11] 1334 	push	bc
   07FA DD 6E E9      [19] 1335 	ld	l,-23 (ix)
   07FD DD 66 EA      [19] 1336 	ld	h,-22 (ix)
   0800 E5            [11] 1337 	push	hl
   0801 CDr00r00      [17] 1338 	call	_collision_is_on_trap
   0804 F1            [10] 1339 	pop	af
   0805 F1            [10] 1340 	pop	af
   0806 F1            [10] 1341 	pop	af
   0807 7D            [ 4] 1342 	ld	a, l
   0808 B7            [ 4] 1343 	or	a, a
   0809 28 03         [12] 1344 	jr	Z,00149$
                           1345 ;src/game.c:232: register_player_hit();
   080B CDr84r02      [17] 1346 	call	_register_player_hit
   080E                    1347 00149$:
                           1348 ;src/game.c:236: if (!g_checkpointactive && g_player.x >= 44) {
   080E FD 21r91r00   [14] 1349 	ld	iy, #_g_checkpointactive
   0812 FD 7E 00      [19] 1350 	ld	a, 0 (iy)
   0815 B7            [ 4] 1351 	or	a, a
   0816 20 1E         [12] 1352 	jr	NZ,00151$
   0818 3Ar00r00      [13] 1353 	ld	a, (#_g_player + 0)
   081B D6 2C         [ 7] 1354 	sub	a, #0x2c
   081D 38 17         [12] 1355 	jr	C,00151$
                           1356 ;src/game.c:237: g_checkpointactive = 1;
   081F FD 36 00 01   [19] 1357 	ld	0 (iy), #0x01
                           1358 ;src/game.c:238: g_checkpointx = 52;
   0823 21r8Fr00      [10] 1359 	ld	hl,#_g_checkpointx + 0
   0826 36 34         [10] 1360 	ld	(hl), #0x34
                           1361 ;src/game.c:239: g_checkpointy = (u8)(tilemap_ground_y() - g_player.h);
   0828 CDr00r00      [17] 1362 	call	_tilemap_ground_y
   082B 4D            [ 4] 1363 	ld	c, l
   082C 21r05r00      [10] 1364 	ld	hl, #(_g_player + 0x0005) + 0
   082F 46            [ 7] 1365 	ld	b, (hl)
   0830 21r90r00      [10] 1366 	ld	hl, #_g_checkpointy
   0833 79            [ 4] 1367 	ld	a, c
   0834 90            [ 4] 1368 	sub	a, b
   0835 77            [ 7] 1369 	ld	(hl), a
   0836                    1370 00151$:
                           1371 ;src/game.c:242: g_weapondisplay = 1;
   0836 21r85r00      [10] 1372 	ld	hl,#_g_weapondisplay + 0
   0839 36 01         [10] 1373 	ld	(hl), #0x01
                           1374 ;src/game.c:244: if (!g_bossactive && g_aliveenemies == 0 && !g_gameover) {
   083B 3Ar9Cr00      [13] 1375 	ld	a,(#_g_bossactive + 0)
   083E B7            [ 4] 1376 	or	a, a
   083F 20 45         [12] 1377 	jr	NZ,00162$
   0841 3Ar87r00      [13] 1378 	ld	a,(#_g_aliveenemies + 0)
   0844 B7            [ 4] 1379 	or	a, a
   0845 20 3F         [12] 1380 	jr	NZ,00162$
   0847 3Ar8Cr00      [13] 1381 	ld	a,(#_g_gameover + 0)
   084A B7            [ 4] 1382 	or	a, a
   084B 20 39         [12] 1383 	jr	NZ,00162$
                           1384 ;src/game.c:245: if (g_currentwave < TOTAL_WAVES) {
   084D 3Ar86r00      [13] 1385 	ld	a,(#_g_currentwave + 0)
   0850 D6 03         [ 7] 1386 	sub	a, #0x03
   0852 30 20         [12] 1387 	jr	NC,00159$
                           1388 ;src/game.c:246: if (g_wavecooldown == 0) {
   0854 3Ar88r00      [13] 1389 	ld	a,(#_g_wavecooldown + 0)
   0857 B7            [ 4] 1390 	or	a, a
   0858 20 14         [12] 1391 	jr	NZ,00154$
                           1392 ;src/game.c:247: spawn_wave(g_currentwave);
   085A 3Ar86r00      [13] 1393 	ld	a, (_g_currentwave)
   085D F5            [11] 1394 	push	af
   085E 33            [ 6] 1395 	inc	sp
   085F CDrA6r00      [17] 1396 	call	_spawn_wave
   0862 33            [ 6] 1397 	inc	sp
                           1398 ;src/game.c:248: g_currentwave++;
   0863 21r86r00      [10] 1399 	ld	hl, #_g_currentwave+0
   0866 34            [11] 1400 	inc	(hl)
                           1401 ;src/game.c:249: g_wavecooldown = 90;
   0867 21r88r00      [10] 1402 	ld	hl,#_g_wavecooldown + 0
   086A 36 5A         [10] 1403 	ld	(hl), #0x5a
   086C 18 18         [12] 1404 	jr	00162$
   086E                    1405 00154$:
                           1406 ;src/game.c:251: g_wavecooldown--;
   086E 21r88r00      [10] 1407 	ld	hl, #_g_wavecooldown+0
   0871 35            [11] 1408 	dec	(hl)
   0872 18 12         [12] 1409 	jr	00162$
   0874                    1410 00159$:
                           1411 ;src/game.c:253: } else if (g_player.x >= (u8)(tilemap_goal_x() - 2)) {
   0874 21r00r00      [10] 1412 	ld	hl, #_g_player + 0
   0877 4E            [ 7] 1413 	ld	c, (hl)
   0878 C5            [11] 1414 	push	bc
   0879 CDr00r00      [17] 1415 	call	_tilemap_goal_x
   087C C1            [10] 1416 	pop	bc
   087D 2D            [ 4] 1417 	dec	l
   087E 2D            [ 4] 1418 	dec	l
   087F 79            [ 4] 1419 	ld	a, c
   0880 95            [ 4] 1420 	sub	a, l
   0881 38 03         [12] 1421 	jr	C,00162$
                           1422 ;src/game.c:254: spawn_boss();
   0883 CDrA6r01      [17] 1423 	call	_spawn_boss
   0886                    1424 00162$:
                           1425 ;src/game.c:258: g_framecounter++;
   0886 FD 21r8Dr00   [14] 1426 	ld	iy, #_g_framecounter
   088A FD 34 00      [23] 1427 	inc	0 (iy)
   088D 20 03         [12] 1428 	jr	NZ,00370$
   088F FD 34 01      [23] 1429 	inc	1 (iy)
   0892                    1430 00370$:
                           1431 ;src/game.c:259: if ((g_framecounter % 50) == 0 && g_timeleft > 0) {
   0892 21 32 00      [10] 1432 	ld	hl, #0x0032
   0895 E5            [11] 1433 	push	hl
   0896 2Ar8Dr00      [16] 1434 	ld	hl, (_g_framecounter)
   0899 E5            [11] 1435 	push	hl
   089A CDr00r00      [17] 1436 	call	__moduint
   089D F1            [10] 1437 	pop	af
   089E F1            [10] 1438 	pop	af
   089F 7C            [ 4] 1439 	ld	a, h
   08A0 B5            [ 4] 1440 	or	a,l
   08A1 20 0D         [12] 1441 	jr	NZ,00166$
   08A3 FD 21r84r00   [14] 1442 	ld	iy, #_g_timeleft
   08A7 FD 7E 00      [19] 1443 	ld	a, 0 (iy)
   08AA B7            [ 4] 1444 	or	a, a
   08AB 28 03         [12] 1445 	jr	Z,00166$
                           1446 ;src/game.c:260: g_timeleft--;
   08AD FD 35 00      [23] 1447 	dec	0 (iy)
   08B0                    1448 00166$:
                           1449 ;src/game.c:262: if (g_timeleft == 0 && !g_victory) {
   08B0 3Ar84r00      [13] 1450 	ld	a,(#_g_timeleft + 0)
   08B3 B7            [ 4] 1451 	or	a, a
   08B4 20 0B         [12] 1452 	jr	NZ,00169$
   08B6 3Ar8Br00      [13] 1453 	ld	a,(#_g_victory + 0)
   08B9 B7            [ 4] 1454 	or	a, a
   08BA 20 05         [12] 1455 	jr	NZ,00169$
                           1456 ;src/game.c:263: g_gameover = 1;
   08BC 21r8Cr00      [10] 1457 	ld	hl,#_g_gameover + 0
   08BF 36 01         [10] 1458 	ld	(hl), #0x01
   08C1                    1459 00169$:
                           1460 ;src/game.c:266: hudupdate(g_lives, g_score, g_timeleft, g_weapondisplay);
   08C1 3Ar85r00      [13] 1461 	ld	a, (_g_weapondisplay)
   08C4 F5            [11] 1462 	push	af
   08C5 33            [ 6] 1463 	inc	sp
   08C6 3Ar84r00      [13] 1464 	ld	a, (_g_timeleft)
   08C9 F5            [11] 1465 	push	af
   08CA 33            [ 6] 1466 	inc	sp
   08CB 2Ar82r00      [16] 1467 	ld	hl, (_g_score)
   08CE E5            [11] 1468 	push	hl
   08CF 3Ar81r00      [13] 1469 	ld	a, (_g_lives)
   08D2 F5            [11] 1470 	push	af
   08D3 33            [ 6] 1471 	inc	sp
   08D4 CDr00r00      [17] 1472 	call	_hudupdate
   08D7 F1            [10] 1473 	pop	af
   08D8 F1            [10] 1474 	pop	af
   08D9 33            [ 6] 1475 	inc	sp
   08DA                    1476 00178$:
   08DA DD F9         [10] 1477 	ld	sp, ix
   08DC DD E1         [14] 1478 	pop	ix
   08DE C9            [10] 1479 	ret
                           1480 ;src/game.c:269: void game_render(void) {
                           1481 ;	---------------------------------
                           1482 ; Function game_render
                           1483 ; ---------------------------------
   08DF                    1484 _game_render::
                           1485 ;src/game.c:272: cpct_clearScreen(0x00);
   08DF 21 00 40      [10] 1486 	ld	hl, #0x4000
   08E2 E5            [11] 1487 	push	hl
   08E3 AF            [ 4] 1488 	xor	a, a
   08E4 F5            [11] 1489 	push	af
   08E5 33            [ 6] 1490 	inc	sp
   08E6 26 C0         [ 7] 1491 	ld	h, #0xc0
   08E8 E5            [11] 1492 	push	hl
   08E9 CDr00r00      [17] 1493 	call	_cpct_memset
                           1494 ;src/game.c:273: tilemap_render();
   08EC CDr00r00      [17] 1495 	call	_tilemap_render
                           1496 ;src/game.c:275: for (i = 0; i < MAX_PROJECTILES; ++i) {
   08EF 0E 00         [ 7] 1497 	ld	c, #0x00
   08F1                    1498 00113$:
                           1499 ;src/game.c:276: projectilerender(&g_projectiles[i]);
   08F1 06 00         [ 7] 1500 	ld	b,#0x00
   08F3 69            [ 4] 1501 	ld	l, c
   08F4 60            [ 4] 1502 	ld	h, b
   08F5 29            [11] 1503 	add	hl, hl
   08F6 29            [11] 1504 	add	hl, hl
   08F7 09            [11] 1505 	add	hl, bc
   08F8 29            [11] 1506 	add	hl, hl
   08F9 11r45r00      [10] 1507 	ld	de, #_g_projectiles
   08FC 19            [11] 1508 	add	hl, de
   08FD C5            [11] 1509 	push	bc
   08FE E5            [11] 1510 	push	hl
   08FF CDr00r00      [17] 1511 	call	_projectilerender
   0902 F1            [10] 1512 	pop	af
   0903 C1            [10] 1513 	pop	bc
                           1514 ;src/game.c:275: for (i = 0; i < MAX_PROJECTILES; ++i) {
   0904 0C            [ 4] 1515 	inc	c
   0905 79            [ 4] 1516 	ld	a, c
   0906 D6 06         [ 7] 1517 	sub	a, #0x06
   0908 38 E7         [12] 1518 	jr	C,00113$
                           1519 ;src/game.c:279: for (i = 0; i < MAX_ENEMIES; ++i) {
   090A 0E 00         [ 7] 1520 	ld	c, #0x00
   090C                    1521 00115$:
                           1522 ;src/game.c:280: enemyrender(&g_enemies[i]);
   090C 06 00         [ 7] 1523 	ld	b,#0x00
   090E 69            [ 4] 1524 	ld	l, c
   090F 60            [ 4] 1525 	ld	h, b
   0910 29            [11] 1526 	add	hl, hl
   0911 29            [11] 1527 	add	hl, hl
   0912 09            [11] 1528 	add	hl, bc
   0913 29            [11] 1529 	add	hl, hl
   0914 11r09r00      [10] 1530 	ld	de, #_g_enemies
   0917 19            [11] 1531 	add	hl, de
   0918 C5            [11] 1532 	push	bc
   0919 E5            [11] 1533 	push	hl
   091A CDr00r00      [17] 1534 	call	_enemyrender
   091D F1            [10] 1535 	pop	af
   091E C1            [10] 1536 	pop	bc
                           1537 ;src/game.c:279: for (i = 0; i < MAX_ENEMIES; ++i) {
   091F 0C            [ 4] 1538 	inc	c
   0920 79            [ 4] 1539 	ld	a, c
   0921 D6 06         [ 7] 1540 	sub	a, #0x06
   0923 38 E7         [12] 1541 	jr	C,00115$
                           1542 ;src/game.c:283: if (g_bossactive) {
   0925 3Ar9Cr00      [13] 1543 	ld	a,(#_g_bossactive + 0)
   0928 B7            [ 4] 1544 	or	a, a
   0929 28 45         [12] 1545 	jr	Z,00104$
                           1546 ;src/game.c:284: enemyrender(&g_boss);
   092B 21r92r00      [10] 1547 	ld	hl, #_g_boss
   092E E5            [11] 1548 	push	hl
   092F CDr00r00      [17] 1549 	call	_enemyrender
                           1550 ;src/game.c:285: cpct_drawSolidBox(cpct_getScreenPtr(CPCT_VMEM_START, 24, 10), 0x44, 32, 2);
   0932 21 18 0A      [10] 1551 	ld	hl, #0x0a18
   0935 E3            [19] 1552 	ex	(sp),hl
   0936 21 00 C0      [10] 1553 	ld	hl, #0xc000
   0939 E5            [11] 1554 	push	hl
   093A CDr00r00      [17] 1555 	call	_cpct_getScreenPtr
   093D 01 20 02      [10] 1556 	ld	bc, #0x0220
   0940 C5            [11] 1557 	push	bc
   0941 3E 44         [ 7] 1558 	ld	a, #0x44
   0943 F5            [11] 1559 	push	af
   0944 33            [ 6] 1560 	inc	sp
   0945 E5            [11] 1561 	push	hl
   0946 CDr00r00      [17] 1562 	call	_cpct_drawSolidBox
   0949 F1            [10] 1563 	pop	af
   094A F1            [10] 1564 	pop	af
   094B 33            [ 6] 1565 	inc	sp
                           1566 ;src/game.c:286: cpct_drawSolidBox(cpct_getScreenPtr(CPCT_VMEM_START, 24, 10), 0x5C, (u8)(g_boss.health * 3), 2);
   094C 3Ar99r00      [13] 1567 	ld	a, (#_g_boss + 7)
   094F 4F            [ 4] 1568 	ld	c, a
   0950 87            [ 4] 1569 	add	a, a
   0951 81            [ 4] 1570 	add	a, c
   0952 57            [ 4] 1571 	ld	d, a
   0953 D5            [11] 1572 	push	de
   0954 21 18 0A      [10] 1573 	ld	hl, #0x0a18
   0957 E5            [11] 1574 	push	hl
   0958 21 00 C0      [10] 1575 	ld	hl, #0xc000
   095B E5            [11] 1576 	push	hl
   095C CDr00r00      [17] 1577 	call	_cpct_getScreenPtr
   095F 4D            [ 4] 1578 	ld	c, l
   0960 44            [ 4] 1579 	ld	b, h
   0961 D1            [10] 1580 	pop	de
   0962 3E 02         [ 7] 1581 	ld	a, #0x02
   0964 F5            [11] 1582 	push	af
   0965 33            [ 6] 1583 	inc	sp
   0966 1E 5C         [ 7] 1584 	ld	e, #0x5c
   0968 D5            [11] 1585 	push	de
   0969 C5            [11] 1586 	push	bc
   096A CDr00r00      [17] 1587 	call	_cpct_drawSolidBox
   096D F1            [10] 1588 	pop	af
   096E F1            [10] 1589 	pop	af
   096F 33            [ 6] 1590 	inc	sp
   0970                    1591 00104$:
                           1592 ;src/game.c:289: playerrender(&g_player);
   0970 21r00r00      [10] 1593 	ld	hl, #_g_player
   0973 E5            [11] 1594 	push	hl
   0974 CDr00r00      [17] 1595 	call	_playerrender
   0977 F1            [10] 1596 	pop	af
                           1597 ;src/game.c:290: hudrender();
   0978 CDr00r00      [17] 1598 	call	_hudrender
                           1599 ;src/game.c:292: if (g_victory) {
   097B 3Ar8Br00      [13] 1600 	ld	a,(#_g_victory + 0)
   097E B7            [ 4] 1601 	or	a, a
   097F 28 34         [12] 1602 	jr	Z,00111$
                           1603 ;src/game.c:293: cpct_drawSolidBox(cpct_getScreenPtr(CPCT_VMEM_START, 24, 68), 0x5A, 32, 12);
   0981 21 18 44      [10] 1604 	ld	hl, #0x4418
   0984 E5            [11] 1605 	push	hl
   0985 21 00 C0      [10] 1606 	ld	hl, #0xc000
   0988 E5            [11] 1607 	push	hl
   0989 CDr00r00      [17] 1608 	call	_cpct_getScreenPtr
   098C 01 20 0C      [10] 1609 	ld	bc, #0x0c20
   098F C5            [11] 1610 	push	bc
   0990 3E 5A         [ 7] 1611 	ld	a, #0x5a
   0992 F5            [11] 1612 	push	af
   0993 33            [ 6] 1613 	inc	sp
   0994 E5            [11] 1614 	push	hl
   0995 CDr00r00      [17] 1615 	call	_cpct_drawSolidBox
   0998 F1            [10] 1616 	pop	af
                           1617 ;src/game.c:294: cpct_drawSolidBox(cpct_getScreenPtr(CPCT_VMEM_START, 28, 72), 0x5C, 24, 8);
   0999 33            [ 6] 1618 	inc	sp
   099A 21 1C 48      [10] 1619 	ld	hl,#0x481c
   099D E3            [19] 1620 	ex	(sp),hl
   099E 21 00 C0      [10] 1621 	ld	hl, #0xc000
   09A1 E5            [11] 1622 	push	hl
   09A2 CDr00r00      [17] 1623 	call	_cpct_getScreenPtr
   09A5 01 18 08      [10] 1624 	ld	bc, #0x0818
   09A8 C5            [11] 1625 	push	bc
   09A9 3E 5C         [ 7] 1626 	ld	a, #0x5c
   09AB F5            [11] 1627 	push	af
   09AC 33            [ 6] 1628 	inc	sp
   09AD E5            [11] 1629 	push	hl
   09AE CDr00r00      [17] 1630 	call	_cpct_drawSolidBox
   09B1 F1            [10] 1631 	pop	af
   09B2 F1            [10] 1632 	pop	af
   09B3 33            [ 6] 1633 	inc	sp
   09B4 C9            [10] 1634 	ret
   09B5                    1635 00111$:
                           1636 ;src/game.c:295: } else if (g_gameover) {
   09B5 3Ar8Cr00      [13] 1637 	ld	a,(#_g_gameover + 0)
   09B8 B7            [ 4] 1638 	or	a, a
   09B9 28 34         [12] 1639 	jr	Z,00108$
                           1640 ;src/game.c:296: cpct_drawSolidBox(cpct_getScreenPtr(CPCT_VMEM_START, 24, 68), 0x44, 32, 12);
   09BB 21 18 44      [10] 1641 	ld	hl, #0x4418
   09BE E5            [11] 1642 	push	hl
   09BF 21 00 C0      [10] 1643 	ld	hl, #0xc000
   09C2 E5            [11] 1644 	push	hl
   09C3 CDr00r00      [17] 1645 	call	_cpct_getScreenPtr
   09C6 01 20 0C      [10] 1646 	ld	bc, #0x0c20
   09C9 C5            [11] 1647 	push	bc
   09CA 3E 44         [ 7] 1648 	ld	a, #0x44
   09CC F5            [11] 1649 	push	af
   09CD 33            [ 6] 1650 	inc	sp
   09CE E5            [11] 1651 	push	hl
   09CF CDr00r00      [17] 1652 	call	_cpct_drawSolidBox
   09D2 F1            [10] 1653 	pop	af
                           1654 ;src/game.c:297: cpct_drawSolidBox(cpct_getScreenPtr(CPCT_VMEM_START, 28, 72), 0x4C, 24, 8);
   09D3 33            [ 6] 1655 	inc	sp
   09D4 21 1C 48      [10] 1656 	ld	hl,#0x481c
   09D7 E3            [19] 1657 	ex	(sp),hl
   09D8 21 00 C0      [10] 1658 	ld	hl, #0xc000
   09DB E5            [11] 1659 	push	hl
   09DC CDr00r00      [17] 1660 	call	_cpct_getScreenPtr
   09DF 01 18 08      [10] 1661 	ld	bc, #0x0818
   09E2 C5            [11] 1662 	push	bc
   09E3 3E 4C         [ 7] 1663 	ld	a, #0x4c
   09E5 F5            [11] 1664 	push	af
   09E6 33            [ 6] 1665 	inc	sp
   09E7 E5            [11] 1666 	push	hl
   09E8 CDr00r00      [17] 1667 	call	_cpct_drawSolidBox
   09EB F1            [10] 1668 	pop	af
   09EC F1            [10] 1669 	pop	af
   09ED 33            [ 6] 1670 	inc	sp
   09EE C9            [10] 1671 	ret
   09EF                    1672 00108$:
                           1673 ;src/game.c:298: } else if (g_checkpointactive) {
   09EF 3Ar91r00      [13] 1674 	ld	a,(#_g_checkpointactive + 0)
   09F2 B7            [ 4] 1675 	or	a, a
   09F3 C8            [11] 1676 	ret	Z
                           1677 ;src/game.c:299: cpct_drawSolidBox(cpct_getScreenPtr(CPCT_VMEM_START, g_checkpointx, (u8)(g_checkpointy - 8)), 0x3A, 2, 8);
   09F4 3Ar90r00      [13] 1678 	ld	a,(#_g_checkpointy + 0)
   09F7 C6 F8         [ 7] 1679 	add	a, #0xf8
   09F9 47            [ 4] 1680 	ld	b, a
   09FA C5            [11] 1681 	push	bc
   09FB 33            [ 6] 1682 	inc	sp
   09FC 3Ar8Fr00      [13] 1683 	ld	a, (_g_checkpointx)
   09FF F5            [11] 1684 	push	af
   0A00 33            [ 6] 1685 	inc	sp
   0A01 21 00 C0      [10] 1686 	ld	hl, #0xc000
   0A04 E5            [11] 1687 	push	hl
   0A05 CDr00r00      [17] 1688 	call	_cpct_getScreenPtr
   0A08 01 02 08      [10] 1689 	ld	bc, #0x0802
   0A0B C5            [11] 1690 	push	bc
   0A0C 3E 3A         [ 7] 1691 	ld	a, #0x3a
   0A0E F5            [11] 1692 	push	af
   0A0F 33            [ 6] 1693 	inc	sp
   0A10 E5            [11] 1694 	push	hl
   0A11 CDr00r00      [17] 1695 	call	_cpct_drawSolidBox
   0A14 F1            [10] 1696 	pop	af
   0A15 F1            [10] 1697 	pop	af
   0A16 33            [ 6] 1698 	inc	sp
   0A17 C9            [10] 1699 	ret
                           1700 	.area _CODE
                           1701 	.area _INITIALIZER
                           1702 	.area _CABS (ABS)
