                              1 ;--------------------------------------------------------
                              2 ; File Created by SDCC : free open source ANSI-C Compiler
                              3 ; Version 3.6.8 #9946 (Mac OS X ppc)
                              4 ;--------------------------------------------------------
                              5 	.module game
                              6 	.optsdcc -mz80
                              7 	
                              8 ;--------------------------------------------------------
                              9 ; Public variables in this module
                             10 ;--------------------------------------------------------
                             11 	.globl _hudrender
                             12 	.globl _hudupdate
                             13 	.globl _hudinit
                             14 	.globl _projectilerender
                             15 	.globl _projectileupdate
                             16 	.globl _projectilefire
                             17 	.globl _projectileinit
                             18 	.globl _enemydamage
                             19 	.globl _enemyrender
                             20 	.globl _enemyupdate
                             21 	.globl _enemyspawn
                             22 	.globl _enemyinit
                             23 	.globl _playerrender
                             24 	.globl _playerupdate
                             25 	.globl _playerinit
                             26 	.globl _collision_is_on_trap
                             27 	.globl _collision_init
                             28 	.globl _input_is_shoot_just_pressed
                             29 	.globl _input_update
                             30 	.globl _tilemap_goal_x
                             31 	.globl _tilemap_is_hidden_zone
                             32 	.globl _tilemap_render
                             33 	.globl _tilemap_init
                             34 	.globl _cpct_getScreenPtr
                             35 	.globl _cpct_setVideoMode
                             36 	.globl _cpct_drawSolidBox
                             37 	.globl _cpct_memset
                             38 	.globl _cpct_disableFirmware
                             39 	.globl _game_init
                             40 	.globl _game_update
                             41 	.globl _game_render
                             42 ;--------------------------------------------------------
                             43 ; special function registers
                             44 ;--------------------------------------------------------
                             45 ;--------------------------------------------------------
                             46 ; ram data
                             47 ;--------------------------------------------------------
                             48 	.area _DATA
   0000                      49 _g_player:
   0000                      50 	.ds 10
   000A                      51 _g_enemies:
   000A                      52 	.ds 60
   0046                      53 _g_projectiles:
   0046                      54 	.ds 60
   0082                      55 _g_lives:
   0082                      56 	.ds 1
   0083                      57 _g_score:
   0083                      58 	.ds 2
   0085                      59 _g_timeleft:
   0085                      60 	.ds 1
   0086                      61 _g_weaponlevel:
   0086                      62 	.ds 1
   0087                      63 _g_weapondisplay:
   0087                      64 	.ds 1
   0088                      65 _g_currentwave:
   0088                      66 	.ds 1
   0089                      67 _g_aliveenemies:
   0089                      68 	.ds 1
   008A                      69 _g_wavecooldown:
   008A                      70 	.ds 1
   008B                      71 _g_damagecooldown:
   008B                      72 	.ds 1
   008C                      73 _g_shootcooldown:
   008C                      74 	.ds 1
   008D                      75 _g_victory:
   008D                      76 	.ds 1
   008E                      77 _g_gameover:
   008E                      78 	.ds 1
   008F                      79 _g_framecounter:
   008F                      80 	.ds 2
   0091                      81 _g_checkpointx:
   0091                      82 	.ds 1
   0092                      83 _g_checkpointy:
   0092                      84 	.ds 1
   0093                      85 _g_checkpointactive:
   0093                      86 	.ds 1
   0094                      87 _g_hiddenrewardtaken:
   0094                      88 	.ds 1
   0095                      89 _g_boss:
   0095                      90 	.ds 10
   009F                      91 _g_bossactive:
   009F                      92 	.ds 1
   00A0                      93 _g_bossphase:
   00A0                      94 	.ds 1
                             95 ;--------------------------------------------------------
                             96 ; ram data
                             97 ;--------------------------------------------------------
                             98 	.area _INITIALIZED
                             99 ;--------------------------------------------------------
                            100 ; absolute external ram data
                            101 ;--------------------------------------------------------
                            102 	.area _DABS (ABS)
                            103 ;--------------------------------------------------------
                            104 ; global & static initialisations
                            105 ;--------------------------------------------------------
                            106 	.area _HOME
                            107 	.area _GSINIT
                            108 	.area _GSFINAL
                            109 	.area _GSINIT
                            110 ;--------------------------------------------------------
                            111 ; Home
                            112 ;--------------------------------------------------------
                            113 	.area _HOME
                            114 	.area _HOME
                            115 ;--------------------------------------------------------
                            116 ; code
                            117 ;--------------------------------------------------------
                            118 	.area _CODE
                            119 ;src/game.c:40: static void reset_player_to_checkpoint(void) {
                            120 ;	---------------------------------
                            121 ; Function reset_player_to_checkpoint
                            122 ; ---------------------------------
   0000                     123 _reset_player_to_checkpoint:
                            124 ;src/game.c:41: g_player.x = g_checkpointx;
   0000 21r00r00      [10]  125 	ld	hl, #_g_player
   0003 3Ar91r00      [13]  126 	ld	a,(#_g_checkpointx + 0)
   0006 77            [ 7]  127 	ld	(hl), a
                            128 ;src/game.c:42: g_player.y = g_checkpointy;
   0007 21r01r00      [10]  129 	ld	hl, #(_g_player + 0x0001)
   000A 3Ar92r00      [13]  130 	ld	a,(#_g_checkpointy + 0)
   000D 77            [ 7]  131 	ld	(hl), a
                            132 ;src/game.c:43: g_player.vx = 0;
   000E 21r02r00      [10]  133 	ld	hl, #(_g_player + 0x0002)
   0011 36 00         [10]  134 	ld	(hl), #0x00
                            135 ;src/game.c:44: g_player.vy = 0;
   0013 21r03r00      [10]  136 	ld	hl, #(_g_player + 0x0003)
   0016 36 00         [10]  137 	ld	(hl), #0x00
   0018 C9            [10]  138 	ret
                            139 ;src/game.c:47: static u8 rect_overlap(i16 ax, i16 ay, u8 aw, u8 ah, i16 bx, i16 by, u8 bw, u8 bh) {
                            140 ;	---------------------------------
                            141 ; Function rect_overlap
                            142 ; ---------------------------------
   0019                     143 _rect_overlap:
   0019 DD E5         [15]  144 	push	ix
   001B DD 21 00 00   [14]  145 	ld	ix,#0
   001F DD 39         [15]  146 	add	ix,sp
                            147 ;src/game.c:48: if (ax + aw <= bx) return 0;
   0021 DD 4E 08      [19]  148 	ld	c, 8 (ix)
   0024 06 00         [ 7]  149 	ld	b, #0x00
   0026 DD 6E 04      [19]  150 	ld	l,4 (ix)
   0029 DD 66 05      [19]  151 	ld	h,5 (ix)
   002C 09            [11]  152 	add	hl, bc
   002D DD 7E 0A      [19]  153 	ld	a, 10 (ix)
   0030 95            [ 4]  154 	sub	a, l
   0031 DD 7E 0B      [19]  155 	ld	a, 11 (ix)
   0034 9C            [ 4]  156 	sbc	a, h
   0035 E2r3Ar00      [10]  157 	jp	PO, 00127$
   0038 EE 80         [ 7]  158 	xor	a, #0x80
   003A                     159 00127$:
   003A FAr41r00      [10]  160 	jp	M, 00102$
   003D 2E 00         [ 7]  161 	ld	l, #0x00
   003F 18 62         [12]  162 	jr	00109$
   0041                     163 00102$:
                            164 ;src/game.c:49: if (bx + bw <= ax) return 0;
   0041 DD 4E 0E      [19]  165 	ld	c, 14 (ix)
   0044 06 00         [ 7]  166 	ld	b, #0x00
   0046 DD 6E 0A      [19]  167 	ld	l,10 (ix)
   0049 DD 66 0B      [19]  168 	ld	h,11 (ix)
   004C 09            [11]  169 	add	hl, bc
   004D DD 7E 04      [19]  170 	ld	a, 4 (ix)
   0050 95            [ 4]  171 	sub	a, l
   0051 DD 7E 05      [19]  172 	ld	a, 5 (ix)
   0054 9C            [ 4]  173 	sbc	a, h
   0055 E2r5Ar00      [10]  174 	jp	PO, 00128$
   0058 EE 80         [ 7]  175 	xor	a, #0x80
   005A                     176 00128$:
   005A FAr61r00      [10]  177 	jp	M, 00104$
   005D 2E 00         [ 7]  178 	ld	l, #0x00
   005F 18 42         [12]  179 	jr	00109$
   0061                     180 00104$:
                            181 ;src/game.c:50: if (ay + ah <= by) return 0;
   0061 DD 4E 09      [19]  182 	ld	c, 9 (ix)
   0064 06 00         [ 7]  183 	ld	b, #0x00
   0066 DD 6E 06      [19]  184 	ld	l,6 (ix)
   0069 DD 66 07      [19]  185 	ld	h,7 (ix)
   006C 09            [11]  186 	add	hl, bc
   006D DD 7E 0C      [19]  187 	ld	a, 12 (ix)
   0070 95            [ 4]  188 	sub	a, l
   0071 DD 7E 0D      [19]  189 	ld	a, 13 (ix)
   0074 9C            [ 4]  190 	sbc	a, h
   0075 E2r7Ar00      [10]  191 	jp	PO, 00129$
   0078 EE 80         [ 7]  192 	xor	a, #0x80
   007A                     193 00129$:
   007A FAr81r00      [10]  194 	jp	M, 00106$
   007D 2E 00         [ 7]  195 	ld	l, #0x00
   007F 18 22         [12]  196 	jr	00109$
   0081                     197 00106$:
                            198 ;src/game.c:51: if (by + bh <= ay) return 0;
   0081 DD 4E 0F      [19]  199 	ld	c, 15 (ix)
   0084 06 00         [ 7]  200 	ld	b, #0x00
   0086 DD 6E 0C      [19]  201 	ld	l,12 (ix)
   0089 DD 66 0D      [19]  202 	ld	h,13 (ix)
   008C 09            [11]  203 	add	hl, bc
   008D DD 7E 06      [19]  204 	ld	a, 6 (ix)
   0090 95            [ 4]  205 	sub	a, l
   0091 DD 7E 07      [19]  206 	ld	a, 7 (ix)
   0094 9C            [ 4]  207 	sbc	a, h
   0095 E2r9Ar00      [10]  208 	jp	PO, 00130$
   0098 EE 80         [ 7]  209 	xor	a, #0x80
   009A                     210 00130$:
   009A FArA1r00      [10]  211 	jp	M, 00108$
   009D 2E 00         [ 7]  212 	ld	l, #0x00
   009F 18 02         [12]  213 	jr	00109$
   00A1                     214 00108$:
                            215 ;src/game.c:52: return 1;
   00A1 2E 01         [ 7]  216 	ld	l, #0x01
   00A3                     217 00109$:
   00A3 DD E1         [14]  218 	pop	ix
   00A5 C9            [10]  219 	ret
                            220 ;src/game.c:55: static void spawn_wave(u8 wave) {
                            221 ;	---------------------------------
                            222 ; Function spawn_wave
                            223 ; ---------------------------------
   00A6                     224 _spawn_wave:
   00A6 DD E5         [15]  225 	push	ix
   00A8 DD 21 00 00   [14]  226 	ld	ix,#0
   00AC DD 39         [15]  227 	add	ix,sp
   00AE F5            [11]  228 	push	af
   00AF F5            [11]  229 	push	af
                            230 ;src/game.c:59: for (i = 0; i < MAX_ENEMIES; ++i) {
   00B0 01r0Ar00      [10]  231 	ld	bc, #_g_enemies+0
   00B3 1E 00         [ 7]  232 	ld	e, #0x00
   00B5                     233 00117$:
                            234 ;src/game.c:60: enemyinit(&g_enemies[i]);
   00B5 D5            [11]  235 	push	de
   00B6 16 00         [ 7]  236 	ld	d,#0x00
   00B8 6B            [ 4]  237 	ld	l, e
   00B9 62            [ 4]  238 	ld	h, d
   00BA 29            [11]  239 	add	hl, hl
   00BB 29            [11]  240 	add	hl, hl
   00BC 19            [11]  241 	add	hl, de
   00BD 29            [11]  242 	add	hl, hl
   00BE D1            [10]  243 	pop	de
   00BF 09            [11]  244 	add	hl, bc
   00C0 C5            [11]  245 	push	bc
   00C1 D5            [11]  246 	push	de
   00C2 E5            [11]  247 	push	hl
   00C3 CDr00r00      [17]  248 	call	_enemyinit
   00C6 F1            [10]  249 	pop	af
   00C7 D1            [10]  250 	pop	de
   00C8 C1            [10]  251 	pop	bc
                            252 ;src/game.c:59: for (i = 0; i < MAX_ENEMIES; ++i) {
   00C9 1C            [ 4]  253 	inc	e
   00CA 7B            [ 4]  254 	ld	a, e
   00CB D6 06         [ 7]  255 	sub	a, #0x06
   00CD 38 E6         [12]  256 	jr	C,00117$
                            257 ;src/game.c:64: else if (wave == 1) count = 3;
   00CF DD 7E 04      [19]  258 	ld	a, 4 (ix)
   00D2 3D            [ 4]  259 	dec	a
   00D3 20 04         [12]  260 	jr	NZ,00174$
   00D5 3E 01         [ 7]  261 	ld	a,#0x01
   00D7 18 01         [12]  262 	jr	00175$
   00D9                     263 00174$:
   00D9 AF            [ 4]  264 	xor	a,a
   00DA                     265 00175$:
   00DA 5F            [ 4]  266 	ld	e, a
                            267 ;src/game.c:63: if (wave == 0) count = 2;
   00DB DD 7E 04      [19]  268 	ld	a, 4 (ix)
   00DE B7            [ 4]  269 	or	a, a
   00DF 20 06         [12]  270 	jr	NZ,00106$
   00E1 DD 36 FC 02   [19]  271 	ld	-4 (ix), #0x02
   00E5 18 0E         [12]  272 	jr	00107$
   00E7                     273 00106$:
                            274 ;src/game.c:64: else if (wave == 1) count = 3;
   00E7 7B            [ 4]  275 	ld	a, e
   00E8 B7            [ 4]  276 	or	a, a
   00E9 28 06         [12]  277 	jr	Z,00103$
   00EB DD 36 FC 03   [19]  278 	ld	-4 (ix), #0x03
   00EF 18 04         [12]  279 	jr	00107$
   00F1                     280 00103$:
                            281 ;src/game.c:65: else count = 4;
   00F1 DD 36 FC 04   [19]  282 	ld	-4 (ix), #0x04
   00F5                     283 00107$:
                            284 ;src/game.c:67: if (count > MAX_ENEMIES) count = MAX_ENEMIES;
   00F5 3E 06         [ 7]  285 	ld	a, #0x06
   00F7 DD 96 FC      [19]  286 	sub	a, -4 (ix)
   00FA 30 04         [12]  287 	jr	NC,00138$
   00FC DD 36 FC 06   [19]  288 	ld	-4 (ix), #0x06
                            289 ;src/game.c:69: for (i = 0; i < count; ++i) {
   0100                     290 00138$:
   0100 DD 73 FF      [19]  291 	ld	-1 (ix), e
   0103 1E 00         [ 7]  292 	ld	e, #0x00
   0105                     293 00120$:
   0105 7B            [ 4]  294 	ld	a, e
   0106 DD 96 FC      [19]  295 	sub	a, -4 (ix)
   0109 30 65         [12]  296 	jr	NC,00116$
                            297 ;src/game.c:72: else if (wave == 1) type = (u8)(i & 1);
   010B 7B            [ 4]  298 	ld	a, e
   010C E6 01         [ 7]  299 	and	a, #0x01
   010E 6F            [ 4]  300 	ld	l, a
                            301 ;src/game.c:71: if (wave == 0) type = 0;
   010F DD 7E 04      [19]  302 	ld	a, 4 (ix)
   0112 B7            [ 4]  303 	or	a,a
   0113 20 03         [12]  304 	jr	NZ,00114$
   0115 57            [ 4]  305 	ld	d,a
   0116 18 12         [12]  306 	jr	00115$
   0118                     307 00114$:
                            308 ;src/game.c:72: else if (wave == 1) type = (u8)(i & 1);
   0118 DD 7E FF      [19]  309 	ld	a, -1 (ix)
   011B B7            [ 4]  310 	or	a, a
   011C 28 03         [12]  311 	jr	Z,00111$
   011E 55            [ 4]  312 	ld	d, l
   011F 18 09         [12]  313 	jr	00115$
   0121                     314 00111$:
                            315 ;src/game.c:73: else type = (u8)((i == 0) ? 2 : (i & 1));
   0121 7B            [ 4]  316 	ld	a, e
   0122 B7            [ 4]  317 	or	a, a
   0123 20 04         [12]  318 	jr	NZ,00124$
   0125 16 02         [ 7]  319 	ld	d, #0x02
   0127 18 01         [12]  320 	jr	00125$
   0129                     321 00124$:
   0129 55            [ 4]  322 	ld	d, l
   012A                     323 00125$:
   012A                     324 00115$:
                            325 ;src/game.c:74: enemyspawn(&g_enemies[i], (u8)(48 + (i * 10)), 112, type, (u8)((i & 1) ? 1 : 0));
   012A 7D            [ 4]  326 	ld	a, l
   012B B7            [ 4]  327 	or	a, a
   012C 28 06         [12]  328 	jr	Z,00126$
   012E DD 36 FE 01   [19]  329 	ld	-2 (ix), #0x01
   0132 18 04         [12]  330 	jr	00127$
   0134                     331 00126$:
   0134 DD 36 FE 00   [19]  332 	ld	-2 (ix), #0x00
   0138                     333 00127$:
   0138 D5            [11]  334 	push	de
   0139 7B            [ 4]  335 	ld	a, e
   013A 87            [ 4]  336 	add	a, a
   013B 87            [ 4]  337 	add	a, a
   013C 83            [ 4]  338 	add	a, e
   013D 87            [ 4]  339 	add	a, a
   013E D1            [10]  340 	pop	de
   013F C6 30         [ 7]  341 	add	a, #0x30
   0141 DD 77 FD      [19]  342 	ld	-3 (ix), a
   0144 D5            [11]  343 	push	de
   0145 16 00         [ 7]  344 	ld	d,#0x00
   0147 6B            [ 4]  345 	ld	l, e
   0148 62            [ 4]  346 	ld	h, d
   0149 29            [11]  347 	add	hl, hl
   014A 29            [11]  348 	add	hl, hl
   014B 19            [11]  349 	add	hl, de
   014C 29            [11]  350 	add	hl, hl
   014D D1            [10]  351 	pop	de
   014E 09            [11]  352 	add	hl, bc
   014F E5            [11]  353 	push	hl
   0150 FD E1         [14]  354 	pop	iy
   0152 C5            [11]  355 	push	bc
   0153 D5            [11]  356 	push	de
   0154 DD 7E FE      [19]  357 	ld	a, -2 (ix)
   0157 F5            [11]  358 	push	af
   0158 33            [ 6]  359 	inc	sp
   0159 1E 70         [ 7]  360 	ld	e, #0x70
   015B D5            [11]  361 	push	de
   015C DD 7E FD      [19]  362 	ld	a, -3 (ix)
   015F F5            [11]  363 	push	af
   0160 33            [ 6]  364 	inc	sp
   0161 FD E5         [15]  365 	push	iy
   0163 CDr00r00      [17]  366 	call	_enemyspawn
   0166 21 06 00      [10]  367 	ld	hl, #6
   0169 39            [11]  368 	add	hl, sp
   016A F9            [ 6]  369 	ld	sp, hl
   016B D1            [10]  370 	pop	de
   016C C1            [10]  371 	pop	bc
                            372 ;src/game.c:69: for (i = 0; i < count; ++i) {
   016D 1C            [ 4]  373 	inc	e
   016E 18 95         [12]  374 	jr	00120$
   0170                     375 00116$:
                            376 ;src/game.c:77: g_aliveenemies = count;
   0170 DD 7E FC      [19]  377 	ld	a, -4 (ix)
   0173 32r89r00      [13]  378 	ld	(#_g_aliveenemies + 0),a
   0176 DD F9         [10]  379 	ld	sp, ix
   0178 DD E1         [14]  380 	pop	ix
   017A C9            [10]  381 	ret
                            382 ;src/game.c:80: static void spawn_boss(void) {
                            383 ;	---------------------------------
                            384 ; Function spawn_boss
                            385 ; ---------------------------------
   017B                     386 _spawn_boss:
                            387 ;src/game.c:81: enemyinit(&g_boss);
   017B 21r95r00      [10]  388 	ld	hl, #_g_boss
   017E E5            [11]  389 	push	hl
   017F CDr00r00      [17]  390 	call	_enemyinit
                            391 ;src/game.c:82: enemyspawn(&g_boss, 64, 88, 1, 0);
   0182 21 01 00      [10]  392 	ld	hl, #0x0001
   0185 E3            [19]  393 	ex	(sp),hl
   0186 21 40 58      [10]  394 	ld	hl, #0x5840
   0189 E5            [11]  395 	push	hl
   018A 21r95r00      [10]  396 	ld	hl, #_g_boss
   018D E5            [11]  397 	push	hl
   018E CDr00r00      [17]  398 	call	_enemyspawn
   0191 21 06 00      [10]  399 	ld	hl, #6
   0194 39            [11]  400 	add	hl, sp
   0195 F9            [ 6]  401 	ld	sp, hl
                            402 ;src/game.c:83: g_boss.w = 8;
   0196 21r99r00      [10]  403 	ld	hl, #(_g_boss + 0x0004)
   0199 36 08         [10]  404 	ld	(hl), #0x08
                            405 ;src/game.c:84: g_boss.h = 20;
   019B 21r9Ar00      [10]  406 	ld	hl, #(_g_boss + 0x0005)
   019E 36 14         [10]  407 	ld	(hl), #0x14
                            408 ;src/game.c:85: g_boss.health = 8;
   01A0 21r9Cr00      [10]  409 	ld	hl, #(_g_boss + 0x0007)
   01A3 36 08         [10]  410 	ld	(hl), #0x08
                            411 ;src/game.c:86: g_boss.reward = 1200;
   01A5 21r9Dr00      [10]  412 	ld	hl, #(_g_boss + 0x0008)
   01A8 36 B0         [10]  413 	ld	(hl), #0xb0
                            414 ;src/game.c:87: g_boss.kind = 3;
   01AA 21r9Er00      [10]  415 	ld	hl, #(_g_boss + 0x0009)
   01AD 36 03         [10]  416 	ld	(hl), #0x03
                            417 ;src/game.c:88: g_bossactive = 1;
   01AF 21r9Fr00      [10]  418 	ld	hl,#_g_bossactive + 0
   01B2 36 01         [10]  419 	ld	(hl), #0x01
                            420 ;src/game.c:89: g_bossphase = 0;
   01B4 21rA0r00      [10]  421 	ld	hl,#_g_bossphase + 0
   01B7 36 00         [10]  422 	ld	(hl), #0x00
   01B9 C9            [10]  423 	ret
                            424 ;src/game.c:92: static void try_fire_projectile(void) {
                            425 ;	---------------------------------
                            426 ; Function try_fire_projectile
                            427 ; ---------------------------------
   01BA                     428 _try_fire_projectile:
   01BA DD E5         [15]  429 	push	ix
   01BC DD 21 00 00   [14]  430 	ld	ix,#0
   01C0 DD 39         [15]  431 	add	ix,sp
   01C2 21 FA FF      [10]  432 	ld	hl, #-6
   01C5 39            [11]  433 	add	hl, sp
   01C6 F9            [ 6]  434 	ld	sp, hl
                            435 ;src/game.c:96: if (!input_is_shoot_just_pressed()) return;
   01C7 CDr00r00      [17]  436 	call	_input_is_shoot_just_pressed
   01CA DD 75 FF      [19]  437 	ld	-1 (ix), l
   01CD 7D            [ 4]  438 	ld	a, l
   01CE B7            [ 4]  439 	or	a, a
   01CF CAr50r02      [10]  440 	jp	Z,00110$
                            441 ;src/game.c:97: if (g_shootcooldown) return;
   01D2 3Ar8Cr00      [13]  442 	ld	a,(#_g_shootcooldown + 0)
   01D5 B7            [ 4]  443 	or	a, a
   01D6 20 78         [12]  444 	jr	NZ,00110$
                            445 ;src/game.c:99: dir = g_player.facing_left ? -3 : 3;
   01D8 3Ar07r00      [13]  446 	ld	a, (#_g_player + 7)
   01DB B7            [ 4]  447 	or	a, a
   01DC 28 04         [12]  448 	jr	Z,00112$
   01DE 0E FD         [ 7]  449 	ld	c, #0xfd
   01E0 18 02         [12]  450 	jr	00113$
   01E2                     451 00112$:
   01E2 0E 03         [ 7]  452 	ld	c, #0x03
   01E4                     453 00113$:
   01E4 DD 71 FA      [19]  454 	ld	-6 (ix), c
                            455 ;src/game.c:101: for (i = 0; i < MAX_PROJECTILES; ++i) {
   01E7 DD 36 FB 00   [19]  456 	ld	-5 (ix), #0x00
   01EB                     457 00108$:
                            458 ;src/game.c:102: if (!g_projectiles[i].active) {
   01EB DD 4E FB      [19]  459 	ld	c,-5 (ix)
   01EE 06 00         [ 7]  460 	ld	b,#0x00
   01F0 69            [ 4]  461 	ld	l, c
   01F1 60            [ 4]  462 	ld	h, b
   01F2 29            [11]  463 	add	hl, hl
   01F3 29            [11]  464 	add	hl, hl
   01F4 09            [11]  465 	add	hl, bc
   01F5 29            [11]  466 	add	hl, hl
   01F6 01r46r00      [10]  467 	ld	bc,#_g_projectiles
   01F9 09            [11]  468 	add	hl,bc
   01FA DD 75 FD      [19]  469 	ld	-3 (ix), l
   01FD DD 74 FE      [19]  470 	ld	-2 (ix), h
   0200 11 06 00      [10]  471 	ld	de, #0x0006
   0203 19            [11]  472 	add	hl, de
   0204 7E            [ 7]  473 	ld	a, (hl)
   0205 B7            [ 4]  474 	or	a, a
   0206 20 3E         [12]  475 	jr	NZ,00109$
                            476 ;src/game.c:103: projectilefire(&g_projectiles[i], (u8)(g_player.x + 2), (u8)(g_player.y + 6), dir, g_weaponlevel);
   0208 3Ar01r00      [13]  477 	ld	a,(#_g_player + 1)
   020B DD 77 FF      [19]  478 	ld	-1 (ix), a
   020E C6 06         [ 7]  479 	add	a, #0x06
   0210 DD 77 FF      [19]  480 	ld	-1 (ix), a
   0213 3Ar00r00      [13]  481 	ld	a,(#_g_player + 0)
   0216 DD 77 FC      [19]  482 	ld	-4 (ix), a
   0219 DD 34 FC      [23]  483 	inc	-4 (ix)
   021C DD 34 FC      [23]  484 	inc	-4 (ix)
   021F 3Ar86r00      [13]  485 	ld	a, (_g_weaponlevel)
   0222 F5            [11]  486 	push	af
   0223 33            [ 6]  487 	inc	sp
   0224 DD 66 FA      [19]  488 	ld	h, -6 (ix)
   0227 DD 6E FF      [19]  489 	ld	l, -1 (ix)
   022A E5            [11]  490 	push	hl
   022B DD 7E FC      [19]  491 	ld	a, -4 (ix)
   022E F5            [11]  492 	push	af
   022F 33            [ 6]  493 	inc	sp
   0230 DD 6E FD      [19]  494 	ld	l,-3 (ix)
   0233 DD 66 FE      [19]  495 	ld	h,-2 (ix)
   0236 E5            [11]  496 	push	hl
   0237 CDr00r00      [17]  497 	call	_projectilefire
   023A 21 06 00      [10]  498 	ld	hl, #6
   023D 39            [11]  499 	add	hl, sp
   023E F9            [ 6]  500 	ld	sp, hl
                            501 ;src/game.c:104: g_shootcooldown = 10;
   023F 21r8Cr00      [10]  502 	ld	hl,#_g_shootcooldown + 0
   0242 36 0A         [10]  503 	ld	(hl), #0x0a
                            504 ;src/game.c:105: break;
   0244 18 0A         [12]  505 	jr	00110$
   0246                     506 00109$:
                            507 ;src/game.c:101: for (i = 0; i < MAX_PROJECTILES; ++i) {
   0246 DD 34 FB      [23]  508 	inc	-5 (ix)
   0249 DD 7E FB      [19]  509 	ld	a, -5 (ix)
   024C D6 06         [ 7]  510 	sub	a, #0x06
   024E 38 9B         [12]  511 	jr	C,00108$
   0250                     512 00110$:
   0250 DD F9         [10]  513 	ld	sp, ix
   0252 DD E1         [14]  514 	pop	ix
   0254 C9            [10]  515 	ret
                            516 ;src/game.c:110: void game_init(void) {
                            517 ;	---------------------------------
                            518 ; Function game_init
                            519 ; ---------------------------------
   0255                     520 _game_init::
                            521 ;src/game.c:113: cpct_disableFirmware();
   0255 CDr00r00      [17]  522 	call	_cpct_disableFirmware
                            523 ;src/game.c:114: cpct_setVideoMode(1);
   0258 2E 01         [ 7]  524 	ld	l, #0x01
   025A CDr00r00      [17]  525 	call	_cpct_setVideoMode
                            526 ;src/game.c:115: cpct_clearScreen(0x00);
   025D 21 00 40      [10]  527 	ld	hl, #0x4000
   0260 E5            [11]  528 	push	hl
   0261 AF            [ 4]  529 	xor	a, a
   0262 F5            [11]  530 	push	af
   0263 33            [ 6]  531 	inc	sp
   0264 26 C0         [ 7]  532 	ld	h, #0xc0
   0266 E5            [11]  533 	push	hl
   0267 CDr00r00      [17]  534 	call	_cpct_memset
                            535 ;src/game.c:116: tilemap_init();
   026A CDr00r00      [17]  536 	call	_tilemap_init
                            537 ;src/game.c:117: collision_init();
   026D CDr00r00      [17]  538 	call	_collision_init
                            539 ;src/game.c:118: playerinit(&g_player);
   0270 21r00r00      [10]  540 	ld	hl, #_g_player
   0273 E5            [11]  541 	push	hl
   0274 CDr00r00      [17]  542 	call	_playerinit
   0277 F1            [10]  543 	pop	af
                            544 ;src/game.c:119: hudinit();
   0278 CDr00r00      [17]  545 	call	_hudinit
                            546 ;src/game.c:121: for (i = 0; i < MAX_PROJECTILES; ++i) {
   027B 0E 00         [ 7]  547 	ld	c, #0x00
   027D                     548 00102$:
                            549 ;src/game.c:122: projectileinit(&g_projectiles[i]);
   027D 06 00         [ 7]  550 	ld	b,#0x00
   027F 69            [ 4]  551 	ld	l, c
   0280 60            [ 4]  552 	ld	h, b
   0281 29            [11]  553 	add	hl, hl
   0282 29            [11]  554 	add	hl, hl
   0283 09            [11]  555 	add	hl, bc
   0284 29            [11]  556 	add	hl, hl
   0285 11r46r00      [10]  557 	ld	de, #_g_projectiles
   0288 19            [11]  558 	add	hl, de
   0289 C5            [11]  559 	push	bc
   028A E5            [11]  560 	push	hl
   028B CDr00r00      [17]  561 	call	_projectileinit
   028E F1            [10]  562 	pop	af
   028F C1            [10]  563 	pop	bc
                            564 ;src/game.c:121: for (i = 0; i < MAX_PROJECTILES; ++i) {
   0290 0C            [ 4]  565 	inc	c
   0291 79            [ 4]  566 	ld	a, c
   0292 D6 06         [ 7]  567 	sub	a, #0x06
   0294 38 E7         [12]  568 	jr	C,00102$
                            569 ;src/game.c:125: g_lives = 3;
   0296 21r82r00      [10]  570 	ld	hl,#_g_lives + 0
   0299 36 03         [10]  571 	ld	(hl), #0x03
                            572 ;src/game.c:126: g_score = 0;
   029B 21 00 00      [10]  573 	ld	hl, #0x0000
   029E 22r83r00      [16]  574 	ld	(_g_score), hl
                            575 ;src/game.c:127: g_timeleft = 99;
   02A1 FD 21r85r00   [14]  576 	ld	iy, #_g_timeleft
   02A5 FD 36 00 63   [19]  577 	ld	0 (iy), #0x63
                            578 ;src/game.c:128: g_weaponlevel = 0;
   02A9 FD 21r86r00   [14]  579 	ld	iy, #_g_weaponlevel
   02AD FD 36 00 00   [19]  580 	ld	0 (iy), #0x00
                            581 ;src/game.c:129: g_weapondisplay = 0;
   02B1 FD 21r87r00   [14]  582 	ld	iy, #_g_weapondisplay
   02B5 FD 36 00 00   [19]  583 	ld	0 (iy), #0x00
                            584 ;src/game.c:130: g_currentwave = 0;
   02B9 FD 21r88r00   [14]  585 	ld	iy, #_g_currentwave
   02BD FD 36 00 00   [19]  586 	ld	0 (iy), #0x00
                            587 ;src/game.c:131: g_wavecooldown = 1;
   02C1 FD 21r8Ar00   [14]  588 	ld	iy, #_g_wavecooldown
   02C5 FD 36 00 01   [19]  589 	ld	0 (iy), #0x01
                            590 ;src/game.c:132: g_damagecooldown = 0;
   02C9 FD 21r8Br00   [14]  591 	ld	iy, #_g_damagecooldown
   02CD FD 36 00 00   [19]  592 	ld	0 (iy), #0x00
                            593 ;src/game.c:133: g_shootcooldown = 0;
   02D1 FD 21r8Cr00   [14]  594 	ld	iy, #_g_shootcooldown
   02D5 FD 36 00 00   [19]  595 	ld	0 (iy), #0x00
                            596 ;src/game.c:134: g_victory = 0;
   02D9 FD 21r8Dr00   [14]  597 	ld	iy, #_g_victory
   02DD FD 36 00 00   [19]  598 	ld	0 (iy), #0x00
                            599 ;src/game.c:135: g_gameover = 0;
   02E1 FD 21r8Er00   [14]  600 	ld	iy, #_g_gameover
   02E5 FD 36 00 00   [19]  601 	ld	0 (iy), #0x00
                            602 ;src/game.c:136: g_framecounter = 0;
   02E9 2E 00         [ 7]  603 	ld	l, #0x00
   02EB 22r8Fr00      [16]  604 	ld	(_g_framecounter), hl
                            605 ;src/game.c:137: g_checkpointx = 20;
   02EE 21r91r00      [10]  606 	ld	hl,#_g_checkpointx + 0
   02F1 36 14         [10]  607 	ld	(hl), #0x14
                            608 ;src/game.c:138: g_checkpointy = 120;
   02F3 21r92r00      [10]  609 	ld	hl,#_g_checkpointy + 0
   02F6 36 78         [10]  610 	ld	(hl), #0x78
                            611 ;src/game.c:139: g_checkpointactive = 0;
   02F8 21r93r00      [10]  612 	ld	hl,#_g_checkpointactive + 0
   02FB 36 00         [10]  613 	ld	(hl), #0x00
                            614 ;src/game.c:140: g_hiddenrewardtaken = 0;
   02FD 21r94r00      [10]  615 	ld	hl,#_g_hiddenrewardtaken + 0
   0300 36 00         [10]  616 	ld	(hl), #0x00
                            617 ;src/game.c:141: g_bossactive = 0;
   0302 21r9Fr00      [10]  618 	ld	hl,#_g_bossactive + 0
   0305 36 00         [10]  619 	ld	(hl), #0x00
                            620 ;src/game.c:142: enemyinit(&g_boss);
   0307 21r95r00      [10]  621 	ld	hl, #_g_boss
   030A E5            [11]  622 	push	hl
   030B CDr00r00      [17]  623 	call	_enemyinit
   030E F1            [10]  624 	pop	af
   030F C9            [10]  625 	ret
                            626 ;src/game.c:145: void game_update(void) {
                            627 ;	---------------------------------
                            628 ; Function game_update
                            629 ; ---------------------------------
   0310                     630 _game_update::
   0310 DD E5         [15]  631 	push	ix
   0312 DD 21 00 00   [14]  632 	ld	ix,#0
   0316 DD 39         [15]  633 	add	ix,sp
   0318 21 E7 FF      [10]  634 	ld	hl, #-25
   031B 39            [11]  635 	add	hl, sp
   031C F9            [ 6]  636 	ld	sp, hl
                            637 ;src/game.c:149: input_update();
   031D CDr00r00      [17]  638 	call	_input_update
                            639 ;src/game.c:151: if (g_gameover || g_victory) {
   0320 3Ar8Er00      [13]  640 	ld	a,(#_g_gameover + 0)
   0323 B7            [ 4]  641 	or	a, a
   0324 C2r2Br09      [10]  642 	jp	NZ,00202$
   0327 3Ar8Dr00      [13]  643 	ld	a,(#_g_victory + 0)
   032A B7            [ 4]  644 	or	a, a
                            645 ;src/game.c:152: return;
   032B C2r2Br09      [10]  646 	jp	NZ,00202$
                            647 ;src/game.c:155: playerupdate(&g_player);
   032E 21r00r00      [10]  648 	ld	hl, #_g_player
   0331 E5            [11]  649 	push	hl
   0332 CDr00r00      [17]  650 	call	_playerupdate
   0335 F1            [10]  651 	pop	af
                            652 ;src/game.c:156: try_fire_projectile();
   0336 CDrBAr01      [17]  653 	call	_try_fire_projectile
                            654 ;src/game.c:158: if (g_shootcooldown) g_shootcooldown--;
   0339 FD 21r8Cr00   [14]  655 	ld	iy, #_g_shootcooldown
   033D FD 7E 00      [19]  656 	ld	a, 0 (iy)
   0340 B7            [ 4]  657 	or	a, a
   0341 28 03         [12]  658 	jr	Z,00105$
   0343 FD 35 00      [23]  659 	dec	0 (iy)
   0346                     660 00105$:
                            661 ;src/game.c:159: if (g_damagecooldown) g_damagecooldown--;
   0346 FD 21r8Br00   [14]  662 	ld	iy, #_g_damagecooldown
   034A FD 7E 00      [19]  663 	ld	a, 0 (iy)
   034D B7            [ 4]  664 	or	a, a
   034E 28 03         [12]  665 	jr	Z,00213$
   0350 FD 35 00      [23]  666 	dec	0 (iy)
                            667 ;src/game.c:161: for (i = 0; i < MAX_PROJECTILES; ++i) {
   0353                     668 00213$:
   0353 0E 00         [ 7]  669 	ld	c, #0x00
   0355                     670 00195$:
                            671 ;src/game.c:162: projectileupdate(&g_projectiles[i]);
   0355 06 00         [ 7]  672 	ld	b,#0x00
   0357 69            [ 4]  673 	ld	l, c
   0358 60            [ 4]  674 	ld	h, b
   0359 29            [11]  675 	add	hl, hl
   035A 29            [11]  676 	add	hl, hl
   035B 09            [11]  677 	add	hl, bc
   035C 29            [11]  678 	add	hl, hl
   035D 11r46r00      [10]  679 	ld	de, #_g_projectiles
   0360 19            [11]  680 	add	hl, de
   0361 C5            [11]  681 	push	bc
   0362 E5            [11]  682 	push	hl
   0363 CDr00r00      [17]  683 	call	_projectileupdate
   0366 F1            [10]  684 	pop	af
   0367 C1            [10]  685 	pop	bc
                            686 ;src/game.c:161: for (i = 0; i < MAX_PROJECTILES; ++i) {
   0368 0C            [ 4]  687 	inc	c
   0369 79            [ 4]  688 	ld	a, c
   036A D6 06         [ 7]  689 	sub	a, #0x06
   036C 38 E7         [12]  690 	jr	C,00195$
                            691 ;src/game.c:165: for (i = 0; i < MAX_ENEMIES; ++i) {
   036E 0E 00         [ 7]  692 	ld	c, #0x00
   0370                     693 00197$:
                            694 ;src/game.c:166: enemyupdate(&g_enemies[i]);
   0370 06 00         [ 7]  695 	ld	b,#0x00
   0372 69            [ 4]  696 	ld	l, c
   0373 60            [ 4]  697 	ld	h, b
   0374 29            [11]  698 	add	hl, hl
   0375 29            [11]  699 	add	hl, hl
   0376 09            [11]  700 	add	hl, bc
   0377 29            [11]  701 	add	hl, hl
   0378 11r0Ar00      [10]  702 	ld	de, #_g_enemies
   037B 19            [11]  703 	add	hl, de
   037C C5            [11]  704 	push	bc
   037D E5            [11]  705 	push	hl
   037E CDr00r00      [17]  706 	call	_enemyupdate
   0381 F1            [10]  707 	pop	af
   0382 C1            [10]  708 	pop	bc
                            709 ;src/game.c:165: for (i = 0; i < MAX_ENEMIES; ++i) {
   0383 0C            [ 4]  710 	inc	c
   0384 79            [ 4]  711 	ld	a, c
   0385 D6 06         [ 7]  712 	sub	a, #0x06
   0387 38 E7         [12]  713 	jr	C,00197$
                            714 ;src/game.c:169: if (g_bossactive) {
   0389 3Ar9Fr00      [13]  715 	ld	a,(#_g_bossactive + 0)
   038C B7            [ 4]  716 	or	a, a
   038D 28 48         [12]  717 	jr	Z,00232$
                            718 ;src/game.c:170: if (g_boss.health > 4) g_bossphase = 0;
   038F 21r9Cr00      [10]  719 	ld	hl, #_g_boss + 7
   0392 4E            [ 7]  720 	ld	c, (hl)
   0393 3E 04         [ 7]  721 	ld	a, #0x04
   0395 91            [ 4]  722 	sub	a, c
   0396 30 07         [12]  723 	jr	NC,00111$
   0398 21rA0r00      [10]  724 	ld	hl,#_g_bossphase + 0
   039B 36 00         [10]  725 	ld	(hl), #0x00
   039D 18 05         [12]  726 	jr	00112$
   039F                     727 00111$:
                            728 ;src/game.c:171: else g_bossphase = 1;
   039F 21rA0r00      [10]  729 	ld	hl,#_g_bossphase + 0
   03A2 36 01         [10]  730 	ld	(hl), #0x01
   03A4                     731 00112$:
                            732 ;src/game.c:173: g_boss.vx = (i8)(g_player.x < g_boss.x ? -(g_bossphase ? 2 : 1) : (g_bossphase ? 2 : 1));
   03A4 3Ar00r00      [13]  733 	ld	a, (#_g_player + 0)
   03A7 21r95r00      [10]  734 	ld	hl, #_g_boss + 0
   03AA 4E            [ 7]  735 	ld	c, (hl)
   03AB 91            [ 4]  736 	sub	a, c
   03AC 30 11         [12]  737 	jr	NC,00204$
   03AE 3ArA0r00      [13]  738 	ld	a,(#_g_bossphase + 0)
   03B1 B7            [ 4]  739 	or	a, a
   03B2 28 04         [12]  740 	jr	Z,00206$
   03B4 0E 02         [ 7]  741 	ld	c, #0x02
   03B6 18 02         [12]  742 	jr	00207$
   03B8                     743 00206$:
   03B8 0E 01         [ 7]  744 	ld	c, #0x01
   03BA                     745 00207$:
   03BA AF            [ 4]  746 	xor	a, a
   03BB 91            [ 4]  747 	sub	a, c
   03BC 4F            [ 4]  748 	ld	c, a
   03BD 18 0C         [12]  749 	jr	00205$
   03BF                     750 00204$:
   03BF 3ArA0r00      [13]  751 	ld	a,(#_g_bossphase + 0)
   03C2 B7            [ 4]  752 	or	a, a
   03C3 28 04         [12]  753 	jr	Z,00208$
   03C5 0E 02         [ 7]  754 	ld	c, #0x02
   03C7 18 02         [12]  755 	jr	00209$
   03C9                     756 00208$:
   03C9 0E 01         [ 7]  757 	ld	c, #0x01
   03CB                     758 00209$:
   03CB                     759 00205$:
   03CB 21r97r00      [10]  760 	ld	hl, #(_g_boss + 0x0002)
   03CE 71            [ 7]  761 	ld	(hl), c
                            762 ;src/game.c:174: enemyupdate(&g_boss);
   03CF 21r95r00      [10]  763 	ld	hl, #_g_boss
   03D2 E5            [11]  764 	push	hl
   03D3 CDr00r00      [17]  765 	call	_enemyupdate
   03D6 F1            [10]  766 	pop	af
                            767 ;src/game.c:177: for (i = 0; i < MAX_PROJECTILES; ++i) {
   03D7                     768 00232$:
   03D7 0E 00         [ 7]  769 	ld	c, #0x00
   03D9                     770 00200$:
                            771 ;src/game.c:178: if (!g_projectiles[i].active) continue;
   03D9 06 00         [ 7]  772 	ld	b,#0x00
   03DB 69            [ 4]  773 	ld	l, c
   03DC 60            [ 4]  774 	ld	h, b
   03DD 29            [11]  775 	add	hl, hl
   03DE 29            [11]  776 	add	hl, hl
   03DF 09            [11]  777 	add	hl, bc
   03E0 29            [11]  778 	add	hl, hl
   03E1 EB            [ 4]  779 	ex	de,hl
   03E2 21r46r00      [10]  780 	ld	hl, #_g_projectiles
   03E5 19            [11]  781 	add	hl,de
   03E6 EB            [ 4]  782 	ex	de,hl
   03E7 21 06 00      [10]  783 	ld	hl, #0x0006
   03EA 19            [11]  784 	add	hl,de
   03EB DD 75 FE      [19]  785 	ld	-2 (ix), l
   03EE DD 74 FF      [19]  786 	ld	-1 (ix), h
   03F1 7E            [ 7]  787 	ld	a, (hl)
   03F2 B7            [ 4]  788 	or	a, a
   03F3 CAr14r06      [10]  789 	jp	Z, 00133$
                            790 ;src/game.c:179: for (j = 0; j < MAX_ENEMIES; ++j) {
   03F6 DD 36 E7 00   [19]  791 	ld	-25 (ix), #0x00
   03FA                     792 00199$:
                            793 ;src/game.c:180: if (!g_enemies[j].active) continue;
   03FA D5            [11]  794 	push	de
   03FB DD 5E E7      [19]  795 	ld	e,-25 (ix)
   03FE 16 00         [ 7]  796 	ld	d,#0x00
   0400 6B            [ 4]  797 	ld	l, e
   0401 62            [ 4]  798 	ld	h, d
   0402 29            [11]  799 	add	hl, hl
   0403 29            [11]  800 	add	hl, hl
   0404 19            [11]  801 	add	hl, de
   0405 29            [11]  802 	add	hl, hl
   0406 D1            [10]  803 	pop	de
   0407 3Er0A         [ 7]  804 	ld	a, #<(_g_enemies)
   0409 85            [ 4]  805 	add	a, l
   040A DD 77 FC      [19]  806 	ld	-4 (ix), a
   040D 3Es00         [ 7]  807 	ld	a, #>(_g_enemies)
   040F 8C            [ 4]  808 	adc	a, h
   0410 DD 77 FD      [19]  809 	ld	-3 (ix), a
   0413 DD 6E FC      [19]  810 	ld	l,-4 (ix)
   0416 DD 66 FD      [19]  811 	ld	h,-3 (ix)
   0419 C5            [11]  812 	push	bc
   041A 01 06 00      [10]  813 	ld	bc, #0x0006
   041D 09            [11]  814 	add	hl, bc
   041E C1            [10]  815 	pop	bc
   041F 46            [ 7]  816 	ld	b, (hl)
                            817 ;src/game.c:181: if (!rect_overlap((i16)g_projectiles[i].x, (i16)g_projectiles[i].y, g_projectiles[i].w, g_projectiles[i].h,
   0420 21 05 00      [10]  818 	ld	hl, #0x0005
   0423 19            [11]  819 	add	hl,de
   0424 DD 75 FA      [19]  820 	ld	-6 (ix), l
   0427 DD 74 FB      [19]  821 	ld	-5 (ix), h
   042A 21 04 00      [10]  822 	ld	hl, #0x0004
   042D 19            [11]  823 	add	hl,de
   042E DD 75 F8      [19]  824 	ld	-8 (ix), l
   0431 DD 74 F9      [19]  825 	ld	-7 (ix), h
   0434 21 01 00      [10]  826 	ld	hl, #0x0001
   0437 19            [11]  827 	add	hl,de
   0438 DD 75 F6      [19]  828 	ld	-10 (ix), l
   043B DD 74 F7      [19]  829 	ld	-9 (ix), h
                            830 ;src/game.c:183: if (enemydamage(&g_enemies[j], g_projectiles[i].damage)) {
   043E 21 07 00      [10]  831 	ld	hl, #0x0007
   0441 19            [11]  832 	add	hl,de
   0442 DD 75 F4      [19]  833 	ld	-12 (ix), l
   0445 DD 74 F5      [19]  834 	ld	-11 (ix), h
                            835 ;src/game.c:180: if (!g_enemies[j].active) continue;
   0448 78            [ 4]  836 	ld	a, b
   0449 B7            [ 4]  837 	or	a, a
   044A CAr42r05      [10]  838 	jp	Z, 00125$
                            839 ;src/game.c:182: (i16)g_enemies[j].x, (i16)g_enemies[j].y, g_enemies[j].w, g_enemies[j].h)) continue;
   044D DD 6E FC      [19]  840 	ld	l,-4 (ix)
   0450 DD 66 FD      [19]  841 	ld	h,-3 (ix)
   0453 23            [ 6]  842 	inc	hl
   0454 23            [ 6]  843 	inc	hl
   0455 23            [ 6]  844 	inc	hl
   0456 23            [ 6]  845 	inc	hl
   0457 23            [ 6]  846 	inc	hl
   0458 7E            [ 7]  847 	ld	a, (hl)
   0459 DD 77 F3      [19]  848 	ld	-13 (ix), a
   045C DD 6E FC      [19]  849 	ld	l,-4 (ix)
   045F DD 66 FD      [19]  850 	ld	h,-3 (ix)
   0462 23            [ 6]  851 	inc	hl
   0463 23            [ 6]  852 	inc	hl
   0464 23            [ 6]  853 	inc	hl
   0465 23            [ 6]  854 	inc	hl
   0466 7E            [ 7]  855 	ld	a, (hl)
   0467 DD 77 F2      [19]  856 	ld	-14 (ix), a
   046A DD 6E FC      [19]  857 	ld	l,-4 (ix)
   046D DD 66 FD      [19]  858 	ld	h,-3 (ix)
   0470 23            [ 6]  859 	inc	hl
   0471 46            [ 7]  860 	ld	b, (hl)
   0472 DD 70 F0      [19]  861 	ld	-16 (ix), b
   0475 DD 36 F1 00   [19]  862 	ld	-15 (ix), #0x00
   0479 DD 6E FC      [19]  863 	ld	l,-4 (ix)
   047C DD 66 FD      [19]  864 	ld	h,-3 (ix)
   047F 46            [ 7]  865 	ld	b, (hl)
   0480 DD 70 EE      [19]  866 	ld	-18 (ix), b
   0483 DD 36 EF 00   [19]  867 	ld	-17 (ix), #0x00
                            868 ;src/game.c:181: if (!rect_overlap((i16)g_projectiles[i].x, (i16)g_projectiles[i].y, g_projectiles[i].w, g_projectiles[i].h,
   0487 DD 6E FA      [19]  869 	ld	l,-6 (ix)
   048A DD 66 FB      [19]  870 	ld	h,-5 (ix)
   048D 7E            [ 7]  871 	ld	a, (hl)
   048E DD 77 ED      [19]  872 	ld	-19 (ix), a
   0491 DD 6E F8      [19]  873 	ld	l,-8 (ix)
   0494 DD 66 F9      [19]  874 	ld	h,-7 (ix)
   0497 46            [ 7]  875 	ld	b, (hl)
   0498 DD 6E F6      [19]  876 	ld	l,-10 (ix)
   049B DD 66 F7      [19]  877 	ld	h,-9 (ix)
   049E 6E            [ 7]  878 	ld	l, (hl)
   049F DD 75 EB      [19]  879 	ld	-21 (ix), l
   04A2 DD 36 EC 00   [19]  880 	ld	-20 (ix), #0x00
   04A6 1A            [ 7]  881 	ld	a, (de)
   04A7 DD 77 E9      [19]  882 	ld	-23 (ix), a
   04AA DD 36 EA 00   [19]  883 	ld	-22 (ix), #0x00
   04AE C5            [11]  884 	push	bc
   04AF D5            [11]  885 	push	de
   04B0 DD 66 F3      [19]  886 	ld	h, -13 (ix)
   04B3 DD 6E F2      [19]  887 	ld	l, -14 (ix)
   04B6 E5            [11]  888 	push	hl
   04B7 DD 6E F0      [19]  889 	ld	l,-16 (ix)
   04BA DD 66 F1      [19]  890 	ld	h,-15 (ix)
   04BD E5            [11]  891 	push	hl
   04BE DD 6E EE      [19]  892 	ld	l,-18 (ix)
   04C1 DD 66 EF      [19]  893 	ld	h,-17 (ix)
   04C4 E5            [11]  894 	push	hl
   04C5 DD 7E ED      [19]  895 	ld	a, -19 (ix)
   04C8 F5            [11]  896 	push	af
   04C9 33            [ 6]  897 	inc	sp
   04CA C5            [11]  898 	push	bc
   04CB 33            [ 6]  899 	inc	sp
   04CC DD 6E EB      [19]  900 	ld	l,-21 (ix)
   04CF DD 66 EC      [19]  901 	ld	h,-20 (ix)
   04D2 E5            [11]  902 	push	hl
   04D3 DD 6E E9      [19]  903 	ld	l,-23 (ix)
   04D6 DD 66 EA      [19]  904 	ld	h,-22 (ix)
   04D9 E5            [11]  905 	push	hl
   04DA CDr19r00      [17]  906 	call	_rect_overlap
   04DD FD 21 0C 00   [14]  907 	ld	iy, #12
   04E1 FD 39         [15]  908 	add	iy, sp
   04E3 FD F9         [10]  909 	ld	sp, iy
   04E5 D1            [10]  910 	pop	de
   04E6 C1            [10]  911 	pop	bc
   04E7 7D            [ 4]  912 	ld	a, l
   04E8 B7            [ 4]  913 	or	a, a
   04E9 28 57         [12]  914 	jr	Z,00125$
                            915 ;src/game.c:183: if (enemydamage(&g_enemies[j], g_projectiles[i].damage)) {
   04EB DD 6E F4      [19]  916 	ld	l,-12 (ix)
   04EE DD 66 F5      [19]  917 	ld	h,-11 (ix)
   04F1 66            [ 7]  918 	ld	h, (hl)
   04F2 DD 6E FC      [19]  919 	ld	l, -4 (ix)
   04F5 DD 46 FD      [19]  920 	ld	b, -3 (ix)
   04F8 C5            [11]  921 	push	bc
   04F9 D5            [11]  922 	push	de
   04FA E5            [11]  923 	push	hl
   04FB 33            [ 6]  924 	inc	sp
   04FC 60            [ 4]  925 	ld	h, b
   04FD E5            [11]  926 	push	hl
   04FE CDr00r00      [17]  927 	call	_enemydamage
   0501 F1            [10]  928 	pop	af
   0502 33            [ 6]  929 	inc	sp
   0503 D1            [10]  930 	pop	de
   0504 C1            [10]  931 	pop	bc
   0505 7D            [ 4]  932 	ld	a, l
   0506 B7            [ 4]  933 	or	a, a
   0507 28 2F         [12]  934 	jr	Z,00124$
                            935 ;src/game.c:184: g_score = (u16)(g_score + g_enemies[j].reward);
   0509 DD 6E FC      [19]  936 	ld	l,-4 (ix)
   050C DD 66 FD      [19]  937 	ld	h,-3 (ix)
   050F C5            [11]  938 	push	bc
   0510 01 08 00      [10]  939 	ld	bc, #0x0008
   0513 09            [11]  940 	add	hl, bc
   0514 C1            [10]  941 	pop	bc
   0515 6E            [ 7]  942 	ld	l, (hl)
   0516 DD 75 E9      [19]  943 	ld	-23 (ix), l
   0519 DD 36 EA 00   [19]  944 	ld	-22 (ix), #0x00
   051D 21r83r00      [10]  945 	ld	hl, #_g_score
   0520 7E            [ 7]  946 	ld	a, (hl)
   0521 DD 86 E9      [19]  947 	add	a, -23 (ix)
   0524 77            [ 7]  948 	ld	(hl), a
   0525 23            [ 6]  949 	inc	hl
   0526 7E            [ 7]  950 	ld	a, (hl)
   0527 DD 8E EA      [19]  951 	adc	a, -22 (ix)
   052A 77            [ 7]  952 	ld	(hl), a
                            953 ;src/game.c:185: if (g_aliveenemies) g_aliveenemies--;
   052B FD 21r89r00   [14]  954 	ld	iy, #_g_aliveenemies
   052F FD 7E 00      [19]  955 	ld	a, 0 (iy)
   0532 B7            [ 4]  956 	or	a, a
   0533 28 03         [12]  957 	jr	Z,00124$
   0535 FD 35 00      [23]  958 	dec	0 (iy)
   0538                     959 00124$:
                            960 ;src/game.c:187: g_projectiles[i].active = 0;
   0538 DD 6E FE      [19]  961 	ld	l,-2 (ix)
   053B DD 66 FF      [19]  962 	ld	h,-1 (ix)
   053E 36 00         [10]  963 	ld	(hl), #0x00
                            964 ;src/game.c:188: break;
   0540 18 0B         [12]  965 	jr	00126$
   0542                     966 00125$:
                            967 ;src/game.c:179: for (j = 0; j < MAX_ENEMIES; ++j) {
   0542 DD 34 E7      [23]  968 	inc	-25 (ix)
   0545 DD 7E E7      [19]  969 	ld	a, -25 (ix)
   0548 D6 06         [ 7]  970 	sub	a, #0x06
   054A DArFAr03      [10]  971 	jp	C, 00199$
   054D                     972 00126$:
                            973 ;src/game.c:191: if (g_bossactive && g_projectiles[i].active && rect_overlap((i16)g_projectiles[i].x, (i16)g_projectiles[i].y, g_projectiles[i].w, g_projectiles[i].h,
   054D 3Ar9Fr00      [13]  974 	ld	a,(#_g_bossactive + 0)
   0550 B7            [ 4]  975 	or	a, a
   0551 CAr14r06      [10]  976 	jp	Z, 00133$
   0554 DD 6E FE      [19]  977 	ld	l,-2 (ix)
   0557 DD 66 FF      [19]  978 	ld	h,-1 (ix)
   055A 7E            [ 7]  979 	ld	a, (hl)
   055B B7            [ 4]  980 	or	a, a
   055C CAr14r06      [10]  981 	jp	Z, 00133$
                            982 ;src/game.c:192: (i16)g_boss.x, (i16)g_boss.y, g_boss.w, g_boss.h)) {
   055F 21r9Ar00      [10]  983 	ld	hl, #(_g_boss + 0x0005) + 0
   0562 46            [ 7]  984 	ld	b, (hl)
   0563 3Ar99r00      [13]  985 	ld	a, (#(_g_boss + 0x0004) + 0)
   0566 21r96r00      [10]  986 	ld	hl, #(_g_boss + 0x0001) + 0
   0569 6E            [ 7]  987 	ld	l, (hl)
   056A DD 75 E9      [19]  988 	ld	-23 (ix), l
   056D DD 36 EA 00   [19]  989 	ld	-22 (ix), #0x00
   0571 21r95r00      [10]  990 	ld	hl, #_g_boss + 0
   0574 6E            [ 7]  991 	ld	l, (hl)
   0575 DD 75 EB      [19]  992 	ld	-21 (ix), l
   0578 DD 36 EC 00   [19]  993 	ld	-20 (ix), #0x00
                            994 ;src/game.c:191: if (g_bossactive && g_projectiles[i].active && rect_overlap((i16)g_projectiles[i].x, (i16)g_projectiles[i].y, g_projectiles[i].w, g_projectiles[i].h,
   057C DD 6E FA      [19]  995 	ld	l,-6 (ix)
   057F DD 66 FB      [19]  996 	ld	h,-5 (ix)
   0582 F5            [11]  997 	push	af
   0583 7E            [ 7]  998 	ld	a, (hl)
   0584 DD 77 ED      [19]  999 	ld	-19 (ix), a
   0587 F1            [10] 1000 	pop	af
   0588 DD 6E F8      [19] 1001 	ld	l,-8 (ix)
   058B DD 66 F9      [19] 1002 	ld	h,-7 (ix)
   058E F5            [11] 1003 	push	af
   058F 7E            [ 7] 1004 	ld	a, (hl)
   0590 DD 77 EE      [19] 1005 	ld	-18 (ix), a
   0593 F1            [10] 1006 	pop	af
   0594 DD 6E F6      [19] 1007 	ld	l,-10 (ix)
   0597 DD 66 F7      [19] 1008 	ld	h,-9 (ix)
   059A 6E            [ 7] 1009 	ld	l, (hl)
   059B DD 75 F0      [19] 1010 	ld	-16 (ix), l
   059E DD 36 F1 00   [19] 1011 	ld	-15 (ix), #0x00
   05A2 F5            [11] 1012 	push	af
   05A3 1A            [ 7] 1013 	ld	a, (de)
   05A4 5F            [ 4] 1014 	ld	e, a
   05A5 F1            [10] 1015 	pop	af
   05A6 16 00         [ 7] 1016 	ld	d, #0x00
   05A8 C5            [11] 1017 	push	bc
   05A9 C5            [11] 1018 	push	bc
   05AA 33            [ 6] 1019 	inc	sp
   05AB F5            [11] 1020 	push	af
   05AC 33            [ 6] 1021 	inc	sp
   05AD DD 6E E9      [19] 1022 	ld	l,-23 (ix)
   05B0 DD 66 EA      [19] 1023 	ld	h,-22 (ix)
   05B3 E5            [11] 1024 	push	hl
   05B4 DD 6E EB      [19] 1025 	ld	l,-21 (ix)
   05B7 DD 66 EC      [19] 1026 	ld	h,-20 (ix)
   05BA E5            [11] 1027 	push	hl
   05BB DD 66 ED      [19] 1028 	ld	h, -19 (ix)
   05BE DD 6E EE      [19] 1029 	ld	l, -18 (ix)
   05C1 E5            [11] 1030 	push	hl
   05C2 DD 6E F0      [19] 1031 	ld	l,-16 (ix)
   05C5 DD 66 F1      [19] 1032 	ld	h,-15 (ix)
   05C8 E5            [11] 1033 	push	hl
   05C9 D5            [11] 1034 	push	de
   05CA CDr19r00      [17] 1035 	call	_rect_overlap
   05CD FD 21 0C 00   [14] 1036 	ld	iy, #12
   05D1 FD 39         [15] 1037 	add	iy, sp
   05D3 FD F9         [10] 1038 	ld	sp, iy
   05D5 C1            [10] 1039 	pop	bc
   05D6 7D            [ 4] 1040 	ld	a, l
   05D7 B7            [ 4] 1041 	or	a, a
   05D8 28 3A         [12] 1042 	jr	Z,00133$
                           1043 ;src/game.c:193: g_projectiles[i].active = 0;
   05DA DD 6E FE      [19] 1044 	ld	l,-2 (ix)
   05DD DD 66 FF      [19] 1045 	ld	h,-1 (ix)
   05E0 36 00         [10] 1046 	ld	(hl), #0x00
                           1047 ;src/game.c:194: if (enemydamage(&g_boss, g_projectiles[i].damage)) {
   05E2 DD 6E F4      [19] 1048 	ld	l,-12 (ix)
   05E5 DD 66 F5      [19] 1049 	ld	h,-11 (ix)
   05E8 46            [ 7] 1050 	ld	b, (hl)
   05E9 11r95r00      [10] 1051 	ld	de, #_g_boss
   05EC C5            [11] 1052 	push	bc
   05ED C5            [11] 1053 	push	bc
   05EE 33            [ 6] 1054 	inc	sp
   05EF D5            [11] 1055 	push	de
   05F0 CDr00r00      [17] 1056 	call	_enemydamage
   05F3 F1            [10] 1057 	pop	af
   05F4 33            [ 6] 1058 	inc	sp
   05F5 C1            [10] 1059 	pop	bc
   05F6 7D            [ 4] 1060 	ld	a, l
   05F7 B7            [ 4] 1061 	or	a, a
   05F8 28 1A         [12] 1062 	jr	Z,00133$
                           1063 ;src/game.c:195: g_bossactive = 0;
   05FA 21r9Fr00      [10] 1064 	ld	hl,#_g_bossactive + 0
   05FD 36 00         [10] 1065 	ld	(hl), #0x00
                           1066 ;src/game.c:196: g_score = (u16)(g_score + g_boss.reward);
   05FF 21r9Dr00      [10] 1067 	ld	hl, #_g_boss + 8
   0602 5E            [ 7] 1068 	ld	e, (hl)
   0603 16 00         [ 7] 1069 	ld	d, #0x00
   0605 21r83r00      [10] 1070 	ld	hl, #_g_score
   0608 7E            [ 7] 1071 	ld	a, (hl)
   0609 83            [ 4] 1072 	add	a, e
   060A 77            [ 7] 1073 	ld	(hl), a
   060B 23            [ 6] 1074 	inc	hl
   060C 7E            [ 7] 1075 	ld	a, (hl)
   060D 8A            [ 4] 1076 	adc	a, d
   060E 77            [ 7] 1077 	ld	(hl), a
                           1078 ;src/game.c:197: g_victory = 1;
   060F 21r8Dr00      [10] 1079 	ld	hl,#_g_victory + 0
   0612 36 01         [10] 1080 	ld	(hl), #0x01
   0614                    1081 00133$:
                           1082 ;src/game.c:177: for (i = 0; i < MAX_PROJECTILES; ++i) {
   0614 0C            [ 4] 1083 	inc	c
   0615 79            [ 4] 1084 	ld	a, c
   0616 D6 06         [ 7] 1085 	sub	a, #0x06
   0618 DArD9r03      [10] 1086 	jp	C, 00200$
                           1087 ;src/game.c:203: for (i = 0; i < MAX_ENEMIES; ++i) {
                           1088 ;src/game.c:202: if (!g_damagecooldown) {
   061B 3Ar8Br00      [13] 1089 	ld	a,(#_g_damagecooldown + 0)
   061E B7            [ 4] 1090 	or	a, a
   061F C2rA8r07      [10] 1091 	jp	NZ, 00155$
                           1092 ;src/game.c:203: for (i = 0; i < MAX_ENEMIES; ++i) {
   0622 DD 36 E8 00   [19] 1093 	ld	-24 (ix), #0x00
   0626                    1094 00201$:
                           1095 ;src/game.c:204: if (!g_enemies[i].active) continue;
   0626 DD 4E E8      [19] 1096 	ld	c,-24 (ix)
   0629 06 00         [ 7] 1097 	ld	b,#0x00
   062B 69            [ 4] 1098 	ld	l, c
   062C 60            [ 4] 1099 	ld	h, b
   062D 29            [11] 1100 	add	hl, hl
   062E 29            [11] 1101 	add	hl, hl
   062F 09            [11] 1102 	add	hl, bc
   0630 29            [11] 1103 	add	hl, hl
   0631 01r0Ar00      [10] 1104 	ld	bc,#_g_enemies
   0634 09            [11] 1105 	add	hl,bc
   0635 DD 75 E9      [19] 1106 	ld	-23 (ix), l
   0638 DD 74 EA      [19] 1107 	ld	-22 (ix), h
   063B C1            [10] 1108 	pop	bc
   063C E1            [10] 1109 	pop	hl
   063D E5            [11] 1110 	push	hl
   063E C5            [11] 1111 	push	bc
   063F 11 06 00      [10] 1112 	ld	de, #0x0006
   0642 19            [11] 1113 	add	hl, de
   0643 4E            [ 7] 1114 	ld	c, (hl)
   0644 79            [ 4] 1115 	ld	a, c
   0645 B7            [ 4] 1116 	or	a, a
   0646 CArD3r06      [10] 1117 	jp	Z, 00141$
                           1118 ;src/game.c:206: (i16)g_enemies[i].x, (i16)g_enemies[i].y, g_enemies[i].w, g_enemies[i].h)) {
   0649 C1            [10] 1119 	pop	bc
   064A E1            [10] 1120 	pop	hl
   064B E5            [11] 1121 	push	hl
   064C C5            [11] 1122 	push	bc
   064D 11 05 00      [10] 1123 	ld	de, #0x0005
   0650 19            [11] 1124 	add	hl, de
   0651 7E            [ 7] 1125 	ld	a, (hl)
   0652 DD 77 EB      [19] 1126 	ld	-21 (ix), a
   0655 C1            [10] 1127 	pop	bc
   0656 E1            [10] 1128 	pop	hl
   0657 E5            [11] 1129 	push	hl
   0658 C5            [11] 1130 	push	bc
   0659 11 04 00      [10] 1131 	ld	de, #0x0004
   065C 19            [11] 1132 	add	hl, de
   065D 7E            [ 7] 1133 	ld	a, (hl)
   065E DD 77 ED      [19] 1134 	ld	-19 (ix), a
   0661 C1            [10] 1135 	pop	bc
   0662 E1            [10] 1136 	pop	hl
   0663 E5            [11] 1137 	push	hl
   0664 C5            [11] 1138 	push	bc
   0665 23            [ 6] 1139 	inc	hl
   0666 5E            [ 7] 1140 	ld	e, (hl)
   0667 16 00         [ 7] 1141 	ld	d, #0x00
   0669 DD 6E E9      [19] 1142 	ld	l,-23 (ix)
   066C DD 66 EA      [19] 1143 	ld	h,-22 (ix)
   066F 4E            [ 7] 1144 	ld	c, (hl)
   0670 06 00         [ 7] 1145 	ld	b, #0x00
                           1146 ;src/game.c:205: if (rect_overlap((i16)g_player.x, (i16)g_player.y, g_player.w, g_player.h,
   0672 3Ar05r00      [13] 1147 	ld	a,(#(_g_player + 0x0005) + 0)
   0675 DD 77 E9      [19] 1148 	ld	-23 (ix), a
   0678 3Ar04r00      [13] 1149 	ld	a,(#(_g_player + 0x0004) + 0)
   067B DD 77 EE      [19] 1150 	ld	-18 (ix), a
   067E 3Ar01r00      [13] 1151 	ld	a, (#(_g_player + 0x0001) + 0)
   0681 DD 77 F0      [19] 1152 	ld	-16 (ix), a
   0684 DD 36 F1 00   [19] 1153 	ld	-15 (ix), #0x00
   0688 3Ar00r00      [13] 1154 	ld	a, (#_g_player + 0)
   068B DD 77 F4      [19] 1155 	ld	-12 (ix), a
   068E DD 36 F5 00   [19] 1156 	ld	-11 (ix), #0x00
   0692 DD 66 EB      [19] 1157 	ld	h, -21 (ix)
   0695 DD 6E ED      [19] 1158 	ld	l, -19 (ix)
   0698 E5            [11] 1159 	push	hl
   0699 D5            [11] 1160 	push	de
   069A C5            [11] 1161 	push	bc
   069B DD 66 E9      [19] 1162 	ld	h, -23 (ix)
   069E DD 6E EE      [19] 1163 	ld	l, -18 (ix)
   06A1 E5            [11] 1164 	push	hl
   06A2 DD 6E F0      [19] 1165 	ld	l,-16 (ix)
   06A5 DD 66 F1      [19] 1166 	ld	h,-15 (ix)
   06A8 E5            [11] 1167 	push	hl
   06A9 DD 6E F4      [19] 1168 	ld	l,-12 (ix)
   06AC DD 66 F5      [19] 1169 	ld	h,-11 (ix)
   06AF E5            [11] 1170 	push	hl
   06B0 CDr19r00      [17] 1171 	call	_rect_overlap
   06B3 FD 21 0C 00   [14] 1172 	ld	iy, #12
   06B7 FD 39         [15] 1173 	add	iy, sp
   06B9 FD F9         [10] 1174 	ld	sp, iy
   06BB 7D            [ 4] 1175 	ld	a, l
   06BC B7            [ 4] 1176 	or	a, a
   06BD 28 14         [12] 1177 	jr	Z,00141$
                           1178 ;src/game.c:207: if (g_lives) g_lives--;
   06BF FD 21r82r00   [14] 1179 	ld	iy, #_g_lives
   06C3 FD 7E 00      [19] 1180 	ld	a, 0 (iy)
   06C6 B7            [ 4] 1181 	or	a, a
   06C7 28 03         [12] 1182 	jr	Z,00138$
   06C9 FD 35 00      [23] 1183 	dec	0 (iy)
   06CC                    1184 00138$:
                           1185 ;src/game.c:208: g_damagecooldown = 40;
   06CC 21r8Br00      [10] 1186 	ld	hl,#_g_damagecooldown + 0
   06CF 36 28         [10] 1187 	ld	(hl), #0x28
                           1188 ;src/game.c:209: break;
   06D1 18 0B         [12] 1189 	jr	00142$
   06D3                    1190 00141$:
                           1191 ;src/game.c:203: for (i = 0; i < MAX_ENEMIES; ++i) {
   06D3 DD 34 E8      [23] 1192 	inc	-24 (ix)
   06D6 DD 7E E8      [19] 1193 	ld	a, -24 (ix)
   06D9 D6 06         [ 7] 1194 	sub	a, #0x06
   06DB DAr26r06      [10] 1195 	jp	C, 00201$
   06DE                    1196 00142$:
                           1197 ;src/game.c:213: if (!g_damagecooldown && g_bossactive && rect_overlap((i16)g_player.x, (i16)g_player.y, g_player.w, g_player.h,
   06DE 3Ar8Br00      [13] 1198 	ld	a,(#_g_damagecooldown + 0)
   06E1 B7            [ 4] 1199 	or	a, a
   06E2 C2r62r07      [10] 1200 	jp	NZ, 00146$
   06E5 3Ar9Fr00      [13] 1201 	ld	a,(#_g_bossactive + 0)
   06E8 B7            [ 4] 1202 	or	a, a
   06E9 28 77         [12] 1203 	jr	Z,00146$
                           1204 ;src/game.c:214: (i16)g_boss.x, (i16)g_boss.y, g_boss.w, g_boss.h)) {
   06EB 3Ar9Ar00      [13] 1205 	ld	a,(#(_g_boss + 0x0005) + 0)
   06EE DD 77 E9      [19] 1206 	ld	-23 (ix), a
   06F1 3Ar99r00      [13] 1207 	ld	a,(#(_g_boss + 0x0004) + 0)
   06F4 DD 77 EB      [19] 1208 	ld	-21 (ix), a
   06F7 21r96r00      [10] 1209 	ld	hl, #(_g_boss + 0x0001) + 0
   06FA 5E            [ 7] 1210 	ld	e, (hl)
   06FB 16 00         [ 7] 1211 	ld	d, #0x00
   06FD 21r95r00      [10] 1212 	ld	hl, #_g_boss + 0
   0700 4E            [ 7] 1213 	ld	c, (hl)
   0701 06 00         [ 7] 1214 	ld	b, #0x00
                           1215 ;src/game.c:213: if (!g_damagecooldown && g_bossactive && rect_overlap((i16)g_player.x, (i16)g_player.y, g_player.w, g_player.h,
   0703 3Ar05r00      [13] 1216 	ld	a,(#(_g_player + 0x0005) + 0)
   0706 DD 77 ED      [19] 1217 	ld	-19 (ix), a
   0709 3Ar04r00      [13] 1218 	ld	a,(#(_g_player + 0x0004) + 0)
   070C DD 77 EE      [19] 1219 	ld	-18 (ix), a
   070F 3Ar01r00      [13] 1220 	ld	a, (#(_g_player + 0x0001) + 0)
   0712 DD 77 F0      [19] 1221 	ld	-16 (ix), a
   0715 DD 36 F1 00   [19] 1222 	ld	-15 (ix), #0x00
   0719 3Ar00r00      [13] 1223 	ld	a, (#_g_player + 0)
   071C DD 77 F4      [19] 1224 	ld	-12 (ix), a
   071F DD 36 F5 00   [19] 1225 	ld	-11 (ix), #0x00
   0723 DD 66 E9      [19] 1226 	ld	h, -23 (ix)
   0726 DD 6E EB      [19] 1227 	ld	l, -21 (ix)
   0729 E5            [11] 1228 	push	hl
   072A D5            [11] 1229 	push	de
   072B C5            [11] 1230 	push	bc
   072C DD 66 ED      [19] 1231 	ld	h, -19 (ix)
   072F DD 6E EE      [19] 1232 	ld	l, -18 (ix)
   0732 E5            [11] 1233 	push	hl
   0733 DD 6E F0      [19] 1234 	ld	l,-16 (ix)
   0736 DD 66 F1      [19] 1235 	ld	h,-15 (ix)
   0739 E5            [11] 1236 	push	hl
   073A DD 6E F4      [19] 1237 	ld	l,-12 (ix)
   073D DD 66 F5      [19] 1238 	ld	h,-11 (ix)
   0740 E5            [11] 1239 	push	hl
   0741 CDr19r00      [17] 1240 	call	_rect_overlap
   0744 FD 21 0C 00   [14] 1241 	ld	iy, #12
   0748 FD 39         [15] 1242 	add	iy, sp
   074A FD F9         [10] 1243 	ld	sp, iy
   074C 7D            [ 4] 1244 	ld	a, l
   074D B7            [ 4] 1245 	or	a, a
   074E 28 12         [12] 1246 	jr	Z,00146$
                           1247 ;src/game.c:215: if (g_lives) g_lives--;
   0750 FD 21r82r00   [14] 1248 	ld	iy, #_g_lives
   0754 FD 7E 00      [19] 1249 	ld	a, 0 (iy)
   0757 B7            [ 4] 1250 	or	a, a
   0758 28 03         [12] 1251 	jr	Z,00144$
   075A FD 35 00      [23] 1252 	dec	0 (iy)
   075D                    1253 00144$:
                           1254 ;src/game.c:216: g_damagecooldown = 40;
   075D 21r8Br00      [10] 1255 	ld	hl,#_g_damagecooldown + 0
   0760 36 28         [10] 1256 	ld	(hl), #0x28
   0762                    1257 00146$:
                           1258 ;src/game.c:219: if (!g_damagecooldown && collision_is_on_trap((i16)g_player.x, (i16)g_player.y, g_player.w, g_player.h)) {
   0762 3Ar8Br00      [13] 1259 	ld	a,(#_g_damagecooldown + 0)
   0765 B7            [ 4] 1260 	or	a, a
   0766 20 40         [12] 1261 	jr	NZ,00155$
   0768 3Ar05r00      [13] 1262 	ld	a, (#(_g_player + 0x0005) + 0)
   076B 21r04r00      [10] 1263 	ld	hl, #(_g_player + 0x0004) + 0
   076E 56            [ 7] 1264 	ld	d, (hl)
   076F 21r01r00      [10] 1265 	ld	hl, #(_g_player + 0x0001) + 0
   0772 4E            [ 7] 1266 	ld	c, (hl)
   0773 06 00         [ 7] 1267 	ld	b, #0x00
   0775 21r00r00      [10] 1268 	ld	hl, #_g_player + 0
   0778 6E            [ 7] 1269 	ld	l, (hl)
   0779 DD 75 E9      [19] 1270 	ld	-23 (ix), l
   077C DD 36 EA 00   [19] 1271 	ld	-22 (ix), #0x00
   0780 F5            [11] 1272 	push	af
   0781 33            [ 6] 1273 	inc	sp
   0782 D5            [11] 1274 	push	de
   0783 33            [ 6] 1275 	inc	sp
   0784 C5            [11] 1276 	push	bc
   0785 DD 6E E9      [19] 1277 	ld	l,-23 (ix)
   0788 DD 66 EA      [19] 1278 	ld	h,-22 (ix)
   078B E5            [11] 1279 	push	hl
   078C CDr00r00      [17] 1280 	call	_collision_is_on_trap
   078F F1            [10] 1281 	pop	af
   0790 F1            [10] 1282 	pop	af
   0791 F1            [10] 1283 	pop	af
   0792 7D            [ 4] 1284 	ld	a, l
   0793 B7            [ 4] 1285 	or	a, a
   0794 28 12         [12] 1286 	jr	Z,00155$
                           1287 ;src/game.c:220: if (g_lives) g_lives--;
   0796 FD 21r82r00   [14] 1288 	ld	iy, #_g_lives
   079A FD 7E 00      [19] 1289 	ld	a, 0 (iy)
   079D B7            [ 4] 1290 	or	a, a
   079E 28 03         [12] 1291 	jr	Z,00150$
   07A0 FD 35 00      [23] 1292 	dec	0 (iy)
   07A3                    1293 00150$:
                           1294 ;src/game.c:221: g_damagecooldown = 40;
   07A3 21r8Br00      [10] 1295 	ld	hl,#_g_damagecooldown + 0
   07A6 36 28         [10] 1296 	ld	(hl), #0x28
   07A8                    1297 00155$:
                           1298 ;src/game.c:225: if (g_lives == 0) {
   07A8 3Ar82r00      [13] 1299 	ld	a,(#_g_lives + 0)
   07AB B7            [ 4] 1300 	or	a, a
   07AC 20 1A         [12] 1301 	jr	NZ,00160$
                           1302 ;src/game.c:226: if (g_checkpointactive) {
   07AE 3Ar93r00      [13] 1303 	ld	a,(#_g_checkpointactive + 0)
   07B1 B7            [ 4] 1304 	or	a, a
   07B2 28 0F         [12] 1305 	jr	Z,00157$
                           1306 ;src/game.c:227: g_lives = 2;
   07B4 21r82r00      [10] 1307 	ld	hl,#_g_lives + 0
   07B7 36 02         [10] 1308 	ld	(hl), #0x02
                           1309 ;src/game.c:228: reset_player_to_checkpoint();
   07B9 CDr00r00      [17] 1310 	call	_reset_player_to_checkpoint
                           1311 ;src/game.c:229: g_damagecooldown = 50;
   07BC 21r8Br00      [10] 1312 	ld	hl,#_g_damagecooldown + 0
   07BF 36 32         [10] 1313 	ld	(hl), #0x32
   07C1 18 05         [12] 1314 	jr	00160$
   07C3                    1315 00157$:
                           1316 ;src/game.c:231: g_gameover = 1;
   07C3 21r8Er00      [10] 1317 	ld	hl,#_g_gameover + 0
   07C6 36 01         [10] 1318 	ld	(hl), #0x01
   07C8                    1319 00160$:
                           1320 ;src/game.c:235: if (!g_checkpointactive && g_player.x >= 44) {
   07C8 FD 21r93r00   [14] 1321 	ld	iy, #_g_checkpointactive
   07CC FD 7E 00      [19] 1322 	ld	a, 0 (iy)
   07CF B7            [ 4] 1323 	or	a, a
   07D0 20 15         [12] 1324 	jr	NZ,00162$
   07D2 3Ar00r00      [13] 1325 	ld	a, (#_g_player + 0)
   07D5 D6 2C         [ 7] 1326 	sub	a, #0x2c
   07D7 38 0E         [12] 1327 	jr	C,00162$
                           1328 ;src/game.c:236: g_checkpointactive = 1;
   07D9 FD 36 00 01   [19] 1329 	ld	0 (iy), #0x01
                           1330 ;src/game.c:237: g_checkpointx = 44;
   07DD 21r91r00      [10] 1331 	ld	hl,#_g_checkpointx + 0
   07E0 36 2C         [10] 1332 	ld	(hl), #0x2c
                           1333 ;src/game.c:238: g_checkpointy = 120;
   07E2 21r92r00      [10] 1334 	ld	hl,#_g_checkpointy + 0
   07E5 36 78         [10] 1335 	ld	(hl), #0x78
   07E7                    1336 00162$:
                           1337 ;src/game.c:241: if (!g_hiddenrewardtaken && tilemap_is_hidden_zone((i16)g_player.x, (i16)g_player.y, g_player.w, g_player.h)) {
   07E7 3Ar94r00      [13] 1338 	ld	a,(#_g_hiddenrewardtaken + 0)
   07EA B7            [ 4] 1339 	or	a, a
   07EB 20 5B         [12] 1340 	jr	NZ,00169$
   07ED 3Ar05r00      [13] 1341 	ld	a, (#(_g_player + 0x0005) + 0)
   07F0 21r04r00      [10] 1342 	ld	hl, #(_g_player + 0x0004) + 0
   07F3 56            [ 7] 1343 	ld	d, (hl)
   07F4 21r01r00      [10] 1344 	ld	hl, #(_g_player + 0x0001) + 0
   07F7 4E            [ 7] 1345 	ld	c, (hl)
   07F8 06 00         [ 7] 1346 	ld	b, #0x00
   07FA 21r00r00      [10] 1347 	ld	hl, #_g_player + 0
   07FD 6E            [ 7] 1348 	ld	l, (hl)
   07FE DD 75 E9      [19] 1349 	ld	-23 (ix), l
   0801 DD 36 EA 00   [19] 1350 	ld	-22 (ix), #0x00
   0805 F5            [11] 1351 	push	af
   0806 33            [ 6] 1352 	inc	sp
   0807 D5            [11] 1353 	push	de
   0808 33            [ 6] 1354 	inc	sp
   0809 C5            [11] 1355 	push	bc
   080A DD 6E E9      [19] 1356 	ld	l,-23 (ix)
   080D DD 66 EA      [19] 1357 	ld	h,-22 (ix)
   0810 E5            [11] 1358 	push	hl
   0811 CDr00r00      [17] 1359 	call	_tilemap_is_hidden_zone
   0814 F1            [10] 1360 	pop	af
   0815 F1            [10] 1361 	pop	af
   0816 F1            [10] 1362 	pop	af
   0817 7D            [ 4] 1363 	ld	a, l
   0818 B7            [ 4] 1364 	or	a, a
   0819 28 2D         [12] 1365 	jr	Z,00169$
                           1366 ;src/game.c:242: g_hiddenrewardtaken = 1;
   081B 21r94r00      [10] 1367 	ld	hl,#_g_hiddenrewardtaken + 0
   081E 36 01         [10] 1368 	ld	(hl), #0x01
                           1369 ;src/game.c:243: if (g_lives < 5) g_lives++;
   0820 FD 21r82r00   [14] 1370 	ld	iy, #_g_lives
   0824 FD 7E 00      [19] 1371 	ld	a, 0 (iy)
   0827 D6 05         [ 7] 1372 	sub	a, #0x05
   0829 30 03         [12] 1373 	jr	NC,00165$
   082B FD 34 00      [23] 1374 	inc	0 (iy)
   082E                    1375 00165$:
                           1376 ;src/game.c:244: if (g_weaponlevel < 2) g_weaponlevel++;
   082E FD 21r86r00   [14] 1377 	ld	iy, #_g_weaponlevel
   0832 FD 7E 00      [19] 1378 	ld	a, 0 (iy)
   0835 D6 02         [ 7] 1379 	sub	a, #0x02
   0837 30 03         [12] 1380 	jr	NC,00167$
   0839 FD 34 00      [23] 1381 	inc	0 (iy)
   083C                    1382 00167$:
                           1383 ;src/game.c:245: g_score = (u16)(g_score + 250);
   083C 21r83r00      [10] 1384 	ld	hl, #_g_score
   083F 7E            [ 7] 1385 	ld	a, (hl)
   0840 C6 FA         [ 7] 1386 	add	a, #0xfa
   0842 77            [ 7] 1387 	ld	(hl), a
   0843 23            [ 6] 1388 	inc	hl
   0844 7E            [ 7] 1389 	ld	a, (hl)
   0845 CE 00         [ 7] 1390 	adc	a, #0x00
   0847 77            [ 7] 1391 	ld	(hl), a
   0848                    1392 00169$:
                           1393 ;src/game.c:248: if (g_score >= 800 && g_weaponlevel < 1) g_weaponlevel = 1;
   0848 FD 21r83r00   [14] 1394 	ld	iy, #_g_score
   084C FD 7E 00      [19] 1395 	ld	a, 0 (iy)
   084F D6 20         [ 7] 1396 	sub	a, #0x20
   0851 FD 7E 01      [19] 1397 	ld	a, 1 (iy)
   0854 DE 03         [ 7] 1398 	sbc	a, #0x03
   0856 38 0F         [12] 1399 	jr	C,00172$
   0858 FD 21r86r00   [14] 1400 	ld	iy, #_g_weaponlevel
   085C FD 7E 00      [19] 1401 	ld	a, 0 (iy)
   085F D6 01         [ 7] 1402 	sub	a, #0x01
   0861 30 04         [12] 1403 	jr	NC,00172$
   0863 FD 36 00 01   [19] 1404 	ld	0 (iy), #0x01
   0867                    1405 00172$:
                           1406 ;src/game.c:249: if (g_score >= 1600 && g_weaponlevel < 2) g_weaponlevel = 2;
   0867 FD 21r83r00   [14] 1407 	ld	iy, #_g_score
   086B FD 7E 00      [19] 1408 	ld	a, 0 (iy)
   086E D6 40         [ 7] 1409 	sub	a, #0x40
   0870 FD 7E 01      [19] 1410 	ld	a, 1 (iy)
   0873 DE 06         [ 7] 1411 	sbc	a, #0x06
   0875 38 0F         [12] 1412 	jr	C,00175$
   0877 FD 21r86r00   [14] 1413 	ld	iy, #_g_weaponlevel
   087B FD 7E 00      [19] 1414 	ld	a, 0 (iy)
   087E D6 02         [ 7] 1415 	sub	a, #0x02
   0880 30 04         [12] 1416 	jr	NC,00175$
   0882 FD 36 00 02   [19] 1417 	ld	0 (iy), #0x02
   0886                    1418 00175$:
                           1419 ;src/game.c:250: g_weapondisplay = (u8)(g_weaponlevel + 1);
   0886 21r87r00      [10] 1420 	ld	hl, #_g_weapondisplay
   0889 3Ar86r00      [13] 1421 	ld	a,(#_g_weaponlevel + 0)
   088C 3C            [ 4] 1422 	inc	a
   088D 77            [ 7] 1423 	ld	(hl), a
                           1424 ;src/game.c:252: if (g_aliveenemies == 0 && !g_gameover) {
   088E 3Ar89r00      [13] 1425 	ld	a,(#_g_aliveenemies + 0)
   0891 B7            [ 4] 1426 	or	a, a
   0892 20 43         [12] 1427 	jr	NZ,00187$
   0894 3Ar8Er00      [13] 1428 	ld	a,(#_g_gameover + 0)
   0897 B7            [ 4] 1429 	or	a, a
   0898 20 3D         [12] 1430 	jr	NZ,00187$
                           1431 ;src/game.c:253: if (g_currentwave < TOTAL_WAVES) {
   089A 3Ar88r00      [13] 1432 	ld	a,(#_g_currentwave + 0)
   089D D6 03         [ 7] 1433 	sub	a, #0x03
   089F 30 20         [12] 1434 	jr	NC,00184$
                           1435 ;src/game.c:254: if (g_wavecooldown == 0) {
   08A1 3Ar8Ar00      [13] 1436 	ld	a,(#_g_wavecooldown + 0)
   08A4 B7            [ 4] 1437 	or	a, a
   08A5 20 14         [12] 1438 	jr	NZ,00178$
                           1439 ;src/game.c:255: spawn_wave(g_currentwave);
   08A7 3Ar88r00      [13] 1440 	ld	a, (_g_currentwave)
   08AA F5            [11] 1441 	push	af
   08AB 33            [ 6] 1442 	inc	sp
   08AC CDrA6r00      [17] 1443 	call	_spawn_wave
   08AF 33            [ 6] 1444 	inc	sp
                           1445 ;src/game.c:256: g_currentwave++;
   08B0 21r88r00      [10] 1446 	ld	hl, #_g_currentwave+0
   08B3 34            [11] 1447 	inc	(hl)
                           1448 ;src/game.c:257: g_wavecooldown = 100;
   08B4 21r8Ar00      [10] 1449 	ld	hl,#_g_wavecooldown + 0
   08B7 36 64         [10] 1450 	ld	(hl), #0x64
   08B9 18 1C         [12] 1451 	jr	00187$
   08BB                    1452 00178$:
                           1453 ;src/game.c:259: g_wavecooldown--;
   08BB 21r8Ar00      [10] 1454 	ld	hl, #_g_wavecooldown+0
   08BE 35            [11] 1455 	dec	(hl)
   08BF 18 16         [12] 1456 	jr	00187$
   08C1                    1457 00184$:
                           1458 ;src/game.c:261: } else if (!g_bossactive && g_player.x >= tilemap_goal_x()) {
   08C1 3Ar9Fr00      [13] 1459 	ld	a,(#_g_bossactive + 0)
   08C4 B7            [ 4] 1460 	or	a, a
   08C5 20 10         [12] 1461 	jr	NZ,00187$
   08C7 21r00r00      [10] 1462 	ld	hl, #_g_player + 0
   08CA 4E            [ 7] 1463 	ld	c, (hl)
   08CB C5            [11] 1464 	push	bc
   08CC CDr00r00      [17] 1465 	call	_tilemap_goal_x
   08CF C1            [10] 1466 	pop	bc
   08D0 79            [ 4] 1467 	ld	a, c
   08D1 95            [ 4] 1468 	sub	a, l
   08D2 38 03         [12] 1469 	jr	C,00187$
                           1470 ;src/game.c:262: spawn_boss();
   08D4 CDr7Br01      [17] 1471 	call	_spawn_boss
   08D7                    1472 00187$:
                           1473 ;src/game.c:266: g_framecounter++;
   08D7 FD 21r8Fr00   [14] 1474 	ld	iy, #_g_framecounter
   08DB FD 34 00      [23] 1475 	inc	0 (iy)
   08DE 20 03         [12] 1476 	jr	NZ,00445$
   08E0 FD 34 01      [23] 1477 	inc	1 (iy)
   08E3                    1478 00445$:
                           1479 ;src/game.c:267: if ((g_framecounter % 50) == 0 && g_timeleft > 0) {
   08E3 21 32 00      [10] 1480 	ld	hl, #0x0032
   08E6 E5            [11] 1481 	push	hl
   08E7 2Ar8Fr00      [16] 1482 	ld	hl, (_g_framecounter)
   08EA E5            [11] 1483 	push	hl
   08EB CDr00r00      [17] 1484 	call	__moduint
   08EE F1            [10] 1485 	pop	af
   08EF F1            [10] 1486 	pop	af
   08F0 7C            [ 4] 1487 	ld	a, h
   08F1 B5            [ 4] 1488 	or	a,l
   08F2 20 0D         [12] 1489 	jr	NZ,00190$
   08F4 FD 21r85r00   [14] 1490 	ld	iy, #_g_timeleft
   08F8 FD 7E 00      [19] 1491 	ld	a, 0 (iy)
   08FB B7            [ 4] 1492 	or	a, a
   08FC 28 03         [12] 1493 	jr	Z,00190$
                           1494 ;src/game.c:268: g_timeleft--;
   08FE FD 35 00      [23] 1495 	dec	0 (iy)
   0901                    1496 00190$:
                           1497 ;src/game.c:270: if (g_timeleft == 0 && !g_victory) {
   0901 3Ar85r00      [13] 1498 	ld	a,(#_g_timeleft + 0)
   0904 B7            [ 4] 1499 	or	a, a
   0905 20 0B         [12] 1500 	jr	NZ,00193$
   0907 3Ar8Dr00      [13] 1501 	ld	a,(#_g_victory + 0)
   090A B7            [ 4] 1502 	or	a, a
   090B 20 05         [12] 1503 	jr	NZ,00193$
                           1504 ;src/game.c:271: g_gameover = 1;
   090D 21r8Er00      [10] 1505 	ld	hl,#_g_gameover + 0
   0910 36 01         [10] 1506 	ld	(hl), #0x01
   0912                    1507 00193$:
                           1508 ;src/game.c:274: hudupdate(g_lives, g_score, g_timeleft, g_weapondisplay);
   0912 3Ar87r00      [13] 1509 	ld	a, (_g_weapondisplay)
   0915 F5            [11] 1510 	push	af
   0916 33            [ 6] 1511 	inc	sp
   0917 3Ar85r00      [13] 1512 	ld	a, (_g_timeleft)
   091A F5            [11] 1513 	push	af
   091B 33            [ 6] 1514 	inc	sp
   091C 2Ar83r00      [16] 1515 	ld	hl, (_g_score)
   091F E5            [11] 1516 	push	hl
   0920 3Ar82r00      [13] 1517 	ld	a, (_g_lives)
   0923 F5            [11] 1518 	push	af
   0924 33            [ 6] 1519 	inc	sp
   0925 CDr00r00      [17] 1520 	call	_hudupdate
   0928 F1            [10] 1521 	pop	af
   0929 F1            [10] 1522 	pop	af
   092A 33            [ 6] 1523 	inc	sp
   092B                    1524 00202$:
   092B DD F9         [10] 1525 	ld	sp, ix
   092D DD E1         [14] 1526 	pop	ix
   092F C9            [10] 1527 	ret
                           1528 ;src/game.c:277: void game_render(void) {
                           1529 ;	---------------------------------
                           1530 ; Function game_render
                           1531 ; ---------------------------------
   0930                    1532 _game_render::
                           1533 ;src/game.c:280: cpct_clearScreen(0x00);
   0930 21 00 40      [10] 1534 	ld	hl, #0x4000
   0933 E5            [11] 1535 	push	hl
   0934 AF            [ 4] 1536 	xor	a, a
   0935 F5            [11] 1537 	push	af
   0936 33            [ 6] 1538 	inc	sp
   0937 26 C0         [ 7] 1539 	ld	h, #0xc0
   0939 E5            [11] 1540 	push	hl
   093A CDr00r00      [17] 1541 	call	_cpct_memset
                           1542 ;src/game.c:281: tilemap_render();
   093D CDr00r00      [17] 1543 	call	_tilemap_render
                           1544 ;src/game.c:283: for (i = 0; i < MAX_PROJECTILES; ++i) {
   0940 0E 00         [ 7] 1545 	ld	c, #0x00
   0942                    1546 00113$:
                           1547 ;src/game.c:284: projectilerender(&g_projectiles[i]);
   0942 06 00         [ 7] 1548 	ld	b,#0x00
   0944 69            [ 4] 1549 	ld	l, c
   0945 60            [ 4] 1550 	ld	h, b
   0946 29            [11] 1551 	add	hl, hl
   0947 29            [11] 1552 	add	hl, hl
   0948 09            [11] 1553 	add	hl, bc
   0949 29            [11] 1554 	add	hl, hl
   094A 11r46r00      [10] 1555 	ld	de, #_g_projectiles
   094D 19            [11] 1556 	add	hl, de
   094E C5            [11] 1557 	push	bc
   094F E5            [11] 1558 	push	hl
   0950 CDr00r00      [17] 1559 	call	_projectilerender
   0953 F1            [10] 1560 	pop	af
   0954 C1            [10] 1561 	pop	bc
                           1562 ;src/game.c:283: for (i = 0; i < MAX_PROJECTILES; ++i) {
   0955 0C            [ 4] 1563 	inc	c
   0956 79            [ 4] 1564 	ld	a, c
   0957 D6 06         [ 7] 1565 	sub	a, #0x06
   0959 38 E7         [12] 1566 	jr	C,00113$
                           1567 ;src/game.c:287: for (i = 0; i < MAX_ENEMIES; ++i) {
   095B 0E 00         [ 7] 1568 	ld	c, #0x00
   095D                    1569 00115$:
                           1570 ;src/game.c:288: enemyrender(&g_enemies[i]);
   095D 06 00         [ 7] 1571 	ld	b,#0x00
   095F 69            [ 4] 1572 	ld	l, c
   0960 60            [ 4] 1573 	ld	h, b
   0961 29            [11] 1574 	add	hl, hl
   0962 29            [11] 1575 	add	hl, hl
   0963 09            [11] 1576 	add	hl, bc
   0964 29            [11] 1577 	add	hl, hl
   0965 11r0Ar00      [10] 1578 	ld	de, #_g_enemies
   0968 19            [11] 1579 	add	hl, de
   0969 C5            [11] 1580 	push	bc
   096A E5            [11] 1581 	push	hl
   096B CDr00r00      [17] 1582 	call	_enemyrender
   096E F1            [10] 1583 	pop	af
   096F C1            [10] 1584 	pop	bc
                           1585 ;src/game.c:287: for (i = 0; i < MAX_ENEMIES; ++i) {
   0970 0C            [ 4] 1586 	inc	c
   0971 79            [ 4] 1587 	ld	a, c
   0972 D6 06         [ 7] 1588 	sub	a, #0x06
   0974 38 E7         [12] 1589 	jr	C,00115$
                           1590 ;src/game.c:291: if (g_bossactive) {
   0976 3Ar9Fr00      [13] 1591 	ld	a,(#_g_bossactive + 0)
   0979 B7            [ 4] 1592 	or	a, a
   097A 28 08         [12] 1593 	jr	Z,00104$
                           1594 ;src/game.c:292: enemyrender(&g_boss);
   097C 21r95r00      [10] 1595 	ld	hl, #_g_boss
   097F E5            [11] 1596 	push	hl
   0980 CDr00r00      [17] 1597 	call	_enemyrender
   0983 F1            [10] 1598 	pop	af
   0984                    1599 00104$:
                           1600 ;src/game.c:295: playerrender(&g_player);
   0984 21r00r00      [10] 1601 	ld	hl, #_g_player
   0987 E5            [11] 1602 	push	hl
   0988 CDr00r00      [17] 1603 	call	_playerrender
   098B F1            [10] 1604 	pop	af
                           1605 ;src/game.c:296: hudrender();
   098C CDr00r00      [17] 1606 	call	_hudrender
                           1607 ;src/game.c:298: if (g_victory) {
   098F 3Ar8Dr00      [13] 1608 	ld	a,(#_g_victory + 0)
   0992 B7            [ 4] 1609 	or	a, a
   0993 28 1B         [12] 1610 	jr	Z,00111$
                           1611 ;src/game.c:299: cpct_drawSolidBox(cpct_getScreenPtr(CPCT_VMEM_START, 28, 72), 0x5C, 24, 8);
   0995 21 1C 48      [10] 1612 	ld	hl, #0x481c
   0998 E5            [11] 1613 	push	hl
   0999 21 00 C0      [10] 1614 	ld	hl, #0xc000
   099C E5            [11] 1615 	push	hl
   099D CDr00r00      [17] 1616 	call	_cpct_getScreenPtr
   09A0 01 18 08      [10] 1617 	ld	bc, #0x0818
   09A3 C5            [11] 1618 	push	bc
   09A4 3E 5C         [ 7] 1619 	ld	a, #0x5c
   09A6 F5            [11] 1620 	push	af
   09A7 33            [ 6] 1621 	inc	sp
   09A8 E5            [11] 1622 	push	hl
   09A9 CDr00r00      [17] 1623 	call	_cpct_drawSolidBox
   09AC F1            [10] 1624 	pop	af
   09AD F1            [10] 1625 	pop	af
   09AE 33            [ 6] 1626 	inc	sp
   09AF C9            [10] 1627 	ret
   09B0                    1628 00111$:
                           1629 ;src/game.c:300: } else if (g_gameover) {
   09B0 3Ar8Er00      [13] 1630 	ld	a,(#_g_gameover + 0)
   09B3 B7            [ 4] 1631 	or	a, a
   09B4 28 1B         [12] 1632 	jr	Z,00108$
                           1633 ;src/game.c:301: cpct_drawSolidBox(cpct_getScreenPtr(CPCT_VMEM_START, 28, 72), 0x4C, 24, 8);
   09B6 21 1C 48      [10] 1634 	ld	hl, #0x481c
   09B9 E5            [11] 1635 	push	hl
   09BA 21 00 C0      [10] 1636 	ld	hl, #0xc000
   09BD E5            [11] 1637 	push	hl
   09BE CDr00r00      [17] 1638 	call	_cpct_getScreenPtr
   09C1 01 18 08      [10] 1639 	ld	bc, #0x0818
   09C4 C5            [11] 1640 	push	bc
   09C5 3E 4C         [ 7] 1641 	ld	a, #0x4c
   09C7 F5            [11] 1642 	push	af
   09C8 33            [ 6] 1643 	inc	sp
   09C9 E5            [11] 1644 	push	hl
   09CA CDr00r00      [17] 1645 	call	_cpct_drawSolidBox
   09CD F1            [10] 1646 	pop	af
   09CE F1            [10] 1647 	pop	af
   09CF 33            [ 6] 1648 	inc	sp
   09D0 C9            [10] 1649 	ret
   09D1                    1650 00108$:
                           1651 ;src/game.c:302: } else if (g_checkpointactive) {
   09D1 3Ar93r00      [13] 1652 	ld	a,(#_g_checkpointactive + 0)
   09D4 B7            [ 4] 1653 	or	a, a
   09D5 C8            [11] 1654 	ret	Z
                           1655 ;src/game.c:303: cpct_drawSolidBox(cpct_getScreenPtr(CPCT_VMEM_START, 44, 150), 0x3A, 2, 10);
   09D6 21 2C 96      [10] 1656 	ld	hl, #0x962c
   09D9 E5            [11] 1657 	push	hl
   09DA 21 00 C0      [10] 1658 	ld	hl, #0xc000
   09DD E5            [11] 1659 	push	hl
   09DE CDr00r00      [17] 1660 	call	_cpct_getScreenPtr
   09E1 01 02 0A      [10] 1661 	ld	bc, #0x0a02
   09E4 C5            [11] 1662 	push	bc
   09E5 3E 3A         [ 7] 1663 	ld	a, #0x3a
   09E7 F5            [11] 1664 	push	af
   09E8 33            [ 6] 1665 	inc	sp
   09E9 E5            [11] 1666 	push	hl
   09EA CDr00r00      [17] 1667 	call	_cpct_drawSolidBox
   09ED F1            [10] 1668 	pop	af
   09EE F1            [10] 1669 	pop	af
   09EF 33            [ 6] 1670 	inc	sp
   09F0 C9            [10] 1671 	ret
                           1672 	.area _CODE
                           1673 	.area _INITIALIZER
                           1674 	.area _CABS (ABS)
