                              1 ;--------------------------------------------------------
                              2 ; File Created by SDCC : free open source ANSI-C Compiler
                              3 ; Version 3.6.8 #9946 (Mac OS X ppc)
                              4 ;--------------------------------------------------------
                              5 	.module hud
                              6 	.optsdcc -mz80
                              7 	
                              8 ;--------------------------------------------------------
                              9 ; Public variables in this module
                             10 ;--------------------------------------------------------
                             11 	.globl _cpct_getScreenPtr
                             12 	.globl _cpct_drawSprite
                             13 	.globl _hudinit
                             14 	.globl _hudupdate
                             15 	.globl _hudrender
                             16 ;--------------------------------------------------------
                             17 ; special function registers
                             18 ;--------------------------------------------------------
                             19 ;--------------------------------------------------------
                             20 ; ram data
                             21 ;--------------------------------------------------------
                             22 	.area _DATA
   0000                      23 _currenthealth:
   0000                      24 	.ds 1
   0001                      25 _currentscore:
   0001                      26 	.ds 2
   0003                      27 _currenttime:
   0003                      28 	.ds 1
   0004                      29 _currentlives:
   0004                      30 	.ds 1
   0005                      31 _currentweapon:
   0005                      32 	.ds 1
                             33 ;--------------------------------------------------------
                             34 ; ram data
                             35 ;--------------------------------------------------------
                             36 	.area _INITIALIZED
                             37 ;--------------------------------------------------------
                             38 ; absolute external ram data
                             39 ;--------------------------------------------------------
                             40 	.area _DABS (ABS)
                             41 ;--------------------------------------------------------
                             42 ; global & static initialisations
                             43 ;--------------------------------------------------------
                             44 	.area _HOME
                             45 	.area _GSINIT
                             46 	.area _GSFINAL
                             47 	.area _GSINIT
                             48 ;--------------------------------------------------------
                             49 ; Home
                             50 ;--------------------------------------------------------
                             51 	.area _HOME
                             52 	.area _HOME
                             53 ;--------------------------------------------------------
                             54 ; code
                             55 ;--------------------------------------------------------
                             56 	.area _CODE
                             57 ;src/systems/hud.c:16: static const u8* hud_get_number_sprite(u8 digit) {
                             58 ;	---------------------------------
                             59 ; Function hud_get_number_sprite
                             60 ; ---------------------------------
   0000                      61 _hud_get_number_sprite:
                             62 ;src/systems/hud.c:18: return _hud_dummy_sprite;
   0000 21r04r00      [10]   63 	ld	hl, #__hud_dummy_sprite
   0003 C9            [10]   64 	ret
   0004                      65 __hud_dummy_sprite:
   0004 00                   66 	.db #0x00	; 0
   0005 00                   67 	.db 0x00
   0006 00                   68 	.db 0x00
   0007 00                   69 	.db 0x00
   0008 00                   70 	.db 0x00
   0009 00                   71 	.db 0x00
   000A 00                   72 	.db 0x00
   000B 00                   73 	.db 0x00
   000C 00                   74 	.db 0x00
   000D 00                   75 	.db 0x00
   000E 00                   76 	.db 0x00
   000F 00                   77 	.db 0x00
   0010 00                   78 	.db 0x00
   0011 00                   79 	.db 0x00
   0012 00                   80 	.db 0x00
   0013 00                   81 	.db 0x00
   0014 00                   82 	.db 0x00
   0015 00                   83 	.db 0x00
   0016 00                   84 	.db 0x00
   0017 00                   85 	.db 0x00
   0018 00                   86 	.db 0x00
   0019 00                   87 	.db 0x00
   001A 00                   88 	.db 0x00
   001B 00                   89 	.db 0x00
   001C 00                   90 	.db 0x00
   001D 00                   91 	.db 0x00
   001E 00                   92 	.db 0x00
   001F 00                   93 	.db 0x00
   0020 00                   94 	.db 0x00
   0021 00                   95 	.db 0x00
   0022 00                   96 	.db 0x00
   0023 00                   97 	.db 0x00
   0024 00                   98 	.db 0x00
   0025 00                   99 	.db 0x00
   0026 00                  100 	.db 0x00
   0027 00                  101 	.db 0x00
   0028 00                  102 	.db 0x00
   0029 00                  103 	.db 0x00
   002A 00                  104 	.db 0x00
   002B 00                  105 	.db 0x00
   002C 00                  106 	.db 0x00
   002D 00                  107 	.db 0x00
   002E 00                  108 	.db 0x00
   002F 00                  109 	.db 0x00
   0030 00                  110 	.db 0x00
   0031 00                  111 	.db 0x00
   0032 00                  112 	.db 0x00
   0033 00                  113 	.db 0x00
   0034 00                  114 	.db 0x00
   0035 00                  115 	.db 0x00
   0036 00                  116 	.db 0x00
   0037 00                  117 	.db 0x00
   0038 00                  118 	.db 0x00
   0039 00                  119 	.db 0x00
   003A 00                  120 	.db 0x00
   003B 00                  121 	.db 0x00
   003C 00                  122 	.db 0x00
   003D 00                  123 	.db 0x00
   003E 00                  124 	.db 0x00
   003F 00                  125 	.db 0x00
   0040 00                  126 	.db 0x00
   0041 00                  127 	.db 0x00
   0042 00                  128 	.db 0x00
   0043 00                  129 	.db 0x00
   0044                     130 _hudhealth:
   0044 00                  131 	.db #0x00	; 0
   0045 00                  132 	.db 0x00
   0046 00                  133 	.db 0x00
   0047 00                  134 	.db 0x00
   0048 00                  135 	.db 0x00
   0049 00                  136 	.db 0x00
   004A 00                  137 	.db 0x00
   004B 00                  138 	.db 0x00
   004C 00                  139 	.db 0x00
   004D 00                  140 	.db 0x00
   004E 00                  141 	.db 0x00
   004F 00                  142 	.db 0x00
   0050 00                  143 	.db 0x00
   0051 00                  144 	.db 0x00
   0052 00                  145 	.db 0x00
   0053 00                  146 	.db 0x00
   0054 00                  147 	.db 0x00
   0055 00                  148 	.db 0x00
   0056 00                  149 	.db 0x00
   0057 00                  150 	.db 0x00
   0058 00                  151 	.db 0x00
   0059 00                  152 	.db 0x00
   005A 00                  153 	.db 0x00
   005B 00                  154 	.db 0x00
   005C 00                  155 	.db 0x00
   005D 00                  156 	.db 0x00
   005E 00                  157 	.db 0x00
   005F 00                  158 	.db 0x00
   0060 00                  159 	.db 0x00
   0061 00                  160 	.db 0x00
   0062 00                  161 	.db 0x00
   0063 00                  162 	.db 0x00
   0064 00                  163 	.db 0x00
   0065 00                  164 	.db 0x00
   0066 00                  165 	.db 0x00
   0067 00                  166 	.db 0x00
   0068 00                  167 	.db 0x00
   0069 00                  168 	.db 0x00
   006A 00                  169 	.db 0x00
   006B 00                  170 	.db 0x00
   006C 00                  171 	.db 0x00
   006D 00                  172 	.db 0x00
   006E 00                  173 	.db 0x00
   006F 00                  174 	.db 0x00
   0070 00                  175 	.db 0x00
   0071 00                  176 	.db 0x00
   0072 00                  177 	.db 0x00
   0073 00                  178 	.db 0x00
   0074 00                  179 	.db 0x00
   0075 00                  180 	.db 0x00
   0076 00                  181 	.db 0x00
   0077 00                  182 	.db 0x00
   0078 00                  183 	.db 0x00
   0079 00                  184 	.db 0x00
   007A 00                  185 	.db 0x00
   007B 00                  186 	.db 0x00
   007C 00                  187 	.db 0x00
   007D 00                  188 	.db 0x00
   007E 00                  189 	.db 0x00
   007F 00                  190 	.db 0x00
   0080 00                  191 	.db 0x00
   0081 00                  192 	.db 0x00
   0082 00                  193 	.db 0x00
   0083 00                  194 	.db 0x00
   0084                     195 _hudlives:
   0084 00                  196 	.db #0x00	; 0
   0085 00                  197 	.db 0x00
   0086 00                  198 	.db 0x00
   0087 00                  199 	.db 0x00
   0088 00                  200 	.db 0x00
   0089 00                  201 	.db 0x00
   008A 00                  202 	.db 0x00
   008B 00                  203 	.db 0x00
   008C 00                  204 	.db 0x00
   008D 00                  205 	.db 0x00
   008E 00                  206 	.db 0x00
   008F 00                  207 	.db 0x00
   0090 00                  208 	.db 0x00
   0091 00                  209 	.db 0x00
   0092 00                  210 	.db 0x00
   0093 00                  211 	.db 0x00
   0094 00                  212 	.db 0x00
   0095 00                  213 	.db 0x00
   0096 00                  214 	.db 0x00
   0097 00                  215 	.db 0x00
   0098 00                  216 	.db 0x00
   0099 00                  217 	.db 0x00
   009A 00                  218 	.db 0x00
   009B 00                  219 	.db 0x00
   009C 00                  220 	.db 0x00
   009D 00                  221 	.db 0x00
   009E 00                  222 	.db 0x00
   009F 00                  223 	.db 0x00
   00A0 00                  224 	.db 0x00
   00A1 00                  225 	.db 0x00
   00A2 00                  226 	.db 0x00
   00A3 00                  227 	.db 0x00
   00A4 00                  228 	.db 0x00
   00A5 00                  229 	.db 0x00
   00A6 00                  230 	.db 0x00
   00A7 00                  231 	.db 0x00
   00A8 00                  232 	.db 0x00
   00A9 00                  233 	.db 0x00
   00AA 00                  234 	.db 0x00
   00AB 00                  235 	.db 0x00
   00AC 00                  236 	.db 0x00
   00AD 00                  237 	.db 0x00
   00AE 00                  238 	.db 0x00
   00AF 00                  239 	.db 0x00
   00B0 00                  240 	.db 0x00
   00B1 00                  241 	.db 0x00
   00B2 00                  242 	.db 0x00
   00B3 00                  243 	.db 0x00
   00B4 00                  244 	.db 0x00
   00B5 00                  245 	.db 0x00
   00B6 00                  246 	.db 0x00
   00B7 00                  247 	.db 0x00
   00B8 00                  248 	.db 0x00
   00B9 00                  249 	.db 0x00
   00BA 00                  250 	.db 0x00
   00BB 00                  251 	.db 0x00
   00BC 00                  252 	.db 0x00
   00BD 00                  253 	.db 0x00
   00BE 00                  254 	.db 0x00
   00BF 00                  255 	.db 0x00
   00C0 00                  256 	.db 0x00
   00C1 00                  257 	.db 0x00
   00C2 00                  258 	.db 0x00
   00C3 00                  259 	.db 0x00
                            260 ;src/systems/hud.c:21: static void hud_draw_digits(u16 value, u8 digits, u8 startx, u8 y) {
                            261 ;	---------------------------------
                            262 ; Function hud_draw_digits
                            263 ; ---------------------------------
   00C4                     264 _hud_draw_digits:
   00C4 DD E5         [15]  265 	push	ix
   00C6 DD 21 00 00   [14]  266 	ld	ix,#0
   00CA DD 39         [15]  267 	add	ix,sp
   00CC 3B            [ 6]  268 	dec	sp
                            269 ;src/systems/hud.c:27: divisor = 1;
   00CD 01 01 00      [10]  270 	ld	bc, #0x0001
                            271 ;src/systems/hud.c:28: for (i = 1; i < digits; ++i) {
   00D0 1E 01         [ 7]  272 	ld	e, #0x01
   00D2                     273 00106$:
   00D2 7B            [ 4]  274 	ld	a, e
   00D3 DD 96 06      [19]  275 	sub	a, 6 (ix)
   00D6 30 0B         [12]  276 	jr	NC,00101$
                            277 ;src/systems/hud.c:29: divisor *= 10;
   00D8 69            [ 4]  278 	ld	l, c
   00D9 60            [ 4]  279 	ld	h, b
   00DA 29            [11]  280 	add	hl, hl
   00DB 29            [11]  281 	add	hl, hl
   00DC 09            [11]  282 	add	hl, bc
   00DD 29            [11]  283 	add	hl, hl
   00DE 4D            [ 4]  284 	ld	c, l
   00DF 44            [ 4]  285 	ld	b, h
                            286 ;src/systems/hud.c:28: for (i = 1; i < digits; ++i) {
   00E0 1C            [ 4]  287 	inc	e
   00E1 18 EF         [12]  288 	jr	00106$
   00E3                     289 00101$:
                            290 ;src/systems/hud.c:32: for (i = 0; i < digits; ++i) {
   00E3 DD 36 FF 00   [19]  291 	ld	-1 (ix), #0x00
   00E7                     292 00109$:
   00E7 DD 7E FF      [19]  293 	ld	a, -1 (ix)
   00EA DD 96 06      [19]  294 	sub	a, 6 (ix)
   00ED D2r6Cr01      [10]  295 	jp	NC, 00111$
                            296 ;src/systems/hud.c:33: digit = (u8)(value / divisor);
   00F0 C5            [11]  297 	push	bc
   00F1 C5            [11]  298 	push	bc
   00F2 DD 6E 04      [19]  299 	ld	l,4 (ix)
   00F5 DD 66 05      [19]  300 	ld	h,5 (ix)
   00F8 E5            [11]  301 	push	hl
   00F9 CDr00r00      [17]  302 	call	__divuint
   00FC F1            [10]  303 	pop	af
   00FD F1            [10]  304 	pop	af
   00FE 5D            [ 4]  305 	ld	e, l
   00FF C1            [10]  306 	pop	bc
                            307 ;src/systems/hud.c:34: value = (u16)(value % divisor);
   0100 C5            [11]  308 	push	bc
   0101 D5            [11]  309 	push	de
   0102 C5            [11]  310 	push	bc
   0103 DD 6E 04      [19]  311 	ld	l,4 (ix)
   0106 DD 66 05      [19]  312 	ld	h,5 (ix)
   0109 E5            [11]  313 	push	hl
   010A CDr00r00      [17]  314 	call	__moduint
   010D F1            [10]  315 	pop	af
   010E F1            [10]  316 	pop	af
   010F D1            [10]  317 	pop	de
   0110 C1            [10]  318 	pop	bc
   0111 DD 75 04      [19]  319 	ld	4 (ix), l
   0114 DD 74 05      [19]  320 	ld	5 (ix), h
                            321 ;src/systems/hud.c:36: pvmem = cpct_getScreenPtr(CPCT_VMEM_START, startx + (i * 8), y);
   0117 DD 7E FF      [19]  322 	ld	a, -1 (ix)
   011A 07            [ 4]  323 	rlca
   011B 07            [ 4]  324 	rlca
   011C 07            [ 4]  325 	rlca
   011D E6 F8         [ 7]  326 	and	a, #0xf8
   011F 57            [ 4]  327 	ld	d, a
   0120 DD 7E 07      [19]  328 	ld	a, 7 (ix)
   0123 82            [ 4]  329 	add	a, d
   0124 57            [ 4]  330 	ld	d, a
   0125 C5            [11]  331 	push	bc
   0126 D5            [11]  332 	push	de
   0127 DD 7E 08      [19]  333 	ld	a, 8 (ix)
   012A F5            [11]  334 	push	af
   012B 33            [ 6]  335 	inc	sp
   012C D5            [11]  336 	push	de
   012D 33            [ 6]  337 	inc	sp
   012E 21 00 C0      [10]  338 	ld	hl, #0xc000
   0131 E5            [11]  339 	push	hl
   0132 CDr00r00      [17]  340 	call	_cpct_getScreenPtr
   0135 D1            [10]  341 	pop	de
   0136 C1            [10]  342 	pop	bc
                            343 ;src/systems/hud.c:37: cpct_drawSprite((u8*)hud_get_number_sprite(digit), pvmem, 8, 8);
   0137 E5            [11]  344 	push	hl
   0138 C5            [11]  345 	push	bc
   0139 7B            [ 4]  346 	ld	a, e
   013A F5            [11]  347 	push	af
   013B 33            [ 6]  348 	inc	sp
   013C CDr00r00      [17]  349 	call	_hud_get_number_sprite
   013F 33            [ 6]  350 	inc	sp
   0140 EB            [ 4]  351 	ex	de,hl
   0141 C1            [10]  352 	pop	bc
   0142 E1            [10]  353 	pop	hl
   0143 D5            [11]  354 	push	de
   0144 FD E1         [14]  355 	pop	iy
   0146 C5            [11]  356 	push	bc
   0147 11 08 08      [10]  357 	ld	de, #0x0808
   014A D5            [11]  358 	push	de
   014B E5            [11]  359 	push	hl
   014C FD E5         [15]  360 	push	iy
   014E CDr00r00      [17]  361 	call	_cpct_drawSprite
   0151 C1            [10]  362 	pop	bc
                            363 ;src/systems/hud.c:39: if (divisor > 1) {
   0152 3E 01         [ 7]  364 	ld	a, #0x01
   0154 B9            [ 4]  365 	cp	a, c
   0155 3E 00         [ 7]  366 	ld	a, #0x00
   0157 98            [ 4]  367 	sbc	a, b
   0158 30 0C         [12]  368 	jr	NC,00110$
                            369 ;src/systems/hud.c:40: divisor /= 10;
   015A 21 0A 00      [10]  370 	ld	hl, #0x000a
   015D E5            [11]  371 	push	hl
   015E C5            [11]  372 	push	bc
   015F CDr00r00      [17]  373 	call	__divuint
   0162 F1            [10]  374 	pop	af
   0163 F1            [10]  375 	pop	af
   0164 4D            [ 4]  376 	ld	c, l
   0165 44            [ 4]  377 	ld	b, h
   0166                     378 00110$:
                            379 ;src/systems/hud.c:32: for (i = 0; i < digits; ++i) {
   0166 DD 34 FF      [23]  380 	inc	-1 (ix)
   0169 C3rE7r00      [10]  381 	jp	00109$
   016C                     382 00111$:
   016C 33            [ 6]  383 	inc	sp
   016D DD E1         [14]  384 	pop	ix
   016F C9            [10]  385 	ret
                            386 ;src/systems/hud.c:45: void hudinit(void) {
                            387 ;	---------------------------------
                            388 ; Function hudinit
                            389 ; ---------------------------------
   0170                     390 _hudinit::
                            391 ;src/systems/hud.c:46: currenthealth = 3;
   0170 21r00r00      [10]  392 	ld	hl,#_currenthealth + 0
   0173 36 03         [10]  393 	ld	(hl), #0x03
                            394 ;src/systems/hud.c:47: currentscore  = 0;
   0175 21 00 00      [10]  395 	ld	hl, #0x0000
   0178 22r01r00      [16]  396 	ld	(_currentscore), hl
                            397 ;src/systems/hud.c:48: currenttime   = 90;
   017B 21r03r00      [10]  398 	ld	hl,#_currenttime + 0
   017E 36 5A         [10]  399 	ld	(hl), #0x5a
                            400 ;src/systems/hud.c:49: currentlives  = 3;
   0180 21r04r00      [10]  401 	ld	hl,#_currentlives + 0
   0183 36 03         [10]  402 	ld	(hl), #0x03
                            403 ;src/systems/hud.c:50: currentweapon = 0;
   0185 21r05r00      [10]  404 	ld	hl,#_currentweapon + 0
   0188 36 00         [10]  405 	ld	(hl), #0x00
   018A C9            [10]  406 	ret
                            407 ;src/systems/hud.c:53: void hudupdate(u8 lives, u16 score, u8 time, u8 weapon) {
                            408 ;	---------------------------------
                            409 ; Function hudupdate
                            410 ; ---------------------------------
   018B                     411 _hudupdate::
                            412 ;src/systems/hud.c:54: currenthealth = lives;
   018B 21 02 00      [10]  413 	ld	hl, #2+0
   018E 39            [11]  414 	add	hl, sp
   018F 7E            [ 7]  415 	ld	a, (hl)
   0190 32r00r00      [13]  416 	ld	(#_currenthealth + 0),a
                            417 ;src/systems/hud.c:55: currentscore  = score;
   0193 21 03 00      [10]  418 	ld	hl, #3+0
   0196 39            [11]  419 	add	hl, sp
   0197 7E            [ 7]  420 	ld	a, (hl)
   0198 32r01r00      [13]  421 	ld	(#_currentscore + 0),a
   019B 21 04 00      [10]  422 	ld	hl, #3+1
   019E 39            [11]  423 	add	hl, sp
   019F 7E            [ 7]  424 	ld	a, (hl)
   01A0 32r02r00      [13]  425 	ld	(#_currentscore + 1),a
                            426 ;src/systems/hud.c:56: currenttime   = time;
   01A3 21 05 00      [10]  427 	ld	hl, #5+0
   01A6 39            [11]  428 	add	hl, sp
   01A7 7E            [ 7]  429 	ld	a, (hl)
   01A8 32r03r00      [13]  430 	ld	(#_currenttime + 0),a
                            431 ;src/systems/hud.c:57: currentlives  = lives;
   01AB 21 02 00      [10]  432 	ld	hl, #2+0
   01AE 39            [11]  433 	add	hl, sp
   01AF 7E            [ 7]  434 	ld	a, (hl)
   01B0 32r04r00      [13]  435 	ld	(#_currentlives + 0),a
                            436 ;src/systems/hud.c:58: currentweapon = weapon;
   01B3 21 06 00      [10]  437 	ld	hl, #6+0
   01B6 39            [11]  438 	add	hl, sp
   01B7 7E            [ 7]  439 	ld	a, (hl)
   01B8 32r05r00      [13]  440 	ld	(#_currentweapon + 0),a
   01BB C9            [10]  441 	ret
                            442 ;src/systems/hud.c:61: void hudrender(void) {
                            443 ;	---------------------------------
                            444 ; Function hudrender
                            445 ; ---------------------------------
   01BC                     446 _hudrender::
                            447 ;src/systems/hud.c:67: for (i = 0; i < currenthealth; ++i) {
   01BC 0E 00         [ 7]  448 	ld	c, #0x00
   01BE                     449 00103$:
   01BE 21r00r00      [10]  450 	ld	hl, #_currenthealth
                            451 ;src/systems/hud.c:68: pvmem = cpct_getScreenPtr(CPCT_VMEM_START, (i * 8), 2);
   01C1 79            [ 4]  452 	ld	a,c
   01C2 BE            [ 7]  453 	cp	a,(hl)
   01C3 30 24         [12]  454 	jr	NC,00101$
   01C5 07            [ 4]  455 	rlca
   01C6 07            [ 4]  456 	rlca
   01C7 07            [ 4]  457 	rlca
   01C8 E6 F8         [ 7]  458 	and	a, #0xf8
   01CA 47            [ 4]  459 	ld	b, a
   01CB C5            [11]  460 	push	bc
   01CC 3E 02         [ 7]  461 	ld	a, #0x02
   01CE F5            [11]  462 	push	af
   01CF 33            [ 6]  463 	inc	sp
   01D0 C5            [11]  464 	push	bc
   01D1 33            [ 6]  465 	inc	sp
   01D2 21 00 C0      [10]  466 	ld	hl, #0xc000
   01D5 E5            [11]  467 	push	hl
   01D6 CDr00r00      [17]  468 	call	_cpct_getScreenPtr
   01D9 11 08 08      [10]  469 	ld	de, #0x0808
   01DC D5            [11]  470 	push	de
   01DD E5            [11]  471 	push	hl
   01DE 21r44r00      [10]  472 	ld	hl, #_hudhealth
   01E1 E5            [11]  473 	push	hl
   01E2 CDr00r00      [17]  474 	call	_cpct_drawSprite
   01E5 C1            [10]  475 	pop	bc
                            476 ;src/systems/hud.c:67: for (i = 0; i < currenthealth; ++i) {
   01E6 0C            [ 4]  477 	inc	c
   01E7 18 D5         [12]  478 	jr	00103$
   01E9                     479 00101$:
                            480 ;src/systems/hud.c:72: scoretemp = currentscore;
   01E9 2Ar01r00      [16]  481 	ld	hl, (_currentscore)
                            482 ;src/systems/hud.c:73: hud_draw_digits(scoretemp, 4, 24, 2);
   01EC 01 18 02      [10]  483 	ld	bc, #0x0218
   01EF C5            [11]  484 	push	bc
   01F0 3E 04         [ 7]  485 	ld	a, #0x04
   01F2 F5            [11]  486 	push	af
   01F3 33            [ 6]  487 	inc	sp
   01F4 E5            [11]  488 	push	hl
   01F5 CDrC4r00      [17]  489 	call	_hud_draw_digits
   01F8 F1            [10]  490 	pop	af
   01F9 F1            [10]  491 	pop	af
   01FA 33            [ 6]  492 	inc	sp
                            493 ;src/systems/hud.c:75: timetemp = currenttime;
   01FB 21r03r00      [10]  494 	ld	hl,#_currenttime + 0
   01FE 4E            [ 7]  495 	ld	c, (hl)
                            496 ;src/systems/hud.c:76: hud_draw_digits((u16)timetemp, 3, 56, 2);
   01FF 06 00         [ 7]  497 	ld	b, #0x00
   0201 21 38 02      [10]  498 	ld	hl, #0x0238
   0204 E5            [11]  499 	push	hl
   0205 3E 03         [ 7]  500 	ld	a, #0x03
   0207 F5            [11]  501 	push	af
   0208 33            [ 6]  502 	inc	sp
   0209 C5            [11]  503 	push	bc
   020A CDrC4r00      [17]  504 	call	_hud_draw_digits
   020D F1            [10]  505 	pop	af
                            506 ;src/systems/hud.c:78: pvmem = cpct_getScreenPtr(CPCT_VMEM_START, 2, 180);
   020E 33            [ 6]  507 	inc	sp
   020F 21 02 B4      [10]  508 	ld	hl,#0xb402
   0212 E3            [19]  509 	ex	(sp),hl
   0213 21 00 C0      [10]  510 	ld	hl, #0xc000
   0216 E5            [11]  511 	push	hl
   0217 CDr00r00      [17]  512 	call	_cpct_getScreenPtr
                            513 ;src/systems/hud.c:79: cpct_drawSprite((u8*)hudlives, pvmem, 8, 8);
   021A 01r84r00      [10]  514 	ld	bc, #_hudlives+0
   021D 11 08 08      [10]  515 	ld	de, #0x0808
   0220 D5            [11]  516 	push	de
   0221 E5            [11]  517 	push	hl
   0222 C5            [11]  518 	push	bc
   0223 CDr00r00      [17]  519 	call	_cpct_drawSprite
                            520 ;src/systems/hud.c:81: pvmem = cpct_getScreenPtr(CPCT_VMEM_START, 12, 180);
   0226 21 0C B4      [10]  521 	ld	hl, #0xb40c
   0229 E5            [11]  522 	push	hl
   022A 21 00 C0      [10]  523 	ld	hl, #0xc000
   022D E5            [11]  524 	push	hl
   022E CDr00r00      [17]  525 	call	_cpct_getScreenPtr
                            526 ;src/systems/hud.c:82: cpct_drawSprite((u8*)hud_get_number_sprite(currentlives % 10), pvmem, 8, 8);
   0231 E5            [11]  527 	push	hl
   0232 3E 0A         [ 7]  528 	ld	a, #0x0a
   0234 F5            [11]  529 	push	af
   0235 33            [ 6]  530 	inc	sp
   0236 3Ar04r00      [13]  531 	ld	a, (_currentlives)
   0239 F5            [11]  532 	push	af
   023A 33            [ 6]  533 	inc	sp
   023B CDr00r00      [17]  534 	call	__moduchar
   023E F1            [10]  535 	pop	af
   023F 55            [ 4]  536 	ld	d, l
   0240 D5            [11]  537 	push	de
   0241 33            [ 6]  538 	inc	sp
   0242 CDr00r00      [17]  539 	call	_hud_get_number_sprite
   0245 33            [ 6]  540 	inc	sp
   0246 C1            [10]  541 	pop	bc
   0247 11 08 08      [10]  542 	ld	de, #0x0808
   024A D5            [11]  543 	push	de
   024B C5            [11]  544 	push	bc
   024C E5            [11]  545 	push	hl
   024D CDr00r00      [17]  546 	call	_cpct_drawSprite
                            547 ;src/systems/hud.c:84: pvmem = cpct_getScreenPtr(CPCT_VMEM_START, 70, 180);
   0250 21 46 B4      [10]  548 	ld	hl, #0xb446
   0253 E5            [11]  549 	push	hl
   0254 21 00 C0      [10]  550 	ld	hl, #0xc000
   0257 E5            [11]  551 	push	hl
   0258 CDr00r00      [17]  552 	call	_cpct_getScreenPtr
                            553 ;src/systems/hud.c:85: cpct_drawSprite((u8*)hud_get_number_sprite(currentweapon % 10), pvmem, 8, 8);
   025B E5            [11]  554 	push	hl
   025C 3E 0A         [ 7]  555 	ld	a, #0x0a
   025E F5            [11]  556 	push	af
   025F 33            [ 6]  557 	inc	sp
   0260 3Ar05r00      [13]  558 	ld	a, (_currentweapon)
   0263 F5            [11]  559 	push	af
   0264 33            [ 6]  560 	inc	sp
   0265 CDr00r00      [17]  561 	call	__moduchar
   0268 F1            [10]  562 	pop	af
   0269 55            [ 4]  563 	ld	d, l
   026A D5            [11]  564 	push	de
   026B 33            [ 6]  565 	inc	sp
   026C CDr00r00      [17]  566 	call	_hud_get_number_sprite
   026F 33            [ 6]  567 	inc	sp
   0270 C1            [10]  568 	pop	bc
   0271 11 08 08      [10]  569 	ld	de, #0x0808
   0274 D5            [11]  570 	push	de
   0275 C5            [11]  571 	push	bc
   0276 E5            [11]  572 	push	hl
   0277 CDr00r00      [17]  573 	call	_cpct_drawSprite
   027A C9            [10]  574 	ret
                            575 	.area _CODE
                            576 	.area _INITIALIZER
                            577 	.area _CABS (ABS)
