                              1 ;--------------------------------------------------------
                              2 ; File Created by SDCC : free open source ANSI-C Compiler
                              3 ; Version 3.6.8 #9946 (Mac OS X ppc)
                              4 ;--------------------------------------------------------
                              5 	.module tilemap
                              6 	.optsdcc -mz80
                              7 	
                              8 ;--------------------------------------------------------
                              9 ; Public variables in this module
                             10 ;--------------------------------------------------------
                             11 	.globl _cpct_getScreenPtr
                             12 	.globl _cpct_drawSolidBox
                             13 	.globl _tilemap_init
                             14 	.globl _tilemap_render
                             15 	.globl _tilemap_ground_y
                             16 	.globl _tilemap_platform_y_at
                             17 	.globl _tilemap_is_trap
                             18 	.globl _tilemap_is_ladder
                             19 	.globl _tilemap_is_hidden_zone
                             20 	.globl _tilemap_goal_x
                             21 ;--------------------------------------------------------
                             22 ; special function registers
                             23 ;--------------------------------------------------------
                             24 ;--------------------------------------------------------
                             25 ; ram data
                             26 ;--------------------------------------------------------
                             27 	.area _DATA
                             28 ;--------------------------------------------------------
                             29 ; ram data
                             30 ;--------------------------------------------------------
                             31 	.area _INITIALIZED
   0000                      32 _gtilegroundy:
   0000                      33 	.ds 1
   0001                      34 _gtileplatformy:
   0001                      35 	.ds 1
   0002                      36 _ggoalx:
   0002                      37 	.ds 1
   0003                      38 _gladderx:
   0003                      39 	.ds 1
                             40 ;--------------------------------------------------------
                             41 ; absolute external ram data
                             42 ;--------------------------------------------------------
                             43 	.area _DABS (ABS)
                             44 ;--------------------------------------------------------
                             45 ; global & static initialisations
                             46 ;--------------------------------------------------------
                             47 	.area _HOME
                             48 	.area _GSINIT
                             49 	.area _GSFINAL
                             50 	.area _GSINIT
                             51 ;--------------------------------------------------------
                             52 ; Home
                             53 ;--------------------------------------------------------
                             54 	.area _HOME
                             55 	.area _HOME
                             56 ;--------------------------------------------------------
                             57 ; code
                             58 ;--------------------------------------------------------
                             59 	.area _CODE
                             60 ;src/systems/tilemap.c:10: void tilemap_init(void) {
                             61 ;	---------------------------------
                             62 ; Function tilemap_init
                             63 ; ---------------------------------
   0000                      64 _tilemap_init::
                             65 ;src/systems/tilemap.c:11: if (level1tilemapheight > 2) {
   0000 2Ar00r00      [16]   66 	ld	hl, (_level1tilemapheight)
   0003 3E 02         [ 7]   67 	ld	a, #0x02
   0005 BD            [ 4]   68 	cp	a, l
   0006 3E 00         [ 7]   69 	ld	a, #0x00
   0008 9C            [ 4]   70 	sbc	a, h
   0009 30 0D         [12]   71 	jr	NC,00102$
                             72 ;src/systems/tilemap.c:12: gtilegroundy = (u8)((level1tilemapheight - 2) * 8);
   000B 7D            [ 4]   73 	ld	a, l
   000C C6 FE         [ 7]   74 	add	a, #0xfe
   000E 07            [ 4]   75 	rlca
   000F 07            [ 4]   76 	rlca
   0010 07            [ 4]   77 	rlca
   0011 E6 F8         [ 7]   78 	and	a, #0xf8
   0013 32r00r00      [13]   79 	ld	(#_gtilegroundy + 0),a
   0016 18 05         [12]   80 	jr	00103$
   0018                      81 00102$:
                             82 ;src/systems/tilemap.c:14: gtilegroundy = 160;
   0018 21r00r00      [10]   83 	ld	hl,#_gtilegroundy + 0
   001B 36 A0         [10]   84 	ld	(hl), #0xa0
   001D                      85 00103$:
                             86 ;src/systems/tilemap.c:16: gtileplatformy = (u8)(gtilegroundy - 24);
   001D 21r01r00      [10]   87 	ld	hl, #_gtileplatformy
   0020 3Ar00r00      [13]   88 	ld	a,(#_gtilegroundy + 0)
   0023 C6 E8         [ 7]   89 	add	a, #0xe8
   0025 77            [ 7]   90 	ld	(hl), a
                             91 ;src/systems/tilemap.c:17: ggoalx = 72;
   0026 21r02r00      [10]   92 	ld	hl,#_ggoalx + 0
   0029 36 48         [10]   93 	ld	(hl), #0x48
                             94 ;src/systems/tilemap.c:18: gladderx = 36;
   002B 21r03r00      [10]   95 	ld	hl,#_gladderx + 0
   002E 36 24         [10]   96 	ld	(hl), #0x24
   0030 C9            [10]   97 	ret
                             98 ;src/systems/tilemap.c:21: void tilemap_render(void) {
                             99 ;	---------------------------------
                            100 ; Function tilemap_render
                            101 ; ---------------------------------
   0031                     102 _tilemap_render::
                            103 ;src/systems/tilemap.c:23: pvmem = cpct_getScreenPtr(CPCT_VMEM_START, 0, gtilegroundy);
   0031 3Ar00r00      [13]  104 	ld	a, (_gtilegroundy)
   0034 F5            [11]  105 	push	af
   0035 33            [ 6]  106 	inc	sp
   0036 AF            [ 4]  107 	xor	a, a
   0037 F5            [11]  108 	push	af
   0038 33            [ 6]  109 	inc	sp
   0039 21 00 C0      [10]  110 	ld	hl, #0xc000
   003C E5            [11]  111 	push	hl
   003D CDr00r00      [17]  112 	call	_cpct_getScreenPtr
                            113 ;src/systems/tilemap.c:24: cpct_drawSolidBox(pvmem, 0x11, 80, 8);
   0040 01 50 08      [10]  114 	ld	bc, #0x0850
   0043 C5            [11]  115 	push	bc
   0044 3E 11         [ 7]  116 	ld	a, #0x11
   0046 F5            [11]  117 	push	af
   0047 33            [ 6]  118 	inc	sp
   0048 E5            [11]  119 	push	hl
   0049 CDr00r00      [17]  120 	call	_cpct_drawSolidBox
   004C F1            [10]  121 	pop	af
   004D F1            [10]  122 	pop	af
   004E 33            [ 6]  123 	inc	sp
                            124 ;src/systems/tilemap.c:26: pvmem = cpct_getScreenPtr(CPCT_VMEM_START, 24, gtileplatformy);
   004F 3Ar01r00      [13]  125 	ld	a, (_gtileplatformy)
   0052 57            [ 4]  126 	ld	d,a
   0053 1E 18         [ 7]  127 	ld	e,#0x18
   0055 D5            [11]  128 	push	de
   0056 21 00 C0      [10]  129 	ld	hl, #0xc000
   0059 E5            [11]  130 	push	hl
   005A CDr00r00      [17]  131 	call	_cpct_getScreenPtr
                            132 ;src/systems/tilemap.c:27: cpct_drawSolidBox(pvmem, 0x33, 32, 4);
   005D 01 20 04      [10]  133 	ld	bc, #0x0420
   0060 C5            [11]  134 	push	bc
   0061 3E 33         [ 7]  135 	ld	a, #0x33
   0063 F5            [11]  136 	push	af
   0064 33            [ 6]  137 	inc	sp
   0065 E5            [11]  138 	push	hl
   0066 CDr00r00      [17]  139 	call	_cpct_drawSolidBox
   0069 F1            [10]  140 	pop	af
   006A F1            [10]  141 	pop	af
   006B 33            [ 6]  142 	inc	sp
                            143 ;src/systems/tilemap.c:29: pvmem = cpct_getScreenPtr(CPCT_VMEM_START, gladderx, gtileplatformy);
   006C 3Ar01r00      [13]  144 	ld	a, (_gtileplatformy)
   006F F5            [11]  145 	push	af
   0070 33            [ 6]  146 	inc	sp
   0071 3Ar03r00      [13]  147 	ld	a, (_gladderx)
   0074 F5            [11]  148 	push	af
   0075 33            [ 6]  149 	inc	sp
   0076 21 00 C0      [10]  150 	ld	hl, #0xc000
   0079 E5            [11]  151 	push	hl
   007A CDr00r00      [17]  152 	call	_cpct_getScreenPtr
   007D 4D            [ 4]  153 	ld	c, l
   007E 44            [ 4]  154 	ld	b, h
                            155 ;src/systems/tilemap.c:30: cpct_drawSolidBox(pvmem, 0x4A, 2, (u8)(gtilegroundy - gtileplatformy));
   007F 21r01r00      [10]  156 	ld	hl, #_gtileplatformy
   0082 3Ar00r00      [13]  157 	ld	a,(#_gtilegroundy + 0)
   0085 96            [ 7]  158 	sub	a, (hl)
   0086 57            [ 4]  159 	ld	d, a
   0087 D5            [11]  160 	push	de
   0088 33            [ 6]  161 	inc	sp
   0089 21 4A 02      [10]  162 	ld	hl, #0x024a
   008C E5            [11]  163 	push	hl
   008D C5            [11]  164 	push	bc
   008E CDr00r00      [17]  165 	call	_cpct_drawSolidBox
   0091 F1            [10]  166 	pop	af
                            167 ;src/systems/tilemap.c:32: pvmem = cpct_getScreenPtr(CPCT_VMEM_START, 4, 56);
   0092 33            [ 6]  168 	inc	sp
   0093 21 04 38      [10]  169 	ld	hl,#0x3804
   0096 E3            [19]  170 	ex	(sp),hl
   0097 21 00 C0      [10]  171 	ld	hl, #0xc000
   009A E5            [11]  172 	push	hl
   009B CDr00r00      [17]  173 	call	_cpct_getScreenPtr
                            174 ;src/systems/tilemap.c:33: cpct_drawSolidBox(pvmem, 0x22, 14, 8);
   009E 01 0E 08      [10]  175 	ld	bc, #0x080e
   00A1 C5            [11]  176 	push	bc
   00A2 3E 22         [ 7]  177 	ld	a, #0x22
   00A4 F5            [11]  178 	push	af
   00A5 33            [ 6]  179 	inc	sp
   00A6 E5            [11]  180 	push	hl
   00A7 CDr00r00      [17]  181 	call	_cpct_drawSolidBox
   00AA F1            [10]  182 	pop	af
   00AB F1            [10]  183 	pop	af
   00AC 33            [ 6]  184 	inc	sp
                            185 ;src/systems/tilemap.c:35: pvmem = cpct_getScreenPtr(CPCT_VMEM_START, 56, gtilegroundy - 2);
   00AD 21r00r00      [10]  186 	ld	hl,#_gtilegroundy + 0
   00B0 46            [ 7]  187 	ld	b, (hl)
   00B1 05            [ 4]  188 	dec	b
   00B2 05            [ 4]  189 	dec	b
   00B3 C5            [11]  190 	push	bc
   00B4 33            [ 6]  191 	inc	sp
   00B5 3E 38         [ 7]  192 	ld	a, #0x38
   00B7 F5            [11]  193 	push	af
   00B8 33            [ 6]  194 	inc	sp
   00B9 21 00 C0      [10]  195 	ld	hl, #0xc000
   00BC E5            [11]  196 	push	hl
   00BD CDr00r00      [17]  197 	call	_cpct_getScreenPtr
                            198 ;src/systems/tilemap.c:36: cpct_drawSolidBox(pvmem, 0x66, 16, 2);
   00C0 01 10 02      [10]  199 	ld	bc, #0x0210
   00C3 C5            [11]  200 	push	bc
   00C4 3E 66         [ 7]  201 	ld	a, #0x66
   00C6 F5            [11]  202 	push	af
   00C7 33            [ 6]  203 	inc	sp
   00C8 E5            [11]  204 	push	hl
   00C9 CDr00r00      [17]  205 	call	_cpct_drawSolidBox
   00CC F1            [10]  206 	pop	af
   00CD F1            [10]  207 	pop	af
   00CE 33            [ 6]  208 	inc	sp
                            209 ;src/systems/tilemap.c:38: pvmem = cpct_getScreenPtr(CPCT_VMEM_START, ggoalx, gtilegroundy - 16);
   00CF 3Ar00r00      [13]  210 	ld	a,(#_gtilegroundy + 0)
   00D2 C6 F0         [ 7]  211 	add	a, #0xf0
   00D4 47            [ 4]  212 	ld	b, a
   00D5 C5            [11]  213 	push	bc
   00D6 33            [ 6]  214 	inc	sp
   00D7 3Ar02r00      [13]  215 	ld	a, (_ggoalx)
   00DA F5            [11]  216 	push	af
   00DB 33            [ 6]  217 	inc	sp
   00DC 21 00 C0      [10]  218 	ld	hl, #0xc000
   00DF E5            [11]  219 	push	hl
   00E0 CDr00r00      [17]  220 	call	_cpct_getScreenPtr
                            221 ;src/systems/tilemap.c:39: cpct_drawSolidBox(pvmem, 0x5F, 2, 16);
   00E3 01 02 10      [10]  222 	ld	bc, #0x1002
   00E6 C5            [11]  223 	push	bc
   00E7 3E 5F         [ 7]  224 	ld	a, #0x5f
   00E9 F5            [11]  225 	push	af
   00EA 33            [ 6]  226 	inc	sp
   00EB E5            [11]  227 	push	hl
   00EC CDr00r00      [17]  228 	call	_cpct_drawSolidBox
   00EF F1            [10]  229 	pop	af
   00F0 F1            [10]  230 	pop	af
   00F1 33            [ 6]  231 	inc	sp
   00F2 C9            [10]  232 	ret
                            233 ;src/systems/tilemap.c:42: u8 tilemap_ground_y(void) {
                            234 ;	---------------------------------
                            235 ; Function tilemap_ground_y
                            236 ; ---------------------------------
   00F3                     237 _tilemap_ground_y::
                            238 ;src/systems/tilemap.c:43: return gtilegroundy;
   00F3 FD 21r00r00   [14]  239 	ld	iy, #_gtilegroundy
   00F7 FD 6E 00      [19]  240 	ld	l, 0 (iy)
   00FA C9            [10]  241 	ret
                            242 ;src/systems/tilemap.c:46: u8 tilemap_platform_y_at(i16 x) {
                            243 ;	---------------------------------
                            244 ; Function tilemap_platform_y_at
                            245 ; ---------------------------------
   00FB                     246 _tilemap_platform_y_at::
                            247 ;src/systems/tilemap.c:47: if (x >= 24 && x <= 56) {
   00FB FD 21 02 00   [14]  248 	ld	iy, #2
   00FF FD 39         [15]  249 	add	iy, sp
   0101 FD 7E 00      [19]  250 	ld	a, 0 (iy)
   0104 D6 18         [ 7]  251 	sub	a, #0x18
   0106 FD 7E 01      [19]  252 	ld	a, 1 (iy)
   0109 17            [ 4]  253 	rla
   010A 3F            [ 4]  254 	ccf
   010B 1F            [ 4]  255 	rra
   010C DE 80         [ 7]  256 	sbc	a, #0x80
   010E 38 1A         [12]  257 	jr	C,00102$
   0110 3E 38         [ 7]  258 	ld	a, #0x38
   0112 FD BE 00      [19]  259 	cp	a, 0 (iy)
   0115 3E 00         [ 7]  260 	ld	a, #0x00
   0117 FD 9E 01      [19]  261 	sbc	a, 1 (iy)
   011A E2r1Fr01      [10]  262 	jp	PO, 00114$
   011D EE 80         [ 7]  263 	xor	a, #0x80
   011F                     264 00114$:
   011F FAr2Ar01      [10]  265 	jp	M, 00102$
                            266 ;src/systems/tilemap.c:48: return gtileplatformy;
   0122 FD 21r01r00   [14]  267 	ld	iy, #_gtileplatformy
   0126 FD 6E 00      [19]  268 	ld	l, 0 (iy)
   0129 C9            [10]  269 	ret
   012A                     270 00102$:
                            271 ;src/systems/tilemap.c:50: return 255;
   012A 2E FF         [ 7]  272 	ld	l, #0xff
   012C C9            [10]  273 	ret
                            274 ;src/systems/tilemap.c:53: u8 tilemap_is_trap(i16 x, i16 y, u8 w, u8 h) {
                            275 ;	---------------------------------
                            276 ; Function tilemap_is_trap
                            277 ; ---------------------------------
   012D                     278 _tilemap_is_trap::
   012D DD E5         [15]  279 	push	ix
   012F DD 21 00 00   [14]  280 	ld	ix,#0
   0133 DD 39         [15]  281 	add	ix,sp
   0135 F5            [11]  282 	push	af
                            283 ;src/systems/tilemap.c:58: left = x;
   0136 DD 4E 04      [19]  284 	ld	c,4 (ix)
   0139 DD 46 05      [19]  285 	ld	b,5 (ix)
                            286 ;src/systems/tilemap.c:59: right = x + (i16)w;
   013C DD 6E 08      [19]  287 	ld	l, 8 (ix)
   013F 26 00         [ 7]  288 	ld	h, #0x00
   0141 09            [11]  289 	add	hl, bc
   0142 33            [ 6]  290 	inc	sp
   0143 33            [ 6]  291 	inc	sp
   0144 E5            [11]  292 	push	hl
                            293 ;src/systems/tilemap.c:60: feet = y + (i16)h;
   0145 DD 5E 09      [19]  294 	ld	e, 9 (ix)
   0148 16 00         [ 7]  295 	ld	d, #0x00
   014A DD 6E 06      [19]  296 	ld	l,6 (ix)
   014D DD 66 07      [19]  297 	ld	h,7 (ix)
   0150 19            [11]  298 	add	hl, de
   0151 EB            [ 4]  299 	ex	de,hl
                            300 ;src/systems/tilemap.c:62: if (feet >= (i16)gtilegroundy - 2 && left < 72 && right > 56) {
   0152 FD 21r00r00   [14]  301 	ld	iy, #_gtilegroundy
   0156 FD 6E 00      [19]  302 	ld	l, 0 (iy)
   0159 26 00         [ 7]  303 	ld	h, #0x00
   015B 2B            [ 6]  304 	dec	hl
   015C 2B            [ 6]  305 	dec	hl
   015D 7B            [ 4]  306 	ld	a, e
   015E 95            [ 4]  307 	sub	a, l
   015F 7A            [ 4]  308 	ld	a, d
   0160 9C            [ 4]  309 	sbc	a, h
   0161 E2r66r01      [10]  310 	jp	PO, 00119$
   0164 EE 80         [ 7]  311 	xor	a, #0x80
   0166                     312 00119$:
   0166 FAr8Ar01      [10]  313 	jp	M, 00102$
   0169 79            [ 4]  314 	ld	a, c
   016A D6 48         [ 7]  315 	sub	a, #0x48
   016C 78            [ 4]  316 	ld	a, b
   016D 17            [ 4]  317 	rla
   016E 3F            [ 4]  318 	ccf
   016F 1F            [ 4]  319 	rra
   0170 DE 80         [ 7]  320 	sbc	a, #0x80
   0172 30 16         [12]  321 	jr	NC,00102$
   0174 3E 38         [ 7]  322 	ld	a, #0x38
   0176 DD BE FE      [19]  323 	cp	a, -2 (ix)
   0179 3E 00         [ 7]  324 	ld	a, #0x00
   017B DD 9E FF      [19]  325 	sbc	a, -1 (ix)
   017E E2r83r01      [10]  326 	jp	PO, 00120$
   0181 EE 80         [ 7]  327 	xor	a, #0x80
   0183                     328 00120$:
   0183 F2r8Ar01      [10]  329 	jp	P, 00102$
                            330 ;src/systems/tilemap.c:63: return 1;
   0186 2E 01         [ 7]  331 	ld	l, #0x01
   0188 18 02         [12]  332 	jr	00105$
   018A                     333 00102$:
                            334 ;src/systems/tilemap.c:65: return 0;
   018A 2E 00         [ 7]  335 	ld	l, #0x00
   018C                     336 00105$:
   018C DD F9         [10]  337 	ld	sp, ix
   018E DD E1         [14]  338 	pop	ix
   0190 C9            [10]  339 	ret
                            340 ;src/systems/tilemap.c:68: u8 tilemap_is_ladder(i16 x, i16 y, u8 w, u8 h) {
                            341 ;	---------------------------------
                            342 ; Function tilemap_is_ladder
                            343 ; ---------------------------------
   0191                     344 _tilemap_is_ladder::
   0191 DD E5         [15]  345 	push	ix
   0193 DD 21 00 00   [14]  346 	ld	ix,#0
   0197 DD 39         [15]  347 	add	ix,sp
   0199 F5            [11]  348 	push	af
   019A F5            [11]  349 	push	af
                            350 ;src/systems/tilemap.c:73: center = x + ((i16)w / 2);
   019B DD 5E 08      [19]  351 	ld	e, 8 (ix)
   019E 16 00         [ 7]  352 	ld	d, #0x00
   01A0 4B            [ 4]  353 	ld	c, e
   01A1 42            [ 4]  354 	ld	b, d
   01A2 CB 7A         [ 8]  355 	bit	7, d
   01A4 28 03         [12]  356 	jr	Z,00108$
   01A6 4B            [ 4]  357 	ld	c, e
   01A7 42            [ 4]  358 	ld	b, d
   01A8 03            [ 6]  359 	inc	bc
   01A9                     360 00108$:
   01A9 CB 28         [ 8]  361 	sra	b
   01AB CB 19         [ 8]  362 	rr	c
   01AD DD 6E 04      [19]  363 	ld	l,4 (ix)
   01B0 DD 66 05      [19]  364 	ld	h,5 (ix)
   01B3 09            [11]  365 	add	hl, bc
   01B4 DD 75 FE      [19]  366 	ld	-2 (ix), l
   01B7 DD 74 FF      [19]  367 	ld	-1 (ix), h
                            368 ;src/systems/tilemap.c:74: top = y;
   01BA DD 4E 06      [19]  369 	ld	c,6 (ix)
   01BD DD 46 07      [19]  370 	ld	b,7 (ix)
                            371 ;src/systems/tilemap.c:75: bottom = y + (i16)h;
   01C0 DD 6E 09      [19]  372 	ld	l, 9 (ix)
   01C3 26 00         [ 7]  373 	ld	h, #0x00
   01C5 09            [11]  374 	add	hl, bc
   01C6 33            [ 6]  375 	inc	sp
   01C7 33            [ 6]  376 	inc	sp
   01C8 E5            [11]  377 	push	hl
                            378 ;src/systems/tilemap.c:77: if (center >= (i16)gladderx - 1 && center <= (i16)gladderx + 3 &&
   01C9 21r03r00      [10]  379 	ld	hl,#_gladderx + 0
   01CC 5E            [ 7]  380 	ld	e, (hl)
   01CD 16 00         [ 7]  381 	ld	d, #0x00
   01CF 6B            [ 4]  382 	ld	l, e
   01D0 62            [ 4]  383 	ld	h, d
   01D1 2B            [ 6]  384 	dec	hl
   01D2 DD 7E FE      [19]  385 	ld	a, -2 (ix)
   01D5 95            [ 4]  386 	sub	a, l
   01D6 DD 7E FF      [19]  387 	ld	a, -1 (ix)
   01D9 9C            [ 4]  388 	sbc	a, h
   01DA E2rDFr01      [10]  389 	jp	PO, 00129$
   01DD EE 80         [ 7]  390 	xor	a, #0x80
   01DF                     391 00129$:
   01DF FAr20r02      [10]  392 	jp	M, 00102$
   01E2 13            [ 6]  393 	inc	de
   01E3 13            [ 6]  394 	inc	de
   01E4 13            [ 6]  395 	inc	de
   01E5 6A            [ 4]  396 	ld	l, d
   01E6 7B            [ 4]  397 	ld	a, e
   01E7 DD 96 FE      [19]  398 	sub	a, -2 (ix)
   01EA 7D            [ 4]  399 	ld	a, l
   01EB DD 9E FF      [19]  400 	sbc	a, -1 (ix)
   01EE E2rF3r01      [10]  401 	jp	PO, 00130$
   01F1 EE 80         [ 7]  402 	xor	a, #0x80
   01F3                     403 00130$:
   01F3 FAr20r02      [10]  404 	jp	M, 00102$
                            405 ;src/systems/tilemap.c:78: bottom >= (i16)gtileplatformy && top <= (i16)gtilegroundy) {
   01F6 21r01r00      [10]  406 	ld	hl,#_gtileplatformy + 0
   01F9 5E            [ 7]  407 	ld	e, (hl)
   01FA 16 00         [ 7]  408 	ld	d, #0x00
   01FC DD 7E FC      [19]  409 	ld	a, -4 (ix)
   01FF 93            [ 4]  410 	sub	a, e
   0200 DD 7E FD      [19]  411 	ld	a, -3 (ix)
   0203 9A            [ 4]  412 	sbc	a, d
   0204 E2r09r02      [10]  413 	jp	PO, 00131$
   0207 EE 80         [ 7]  414 	xor	a, #0x80
   0209                     415 00131$:
   0209 FAr20r02      [10]  416 	jp	M, 00102$
   020C 3Ar00r00      [13]  417 	ld	a,(#_gtilegroundy + 0)
   020F 16 00         [ 7]  418 	ld	d, #0x00
   0211 91            [ 4]  419 	sub	a, c
   0212 7A            [ 4]  420 	ld	a, d
   0213 98            [ 4]  421 	sbc	a, b
   0214 E2r19r02      [10]  422 	jp	PO, 00132$
   0217 EE 80         [ 7]  423 	xor	a, #0x80
   0219                     424 00132$:
   0219 FAr20r02      [10]  425 	jp	M, 00102$
                            426 ;src/systems/tilemap.c:79: return 1;
   021C 2E 01         [ 7]  427 	ld	l, #0x01
   021E 18 02         [12]  428 	jr	00106$
   0220                     429 00102$:
                            430 ;src/systems/tilemap.c:81: return 0;
   0220 2E 00         [ 7]  431 	ld	l, #0x00
   0222                     432 00106$:
   0222 DD F9         [10]  433 	ld	sp, ix
   0224 DD E1         [14]  434 	pop	ix
   0226 C9            [10]  435 	ret
                            436 ;src/systems/tilemap.c:84: u8 tilemap_is_hidden_zone(i16 x, i16 y, u8 w, u8 h) {
                            437 ;	---------------------------------
                            438 ; Function tilemap_is_hidden_zone
                            439 ; ---------------------------------
   0227                     440 _tilemap_is_hidden_zone::
   0227 DD E5         [15]  441 	push	ix
   0229 DD 21 00 00   [14]  442 	ld	ix,#0
   022D DD 39         [15]  443 	add	ix,sp
   022F F5            [11]  444 	push	af
                            445 ;src/systems/tilemap.c:90: left = x;
   0230 DD 5E 04      [19]  446 	ld	e,4 (ix)
   0233 DD 56 05      [19]  447 	ld	d,5 (ix)
                            448 ;src/systems/tilemap.c:91: right = x + (i16)w;
   0236 DD 6E 08      [19]  449 	ld	l, 8 (ix)
   0239 26 00         [ 7]  450 	ld	h, #0x00
   023B 19            [11]  451 	add	hl, de
   023C 33            [ 6]  452 	inc	sp
   023D 33            [ 6]  453 	inc	sp
   023E E5            [11]  454 	push	hl
                            455 ;src/systems/tilemap.c:92: top = y;
   023F DD 4E 06      [19]  456 	ld	c,6 (ix)
   0242 DD 46 07      [19]  457 	ld	b,7 (ix)
                            458 ;src/systems/tilemap.c:93: bottom = y + (i16)h;
   0245 DD 6E 09      [19]  459 	ld	l, 9 (ix)
   0248 26 00         [ 7]  460 	ld	h, #0x00
   024A 09            [11]  461 	add	hl, bc
                            462 ;src/systems/tilemap.c:95: if (left < 18 && right > 4 && top < 64 && bottom > 52) {
   024B 7B            [ 4]  463 	ld	a, e
   024C D6 12         [ 7]  464 	sub	a, #0x12
   024E 7A            [ 4]  465 	ld	a, d
   024F 17            [ 4]  466 	rla
   0250 3F            [ 4]  467 	ccf
   0251 1F            [ 4]  468 	rra
   0252 DE 80         [ 7]  469 	sbc	a, #0x80
   0254 30 2F         [12]  470 	jr	NC,00102$
   0256 3E 04         [ 7]  471 	ld	a, #0x04
   0258 DD BE FE      [19]  472 	cp	a, -2 (ix)
   025B 3E 00         [ 7]  473 	ld	a, #0x00
   025D DD 9E FF      [19]  474 	sbc	a, -1 (ix)
   0260 E2r65r02      [10]  475 	jp	PO, 00124$
   0263 EE 80         [ 7]  476 	xor	a, #0x80
   0265                     477 00124$:
   0265 F2r85r02      [10]  478 	jp	P, 00102$
   0268 79            [ 4]  479 	ld	a, c
   0269 D6 40         [ 7]  480 	sub	a, #0x40
   026B 78            [ 4]  481 	ld	a, b
   026C 17            [ 4]  482 	rla
   026D 3F            [ 4]  483 	ccf
   026E 1F            [ 4]  484 	rra
   026F DE 80         [ 7]  485 	sbc	a, #0x80
   0271 30 12         [12]  486 	jr	NC,00102$
   0273 3E 34         [ 7]  487 	ld	a, #0x34
   0275 BD            [ 4]  488 	cp	a, l
   0276 3E 00         [ 7]  489 	ld	a, #0x00
   0278 9C            [ 4]  490 	sbc	a, h
   0279 E2r7Er02      [10]  491 	jp	PO, 00125$
   027C EE 80         [ 7]  492 	xor	a, #0x80
   027E                     493 00125$:
   027E F2r85r02      [10]  494 	jp	P, 00102$
                            495 ;src/systems/tilemap.c:96: return 1;
   0281 2E 01         [ 7]  496 	ld	l, #0x01
   0283 18 02         [12]  497 	jr	00106$
   0285                     498 00102$:
                            499 ;src/systems/tilemap.c:98: return 0;
   0285 2E 00         [ 7]  500 	ld	l, #0x00
   0287                     501 00106$:
   0287 DD F9         [10]  502 	ld	sp, ix
   0289 DD E1         [14]  503 	pop	ix
   028B C9            [10]  504 	ret
                            505 ;src/systems/tilemap.c:101: u8 tilemap_goal_x(void) {
                            506 ;	---------------------------------
                            507 ; Function tilemap_goal_x
                            508 ; ---------------------------------
   028C                     509 _tilemap_goal_x::
                            510 ;src/systems/tilemap.c:102: return ggoalx;
   028C FD 21r02r00   [14]  511 	ld	iy, #_ggoalx
   0290 FD 6E 00      [19]  512 	ld	l, 0 (iy)
   0293 C9            [10]  513 	ret
                            514 	.area _CODE
                            515 	.area _INITIALIZER
   0000                     516 __xinit__gtilegroundy:
   0000 A0                  517 	.db #0xa0	; 160
   0001                     518 __xinit__gtileplatformy:
   0001 80                  519 	.db #0x80	; 128
   0002                     520 __xinit__ggoalx:
   0002 48                  521 	.db #0x48	; 72	'H'
   0003                     522 __xinit__gladderx:
   0003 24                  523 	.db #0x24	; 36
                            524 	.area _CABS (ABS)
