                              1 ;--------------------------------------------------------
                              2 ; File Created by SDCC : free open source ANSI-C Compiler
                              3 ; Version 3.6.8 #9946 (Mac OS X ppc)
                              4 ;--------------------------------------------------------
                              5 	.module projectilesprites
                              6 	.optsdcc -mz80
                              7 	
                              8 ;--------------------------------------------------------
                              9 ; Public variables in this module
                             10 ;--------------------------------------------------------
                             11 	.globl _arrow_sprite
                             12 	.globl _lance_sprite
                             13 ;--------------------------------------------------------
                             14 ; special function registers
                             15 ;--------------------------------------------------------
                             16 ;--------------------------------------------------------
                             17 ; ram data
                             18 ;--------------------------------------------------------
                             19 	.area _DATA
                             20 ;--------------------------------------------------------
                             21 ; ram data
                             22 ;--------------------------------------------------------
                             23 	.area _INITIALIZED
                             24 ;--------------------------------------------------------
                             25 ; absolute external ram data
                             26 ;--------------------------------------------------------
                             27 	.area _DABS (ABS)
                             28 ;--------------------------------------------------------
                             29 ; global & static initialisations
                             30 ;--------------------------------------------------------
                             31 	.area _HOME
                             32 	.area _GSINIT
                             33 	.area _GSFINAL
                             34 	.area _GSINIT
                             35 ;--------------------------------------------------------
                             36 ; Home
                             37 ;--------------------------------------------------------
                             38 	.area _HOME
                             39 	.area _HOME
                             40 ;--------------------------------------------------------
                             41 ; code
                             42 ;--------------------------------------------------------
                             43 	.area _CODE
                             44 	.area _CODE
   0000                      45 _lance_sprite:
   0000 18                   46 	.db #0x18	; 24
   0001 3C                   47 	.db #0x3c	; 60
   0002 7E                   48 	.db #0x7e	; 126
   0003 FF                   49 	.db #0xff	; 255
   0004 FF                   50 	.db #0xff	; 255
   0005 7E                   51 	.db #0x7e	; 126
   0006 3C                   52 	.db #0x3c	; 60
   0007 18                   53 	.db #0x18	; 24
   0008                      54 _arrow_sprite:
   0008 40                   55 	.db #0x40	; 64
   0009 E0                   56 	.db #0xe0	; 224
   000A 70                   57 	.db #0x70	; 112	'p'
   000B 38                   58 	.db #0x38	; 56	'8'
                             59 	.area _INITIALIZER
                             60 	.area _CABS (ABS)
