                              1 ;--------------------------------------------------------
                              2 ; File Created by SDCC : free open source ANSI-C Compiler
                              3 ; Version 3.6.8 #9946 (Mac OS X ppc)
                              4 ;--------------------------------------------------------
                              5 	.module itesprojectiles
                              6 	.optsdcc -mz80
                              7 	
                              8 ;--------------------------------------------------------
                              9 ; Public variables in this module
                             10 ;--------------------------------------------------------
                             11 	.globl _magic_bolt
                             12 	.globl _fireball
                             13 	.globl _lance_projectile
                             14 ;--------------------------------------------------------
                             15 ; special function registers
                             16 ;--------------------------------------------------------
                             17 ;--------------------------------------------------------
                             18 ; ram data
                             19 ;--------------------------------------------------------
                             20 	.area _DATA
                             21 ;--------------------------------------------------------
                             22 ; ram data
                             23 ;--------------------------------------------------------
                             24 	.area _INITIALIZED
                             25 ;--------------------------------------------------------
                             26 ; absolute external ram data
                             27 ;--------------------------------------------------------
                             28 	.area _DABS (ABS)
                             29 ;--------------------------------------------------------
                             30 ; global & static initialisations
                             31 ;--------------------------------------------------------
                             32 	.area _HOME
                             33 	.area _GSINIT
                             34 	.area _GSFINAL
                             35 	.area _GSINIT
                             36 ;--------------------------------------------------------
                             37 ; Home
                             38 ;--------------------------------------------------------
                             39 	.area _HOME
                             40 	.area _HOME
                             41 ;--------------------------------------------------------
                             42 ; code
                             43 ;--------------------------------------------------------
                             44 	.area _CODE
                             45 	.area _CODE
   0000                      46 _lance_projectile:
   0000 C0                   47 	.db #0xc0	; 192
   0001 C0                   48 	.db #0xc0	; 192
   0002 C0                   49 	.db #0xc0	; 192
   0003 C0                   50 	.db #0xc0	; 192
   0004                      51 _fireball:
   0004 00                   52 	.db #0x00	; 0
   0005 3C                   53 	.db #0x3c	; 60
   0006 7E                   54 	.db #0x7e	; 126
   0007 FF                   55 	.db #0xff	; 255
   0008 FF                   56 	.db #0xff	; 255
   0009 7E                   57 	.db #0x7e	; 126
   000A 3C                   58 	.db #0x3c	; 60
   000B 00                   59 	.db #0x00	; 0
   000C 00                   60 	.db #0x00	; 0
   000D 18                   61 	.db #0x18	; 24
   000E 3C                   62 	.db #0x3c	; 60
   000F 7E                   63 	.db #0x7e	; 126
   0010 7E                   64 	.db #0x7e	; 126
   0011 3C                   65 	.db #0x3c	; 60
   0012 18                   66 	.db #0x18	; 24
   0013 00                   67 	.db #0x00	; 0
   0014                      68 _magic_bolt:
   0014 30                   69 	.db #0x30	; 48	'0'
   0015 30                   70 	.db #0x30	; 48	'0'
   0016 30                   71 	.db #0x30	; 48	'0'
   0017 30                   72 	.db #0x30	; 48	'0'
                             73 	.area _INITIALIZER
                             74 	.area _CABS (ABS)
