                              1 ;--------------------------------------------------------
                              2 ; File Created by SDCC : free open source ANSI-C Compiler
                              3 ; Version 3.6.8 #9946 (Mac OS X ppc)
                              4 ;--------------------------------------------------------
                              5 	.module itesenemies
                              6 	.optsdcc -mz80
                              7 	
                              8 ;--------------------------------------------------------
                              9 ; Public variables in this module
                             10 ;--------------------------------------------------------
                             11 	.globl _flying_harpy_fly
                             12 	.globl _undead_soldier_death
                             13 	.globl _undead_soldier_walk
                             14 ;--------------------------------------------------------
                             15 ; special function registers
                             16 ;--------------------------------------------------------
                             17 ;--------------------------------------------------------
                             18 ; ram data
                             19 ;--------------------------------------------------------
                             20 	.area _DATA
                             21 ;--------------------------------------------------------
                             22 ; ram data
                             23 ;--------------------------------------------------------
                             24 	.area _INITIALIZED
                             25 ;--------------------------------------------------------
                             26 ; absolute external ram data
                             27 ;--------------------------------------------------------
                             28 	.area _DABS (ABS)
                             29 ;--------------------------------------------------------
                             30 ; global & static initialisations
                             31 ;--------------------------------------------------------
                             32 	.area _HOME
                             33 	.area _GSINIT
                             34 	.area _GSFINAL
                             35 	.area _GSINIT
                             36 ;--------------------------------------------------------
                             37 ; Home
                             38 ;--------------------------------------------------------
                             39 	.area _HOME
                             40 	.area _HOME
                             41 ;--------------------------------------------------------
                             42 ; code
                             43 ;--------------------------------------------------------
                             44 	.area _CODE
                             45 	.area _CODE
   0000                      46 _undead_soldier_walk:
   0000 3C                   47 	.db #0x3c	; 60
   0001 7E                   48 	.db #0x7e	; 126
   0002 DB                   49 	.db #0xdb	; 219
   0003 FF                   50 	.db #0xff	; 255
   0004 C3                   51 	.db #0xc3	; 195
   0005 7E                   52 	.db #0x7e	; 126
   0006 3C                   53 	.db #0x3c	; 60
   0007 18                   54 	.db #0x18	; 24
   0008 3C                   55 	.db #0x3c	; 60
   0009 7E                   56 	.db #0x7e	; 126
   000A DB                   57 	.db #0xdb	; 219
   000B FF                   58 	.db #0xff	; 255
   000C C3                   59 	.db #0xc3	; 195
   000D 7E                   60 	.db #0x7e	; 126
   000E 18                   61 	.db #0x18	; 24
   000F 24                   62 	.db #0x24	; 36
   0010                      63 _undead_soldier_death:
   0010 3C                   64 	.db #0x3c	; 60
   0011 7E                   65 	.db #0x7e	; 126
   0012 DB                   66 	.db #0xdb	; 219
   0013 FF                   67 	.db #0xff	; 255
   0014 C3                   68 	.db #0xc3	; 195
   0015 7E                   69 	.db #0x7e	; 126
   0016 3C                   70 	.db #0x3c	; 60
   0017 18                   71 	.db #0x18	; 24
   0018 18                   72 	.db #0x18	; 24
   0019 3C                   73 	.db #0x3c	; 60
   001A 7E                   74 	.db #0x7e	; 126
   001B DB                   75 	.db #0xdb	; 219
   001C C3                   76 	.db #0xc3	; 195
   001D 7E                   77 	.db #0x7e	; 126
   001E 3C                   78 	.db #0x3c	; 60
   001F 18                   79 	.db #0x18	; 24
   0020 00                   80 	.db #0x00	; 0
   0021 18                   81 	.db #0x18	; 24
   0022 3C                   82 	.db #0x3c	; 60
   0023 7E                   83 	.db #0x7e	; 126
   0024 7E                   84 	.db #0x7e	; 126
   0025 3C                   85 	.db #0x3c	; 60
   0026 18                   86 	.db #0x18	; 24
   0027 00                   87 	.db #0x00	; 0
   0028                      88 _flying_harpy_fly:
   0028 3C                   89 	.db #0x3c	; 60
   0029 7E                   90 	.db #0x7e	; 126
   002A DB                   91 	.db #0xdb	; 219
   002B C3                   92 	.db #0xc3	; 195
   002C 7E                   93 	.db #0x7e	; 126
   002D 3C                   94 	.db #0x3c	; 60
   002E 3C                   95 	.db #0x3c	; 60
   002F 7E                   96 	.db #0x7e	; 126
   0030 FF                   97 	.db #0xff	; 255
   0031 C3                   98 	.db #0xc3	; 195
   0032 7E                   99 	.db #0x7e	; 126
   0033 3C                  100 	.db #0x3c	; 60
   0034 3C                  101 	.db #0x3c	; 60
   0035 7E                  102 	.db #0x7e	; 126
   0036 DB                  103 	.db #0xdb	; 219
   0037 C3                  104 	.db #0xc3	; 195
   0038 7E                  105 	.db #0x7e	; 126
   0039 3C                  106 	.db #0x3c	; 60
                            107 	.area _INITIALIZER
                            108 	.area _CABS (ABS)
