                              1 ;--------------------------------------------------------
                              2 ; File Created by SDCC : free open source ANSI-C Compiler
                              3 ; Version 3.6.8 #9946 (Mac OS X ppc)
                              4 ;--------------------------------------------------------
                              5 	.module input
                              6 	.optsdcc -mz80
                              7 	
                              8 ;--------------------------------------------------------
                              9 ; Public variables in this module
                             10 ;--------------------------------------------------------
                             11 	.globl _cpct_isKeyPressed
                             12 	.globl _cpct_scanKeyboard_f
                             13 	.globl _input_update
                             14 	.globl _input_is_left_pressed
                             15 	.globl _input_is_right_pressed
                             16 	.globl _input_is_jump_pressed
                             17 ;--------------------------------------------------------
                             18 ; special function registers
                             19 ;--------------------------------------------------------
                             20 ;--------------------------------------------------------
                             21 ; ram data
                             22 ;--------------------------------------------------------
                             23 	.area _DATA
   0000                      24 _ginputleft:
   0000                      25 	.ds 1
   0001                      26 _ginputright:
   0001                      27 	.ds 1
   0002                      28 _ginputjump:
   0002                      29 	.ds 1
                             30 ;--------------------------------------------------------
                             31 ; ram data
                             32 ;--------------------------------------------------------
                             33 	.area _INITIALIZED
                             34 ;--------------------------------------------------------
                             35 ; absolute external ram data
                             36 ;--------------------------------------------------------
                             37 	.area _DABS (ABS)
                             38 ;--------------------------------------------------------
                             39 ; global & static initialisations
                             40 ;--------------------------------------------------------
                             41 	.area _HOME
                             42 	.area _GSINIT
                             43 	.area _GSFINAL
                             44 	.area _GSINIT
                             45 ;--------------------------------------------------------
                             46 ; Home
                             47 ;--------------------------------------------------------
                             48 	.area _HOME
                             49 	.area _HOME
                             50 ;--------------------------------------------------------
                             51 ; code
                             52 ;--------------------------------------------------------
                             53 	.area _CODE
                             54 ;src/systems/input.c:7: void input_update(void) {
                             55 ;	---------------------------------
                             56 ; Function input_update
                             57 ; ---------------------------------
   0000                      58 _input_update::
                             59 ;src/systems/input.c:8: cpct_scanKeyboard_f();
   0000 CDr00r00      [17]   60 	call	_cpct_scanKeyboard_f
                             61 ;src/systems/input.c:9: ginputleft = cpct_isKeyPressed(Key_CursorLeft);
   0003 21 01 01      [10]   62 	ld	hl, #0x0101
   0006 CDr00r00      [17]   63 	call	_cpct_isKeyPressed
   0009 FD 21r00r00   [14]   64 	ld	iy, #_ginputleft
   000D FD 75 00      [19]   65 	ld	0 (iy), l
                             66 ;src/systems/input.c:10: ginputright = cpct_isKeyPressed(Key_CursorRight);
   0010 21 00 02      [10]   67 	ld	hl, #0x0200
   0013 CDr00r00      [17]   68 	call	_cpct_isKeyPressed
   0016 FD 21r01r00   [14]   69 	ld	iy, #_ginputright
   001A FD 75 00      [19]   70 	ld	0 (iy), l
                             71 ;src/systems/input.c:11: ginputjump = cpct_isKeyPressed(Key_CursorUp);
   001D 21 00 01      [10]   72 	ld	hl, #0x0100
   0020 CDr00r00      [17]   73 	call	_cpct_isKeyPressed
   0023 FD 21r02r00   [14]   74 	ld	iy, #_ginputjump
   0027 FD 75 00      [19]   75 	ld	0 (iy), l
   002A C9            [10]   76 	ret
                             77 ;src/systems/input.c:14: u8 input_is_left_pressed(void) {
                             78 ;	---------------------------------
                             79 ; Function input_is_left_pressed
                             80 ; ---------------------------------
   002B                      81 _input_is_left_pressed::
                             82 ;src/systems/input.c:15: return ginputleft;
   002B FD 21r00r00   [14]   83 	ld	iy, #_ginputleft
   002F FD 6E 00      [19]   84 	ld	l, 0 (iy)
   0032 C9            [10]   85 	ret
                             86 ;src/systems/input.c:18: u8 input_is_right_pressed(void) {
                             87 ;	---------------------------------
                             88 ; Function input_is_right_pressed
                             89 ; ---------------------------------
   0033                      90 _input_is_right_pressed::
                             91 ;src/systems/input.c:19: return ginputright;
   0033 FD 21r01r00   [14]   92 	ld	iy, #_ginputright
   0037 FD 6E 00      [19]   93 	ld	l, 0 (iy)
   003A C9            [10]   94 	ret
                             95 ;src/systems/input.c:22: u8 input_is_jump_pressed(void) {
                             96 ;	---------------------------------
                             97 ; Function input_is_jump_pressed
                             98 ; ---------------------------------
   003B                      99 _input_is_jump_pressed::
                            100 ;src/systems/input.c:23: return ginputjump;
   003B FD 21r02r00   [14]  101 	ld	iy, #_ginputjump
   003F FD 6E 00      [19]  102 	ld	l, 0 (iy)
   0042 C9            [10]  103 	ret
                            104 	.area _CODE
                            105 	.area _INITIALIZER
                            106 	.area _CABS (ABS)
