                              1 ;--------------------------------------------------------
                              2 ; File Created by SDCC : free open source ANSI-C Compiler
                              3 ; Version 3.6.8 #9946 (Mac OS X ppc)
                              4 ;--------------------------------------------------------
                              5 	.module player
                              6 	.optsdcc -mz80
                              7 	
                              8 ;--------------------------------------------------------
                              9 ; Public variables in this module
                             10 ;--------------------------------------------------------
                             11 	.globl _collision_clamp_y_at
                             12 	.globl _collision_is_on_ground_at
                             13 	.globl _input_is_jump_just_pressed
                             14 	.globl _input_is_jump_pressed
                             15 	.globl _input_is_right_pressed
                             16 	.globl _input_is_left_pressed
                             17 	.globl _cpct_getScreenPtr
                             18 	.globl _cpct_drawSprite
                             19 	.globl _playerinit
                             20 	.globl _playerupdate
                             21 	.globl _playerrender
                             22 	.globl _player_get_health
                             23 	.globl _player_get_weapon
                             24 ;--------------------------------------------------------
                             25 ; special function registers
                             26 ;--------------------------------------------------------
                             27 ;--------------------------------------------------------
                             28 ; ram data
                             29 ;--------------------------------------------------------
                             30 	.area _DATA
                             31 ;--------------------------------------------------------
                             32 ; ram data
                             33 ;--------------------------------------------------------
                             34 	.area _INITIALIZED
                             35 ;--------------------------------------------------------
                             36 ; absolute external ram data
                             37 ;--------------------------------------------------------
                             38 	.area _DABS (ABS)
                             39 ;--------------------------------------------------------
                             40 ; global & static initialisations
                             41 ;--------------------------------------------------------
                             42 	.area _HOME
                             43 	.area _GSINIT
                             44 	.area _GSFINAL
                             45 	.area _GSINIT
                             46 ;--------------------------------------------------------
                             47 ; Home
                             48 ;--------------------------------------------------------
                             49 	.area _HOME
                             50 	.area _HOME
                             51 ;--------------------------------------------------------
                             52 ; code
                             53 ;--------------------------------------------------------
                             54 	.area _CODE
                             55 ;src/entities/player.c:27: void playerinit(Player* player) {
                             56 ;	---------------------------------
                             57 ; Function playerinit
                             58 ; ---------------------------------
   0000                      59 _playerinit::
                             60 ;src/entities/player.c:28: if (!player) {
   0000 21 03 00      [10]   61 	ld	hl, #2+1
   0003 39            [11]   62 	add	hl, sp
   0004 7E            [ 7]   63 	ld	a, (hl)
   0005 2B            [ 6]   64 	dec	hl
   0006 B6            [ 7]   65 	or	a,(hl)
                             66 ;src/entities/player.c:29: return;
   0007 C8            [11]   67 	ret	Z
                             68 ;src/entities/player.c:32: player->x = 20;
   0008 D1            [10]   69 	pop	de
   0009 C1            [10]   70 	pop	bc
   000A C5            [11]   71 	push	bc
   000B D5            [11]   72 	push	de
   000C 3E 14         [ 7]   73 	ld	a, #0x14
   000E 02            [ 7]   74 	ld	(bc), a
                             75 ;src/entities/player.c:33: player->y = 120;
   000F 69            [ 4]   76 	ld	l, c
   0010 60            [ 4]   77 	ld	h, b
   0011 23            [ 6]   78 	inc	hl
   0012 36 78         [10]   79 	ld	(hl), #0x78
                             80 ;src/entities/player.c:34: player->vx = 0;
   0014 59            [ 4]   81 	ld	e, c
   0015 50            [ 4]   82 	ld	d, b
   0016 13            [ 6]   83 	inc	de
   0017 13            [ 6]   84 	inc	de
   0018 AF            [ 4]   85 	xor	a, a
   0019 12            [ 7]   86 	ld	(de), a
                             87 ;src/entities/player.c:35: player->vy = 0;
   001A 59            [ 4]   88 	ld	e, c
   001B 50            [ 4]   89 	ld	d, b
   001C 13            [ 6]   90 	inc	de
   001D 13            [ 6]   91 	inc	de
   001E 13            [ 6]   92 	inc	de
   001F AF            [ 4]   93 	xor	a, a
   0020 12            [ 7]   94 	ld	(de), a
                             95 ;src/entities/player.c:36: player->w = 4;
   0021 21 04 00      [10]   96 	ld	hl, #0x0004
   0024 09            [11]   97 	add	hl, bc
   0025 36 04         [10]   98 	ld	(hl), #0x04
                             99 ;src/entities/player.c:37: player->h = 16;
   0027 21 05 00      [10]  100 	ld	hl, #0x0005
   002A 09            [11]  101 	add	hl, bc
   002B 36 10         [10]  102 	ld	(hl), #0x10
                            103 ;src/entities/player.c:38: player->health = 3;
   002D 21 06 00      [10]  104 	ld	hl, #0x0006
   0030 09            [11]  105 	add	hl, bc
   0031 36 03         [10]  106 	ld	(hl), #0x03
                            107 ;src/entities/player.c:39: player->weapon = 0;
   0033 21 07 00      [10]  108 	ld	hl, #0x0007
   0036 09            [11]  109 	add	hl, bc
   0037 36 00         [10]  110 	ld	(hl), #0x00
                            111 ;src/entities/player.c:40: player->facing_left = 0;
   0039 21 08 00      [10]  112 	ld	hl, #0x0008
   003C 09            [11]  113 	add	hl, bc
   003D 36 00         [10]  114 	ld	(hl), #0x00
                            115 ;src/entities/player.c:41: player->jump_hold = 0;
   003F 21 09 00      [10]  116 	ld	hl, #0x0009
   0042 09            [11]  117 	add	hl, bc
   0043 36 00         [10]  118 	ld	(hl), #0x00
   0045 C9            [10]  119 	ret
   0046                     120 _player_sprite:
   0046 3C                  121 	.db #0x3c	; 60
   0047 3C                  122 	.db #0x3c	; 60
   0048 3C                  123 	.db #0x3c	; 60
   0049 3C                  124 	.db #0x3c	; 60
   004A 28                  125 	.db #0x28	; 40
   004B 28                  126 	.db #0x28	; 40
   004C 00                  127 	.db #0x00	; 0
   004D 14                  128 	.db #0x14	; 20
   004E 28                  129 	.db #0x28	; 40
   004F 28                  130 	.db #0x28	; 40
   0050 00                  131 	.db #0x00	; 0
   0051 14                  132 	.db #0x14	; 20
   0052 28                  133 	.db #0x28	; 40
   0053 28                  134 	.db #0x28	; 40
   0054 00                  135 	.db #0x00	; 0
   0055 14                  136 	.db #0x14	; 20
   0056 28                  137 	.db #0x28	; 40
   0057 28                  138 	.db #0x28	; 40
   0058 00                  139 	.db #0x00	; 0
   0059 14                  140 	.db #0x14	; 20
   005A 28                  141 	.db #0x28	; 40
   005B 28                  142 	.db #0x28	; 40
   005C 00                  143 	.db #0x00	; 0
   005D 14                  144 	.db #0x14	; 20
   005E 28                  145 	.db #0x28	; 40
   005F 28                  146 	.db #0x28	; 40
   0060 00                  147 	.db #0x00	; 0
   0061 14                  148 	.db #0x14	; 20
   0062 28                  149 	.db #0x28	; 40
   0063 28                  150 	.db #0x28	; 40
   0064 00                  151 	.db #0x00	; 0
   0065 14                  152 	.db #0x14	; 20
   0066 3C                  153 	.db #0x3c	; 60
   0067 3C                  154 	.db #0x3c	; 60
   0068 3C                  155 	.db #0x3c	; 60
   0069 3C                  156 	.db #0x3c	; 60
   006A 28                  157 	.db #0x28	; 40
   006B 28                  158 	.db #0x28	; 40
   006C 00                  159 	.db #0x00	; 0
   006D 14                  160 	.db #0x14	; 20
   006E 28                  161 	.db #0x28	; 40
   006F 28                  162 	.db #0x28	; 40
   0070 00                  163 	.db #0x00	; 0
   0071 14                  164 	.db #0x14	; 20
   0072 28                  165 	.db #0x28	; 40
   0073 28                  166 	.db #0x28	; 40
   0074 00                  167 	.db #0x00	; 0
   0075 14                  168 	.db #0x14	; 20
   0076 28                  169 	.db #0x28	; 40
   0077 28                  170 	.db #0x28	; 40
   0078 00                  171 	.db #0x00	; 0
   0079 14                  172 	.db #0x14	; 20
   007A 28                  173 	.db #0x28	; 40
   007B 28                  174 	.db #0x28	; 40
   007C 00                  175 	.db #0x00	; 0
   007D 14                  176 	.db #0x14	; 20
   007E 28                  177 	.db #0x28	; 40
   007F 28                  178 	.db #0x28	; 40
   0080 00                  179 	.db #0x00	; 0
   0081 14                  180 	.db #0x14	; 20
   0082 3C                  181 	.db #0x3c	; 60
   0083 3C                  182 	.db #0x3c	; 60
   0084 3C                  183 	.db #0x3c	; 60
   0085 3C                  184 	.db #0x3c	; 60
                            185 ;src/entities/player.c:44: void playerupdate(Player* player) {
                            186 ;	---------------------------------
                            187 ; Function playerupdate
                            188 ; ---------------------------------
   0086                     189 _playerupdate::
   0086 DD E5         [15]  190 	push	ix
   0088 DD 21 00 00   [14]  191 	ld	ix,#0
   008C DD 39         [15]  192 	add	ix,sp
   008E 21 F2 FF      [10]  193 	ld	hl, #-14
   0091 39            [11]  194 	add	hl, sp
   0092 F9            [ 6]  195 	ld	sp, hl
                            196 ;src/entities/player.c:48: if (!player) {
   0093 DD 7E 05      [19]  197 	ld	a, 5 (ix)
   0096 DD B6 04      [19]  198 	or	a,4 (ix)
                            199 ;src/entities/player.c:49: return;
   0099 CArB8r02      [10]  200 	jp	Z,00141$
                            201 ;src/entities/player.c:52: if (input_is_left_pressed()) {
   009C CDr00r00      [17]  202 	call	_input_is_left_pressed
                            203 ;src/entities/player.c:53: player->vx = (i8)(player->vx - kplayeracceleration);
   009F DD 4E 04      [19]  204 	ld	c,4 (ix)
   00A2 DD 46 05      [19]  205 	ld	b,5 (ix)
   00A5 59            [ 4]  206 	ld	e, c
   00A6 50            [ 4]  207 	ld	d, b
   00A7 13            [ 6]  208 	inc	de
   00A8 13            [ 6]  209 	inc	de
                            210 ;src/entities/player.c:54: player->facing_left = 1;
   00A9 79            [ 4]  211 	ld	a, c
   00AA C6 08         [ 7]  212 	add	a, #0x08
   00AC DD 77 F2      [19]  213 	ld	-14 (ix), a
   00AF 78            [ 4]  214 	ld	a, b
   00B0 CE 00         [ 7]  215 	adc	a, #0x00
   00B2 DD 77 F3      [19]  216 	ld	-13 (ix), a
                            217 ;src/entities/player.c:52: if (input_is_left_pressed()) {
   00B5 7D            [ 4]  218 	ld	a, l
   00B6 B7            [ 4]  219 	or	a, a
   00B7 28 0A         [12]  220 	jr	Z,00116$
                            221 ;src/entities/player.c:53: player->vx = (i8)(player->vx - kplayeracceleration);
   00B9 1A            [ 7]  222 	ld	a, (de)
   00BA C6 FF         [ 7]  223 	add	a, #0xff
   00BC 12            [ 7]  224 	ld	(de), a
                            225 ;src/entities/player.c:54: player->facing_left = 1;
   00BD E1            [10]  226 	pop	hl
   00BE E5            [11]  227 	push	hl
   00BF 36 01         [10]  228 	ld	(hl), #0x01
   00C1 18 51         [12]  229 	jr	00117$
   00C3                     230 00116$:
                            231 ;src/entities/player.c:55: } else if (input_is_right_pressed()) {
   00C3 C5            [11]  232 	push	bc
   00C4 D5            [11]  233 	push	de
   00C5 CDr00r00      [17]  234 	call	_input_is_right_pressed
   00C8 DD 75 F4      [19]  235 	ld	-12 (ix), l
   00CB D1            [10]  236 	pop	de
   00CC C1            [10]  237 	pop	bc
                            238 ;src/entities/player.c:66: if (player->vx > kplayermovespeed) player->vx = kplayermovespeed;
   00CD 1A            [ 7]  239 	ld	a, (de)
                            240 ;src/entities/player.c:56: player->vx = (i8)(player->vx + kplayeracceleration);
   00CE 6F            [ 4]  241 	ld	l,a
   00CF 3C            [ 4]  242 	inc	a
   00D0 DD 77 F5      [19]  243 	ld	-11 (ix), a
                            244 ;src/entities/player.c:55: } else if (input_is_right_pressed()) {
   00D3 DD 7E F4      [19]  245 	ld	a, -12 (ix)
   00D6 B7            [ 4]  246 	or	a, a
   00D7 28 0A         [12]  247 	jr	Z,00113$
                            248 ;src/entities/player.c:56: player->vx = (i8)(player->vx + kplayeracceleration);
   00D9 DD 7E F5      [19]  249 	ld	a, -11 (ix)
   00DC 12            [ 7]  250 	ld	(de), a
                            251 ;src/entities/player.c:57: player->facing_left = 0;
   00DD E1            [10]  252 	pop	hl
   00DE E5            [11]  253 	push	hl
   00DF 36 00         [10]  254 	ld	(hl), #0x00
   00E1 18 31         [12]  255 	jr	00117$
   00E3                     256 00113$:
                            257 ;src/entities/player.c:58: } else if (player->vx > 0) {
   00E3 AF            [ 4]  258 	xor	a, a
   00E4 95            [ 4]  259 	sub	a, l
   00E5 E2rEAr00      [10]  260 	jp	PO, 00223$
   00E8 EE 80         [ 7]  261 	xor	a, #0x80
   00EA                     262 00223$:
   00EA F2rFEr00      [10]  263 	jp	P, 00110$
                            264 ;src/entities/player.c:59: player->vx = (i8)(player->vx - kplayerdeceleration);
   00ED 7D            [ 4]  265 	ld	a, l
   00EE C6 FF         [ 7]  266 	add	a, #0xff
   00F0 DD 77 F4      [19]  267 	ld	-12 (ix), a
   00F3 12            [ 7]  268 	ld	(de),a
                            269 ;src/entities/player.c:60: if (player->vx < 0) player->vx = 0;
   00F4 DD CB F4 7E   [20]  270 	bit	7, -12 (ix)
   00F8 28 1A         [12]  271 	jr	Z,00117$
   00FA AF            [ 4]  272 	xor	a, a
   00FB 12            [ 7]  273 	ld	(de), a
   00FC 18 16         [12]  274 	jr	00117$
   00FE                     275 00110$:
                            276 ;src/entities/player.c:61: } else if (player->vx < 0) {
   00FE CB 7D         [ 8]  277 	bit	7, l
   0100 28 12         [12]  278 	jr	Z,00117$
                            279 ;src/entities/player.c:62: player->vx = (i8)(player->vx + kplayerdeceleration);
   0102 DD 7E F5      [19]  280 	ld	a, -11 (ix)
   0105 12            [ 7]  281 	ld	(de), a
                            282 ;src/entities/player.c:63: if (player->vx > 0) player->vx = 0;
   0106 AF            [ 4]  283 	xor	a, a
   0107 DD 96 F5      [19]  284 	sub	a, -11 (ix)
   010A E2r0Fr01      [10]  285 	jp	PO, 00224$
   010D EE 80         [ 7]  286 	xor	a, #0x80
   010F                     287 00224$:
   010F F2r14r01      [10]  288 	jp	P, 00117$
   0112 AF            [ 4]  289 	xor	a, a
   0113 12            [ 7]  290 	ld	(de), a
   0114                     291 00117$:
                            292 ;src/entities/player.c:66: if (player->vx > kplayermovespeed) player->vx = kplayermovespeed;
   0114 1A            [ 7]  293 	ld	a, (de)
   0115 6F            [ 4]  294 	ld	l, a
   0116 3E 03         [ 7]  295 	ld	a, #0x03
   0118 95            [ 4]  296 	sub	a, l
   0119 E2r1Er01      [10]  297 	jp	PO, 00225$
   011C EE 80         [ 7]  298 	xor	a, #0x80
   011E                     299 00225$:
   011E F2r24r01      [10]  300 	jp	P, 00119$
   0121 3E 03         [ 7]  301 	ld	a, #0x03
   0123 12            [ 7]  302 	ld	(de), a
   0124                     303 00119$:
                            304 ;src/entities/player.c:67: if (player->vx < -kplayermovespeed) player->vx = -kplayermovespeed;
   0124 1A            [ 7]  305 	ld	a, (de)
   0125 EE 80         [ 7]  306 	xor	a, #0x80
   0127 D6 7D         [ 7]  307 	sub	a, #0x7d
   0129 30 03         [12]  308 	jr	NC,00121$
   012B 3E FD         [ 7]  309 	ld	a, #0xfd
   012D 12            [ 7]  310 	ld	(de), a
   012E                     311 00121$:
                            312 ;src/entities/player.c:69: if (input_is_jump_just_pressed() && collision_is_on_ground_at((i16)player->x, (i16)player->y, player->h)) {
   012E C5            [11]  313 	push	bc
   012F D5            [11]  314 	push	de
   0130 CDr00r00      [17]  315 	call	_input_is_jump_just_pressed
   0133 DD 75 F5      [19]  316 	ld	-11 (ix), l
   0136 D1            [10]  317 	pop	de
   0137 C1            [10]  318 	pop	bc
   0138 21 05 00      [10]  319 	ld	hl, #0x0005
   013B 09            [11]  320 	add	hl,bc
   013C E3            [19]  321 	ex	(sp), hl
   013D 21 01 00      [10]  322 	ld	hl, #0x0001
   0140 09            [11]  323 	add	hl,bc
   0141 DD 75 FE      [19]  324 	ld	-2 (ix), l
   0144 DD 74 FF      [19]  325 	ld	-1 (ix), h
                            326 ;src/entities/player.c:70: player->vy = kplayerjumpvelocity;
   0147 21 03 00      [10]  327 	ld	hl, #0x0003
   014A 09            [11]  328 	add	hl,bc
   014B DD 75 FC      [19]  329 	ld	-4 (ix), l
   014E DD 74 FD      [19]  330 	ld	-3 (ix), h
                            331 ;src/entities/player.c:71: player->jump_hold = 5;
   0151 21 09 00      [10]  332 	ld	hl, #0x0009
   0154 09            [11]  333 	add	hl,bc
   0155 DD 75 FA      [19]  334 	ld	-6 (ix), l
   0158 DD 74 FB      [19]  335 	ld	-5 (ix), h
                            336 ;src/entities/player.c:69: if (input_is_jump_just_pressed() && collision_is_on_ground_at((i16)player->x, (i16)player->y, player->h)) {
   015B DD 7E F5      [19]  337 	ld	a, -11 (ix)
   015E B7            [ 4]  338 	or	a, a
   015F 28 4A         [12]  339 	jr	Z,00123$
   0161 E1            [10]  340 	pop	hl
   0162 E5            [11]  341 	push	hl
   0163 7E            [ 7]  342 	ld	a, (hl)
   0164 DD 6E FE      [19]  343 	ld	l,-2 (ix)
   0167 DD 66 FF      [19]  344 	ld	h,-1 (ix)
   016A 6E            [ 7]  345 	ld	l, (hl)
   016B DD 75 F8      [19]  346 	ld	-8 (ix), l
   016E DD 36 F9 00   [19]  347 	ld	-7 (ix), #0x00
   0172 F5            [11]  348 	push	af
   0173 0A            [ 7]  349 	ld	a, (bc)
   0174 6F            [ 4]  350 	ld	l, a
   0175 F1            [10]  351 	pop	af
   0176 DD 75 F6      [19]  352 	ld	-10 (ix), l
   0179 DD 36 F7 00   [19]  353 	ld	-9 (ix), #0x00
   017D C5            [11]  354 	push	bc
   017E D5            [11]  355 	push	de
   017F F5            [11]  356 	push	af
   0180 33            [ 6]  357 	inc	sp
   0181 DD 6E F8      [19]  358 	ld	l,-8 (ix)
   0184 DD 66 F9      [19]  359 	ld	h,-7 (ix)
   0187 E5            [11]  360 	push	hl
   0188 DD 6E F6      [19]  361 	ld	l,-10 (ix)
   018B DD 66 F7      [19]  362 	ld	h,-9 (ix)
   018E E5            [11]  363 	push	hl
   018F CDr00r00      [17]  364 	call	_collision_is_on_ground_at
   0192 F1            [10]  365 	pop	af
   0193 F1            [10]  366 	pop	af
   0194 33            [ 6]  367 	inc	sp
   0195 D1            [10]  368 	pop	de
   0196 C1            [10]  369 	pop	bc
   0197 7D            [ 4]  370 	ld	a, l
   0198 B7            [ 4]  371 	or	a, a
   0199 28 10         [12]  372 	jr	Z,00123$
                            373 ;src/entities/player.c:70: player->vy = kplayerjumpvelocity;
   019B DD 6E FC      [19]  374 	ld	l,-4 (ix)
   019E DD 66 FD      [19]  375 	ld	h,-3 (ix)
   01A1 36 FA         [10]  376 	ld	(hl), #0xfa
                            377 ;src/entities/player.c:71: player->jump_hold = 5;
   01A3 DD 6E FA      [19]  378 	ld	l,-6 (ix)
   01A6 DD 66 FB      [19]  379 	ld	h,-5 (ix)
   01A9 36 05         [10]  380 	ld	(hl), #0x05
   01AB                     381 00123$:
                            382 ;src/entities/player.c:74: if (input_is_jump_pressed() && player->jump_hold && player->vy < 0) {
   01AB C5            [11]  383 	push	bc
   01AC D5            [11]  384 	push	de
   01AD CDr00r00      [17]  385 	call	_input_is_jump_pressed
   01B0 7D            [ 4]  386 	ld	a, l
   01B1 D1            [10]  387 	pop	de
   01B2 C1            [10]  388 	pop	bc
   01B3 B7            [ 4]  389 	or	a, a
   01B4 28 31         [12]  390 	jr	Z,00126$
   01B6 DD 6E FA      [19]  391 	ld	l,-6 (ix)
   01B9 DD 66 FB      [19]  392 	ld	h,-5 (ix)
   01BC 7E            [ 7]  393 	ld	a, (hl)
   01BD B7            [ 4]  394 	or	a, a
   01BE 28 27         [12]  395 	jr	Z,00126$
   01C0 DD 6E FC      [19]  396 	ld	l,-4 (ix)
   01C3 DD 66 FD      [19]  397 	ld	h,-3 (ix)
   01C6 6E            [ 7]  398 	ld	l, (hl)
   01C7 CB 7D         [ 8]  399 	bit	7, l
   01C9 28 1C         [12]  400 	jr	Z,00126$
                            401 ;src/entities/player.c:75: player->vy = (i8)(player->vy + kplayerjumpboost);
   01CB 7D            [ 4]  402 	ld	a, l
   01CC C6 FF         [ 7]  403 	add	a, #0xff
   01CE DD 6E FC      [19]  404 	ld	l,-4 (ix)
   01D1 DD 66 FD      [19]  405 	ld	h,-3 (ix)
   01D4 77            [ 7]  406 	ld	(hl), a
                            407 ;src/entities/player.c:76: player->jump_hold--;
   01D5 DD 6E FA      [19]  408 	ld	l,-6 (ix)
   01D8 DD 66 FB      [19]  409 	ld	h,-5 (ix)
   01DB 7E            [ 7]  410 	ld	a, (hl)
   01DC C6 FF         [ 7]  411 	add	a, #0xff
   01DE DD 6E FA      [19]  412 	ld	l,-6 (ix)
   01E1 DD 66 FB      [19]  413 	ld	h,-5 (ix)
   01E4 77            [ 7]  414 	ld	(hl), a
   01E5 18 08         [12]  415 	jr	00127$
   01E7                     416 00126$:
                            417 ;src/entities/player.c:78: player->jump_hold = 0;
   01E7 DD 6E FA      [19]  418 	ld	l,-6 (ix)
   01EA DD 66 FB      [19]  419 	ld	h,-5 (ix)
   01ED 36 00         [10]  420 	ld	(hl), #0x00
   01EF                     421 00127$:
                            422 ;src/entities/player.c:81: player->vy = (i8)(player->vy + kplayergravity);
   01EF DD 6E FC      [19]  423 	ld	l,-4 (ix)
   01F2 DD 66 FD      [19]  424 	ld	h,-3 (ix)
   01F5 7E            [ 7]  425 	ld	a, (hl)
   01F6 3C            [ 4]  426 	inc	a
   01F7 DD 77 F6      [19]  427 	ld	-10 (ix), a
   01FA DD 6E FC      [19]  428 	ld	l,-4 (ix)
   01FD DD 66 FD      [19]  429 	ld	h,-3 (ix)
   0200 DD 7E F6      [19]  430 	ld	a, -10 (ix)
   0203 77            [ 7]  431 	ld	(hl), a
                            432 ;src/entities/player.c:82: if (player->vy > kplayermaxfall) player->vy = kplayermaxfall;
   0204 3E 04         [ 7]  433 	ld	a, #0x04
   0206 DD 96 F6      [19]  434 	sub	a, -10 (ix)
   0209 E2r0Er02      [10]  435 	jp	PO, 00226$
   020C EE 80         [ 7]  436 	xor	a, #0x80
   020E                     437 00226$:
   020E F2r19r02      [10]  438 	jp	P, 00131$
   0211 DD 6E FC      [19]  439 	ld	l,-4 (ix)
   0214 DD 66 FD      [19]  440 	ld	h,-3 (ix)
   0217 36 04         [10]  441 	ld	(hl), #0x04
   0219                     442 00131$:
                            443 ;src/entities/player.c:84: nextx = (i16)player->x + (i16)player->vx;
   0219 0A            [ 7]  444 	ld	a, (bc)
   021A DD 77 F6      [19]  445 	ld	-10 (ix), a
   021D DD 36 F7 00   [19]  446 	ld	-9 (ix), #0x00
   0221 1A            [ 7]  447 	ld	a, (de)
   0222 5F            [ 4]  448 	ld	e, a
   0223 17            [ 4]  449 	rla
   0224 9F            [ 4]  450 	sbc	a, a
   0225 57            [ 4]  451 	ld	d, a
   0226 DD 6E F6      [19]  452 	ld	l,-10 (ix)
   0229 DD 66 F7      [19]  453 	ld	h,-9 (ix)
   022C 19            [11]  454 	add	hl, de
                            455 ;src/entities/player.c:85: if (nextx < 0) {
   022D CB 7C         [ 8]  456 	bit	7, h
   022F 28 03         [12]  457 	jr	Z,00133$
                            458 ;src/entities/player.c:86: nextx = 0;
   0231 21 00 00      [10]  459 	ld	hl, #0x0000
   0234                     460 00133$:
                            461 ;src/entities/player.c:88: if (nextx > 76) {
   0234 3E 4C         [ 7]  462 	ld	a, #0x4c
   0236 BD            [ 4]  463 	cp	a, l
   0237 3E 00         [ 7]  464 	ld	a, #0x00
   0239 9C            [ 4]  465 	sbc	a, h
   023A E2r3Fr02      [10]  466 	jp	PO, 00227$
   023D EE 80         [ 7]  467 	xor	a, #0x80
   023F                     468 00227$:
   023F F2r45r02      [10]  469 	jp	P, 00135$
                            470 ;src/entities/player.c:89: nextx = 76;
   0242 21 4C 00      [10]  471 	ld	hl, #0x004c
   0245                     472 00135$:
                            473 ;src/entities/player.c:91: player->x = (u8)nextx;
   0245 DD 75 F6      [19]  474 	ld	-10 (ix), l
   0248 7D            [ 4]  475 	ld	a, l
   0249 02            [ 7]  476 	ld	(bc), a
                            477 ;src/entities/player.c:93: nexty = (i16)player->y + (i16)player->vy;
   024A DD 6E FE      [19]  478 	ld	l,-2 (ix)
   024D DD 66 FF      [19]  479 	ld	h,-1 (ix)
   0250 5E            [ 7]  480 	ld	e, (hl)
   0251 16 00         [ 7]  481 	ld	d, #0x00
   0253 DD 6E FC      [19]  482 	ld	l,-4 (ix)
   0256 DD 66 FD      [19]  483 	ld	h,-3 (ix)
   0259 6E            [ 7]  484 	ld	l, (hl)
   025A 7D            [ 4]  485 	ld	a, l
   025B 17            [ 4]  486 	rla
   025C 9F            [ 4]  487 	sbc	a, a
   025D 67            [ 4]  488 	ld	h, a
   025E 19            [11]  489 	add	hl, de
   025F E5            [11]  490 	push	hl
   0260 FD E1         [14]  491 	pop	iy
                            492 ;src/entities/player.c:94: nexty = collision_clamp_y_at((i16)player->x, nexty, player->h);
   0262 E1            [10]  493 	pop	hl
   0263 E5            [11]  494 	push	hl
   0264 66            [ 7]  495 	ld	h, (hl)
   0265 DD 5E F6      [19]  496 	ld	e, -10 (ix)
   0268 16 00         [ 7]  497 	ld	d, #0x00
   026A C5            [11]  498 	push	bc
   026B E5            [11]  499 	push	hl
   026C 33            [ 6]  500 	inc	sp
   026D FD E5         [15]  501 	push	iy
   026F D5            [11]  502 	push	de
   0270 CDr00r00      [17]  503 	call	_collision_clamp_y_at
   0273 F1            [10]  504 	pop	af
   0274 F1            [10]  505 	pop	af
   0275 33            [ 6]  506 	inc	sp
   0276 C1            [10]  507 	pop	bc
                            508 ;src/entities/player.c:95: if (nexty < 0) {
   0277 CB 7C         [ 8]  509 	bit	7, h
   0279 28 03         [12]  510 	jr	Z,00137$
                            511 ;src/entities/player.c:96: nexty = 0;
   027B 21 00 00      [10]  512 	ld	hl, #0x0000
   027E                     513 00137$:
                            514 ;src/entities/player.c:98: player->y = (u8)nexty;
   027E 5D            [ 4]  515 	ld	e, l
   027F DD 6E FE      [19]  516 	ld	l,-2 (ix)
   0282 DD 66 FF      [19]  517 	ld	h,-1 (ix)
   0285 73            [ 7]  518 	ld	(hl), e
                            519 ;src/entities/player.c:100: if (collision_is_on_ground_at((i16)player->x, (i16)player->y, player->h) && player->vy > 0) {
   0286 E1            [10]  520 	pop	hl
   0287 E5            [11]  521 	push	hl
   0288 7E            [ 7]  522 	ld	a, (hl)
   0289 16 00         [ 7]  523 	ld	d, #0x00
   028B F5            [11]  524 	push	af
   028C 0A            [ 7]  525 	ld	a, (bc)
   028D 4F            [ 4]  526 	ld	c, a
   028E F1            [10]  527 	pop	af
   028F 06 00         [ 7]  528 	ld	b, #0x00
   0291 F5            [11]  529 	push	af
   0292 33            [ 6]  530 	inc	sp
   0293 D5            [11]  531 	push	de
   0294 C5            [11]  532 	push	bc
   0295 CDr00r00      [17]  533 	call	_collision_is_on_ground_at
   0298 F1            [10]  534 	pop	af
   0299 F1            [10]  535 	pop	af
   029A 33            [ 6]  536 	inc	sp
   029B 7D            [ 4]  537 	ld	a, l
   029C B7            [ 4]  538 	or	a, a
   029D 28 19         [12]  539 	jr	Z,00141$
   029F DD 6E FC      [19]  540 	ld	l,-4 (ix)
   02A2 DD 66 FD      [19]  541 	ld	h,-3 (ix)
   02A5 4E            [ 7]  542 	ld	c, (hl)
   02A6 AF            [ 4]  543 	xor	a, a
   02A7 91            [ 4]  544 	sub	a, c
   02A8 E2rADr02      [10]  545 	jp	PO, 00228$
   02AB EE 80         [ 7]  546 	xor	a, #0x80
   02AD                     547 00228$:
   02AD F2rB8r02      [10]  548 	jp	P, 00141$
                            549 ;src/entities/player.c:101: player->vy = 0;
   02B0 DD 6E FC      [19]  550 	ld	l,-4 (ix)
   02B3 DD 66 FD      [19]  551 	ld	h,-3 (ix)
   02B6 36 00         [10]  552 	ld	(hl), #0x00
   02B8                     553 00141$:
   02B8 DD F9         [10]  554 	ld	sp, ix
   02BA DD E1         [14]  555 	pop	ix
   02BC C9            [10]  556 	ret
                            557 ;src/entities/player.c:105: void playerrender(const Player* player) {
                            558 ;	---------------------------------
                            559 ; Function playerrender
                            560 ; ---------------------------------
   02BD                     561 _playerrender::
   02BD DD E5         [15]  562 	push	ix
   02BF DD 21 00 00   [14]  563 	ld	ix,#0
   02C3 DD 39         [15]  564 	add	ix,sp
   02C5 3B            [ 6]  565 	dec	sp
                            566 ;src/entities/player.c:108: if (!player) {
   02C6 DD 7E 05      [19]  567 	ld	a, 5 (ix)
   02C9 DD B6 04      [19]  568 	or	a,4 (ix)
                            569 ;src/entities/player.c:109: return;
   02CC 28 38         [12]  570 	jr	Z,00103$
                            571 ;src/entities/player.c:112: pvmem = cpct_getScreenPtr(CPCT_VMEM_START, player->x, player->y);
   02CE DD 5E 04      [19]  572 	ld	e,4 (ix)
   02D1 DD 56 05      [19]  573 	ld	d,5 (ix)
   02D4 6B            [ 4]  574 	ld	l, e
   02D5 62            [ 4]  575 	ld	h, d
   02D6 23            [ 6]  576 	inc	hl
   02D7 46            [ 7]  577 	ld	b, (hl)
   02D8 1A            [ 7]  578 	ld	a, (de)
   02D9 D5            [11]  579 	push	de
   02DA C5            [11]  580 	push	bc
   02DB 33            [ 6]  581 	inc	sp
   02DC F5            [11]  582 	push	af
   02DD 33            [ 6]  583 	inc	sp
   02DE 21 00 C0      [10]  584 	ld	hl, #0xc000
   02E1 E5            [11]  585 	push	hl
   02E2 CDr00r00      [17]  586 	call	_cpct_getScreenPtr
   02E5 4D            [ 4]  587 	ld	c, l
   02E6 44            [ 4]  588 	ld	b, h
   02E7 D1            [10]  589 	pop	de
                            590 ;src/entities/player.c:113: cpct_drawSprite((u8*)player_sprite, pvmem, player->w, player->h);
   02E8 D5            [11]  591 	push	de
   02E9 FD E1         [14]  592 	pop	iy
   02EB FD 7E 05      [19]  593 	ld	a, 5 (iy)
   02EE DD 77 FF      [19]  594 	ld	-1 (ix), a
   02F1 EB            [ 4]  595 	ex	de,hl
   02F2 11 04 00      [10]  596 	ld	de, #0x0004
   02F5 19            [11]  597 	add	hl, de
   02F6 56            [ 7]  598 	ld	d, (hl)
   02F7 DD 7E FF      [19]  599 	ld	a, -1 (ix)
   02FA F5            [11]  600 	push	af
   02FB 33            [ 6]  601 	inc	sp
   02FC D5            [11]  602 	push	de
   02FD 33            [ 6]  603 	inc	sp
   02FE C5            [11]  604 	push	bc
   02FF 21r46r00      [10]  605 	ld	hl, #_player_sprite
   0302 E5            [11]  606 	push	hl
   0303 CDr00r00      [17]  607 	call	_cpct_drawSprite
   0306                     608 00103$:
   0306 33            [ 6]  609 	inc	sp
   0307 DD E1         [14]  610 	pop	ix
   0309 C9            [10]  611 	ret
                            612 ;src/entities/player.c:116: u8 player_get_health(const Player* player) {
                            613 ;	---------------------------------
                            614 ; Function player_get_health
                            615 ; ---------------------------------
   030A                     616 _player_get_health::
                            617 ;src/entities/player.c:117: return player ? player->health : 0;
   030A 21 03 00      [10]  618 	ld	hl, #2+1
   030D 39            [11]  619 	add	hl, sp
   030E 7E            [ 7]  620 	ld	a, (hl)
   030F 2B            [ 6]  621 	dec	hl
   0310 B6            [ 7]  622 	or	a,(hl)
   0311 28 0A         [12]  623 	jr	Z,00103$
   0313 C1            [10]  624 	pop	bc
   0314 E1            [10]  625 	pop	hl
   0315 E5            [11]  626 	push	hl
   0316 C5            [11]  627 	push	bc
   0317 11 06 00      [10]  628 	ld	de, #0x0006
   031A 19            [11]  629 	add	hl, de
   031B 6E            [ 7]  630 	ld	l, (hl)
   031C C9            [10]  631 	ret
   031D                     632 00103$:
   031D 2E 00         [ 7]  633 	ld	l, #0x00
   031F C9            [10]  634 	ret
                            635 ;src/entities/player.c:120: u8 player_get_weapon(const Player* player) {
                            636 ;	---------------------------------
                            637 ; Function player_get_weapon
                            638 ; ---------------------------------
   0320                     639 _player_get_weapon::
                            640 ;src/entities/player.c:121: return player ? player->weapon : 0;
   0320 21 03 00      [10]  641 	ld	hl, #2+1
   0323 39            [11]  642 	add	hl, sp
   0324 7E            [ 7]  643 	ld	a, (hl)
   0325 2B            [ 6]  644 	dec	hl
   0326 B6            [ 7]  645 	or	a,(hl)
   0327 28 0A         [12]  646 	jr	Z,00103$
   0329 C1            [10]  647 	pop	bc
   032A E1            [10]  648 	pop	hl
   032B E5            [11]  649 	push	hl
   032C C5            [11]  650 	push	bc
   032D 11 07 00      [10]  651 	ld	de, #0x0007
   0330 19            [11]  652 	add	hl, de
   0331 6E            [ 7]  653 	ld	l, (hl)
   0332 C9            [10]  654 	ret
   0333                     655 00103$:
   0333 2E 00         [ 7]  656 	ld	l, #0x00
   0335 C9            [10]  657 	ret
                            658 	.area _CODE
                            659 	.area _INITIALIZER
                            660 	.area _CABS (ABS)
