                              1 ;--------------------------------------------------------
                              2 ; File Created by SDCC : free open source ANSI-C Compiler
                              3 ; Version 3.6.8 #9946 (Mac OS X ppc)
                              4 ;--------------------------------------------------------
                              5 	.module player
                              6 	.optsdcc -mz80
                              7 	
                              8 ;--------------------------------------------------------
                              9 ; Public variables in this module
                             10 ;--------------------------------------------------------
                             11 	.globl _collision_clamp_y_at
                             12 	.globl _collision_is_on_ground_at
                             13 	.globl _input_is_jump_just_pressed
                             14 	.globl _input_is_jump_pressed
                             15 	.globl _input_is_right_pressed
                             16 	.globl _input_is_left_pressed
                             17 	.globl _cpct_getScreenPtr
                             18 	.globl _cpct_drawSolidBox
                             19 	.globl _cpct_px2byteM0
                             20 	.globl _playerinit
                             21 	.globl _playerupdate
                             22 	.globl _playerrender
                             23 ;--------------------------------------------------------
                             24 ; special function registers
                             25 ;--------------------------------------------------------
                             26 ;--------------------------------------------------------
                             27 ; ram data
                             28 ;--------------------------------------------------------
                             29 	.area _DATA
                             30 ;--------------------------------------------------------
                             31 ; ram data
                             32 ;--------------------------------------------------------
                             33 	.area _INITIALIZED
                             34 ;--------------------------------------------------------
                             35 ; absolute external ram data
                             36 ;--------------------------------------------------------
                             37 	.area _DABS (ABS)
                             38 ;--------------------------------------------------------
                             39 ; global & static initialisations
                             40 ;--------------------------------------------------------
                             41 	.area _HOME
                             42 	.area _GSINIT
                             43 	.area _GSFINAL
                             44 	.area _GSINIT
                             45 ;--------------------------------------------------------
                             46 ; Home
                             47 ;--------------------------------------------------------
                             48 	.area _HOME
                             49 	.area _HOME
                             50 ;--------------------------------------------------------
                             51 ; code
                             52 ;--------------------------------------------------------
                             53 	.area _CODE
                             54 ;src/entities/player.c:16: void playerinit(Player* player) {
                             55 ;	---------------------------------
                             56 ; Function playerinit
                             57 ; ---------------------------------
   0000                      58 _playerinit::
                             59 ;src/entities/player.c:17: if (!player) {
   0000 21 03 00      [10]   60 	ld	hl, #2+1
   0003 39            [11]   61 	add	hl, sp
   0004 7E            [ 7]   62 	ld	a, (hl)
   0005 2B            [ 6]   63 	dec	hl
   0006 B6            [ 7]   64 	or	a,(hl)
                             65 ;src/entities/player.c:18: return;
   0007 C8            [11]   66 	ret	Z
                             67 ;src/entities/player.c:21: player->x = 20;
   0008 D1            [10]   68 	pop	de
   0009 C1            [10]   69 	pop	bc
   000A C5            [11]   70 	push	bc
   000B D5            [11]   71 	push	de
   000C 3E 14         [ 7]   72 	ld	a, #0x14
   000E 02            [ 7]   73 	ld	(bc), a
                             74 ;src/entities/player.c:22: player->y = 120;
   000F 69            [ 4]   75 	ld	l, c
   0010 60            [ 4]   76 	ld	h, b
   0011 23            [ 6]   77 	inc	hl
   0012 36 78         [10]   78 	ld	(hl), #0x78
                             79 ;src/entities/player.c:23: player->vx = 0;
   0014 59            [ 4]   80 	ld	e, c
   0015 50            [ 4]   81 	ld	d, b
   0016 13            [ 6]   82 	inc	de
   0017 13            [ 6]   83 	inc	de
   0018 AF            [ 4]   84 	xor	a, a
   0019 12            [ 7]   85 	ld	(de), a
                             86 ;src/entities/player.c:24: player->vy = 0;
   001A 59            [ 4]   87 	ld	e, c
   001B 50            [ 4]   88 	ld	d, b
   001C 13            [ 6]   89 	inc	de
   001D 13            [ 6]   90 	inc	de
   001E 13            [ 6]   91 	inc	de
   001F AF            [ 4]   92 	xor	a, a
   0020 12            [ 7]   93 	ld	(de), a
                             94 ;src/entities/player.c:25: player->w = 4;
   0021 21 04 00      [10]   95 	ld	hl, #0x0004
   0024 09            [11]   96 	add	hl, bc
   0025 36 04         [10]   97 	ld	(hl), #0x04
                             98 ;src/entities/player.c:26: player->h = 16;
   0027 21 05 00      [10]   99 	ld	hl, #0x0005
   002A 09            [11]  100 	add	hl, bc
   002B 36 10         [10]  101 	ld	(hl), #0x10
                            102 ;src/entities/player.c:27: player->health = 3;
   002D 21 06 00      [10]  103 	ld	hl, #0x0006
   0030 09            [11]  104 	add	hl, bc
   0031 36 03         [10]  105 	ld	(hl), #0x03
                            106 ;src/entities/player.c:28: player->facing_left = 0;
   0033 21 07 00      [10]  107 	ld	hl, #0x0007
   0036 09            [11]  108 	add	hl, bc
   0037 36 00         [10]  109 	ld	(hl), #0x00
                            110 ;src/entities/player.c:29: player->jump_hold = 0;
   0039 21 08 00      [10]  111 	ld	hl, #0x0008
   003C 09            [11]  112 	add	hl, bc
   003D 36 00         [10]  113 	ld	(hl), #0x00
   003F C9            [10]  114 	ret
                            115 ;src/entities/player.c:32: void playerupdate(Player* player) {
                            116 ;	---------------------------------
                            117 ; Function playerupdate
                            118 ; ---------------------------------
   0040                     119 _playerupdate::
   0040 DD E5         [15]  120 	push	ix
   0042 DD 21 00 00   [14]  121 	ld	ix,#0
   0046 DD 39         [15]  122 	add	ix,sp
   0048 21 F2 FF      [10]  123 	ld	hl, #-14
   004B 39            [11]  124 	add	hl, sp
   004C F9            [ 6]  125 	ld	sp, hl
                            126 ;src/entities/player.c:36: if (!player) {
   004D DD 7E 05      [19]  127 	ld	a, 5 (ix)
   0050 DD B6 04      [19]  128 	or	a,4 (ix)
                            129 ;src/entities/player.c:37: return;
   0053 CAr72r02      [10]  130 	jp	Z,00141$
                            131 ;src/entities/player.c:40: if (input_is_left_pressed()) {
   0056 CDr00r00      [17]  132 	call	_input_is_left_pressed
                            133 ;src/entities/player.c:41: player->vx = (i8)(player->vx - kplayeracceleration);
   0059 DD 4E 04      [19]  134 	ld	c,4 (ix)
   005C DD 46 05      [19]  135 	ld	b,5 (ix)
   005F 59            [ 4]  136 	ld	e, c
   0060 50            [ 4]  137 	ld	d, b
   0061 13            [ 6]  138 	inc	de
   0062 13            [ 6]  139 	inc	de
                            140 ;src/entities/player.c:42: player->facing_left = 1;
   0063 79            [ 4]  141 	ld	a, c
   0064 C6 07         [ 7]  142 	add	a, #0x07
   0066 DD 77 F2      [19]  143 	ld	-14 (ix), a
   0069 78            [ 4]  144 	ld	a, b
   006A CE 00         [ 7]  145 	adc	a, #0x00
   006C DD 77 F3      [19]  146 	ld	-13 (ix), a
                            147 ;src/entities/player.c:40: if (input_is_left_pressed()) {
   006F 7D            [ 4]  148 	ld	a, l
   0070 B7            [ 4]  149 	or	a, a
   0071 28 0A         [12]  150 	jr	Z,00116$
                            151 ;src/entities/player.c:41: player->vx = (i8)(player->vx - kplayeracceleration);
   0073 1A            [ 7]  152 	ld	a, (de)
   0074 C6 FF         [ 7]  153 	add	a, #0xff
   0076 12            [ 7]  154 	ld	(de), a
                            155 ;src/entities/player.c:42: player->facing_left = 1;
   0077 E1            [10]  156 	pop	hl
   0078 E5            [11]  157 	push	hl
   0079 36 01         [10]  158 	ld	(hl), #0x01
   007B 18 51         [12]  159 	jr	00117$
   007D                     160 00116$:
                            161 ;src/entities/player.c:43: } else if (input_is_right_pressed()) {
   007D C5            [11]  162 	push	bc
   007E D5            [11]  163 	push	de
   007F CDr00r00      [17]  164 	call	_input_is_right_pressed
   0082 DD 75 FF      [19]  165 	ld	-1 (ix), l
   0085 D1            [10]  166 	pop	de
   0086 C1            [10]  167 	pop	bc
                            168 ;src/entities/player.c:54: if (player->vx > kplayermovespeed) player->vx = kplayermovespeed;
   0087 1A            [ 7]  169 	ld	a, (de)
                            170 ;src/entities/player.c:44: player->vx = (i8)(player->vx + kplayeracceleration);
   0088 6F            [ 4]  171 	ld	l,a
   0089 3C            [ 4]  172 	inc	a
   008A DD 77 FE      [19]  173 	ld	-2 (ix), a
                            174 ;src/entities/player.c:43: } else if (input_is_right_pressed()) {
   008D DD 7E FF      [19]  175 	ld	a, -1 (ix)
   0090 B7            [ 4]  176 	or	a, a
   0091 28 0A         [12]  177 	jr	Z,00113$
                            178 ;src/entities/player.c:44: player->vx = (i8)(player->vx + kplayeracceleration);
   0093 DD 7E FE      [19]  179 	ld	a, -2 (ix)
   0096 12            [ 7]  180 	ld	(de), a
                            181 ;src/entities/player.c:45: player->facing_left = 0;
   0097 E1            [10]  182 	pop	hl
   0098 E5            [11]  183 	push	hl
   0099 36 00         [10]  184 	ld	(hl), #0x00
   009B 18 31         [12]  185 	jr	00117$
   009D                     186 00113$:
                            187 ;src/entities/player.c:46: } else if (player->vx > 0) {
   009D AF            [ 4]  188 	xor	a, a
   009E 95            [ 4]  189 	sub	a, l
   009F E2rA4r00      [10]  190 	jp	PO, 00223$
   00A2 EE 80         [ 7]  191 	xor	a, #0x80
   00A4                     192 00223$:
   00A4 F2rB8r00      [10]  193 	jp	P, 00110$
                            194 ;src/entities/player.c:47: player->vx = (i8)(player->vx - kplayerdeceleration);
   00A7 7D            [ 4]  195 	ld	a, l
   00A8 C6 FF         [ 7]  196 	add	a, #0xff
   00AA DD 77 FF      [19]  197 	ld	-1 (ix), a
   00AD 12            [ 7]  198 	ld	(de),a
                            199 ;src/entities/player.c:48: if (player->vx < 0) player->vx = 0;
   00AE DD CB FF 7E   [20]  200 	bit	7, -1 (ix)
   00B2 28 1A         [12]  201 	jr	Z,00117$
   00B4 AF            [ 4]  202 	xor	a, a
   00B5 12            [ 7]  203 	ld	(de), a
   00B6 18 16         [12]  204 	jr	00117$
   00B8                     205 00110$:
                            206 ;src/entities/player.c:49: } else if (player->vx < 0) {
   00B8 CB 7D         [ 8]  207 	bit	7, l
   00BA 28 12         [12]  208 	jr	Z,00117$
                            209 ;src/entities/player.c:50: player->vx = (i8)(player->vx + kplayerdeceleration);
   00BC DD 7E FE      [19]  210 	ld	a, -2 (ix)
   00BF 12            [ 7]  211 	ld	(de), a
                            212 ;src/entities/player.c:51: if (player->vx > 0) player->vx = 0;
   00C0 AF            [ 4]  213 	xor	a, a
   00C1 DD 96 FE      [19]  214 	sub	a, -2 (ix)
   00C4 E2rC9r00      [10]  215 	jp	PO, 00224$
   00C7 EE 80         [ 7]  216 	xor	a, #0x80
   00C9                     217 00224$:
   00C9 F2rCEr00      [10]  218 	jp	P, 00117$
   00CC AF            [ 4]  219 	xor	a, a
   00CD 12            [ 7]  220 	ld	(de), a
   00CE                     221 00117$:
                            222 ;src/entities/player.c:54: if (player->vx > kplayermovespeed) player->vx = kplayermovespeed;
   00CE 1A            [ 7]  223 	ld	a, (de)
   00CF 6F            [ 4]  224 	ld	l, a
   00D0 3E 03         [ 7]  225 	ld	a, #0x03
   00D2 95            [ 4]  226 	sub	a, l
   00D3 E2rD8r00      [10]  227 	jp	PO, 00225$
   00D6 EE 80         [ 7]  228 	xor	a, #0x80
   00D8                     229 00225$:
   00D8 F2rDEr00      [10]  230 	jp	P, 00119$
   00DB 3E 03         [ 7]  231 	ld	a, #0x03
   00DD 12            [ 7]  232 	ld	(de), a
   00DE                     233 00119$:
                            234 ;src/entities/player.c:55: if (player->vx < -kplayermovespeed) player->vx = -kplayermovespeed;
   00DE 1A            [ 7]  235 	ld	a, (de)
   00DF EE 80         [ 7]  236 	xor	a, #0x80
   00E1 D6 7D         [ 7]  237 	sub	a, #0x7d
   00E3 30 03         [12]  238 	jr	NC,00121$
   00E5 3E FD         [ 7]  239 	ld	a, #0xfd
   00E7 12            [ 7]  240 	ld	(de), a
   00E8                     241 00121$:
                            242 ;src/entities/player.c:57: if (input_is_jump_just_pressed() && collision_is_on_ground_at((i16)player->x, (i16)player->y, player->h)) {
   00E8 C5            [11]  243 	push	bc
   00E9 D5            [11]  244 	push	de
   00EA CDr00r00      [17]  245 	call	_input_is_jump_just_pressed
   00ED DD 75 FE      [19]  246 	ld	-2 (ix), l
   00F0 D1            [10]  247 	pop	de
   00F1 C1            [10]  248 	pop	bc
   00F2 21 05 00      [10]  249 	ld	hl, #0x0005
   00F5 09            [11]  250 	add	hl,bc
   00F6 E3            [19]  251 	ex	(sp), hl
   00F7 21 01 00      [10]  252 	ld	hl, #0x0001
   00FA 09            [11]  253 	add	hl,bc
   00FB DD 75 FC      [19]  254 	ld	-4 (ix), l
   00FE DD 74 FD      [19]  255 	ld	-3 (ix), h
                            256 ;src/entities/player.c:58: player->vy = kplayerjumpvelocity;
   0101 21 03 00      [10]  257 	ld	hl, #0x0003
   0104 09            [11]  258 	add	hl,bc
   0105 DD 75 FA      [19]  259 	ld	-6 (ix), l
   0108 DD 74 FB      [19]  260 	ld	-5 (ix), h
                            261 ;src/entities/player.c:59: player->jump_hold = 5;
   010B 21 08 00      [10]  262 	ld	hl, #0x0008
   010E 09            [11]  263 	add	hl,bc
   010F DD 75 F8      [19]  264 	ld	-8 (ix), l
   0112 DD 74 F9      [19]  265 	ld	-7 (ix), h
                            266 ;src/entities/player.c:57: if (input_is_jump_just_pressed() && collision_is_on_ground_at((i16)player->x, (i16)player->y, player->h)) {
   0115 DD 7E FE      [19]  267 	ld	a, -2 (ix)
   0118 B7            [ 4]  268 	or	a, a
   0119 28 4A         [12]  269 	jr	Z,00123$
   011B E1            [10]  270 	pop	hl
   011C E5            [11]  271 	push	hl
   011D 7E            [ 7]  272 	ld	a, (hl)
   011E DD 6E FC      [19]  273 	ld	l,-4 (ix)
   0121 DD 66 FD      [19]  274 	ld	h,-3 (ix)
   0124 6E            [ 7]  275 	ld	l, (hl)
   0125 DD 75 F6      [19]  276 	ld	-10 (ix), l
   0128 DD 36 F7 00   [19]  277 	ld	-9 (ix), #0x00
   012C F5            [11]  278 	push	af
   012D 0A            [ 7]  279 	ld	a, (bc)
   012E 6F            [ 4]  280 	ld	l, a
   012F F1            [10]  281 	pop	af
   0130 DD 75 F4      [19]  282 	ld	-12 (ix), l
   0133 DD 36 F5 00   [19]  283 	ld	-11 (ix), #0x00
   0137 C5            [11]  284 	push	bc
   0138 D5            [11]  285 	push	de
   0139 F5            [11]  286 	push	af
   013A 33            [ 6]  287 	inc	sp
   013B DD 6E F6      [19]  288 	ld	l,-10 (ix)
   013E DD 66 F7      [19]  289 	ld	h,-9 (ix)
   0141 E5            [11]  290 	push	hl
   0142 DD 6E F4      [19]  291 	ld	l,-12 (ix)
   0145 DD 66 F5      [19]  292 	ld	h,-11 (ix)
   0148 E5            [11]  293 	push	hl
   0149 CDr00r00      [17]  294 	call	_collision_is_on_ground_at
   014C F1            [10]  295 	pop	af
   014D F1            [10]  296 	pop	af
   014E 33            [ 6]  297 	inc	sp
   014F D1            [10]  298 	pop	de
   0150 C1            [10]  299 	pop	bc
   0151 7D            [ 4]  300 	ld	a, l
   0152 B7            [ 4]  301 	or	a, a
   0153 28 10         [12]  302 	jr	Z,00123$
                            303 ;src/entities/player.c:58: player->vy = kplayerjumpvelocity;
   0155 DD 6E FA      [19]  304 	ld	l,-6 (ix)
   0158 DD 66 FB      [19]  305 	ld	h,-5 (ix)
   015B 36 FA         [10]  306 	ld	(hl), #0xfa
                            307 ;src/entities/player.c:59: player->jump_hold = 5;
   015D DD 6E F8      [19]  308 	ld	l,-8 (ix)
   0160 DD 66 F9      [19]  309 	ld	h,-7 (ix)
   0163 36 05         [10]  310 	ld	(hl), #0x05
   0165                     311 00123$:
                            312 ;src/entities/player.c:62: if (input_is_jump_pressed() && player->jump_hold && player->vy < 0) {
   0165 C5            [11]  313 	push	bc
   0166 D5            [11]  314 	push	de
   0167 CDr00r00      [17]  315 	call	_input_is_jump_pressed
   016A 7D            [ 4]  316 	ld	a, l
   016B D1            [10]  317 	pop	de
   016C C1            [10]  318 	pop	bc
   016D B7            [ 4]  319 	or	a, a
   016E 28 31         [12]  320 	jr	Z,00126$
   0170 DD 6E F8      [19]  321 	ld	l,-8 (ix)
   0173 DD 66 F9      [19]  322 	ld	h,-7 (ix)
   0176 7E            [ 7]  323 	ld	a, (hl)
   0177 B7            [ 4]  324 	or	a, a
   0178 28 27         [12]  325 	jr	Z,00126$
   017A DD 6E FA      [19]  326 	ld	l,-6 (ix)
   017D DD 66 FB      [19]  327 	ld	h,-5 (ix)
   0180 6E            [ 7]  328 	ld	l, (hl)
   0181 CB 7D         [ 8]  329 	bit	7, l
   0183 28 1C         [12]  330 	jr	Z,00126$
                            331 ;src/entities/player.c:63: player->vy = (i8)(player->vy + kplayerjumpboost);
   0185 7D            [ 4]  332 	ld	a, l
   0186 C6 FF         [ 7]  333 	add	a, #0xff
   0188 DD 6E FA      [19]  334 	ld	l,-6 (ix)
   018B DD 66 FB      [19]  335 	ld	h,-5 (ix)
   018E 77            [ 7]  336 	ld	(hl), a
                            337 ;src/entities/player.c:64: player->jump_hold--;
   018F DD 6E F8      [19]  338 	ld	l,-8 (ix)
   0192 DD 66 F9      [19]  339 	ld	h,-7 (ix)
   0195 7E            [ 7]  340 	ld	a, (hl)
   0196 C6 FF         [ 7]  341 	add	a, #0xff
   0198 DD 6E F8      [19]  342 	ld	l,-8 (ix)
   019B DD 66 F9      [19]  343 	ld	h,-7 (ix)
   019E 77            [ 7]  344 	ld	(hl), a
   019F 18 08         [12]  345 	jr	00127$
   01A1                     346 00126$:
                            347 ;src/entities/player.c:66: player->jump_hold = 0;
   01A1 DD 6E F8      [19]  348 	ld	l,-8 (ix)
   01A4 DD 66 F9      [19]  349 	ld	h,-7 (ix)
   01A7 36 00         [10]  350 	ld	(hl), #0x00
   01A9                     351 00127$:
                            352 ;src/entities/player.c:69: player->vy = (i8)(player->vy + kplayergravity);
   01A9 DD 6E FA      [19]  353 	ld	l,-6 (ix)
   01AC DD 66 FB      [19]  354 	ld	h,-5 (ix)
   01AF 7E            [ 7]  355 	ld	a, (hl)
   01B0 3C            [ 4]  356 	inc	a
   01B1 DD 77 F4      [19]  357 	ld	-12 (ix), a
   01B4 DD 6E FA      [19]  358 	ld	l,-6 (ix)
   01B7 DD 66 FB      [19]  359 	ld	h,-5 (ix)
   01BA DD 7E F4      [19]  360 	ld	a, -12 (ix)
   01BD 77            [ 7]  361 	ld	(hl), a
                            362 ;src/entities/player.c:70: if (player->vy > kplayermaxfall) player->vy = kplayermaxfall;
   01BE 3E 04         [ 7]  363 	ld	a, #0x04
   01C0 DD 96 F4      [19]  364 	sub	a, -12 (ix)
   01C3 E2rC8r01      [10]  365 	jp	PO, 00226$
   01C6 EE 80         [ 7]  366 	xor	a, #0x80
   01C8                     367 00226$:
   01C8 F2rD3r01      [10]  368 	jp	P, 00131$
   01CB DD 6E FA      [19]  369 	ld	l,-6 (ix)
   01CE DD 66 FB      [19]  370 	ld	h,-5 (ix)
   01D1 36 04         [10]  371 	ld	(hl), #0x04
   01D3                     372 00131$:
                            373 ;src/entities/player.c:72: nextx = (i16)player->x + (i16)player->vx;
   01D3 0A            [ 7]  374 	ld	a, (bc)
   01D4 DD 77 F4      [19]  375 	ld	-12 (ix), a
   01D7 DD 36 F5 00   [19]  376 	ld	-11 (ix), #0x00
   01DB 1A            [ 7]  377 	ld	a, (de)
   01DC 5F            [ 4]  378 	ld	e, a
   01DD 17            [ 4]  379 	rla
   01DE 9F            [ 4]  380 	sbc	a, a
   01DF 57            [ 4]  381 	ld	d, a
   01E0 DD 6E F4      [19]  382 	ld	l,-12 (ix)
   01E3 DD 66 F5      [19]  383 	ld	h,-11 (ix)
   01E6 19            [11]  384 	add	hl, de
                            385 ;src/entities/player.c:73: if (nextx < 0) {
   01E7 CB 7C         [ 8]  386 	bit	7, h
   01E9 28 03         [12]  387 	jr	Z,00133$
                            388 ;src/entities/player.c:74: nextx = 0;
   01EB 21 00 00      [10]  389 	ld	hl, #0x0000
   01EE                     390 00133$:
                            391 ;src/entities/player.c:76: if (nextx > 76) {
   01EE 3E 4C         [ 7]  392 	ld	a, #0x4c
   01F0 BD            [ 4]  393 	cp	a, l
   01F1 3E 00         [ 7]  394 	ld	a, #0x00
   01F3 9C            [ 4]  395 	sbc	a, h
   01F4 E2rF9r01      [10]  396 	jp	PO, 00227$
   01F7 EE 80         [ 7]  397 	xor	a, #0x80
   01F9                     398 00227$:
   01F9 F2rFFr01      [10]  399 	jp	P, 00135$
                            400 ;src/entities/player.c:77: nextx = 76;
   01FC 21 4C 00      [10]  401 	ld	hl, #0x004c
   01FF                     402 00135$:
                            403 ;src/entities/player.c:79: player->x = (u8)nextx;
   01FF DD 75 F4      [19]  404 	ld	-12 (ix), l
   0202 7D            [ 4]  405 	ld	a, l
   0203 02            [ 7]  406 	ld	(bc), a
                            407 ;src/entities/player.c:81: nexty = (i16)player->y + (i16)player->vy;
   0204 DD 6E FC      [19]  408 	ld	l,-4 (ix)
   0207 DD 66 FD      [19]  409 	ld	h,-3 (ix)
   020A 5E            [ 7]  410 	ld	e, (hl)
   020B 16 00         [ 7]  411 	ld	d, #0x00
   020D DD 6E FA      [19]  412 	ld	l,-6 (ix)
   0210 DD 66 FB      [19]  413 	ld	h,-5 (ix)
   0213 6E            [ 7]  414 	ld	l, (hl)
   0214 7D            [ 4]  415 	ld	a, l
   0215 17            [ 4]  416 	rla
   0216 9F            [ 4]  417 	sbc	a, a
   0217 67            [ 4]  418 	ld	h, a
   0218 19            [11]  419 	add	hl, de
   0219 E5            [11]  420 	push	hl
   021A FD E1         [14]  421 	pop	iy
                            422 ;src/entities/player.c:82: nexty = collision_clamp_y_at((i16)player->x, nexty, player->h);
   021C E1            [10]  423 	pop	hl
   021D E5            [11]  424 	push	hl
   021E 66            [ 7]  425 	ld	h, (hl)
   021F DD 5E F4      [19]  426 	ld	e, -12 (ix)
   0222 16 00         [ 7]  427 	ld	d, #0x00
   0224 C5            [11]  428 	push	bc
   0225 E5            [11]  429 	push	hl
   0226 33            [ 6]  430 	inc	sp
   0227 FD E5         [15]  431 	push	iy
   0229 D5            [11]  432 	push	de
   022A CDr00r00      [17]  433 	call	_collision_clamp_y_at
   022D F1            [10]  434 	pop	af
   022E F1            [10]  435 	pop	af
   022F 33            [ 6]  436 	inc	sp
   0230 C1            [10]  437 	pop	bc
                            438 ;src/entities/player.c:83: if (nexty < 0) {
   0231 CB 7C         [ 8]  439 	bit	7, h
   0233 28 03         [12]  440 	jr	Z,00137$
                            441 ;src/entities/player.c:84: nexty = 0;
   0235 21 00 00      [10]  442 	ld	hl, #0x0000
   0238                     443 00137$:
                            444 ;src/entities/player.c:86: player->y = (u8)nexty;
   0238 5D            [ 4]  445 	ld	e, l
   0239 DD 6E FC      [19]  446 	ld	l,-4 (ix)
   023C DD 66 FD      [19]  447 	ld	h,-3 (ix)
   023F 73            [ 7]  448 	ld	(hl), e
                            449 ;src/entities/player.c:88: if (collision_is_on_ground_at((i16)player->x, (i16)player->y, player->h) && player->vy > 0) {
   0240 E1            [10]  450 	pop	hl
   0241 E5            [11]  451 	push	hl
   0242 7E            [ 7]  452 	ld	a, (hl)
   0243 16 00         [ 7]  453 	ld	d, #0x00
   0245 F5            [11]  454 	push	af
   0246 0A            [ 7]  455 	ld	a, (bc)
   0247 4F            [ 4]  456 	ld	c, a
   0248 F1            [10]  457 	pop	af
   0249 06 00         [ 7]  458 	ld	b, #0x00
   024B F5            [11]  459 	push	af
   024C 33            [ 6]  460 	inc	sp
   024D D5            [11]  461 	push	de
   024E C5            [11]  462 	push	bc
   024F CDr00r00      [17]  463 	call	_collision_is_on_ground_at
   0252 F1            [10]  464 	pop	af
   0253 F1            [10]  465 	pop	af
   0254 33            [ 6]  466 	inc	sp
   0255 7D            [ 4]  467 	ld	a, l
   0256 B7            [ 4]  468 	or	a, a
   0257 28 19         [12]  469 	jr	Z,00141$
   0259 DD 6E FA      [19]  470 	ld	l,-6 (ix)
   025C DD 66 FB      [19]  471 	ld	h,-5 (ix)
   025F 4E            [ 7]  472 	ld	c, (hl)
   0260 AF            [ 4]  473 	xor	a, a
   0261 91            [ 4]  474 	sub	a, c
   0262 E2r67r02      [10]  475 	jp	PO, 00228$
   0265 EE 80         [ 7]  476 	xor	a, #0x80
   0267                     477 00228$:
   0267 F2r72r02      [10]  478 	jp	P, 00141$
                            479 ;src/entities/player.c:89: player->vy = 0;
   026A DD 6E FA      [19]  480 	ld	l,-6 (ix)
   026D DD 66 FB      [19]  481 	ld	h,-5 (ix)
   0270 36 00         [10]  482 	ld	(hl), #0x00
   0272                     483 00141$:
   0272 DD F9         [10]  484 	ld	sp, ix
   0274 DD E1         [14]  485 	pop	ix
   0276 C9            [10]  486 	ret
                            487 ;src/entities/player.c:93: void playerrender(const Player* player) {
                            488 ;	---------------------------------
                            489 ; Function playerrender
                            490 ; ---------------------------------
   0277                     491 _playerrender::
   0277 DD E5         [15]  492 	push	ix
   0279 DD 21 00 00   [14]  493 	ld	ix,#0
   027D DD 39         [15]  494 	add	ix,sp
   027F 3B            [ 6]  495 	dec	sp
                            496 ;src/entities/player.c:96: if (!player) {
   0280 DD 7E 05      [19]  497 	ld	a, 5 (ix)
   0283 DD B6 04      [19]  498 	or	a,4 (ix)
                            499 ;src/entities/player.c:97: return;
   0286 28 43         [12]  500 	jr	Z,00103$
                            501 ;src/entities/player.c:100: pvmem = cpct_getScreenPtr(CPCT_VMEM_START, player->x, player->y);
   0288 DD 5E 04      [19]  502 	ld	e,4 (ix)
   028B DD 56 05      [19]  503 	ld	d,5 (ix)
   028E 6B            [ 4]  504 	ld	l, e
   028F 62            [ 4]  505 	ld	h, d
   0290 23            [ 6]  506 	inc	hl
   0291 46            [ 7]  507 	ld	b, (hl)
   0292 1A            [ 7]  508 	ld	a, (de)
   0293 D5            [11]  509 	push	de
   0294 C5            [11]  510 	push	bc
   0295 33            [ 6]  511 	inc	sp
   0296 F5            [11]  512 	push	af
   0297 33            [ 6]  513 	inc	sp
   0298 21 00 C0      [10]  514 	ld	hl, #0xc000
   029B E5            [11]  515 	push	hl
   029C CDr00r00      [17]  516 	call	_cpct_getScreenPtr
   029F 4D            [ 4]  517 	ld	c, l
   02A0 44            [ 4]  518 	ld	b, h
   02A1 D1            [10]  519 	pop	de
                            520 ;src/entities/player.c:101: cpct_drawSolidBox(pvmem, cpct_px2byteM0(6, 6), player->w, player->h);
   02A2 D5            [11]  521 	push	de
   02A3 FD E1         [14]  522 	pop	iy
   02A5 FD 7E 05      [19]  523 	ld	a, 5 (iy)
   02A8 DD 77 FF      [19]  524 	ld	-1 (ix), a
   02AB EB            [ 4]  525 	ex	de,hl
   02AC 11 04 00      [10]  526 	ld	de, #0x0004
   02AF 19            [11]  527 	add	hl, de
   02B0 56            [ 7]  528 	ld	d, (hl)
   02B1 C5            [11]  529 	push	bc
   02B2 D5            [11]  530 	push	de
   02B3 21 06 06      [10]  531 	ld	hl, #0x0606
   02B6 E5            [11]  532 	push	hl
   02B7 CDr00r00      [17]  533 	call	_cpct_px2byteM0
   02BA 5D            [ 4]  534 	ld	e, l
   02BB F1            [10]  535 	pop	af
   02BC 57            [ 4]  536 	ld	d, a
   02BD C1            [10]  537 	pop	bc
   02BE DD 7E FF      [19]  538 	ld	a, -1 (ix)
   02C1 F5            [11]  539 	push	af
   02C2 33            [ 6]  540 	inc	sp
   02C3 D5            [11]  541 	push	de
   02C4 C5            [11]  542 	push	bc
   02C5 CDr00r00      [17]  543 	call	_cpct_drawSolidBox
   02C8 F1            [10]  544 	pop	af
   02C9 F1            [10]  545 	pop	af
   02CA 33            [ 6]  546 	inc	sp
   02CB                     547 00103$:
   02CB 33            [ 6]  548 	inc	sp
   02CC DD E1         [14]  549 	pop	ix
   02CE C9            [10]  550 	ret
                            551 	.area _CODE
                            552 	.area _INITIALIZER
                            553 	.area _CABS (ABS)
