                              1 ;--------------------------------------------------------
                              2 ; File Created by SDCC : free open source ANSI-C Compiler
                              3 ; Version 3.6.8 #9946 (Mac OS X ppc)
                              4 ;--------------------------------------------------------
                              5 	.module collision
                              6 	.optsdcc -mz80
                              7 	
                              8 ;--------------------------------------------------------
                              9 ; Public variables in this module
                             10 ;--------------------------------------------------------
                             11 	.globl _tilemap_is_trap
                             12 	.globl _tilemap_platform_y_at
                             13 	.globl _tilemap_ground_y
                             14 	.globl _collision_init
                             15 	.globl _collision_is_on_ground
                             16 	.globl _collision_is_on_ground_at
                             17 	.globl _collision_clamp_y_to_ground
                             18 	.globl _collision_clamp_y_at
                             19 	.globl _collision_is_on_trap
                             20 ;--------------------------------------------------------
                             21 ; special function registers
                             22 ;--------------------------------------------------------
                             23 ;--------------------------------------------------------
                             24 ; ram data
                             25 ;--------------------------------------------------------
                             26 	.area _DATA
                             27 ;--------------------------------------------------------
                             28 ; ram data
                             29 ;--------------------------------------------------------
                             30 	.area _INITIALIZED
   0000                      31 _ggroundy:
   0000                      32 	.ds 2
   0002                      33 _gplatformy:
   0002                      34 	.ds 2
                             35 ;--------------------------------------------------------
                             36 ; absolute external ram data
                             37 ;--------------------------------------------------------
                             38 	.area _DABS (ABS)
                             39 ;--------------------------------------------------------
                             40 ; global & static initialisations
                             41 ;--------------------------------------------------------
                             42 	.area _HOME
                             43 	.area _GSINIT
                             44 	.area _GSFINAL
                             45 	.area _GSINIT
                             46 ;--------------------------------------------------------
                             47 ; Home
                             48 ;--------------------------------------------------------
                             49 	.area _HOME
                             50 	.area _HOME
                             51 ;--------------------------------------------------------
                             52 ; code
                             53 ;--------------------------------------------------------
                             54 	.area _CODE
                             55 ;src/systems/collision.c:7: void collision_init(void) {
                             56 ;	---------------------------------
                             57 ; Function collision_init
                             58 ; ---------------------------------
   0000                      59 _collision_init::
                             60 ;src/systems/collision.c:8: ggroundy = (i16)tilemap_ground_y();
   0000 CDr00r00      [17]   61 	call	_tilemap_ground_y
   0003 FD 21r00r00   [14]   62 	ld	iy, #_ggroundy
   0007 FD 75 00      [19]   63 	ld	0 (iy), l
   000A FD 36 01 00   [19]   64 	ld	1 (iy), #0x00
                             65 ;src/systems/collision.c:9: gplatformy = (i16)tilemap_platform_y_at(32);
   000E 21 20 00      [10]   66 	ld	hl, #0x0020
   0011 E5            [11]   67 	push	hl
   0012 CDr00r00      [17]   68 	call	_tilemap_platform_y_at
   0015 F1            [10]   69 	pop	af
   0016 FD 21r02r00   [14]   70 	ld	iy, #_gplatformy
   001A FD 75 00      [19]   71 	ld	0 (iy), l
   001D FD 36 01 00   [19]   72 	ld	1 (iy), #0x00
   0021 C9            [10]   73 	ret
                             74 ;src/systems/collision.c:12: u8 collision_is_on_ground(i16 y, u8 h) {
                             75 ;	---------------------------------
                             76 ; Function collision_is_on_ground
                             77 ; ---------------------------------
   0022                      78 _collision_is_on_ground::
                             79 ;src/systems/collision.c:13: return collision_is_on_ground_at(0, y, h);
   0022 21 04 00      [10]   80 	ld	hl, #4+0
   0025 39            [11]   81 	add	hl, sp
   0026 7E            [ 7]   82 	ld	a, (hl)
   0027 F5            [11]   83 	push	af
   0028 33            [ 6]   84 	inc	sp
   0029 21 03 00      [10]   85 	ld	hl, #3
   002C 39            [11]   86 	add	hl, sp
   002D 4E            [ 7]   87 	ld	c, (hl)
   002E 23            [ 6]   88 	inc	hl
   002F 46            [ 7]   89 	ld	b, (hl)
   0030 C5            [11]   90 	push	bc
   0031 21 00 00      [10]   91 	ld	hl, #0x0000
   0034 E5            [11]   92 	push	hl
   0035 CDr3Cr00      [17]   93 	call	_collision_is_on_ground_at
   0038 F1            [10]   94 	pop	af
   0039 F1            [10]   95 	pop	af
   003A 33            [ 6]   96 	inc	sp
   003B C9            [10]   97 	ret
                             98 ;src/systems/collision.c:16: u8 collision_is_on_ground_at(i16 x, i16 y, u8 h) {
                             99 ;	---------------------------------
                            100 ; Function collision_is_on_ground_at
                            101 ; ---------------------------------
   003C                     102 _collision_is_on_ground_at::
   003C DD E5         [15]  103 	push	ix
   003E DD 21 00 00   [14]  104 	ld	ix,#0
   0042 DD 39         [15]  105 	add	ix,sp
                            106 ;src/systems/collision.c:20: support = (i16)tilemap_ground_y();
   0044 CDr00r00      [17]  107 	call	_tilemap_ground_y
   0047 4D            [ 4]  108 	ld	c, l
   0048 06 00         [ 7]  109 	ld	b, #0x00
                            110 ;src/systems/collision.c:21: gplatformy = (i16)tilemap_platform_y_at(x);
   004A C5            [11]  111 	push	bc
   004B DD 6E 04      [19]  112 	ld	l,4 (ix)
   004E DD 66 05      [19]  113 	ld	h,5 (ix)
   0051 E5            [11]  114 	push	hl
   0052 CDr00r00      [17]  115 	call	_tilemap_platform_y_at
   0055 F1            [10]  116 	pop	af
   0056 C1            [10]  117 	pop	bc
   0057 FD 21r02r00   [14]  118 	ld	iy, #_gplatformy
   005B FD 75 00      [19]  119 	ld	0 (iy), l
   005E FD 36 01 00   [19]  120 	ld	1 (iy), #0x00
                            121 ;src/systems/collision.c:22: if (gplatformy != 255 && y + (i16)h <= gplatformy + 2) {
   0062 DD 5E 08      [19]  122 	ld	e, 8 (ix)
   0065 16 00         [ 7]  123 	ld	d, #0x00
   0067 DD 7E 06      [19]  124 	ld	a, 6 (ix)
   006A 83            [ 4]  125 	add	a, e
   006B 5F            [ 4]  126 	ld	e, a
   006C DD 7E 07      [19]  127 	ld	a, 7 (ix)
   006F 8A            [ 4]  128 	adc	a, d
   0070 57            [ 4]  129 	ld	d, a
   0071 FD 7E 00      [19]  130 	ld	a, 0 (iy)
   0074 3C            [ 4]  131 	inc	a
   0075 FD B6 01      [19]  132 	or	a, 1 (iy)
   0078 28 15         [12]  133 	jr	Z,00102$
   007A 2Ar02r00      [16]  134 	ld	hl, (_gplatformy)
   007D 23            [ 6]  135 	inc	hl
   007E 23            [ 6]  136 	inc	hl
   007F 7D            [ 4]  137 	ld	a, l
   0080 93            [ 4]  138 	sub	a, e
   0081 7C            [ 4]  139 	ld	a, h
   0082 9A            [ 4]  140 	sbc	a, d
   0083 E2r88r00      [10]  141 	jp	PO, 00115$
   0086 EE 80         [ 7]  142 	xor	a, #0x80
   0088                     143 00115$:
   0088 FAr8Fr00      [10]  144 	jp	M, 00102$
                            145 ;src/systems/collision.c:23: support = gplatformy;
   008B ED 4Br02r00   [20]  146 	ld	bc, (_gplatformy)
   008F                     147 00102$:
                            148 ;src/systems/collision.c:26: feet = y + (i16)h;
                            149 ;src/systems/collision.c:27: return (u8)(feet >= support);
   008F 7B            [ 4]  150 	ld	a, e
   0090 91            [ 4]  151 	sub	a, c
   0091 7A            [ 4]  152 	ld	a, d
   0092 98            [ 4]  153 	sbc	a, b
   0093 E2r98r00      [10]  154 	jp	PO, 00116$
   0096 EE 80         [ 7]  155 	xor	a, #0x80
   0098                     156 00116$:
   0098 07            [ 4]  157 	rlca
   0099 E6 01         [ 7]  158 	and	a,#0x01
   009B EE 01         [ 7]  159 	xor	a, #0x01
   009D 6F            [ 4]  160 	ld	l, a
   009E DD E1         [14]  161 	pop	ix
   00A0 C9            [10]  162 	ret
                            163 ;src/systems/collision.c:30: i16 collision_clamp_y_to_ground(i16 y, u8 h) {
                            164 ;	---------------------------------
                            165 ; Function collision_clamp_y_to_ground
                            166 ; ---------------------------------
   00A1                     167 _collision_clamp_y_to_ground::
                            168 ;src/systems/collision.c:31: return collision_clamp_y_at(0, y, h);
   00A1 21 04 00      [10]  169 	ld	hl, #4+0
   00A4 39            [11]  170 	add	hl, sp
   00A5 7E            [ 7]  171 	ld	a, (hl)
   00A6 F5            [11]  172 	push	af
   00A7 33            [ 6]  173 	inc	sp
   00A8 21 03 00      [10]  174 	ld	hl, #3
   00AB 39            [11]  175 	add	hl, sp
   00AC 4E            [ 7]  176 	ld	c, (hl)
   00AD 23            [ 6]  177 	inc	hl
   00AE 46            [ 7]  178 	ld	b, (hl)
   00AF C5            [11]  179 	push	bc
   00B0 21 00 00      [10]  180 	ld	hl, #0x0000
   00B3 E5            [11]  181 	push	hl
   00B4 CDrBBr00      [17]  182 	call	_collision_clamp_y_at
   00B7 F1            [10]  183 	pop	af
   00B8 F1            [10]  184 	pop	af
   00B9 33            [ 6]  185 	inc	sp
   00BA C9            [10]  186 	ret
                            187 ;src/systems/collision.c:34: i16 collision_clamp_y_at(i16 x, i16 y, u8 h) {
                            188 ;	---------------------------------
                            189 ; Function collision_clamp_y_at
                            190 ; ---------------------------------
   00BB                     191 _collision_clamp_y_at::
   00BB DD E5         [15]  192 	push	ix
   00BD DD 21 00 00   [14]  193 	ld	ix,#0
   00C1 DD 39         [15]  194 	add	ix,sp
   00C3 3B            [ 6]  195 	dec	sp
                            196 ;src/systems/collision.c:38: ggroundy = (i16)tilemap_ground_y();
   00C4 CDr00r00      [17]  197 	call	_tilemap_ground_y
   00C7 FD 21r00r00   [14]  198 	ld	iy, #_ggroundy
   00CB FD 75 00      [19]  199 	ld	0 (iy), l
   00CE FD 36 01 00   [19]  200 	ld	1 (iy), #0x00
                            201 ;src/systems/collision.c:39: maxy = ggroundy - (i16)h;
   00D2 DD 4E 08      [19]  202 	ld	c, 8 (ix)
   00D5 06 00         [ 7]  203 	ld	b, #0x00
   00D7 FD 7E 00      [19]  204 	ld	a, 0 (iy)
   00DA 91            [ 4]  205 	sub	a, c
   00DB 5F            [ 4]  206 	ld	e, a
   00DC FD 7E 01      [19]  207 	ld	a, 1 (iy)
   00DF 98            [ 4]  208 	sbc	a, b
   00E0 57            [ 4]  209 	ld	d, a
                            210 ;src/systems/collision.c:40: gplatformy = (i16)tilemap_platform_y_at(x);
   00E1 C5            [11]  211 	push	bc
   00E2 D5            [11]  212 	push	de
   00E3 DD 6E 04      [19]  213 	ld	l,4 (ix)
   00E6 DD 66 05      [19]  214 	ld	h,5 (ix)
   00E9 E5            [11]  215 	push	hl
   00EA CDr00r00      [17]  216 	call	_tilemap_platform_y_at
   00ED F1            [10]  217 	pop	af
   00EE D1            [10]  218 	pop	de
   00EF C1            [10]  219 	pop	bc
   00F0 FD 21r02r00   [14]  220 	ld	iy, #_gplatformy
   00F4 FD 75 00      [19]  221 	ld	0 (iy), l
   00F7 FD 36 01 00   [19]  222 	ld	1 (iy), #0x00
                            223 ;src/systems/collision.c:43: if (y > platformmaxy && y <= maxy) {
   00FB 7B            [ 4]  224 	ld	a, e
   00FC DD 96 06      [19]  225 	sub	a, 6 (ix)
   00FF 7A            [ 4]  226 	ld	a, d
   0100 DD 9E 07      [19]  227 	sbc	a, 7 (ix)
   0103 E2r08r01      [10]  228 	jp	PO, 00126$
   0106 EE 80         [ 7]  229 	xor	a, #0x80
   0108                     230 00126$:
   0108 07            [ 4]  231 	rlca
   0109 E6 01         [ 7]  232 	and	a,#0x01
   010B DD 77 FF      [19]  233 	ld	-1 (ix), a
                            234 ;src/systems/collision.c:41: if (gplatformy != 255) {
   010E FD 21r02r00   [14]  235 	ld	iy, #_gplatformy
   0112 FD 7E 00      [19]  236 	ld	a, 0 (iy)
   0115 3C            [ 4]  237 	inc	a
   0116 FD B6 01      [19]  238 	or	a, 1 (iy)
   0119 28 24         [12]  239 	jr	Z,00105$
                            240 ;src/systems/collision.c:42: platformmaxy = gplatformy - (i16)h;
   011B FD 7E 00      [19]  241 	ld	a, 0 (iy)
   011E 91            [ 4]  242 	sub	a, c
   011F 4F            [ 4]  243 	ld	c, a
   0120 FD 7E 01      [19]  244 	ld	a, 1 (iy)
   0123 98            [ 4]  245 	sbc	a, b
   0124 47            [ 4]  246 	ld	b, a
                            247 ;src/systems/collision.c:43: if (y > platformmaxy && y <= maxy) {
   0125 79            [ 4]  248 	ld	a, c
   0126 DD 96 06      [19]  249 	sub	a, 6 (ix)
   0129 78            [ 4]  250 	ld	a, b
   012A DD 9E 07      [19]  251 	sbc	a, 7 (ix)
   012D E2r32r01      [10]  252 	jp	PO, 00128$
   0130 EE 80         [ 7]  253 	xor	a, #0x80
   0132                     254 00128$:
   0132 F2r3Fr01      [10]  255 	jp	P, 00105$
   0135 DD CB FF 46   [20]  256 	bit	0, -1 (ix)
   0139 20 04         [12]  257 	jr	NZ,00105$
                            258 ;src/systems/collision.c:44: return platformmaxy;
   013B 69            [ 4]  259 	ld	l, c
   013C 60            [ 4]  260 	ld	h, b
   013D 18 0F         [12]  261 	jr	00108$
   013F                     262 00105$:
                            263 ;src/systems/collision.c:48: if (y > maxy) {
   013F DD CB FF 46   [20]  264 	bit	0, -1 (ix)
   0143 28 03         [12]  265 	jr	Z,00107$
                            266 ;src/systems/collision.c:49: return maxy;
   0145 EB            [ 4]  267 	ex	de,hl
   0146 18 06         [12]  268 	jr	00108$
   0148                     269 00107$:
                            270 ;src/systems/collision.c:51: return y;
   0148 DD 6E 06      [19]  271 	ld	l,6 (ix)
   014B DD 66 07      [19]  272 	ld	h,7 (ix)
   014E                     273 00108$:
   014E 33            [ 6]  274 	inc	sp
   014F DD E1         [14]  275 	pop	ix
   0151 C9            [10]  276 	ret
                            277 ;src/systems/collision.c:54: u8 collision_is_on_trap(i16 x, i16 y, u8 w, u8 h) {
                            278 ;	---------------------------------
                            279 ; Function collision_is_on_trap
                            280 ; ---------------------------------
   0152                     281 _collision_is_on_trap::
                            282 ;src/systems/collision.c:55: return tilemap_is_trap(x, y, w, h);
   0152 21 07 00      [10]  283 	ld	hl, #7+0
   0155 39            [11]  284 	add	hl, sp
   0156 7E            [ 7]  285 	ld	a, (hl)
   0157 F5            [11]  286 	push	af
   0158 33            [ 6]  287 	inc	sp
   0159 21 07 00      [10]  288 	ld	hl, #7+0
   015C 39            [11]  289 	add	hl, sp
   015D 7E            [ 7]  290 	ld	a, (hl)
   015E F5            [11]  291 	push	af
   015F 33            [ 6]  292 	inc	sp
   0160 21 06 00      [10]  293 	ld	hl, #6
   0163 39            [11]  294 	add	hl, sp
   0164 4E            [ 7]  295 	ld	c, (hl)
   0165 23            [ 6]  296 	inc	hl
   0166 46            [ 7]  297 	ld	b, (hl)
   0167 C5            [11]  298 	push	bc
   0168 21 06 00      [10]  299 	ld	hl, #6
   016B 39            [11]  300 	add	hl, sp
   016C 4E            [ 7]  301 	ld	c, (hl)
   016D 23            [ 6]  302 	inc	hl
   016E 46            [ 7]  303 	ld	b, (hl)
   016F C5            [11]  304 	push	bc
   0170 CDr00r00      [17]  305 	call	_tilemap_is_trap
   0173 F1            [10]  306 	pop	af
   0174 F1            [10]  307 	pop	af
   0175 F1            [10]  308 	pop	af
   0176 C9            [10]  309 	ret
                            310 	.area _CODE
                            311 	.area _INITIALIZER
   0000                     312 __xinit__ggroundy:
   0000 A0 00               313 	.dw #0x00a0
   0002                     314 __xinit__gplatformy:
   0002 FF 00               315 	.dw #0x00ff
                            316 	.area _CABS (ABS)
