                              1 ;--------------------------------------------------------
                              2 ; File Created by SDCC : free open source ANSI-C Compiler
                              3 ; Version 3.6.8 #9946 (Mac OS X ppc)
                              4 ;--------------------------------------------------------
                              5 	.module input
                              6 	.optsdcc -mz80
                              7 	
                              8 ;--------------------------------------------------------
                              9 ; Public variables in this module
                             10 ;--------------------------------------------------------
                             11 	.globl _cpct_isKeyPressed
                             12 	.globl _cpct_scanKeyboard_f
                             13 	.globl _input_update
                             14 	.globl _input_is_left_pressed
                             15 	.globl _input_is_right_pressed
                             16 	.globl _input_is_jump_pressed
                             17 	.globl _input_is_jump_just_pressed
                             18 	.globl _input_is_shoot_pressed
                             19 	.globl _input_is_shoot_just_pressed
                             20 ;--------------------------------------------------------
                             21 ; special function registers
                             22 ;--------------------------------------------------------
                             23 ;--------------------------------------------------------
                             24 ; ram data
                             25 ;--------------------------------------------------------
                             26 	.area _DATA
   0000                      27 _ginputleft:
   0000                      28 	.ds 1
   0001                      29 _ginputright:
   0001                      30 	.ds 1
   0002                      31 _ginputjump:
   0002                      32 	.ds 1
   0003                      33 _ginputshoot:
   0003                      34 	.ds 1
   0004                      35 _gprevjump:
   0004                      36 	.ds 1
   0005                      37 _gprevshoot:
   0005                      38 	.ds 1
                             39 ;--------------------------------------------------------
                             40 ; ram data
                             41 ;--------------------------------------------------------
                             42 	.area _INITIALIZED
                             43 ;--------------------------------------------------------
                             44 ; absolute external ram data
                             45 ;--------------------------------------------------------
                             46 	.area _DABS (ABS)
                             47 ;--------------------------------------------------------
                             48 ; global & static initialisations
                             49 ;--------------------------------------------------------
                             50 	.area _HOME
                             51 	.area _GSINIT
                             52 	.area _GSFINAL
                             53 	.area _GSINIT
                             54 ;--------------------------------------------------------
                             55 ; Home
                             56 ;--------------------------------------------------------
                             57 	.area _HOME
                             58 	.area _HOME
                             59 ;--------------------------------------------------------
                             60 ; code
                             61 ;--------------------------------------------------------
                             62 	.area _CODE
                             63 ;src/systems/input.c:10: void input_update(void) {
                             64 ;	---------------------------------
                             65 ; Function input_update
                             66 ; ---------------------------------
   0000                      67 _input_update::
                             68 ;src/systems/input.c:11: gprevjump = ginputjump;
   0000 3Ar02r00      [13]   69 	ld	a,(#_ginputjump + 0)
   0003 32r04r00      [13]   70 	ld	(#_gprevjump + 0),a
                             71 ;src/systems/input.c:12: gprevshoot = ginputshoot;
   0006 3Ar03r00      [13]   72 	ld	a,(#_ginputshoot + 0)
   0009 32r05r00      [13]   73 	ld	(#_gprevshoot + 0),a
                             74 ;src/systems/input.c:13: cpct_scanKeyboard_f();
   000C CDr00r00      [17]   75 	call	_cpct_scanKeyboard_f
                             76 ;src/systems/input.c:14: ginputleft = cpct_isKeyPressed(Key_CursorLeft);
   000F 21 01 01      [10]   77 	ld	hl, #0x0101
   0012 CDr00r00      [17]   78 	call	_cpct_isKeyPressed
   0015 FD 21r00r00   [14]   79 	ld	iy, #_ginputleft
   0019 FD 75 00      [19]   80 	ld	0 (iy), l
                             81 ;src/systems/input.c:15: ginputright = cpct_isKeyPressed(Key_CursorRight);
   001C 21 00 02      [10]   82 	ld	hl, #0x0200
   001F CDr00r00      [17]   83 	call	_cpct_isKeyPressed
   0022 FD 21r01r00   [14]   84 	ld	iy, #_ginputright
   0026 FD 75 00      [19]   85 	ld	0 (iy), l
                             86 ;src/systems/input.c:16: ginputjump = cpct_isKeyPressed(Key_CursorUp);
   0029 21 00 01      [10]   87 	ld	hl, #0x0100
   002C CDr00r00      [17]   88 	call	_cpct_isKeyPressed
   002F FD 21r02r00   [14]   89 	ld	iy, #_ginputjump
   0033 FD 75 00      [19]   90 	ld	0 (iy), l
                             91 ;src/systems/input.c:17: ginputshoot = cpct_isKeyPressed(Key_CursorDown);
   0036 21 00 04      [10]   92 	ld	hl, #0x0400
   0039 CDr00r00      [17]   93 	call	_cpct_isKeyPressed
   003C FD 21r03r00   [14]   94 	ld	iy, #_ginputshoot
   0040 FD 75 00      [19]   95 	ld	0 (iy), l
   0043 C9            [10]   96 	ret
                             97 ;src/systems/input.c:20: u8 input_is_left_pressed(void) {
                             98 ;	---------------------------------
                             99 ; Function input_is_left_pressed
                            100 ; ---------------------------------
   0044                     101 _input_is_left_pressed::
                            102 ;src/systems/input.c:21: return ginputleft;
   0044 FD 21r00r00   [14]  103 	ld	iy, #_ginputleft
   0048 FD 6E 00      [19]  104 	ld	l, 0 (iy)
   004B C9            [10]  105 	ret
                            106 ;src/systems/input.c:24: u8 input_is_right_pressed(void) {
                            107 ;	---------------------------------
                            108 ; Function input_is_right_pressed
                            109 ; ---------------------------------
   004C                     110 _input_is_right_pressed::
                            111 ;src/systems/input.c:25: return ginputright;
   004C FD 21r01r00   [14]  112 	ld	iy, #_ginputright
   0050 FD 6E 00      [19]  113 	ld	l, 0 (iy)
   0053 C9            [10]  114 	ret
                            115 ;src/systems/input.c:28: u8 input_is_jump_pressed(void) {
                            116 ;	---------------------------------
                            117 ; Function input_is_jump_pressed
                            118 ; ---------------------------------
   0054                     119 _input_is_jump_pressed::
                            120 ;src/systems/input.c:29: return ginputjump;
   0054 FD 21r02r00   [14]  121 	ld	iy, #_ginputjump
   0058 FD 6E 00      [19]  122 	ld	l, 0 (iy)
   005B C9            [10]  123 	ret
                            124 ;src/systems/input.c:32: u8 input_is_jump_just_pressed(void) {
                            125 ;	---------------------------------
                            126 ; Function input_is_jump_just_pressed
                            127 ; ---------------------------------
   005C                     128 _input_is_jump_just_pressed::
                            129 ;src/systems/input.c:33: return (u8)(ginputjump && !gprevjump);
   005C 3Ar02r00      [13]  130 	ld	a,(#_ginputjump + 0)
   005F B7            [ 4]  131 	or	a, a
   0060 28 06         [12]  132 	jr	Z,00103$
   0062 3Ar04r00      [13]  133 	ld	a,(#_gprevjump + 0)
   0065 B7            [ 4]  134 	or	a, a
   0066 28 03         [12]  135 	jr	Z,00104$
   0068                     136 00103$:
   0068 2E 00         [ 7]  137 	ld	l, #0x00
   006A C9            [10]  138 	ret
   006B                     139 00104$:
   006B 2E 01         [ 7]  140 	ld	l, #0x01
   006D C9            [10]  141 	ret
                            142 ;src/systems/input.c:36: u8 input_is_shoot_pressed(void) {
                            143 ;	---------------------------------
                            144 ; Function input_is_shoot_pressed
                            145 ; ---------------------------------
   006E                     146 _input_is_shoot_pressed::
                            147 ;src/systems/input.c:37: return ginputshoot;
   006E FD 21r03r00   [14]  148 	ld	iy, #_ginputshoot
   0072 FD 6E 00      [19]  149 	ld	l, 0 (iy)
   0075 C9            [10]  150 	ret
                            151 ;src/systems/input.c:40: u8 input_is_shoot_just_pressed(void) {
                            152 ;	---------------------------------
                            153 ; Function input_is_shoot_just_pressed
                            154 ; ---------------------------------
   0076                     155 _input_is_shoot_just_pressed::
                            156 ;src/systems/input.c:41: return (u8)(ginputshoot && !gprevshoot);
   0076 3Ar03r00      [13]  157 	ld	a,(#_ginputshoot + 0)
   0079 B7            [ 4]  158 	or	a, a
   007A 28 06         [12]  159 	jr	Z,00103$
   007C 3Ar05r00      [13]  160 	ld	a,(#_gprevshoot + 0)
   007F B7            [ 4]  161 	or	a, a
   0080 28 03         [12]  162 	jr	Z,00104$
   0082                     163 00103$:
   0082 2E 00         [ 7]  164 	ld	l, #0x00
   0084 C9            [10]  165 	ret
   0085                     166 00104$:
   0085 2E 01         [ 7]  167 	ld	l, #0x01
   0087 C9            [10]  168 	ret
                            169 	.area _CODE
                            170 	.area _INITIALIZER
                            171 	.area _CABS (ABS)
