                              1 ;--------------------------------------------------------
                              2 ; File Created by SDCC : free open source ANSI-C Compiler
                              3 ; Version 3.6.8 #9946 (Mac OS X ppc)
                              4 ;--------------------------------------------------------
                              5 	.module tilemap
                              6 	.optsdcc -mz80
                              7 	
                              8 ;--------------------------------------------------------
                              9 ; Public variables in this module
                             10 ;--------------------------------------------------------
                             11 	.globl _cpct_getScreenPtr
                             12 	.globl _cpct_drawSolidBox
                             13 	.globl _tilemap_init
                             14 	.globl _tilemap_render
                             15 	.globl _tilemap_ground_y
                             16 	.globl _tilemap_platform_y_at
                             17 	.globl _tilemap_is_trap
                             18 	.globl _tilemap_goal_x
                             19 ;--------------------------------------------------------
                             20 ; special function registers
                             21 ;--------------------------------------------------------
                             22 ;--------------------------------------------------------
                             23 ; ram data
                             24 ;--------------------------------------------------------
                             25 	.area _DATA
                             26 ;--------------------------------------------------------
                             27 ; ram data
                             28 ;--------------------------------------------------------
                             29 	.area _INITIALIZED
   0000                      30 _gtilegroundy:
   0000                      31 	.ds 1
   0001                      32 _gtileplatformy:
   0001                      33 	.ds 1
   0002                      34 _ggoalx:
   0002                      35 	.ds 1
                             36 ;--------------------------------------------------------
                             37 ; absolute external ram data
                             38 ;--------------------------------------------------------
                             39 	.area _DABS (ABS)
                             40 ;--------------------------------------------------------
                             41 ; global & static initialisations
                             42 ;--------------------------------------------------------
                             43 	.area _HOME
                             44 	.area _GSINIT
                             45 	.area _GSFINAL
                             46 	.area _GSINIT
                             47 ;--------------------------------------------------------
                             48 ; Home
                             49 ;--------------------------------------------------------
                             50 	.area _HOME
                             51 	.area _HOME
                             52 ;--------------------------------------------------------
                             53 ; code
                             54 ;--------------------------------------------------------
                             55 	.area _CODE
                             56 ;src/systems/tilemap.c:9: void tilemap_init(void) {
                             57 ;	---------------------------------
                             58 ; Function tilemap_init
                             59 ; ---------------------------------
   0000                      60 _tilemap_init::
                             61 ;src/systems/tilemap.c:10: if (level1tilemapheight > 2) {
   0000 2Ar00r00      [16]   62 	ld	hl, (_level1tilemapheight)
   0003 3E 02         [ 7]   63 	ld	a, #0x02
   0005 BD            [ 4]   64 	cp	a, l
   0006 3E 00         [ 7]   65 	ld	a, #0x00
   0008 9C            [ 4]   66 	sbc	a, h
   0009 30 0D         [12]   67 	jr	NC,00102$
                             68 ;src/systems/tilemap.c:11: gtilegroundy = (u8)((level1tilemapheight - 2) * 8);
   000B 7D            [ 4]   69 	ld	a, l
   000C C6 FE         [ 7]   70 	add	a, #0xfe
   000E 07            [ 4]   71 	rlca
   000F 07            [ 4]   72 	rlca
   0010 07            [ 4]   73 	rlca
   0011 E6 F8         [ 7]   74 	and	a, #0xf8
   0013 32r00r00      [13]   75 	ld	(#_gtilegroundy + 0),a
   0016 18 05         [12]   76 	jr	00103$
   0018                      77 00102$:
                             78 ;src/systems/tilemap.c:13: gtilegroundy = 160;
   0018 21r00r00      [10]   79 	ld	hl,#_gtilegroundy + 0
   001B 36 A0         [10]   80 	ld	(hl), #0xa0
   001D                      81 00103$:
                             82 ;src/systems/tilemap.c:15: gtileplatformy = (u8)(gtilegroundy - 24);
   001D 21r01r00      [10]   83 	ld	hl, #_gtileplatformy
   0020 3Ar00r00      [13]   84 	ld	a,(#_gtilegroundy + 0)
   0023 C6 E8         [ 7]   85 	add	a, #0xe8
   0025 77            [ 7]   86 	ld	(hl), a
                             87 ;src/systems/tilemap.c:16: ggoalx = 72;
   0026 21r02r00      [10]   88 	ld	hl,#_ggoalx + 0
   0029 36 48         [10]   89 	ld	(hl), #0x48
   002B C9            [10]   90 	ret
                             91 ;src/systems/tilemap.c:19: void tilemap_render(void) {
                             92 ;	---------------------------------
                             93 ; Function tilemap_render
                             94 ; ---------------------------------
   002C                      95 _tilemap_render::
                             96 ;src/systems/tilemap.c:21: pvmem = cpct_getScreenPtr(CPCT_VMEM_START, 0, gtilegroundy);
   002C 3Ar00r00      [13]   97 	ld	a, (_gtilegroundy)
   002F F5            [11]   98 	push	af
   0030 33            [ 6]   99 	inc	sp
   0031 AF            [ 4]  100 	xor	a, a
   0032 F5            [11]  101 	push	af
   0033 33            [ 6]  102 	inc	sp
   0034 21 00 C0      [10]  103 	ld	hl, #0xc000
   0037 E5            [11]  104 	push	hl
   0038 CDr00r00      [17]  105 	call	_cpct_getScreenPtr
                            106 ;src/systems/tilemap.c:22: cpct_drawSolidBox(pvmem, 0x11, 80, 8);
   003B 01 50 08      [10]  107 	ld	bc, #0x0850
   003E C5            [11]  108 	push	bc
   003F 3E 11         [ 7]  109 	ld	a, #0x11
   0041 F5            [11]  110 	push	af
   0042 33            [ 6]  111 	inc	sp
   0043 E5            [11]  112 	push	hl
   0044 CDr00r00      [17]  113 	call	_cpct_drawSolidBox
   0047 F1            [10]  114 	pop	af
   0048 F1            [10]  115 	pop	af
   0049 33            [ 6]  116 	inc	sp
                            117 ;src/systems/tilemap.c:24: pvmem = cpct_getScreenPtr(CPCT_VMEM_START, 24, gtileplatformy);
   004A 3Ar01r00      [13]  118 	ld	a, (_gtileplatformy)
   004D 57            [ 4]  119 	ld	d,a
   004E 1E 18         [ 7]  120 	ld	e,#0x18
   0050 D5            [11]  121 	push	de
   0051 21 00 C0      [10]  122 	ld	hl, #0xc000
   0054 E5            [11]  123 	push	hl
   0055 CDr00r00      [17]  124 	call	_cpct_getScreenPtr
                            125 ;src/systems/tilemap.c:25: cpct_drawSolidBox(pvmem, 0x33, 32, 4);
   0058 01 20 04      [10]  126 	ld	bc, #0x0420
   005B C5            [11]  127 	push	bc
   005C 3E 33         [ 7]  128 	ld	a, #0x33
   005E F5            [11]  129 	push	af
   005F 33            [ 6]  130 	inc	sp
   0060 E5            [11]  131 	push	hl
   0061 CDr00r00      [17]  132 	call	_cpct_drawSolidBox
   0064 F1            [10]  133 	pop	af
   0065 F1            [10]  134 	pop	af
   0066 33            [ 6]  135 	inc	sp
                            136 ;src/systems/tilemap.c:27: pvmem = cpct_getScreenPtr(CPCT_VMEM_START, 56, gtilegroundy - 2);
   0067 21r00r00      [10]  137 	ld	hl,#_gtilegroundy + 0
   006A 46            [ 7]  138 	ld	b, (hl)
   006B 05            [ 4]  139 	dec	b
   006C 05            [ 4]  140 	dec	b
   006D C5            [11]  141 	push	bc
   006E 33            [ 6]  142 	inc	sp
   006F 3E 38         [ 7]  143 	ld	a, #0x38
   0071 F5            [11]  144 	push	af
   0072 33            [ 6]  145 	inc	sp
   0073 21 00 C0      [10]  146 	ld	hl, #0xc000
   0076 E5            [11]  147 	push	hl
   0077 CDr00r00      [17]  148 	call	_cpct_getScreenPtr
                            149 ;src/systems/tilemap.c:28: cpct_drawSolidBox(pvmem, 0x66, 16, 2);
   007A 01 10 02      [10]  150 	ld	bc, #0x0210
   007D C5            [11]  151 	push	bc
   007E 3E 66         [ 7]  152 	ld	a, #0x66
   0080 F5            [11]  153 	push	af
   0081 33            [ 6]  154 	inc	sp
   0082 E5            [11]  155 	push	hl
   0083 CDr00r00      [17]  156 	call	_cpct_drawSolidBox
   0086 F1            [10]  157 	pop	af
   0087 F1            [10]  158 	pop	af
   0088 33            [ 6]  159 	inc	sp
                            160 ;src/systems/tilemap.c:30: pvmem = cpct_getScreenPtr(CPCT_VMEM_START, ggoalx, gtilegroundy - 16);
   0089 3Ar00r00      [13]  161 	ld	a,(#_gtilegroundy + 0)
   008C C6 F0         [ 7]  162 	add	a, #0xf0
   008E 47            [ 4]  163 	ld	b, a
   008F C5            [11]  164 	push	bc
   0090 33            [ 6]  165 	inc	sp
   0091 3Ar02r00      [13]  166 	ld	a, (_ggoalx)
   0094 F5            [11]  167 	push	af
   0095 33            [ 6]  168 	inc	sp
   0096 21 00 C0      [10]  169 	ld	hl, #0xc000
   0099 E5            [11]  170 	push	hl
   009A CDr00r00      [17]  171 	call	_cpct_getScreenPtr
                            172 ;src/systems/tilemap.c:31: cpct_drawSolidBox(pvmem, 0x5F, 2, 16);
   009D 01 02 10      [10]  173 	ld	bc, #0x1002
   00A0 C5            [11]  174 	push	bc
   00A1 3E 5F         [ 7]  175 	ld	a, #0x5f
   00A3 F5            [11]  176 	push	af
   00A4 33            [ 6]  177 	inc	sp
   00A5 E5            [11]  178 	push	hl
   00A6 CDr00r00      [17]  179 	call	_cpct_drawSolidBox
   00A9 F1            [10]  180 	pop	af
   00AA F1            [10]  181 	pop	af
   00AB 33            [ 6]  182 	inc	sp
   00AC C9            [10]  183 	ret
                            184 ;src/systems/tilemap.c:34: u8 tilemap_ground_y(void) {
                            185 ;	---------------------------------
                            186 ; Function tilemap_ground_y
                            187 ; ---------------------------------
   00AD                     188 _tilemap_ground_y::
                            189 ;src/systems/tilemap.c:35: return gtilegroundy;
   00AD FD 21r00r00   [14]  190 	ld	iy, #_gtilegroundy
   00B1 FD 6E 00      [19]  191 	ld	l, 0 (iy)
   00B4 C9            [10]  192 	ret
                            193 ;src/systems/tilemap.c:38: u8 tilemap_platform_y_at(i16 x) {
                            194 ;	---------------------------------
                            195 ; Function tilemap_platform_y_at
                            196 ; ---------------------------------
   00B5                     197 _tilemap_platform_y_at::
                            198 ;src/systems/tilemap.c:39: if (x >= 24 && x <= 56) {
   00B5 FD 21 02 00   [14]  199 	ld	iy, #2
   00B9 FD 39         [15]  200 	add	iy, sp
   00BB FD 7E 00      [19]  201 	ld	a, 0 (iy)
   00BE D6 18         [ 7]  202 	sub	a, #0x18
   00C0 FD 7E 01      [19]  203 	ld	a, 1 (iy)
   00C3 17            [ 4]  204 	rla
   00C4 3F            [ 4]  205 	ccf
   00C5 1F            [ 4]  206 	rra
   00C6 DE 80         [ 7]  207 	sbc	a, #0x80
   00C8 38 1A         [12]  208 	jr	C,00102$
   00CA 3E 38         [ 7]  209 	ld	a, #0x38
   00CC FD BE 00      [19]  210 	cp	a, 0 (iy)
   00CF 3E 00         [ 7]  211 	ld	a, #0x00
   00D1 FD 9E 01      [19]  212 	sbc	a, 1 (iy)
   00D4 E2rD9r00      [10]  213 	jp	PO, 00114$
   00D7 EE 80         [ 7]  214 	xor	a, #0x80
   00D9                     215 00114$:
   00D9 FArE4r00      [10]  216 	jp	M, 00102$
                            217 ;src/systems/tilemap.c:40: return gtileplatformy;
   00DC FD 21r01r00   [14]  218 	ld	iy, #_gtileplatformy
   00E0 FD 6E 00      [19]  219 	ld	l, 0 (iy)
   00E3 C9            [10]  220 	ret
   00E4                     221 00102$:
                            222 ;src/systems/tilemap.c:42: return 255;
   00E4 2E FF         [ 7]  223 	ld	l, #0xff
   00E6 C9            [10]  224 	ret
                            225 ;src/systems/tilemap.c:45: u8 tilemap_is_trap(i16 x, i16 y, u8 w, u8 h) {
                            226 ;	---------------------------------
                            227 ; Function tilemap_is_trap
                            228 ; ---------------------------------
   00E7                     229 _tilemap_is_trap::
   00E7 DD E5         [15]  230 	push	ix
   00E9 DD 21 00 00   [14]  231 	ld	ix,#0
   00ED DD 39         [15]  232 	add	ix,sp
   00EF F5            [11]  233 	push	af
                            234 ;src/systems/tilemap.c:50: left = x;
   00F0 DD 4E 04      [19]  235 	ld	c,4 (ix)
   00F3 DD 46 05      [19]  236 	ld	b,5 (ix)
                            237 ;src/systems/tilemap.c:51: right = x + (i16)w;
   00F6 DD 6E 08      [19]  238 	ld	l, 8 (ix)
   00F9 26 00         [ 7]  239 	ld	h, #0x00
   00FB 09            [11]  240 	add	hl, bc
   00FC 33            [ 6]  241 	inc	sp
   00FD 33            [ 6]  242 	inc	sp
   00FE E5            [11]  243 	push	hl
                            244 ;src/systems/tilemap.c:52: feet = y + (i16)h;
   00FF DD 5E 09      [19]  245 	ld	e, 9 (ix)
   0102 16 00         [ 7]  246 	ld	d, #0x00
   0104 DD 6E 06      [19]  247 	ld	l,6 (ix)
   0107 DD 66 07      [19]  248 	ld	h,7 (ix)
   010A 19            [11]  249 	add	hl, de
   010B EB            [ 4]  250 	ex	de,hl
                            251 ;src/systems/tilemap.c:54: if (feet >= (i16)gtilegroundy - 2 && left < 72 && right > 56) {
   010C FD 21r00r00   [14]  252 	ld	iy, #_gtilegroundy
   0110 FD 6E 00      [19]  253 	ld	l, 0 (iy)
   0113 26 00         [ 7]  254 	ld	h, #0x00
   0115 2B            [ 6]  255 	dec	hl
   0116 2B            [ 6]  256 	dec	hl
   0117 7B            [ 4]  257 	ld	a, e
   0118 95            [ 4]  258 	sub	a, l
   0119 7A            [ 4]  259 	ld	a, d
   011A 9C            [ 4]  260 	sbc	a, h
   011B E2r20r01      [10]  261 	jp	PO, 00119$
   011E EE 80         [ 7]  262 	xor	a, #0x80
   0120                     263 00119$:
   0120 FAr44r01      [10]  264 	jp	M, 00102$
   0123 79            [ 4]  265 	ld	a, c
   0124 D6 48         [ 7]  266 	sub	a, #0x48
   0126 78            [ 4]  267 	ld	a, b
   0127 17            [ 4]  268 	rla
   0128 3F            [ 4]  269 	ccf
   0129 1F            [ 4]  270 	rra
   012A DE 80         [ 7]  271 	sbc	a, #0x80
   012C 30 16         [12]  272 	jr	NC,00102$
   012E 3E 38         [ 7]  273 	ld	a, #0x38
   0130 DD BE FE      [19]  274 	cp	a, -2 (ix)
   0133 3E 00         [ 7]  275 	ld	a, #0x00
   0135 DD 9E FF      [19]  276 	sbc	a, -1 (ix)
   0138 E2r3Dr01      [10]  277 	jp	PO, 00120$
   013B EE 80         [ 7]  278 	xor	a, #0x80
   013D                     279 00120$:
   013D F2r44r01      [10]  280 	jp	P, 00102$
                            281 ;src/systems/tilemap.c:55: return 1;
   0140 2E 01         [ 7]  282 	ld	l, #0x01
   0142 18 02         [12]  283 	jr	00105$
   0144                     284 00102$:
                            285 ;src/systems/tilemap.c:57: return 0;
   0144 2E 00         [ 7]  286 	ld	l, #0x00
   0146                     287 00105$:
   0146 DD F9         [10]  288 	ld	sp, ix
   0148 DD E1         [14]  289 	pop	ix
   014A C9            [10]  290 	ret
                            291 ;src/systems/tilemap.c:60: u8 tilemap_goal_x(void) {
                            292 ;	---------------------------------
                            293 ; Function tilemap_goal_x
                            294 ; ---------------------------------
   014B                     295 _tilemap_goal_x::
                            296 ;src/systems/tilemap.c:61: return ggoalx;
   014B FD 21r02r00   [14]  297 	ld	iy, #_ggoalx
   014F FD 6E 00      [19]  298 	ld	l, 0 (iy)
   0152 C9            [10]  299 	ret
                            300 	.area _CODE
                            301 	.area _INITIALIZER
   0000                     302 __xinit__gtilegroundy:
   0000 A0                  303 	.db #0xa0	; 160
   0001                     304 __xinit__gtileplatformy:
   0001 80                  305 	.db #0x80	; 128
   0002                     306 __xinit__ggoalx:
   0002 48                  307 	.db #0x48	; 72	'H'
                            308 	.area _CABS (ABS)
