                              1 ;--------------------------------------------------------
                              2 ; File Created by SDCC : free open source ANSI-C Compiler
                              3 ; Version 3.6.8 #9946 (Mac OS X ppc)
                              4 ;--------------------------------------------------------
                              5 	.module game
                              6 	.optsdcc -mz80
                              7 	
                              8 ;--------------------------------------------------------
                              9 ; Public variables in this module
                             10 ;--------------------------------------------------------
                             11 	.globl _hudrender
                             12 	.globl _hudupdate
                             13 	.globl _hudinit
                             14 	.globl _projectilerender
                             15 	.globl _projectileupdate
                             16 	.globl _projectilefire
                             17 	.globl _projectileinit
                             18 	.globl _enemydamage
                             19 	.globl _enemyrender
                             20 	.globl _enemyupdate
                             21 	.globl _enemyspawn
                             22 	.globl _enemyinit
                             23 	.globl _playerrender
                             24 	.globl _playerupdate
                             25 	.globl _playerinit
                             26 	.globl _collision_is_on_trap
                             27 	.globl _collision_init
                             28 	.globl _input_is_shoot_just_pressed
                             29 	.globl _input_update
                             30 	.globl _tilemap_goal_x
                             31 	.globl _tilemap_render
                             32 	.globl _tilemap_init
                             33 	.globl _cpct_getScreenPtr
                             34 	.globl _cpct_setVideoMode
                             35 	.globl _cpct_drawSolidBox
                             36 	.globl _cpct_memset
                             37 	.globl _cpct_disableFirmware
                             38 	.globl _game_init
                             39 	.globl _game_update
                             40 	.globl _game_render
                             41 ;--------------------------------------------------------
                             42 ; special function registers
                             43 ;--------------------------------------------------------
                             44 ;--------------------------------------------------------
                             45 ; ram data
                             46 ;--------------------------------------------------------
                             47 	.area _DATA
   0000                      48 _g_player:
   0000                      49 	.ds 9
   0009                      50 _g_enemies:
   0009                      51 	.ds 54
   003F                      52 _g_projectiles:
   003F                      53 	.ds 60
   007B                      54 _g_lives:
   007B                      55 	.ds 1
   007C                      56 _g_score:
   007C                      57 	.ds 2
   007E                      58 _g_timeleft:
   007E                      59 	.ds 1
   007F                      60 _g_weapon:
   007F                      61 	.ds 1
   0080                      62 _g_currentwave:
   0080                      63 	.ds 1
   0081                      64 _g_aliveenemies:
   0081                      65 	.ds 1
   0082                      66 _g_wavecooldown:
   0082                      67 	.ds 1
   0083                      68 _g_damagecooldown:
   0083                      69 	.ds 1
   0084                      70 _g_shootcooldown:
   0084                      71 	.ds 1
   0085                      72 _g_victory:
   0085                      73 	.ds 1
   0086                      74 _g_gameover:
   0086                      75 	.ds 1
   0087                      76 _g_framecounter:
   0087                      77 	.ds 2
                             78 ;--------------------------------------------------------
                             79 ; ram data
                             80 ;--------------------------------------------------------
                             81 	.area _INITIALIZED
                             82 ;--------------------------------------------------------
                             83 ; absolute external ram data
                             84 ;--------------------------------------------------------
                             85 	.area _DABS (ABS)
                             86 ;--------------------------------------------------------
                             87 ; global & static initialisations
                             88 ;--------------------------------------------------------
                             89 	.area _HOME
                             90 	.area _GSINIT
                             91 	.area _GSFINAL
                             92 	.area _GSINIT
                             93 ;--------------------------------------------------------
                             94 ; Home
                             95 ;--------------------------------------------------------
                             96 	.area _HOME
                             97 	.area _HOME
                             98 ;--------------------------------------------------------
                             99 ; code
                            100 ;--------------------------------------------------------
                            101 	.area _CODE
                            102 ;src/game.c:32: static u8 rect_overlap(i16 ax, i16 ay, u8 aw, u8 ah, i16 bx, i16 by, u8 bw, u8 bh) {
                            103 ;	---------------------------------
                            104 ; Function rect_overlap
                            105 ; ---------------------------------
   0000                     106 _rect_overlap:
   0000 DD E5         [15]  107 	push	ix
   0002 DD 21 00 00   [14]  108 	ld	ix,#0
   0006 DD 39         [15]  109 	add	ix,sp
                            110 ;src/game.c:33: if (ax + aw <= bx) return 0;
   0008 DD 4E 08      [19]  111 	ld	c, 8 (ix)
   000B 06 00         [ 7]  112 	ld	b, #0x00
   000D DD 6E 04      [19]  113 	ld	l,4 (ix)
   0010 DD 66 05      [19]  114 	ld	h,5 (ix)
   0013 09            [11]  115 	add	hl, bc
   0014 DD 7E 0A      [19]  116 	ld	a, 10 (ix)
   0017 95            [ 4]  117 	sub	a, l
   0018 DD 7E 0B      [19]  118 	ld	a, 11 (ix)
   001B 9C            [ 4]  119 	sbc	a, h
   001C E2r21r00      [10]  120 	jp	PO, 00127$
   001F EE 80         [ 7]  121 	xor	a, #0x80
   0021                     122 00127$:
   0021 FAr28r00      [10]  123 	jp	M, 00102$
   0024 2E 00         [ 7]  124 	ld	l, #0x00
   0026 18 62         [12]  125 	jr	00109$
   0028                     126 00102$:
                            127 ;src/game.c:34: if (bx + bw <= ax) return 0;
   0028 DD 4E 0E      [19]  128 	ld	c, 14 (ix)
   002B 06 00         [ 7]  129 	ld	b, #0x00
   002D DD 6E 0A      [19]  130 	ld	l,10 (ix)
   0030 DD 66 0B      [19]  131 	ld	h,11 (ix)
   0033 09            [11]  132 	add	hl, bc
   0034 DD 7E 04      [19]  133 	ld	a, 4 (ix)
   0037 95            [ 4]  134 	sub	a, l
   0038 DD 7E 05      [19]  135 	ld	a, 5 (ix)
   003B 9C            [ 4]  136 	sbc	a, h
   003C E2r41r00      [10]  137 	jp	PO, 00128$
   003F EE 80         [ 7]  138 	xor	a, #0x80
   0041                     139 00128$:
   0041 FAr48r00      [10]  140 	jp	M, 00104$
   0044 2E 00         [ 7]  141 	ld	l, #0x00
   0046 18 42         [12]  142 	jr	00109$
   0048                     143 00104$:
                            144 ;src/game.c:35: if (ay + ah <= by) return 0;
   0048 DD 4E 09      [19]  145 	ld	c, 9 (ix)
   004B 06 00         [ 7]  146 	ld	b, #0x00
   004D DD 6E 06      [19]  147 	ld	l,6 (ix)
   0050 DD 66 07      [19]  148 	ld	h,7 (ix)
   0053 09            [11]  149 	add	hl, bc
   0054 DD 7E 0C      [19]  150 	ld	a, 12 (ix)
   0057 95            [ 4]  151 	sub	a, l
   0058 DD 7E 0D      [19]  152 	ld	a, 13 (ix)
   005B 9C            [ 4]  153 	sbc	a, h
   005C E2r61r00      [10]  154 	jp	PO, 00129$
   005F EE 80         [ 7]  155 	xor	a, #0x80
   0061                     156 00129$:
   0061 FAr68r00      [10]  157 	jp	M, 00106$
   0064 2E 00         [ 7]  158 	ld	l, #0x00
   0066 18 22         [12]  159 	jr	00109$
   0068                     160 00106$:
                            161 ;src/game.c:36: if (by + bh <= ay) return 0;
   0068 DD 4E 0F      [19]  162 	ld	c, 15 (ix)
   006B 06 00         [ 7]  163 	ld	b, #0x00
   006D DD 6E 0C      [19]  164 	ld	l,12 (ix)
   0070 DD 66 0D      [19]  165 	ld	h,13 (ix)
   0073 09            [11]  166 	add	hl, bc
   0074 DD 7E 06      [19]  167 	ld	a, 6 (ix)
   0077 95            [ 4]  168 	sub	a, l
   0078 DD 7E 07      [19]  169 	ld	a, 7 (ix)
   007B 9C            [ 4]  170 	sbc	a, h
   007C E2r81r00      [10]  171 	jp	PO, 00130$
   007F EE 80         [ 7]  172 	xor	a, #0x80
   0081                     173 00130$:
   0081 FAr88r00      [10]  174 	jp	M, 00108$
   0084 2E 00         [ 7]  175 	ld	l, #0x00
   0086 18 02         [12]  176 	jr	00109$
   0088                     177 00108$:
                            178 ;src/game.c:37: return 1;
   0088 2E 01         [ 7]  179 	ld	l, #0x01
   008A                     180 00109$:
   008A DD E1         [14]  181 	pop	ix
   008C C9            [10]  182 	ret
                            183 ;src/game.c:40: static void spawn_wave(u8 wave) {
                            184 ;	---------------------------------
                            185 ; Function spawn_wave
                            186 ; ---------------------------------
   008D                     187 _spawn_wave:
   008D DD E5         [15]  188 	push	ix
   008F DD 21 00 00   [14]  189 	ld	ix,#0
   0093 DD 39         [15]  190 	add	ix,sp
   0095 F5            [11]  191 	push	af
                            192 ;src/game.c:44: for (i = 0; i < MAX_ENEMIES; ++i) {
   0096 01r09r00      [10]  193 	ld	bc, #_g_enemies+0
   0099 1E 00         [ 7]  194 	ld	e, #0x00
   009B                     195 00111$:
                            196 ;src/game.c:45: enemyinit(&g_enemies[i]);
   009B D5            [11]  197 	push	de
   009C 16 00         [ 7]  198 	ld	d,#0x00
   009E 6B            [ 4]  199 	ld	l, e
   009F 62            [ 4]  200 	ld	h, d
   00A0 29            [11]  201 	add	hl, hl
   00A1 29            [11]  202 	add	hl, hl
   00A2 29            [11]  203 	add	hl, hl
   00A3 19            [11]  204 	add	hl, de
   00A4 D1            [10]  205 	pop	de
   00A5 09            [11]  206 	add	hl, bc
   00A6 C5            [11]  207 	push	bc
   00A7 D5            [11]  208 	push	de
   00A8 E5            [11]  209 	push	hl
   00A9 CDr00r00      [17]  210 	call	_enemyinit
   00AC F1            [10]  211 	pop	af
   00AD D1            [10]  212 	pop	de
   00AE C1            [10]  213 	pop	bc
                            214 ;src/game.c:44: for (i = 0; i < MAX_ENEMIES; ++i) {
   00AF 1C            [ 4]  215 	inc	e
   00B0 7B            [ 4]  216 	ld	a, e
   00B1 D6 06         [ 7]  217 	sub	a, #0x06
   00B3 38 E6         [12]  218 	jr	C,00111$
                            219 ;src/game.c:48: if (wave == 0) count = 2;
   00B5 DD 7E 04      [19]  220 	ld	a, 4 (ix)
   00B8 B7            [ 4]  221 	or	a, a
   00B9 20 04         [12]  222 	jr	NZ,00106$
   00BB 16 02         [ 7]  223 	ld	d, #0x02
   00BD 18 0C         [12]  224 	jr	00107$
   00BF                     225 00106$:
                            226 ;src/game.c:49: else if (wave == 1) count = 3;
   00BF DD 7E 04      [19]  227 	ld	a, 4 (ix)
   00C2 3D            [ 4]  228 	dec	a
   00C3 20 04         [12]  229 	jr	NZ,00103$
   00C5 16 03         [ 7]  230 	ld	d, #0x03
   00C7 18 02         [12]  231 	jr	00107$
   00C9                     232 00103$:
                            233 ;src/game.c:50: else count = 4;
   00C9 16 04         [ 7]  234 	ld	d, #0x04
   00CB                     235 00107$:
                            236 ;src/game.c:52: if (count > MAX_ENEMIES) count = MAX_ENEMIES;
   00CB 3E 06         [ 7]  237 	ld	a, #0x06
   00CD 92            [ 4]  238 	sub	a, d
   00CE 30 02         [12]  239 	jr	NC,00127$
   00D0 16 06         [ 7]  240 	ld	d, #0x06
                            241 ;src/game.c:54: for (i = 0; i < count; ++i) {
   00D2                     242 00127$:
   00D2 1E 00         [ 7]  243 	ld	e, #0x00
   00D4                     244 00114$:
   00D4 7B            [ 4]  245 	ld	a, e
   00D5 92            [ 4]  246 	sub	a, d
   00D6 30 42         [12]  247 	jr	NC,00110$
                            248 ;src/game.c:55: enemyspawn(&g_enemies[i], (u8)(48 + (i * 10)), 112, (u8)((i & 1) ? 1 : 0));
   00D8 CB 43         [ 8]  249 	bit	0, e
   00DA 28 06         [12]  250 	jr	Z,00118$
   00DC DD 36 FF 01   [19]  251 	ld	-1 (ix), #0x01
   00E0 18 04         [12]  252 	jr	00119$
   00E2                     253 00118$:
   00E2 DD 36 FF 00   [19]  254 	ld	-1 (ix), #0x00
   00E6                     255 00119$:
   00E6 D5            [11]  256 	push	de
   00E7 7B            [ 4]  257 	ld	a, e
   00E8 87            [ 4]  258 	add	a, a
   00E9 87            [ 4]  259 	add	a, a
   00EA 83            [ 4]  260 	add	a, e
   00EB 87            [ 4]  261 	add	a, a
   00EC D1            [10]  262 	pop	de
   00ED C6 30         [ 7]  263 	add	a, #0x30
   00EF DD 77 FE      [19]  264 	ld	-2 (ix), a
   00F2 D5            [11]  265 	push	de
   00F3 16 00         [ 7]  266 	ld	d,#0x00
   00F5 6B            [ 4]  267 	ld	l, e
   00F6 62            [ 4]  268 	ld	h, d
   00F7 29            [11]  269 	add	hl, hl
   00F8 29            [11]  270 	add	hl, hl
   00F9 29            [11]  271 	add	hl, hl
   00FA 19            [11]  272 	add	hl, de
   00FB D1            [10]  273 	pop	de
   00FC 09            [11]  274 	add	hl, bc
   00FD E5            [11]  275 	push	hl
   00FE FD E1         [14]  276 	pop	iy
   0100 C5            [11]  277 	push	bc
   0101 D5            [11]  278 	push	de
   0102 DD 56 FF      [19]  279 	ld	d, -1 (ix)
   0105 1E 70         [ 7]  280 	ld	e,#0x70
   0107 D5            [11]  281 	push	de
   0108 DD 7E FE      [19]  282 	ld	a, -2 (ix)
   010B F5            [11]  283 	push	af
   010C 33            [ 6]  284 	inc	sp
   010D FD E5         [15]  285 	push	iy
   010F CDr00r00      [17]  286 	call	_enemyspawn
   0112 F1            [10]  287 	pop	af
   0113 F1            [10]  288 	pop	af
   0114 33            [ 6]  289 	inc	sp
   0115 D1            [10]  290 	pop	de
   0116 C1            [10]  291 	pop	bc
                            292 ;src/game.c:54: for (i = 0; i < count; ++i) {
   0117 1C            [ 4]  293 	inc	e
   0118 18 BA         [12]  294 	jr	00114$
   011A                     295 00110$:
                            296 ;src/game.c:58: g_aliveenemies = count;
   011A 21r81r00      [10]  297 	ld	hl,#_g_aliveenemies + 0
   011D 72            [ 7]  298 	ld	(hl), d
   011E DD F9         [10]  299 	ld	sp, ix
   0120 DD E1         [14]  300 	pop	ix
   0122 C9            [10]  301 	ret
                            302 ;src/game.c:61: static void try_fire_projectile(void) {
                            303 ;	---------------------------------
                            304 ; Function try_fire_projectile
                            305 ; ---------------------------------
   0123                     306 _try_fire_projectile:
   0123 DD E5         [15]  307 	push	ix
   0125 DD 21 00 00   [14]  308 	ld	ix,#0
   0129 DD 39         [15]  309 	add	ix,sp
   012B 21 FA FF      [10]  310 	ld	hl, #-6
   012E 39            [11]  311 	add	hl, sp
   012F F9            [ 6]  312 	ld	sp, hl
                            313 ;src/game.c:65: if (!input_is_shoot_just_pressed()) return;
   0130 CDr00r00      [17]  314 	call	_input_is_shoot_just_pressed
   0133 DD 75 FF      [19]  315 	ld	-1 (ix), l
   0136 7D            [ 4]  316 	ld	a, l
   0137 B7            [ 4]  317 	or	a, a
   0138 CArC6r01      [10]  318 	jp	Z,00110$
                            319 ;src/game.c:66: if (g_shootcooldown) return;
   013B 3Ar84r00      [13]  320 	ld	a,(#_g_shootcooldown + 0)
   013E B7            [ 4]  321 	or	a, a
   013F C2rC6r01      [10]  322 	jp	NZ,00110$
                            323 ;src/game.c:68: dir = g_player.facing_left ? -3 : 3;
   0142 3Ar07r00      [13]  324 	ld	a, (#_g_player + 7)
   0145 B7            [ 4]  325 	or	a, a
   0146 28 04         [12]  326 	jr	Z,00112$
   0148 0E FD         [ 7]  327 	ld	c, #0xfd
   014A 18 02         [12]  328 	jr	00113$
   014C                     329 00112$:
   014C 0E 03         [ 7]  330 	ld	c, #0x03
   014E                     331 00113$:
   014E DD 71 FA      [19]  332 	ld	-6 (ix), c
                            333 ;src/game.c:70: for (i = 0; i < MAX_PROJECTILES; ++i) {
   0151 DD 36 FB 00   [19]  334 	ld	-5 (ix), #0x00
   0155                     335 00108$:
                            336 ;src/game.c:71: if (!g_projectiles[i].active) {
   0155 DD 4E FB      [19]  337 	ld	c,-5 (ix)
   0158 06 00         [ 7]  338 	ld	b,#0x00
   015A 69            [ 4]  339 	ld	l, c
   015B 60            [ 4]  340 	ld	h, b
   015C 29            [11]  341 	add	hl, hl
   015D 29            [11]  342 	add	hl, hl
   015E 09            [11]  343 	add	hl, bc
   015F 29            [11]  344 	add	hl, hl
   0160 01r3Fr00      [10]  345 	ld	bc,#_g_projectiles
   0163 09            [11]  346 	add	hl,bc
   0164 DD 75 FD      [19]  347 	ld	-3 (ix), l
   0167 DD 74 FE      [19]  348 	ld	-2 (ix), h
   016A 11 06 00      [10]  349 	ld	de, #0x0006
   016D 19            [11]  350 	add	hl, de
   016E 7E            [ 7]  351 	ld	a, (hl)
   016F B7            [ 4]  352 	or	a, a
   0170 20 4A         [12]  353 	jr	NZ,00109$
                            354 ;src/game.c:72: projectilefire(&g_projectiles[i], (u8)(g_player.x + 2), (u8)(g_player.y + 6), dir, g_weapon);
   0172 3Ar01r00      [13]  355 	ld	a,(#_g_player + 1)
   0175 DD 77 FF      [19]  356 	ld	-1 (ix), a
   0178 C6 06         [ 7]  357 	add	a, #0x06
   017A DD 77 FF      [19]  358 	ld	-1 (ix), a
   017D 3Ar00r00      [13]  359 	ld	a,(#_g_player + 0)
   0180 DD 77 FC      [19]  360 	ld	-4 (ix), a
   0183 DD 34 FC      [23]  361 	inc	-4 (ix)
   0186 DD 34 FC      [23]  362 	inc	-4 (ix)
   0189 3Ar7Fr00      [13]  363 	ld	a, (_g_weapon)
   018C F5            [11]  364 	push	af
   018D 33            [ 6]  365 	inc	sp
   018E DD 66 FA      [19]  366 	ld	h, -6 (ix)
   0191 DD 6E FF      [19]  367 	ld	l, -1 (ix)
   0194 E5            [11]  368 	push	hl
   0195 DD 7E FC      [19]  369 	ld	a, -4 (ix)
   0198 F5            [11]  370 	push	af
   0199 33            [ 6]  371 	inc	sp
   019A DD 6E FD      [19]  372 	ld	l,-3 (ix)
   019D DD 66 FE      [19]  373 	ld	h,-2 (ix)
   01A0 E5            [11]  374 	push	hl
   01A1 CDr00r00      [17]  375 	call	_projectilefire
   01A4 21 06 00      [10]  376 	ld	hl, #6
   01A7 39            [11]  377 	add	hl, sp
   01A8 F9            [ 6]  378 	ld	sp, hl
                            379 ;src/game.c:73: g_weapon ^= 1;
   01A9 FD 21r7Fr00   [14]  380 	ld	iy, #_g_weapon
   01AD FD 7E 00      [19]  381 	ld	a, 0 (iy)
   01B0 EE 01         [ 7]  382 	xor	a, #0x01
   01B2 FD 77 00      [19]  383 	ld	0 (iy), a
                            384 ;src/game.c:74: g_shootcooldown = 10;
   01B5 21r84r00      [10]  385 	ld	hl,#_g_shootcooldown + 0
   01B8 36 0A         [10]  386 	ld	(hl), #0x0a
                            387 ;src/game.c:75: break;
   01BA 18 0A         [12]  388 	jr	00110$
   01BC                     389 00109$:
                            390 ;src/game.c:70: for (i = 0; i < MAX_PROJECTILES; ++i) {
   01BC DD 34 FB      [23]  391 	inc	-5 (ix)
   01BF DD 7E FB      [19]  392 	ld	a, -5 (ix)
   01C2 D6 06         [ 7]  393 	sub	a, #0x06
   01C4 38 8F         [12]  394 	jr	C,00108$
   01C6                     395 00110$:
   01C6 DD F9         [10]  396 	ld	sp, ix
   01C8 DD E1         [14]  397 	pop	ix
   01CA C9            [10]  398 	ret
                            399 ;src/game.c:80: void game_init(void) {
                            400 ;	---------------------------------
                            401 ; Function game_init
                            402 ; ---------------------------------
   01CB                     403 _game_init::
                            404 ;src/game.c:83: cpct_disableFirmware();
   01CB CDr00r00      [17]  405 	call	_cpct_disableFirmware
                            406 ;src/game.c:84: cpct_setVideoMode(1);
   01CE 2E 01         [ 7]  407 	ld	l, #0x01
   01D0 CDr00r00      [17]  408 	call	_cpct_setVideoMode
                            409 ;src/game.c:85: cpct_clearScreen(0x00);
   01D3 21 00 40      [10]  410 	ld	hl, #0x4000
   01D6 E5            [11]  411 	push	hl
   01D7 AF            [ 4]  412 	xor	a, a
   01D8 F5            [11]  413 	push	af
   01D9 33            [ 6]  414 	inc	sp
   01DA 26 C0         [ 7]  415 	ld	h, #0xc0
   01DC E5            [11]  416 	push	hl
   01DD CDr00r00      [17]  417 	call	_cpct_memset
                            418 ;src/game.c:86: tilemap_init();
   01E0 CDr00r00      [17]  419 	call	_tilemap_init
                            420 ;src/game.c:87: collision_init();
   01E3 CDr00r00      [17]  421 	call	_collision_init
                            422 ;src/game.c:88: playerinit(&g_player);
   01E6 21r00r00      [10]  423 	ld	hl, #_g_player
   01E9 E5            [11]  424 	push	hl
   01EA CDr00r00      [17]  425 	call	_playerinit
   01ED F1            [10]  426 	pop	af
                            427 ;src/game.c:89: hudinit();
   01EE CDr00r00      [17]  428 	call	_hudinit
                            429 ;src/game.c:91: for (i = 0; i < MAX_PROJECTILES; ++i) {
   01F1 0E 00         [ 7]  430 	ld	c, #0x00
   01F3                     431 00102$:
                            432 ;src/game.c:92: projectileinit(&g_projectiles[i]);
   01F3 06 00         [ 7]  433 	ld	b,#0x00
   01F5 69            [ 4]  434 	ld	l, c
   01F6 60            [ 4]  435 	ld	h, b
   01F7 29            [11]  436 	add	hl, hl
   01F8 29            [11]  437 	add	hl, hl
   01F9 09            [11]  438 	add	hl, bc
   01FA 29            [11]  439 	add	hl, hl
   01FB 11r3Fr00      [10]  440 	ld	de, #_g_projectiles
   01FE 19            [11]  441 	add	hl, de
   01FF C5            [11]  442 	push	bc
   0200 E5            [11]  443 	push	hl
   0201 CDr00r00      [17]  444 	call	_projectileinit
   0204 F1            [10]  445 	pop	af
   0205 C1            [10]  446 	pop	bc
                            447 ;src/game.c:91: for (i = 0; i < MAX_PROJECTILES; ++i) {
   0206 0C            [ 4]  448 	inc	c
   0207 79            [ 4]  449 	ld	a, c
   0208 D6 06         [ 7]  450 	sub	a, #0x06
   020A 38 E7         [12]  451 	jr	C,00102$
                            452 ;src/game.c:95: g_lives = 3;
   020C 21r7Br00      [10]  453 	ld	hl,#_g_lives + 0
   020F 36 03         [10]  454 	ld	(hl), #0x03
                            455 ;src/game.c:96: g_score = 0;
   0211 21 00 00      [10]  456 	ld	hl, #0x0000
   0214 22r7Cr00      [16]  457 	ld	(_g_score), hl
                            458 ;src/game.c:97: g_timeleft = 99;
   0217 FD 21r7Er00   [14]  459 	ld	iy, #_g_timeleft
   021B FD 36 00 63   [19]  460 	ld	0 (iy), #0x63
                            461 ;src/game.c:98: g_weapon = 0;
   021F FD 21r7Fr00   [14]  462 	ld	iy, #_g_weapon
   0223 FD 36 00 00   [19]  463 	ld	0 (iy), #0x00
                            464 ;src/game.c:99: g_currentwave = 0;
   0227 FD 21r80r00   [14]  465 	ld	iy, #_g_currentwave
   022B FD 36 00 00   [19]  466 	ld	0 (iy), #0x00
                            467 ;src/game.c:100: g_wavecooldown = 1;
   022F FD 21r82r00   [14]  468 	ld	iy, #_g_wavecooldown
   0233 FD 36 00 01   [19]  469 	ld	0 (iy), #0x01
                            470 ;src/game.c:101: g_damagecooldown = 0;
   0237 FD 21r83r00   [14]  471 	ld	iy, #_g_damagecooldown
   023B FD 36 00 00   [19]  472 	ld	0 (iy), #0x00
                            473 ;src/game.c:102: g_shootcooldown = 0;
   023F FD 21r84r00   [14]  474 	ld	iy, #_g_shootcooldown
   0243 FD 36 00 00   [19]  475 	ld	0 (iy), #0x00
                            476 ;src/game.c:103: g_victory = 0;
   0247 FD 21r85r00   [14]  477 	ld	iy, #_g_victory
   024B FD 36 00 00   [19]  478 	ld	0 (iy), #0x00
                            479 ;src/game.c:104: g_gameover = 0;
   024F FD 21r86r00   [14]  480 	ld	iy, #_g_gameover
   0253 FD 36 00 00   [19]  481 	ld	0 (iy), #0x00
                            482 ;src/game.c:105: g_framecounter = 0;
   0257 2E 00         [ 7]  483 	ld	l, #0x00
   0259 22r87r00      [16]  484 	ld	(_g_framecounter), hl
   025C C9            [10]  485 	ret
                            486 ;src/game.c:108: void game_update(void) {
                            487 ;	---------------------------------
                            488 ; Function game_update
                            489 ; ---------------------------------
   025D                     490 _game_update::
   025D DD E5         [15]  491 	push	ix
   025F DD 21 00 00   [14]  492 	ld	ix,#0
   0263 DD 39         [15]  493 	add	ix,sp
   0265 21 F0 FF      [10]  494 	ld	hl, #-16
   0268 39            [11]  495 	add	hl, sp
   0269 F9            [ 6]  496 	ld	sp, hl
                            497 ;src/game.c:112: input_update();
   026A CDr00r00      [17]  498 	call	_input_update
                            499 ;src/game.c:114: if (g_gameover || g_victory) {
   026D 3Ar86r00      [13]  500 	ld	a,(#_g_gameover + 0)
   0270 B7            [ 4]  501 	or	a, a
   0271 C2rFDr05      [10]  502 	jp	NZ,00165$
   0274 3Ar85r00      [13]  503 	ld	a,(#_g_victory + 0)
   0277 B7            [ 4]  504 	or	a, a
                            505 ;src/game.c:115: return;
   0278 C2rFDr05      [10]  506 	jp	NZ,00165$
                            507 ;src/game.c:118: playerupdate(&g_player);
   027B 21r00r00      [10]  508 	ld	hl, #_g_player
   027E E5            [11]  509 	push	hl
   027F CDr00r00      [17]  510 	call	_playerupdate
   0282 F1            [10]  511 	pop	af
                            512 ;src/game.c:119: try_fire_projectile();
   0283 CDr23r01      [17]  513 	call	_try_fire_projectile
                            514 ;src/game.c:121: if (g_shootcooldown) g_shootcooldown--;
   0286 FD 21r84r00   [14]  515 	ld	iy, #_g_shootcooldown
   028A FD 7E 00      [19]  516 	ld	a, 0 (iy)
   028D B7            [ 4]  517 	or	a, a
   028E 28 03         [12]  518 	jr	Z,00105$
   0290 FD 35 00      [23]  519 	dec	0 (iy)
   0293                     520 00105$:
                            521 ;src/game.c:122: if (g_damagecooldown) g_damagecooldown--;
   0293 FD 21r83r00   [14]  522 	ld	iy, #_g_damagecooldown
   0297 FD 7E 00      [19]  523 	ld	a, 0 (iy)
   029A B7            [ 4]  524 	or	a, a
   029B 28 03         [12]  525 	jr	Z,00170$
   029D FD 35 00      [23]  526 	dec	0 (iy)
                            527 ;src/game.c:124: for (i = 0; i < MAX_PROJECTILES; ++i) {
   02A0                     528 00170$:
   02A0 0E 00         [ 7]  529 	ld	c, #0x00
   02A2                     530 00158$:
                            531 ;src/game.c:125: projectileupdate(&g_projectiles[i]);
   02A2 06 00         [ 7]  532 	ld	b,#0x00
   02A4 69            [ 4]  533 	ld	l, c
   02A5 60            [ 4]  534 	ld	h, b
   02A6 29            [11]  535 	add	hl, hl
   02A7 29            [11]  536 	add	hl, hl
   02A8 09            [11]  537 	add	hl, bc
   02A9 29            [11]  538 	add	hl, hl
   02AA 11r3Fr00      [10]  539 	ld	de, #_g_projectiles
   02AD 19            [11]  540 	add	hl, de
   02AE C5            [11]  541 	push	bc
   02AF E5            [11]  542 	push	hl
   02B0 CDr00r00      [17]  543 	call	_projectileupdate
   02B3 F1            [10]  544 	pop	af
   02B4 C1            [10]  545 	pop	bc
                            546 ;src/game.c:124: for (i = 0; i < MAX_PROJECTILES; ++i) {
   02B5 0C            [ 4]  547 	inc	c
   02B6 79            [ 4]  548 	ld	a, c
   02B7 D6 06         [ 7]  549 	sub	a, #0x06
   02B9 38 E7         [12]  550 	jr	C,00158$
                            551 ;src/game.c:128: for (i = 0; i < MAX_ENEMIES; ++i) {
   02BB 0E 00         [ 7]  552 	ld	c, #0x00
   02BD                     553 00160$:
                            554 ;src/game.c:129: enemyupdate(&g_enemies[i]);
   02BD 06 00         [ 7]  555 	ld	b,#0x00
   02BF 69            [ 4]  556 	ld	l, c
   02C0 60            [ 4]  557 	ld	h, b
   02C1 29            [11]  558 	add	hl, hl
   02C2 29            [11]  559 	add	hl, hl
   02C3 29            [11]  560 	add	hl, hl
   02C4 09            [11]  561 	add	hl, bc
   02C5 11r09r00      [10]  562 	ld	de, #_g_enemies
   02C8 19            [11]  563 	add	hl, de
   02C9 C5            [11]  564 	push	bc
   02CA E5            [11]  565 	push	hl
   02CB CDr00r00      [17]  566 	call	_enemyupdate
   02CE F1            [10]  567 	pop	af
   02CF C1            [10]  568 	pop	bc
                            569 ;src/game.c:128: for (i = 0; i < MAX_ENEMIES; ++i) {
   02D0 0C            [ 4]  570 	inc	c
   02D1 79            [ 4]  571 	ld	a, c
   02D2 D6 06         [ 7]  572 	sub	a, #0x06
   02D4 38 E7         [12]  573 	jr	C,00160$
                            574 ;src/game.c:132: for (i = 0; i < MAX_PROJECTILES; ++i) {
   02D6 DD 36 F1 00   [19]  575 	ld	-15 (ix), #0x00
   02DA                     576 00163$:
                            577 ;src/game.c:133: if (!g_projectiles[i].active) continue;
   02DA DD 4E F1      [19]  578 	ld	c,-15 (ix)
   02DD 06 00         [ 7]  579 	ld	b,#0x00
   02DF 69            [ 4]  580 	ld	l, c
   02E0 60            [ 4]  581 	ld	h, b
   02E1 29            [11]  582 	add	hl, hl
   02E2 29            [11]  583 	add	hl, hl
   02E3 09            [11]  584 	add	hl, bc
   02E4 29            [11]  585 	add	hl, hl
   02E5 4D            [ 4]  586 	ld	c, l
   02E6 44            [ 4]  587 	ld	b, h
   02E7 21r3Fr00      [10]  588 	ld	hl, #_g_projectiles
   02EA 09            [11]  589 	add	hl,bc
   02EB DD 75 FE      [19]  590 	ld	-2 (ix), l
   02EE DD 74 FF      [19]  591 	ld	-1 (ix), h
   02F1 DD 7E FE      [19]  592 	ld	a, -2 (ix)
   02F4 C6 06         [ 7]  593 	add	a, #0x06
   02F6 DD 77 FC      [19]  594 	ld	-4 (ix), a
   02F9 DD 7E FF      [19]  595 	ld	a, -1 (ix)
   02FC CE 00         [ 7]  596 	adc	a, #0x00
   02FE DD 77 FD      [19]  597 	ld	-3 (ix), a
   0301 DD 6E FC      [19]  598 	ld	l,-4 (ix)
   0304 DD 66 FD      [19]  599 	ld	h,-3 (ix)
   0307 7E            [ 7]  600 	ld	a, (hl)
   0308 B7            [ 4]  601 	or	a, a
   0309 CAr35r04      [10]  602 	jp	Z, 00122$
                            603 ;src/game.c:134: for (j = 0; j < MAX_ENEMIES; ++j) {
   030C DD 36 F0 00   [19]  604 	ld	-16 (ix), #0x00
   0310                     605 00162$:
                            606 ;src/game.c:135: if (!g_enemies[j].active) continue;
   0310 DD 4E F0      [19]  607 	ld	c,-16 (ix)
   0313 06 00         [ 7]  608 	ld	b,#0x00
   0315 69            [ 4]  609 	ld	l, c
   0316 60            [ 4]  610 	ld	h, b
   0317 29            [11]  611 	add	hl, hl
   0318 29            [11]  612 	add	hl, hl
   0319 29            [11]  613 	add	hl, hl
   031A 09            [11]  614 	add	hl, bc
   031B 4D            [ 4]  615 	ld	c, l
   031C 44            [ 4]  616 	ld	b, h
   031D 21r09r00      [10]  617 	ld	hl, #_g_enemies
   0320 09            [11]  618 	add	hl,bc
   0321 DD 75 FA      [19]  619 	ld	-6 (ix), l
   0324 DD 74 FB      [19]  620 	ld	-5 (ix), h
   0327 11 06 00      [10]  621 	ld	de, #0x0006
   032A 19            [11]  622 	add	hl, de
   032B 7E            [ 7]  623 	ld	a, (hl)
   032C B7            [ 4]  624 	or	a, a
   032D CAr2Ar04      [10]  625 	jp	Z, 00120$
                            626 ;src/game.c:137: (i16)g_enemies[j].x, (i16)g_enemies[j].y, g_enemies[j].w, g_enemies[j].h)) continue;
   0330 DD 6E FA      [19]  627 	ld	l,-6 (ix)
   0333 DD 66 FB      [19]  628 	ld	h,-5 (ix)
   0336 11 05 00      [10]  629 	ld	de, #0x0005
   0339 19            [11]  630 	add	hl, de
   033A 7E            [ 7]  631 	ld	a, (hl)
   033B DD 77 F9      [19]  632 	ld	-7 (ix), a
   033E DD 6E FA      [19]  633 	ld	l,-6 (ix)
   0341 DD 66 FB      [19]  634 	ld	h,-5 (ix)
   0344 11 04 00      [10]  635 	ld	de, #0x0004
   0347 19            [11]  636 	add	hl, de
   0348 7E            [ 7]  637 	ld	a, (hl)
   0349 DD 77 F8      [19]  638 	ld	-8 (ix), a
   034C DD 6E FA      [19]  639 	ld	l,-6 (ix)
   034F DD 66 FB      [19]  640 	ld	h,-5 (ix)
   0352 23            [ 6]  641 	inc	hl
   0353 4E            [ 7]  642 	ld	c, (hl)
   0354 DD 71 F6      [19]  643 	ld	-10 (ix), c
   0357 DD 36 F7 00   [19]  644 	ld	-9 (ix), #0x00
   035B DD 6E FA      [19]  645 	ld	l,-6 (ix)
   035E DD 66 FB      [19]  646 	ld	h,-5 (ix)
   0361 5E            [ 7]  647 	ld	e, (hl)
   0362 16 00         [ 7]  648 	ld	d, #0x00
                            649 ;src/game.c:136: if (!rect_overlap((i16)g_projectiles[i].x, (i16)g_projectiles[i].y, g_projectiles[i].w, g_projectiles[i].h,
   0364 DD 6E FE      [19]  650 	ld	l,-2 (ix)
   0367 DD 66 FF      [19]  651 	ld	h,-1 (ix)
   036A 01 05 00      [10]  652 	ld	bc, #0x0005
   036D 09            [11]  653 	add	hl, bc
   036E 46            [ 7]  654 	ld	b, (hl)
   036F DD 6E FE      [19]  655 	ld	l,-2 (ix)
   0372 DD 66 FF      [19]  656 	ld	h,-1 (ix)
   0375 23            [ 6]  657 	inc	hl
   0376 23            [ 6]  658 	inc	hl
   0377 23            [ 6]  659 	inc	hl
   0378 23            [ 6]  660 	inc	hl
   0379 4E            [ 7]  661 	ld	c, (hl)
   037A DD 6E FE      [19]  662 	ld	l,-2 (ix)
   037D DD 66 FF      [19]  663 	ld	h,-1 (ix)
   0380 23            [ 6]  664 	inc	hl
   0381 6E            [ 7]  665 	ld	l, (hl)
   0382 DD 75 F4      [19]  666 	ld	-12 (ix), l
   0385 DD 36 F5 00   [19]  667 	ld	-11 (ix), #0x00
   0389 DD 6E FE      [19]  668 	ld	l,-2 (ix)
   038C DD 66 FF      [19]  669 	ld	h,-1 (ix)
   038F 6E            [ 7]  670 	ld	l, (hl)
   0390 DD 75 F2      [19]  671 	ld	-14 (ix), l
   0393 DD 36 F3 00   [19]  672 	ld	-13 (ix), #0x00
   0397 DD 66 F9      [19]  673 	ld	h, -7 (ix)
   039A DD 6E F8      [19]  674 	ld	l, -8 (ix)
   039D E5            [11]  675 	push	hl
   039E DD 6E F6      [19]  676 	ld	l,-10 (ix)
   03A1 DD 66 F7      [19]  677 	ld	h,-9 (ix)
   03A4 E5            [11]  678 	push	hl
   03A5 D5            [11]  679 	push	de
   03A6 C5            [11]  680 	push	bc
   03A7 DD 6E F4      [19]  681 	ld	l,-12 (ix)
   03AA DD 66 F5      [19]  682 	ld	h,-11 (ix)
   03AD E5            [11]  683 	push	hl
   03AE DD 6E F2      [19]  684 	ld	l,-14 (ix)
   03B1 DD 66 F3      [19]  685 	ld	h,-13 (ix)
   03B4 E5            [11]  686 	push	hl
   03B5 CDr00r00      [17]  687 	call	_rect_overlap
   03B8 FD 21 0C 00   [14]  688 	ld	iy, #12
   03BC FD 39         [15]  689 	add	iy, sp
   03BE FD F9         [10]  690 	ld	sp, iy
   03C0 7D            [ 4]  691 	ld	a, l
   03C1 B7            [ 4]  692 	or	a, a
   03C2 28 66         [12]  693 	jr	Z,00120$
                            694 ;src/game.c:138: if (enemydamage(&g_enemies[j], g_projectiles[i].damage)) {
   03C4 DD 6E FE      [19]  695 	ld	l,-2 (ix)
   03C7 DD 66 FF      [19]  696 	ld	h,-1 (ix)
   03CA 11 07 00      [10]  697 	ld	de, #0x0007
   03CD 19            [11]  698 	add	hl, de
   03CE 56            [ 7]  699 	ld	d, (hl)
   03CF DD 4E FA      [19]  700 	ld	c,-6 (ix)
   03D2 DD 46 FB      [19]  701 	ld	b,-5 (ix)
   03D5 D5            [11]  702 	push	de
   03D6 33            [ 6]  703 	inc	sp
   03D7 C5            [11]  704 	push	bc
   03D8 CDr00r00      [17]  705 	call	_enemydamage
   03DB F1            [10]  706 	pop	af
   03DC 33            [ 6]  707 	inc	sp
   03DD DD 75 F2      [19]  708 	ld	-14 (ix), l
   03E0 7D            [ 4]  709 	ld	a, l
   03E1 B7            [ 4]  710 	or	a, a
   03E2 28 3C         [12]  711 	jr	Z,00119$
                            712 ;src/game.c:139: g_score = (u16)(g_score + g_enemies[j].reward);
   03E4 DD 7E FA      [19]  713 	ld	a, -6 (ix)
   03E7 DD 77 F2      [19]  714 	ld	-14 (ix), a
   03EA DD 7E FB      [19]  715 	ld	a, -5 (ix)
   03ED DD 77 F3      [19]  716 	ld	-13 (ix), a
   03F0 DD 6E F2      [19]  717 	ld	l,-14 (ix)
   03F3 DD 66 F3      [19]  718 	ld	h,-13 (ix)
   03F6 11 08 00      [10]  719 	ld	de, #0x0008
   03F9 19            [11]  720 	add	hl, de
   03FA 7E            [ 7]  721 	ld	a, (hl)
   03FB DD 77 F2      [19]  722 	ld	-14 (ix), a
   03FE DD 77 F2      [19]  723 	ld	-14 (ix), a
   0401 DD 36 F3 00   [19]  724 	ld	-13 (ix), #0x00
   0405 21r7Cr00      [10]  725 	ld	hl, #_g_score
   0408 7E            [ 7]  726 	ld	a, (hl)
   0409 DD 86 F2      [19]  727 	add	a, -14 (ix)
   040C 77            [ 7]  728 	ld	(hl), a
   040D 23            [ 6]  729 	inc	hl
   040E 7E            [ 7]  730 	ld	a, (hl)
   040F DD 8E F3      [19]  731 	adc	a, -13 (ix)
   0412 77            [ 7]  732 	ld	(hl), a
                            733 ;src/game.c:140: if (g_aliveenemies) g_aliveenemies--;
   0413 FD 21r81r00   [14]  734 	ld	iy, #_g_aliveenemies
   0417 FD 7E 00      [19]  735 	ld	a, 0 (iy)
   041A B7            [ 4]  736 	or	a, a
   041B 28 03         [12]  737 	jr	Z,00119$
   041D FD 35 00      [23]  738 	dec	0 (iy)
   0420                     739 00119$:
                            740 ;src/game.c:142: g_projectiles[i].active = 0;
   0420 DD 6E FC      [19]  741 	ld	l,-4 (ix)
   0423 DD 66 FD      [19]  742 	ld	h,-3 (ix)
   0426 36 00         [10]  743 	ld	(hl), #0x00
                            744 ;src/game.c:143: break;
   0428 18 0B         [12]  745 	jr	00122$
   042A                     746 00120$:
                            747 ;src/game.c:134: for (j = 0; j < MAX_ENEMIES; ++j) {
   042A DD 34 F0      [23]  748 	inc	-16 (ix)
   042D DD 7E F0      [19]  749 	ld	a, -16 (ix)
   0430 D6 06         [ 7]  750 	sub	a, #0x06
   0432 DAr10r03      [10]  751 	jp	C, 00162$
   0435                     752 00122$:
                            753 ;src/game.c:132: for (i = 0; i < MAX_PROJECTILES; ++i) {
   0435 DD 34 F1      [23]  754 	inc	-15 (ix)
   0438 DD 7E F1      [19]  755 	ld	a, -15 (ix)
   043B D6 06         [ 7]  756 	sub	a, #0x06
   043D DArDAr02      [10]  757 	jp	C, 00163$
                            758 ;src/game.c:147: if (!g_damagecooldown) {
   0440 3Ar83r00      [13]  759 	ld	a,(#_g_damagecooldown + 0)
   0443 B7            [ 4]  760 	or	a, a
   0444 C2r59r05      [10]  761 	jp	NZ, 00138$
                            762 ;src/game.c:148: for (i = 0; i < MAX_ENEMIES; ++i) {
   0447 11r04r00      [10]  763 	ld	de, #_g_player + 4
   044A DD 36 F1 00   [19]  764 	ld	-15 (ix), #0x00
   044E                     765 00164$:
                            766 ;src/game.c:149: if (!g_enemies[i].active) continue;
   044E DD 4E F1      [19]  767 	ld	c,-15 (ix)
   0451 06 00         [ 7]  768 	ld	b,#0x00
   0453 69            [ 4]  769 	ld	l, c
   0454 60            [ 4]  770 	ld	h, b
   0455 29            [11]  771 	add	hl, hl
   0456 29            [11]  772 	add	hl, hl
   0457 29            [11]  773 	add	hl, hl
   0458 09            [11]  774 	add	hl, bc
   0459 01r09r00      [10]  775 	ld	bc,#_g_enemies
   045C 09            [11]  776 	add	hl,bc
   045D DD 75 F2      [19]  777 	ld	-14 (ix), l
   0460 DD 74 F3      [19]  778 	ld	-13 (ix), h
   0463 C1            [10]  779 	pop	bc
   0464 E1            [10]  780 	pop	hl
   0465 E5            [11]  781 	push	hl
   0466 C5            [11]  782 	push	bc
   0467 01 06 00      [10]  783 	ld	bc, #0x0006
   046A 09            [11]  784 	add	hl, bc
   046B 7E            [ 7]  785 	ld	a, (hl)
   046C B7            [ 4]  786 	or	a, a
   046D CAr0Er05      [10]  787 	jp	Z, 00130$
                            788 ;src/game.c:151: (i16)g_enemies[i].x, (i16)g_enemies[i].y, g_enemies[i].w, g_enemies[i].h)) {
   0470 C1            [10]  789 	pop	bc
   0471 E1            [10]  790 	pop	hl
   0472 E5            [11]  791 	push	hl
   0473 C5            [11]  792 	push	bc
   0474 01 05 00      [10]  793 	ld	bc, #0x0005
   0477 09            [11]  794 	add	hl, bc
   0478 7E            [ 7]  795 	ld	a, (hl)
   0479 DD 77 F4      [19]  796 	ld	-12 (ix), a
   047C C1            [10]  797 	pop	bc
   047D E1            [10]  798 	pop	hl
   047E E5            [11]  799 	push	hl
   047F C5            [11]  800 	push	bc
   0480 01 04 00      [10]  801 	ld	bc, #0x0004
   0483 09            [11]  802 	add	hl, bc
   0484 4E            [ 7]  803 	ld	c, (hl)
   0485 DD 6E F2      [19]  804 	ld	l,-14 (ix)
   0488 DD 66 F3      [19]  805 	ld	h,-13 (ix)
   048B 23            [ 6]  806 	inc	hl
   048C 46            [ 7]  807 	ld	b, (hl)
   048D DD 70 F6      [19]  808 	ld	-10 (ix), b
   0490 DD 36 F7 00   [19]  809 	ld	-9 (ix), #0x00
   0494 DD 6E F2      [19]  810 	ld	l,-14 (ix)
   0497 DD 66 F3      [19]  811 	ld	h,-13 (ix)
   049A 46            [ 7]  812 	ld	b, (hl)
   049B DD 70 F2      [19]  813 	ld	-14 (ix), b
   049E DD 36 F3 00   [19]  814 	ld	-13 (ix), #0x00
                            815 ;src/game.c:150: if (rect_overlap((i16)g_player.x, (i16)g_player.y, g_player.w, g_player.h,
   04A2 21r05r00      [10]  816 	ld	hl, #(_g_player + 0x0005) + 0
   04A5 46            [ 7]  817 	ld	b, (hl)
   04A6 1A            [ 7]  818 	ld	a, (de)
   04A7 DD 77 F8      [19]  819 	ld	-8 (ix), a
   04AA 3Ar01r00      [13]  820 	ld	a, (#(_g_player + 0x0001) + 0)
   04AD DD 77 FA      [19]  821 	ld	-6 (ix), a
   04B0 DD 36 FB 00   [19]  822 	ld	-5 (ix), #0x00
   04B4 3Ar00r00      [13]  823 	ld	a, (#_g_player + 0)
   04B7 DD 77 FC      [19]  824 	ld	-4 (ix), a
   04BA DD 36 FD 00   [19]  825 	ld	-3 (ix), #0x00
   04BE D5            [11]  826 	push	de
   04BF DD 7E F4      [19]  827 	ld	a, -12 (ix)
   04C2 F5            [11]  828 	push	af
   04C3 33            [ 6]  829 	inc	sp
   04C4 79            [ 4]  830 	ld	a, c
   04C5 F5            [11]  831 	push	af
   04C6 33            [ 6]  832 	inc	sp
   04C7 DD 6E F6      [19]  833 	ld	l,-10 (ix)
   04CA DD 66 F7      [19]  834 	ld	h,-9 (ix)
   04CD E5            [11]  835 	push	hl
   04CE DD 6E F2      [19]  836 	ld	l,-14 (ix)
   04D1 DD 66 F3      [19]  837 	ld	h,-13 (ix)
   04D4 E5            [11]  838 	push	hl
   04D5 C5            [11]  839 	push	bc
   04D6 33            [ 6]  840 	inc	sp
   04D7 DD 7E F8      [19]  841 	ld	a, -8 (ix)
   04DA F5            [11]  842 	push	af
   04DB 33            [ 6]  843 	inc	sp
   04DC DD 6E FA      [19]  844 	ld	l,-6 (ix)
   04DF DD 66 FB      [19]  845 	ld	h,-5 (ix)
   04E2 E5            [11]  846 	push	hl
   04E3 DD 6E FC      [19]  847 	ld	l,-4 (ix)
   04E6 DD 66 FD      [19]  848 	ld	h,-3 (ix)
   04E9 E5            [11]  849 	push	hl
   04EA CDr00r00      [17]  850 	call	_rect_overlap
   04ED FD 21 0C 00   [14]  851 	ld	iy, #12
   04F1 FD 39         [15]  852 	add	iy, sp
   04F3 FD F9         [10]  853 	ld	sp, iy
   04F5 D1            [10]  854 	pop	de
   04F6 7D            [ 4]  855 	ld	a, l
   04F7 B7            [ 4]  856 	or	a, a
   04F8 28 14         [12]  857 	jr	Z,00130$
                            858 ;src/game.c:152: if (g_lives) g_lives--;
   04FA FD 21r7Br00   [14]  859 	ld	iy, #_g_lives
   04FE FD 7E 00      [19]  860 	ld	a, 0 (iy)
   0501 B7            [ 4]  861 	or	a, a
   0502 28 03         [12]  862 	jr	Z,00127$
   0504 FD 35 00      [23]  863 	dec	0 (iy)
   0507                     864 00127$:
                            865 ;src/game.c:153: g_damagecooldown = 40;
   0507 21r83r00      [10]  866 	ld	hl,#_g_damagecooldown + 0
   050A 36 28         [10]  867 	ld	(hl), #0x28
                            868 ;src/game.c:154: break;
   050C 18 0B         [12]  869 	jr	00131$
   050E                     870 00130$:
                            871 ;src/game.c:148: for (i = 0; i < MAX_ENEMIES; ++i) {
   050E DD 34 F1      [23]  872 	inc	-15 (ix)
   0511 DD 7E F1      [19]  873 	ld	a, -15 (ix)
   0514 D6 06         [ 7]  874 	sub	a, #0x06
   0516 DAr4Er04      [10]  875 	jp	C, 00164$
   0519                     876 00131$:
                            877 ;src/game.c:158: if (!g_damagecooldown && collision_is_on_trap((i16)g_player.x, (i16)g_player.y, g_player.w, g_player.h)) {
   0519 3Ar83r00      [13]  878 	ld	a,(#_g_damagecooldown + 0)
   051C B7            [ 4]  879 	or	a, a
   051D 20 3A         [12]  880 	jr	NZ,00138$
   051F 3Ar05r00      [13]  881 	ld	a, (#(_g_player + 0x0005) + 0)
   0522 F5            [11]  882 	push	af
   0523 1A            [ 7]  883 	ld	a, (de)
   0524 DD 77 F2      [19]  884 	ld	-14 (ix), a
   0527 F1            [10]  885 	pop	af
   0528 21r01r00      [10]  886 	ld	hl, #(_g_player + 0x0001) + 0
   052B 4E            [ 7]  887 	ld	c, (hl)
   052C 06 00         [ 7]  888 	ld	b, #0x00
   052E 21r00r00      [10]  889 	ld	hl, #_g_player + 0
   0531 5E            [ 7]  890 	ld	e, (hl)
   0532 16 00         [ 7]  891 	ld	d, #0x00
   0534 F5            [11]  892 	push	af
   0535 33            [ 6]  893 	inc	sp
   0536 DD 7E F2      [19]  894 	ld	a, -14 (ix)
   0539 F5            [11]  895 	push	af
   053A 33            [ 6]  896 	inc	sp
   053B C5            [11]  897 	push	bc
   053C D5            [11]  898 	push	de
   053D CDr00r00      [17]  899 	call	_collision_is_on_trap
   0540 F1            [10]  900 	pop	af
   0541 F1            [10]  901 	pop	af
   0542 F1            [10]  902 	pop	af
   0543 7D            [ 4]  903 	ld	a, l
   0544 B7            [ 4]  904 	or	a, a
   0545 28 12         [12]  905 	jr	Z,00138$
                            906 ;src/game.c:159: if (g_lives) g_lives--;
   0547 FD 21r7Br00   [14]  907 	ld	iy, #_g_lives
   054B FD 7E 00      [19]  908 	ld	a, 0 (iy)
   054E B7            [ 4]  909 	or	a, a
   054F 28 03         [12]  910 	jr	Z,00133$
   0551 FD 35 00      [23]  911 	dec	0 (iy)
   0554                     912 00133$:
                            913 ;src/game.c:160: g_damagecooldown = 40;
   0554 21r83r00      [10]  914 	ld	hl,#_g_damagecooldown + 0
   0557 36 28         [10]  915 	ld	(hl), #0x28
   0559                     916 00138$:
                            917 ;src/game.c:164: if (g_lives == 0) {
   0559 3Ar7Br00      [13]  918 	ld	a,(#_g_lives + 0)
   055C B7            [ 4]  919 	or	a, a
   055D 20 05         [12]  920 	jr	NZ,00140$
                            921 ;src/game.c:165: g_gameover = 1;
   055F 21r86r00      [10]  922 	ld	hl,#_g_gameover + 0
   0562 36 01         [10]  923 	ld	(hl), #0x01
   0564                     924 00140$:
                            925 ;src/game.c:168: if (g_aliveenemies == 0 && !g_gameover) {
   0564 3Ar81r00      [13]  926 	ld	a,(#_g_aliveenemies + 0)
   0567 B7            [ 4]  927 	or	a, a
   0568 20 3F         [12]  928 	jr	NZ,00150$
   056A 3Ar86r00      [13]  929 	ld	a,(#_g_gameover + 0)
   056D B7            [ 4]  930 	or	a, a
   056E 20 39         [12]  931 	jr	NZ,00150$
                            932 ;src/game.c:169: if (g_currentwave < TOTAL_WAVES) {
   0570 3Ar80r00      [13]  933 	ld	a,(#_g_currentwave + 0)
   0573 D6 03         [ 7]  934 	sub	a, #0x03
   0575 30 20         [12]  935 	jr	NC,00147$
                            936 ;src/game.c:170: if (g_wavecooldown == 0) {
   0577 3Ar82r00      [13]  937 	ld	a,(#_g_wavecooldown + 0)
   057A B7            [ 4]  938 	or	a, a
   057B 20 14         [12]  939 	jr	NZ,00142$
                            940 ;src/game.c:171: spawn_wave(g_currentwave);
   057D 3Ar80r00      [13]  941 	ld	a, (_g_currentwave)
   0580 F5            [11]  942 	push	af
   0581 33            [ 6]  943 	inc	sp
   0582 CDr8Dr00      [17]  944 	call	_spawn_wave
   0585 33            [ 6]  945 	inc	sp
                            946 ;src/game.c:172: g_currentwave++;
   0586 21r80r00      [10]  947 	ld	hl, #_g_currentwave+0
   0589 34            [11]  948 	inc	(hl)
                            949 ;src/game.c:173: g_wavecooldown = 100;
   058A 21r82r00      [10]  950 	ld	hl,#_g_wavecooldown + 0
   058D 36 64         [10]  951 	ld	(hl), #0x64
   058F 18 18         [12]  952 	jr	00150$
   0591                     953 00142$:
                            954 ;src/game.c:175: g_wavecooldown--;
   0591 21r82r00      [10]  955 	ld	hl, #_g_wavecooldown+0
   0594 35            [11]  956 	dec	(hl)
   0595 18 12         [12]  957 	jr	00150$
   0597                     958 00147$:
                            959 ;src/game.c:177: } else if (g_player.x >= tilemap_goal_x()) {
   0597 21r00r00      [10]  960 	ld	hl, #_g_player + 0
   059A 4E            [ 7]  961 	ld	c, (hl)
   059B C5            [11]  962 	push	bc
   059C CDr00r00      [17]  963 	call	_tilemap_goal_x
   059F C1            [10]  964 	pop	bc
   05A0 79            [ 4]  965 	ld	a, c
   05A1 95            [ 4]  966 	sub	a, l
   05A2 38 05         [12]  967 	jr	C,00150$
                            968 ;src/game.c:178: g_victory = 1;
   05A4 21r85r00      [10]  969 	ld	hl,#_g_victory + 0
   05A7 36 01         [10]  970 	ld	(hl), #0x01
   05A9                     971 00150$:
                            972 ;src/game.c:182: g_framecounter++;
   05A9 FD 21r87r00   [14]  973 	ld	iy, #_g_framecounter
   05AD FD 34 00      [23]  974 	inc	0 (iy)
   05B0 20 03         [12]  975 	jr	NZ,00302$
   05B2 FD 34 01      [23]  976 	inc	1 (iy)
   05B5                     977 00302$:
                            978 ;src/game.c:183: if ((g_framecounter % 50) == 0 && g_timeleft > 0) {
   05B5 21 32 00      [10]  979 	ld	hl, #0x0032
   05B8 E5            [11]  980 	push	hl
   05B9 2Ar87r00      [16]  981 	ld	hl, (_g_framecounter)
   05BC E5            [11]  982 	push	hl
   05BD CDr00r00      [17]  983 	call	__moduint
   05C0 F1            [10]  984 	pop	af
   05C1 F1            [10]  985 	pop	af
   05C2 7C            [ 4]  986 	ld	a, h
   05C3 B5            [ 4]  987 	or	a,l
   05C4 20 0D         [12]  988 	jr	NZ,00153$
   05C6 FD 21r7Er00   [14]  989 	ld	iy, #_g_timeleft
   05CA FD 7E 00      [19]  990 	ld	a, 0 (iy)
   05CD B7            [ 4]  991 	or	a, a
   05CE 28 03         [12]  992 	jr	Z,00153$
                            993 ;src/game.c:184: g_timeleft--;
   05D0 FD 35 00      [23]  994 	dec	0 (iy)
   05D3                     995 00153$:
                            996 ;src/game.c:186: if (g_timeleft == 0 && !g_victory) {
   05D3 3Ar7Er00      [13]  997 	ld	a,(#_g_timeleft + 0)
   05D6 B7            [ 4]  998 	or	a, a
   05D7 20 0B         [12]  999 	jr	NZ,00156$
   05D9 3Ar85r00      [13] 1000 	ld	a,(#_g_victory + 0)
   05DC B7            [ 4] 1001 	or	a, a
   05DD 20 05         [12] 1002 	jr	NZ,00156$
                           1003 ;src/game.c:187: g_gameover = 1;
   05DF 21r86r00      [10] 1004 	ld	hl,#_g_gameover + 0
   05E2 36 01         [10] 1005 	ld	(hl), #0x01
   05E4                    1006 00156$:
                           1007 ;src/game.c:190: hudupdate(g_lives, g_score, g_timeleft, g_weapon);
   05E4 3Ar7Fr00      [13] 1008 	ld	a, (_g_weapon)
   05E7 F5            [11] 1009 	push	af
   05E8 33            [ 6] 1010 	inc	sp
   05E9 3Ar7Er00      [13] 1011 	ld	a, (_g_timeleft)
   05EC F5            [11] 1012 	push	af
   05ED 33            [ 6] 1013 	inc	sp
   05EE 2Ar7Cr00      [16] 1014 	ld	hl, (_g_score)
   05F1 E5            [11] 1015 	push	hl
   05F2 3Ar7Br00      [13] 1016 	ld	a, (_g_lives)
   05F5 F5            [11] 1017 	push	af
   05F6 33            [ 6] 1018 	inc	sp
   05F7 CDr00r00      [17] 1019 	call	_hudupdate
   05FA F1            [10] 1020 	pop	af
   05FB F1            [10] 1021 	pop	af
   05FC 33            [ 6] 1022 	inc	sp
   05FD                    1023 00165$:
   05FD DD F9         [10] 1024 	ld	sp, ix
   05FF DD E1         [14] 1025 	pop	ix
   0601 C9            [10] 1026 	ret
                           1027 ;src/game.c:193: void game_render(void) {
                           1028 ;	---------------------------------
                           1029 ; Function game_render
                           1030 ; ---------------------------------
   0602                    1031 _game_render::
                           1032 ;src/game.c:196: cpct_clearScreen(0x00);
   0602 21 00 40      [10] 1033 	ld	hl, #0x4000
   0605 E5            [11] 1034 	push	hl
   0606 AF            [ 4] 1035 	xor	a, a
   0607 F5            [11] 1036 	push	af
   0608 33            [ 6] 1037 	inc	sp
   0609 26 C0         [ 7] 1038 	ld	h, #0xc0
   060B E5            [11] 1039 	push	hl
   060C CDr00r00      [17] 1040 	call	_cpct_memset
                           1041 ;src/game.c:197: tilemap_render();
   060F CDr00r00      [17] 1042 	call	_tilemap_render
                           1043 ;src/game.c:199: for (i = 0; i < MAX_PROJECTILES; ++i) {
   0612 0E 00         [ 7] 1044 	ld	c, #0x00
   0614                    1045 00108$:
                           1046 ;src/game.c:200: projectilerender(&g_projectiles[i]);
   0614 06 00         [ 7] 1047 	ld	b,#0x00
   0616 69            [ 4] 1048 	ld	l, c
   0617 60            [ 4] 1049 	ld	h, b
   0618 29            [11] 1050 	add	hl, hl
   0619 29            [11] 1051 	add	hl, hl
   061A 09            [11] 1052 	add	hl, bc
   061B 29            [11] 1053 	add	hl, hl
   061C 11r3Fr00      [10] 1054 	ld	de, #_g_projectiles
   061F 19            [11] 1055 	add	hl, de
   0620 C5            [11] 1056 	push	bc
   0621 E5            [11] 1057 	push	hl
   0622 CDr00r00      [17] 1058 	call	_projectilerender
   0625 F1            [10] 1059 	pop	af
   0626 C1            [10] 1060 	pop	bc
                           1061 ;src/game.c:199: for (i = 0; i < MAX_PROJECTILES; ++i) {
   0627 0C            [ 4] 1062 	inc	c
   0628 79            [ 4] 1063 	ld	a, c
   0629 D6 06         [ 7] 1064 	sub	a, #0x06
   062B 38 E7         [12] 1065 	jr	C,00108$
                           1066 ;src/game.c:203: for (i = 0; i < MAX_ENEMIES; ++i) {
   062D 0E 00         [ 7] 1067 	ld	c, #0x00
   062F                    1068 00110$:
                           1069 ;src/game.c:204: enemyrender(&g_enemies[i]);
   062F 06 00         [ 7] 1070 	ld	b,#0x00
   0631 69            [ 4] 1071 	ld	l, c
   0632 60            [ 4] 1072 	ld	h, b
   0633 29            [11] 1073 	add	hl, hl
   0634 29            [11] 1074 	add	hl, hl
   0635 29            [11] 1075 	add	hl, hl
   0636 09            [11] 1076 	add	hl, bc
   0637 11r09r00      [10] 1077 	ld	de, #_g_enemies
   063A 19            [11] 1078 	add	hl, de
   063B C5            [11] 1079 	push	bc
   063C E5            [11] 1080 	push	hl
   063D CDr00r00      [17] 1081 	call	_enemyrender
   0640 F1            [10] 1082 	pop	af
   0641 C1            [10] 1083 	pop	bc
                           1084 ;src/game.c:203: for (i = 0; i < MAX_ENEMIES; ++i) {
   0642 0C            [ 4] 1085 	inc	c
   0643 79            [ 4] 1086 	ld	a, c
   0644 D6 06         [ 7] 1087 	sub	a, #0x06
   0646 38 E7         [12] 1088 	jr	C,00110$
                           1089 ;src/game.c:207: playerrender(&g_player);
   0648 21r00r00      [10] 1090 	ld	hl, #_g_player
   064B E5            [11] 1091 	push	hl
   064C CDr00r00      [17] 1092 	call	_playerrender
   064F F1            [10] 1093 	pop	af
                           1094 ;src/game.c:208: hudrender();
   0650 CDr00r00      [17] 1095 	call	_hudrender
                           1096 ;src/game.c:210: if (g_victory) {
   0653 3Ar85r00      [13] 1097 	ld	a,(#_g_victory + 0)
   0656 B7            [ 4] 1098 	or	a, a
   0657 28 1B         [12] 1099 	jr	Z,00106$
                           1100 ;src/game.c:211: cpct_drawSolidBox(cpct_getScreenPtr(CPCT_VMEM_START, 28, 72), 0x5C, 24, 8);
   0659 21 1C 48      [10] 1101 	ld	hl, #0x481c
   065C E5            [11] 1102 	push	hl
   065D 21 00 C0      [10] 1103 	ld	hl, #0xc000
   0660 E5            [11] 1104 	push	hl
   0661 CDr00r00      [17] 1105 	call	_cpct_getScreenPtr
   0664 01 18 08      [10] 1106 	ld	bc, #0x0818
   0667 C5            [11] 1107 	push	bc
   0668 3E 5C         [ 7] 1108 	ld	a, #0x5c
   066A F5            [11] 1109 	push	af
   066B 33            [ 6] 1110 	inc	sp
   066C E5            [11] 1111 	push	hl
   066D CDr00r00      [17] 1112 	call	_cpct_drawSolidBox
   0670 F1            [10] 1113 	pop	af
   0671 F1            [10] 1114 	pop	af
   0672 33            [ 6] 1115 	inc	sp
   0673 C9            [10] 1116 	ret
   0674                    1117 00106$:
                           1118 ;src/game.c:212: } else if (g_gameover) {
   0674 3Ar86r00      [13] 1119 	ld	a,(#_g_gameover + 0)
   0677 B7            [ 4] 1120 	or	a, a
   0678 C8            [11] 1121 	ret	Z
                           1122 ;src/game.c:213: cpct_drawSolidBox(cpct_getScreenPtr(CPCT_VMEM_START, 28, 72), 0x4C, 24, 8);
   0679 21 1C 48      [10] 1123 	ld	hl, #0x481c
   067C E5            [11] 1124 	push	hl
   067D 21 00 C0      [10] 1125 	ld	hl, #0xc000
   0680 E5            [11] 1126 	push	hl
   0681 CDr00r00      [17] 1127 	call	_cpct_getScreenPtr
   0684 01 18 08      [10] 1128 	ld	bc, #0x0818
   0687 C5            [11] 1129 	push	bc
   0688 3E 4C         [ 7] 1130 	ld	a, #0x4c
   068A F5            [11] 1131 	push	af
   068B 33            [ 6] 1132 	inc	sp
   068C E5            [11] 1133 	push	hl
   068D CDr00r00      [17] 1134 	call	_cpct_drawSolidBox
   0690 F1            [10] 1135 	pop	af
   0691 F1            [10] 1136 	pop	af
   0692 33            [ 6] 1137 	inc	sp
   0693 C9            [10] 1138 	ret
                           1139 	.area _CODE
                           1140 	.area _INITIALIZER
                           1141 	.area _CABS (ABS)
