                              1 ;--------------------------------------------------------
                              2 ; File Created by SDCC : free open source ANSI-C Compiler
                              3 ; Version 3.6.8 #9946 (Mac OS X ppc)
                              4 ;--------------------------------------------------------
                              5 	.module enemy
                              6 	.optsdcc -mz80
                              7 	
                              8 ;--------------------------------------------------------
                              9 ; Public variables in this module
                             10 ;--------------------------------------------------------
                             11 	.globl _collision_clamp_y_at
                             12 	.globl _collision_is_on_ground_at
                             13 	.globl _cpct_getScreenPtr
                             14 	.globl _cpct_drawSolidBox
                             15 	.globl _cpct_px2byteM0
                             16 	.globl _enemyinit
                             17 	.globl _enemyspawn
                             18 	.globl _enemyupdate
                             19 	.globl _enemyrender
                             20 	.globl _enemydamage
                             21 ;--------------------------------------------------------
                             22 ; special function registers
                             23 ;--------------------------------------------------------
                             24 ;--------------------------------------------------------
                             25 ; ram data
                             26 ;--------------------------------------------------------
                             27 	.area _DATA
                             28 ;--------------------------------------------------------
                             29 ; ram data
                             30 ;--------------------------------------------------------
                             31 	.area _INITIALIZED
                             32 ;--------------------------------------------------------
                             33 ; absolute external ram data
                             34 ;--------------------------------------------------------
                             35 	.area _DABS (ABS)
                             36 ;--------------------------------------------------------
                             37 ; global & static initialisations
                             38 ;--------------------------------------------------------
                             39 	.area _HOME
                             40 	.area _GSINIT
                             41 	.area _GSFINAL
                             42 	.area _GSINIT
                             43 ;--------------------------------------------------------
                             44 ; Home
                             45 ;--------------------------------------------------------
                             46 	.area _HOME
                             47 	.area _HOME
                             48 ;--------------------------------------------------------
                             49 ; code
                             50 ;--------------------------------------------------------
                             51 	.area _CODE
                             52 ;src/entities/enemy.c:5: void enemyinit(Enemy* enemy) {
                             53 ;	---------------------------------
                             54 ; Function enemyinit
                             55 ; ---------------------------------
   0000                      56 _enemyinit::
                             57 ;src/entities/enemy.c:6: if (!enemy) {
   0000 21 03 00      [10]   58 	ld	hl, #2+1
   0003 39            [11]   59 	add	hl, sp
   0004 7E            [ 7]   60 	ld	a, (hl)
   0005 2B            [ 6]   61 	dec	hl
   0006 B6            [ 7]   62 	or	a,(hl)
                             63 ;src/entities/enemy.c:7: return;
   0007 C8            [11]   64 	ret	Z
                             65 ;src/entities/enemy.c:10: enemy->x = 0;
   0008 D1            [10]   66 	pop	de
   0009 C1            [10]   67 	pop	bc
   000A C5            [11]   68 	push	bc
   000B D5            [11]   69 	push	de
   000C AF            [ 4]   70 	xor	a, a
   000D 02            [ 7]   71 	ld	(bc), a
                             72 ;src/entities/enemy.c:11: enemy->y = 0;
   000E 59            [ 4]   73 	ld	e, c
   000F 50            [ 4]   74 	ld	d, b
   0010 13            [ 6]   75 	inc	de
   0011 AF            [ 4]   76 	xor	a, a
   0012 12            [ 7]   77 	ld	(de), a
                             78 ;src/entities/enemy.c:12: enemy->vx = 0;
   0013 59            [ 4]   79 	ld	e, c
   0014 50            [ 4]   80 	ld	d, b
   0015 13            [ 6]   81 	inc	de
   0016 13            [ 6]   82 	inc	de
   0017 AF            [ 4]   83 	xor	a, a
   0018 12            [ 7]   84 	ld	(de), a
                             85 ;src/entities/enemy.c:13: enemy->vy = 0;
   0019 59            [ 4]   86 	ld	e, c
   001A 50            [ 4]   87 	ld	d, b
   001B 13            [ 6]   88 	inc	de
   001C 13            [ 6]   89 	inc	de
   001D 13            [ 6]   90 	inc	de
   001E AF            [ 4]   91 	xor	a, a
   001F 12            [ 7]   92 	ld	(de), a
                             93 ;src/entities/enemy.c:14: enemy->w = 4;
   0020 21 04 00      [10]   94 	ld	hl, #0x0004
   0023 09            [11]   95 	add	hl, bc
   0024 36 04         [10]   96 	ld	(hl), #0x04
                             97 ;src/entities/enemy.c:15: enemy->h = 16;
   0026 21 05 00      [10]   98 	ld	hl, #0x0005
   0029 09            [11]   99 	add	hl, bc
   002A 36 10         [10]  100 	ld	(hl), #0x10
                            101 ;src/entities/enemy.c:16: enemy->active = 0;
   002C 21 06 00      [10]  102 	ld	hl, #0x0006
   002F 09            [11]  103 	add	hl, bc
   0030 36 00         [10]  104 	ld	(hl), #0x00
                            105 ;src/entities/enemy.c:17: enemy->health = 1;
   0032 21 07 00      [10]  106 	ld	hl, #0x0007
   0035 09            [11]  107 	add	hl, bc
   0036 36 01         [10]  108 	ld	(hl), #0x01
                            109 ;src/entities/enemy.c:18: enemy->reward = 100;
   0038 21 08 00      [10]  110 	ld	hl, #0x0008
   003B 09            [11]  111 	add	hl, bc
   003C 36 64         [10]  112 	ld	(hl), #0x64
                            113 ;src/entities/enemy.c:19: enemy->kind = 0;
   003E 21 09 00      [10]  114 	ld	hl, #0x0009
   0041 09            [11]  115 	add	hl, bc
   0042 36 00         [10]  116 	ld	(hl), #0x00
   0044 C9            [10]  117 	ret
                            118 ;src/entities/enemy.c:22: void enemyspawn(Enemy* enemy, u8 x, u8 y, u8 kind, u8 move_right) {
                            119 ;	---------------------------------
                            120 ; Function enemyspawn
                            121 ; ---------------------------------
   0045                     122 _enemyspawn::
   0045 DD E5         [15]  123 	push	ix
   0047 DD 21 00 00   [14]  124 	ld	ix,#0
   004B DD 39         [15]  125 	add	ix,sp
   004D 21 F1 FF      [10]  126 	ld	hl, #-15
   0050 39            [11]  127 	add	hl, sp
   0051 F9            [ 6]  128 	ld	sp, hl
                            129 ;src/entities/enemy.c:23: if (!enemy) {
   0052 DD 7E 05      [19]  130 	ld	a, 5 (ix)
   0055 DD B6 04      [19]  131 	or	a,4 (ix)
                            132 ;src/entities/enemy.c:24: return;
   0058 CAr00r02      [10]  133 	jp	Z,00112$
                            134 ;src/entities/enemy.c:27: enemy->x = x;
   005B DD 7E 04      [19]  135 	ld	a, 4 (ix)
   005E DD 77 FC      [19]  136 	ld	-4 (ix), a
   0061 DD 7E 05      [19]  137 	ld	a, 5 (ix)
   0064 DD 77 FD      [19]  138 	ld	-3 (ix), a
   0067 DD 6E FC      [19]  139 	ld	l,-4 (ix)
   006A DD 66 FD      [19]  140 	ld	h,-3 (ix)
   006D DD 7E 06      [19]  141 	ld	a, 6 (ix)
   0070 77            [ 7]  142 	ld	(hl), a
                            143 ;src/entities/enemy.c:28: enemy->y = y;
   0071 DD 4E FC      [19]  144 	ld	c,-4 (ix)
   0074 DD 46 FD      [19]  145 	ld	b,-3 (ix)
   0077 03            [ 6]  146 	inc	bc
   0078 DD 7E 07      [19]  147 	ld	a, 7 (ix)
   007B 02            [ 7]  148 	ld	(bc), a
                            149 ;src/entities/enemy.c:29: enemy->vx = move_right ? 1 : -1;
   007C DD 7E FC      [19]  150 	ld	a, -4 (ix)
   007F C6 02         [ 7]  151 	add	a, #0x02
   0081 DD 77 FE      [19]  152 	ld	-2 (ix), a
   0084 DD 7E FD      [19]  153 	ld	a, -3 (ix)
   0087 CE 00         [ 7]  154 	adc	a, #0x00
   0089 DD 77 FF      [19]  155 	ld	-1 (ix), a
   008C DD 7E 09      [19]  156 	ld	a, 9 (ix)
   008F B7            [ 4]  157 	or	a, a
   0090 28 04         [12]  158 	jr	Z,00114$
   0092 0E 01         [ 7]  159 	ld	c, #0x01
   0094 18 02         [12]  160 	jr	00115$
   0096                     161 00114$:
   0096 0E FF         [ 7]  162 	ld	c, #0xff
   0098                     163 00115$:
   0098 DD 6E FE      [19]  164 	ld	l,-2 (ix)
   009B DD 66 FF      [19]  165 	ld	h,-1 (ix)
   009E 71            [ 7]  166 	ld	(hl), c
                            167 ;src/entities/enemy.c:30: enemy->vy = 0;
   009F DD 7E FC      [19]  168 	ld	a, -4 (ix)
   00A2 C6 03         [ 7]  169 	add	a, #0x03
   00A4 DD 77 FA      [19]  170 	ld	-6 (ix), a
   00A7 DD 7E FD      [19]  171 	ld	a, -3 (ix)
   00AA CE 00         [ 7]  172 	adc	a, #0x00
   00AC DD 77 FB      [19]  173 	ld	-5 (ix), a
   00AF DD 6E FA      [19]  174 	ld	l,-6 (ix)
   00B2 DD 66 FB      [19]  175 	ld	h,-5 (ix)
   00B5 36 00         [10]  176 	ld	(hl), #0x00
                            177 ;src/entities/enemy.c:31: enemy->active = 1;
   00B7 DD 7E FC      [19]  178 	ld	a, -4 (ix)
   00BA C6 06         [ 7]  179 	add	a, #0x06
   00BC DD 77 F1      [19]  180 	ld	-15 (ix), a
   00BF DD 7E FD      [19]  181 	ld	a, -3 (ix)
   00C2 CE 00         [ 7]  182 	adc	a, #0x00
   00C4 DD 77 F2      [19]  183 	ld	-14 (ix), a
   00C7 E1            [10]  184 	pop	hl
   00C8 E5            [11]  185 	push	hl
   00C9 36 01         [10]  186 	ld	(hl), #0x01
                            187 ;src/entities/enemy.c:32: enemy->kind = kind;
   00CB DD 7E FC      [19]  188 	ld	a, -4 (ix)
   00CE C6 09         [ 7]  189 	add	a, #0x09
   00D0 DD 77 F1      [19]  190 	ld	-15 (ix), a
   00D3 DD 7E FD      [19]  191 	ld	a, -3 (ix)
   00D6 CE 00         [ 7]  192 	adc	a, #0x00
   00D8 DD 77 F2      [19]  193 	ld	-14 (ix), a
   00DB E1            [10]  194 	pop	hl
   00DC E5            [11]  195 	push	hl
   00DD DD 7E 08      [19]  196 	ld	a, 8 (ix)
   00E0 77            [ 7]  197 	ld	(hl), a
                            198 ;src/entities/enemy.c:35: enemy->w = 5;
   00E1 DD 7E FC      [19]  199 	ld	a, -4 (ix)
   00E4 C6 04         [ 7]  200 	add	a, #0x04
   00E6 DD 77 F1      [19]  201 	ld	-15 (ix), a
   00E9 DD 7E FD      [19]  202 	ld	a, -3 (ix)
   00EC CE 00         [ 7]  203 	adc	a, #0x00
   00EE DD 77 F2      [19]  204 	ld	-14 (ix), a
                            205 ;src/entities/enemy.c:36: enemy->h = 14;
   00F1 DD 7E FC      [19]  206 	ld	a, -4 (ix)
   00F4 C6 05         [ 7]  207 	add	a, #0x05
   00F6 DD 77 F8      [19]  208 	ld	-8 (ix), a
   00F9 DD 7E FD      [19]  209 	ld	a, -3 (ix)
   00FC CE 00         [ 7]  210 	adc	a, #0x00
   00FE DD 77 F9      [19]  211 	ld	-7 (ix), a
                            212 ;src/entities/enemy.c:37: enemy->health = 2;
   0101 DD 7E FC      [19]  213 	ld	a, -4 (ix)
   0104 C6 07         [ 7]  214 	add	a, #0x07
   0106 DD 77 F3      [19]  215 	ld	-13 (ix), a
   0109 DD 7E FD      [19]  216 	ld	a, -3 (ix)
   010C CE 00         [ 7]  217 	adc	a, #0x00
   010E DD 77 F4      [19]  218 	ld	-12 (ix), a
                            219 ;src/entities/enemy.c:38: enemy->reward = 180;
   0111 DD 7E FC      [19]  220 	ld	a, -4 (ix)
   0114 C6 08         [ 7]  221 	add	a, #0x08
   0116 DD 77 FC      [19]  222 	ld	-4 (ix), a
   0119 DD 7E FD      [19]  223 	ld	a, -3 (ix)
   011C CE 00         [ 7]  224 	adc	a, #0x00
   011E DD 77 FD      [19]  225 	ld	-3 (ix), a
                            226 ;src/entities/enemy.c:34: if (kind == 1) {
   0121 DD 7E 08      [19]  227 	ld	a, 8 (ix)
   0124 3D            [ 4]  228 	dec	a
   0125 20 45         [12]  229 	jr	NZ,00110$
                            230 ;src/entities/enemy.c:35: enemy->w = 5;
   0127 E1            [10]  231 	pop	hl
   0128 E5            [11]  232 	push	hl
   0129 36 05         [10]  233 	ld	(hl), #0x05
                            234 ;src/entities/enemy.c:36: enemy->h = 14;
   012B DD 6E F8      [19]  235 	ld	l,-8 (ix)
   012E DD 66 F9      [19]  236 	ld	h,-7 (ix)
   0131 36 0E         [10]  237 	ld	(hl), #0x0e
                            238 ;src/entities/enemy.c:37: enemy->health = 2;
   0133 DD 6E F3      [19]  239 	ld	l,-13 (ix)
   0136 DD 66 F4      [19]  240 	ld	h,-12 (ix)
   0139 36 02         [10]  241 	ld	(hl), #0x02
                            242 ;src/entities/enemy.c:38: enemy->reward = 180;
   013B DD 6E FC      [19]  243 	ld	l,-4 (ix)
   013E DD 66 FD      [19]  244 	ld	h,-3 (ix)
   0141 36 B4         [10]  245 	ld	(hl), #0xb4
                            246 ;src/entities/enemy.c:39: enemy->vx = move_right ? 2 : -2;
   0143 DD 7E FE      [19]  247 	ld	a, -2 (ix)
   0146 DD 77 F6      [19]  248 	ld	-10 (ix), a
   0149 DD 7E FF      [19]  249 	ld	a, -1 (ix)
   014C DD 77 F7      [19]  250 	ld	-9 (ix), a
   014F DD 7E 09      [19]  251 	ld	a, 9 (ix)
   0152 B7            [ 4]  252 	or	a, a
   0153 28 06         [12]  253 	jr	Z,00116$
   0155 DD 36 F5 02   [19]  254 	ld	-11 (ix), #0x02
   0159 18 04         [12]  255 	jr	00117$
   015B                     256 00116$:
   015B DD 36 F5 FE   [19]  257 	ld	-11 (ix), #0xfe
   015F                     258 00117$:
   015F DD 6E F6      [19]  259 	ld	l,-10 (ix)
   0162 DD 66 F7      [19]  260 	ld	h,-9 (ix)
   0165 DD 7E F5      [19]  261 	ld	a, -11 (ix)
   0168 77            [ 7]  262 	ld	(hl), a
   0169 C3r00r02      [10]  263 	jp	00112$
   016C                     264 00110$:
                            265 ;src/entities/enemy.c:40: } else if (kind == 2) {
   016C DD 7E 08      [19]  266 	ld	a, 8 (ix)
   016F D6 02         [ 7]  267 	sub	a, #0x02
   0171 20 39         [12]  268 	jr	NZ,00107$
                            269 ;src/entities/enemy.c:41: enemy->w = 6;
   0173 E1            [10]  270 	pop	hl
   0174 E5            [11]  271 	push	hl
   0175 36 06         [10]  272 	ld	(hl), #0x06
                            273 ;src/entities/enemy.c:42: enemy->h = 10;
   0177 DD 6E F8      [19]  274 	ld	l,-8 (ix)
   017A DD 66 F9      [19]  275 	ld	h,-7 (ix)
   017D 36 0A         [10]  276 	ld	(hl), #0x0a
                            277 ;src/entities/enemy.c:43: enemy->health = 1;
   017F DD 6E F3      [19]  278 	ld	l,-13 (ix)
   0182 DD 66 F4      [19]  279 	ld	h,-12 (ix)
   0185 36 01         [10]  280 	ld	(hl), #0x01
                            281 ;src/entities/enemy.c:44: enemy->reward = 150;
   0187 DD 6E FC      [19]  282 	ld	l,-4 (ix)
   018A DD 66 FD      [19]  283 	ld	h,-3 (ix)
   018D 36 96         [10]  284 	ld	(hl), #0x96
                            285 ;src/entities/enemy.c:45: enemy->vy = move_right ? 1 : -1;
   018F DD 4E FA      [19]  286 	ld	c,-6 (ix)
   0192 DD 46 FB      [19]  287 	ld	b,-5 (ix)
   0195 DD 7E 09      [19]  288 	ld	a, 9 (ix)
   0198 B7            [ 4]  289 	or	a, a
   0199 28 04         [12]  290 	jr	Z,00118$
   019B 3E 01         [ 7]  291 	ld	a, #0x01
   019D 18 02         [12]  292 	jr	00119$
   019F                     293 00118$:
   019F 3E FF         [ 7]  294 	ld	a, #0xff
   01A1                     295 00119$:
   01A1 02            [ 7]  296 	ld	(bc), a
                            297 ;src/entities/enemy.c:46: enemy->vx = 1;
   01A2 DD 6E FE      [19]  298 	ld	l,-2 (ix)
   01A5 DD 66 FF      [19]  299 	ld	h,-1 (ix)
   01A8 36 01         [10]  300 	ld	(hl), #0x01
   01AA 18 54         [12]  301 	jr	00112$
   01AC                     302 00107$:
                            303 ;src/entities/enemy.c:47: } else if (kind == 3) {
   01AC DD 7E 08      [19]  304 	ld	a, 8 (ix)
   01AF D6 03         [ 7]  305 	sub	a, #0x03
   01B1 20 31         [12]  306 	jr	NZ,00104$
                            307 ;src/entities/enemy.c:48: enemy->w = 10;
   01B3 E1            [10]  308 	pop	hl
   01B4 E5            [11]  309 	push	hl
   01B5 36 0A         [10]  310 	ld	(hl), #0x0a
                            311 ;src/entities/enemy.c:49: enemy->h = 18;
   01B7 DD 6E F8      [19]  312 	ld	l,-8 (ix)
   01BA DD 66 F9      [19]  313 	ld	h,-7 (ix)
   01BD 36 12         [10]  314 	ld	(hl), #0x12
                            315 ;src/entities/enemy.c:50: enemy->health = 8;
   01BF DD 6E F3      [19]  316 	ld	l,-13 (ix)
   01C2 DD 66 F4      [19]  317 	ld	h,-12 (ix)
   01C5 36 08         [10]  318 	ld	(hl), #0x08
                            319 ;src/entities/enemy.c:51: enemy->reward = 800;
   01C7 DD 6E FC      [19]  320 	ld	l,-4 (ix)
   01CA DD 66 FD      [19]  321 	ld	h,-3 (ix)
   01CD 36 20         [10]  322 	ld	(hl), #0x20
                            323 ;src/entities/enemy.c:52: enemy->vx = move_right ? 1 : -1;
   01CF DD 4E FE      [19]  324 	ld	c,-2 (ix)
   01D2 DD 46 FF      [19]  325 	ld	b,-1 (ix)
   01D5 DD 7E 09      [19]  326 	ld	a, 9 (ix)
   01D8 B7            [ 4]  327 	or	a, a
   01D9 28 04         [12]  328 	jr	Z,00120$
   01DB 3E 01         [ 7]  329 	ld	a, #0x01
   01DD 18 02         [12]  330 	jr	00121$
   01DF                     331 00120$:
   01DF 3E FF         [ 7]  332 	ld	a, #0xff
   01E1                     333 00121$:
   01E1 02            [ 7]  334 	ld	(bc), a
   01E2 18 1C         [12]  335 	jr	00112$
   01E4                     336 00104$:
                            337 ;src/entities/enemy.c:54: enemy->w = 4;
   01E4 E1            [10]  338 	pop	hl
   01E5 E5            [11]  339 	push	hl
   01E6 36 04         [10]  340 	ld	(hl), #0x04
                            341 ;src/entities/enemy.c:55: enemy->h = 16;
   01E8 DD 6E F8      [19]  342 	ld	l,-8 (ix)
   01EB DD 66 F9      [19]  343 	ld	h,-7 (ix)
   01EE 36 10         [10]  344 	ld	(hl), #0x10
                            345 ;src/entities/enemy.c:56: enemy->health = 1;
   01F0 DD 6E F3      [19]  346 	ld	l,-13 (ix)
   01F3 DD 66 F4      [19]  347 	ld	h,-12 (ix)
   01F6 36 01         [10]  348 	ld	(hl), #0x01
                            349 ;src/entities/enemy.c:57: enemy->reward = 100;
   01F8 DD 6E FC      [19]  350 	ld	l,-4 (ix)
   01FB DD 66 FD      [19]  351 	ld	h,-3 (ix)
   01FE 36 64         [10]  352 	ld	(hl), #0x64
   0200                     353 00112$:
   0200 DD F9         [10]  354 	ld	sp, ix
   0202 DD E1         [14]  355 	pop	ix
   0204 C9            [10]  356 	ret
                            357 ;src/entities/enemy.c:61: void enemyupdate(Enemy* enemy) {
                            358 ;	---------------------------------
                            359 ; Function enemyupdate
                            360 ; ---------------------------------
   0205                     361 _enemyupdate::
   0205 DD E5         [15]  362 	push	ix
   0207 DD 21 00 00   [14]  363 	ld	ix,#0
   020B DD 39         [15]  364 	add	ix,sp
   020D 21 F6 FF      [10]  365 	ld	hl, #-10
   0210 39            [11]  366 	add	hl, sp
   0211 F9            [ 6]  367 	ld	sp, hl
                            368 ;src/entities/enemy.c:65: if (!enemy || !enemy->active) {
   0212 DD 7E 05      [19]  369 	ld	a, 5 (ix)
   0215 DD B6 04      [19]  370 	or	a,4 (ix)
   0218 CAr0Cr04      [10]  371 	jp	Z,00121$
   021B DD 7E 04      [19]  372 	ld	a, 4 (ix)
   021E DD 77 FB      [19]  373 	ld	-5 (ix), a
   0221 DD 7E 05      [19]  374 	ld	a, 5 (ix)
   0224 DD 77 FC      [19]  375 	ld	-4 (ix), a
   0227 DD 6E FB      [19]  376 	ld	l,-5 (ix)
   022A DD 66 FC      [19]  377 	ld	h,-4 (ix)
   022D 11 06 00      [10]  378 	ld	de, #0x0006
   0230 19            [11]  379 	add	hl, de
   0231 7E            [ 7]  380 	ld	a, (hl)
   0232 B7            [ 4]  381 	or	a, a
                            382 ;src/entities/enemy.c:66: return;
   0233 CAr0Cr04      [10]  383 	jp	Z,00121$
                            384 ;src/entities/enemy.c:69: if (enemy->kind == 2) {
   0236 DD 6E FB      [19]  385 	ld	l,-5 (ix)
   0239 DD 66 FC      [19]  386 	ld	h,-4 (ix)
   023C 11 09 00      [10]  387 	ld	de, #0x0009
   023F 19            [11]  388 	add	hl, de
   0240 7E            [ 7]  389 	ld	a, (hl)
   0241 DD 77 FF      [19]  390 	ld	-1 (ix), a
                            391 ;src/entities/enemy.c:70: nextx = (i16)enemy->x + (i16)enemy->vx;
   0244 DD 6E FB      [19]  392 	ld	l,-5 (ix)
   0247 DD 66 FC      [19]  393 	ld	h,-4 (ix)
   024A 4E            [ 7]  394 	ld	c, (hl)
   024B DD 7E FB      [19]  395 	ld	a, -5 (ix)
   024E C6 02         [ 7]  396 	add	a, #0x02
   0250 DD 77 FD      [19]  397 	ld	-3 (ix), a
   0253 DD 7E FC      [19]  398 	ld	a, -4 (ix)
   0256 CE 00         [ 7]  399 	adc	a, #0x00
   0258 DD 77 FE      [19]  400 	ld	-2 (ix), a
                            401 ;src/entities/enemy.c:71: nexty = (i16)enemy->y + (i16)enemy->vy;
   025B DD 7E FB      [19]  402 	ld	a, -5 (ix)
   025E C6 01         [ 7]  403 	add	a, #0x01
   0260 DD 77 F9      [19]  404 	ld	-7 (ix), a
   0263 DD 7E FC      [19]  405 	ld	a, -4 (ix)
   0266 CE 00         [ 7]  406 	adc	a, #0x00
   0268 DD 77 FA      [19]  407 	ld	-6 (ix), a
   026B DD 5E FB      [19]  408 	ld	e,-5 (ix)
   026E DD 56 FC      [19]  409 	ld	d,-4 (ix)
   0271 13            [ 6]  410 	inc	de
   0272 13            [ 6]  411 	inc	de
   0273 13            [ 6]  412 	inc	de
                            413 ;src/entities/enemy.c:70: nextx = (i16)enemy->x + (i16)enemy->vx;
   0274 06 00         [ 7]  414 	ld	b, #0x00
   0276 DD 6E FD      [19]  415 	ld	l,-3 (ix)
   0279 DD 66 FE      [19]  416 	ld	h,-2 (ix)
   027C 7E            [ 7]  417 	ld	a, (hl)
   027D DD 77 F8      [19]  418 	ld	-8 (ix), a
   0280 6F            [ 4]  419 	ld	l, a
   0281 DD 7E F8      [19]  420 	ld	a, -8 (ix)
   0284 17            [ 4]  421 	rla
   0285 9F            [ 4]  422 	sbc	a, a
   0286 67            [ 4]  423 	ld	h, a
   0287 09            [11]  424 	add	hl,bc
   0288 4D            [ 4]  425 	ld	c, l
   0289 44            [ 4]  426 	ld	b, h
                            427 ;src/entities/enemy.c:69: if (enemy->kind == 2) {
   028A DD 7E FF      [19]  428 	ld	a, -1 (ix)
   028D D6 02         [ 7]  429 	sub	a, #0x02
   028F C2r38r03      [10]  430 	jp	NZ,00111$
                            431 ;src/entities/enemy.c:70: nextx = (i16)enemy->x + (i16)enemy->vx;
                            432 ;src/entities/enemy.c:71: nexty = (i16)enemy->y + (i16)enemy->vy;
   0292 DD 6E F9      [19]  433 	ld	l,-7 (ix)
   0295 DD 66 FA      [19]  434 	ld	h,-6 (ix)
   0298 6E            [ 7]  435 	ld	l, (hl)
   0299 DD 75 F6      [19]  436 	ld	-10 (ix), l
   029C DD 36 F7 00   [19]  437 	ld	-9 (ix), #0x00
   02A0 1A            [ 7]  438 	ld	a, (de)
   02A1 6F            [ 4]  439 	ld	l, a
   02A2 17            [ 4]  440 	rla
   02A3 9F            [ 4]  441 	sbc	a, a
   02A4 67            [ 4]  442 	ld	h, a
   02A5 DD 7E F6      [19]  443 	ld	a, -10 (ix)
   02A8 85            [ 4]  444 	add	a, l
   02A9 DD 77 F6      [19]  445 	ld	-10 (ix), a
   02AC DD 7E F7      [19]  446 	ld	a, -9 (ix)
   02AF 8C            [ 4]  447 	adc	a, h
   02B0 DD 77 F7      [19]  448 	ld	-9 (ix), a
                            449 ;src/entities/enemy.c:73: if (nextx < 8 || nextx > 72) {
   02B3 79            [ 4]  450 	ld	a, c
   02B4 D6 08         [ 7]  451 	sub	a, #0x08
   02B6 78            [ 4]  452 	ld	a, b
   02B7 17            [ 4]  453 	rla
   02B8 3F            [ 4]  454 	ccf
   02B9 1F            [ 4]  455 	rra
   02BA DE 80         [ 7]  456 	sbc	a, #0x80
   02BC 38 0E         [12]  457 	jr	C,00104$
   02BE 3E 48         [ 7]  458 	ld	a, #0x48
   02C0 B9            [ 4]  459 	cp	a, c
   02C1 3E 00         [ 7]  460 	ld	a, #0x00
   02C3 98            [ 4]  461 	sbc	a, b
   02C4 E2rC9r02      [10]  462 	jp	PO, 00161$
   02C7 EE 80         [ 7]  463 	xor	a, #0x80
   02C9                     464 00161$:
   02C9 F2rE7r02      [10]  465 	jp	P, 00105$
   02CC                     466 00104$:
                            467 ;src/entities/enemy.c:74: enemy->vx = (i8)(-enemy->vx);
   02CC AF            [ 4]  468 	xor	a, a
   02CD DD 96 F8      [19]  469 	sub	a, -8 (ix)
   02D0 4F            [ 4]  470 	ld	c, a
   02D1 DD 6E FD      [19]  471 	ld	l,-3 (ix)
   02D4 DD 66 FE      [19]  472 	ld	h,-2 (ix)
   02D7 71            [ 7]  473 	ld	(hl), c
                            474 ;src/entities/enemy.c:75: nextx = (i16)enemy->x + (i16)enemy->vx;
   02D8 DD 6E FB      [19]  475 	ld	l,-5 (ix)
   02DB DD 66 FC      [19]  476 	ld	h,-4 (ix)
   02DE 6E            [ 7]  477 	ld	l, (hl)
   02DF 26 00         [ 7]  478 	ld	h, #0x00
   02E1 79            [ 4]  479 	ld	a, c
   02E2 17            [ 4]  480 	rla
   02E3 9F            [ 4]  481 	sbc	a, a
   02E4 47            [ 4]  482 	ld	b, a
   02E5 09            [11]  483 	add	hl,bc
   02E6 4D            [ 4]  484 	ld	c, l
   02E7                     485 00105$:
                            486 ;src/entities/enemy.c:77: if (nexty < 56 || nexty > 120) {
   02E7 DD 7E F6      [19]  487 	ld	a, -10 (ix)
   02EA D6 38         [ 7]  488 	sub	a, #0x38
   02EC DD 7E F7      [19]  489 	ld	a, -9 (ix)
   02EF 17            [ 4]  490 	rla
   02F0 3F            [ 4]  491 	ccf
   02F1 1F            [ 4]  492 	rra
   02F2 DE 80         [ 7]  493 	sbc	a, #0x80
   02F4 38 12         [12]  494 	jr	C,00107$
   02F6 3E 78         [ 7]  495 	ld	a, #0x78
   02F8 DD BE F6      [19]  496 	cp	a, -10 (ix)
   02FB 3E 00         [ 7]  497 	ld	a, #0x00
   02FD DD 9E F7      [19]  498 	sbc	a, -9 (ix)
   0300 E2r05r03      [10]  499 	jp	PO, 00162$
   0303 EE 80         [ 7]  500 	xor	a, #0x80
   0305                     501 00162$:
   0305 F2r24r03      [10]  502 	jp	P, 00108$
   0308                     503 00107$:
                            504 ;src/entities/enemy.c:78: enemy->vy = (i8)(-enemy->vy);
   0308 1A            [ 7]  505 	ld	a, (de)
   0309 6F            [ 4]  506 	ld	l, a
   030A AF            [ 4]  507 	xor	a, a
   030B 95            [ 4]  508 	sub	a, l
   030C DD 77 F8      [19]  509 	ld	-8 (ix), a
   030F 12            [ 7]  510 	ld	(de),a
                            511 ;src/entities/enemy.c:79: nexty = (i16)enemy->y + (i16)enemy->vy;
   0310 DD 6E F9      [19]  512 	ld	l,-7 (ix)
   0313 DD 66 FA      [19]  513 	ld	h,-6 (ix)
   0316 5E            [ 7]  514 	ld	e, (hl)
   0317 16 00         [ 7]  515 	ld	d, #0x00
   0319 DD 6E F8      [19]  516 	ld	l, -8 (ix)
   031C DD 7E F8      [19]  517 	ld	a, -8 (ix)
   031F 17            [ 4]  518 	rla
   0320 9F            [ 4]  519 	sbc	a, a
   0321 67            [ 4]  520 	ld	h, a
   0322 19            [11]  521 	add	hl,de
   0323 E3            [19]  522 	ex	(sp), hl
   0324                     523 00108$:
                            524 ;src/entities/enemy.c:82: enemy->x = (u8)nextx;
   0324 DD 6E FB      [19]  525 	ld	l,-5 (ix)
   0327 DD 66 FC      [19]  526 	ld	h,-4 (ix)
   032A 71            [ 7]  527 	ld	(hl), c
                            528 ;src/entities/enemy.c:83: enemy->y = (u8)nexty;
   032B DD 4E F6      [19]  529 	ld	c, -10 (ix)
   032E DD 6E F9      [19]  530 	ld	l,-7 (ix)
   0331 DD 66 FA      [19]  531 	ld	h,-6 (ix)
   0334 71            [ 7]  532 	ld	(hl), c
                            533 ;src/entities/enemy.c:84: return;
   0335 C3r0Cr04      [10]  534 	jp	00121$
   0338                     535 00111$:
                            536 ;src/entities/enemy.c:87: nextx = (i16)enemy->x + (i16)enemy->vx;
                            537 ;src/entities/enemy.c:88: if (nextx < 2) {
   0338 79            [ 4]  538 	ld	a, c
   0339 D6 02         [ 7]  539 	sub	a, #0x02
   033B 78            [ 4]  540 	ld	a, b
   033C 17            [ 4]  541 	rla
   033D 3F            [ 4]  542 	ccf
   033E 1F            [ 4]  543 	rra
   033F DE 80         [ 7]  544 	sbc	a, #0x80
   0341 30 0B         [12]  545 	jr	NC,00113$
                            546 ;src/entities/enemy.c:89: nextx = 2;
   0343 01 02 00      [10]  547 	ld	bc, #0x0002
                            548 ;src/entities/enemy.c:90: enemy->vx = 1;
   0346 DD 6E FD      [19]  549 	ld	l,-3 (ix)
   0349 DD 66 FE      [19]  550 	ld	h,-2 (ix)
   034C 36 01         [10]  551 	ld	(hl), #0x01
   034E                     552 00113$:
                            553 ;src/entities/enemy.c:93: i16 maxx = (i16)(80 - (i16)enemy->w);
   034E DD 6E FB      [19]  554 	ld	l,-5 (ix)
   0351 DD 66 FC      [19]  555 	ld	h,-4 (ix)
   0354 23            [ 6]  556 	inc	hl
   0355 23            [ 6]  557 	inc	hl
   0356 23            [ 6]  558 	inc	hl
   0357 23            [ 6]  559 	inc	hl
   0358 6E            [ 7]  560 	ld	l, (hl)
   0359 26 00         [ 7]  561 	ld	h, #0x00
   035B 3E 50         [ 7]  562 	ld	a, #0x50
   035D 95            [ 4]  563 	sub	a, l
   035E 6F            [ 4]  564 	ld	l, a
   035F 3E 00         [ 7]  565 	ld	a, #0x00
   0361 9C            [ 4]  566 	sbc	a, h
   0362 67            [ 4]  567 	ld	h, a
                            568 ;src/entities/enemy.c:94: if (nextx > maxx) {
   0363 7D            [ 4]  569 	ld	a, l
   0364 91            [ 4]  570 	sub	a, c
   0365 7C            [ 4]  571 	ld	a, h
   0366 98            [ 4]  572 	sbc	a, b
   0367 E2r6Cr03      [10]  573 	jp	PO, 00163$
   036A EE 80         [ 7]  574 	xor	a, #0x80
   036C                     575 00163$:
   036C F2r78r03      [10]  576 	jp	P, 00115$
                            577 ;src/entities/enemy.c:95: nextx = maxx;
   036F 4D            [ 4]  578 	ld	c, l
                            579 ;src/entities/enemy.c:96: enemy->vx = -1;
   0370 DD 6E FD      [19]  580 	ld	l,-3 (ix)
   0373 DD 66 FE      [19]  581 	ld	h,-2 (ix)
   0376 36 FF         [10]  582 	ld	(hl), #0xff
   0378                     583 00115$:
                            584 ;src/entities/enemy.c:99: enemy->x = (u8)nextx;
   0378 DD 6E FB      [19]  585 	ld	l,-5 (ix)
   037B DD 66 FC      [19]  586 	ld	h,-4 (ix)
   037E 71            [ 7]  587 	ld	(hl), c
                            588 ;src/entities/enemy.c:101: enemy->vy = (i8)(enemy->vy + 1);
   037F 1A            [ 7]  589 	ld	a, (de)
   0380 4F            [ 4]  590 	ld	c, a
   0381 0C            [ 4]  591 	inc	c
   0382 79            [ 4]  592 	ld	a, c
   0383 12            [ 7]  593 	ld	(de), a
                            594 ;src/entities/enemy.c:102: if (enemy->vy > 3) enemy->vy = 3;
   0384 3E 03         [ 7]  595 	ld	a, #0x03
   0386 91            [ 4]  596 	sub	a, c
   0387 E2r8Cr03      [10]  597 	jp	PO, 00164$
   038A EE 80         [ 7]  598 	xor	a, #0x80
   038C                     599 00164$:
   038C F2r92r03      [10]  600 	jp	P, 00117$
   038F 3E 03         [ 7]  601 	ld	a, #0x03
   0391 12            [ 7]  602 	ld	(de), a
   0392                     603 00117$:
                            604 ;src/entities/enemy.c:103: nexty = (i16)enemy->y + (i16)enemy->vy;
   0392 DD 6E F9      [19]  605 	ld	l,-7 (ix)
   0395 DD 66 FA      [19]  606 	ld	h,-6 (ix)
   0398 4E            [ 7]  607 	ld	c, (hl)
   0399 06 00         [ 7]  608 	ld	b, #0x00
   039B 1A            [ 7]  609 	ld	a, (de)
   039C 6F            [ 4]  610 	ld	l, a
   039D 17            [ 4]  611 	rla
   039E 9F            [ 4]  612 	sbc	a, a
   039F 67            [ 4]  613 	ld	h, a
   03A0 09            [11]  614 	add	hl, bc
   03A1 E5            [11]  615 	push	hl
   03A2 FD E1         [14]  616 	pop	iy
                            617 ;src/entities/enemy.c:104: nexty = collision_clamp_y_at((i16)enemy->x, nexty, enemy->h);
   03A4 DD 7E FB      [19]  618 	ld	a, -5 (ix)
   03A7 C6 05         [ 7]  619 	add	a, #0x05
   03A9 DD 77 F6      [19]  620 	ld	-10 (ix), a
   03AC DD 7E FC      [19]  621 	ld	a, -4 (ix)
   03AF CE 00         [ 7]  622 	adc	a, #0x00
   03B1 DD 77 F7      [19]  623 	ld	-9 (ix), a
   03B4 E1            [10]  624 	pop	hl
   03B5 E5            [11]  625 	push	hl
   03B6 7E            [ 7]  626 	ld	a, (hl)
   03B7 DD 6E FB      [19]  627 	ld	l,-5 (ix)
   03BA DD 66 FC      [19]  628 	ld	h,-4 (ix)
   03BD 4E            [ 7]  629 	ld	c, (hl)
   03BE 06 00         [ 7]  630 	ld	b, #0x00
   03C0 D5            [11]  631 	push	de
   03C1 F5            [11]  632 	push	af
   03C2 33            [ 6]  633 	inc	sp
   03C3 FD E5         [15]  634 	push	iy
   03C5 C5            [11]  635 	push	bc
   03C6 CDr00r00      [17]  636 	call	_collision_clamp_y_at
   03C9 F1            [10]  637 	pop	af
   03CA F1            [10]  638 	pop	af
   03CB 33            [ 6]  639 	inc	sp
   03CC 4D            [ 4]  640 	ld	c, l
   03CD D1            [10]  641 	pop	de
                            642 ;src/entities/enemy.c:105: enemy->y = (u8)nexty;
   03CE DD 6E F9      [19]  643 	ld	l,-7 (ix)
   03D1 DD 66 FA      [19]  644 	ld	h,-6 (ix)
   03D4 71            [ 7]  645 	ld	(hl), c
                            646 ;src/entities/enemy.c:106: if (collision_is_on_ground_at((i16)enemy->x, (i16)enemy->y, enemy->h) && enemy->vy > 0) {
   03D5 E1            [10]  647 	pop	hl
   03D6 E5            [11]  648 	push	hl
   03D7 7E            [ 7]  649 	ld	a, (hl)
   03D8 06 00         [ 7]  650 	ld	b, #0x00
   03DA DD 6E FB      [19]  651 	ld	l,-5 (ix)
   03DD DD 66 FC      [19]  652 	ld	h,-4 (ix)
   03E0 6E            [ 7]  653 	ld	l, (hl)
   03E1 DD 75 F6      [19]  654 	ld	-10 (ix), l
   03E4 DD 36 F7 00   [19]  655 	ld	-9 (ix), #0x00
   03E8 D5            [11]  656 	push	de
   03E9 F5            [11]  657 	push	af
   03EA 33            [ 6]  658 	inc	sp
   03EB C5            [11]  659 	push	bc
   03EC DD 6E F6      [19]  660 	ld	l,-10 (ix)
   03EF DD 66 F7      [19]  661 	ld	h,-9 (ix)
   03F2 E5            [11]  662 	push	hl
   03F3 CDr00r00      [17]  663 	call	_collision_is_on_ground_at
   03F6 F1            [10]  664 	pop	af
   03F7 F1            [10]  665 	pop	af
   03F8 33            [ 6]  666 	inc	sp
   03F9 D1            [10]  667 	pop	de
   03FA 7D            [ 4]  668 	ld	a, l
   03FB B7            [ 4]  669 	or	a, a
   03FC 28 0E         [12]  670 	jr	Z,00121$
   03FE 1A            [ 7]  671 	ld	a, (de)
   03FF 4F            [ 4]  672 	ld	c, a
   0400 AF            [ 4]  673 	xor	a, a
   0401 91            [ 4]  674 	sub	a, c
   0402 E2r07r04      [10]  675 	jp	PO, 00165$
   0405 EE 80         [ 7]  676 	xor	a, #0x80
   0407                     677 00165$:
   0407 F2r0Cr04      [10]  678 	jp	P, 00121$
                            679 ;src/entities/enemy.c:107: enemy->vy = 0;
   040A AF            [ 4]  680 	xor	a, a
   040B 12            [ 7]  681 	ld	(de), a
   040C                     682 00121$:
   040C DD F9         [10]  683 	ld	sp, ix
   040E DD E1         [14]  684 	pop	ix
   0410 C9            [10]  685 	ret
                            686 ;src/entities/enemy.c:111: void enemyrender(const Enemy* enemy) {
                            687 ;	---------------------------------
                            688 ; Function enemyrender
                            689 ; ---------------------------------
   0411                     690 _enemyrender::
   0411 DD E5         [15]  691 	push	ix
   0413 DD 21 00 00   [14]  692 	ld	ix,#0
   0417 DD 39         [15]  693 	add	ix,sp
   0419 F5            [11]  694 	push	af
                            695 ;src/entities/enemy.c:115: if (!enemy || !enemy->active) {
   041A DD 7E 05      [19]  696 	ld	a, 5 (ix)
   041D DD B6 04      [19]  697 	or	a,4 (ix)
   0420 CAr9Er04      [10]  698 	jp	Z,00113$
   0423 DD 7E 04      [19]  699 	ld	a, 4 (ix)
   0426 DD 77 FE      [19]  700 	ld	-2 (ix), a
   0429 DD 7E 05      [19]  701 	ld	a, 5 (ix)
   042C DD 77 FF      [19]  702 	ld	-1 (ix), a
   042F E1            [10]  703 	pop	hl
   0430 E5            [11]  704 	push	hl
   0431 11 06 00      [10]  705 	ld	de, #0x0006
   0434 19            [11]  706 	add	hl, de
   0435 7E            [ 7]  707 	ld	a, (hl)
   0436 B7            [ 4]  708 	or	a, a
                            709 ;src/entities/enemy.c:116: return;
   0437 28 65         [12]  710 	jr	Z,00113$
                            711 ;src/entities/enemy.c:119: if (enemy->kind == 3) colour = cpct_px2byteM0(12, 12);
   0439 E1            [10]  712 	pop	hl
   043A E5            [11]  713 	push	hl
   043B 11 09 00      [10]  714 	ld	de, #0x0009
   043E 19            [11]  715 	add	hl, de
   043F 7E            [ 7]  716 	ld	a, (hl)
   0440 FE 03         [ 7]  717 	cp	a, #0x03
   0442 20 0A         [12]  718 	jr	NZ,00111$
   0444 21 0C 0C      [10]  719 	ld	hl, #0x0c0c
   0447 E5            [11]  720 	push	hl
   0448 CDr00r00      [17]  721 	call	_cpct_px2byteM0
   044B 4D            [ 4]  722 	ld	c, l
   044C 18 23         [12]  723 	jr	00112$
   044E                     724 00111$:
                            725 ;src/entities/enemy.c:120: else if (enemy->kind == 2) colour = cpct_px2byteM0(10, 10);
   044E FE 02         [ 7]  726 	cp	a, #0x02
   0450 20 0A         [12]  727 	jr	NZ,00108$
   0452 21 0A 0A      [10]  728 	ld	hl, #0x0a0a
   0455 E5            [11]  729 	push	hl
   0456 CDr00r00      [17]  730 	call	_cpct_px2byteM0
   0459 4D            [ 4]  731 	ld	c, l
   045A 18 15         [12]  732 	jr	00112$
   045C                     733 00108$:
                            734 ;src/entities/enemy.c:121: else if (enemy->kind == 1) colour = cpct_px2byteM0(14, 14);
   045C 3D            [ 4]  735 	dec	a
   045D 20 0A         [12]  736 	jr	NZ,00105$
   045F 21 0E 0E      [10]  737 	ld	hl, #0x0e0e
   0462 E5            [11]  738 	push	hl
   0463 CDr00r00      [17]  739 	call	_cpct_px2byteM0
   0466 4D            [ 4]  740 	ld	c, l
   0467 18 08         [12]  741 	jr	00112$
   0469                     742 00105$:
                            743 ;src/entities/enemy.c:122: else colour = cpct_px2byteM0(4, 4);
   0469 21 04 04      [10]  744 	ld	hl, #0x0404
   046C E5            [11]  745 	push	hl
   046D CDr00r00      [17]  746 	call	_cpct_px2byteM0
   0470 4D            [ 4]  747 	ld	c, l
   0471                     748 00112$:
                            749 ;src/entities/enemy.c:124: pvmem = cpct_getScreenPtr(CPCT_VMEM_START, enemy->x, enemy->y);
   0471 E1            [10]  750 	pop	hl
   0472 E5            [11]  751 	push	hl
   0473 23            [ 6]  752 	inc	hl
   0474 46            [ 7]  753 	ld	b, (hl)
   0475 E1            [10]  754 	pop	hl
   0476 E5            [11]  755 	push	hl
   0477 56            [ 7]  756 	ld	d, (hl)
   0478 C5            [11]  757 	push	bc
   0479 4A            [ 4]  758 	ld	c, d
   047A C5            [11]  759 	push	bc
   047B 21 00 C0      [10]  760 	ld	hl, #0xc000
   047E E5            [11]  761 	push	hl
   047F CDr00r00      [17]  762 	call	_cpct_getScreenPtr
   0482 EB            [ 4]  763 	ex	de,hl
   0483 C1            [10]  764 	pop	bc
                            765 ;src/entities/enemy.c:125: cpct_drawSolidBox(pvmem, colour, enemy->w, enemy->h);
   0484 E1            [10]  766 	pop	hl
   0485 E5            [11]  767 	push	hl
   0486 23            [ 6]  768 	inc	hl
   0487 23            [ 6]  769 	inc	hl
   0488 23            [ 6]  770 	inc	hl
   0489 23            [ 6]  771 	inc	hl
   048A 23            [ 6]  772 	inc	hl
   048B 46            [ 7]  773 	ld	b, (hl)
   048C E1            [10]  774 	pop	hl
   048D E5            [11]  775 	push	hl
   048E 23            [ 6]  776 	inc	hl
   048F 23            [ 6]  777 	inc	hl
   0490 23            [ 6]  778 	inc	hl
   0491 23            [ 6]  779 	inc	hl
   0492 7E            [ 7]  780 	ld	a, (hl)
   0493 C5            [11]  781 	push	bc
   0494 33            [ 6]  782 	inc	sp
   0495 47            [ 4]  783 	ld	b, a
   0496 C5            [11]  784 	push	bc
   0497 D5            [11]  785 	push	de
   0498 CDr00r00      [17]  786 	call	_cpct_drawSolidBox
   049B F1            [10]  787 	pop	af
   049C F1            [10]  788 	pop	af
   049D 33            [ 6]  789 	inc	sp
   049E                     790 00113$:
   049E DD F9         [10]  791 	ld	sp, ix
   04A0 DD E1         [14]  792 	pop	ix
   04A2 C9            [10]  793 	ret
                            794 ;src/entities/enemy.c:128: u8 enemydamage(Enemy* enemy, u8 damage) {
                            795 ;	---------------------------------
                            796 ; Function enemydamage
                            797 ; ---------------------------------
   04A3                     798 _enemydamage::
   04A3 DD E5         [15]  799 	push	ix
   04A5 DD 21 00 00   [14]  800 	ld	ix,#0
   04A9 DD 39         [15]  801 	add	ix,sp
                            802 ;src/entities/enemy.c:129: if (!enemy || !enemy->active) {
   04AB DD 7E 05      [19]  803 	ld	a, 5 (ix)
   04AE DD B6 04      [19]  804 	or	a,4 (ix)
   04B1 28 0F         [12]  805 	jr	Z,00101$
   04B3 DD 4E 04      [19]  806 	ld	c,4 (ix)
   04B6 DD 46 05      [19]  807 	ld	b,5 (ix)
   04B9 21 06 00      [10]  808 	ld	hl, #0x0006
   04BC 09            [11]  809 	add	hl,bc
   04BD EB            [ 4]  810 	ex	de,hl
   04BE 1A            [ 7]  811 	ld	a, (de)
   04BF B7            [ 4]  812 	or	a, a
   04C0 20 04         [12]  813 	jr	NZ,00102$
   04C2                     814 00101$:
                            815 ;src/entities/enemy.c:130: return 0;
   04C2 2E 00         [ 7]  816 	ld	l, #0x00
   04C4 18 1A         [12]  817 	jr	00106$
   04C6                     818 00102$:
                            819 ;src/entities/enemy.c:133: if (damage >= enemy->health) {
   04C6 21 07 00      [10]  820 	ld	hl, #0x0007
   04C9 09            [11]  821 	add	hl, bc
   04CA 4E            [ 7]  822 	ld	c, (hl)
   04CB DD 7E 06      [19]  823 	ld	a, 6 (ix)
   04CE 91            [ 4]  824 	sub	a, c
   04CF 38 08         [12]  825 	jr	C,00105$
                            826 ;src/entities/enemy.c:134: enemy->health = 0;
   04D1 36 00         [10]  827 	ld	(hl), #0x00
                            828 ;src/entities/enemy.c:135: enemy->active = 0;
   04D3 AF            [ 4]  829 	xor	a, a
   04D4 12            [ 7]  830 	ld	(de), a
                            831 ;src/entities/enemy.c:136: return 1;
   04D5 2E 01         [ 7]  832 	ld	l, #0x01
   04D7 18 07         [12]  833 	jr	00106$
   04D9                     834 00105$:
                            835 ;src/entities/enemy.c:139: enemy->health = (u8)(enemy->health - damage);
   04D9 79            [ 4]  836 	ld	a, c
   04DA DD 96 06      [19]  837 	sub	a, 6 (ix)
   04DD 77            [ 7]  838 	ld	(hl), a
                            839 ;src/entities/enemy.c:140: return 0;
   04DE 2E 00         [ 7]  840 	ld	l, #0x00
   04E0                     841 00106$:
   04E0 DD E1         [14]  842 	pop	ix
   04E2 C9            [10]  843 	ret
                            844 	.area _CODE
                            845 	.area _INITIALIZER
                            846 	.area _CABS (ABS)
