                              1 ;--------------------------------------------------------
                              2 ; File Created by SDCC : free open source ANSI-C Compiler
                              3 ; Version 3.6.8 #9946 (Mac OS X ppc)
                              4 ;--------------------------------------------------------
                              5 	.module input
                              6 	.optsdcc -mz80
                              7 	
                              8 ;--------------------------------------------------------
                              9 ; Public variables in this module
                             10 ;--------------------------------------------------------
                             11 	.globl _cpct_isKeyPressed
                             12 	.globl _cpct_scanKeyboard_f
                             13 	.globl _input_update
                             14 	.globl _input_is_left_pressed
                             15 	.globl _input_is_right_pressed
                             16 	.globl _input_is_up_pressed
                             17 	.globl _input_is_down_pressed
                             18 	.globl _input_is_jump_pressed
                             19 	.globl _input_is_jump_just_pressed
                             20 	.globl _input_is_shoot_pressed
                             21 	.globl _input_is_shoot_just_pressed
                             22 ;--------------------------------------------------------
                             23 ; special function registers
                             24 ;--------------------------------------------------------
                             25 ;--------------------------------------------------------
                             26 ; ram data
                             27 ;--------------------------------------------------------
                             28 	.area _DATA
   0000                      29 _ginputleft:
   0000                      30 	.ds 1
   0001                      31 _ginputright:
   0001                      32 	.ds 1
   0002                      33 _ginputup:
   0002                      34 	.ds 1
   0003                      35 _ginputdown:
   0003                      36 	.ds 1
   0004                      37 _ginputshoot:
   0004                      38 	.ds 1
   0005                      39 _gprevjump:
   0005                      40 	.ds 1
   0006                      41 _gprevshoot:
   0006                      42 	.ds 1
                             43 ;--------------------------------------------------------
                             44 ; ram data
                             45 ;--------------------------------------------------------
                             46 	.area _INITIALIZED
                             47 ;--------------------------------------------------------
                             48 ; absolute external ram data
                             49 ;--------------------------------------------------------
                             50 	.area _DABS (ABS)
                             51 ;--------------------------------------------------------
                             52 ; global & static initialisations
                             53 ;--------------------------------------------------------
                             54 	.area _HOME
                             55 	.area _GSINIT
                             56 	.area _GSFINAL
                             57 	.area _GSINIT
                             58 ;--------------------------------------------------------
                             59 ; Home
                             60 ;--------------------------------------------------------
                             61 	.area _HOME
                             62 	.area _HOME
                             63 ;--------------------------------------------------------
                             64 ; code
                             65 ;--------------------------------------------------------
                             66 	.area _CODE
                             67 ;src/systems/input.c:11: void input_update(void) {
                             68 ;	---------------------------------
                             69 ; Function input_update
                             70 ; ---------------------------------
   0000                      71 _input_update::
                             72 ;src/systems/input.c:12: gprevjump = ginputup;
   0000 3Ar02r00      [13]   73 	ld	a,(#_ginputup + 0)
   0003 32r05r00      [13]   74 	ld	(#_gprevjump + 0),a
                             75 ;src/systems/input.c:13: gprevshoot = ginputshoot;
   0006 3Ar04r00      [13]   76 	ld	a,(#_ginputshoot + 0)
   0009 32r06r00      [13]   77 	ld	(#_gprevshoot + 0),a
                             78 ;src/systems/input.c:14: cpct_scanKeyboard_f();
   000C CDr00r00      [17]   79 	call	_cpct_scanKeyboard_f
                             80 ;src/systems/input.c:15: ginputleft = cpct_isKeyPressed(Key_CursorLeft);
   000F 21 01 01      [10]   81 	ld	hl, #0x0101
   0012 CDr00r00      [17]   82 	call	_cpct_isKeyPressed
   0015 FD 21r00r00   [14]   83 	ld	iy, #_ginputleft
   0019 FD 75 00      [19]   84 	ld	0 (iy), l
                             85 ;src/systems/input.c:16: ginputright = cpct_isKeyPressed(Key_CursorRight);
   001C 21 00 02      [10]   86 	ld	hl, #0x0200
   001F CDr00r00      [17]   87 	call	_cpct_isKeyPressed
   0022 FD 21r01r00   [14]   88 	ld	iy, #_ginputright
   0026 FD 75 00      [19]   89 	ld	0 (iy), l
                             90 ;src/systems/input.c:17: ginputup = cpct_isKeyPressed(Key_CursorUp);
   0029 21 00 01      [10]   91 	ld	hl, #0x0100
   002C CDr00r00      [17]   92 	call	_cpct_isKeyPressed
   002F FD 21r02r00   [14]   93 	ld	iy, #_ginputup
   0033 FD 75 00      [19]   94 	ld	0 (iy), l
                             95 ;src/systems/input.c:18: ginputdown = cpct_isKeyPressed(Key_X);
   0036 21 07 80      [10]   96 	ld	hl, #0x8007
   0039 CDr00r00      [17]   97 	call	_cpct_isKeyPressed
   003C FD 21r03r00   [14]   98 	ld	iy, #_ginputdown
   0040 FD 75 00      [19]   99 	ld	0 (iy), l
                            100 ;src/systems/input.c:19: ginputshoot = cpct_isKeyPressed(Key_CursorDown);
   0043 21 00 04      [10]  101 	ld	hl, #0x0400
   0046 CDr00r00      [17]  102 	call	_cpct_isKeyPressed
   0049 FD 21r04r00   [14]  103 	ld	iy, #_ginputshoot
   004D FD 75 00      [19]  104 	ld	0 (iy), l
   0050 C9            [10]  105 	ret
                            106 ;src/systems/input.c:22: u8 input_is_left_pressed(void) {
                            107 ;	---------------------------------
                            108 ; Function input_is_left_pressed
                            109 ; ---------------------------------
   0051                     110 _input_is_left_pressed::
                            111 ;src/systems/input.c:23: return ginputleft;
   0051 FD 21r00r00   [14]  112 	ld	iy, #_ginputleft
   0055 FD 6E 00      [19]  113 	ld	l, 0 (iy)
   0058 C9            [10]  114 	ret
                            115 ;src/systems/input.c:26: u8 input_is_right_pressed(void) {
                            116 ;	---------------------------------
                            117 ; Function input_is_right_pressed
                            118 ; ---------------------------------
   0059                     119 _input_is_right_pressed::
                            120 ;src/systems/input.c:27: return ginputright;
   0059 FD 21r01r00   [14]  121 	ld	iy, #_ginputright
   005D FD 6E 00      [19]  122 	ld	l, 0 (iy)
   0060 C9            [10]  123 	ret
                            124 ;src/systems/input.c:30: u8 input_is_up_pressed(void) {
                            125 ;	---------------------------------
                            126 ; Function input_is_up_pressed
                            127 ; ---------------------------------
   0061                     128 _input_is_up_pressed::
                            129 ;src/systems/input.c:31: return ginputup;
   0061 FD 21r02r00   [14]  130 	ld	iy, #_ginputup
   0065 FD 6E 00      [19]  131 	ld	l, 0 (iy)
   0068 C9            [10]  132 	ret
                            133 ;src/systems/input.c:34: u8 input_is_down_pressed(void) {
                            134 ;	---------------------------------
                            135 ; Function input_is_down_pressed
                            136 ; ---------------------------------
   0069                     137 _input_is_down_pressed::
                            138 ;src/systems/input.c:35: return ginputdown;
   0069 FD 21r03r00   [14]  139 	ld	iy, #_ginputdown
   006D FD 6E 00      [19]  140 	ld	l, 0 (iy)
   0070 C9            [10]  141 	ret
                            142 ;src/systems/input.c:38: u8 input_is_jump_pressed(void) {
                            143 ;	---------------------------------
                            144 ; Function input_is_jump_pressed
                            145 ; ---------------------------------
   0071                     146 _input_is_jump_pressed::
                            147 ;src/systems/input.c:39: return ginputup;
   0071 FD 21r02r00   [14]  148 	ld	iy, #_ginputup
   0075 FD 6E 00      [19]  149 	ld	l, 0 (iy)
   0078 C9            [10]  150 	ret
                            151 ;src/systems/input.c:42: u8 input_is_jump_just_pressed(void) {
                            152 ;	---------------------------------
                            153 ; Function input_is_jump_just_pressed
                            154 ; ---------------------------------
   0079                     155 _input_is_jump_just_pressed::
                            156 ;src/systems/input.c:43: return (u8)(ginputup && !gprevjump);
   0079 3Ar02r00      [13]  157 	ld	a,(#_ginputup + 0)
   007C B7            [ 4]  158 	or	a, a
   007D 28 06         [12]  159 	jr	Z,00103$
   007F 3Ar05r00      [13]  160 	ld	a,(#_gprevjump + 0)
   0082 B7            [ 4]  161 	or	a, a
   0083 28 03         [12]  162 	jr	Z,00104$
   0085                     163 00103$:
   0085 2E 00         [ 7]  164 	ld	l, #0x00
   0087 C9            [10]  165 	ret
   0088                     166 00104$:
   0088 2E 01         [ 7]  167 	ld	l, #0x01
   008A C9            [10]  168 	ret
                            169 ;src/systems/input.c:46: u8 input_is_shoot_pressed(void) {
                            170 ;	---------------------------------
                            171 ; Function input_is_shoot_pressed
                            172 ; ---------------------------------
   008B                     173 _input_is_shoot_pressed::
                            174 ;src/systems/input.c:47: return ginputshoot;
   008B FD 21r04r00   [14]  175 	ld	iy, #_ginputshoot
   008F FD 6E 00      [19]  176 	ld	l, 0 (iy)
   0092 C9            [10]  177 	ret
                            178 ;src/systems/input.c:50: u8 input_is_shoot_just_pressed(void) {
                            179 ;	---------------------------------
                            180 ; Function input_is_shoot_just_pressed
                            181 ; ---------------------------------
   0093                     182 _input_is_shoot_just_pressed::
                            183 ;src/systems/input.c:51: return (u8)(ginputshoot && !gprevshoot);
   0093 3Ar04r00      [13]  184 	ld	a,(#_ginputshoot + 0)
   0096 B7            [ 4]  185 	or	a, a
   0097 28 06         [12]  186 	jr	Z,00103$
   0099 3Ar06r00      [13]  187 	ld	a,(#_gprevshoot + 0)
   009C B7            [ 4]  188 	or	a, a
   009D 28 03         [12]  189 	jr	Z,00104$
   009F                     190 00103$:
   009F 2E 00         [ 7]  191 	ld	l, #0x00
   00A1 C9            [10]  192 	ret
   00A2                     193 00104$:
   00A2 2E 01         [ 7]  194 	ld	l, #0x01
   00A4 C9            [10]  195 	ret
                            196 	.area _CODE
                            197 	.area _INITIALIZER
                            198 	.area _CABS (ABS)
