                              1 ;--------------------------------------------------------
                              2 ; File Created by SDCC : free open source ANSI-C Compiler
                              3 ; Version 3.6.8 #9946 (Mac OS X ppc)
                              4 ;--------------------------------------------------------
                              5 	.module hud
                              6 	.optsdcc -mz80
                              7 	
                              8 ;--------------------------------------------------------
                              9 ; Public variables in this module
                             10 ;--------------------------------------------------------
                             11 	.globl _cpct_getScreenPtr
                             12 	.globl _cpct_drawSprite
                             13 	.globl _hudinit
                             14 	.globl _hudupdate
                             15 	.globl _hudrender
                             16 ;--------------------------------------------------------
                             17 ; special function registers
                             18 ;--------------------------------------------------------
                             19 ;--------------------------------------------------------
                             20 ; ram data
                             21 ;--------------------------------------------------------
                             22 	.area _DATA
   0000                      23 _currenthealth:
   0000                      24 	.ds 1
   0001                      25 _currentscore:
   0001                      26 	.ds 2
   0003                      27 _currenttime:
   0003                      28 	.ds 1
   0004                      29 _currentlives:
   0004                      30 	.ds 1
   0005                      31 _currentweapon:
   0005                      32 	.ds 1
                             33 ;--------------------------------------------------------
                             34 ; ram data
                             35 ;--------------------------------------------------------
                             36 	.area _INITIALIZED
                             37 ;--------------------------------------------------------
                             38 ; absolute external ram data
                             39 ;--------------------------------------------------------
                             40 	.area _DABS (ABS)
                             41 ;--------------------------------------------------------
                             42 ; global & static initialisations
                             43 ;--------------------------------------------------------
                             44 	.area _HOME
                             45 	.area _GSINIT
                             46 	.area _GSFINAL
                             47 	.area _GSINIT
                             48 ;--------------------------------------------------------
                             49 ; Home
                             50 ;--------------------------------------------------------
                             51 	.area _HOME
                             52 	.area _HOME
                             53 ;--------------------------------------------------------
                             54 ; code
                             55 ;--------------------------------------------------------
                             56 	.area _CODE
                             57 ;src/systems/hud.c:80: static const u8* hud_get_number_sprite(u8 digit) {
                             58 ;	---------------------------------
                             59 ; Function hud_get_number_sprite
                             60 ; ---------------------------------
   0000                      61 _hud_get_number_sprite:
                             62 ;src/systems/hud.c:81: switch (digit % 10) {
   0000 3E 0A         [ 7]   63 	ld	a, #0x0a
   0002 F5            [11]   64 	push	af
   0003 33            [ 6]   65 	inc	sp
   0004 21 03 00      [10]   66 	ld	hl, #3+0
   0007 39            [11]   67 	add	hl, sp
   0008 7E            [ 7]   68 	ld	a, (hl)
   0009 F5            [11]   69 	push	af
   000A 33            [ 6]   70 	inc	sp
   000B CDr00r00      [17]   71 	call	__moduchar
   000E F1            [10]   72 	pop	af
   000F 4D            [ 4]   73 	ld	c, l
   0010 3E 08         [ 7]   74 	ld	a, #0x08
   0012 91            [ 4]   75 	sub	a, c
   0013 38 48         [12]   76 	jr	C,00110$
   0015 06 00         [ 7]   77 	ld	b, #0x00
   0017 21r1Er00      [10]   78 	ld	hl, #00118$
   001A 09            [11]   79 	add	hl, bc
   001B 09            [11]   80 	add	hl, bc
   001C 09            [11]   81 	add	hl, bc
   001D E9            [ 4]   82 	jp	(hl)
   001E                      83 00118$:
   001E C3r39r00      [10]   84 	jp	00101$
   0021 C3r3Dr00      [10]   85 	jp	00102$
   0024 C3r41r00      [10]   86 	jp	00103$
   0027 C3r45r00      [10]   87 	jp	00104$
   002A C3r49r00      [10]   88 	jp	00105$
   002D C3r4Dr00      [10]   89 	jp	00106$
   0030 C3r51r00      [10]   90 	jp	00107$
   0033 C3r55r00      [10]   91 	jp	00108$
   0036 C3r59r00      [10]   92 	jp	00109$
                             93 ;src/systems/hud.c:82: case 0: return huddigit_0;
   0039                      94 00101$:
   0039 21r81r00      [10]   95 	ld	hl, #_huddigit_0
   003C C9            [10]   96 	ret
                             97 ;src/systems/hud.c:83: case 1: return huddigit_1;
   003D                      98 00102$:
   003D 21rA1r00      [10]   99 	ld	hl, #_huddigit_1
   0040 C9            [10]  100 	ret
                            101 ;src/systems/hud.c:84: case 2: return huddigit_2;
   0041                     102 00103$:
   0041 21rC1r00      [10]  103 	ld	hl, #_huddigit_2
   0044 C9            [10]  104 	ret
                            105 ;src/systems/hud.c:85: case 3: return huddigit_3;
   0045                     106 00104$:
   0045 21rE1r00      [10]  107 	ld	hl, #_huddigit_3
   0048 C9            [10]  108 	ret
                            109 ;src/systems/hud.c:86: case 4: return huddigit_4;
   0049                     110 00105$:
   0049 21r01r01      [10]  111 	ld	hl, #_huddigit_4
   004C C9            [10]  112 	ret
                            113 ;src/systems/hud.c:87: case 5: return huddigit_5;
   004D                     114 00106$:
   004D 21r21r01      [10]  115 	ld	hl, #_huddigit_5
   0050 C9            [10]  116 	ret
                            117 ;src/systems/hud.c:88: case 6: return huddigit_6;
   0051                     118 00107$:
   0051 21r41r01      [10]  119 	ld	hl, #_huddigit_6
   0054 C9            [10]  120 	ret
                            121 ;src/systems/hud.c:89: case 7: return huddigit_7;
   0055                     122 00108$:
   0055 21r61r01      [10]  123 	ld	hl, #_huddigit_7
   0058 C9            [10]  124 	ret
                            125 ;src/systems/hud.c:90: case 8: return huddigit_8;
   0059                     126 00109$:
   0059 21r81r01      [10]  127 	ld	hl, #_huddigit_8
   005C C9            [10]  128 	ret
                            129 ;src/systems/hud.c:91: default: return huddigit_9;
   005D                     130 00110$:
   005D 21rA1r01      [10]  131 	ld	hl, #_huddigit_9
                            132 ;src/systems/hud.c:92: }
   0060 C9            [10]  133 	ret
   0061                     134 _hudlives:
   0061 30                  135 	.db #0x30	; 48	'0'
   0062 30                  136 	.db #0x30	; 48	'0'
   0063 30                  137 	.db #0x30	; 48	'0'
   0064 30                  138 	.db #0x30	; 48	'0'
   0065 20                  139 	.db #0x20	; 32
   0066 10                  140 	.db #0x10	; 16
   0067 00                  141 	.db #0x00	; 0
   0068 10                  142 	.db #0x10	; 16
   0069 20                  143 	.db #0x20	; 32
   006A 10                  144 	.db #0x10	; 16
   006B 00                  145 	.db #0x00	; 0
   006C 10                  146 	.db #0x10	; 16
   006D 20                  147 	.db #0x20	; 32
   006E 10                  148 	.db #0x10	; 16
   006F 00                  149 	.db #0x00	; 0
   0070 10                  150 	.db #0x10	; 16
   0071 30                  151 	.db #0x30	; 48	'0'
   0072 30                  152 	.db #0x30	; 48	'0'
   0073 30                  153 	.db #0x30	; 48	'0'
   0074 30                  154 	.db #0x30	; 48	'0'
   0075 20                  155 	.db #0x20	; 32
   0076 10                  156 	.db #0x10	; 16
   0077 00                  157 	.db #0x00	; 0
   0078 10                  158 	.db #0x10	; 16
   0079 20                  159 	.db #0x20	; 32
   007A 10                  160 	.db #0x10	; 16
   007B 00                  161 	.db #0x00	; 0
   007C 10                  162 	.db #0x10	; 16
   007D 30                  163 	.db #0x30	; 48	'0'
   007E 30                  164 	.db #0x30	; 48	'0'
   007F 30                  165 	.db #0x30	; 48	'0'
   0080 30                  166 	.db #0x30	; 48	'0'
   0081                     167 _huddigit_0:
   0081 14                  168 	.db #0x14	; 20
   0082 3C                  169 	.db #0x3c	; 60
   0083 3C                  170 	.db #0x3c	; 60
   0084 28                  171 	.db #0x28	; 40
   0085 28                  172 	.db #0x28	; 40
   0086 00                  173 	.db #0x00	; 0
   0087 00                  174 	.db #0x00	; 0
   0088 14                  175 	.db #0x14	; 20
   0089 28                  176 	.db #0x28	; 40
   008A 00                  177 	.db #0x00	; 0
   008B 00                  178 	.db #0x00	; 0
   008C 14                  179 	.db #0x14	; 20
   008D 00                  180 	.db #0x00	; 0
   008E 00                  181 	.db #0x00	; 0
   008F 00                  182 	.db #0x00	; 0
   0090 00                  183 	.db #0x00	; 0
   0091 28                  184 	.db #0x28	; 40
   0092 00                  185 	.db #0x00	; 0
   0093 00                  186 	.db #0x00	; 0
   0094 14                  187 	.db #0x14	; 20
   0095 28                  188 	.db #0x28	; 40
   0096 00                  189 	.db #0x00	; 0
   0097 00                  190 	.db #0x00	; 0
   0098 14                  191 	.db #0x14	; 20
   0099 28                  192 	.db #0x28	; 40
   009A 00                  193 	.db #0x00	; 0
   009B 00                  194 	.db #0x00	; 0
   009C 14                  195 	.db #0x14	; 20
   009D 14                  196 	.db #0x14	; 20
   009E 3C                  197 	.db #0x3c	; 60
   009F 3C                  198 	.db #0x3c	; 60
   00A0 28                  199 	.db #0x28	; 40
   00A1                     200 _huddigit_1:
   00A1 00                  201 	.db #0x00	; 0
   00A2 00                  202 	.db #0x00	; 0
   00A3 00                  203 	.db #0x00	; 0
   00A4 00                  204 	.db #0x00	; 0
   00A5 00                  205 	.db #0x00	; 0
   00A6 00                  206 	.db #0x00	; 0
   00A7 00                  207 	.db #0x00	; 0
   00A8 14                  208 	.db #0x14	; 20
   00A9 00                  209 	.db #0x00	; 0
   00AA 00                  210 	.db #0x00	; 0
   00AB 00                  211 	.db #0x00	; 0
   00AC 14                  212 	.db #0x14	; 20
   00AD 00                  213 	.db #0x00	; 0
   00AE 00                  214 	.db #0x00	; 0
   00AF 00                  215 	.db #0x00	; 0
   00B0 00                  216 	.db #0x00	; 0
   00B1 00                  217 	.db #0x00	; 0
   00B2 00                  218 	.db #0x00	; 0
   00B3 00                  219 	.db #0x00	; 0
   00B4 14                  220 	.db #0x14	; 20
   00B5 00                  221 	.db #0x00	; 0
   00B6 00                  222 	.db #0x00	; 0
   00B7 00                  223 	.db #0x00	; 0
   00B8 14                  224 	.db #0x14	; 20
   00B9 00                  225 	.db #0x00	; 0
   00BA 00                  226 	.db #0x00	; 0
   00BB 00                  227 	.db #0x00	; 0
   00BC 14                  228 	.db #0x14	; 20
   00BD 00                  229 	.db #0x00	; 0
   00BE 00                  230 	.db #0x00	; 0
   00BF 00                  231 	.db #0x00	; 0
   00C0 00                  232 	.db #0x00	; 0
   00C1                     233 _huddigit_2:
   00C1 14                  234 	.db #0x14	; 20
   00C2 3C                  235 	.db #0x3c	; 60
   00C3 3C                  236 	.db #0x3c	; 60
   00C4 28                  237 	.db #0x28	; 40
   00C5 00                  238 	.db #0x00	; 0
   00C6 00                  239 	.db #0x00	; 0
   00C7 00                  240 	.db #0x00	; 0
   00C8 14                  241 	.db #0x14	; 20
   00C9 00                  242 	.db #0x00	; 0
   00CA 00                  243 	.db #0x00	; 0
   00CB 00                  244 	.db #0x00	; 0
   00CC 14                  245 	.db #0x14	; 20
   00CD 14                  246 	.db #0x14	; 20
   00CE 3C                  247 	.db #0x3c	; 60
   00CF 3C                  248 	.db #0x3c	; 60
   00D0 28                  249 	.db #0x28	; 40
   00D1 28                  250 	.db #0x28	; 40
   00D2 00                  251 	.db #0x00	; 0
   00D3 00                  252 	.db #0x00	; 0
   00D4 00                  253 	.db #0x00	; 0
   00D5 28                  254 	.db #0x28	; 40
   00D6 00                  255 	.db #0x00	; 0
   00D7 00                  256 	.db #0x00	; 0
   00D8 00                  257 	.db #0x00	; 0
   00D9 28                  258 	.db #0x28	; 40
   00DA 00                  259 	.db #0x00	; 0
   00DB 00                  260 	.db #0x00	; 0
   00DC 00                  261 	.db #0x00	; 0
   00DD 14                  262 	.db #0x14	; 20
   00DE 3C                  263 	.db #0x3c	; 60
   00DF 3C                  264 	.db #0x3c	; 60
   00E0 28                  265 	.db #0x28	; 40
   00E1                     266 _huddigit_3:
   00E1 14                  267 	.db #0x14	; 20
   00E2 3C                  268 	.db #0x3c	; 60
   00E3 3C                  269 	.db #0x3c	; 60
   00E4 28                  270 	.db #0x28	; 40
   00E5 00                  271 	.db #0x00	; 0
   00E6 00                  272 	.db #0x00	; 0
   00E7 00                  273 	.db #0x00	; 0
   00E8 14                  274 	.db #0x14	; 20
   00E9 00                  275 	.db #0x00	; 0
   00EA 00                  276 	.db #0x00	; 0
   00EB 00                  277 	.db #0x00	; 0
   00EC 14                  278 	.db #0x14	; 20
   00ED 14                  279 	.db #0x14	; 20
   00EE 3C                  280 	.db #0x3c	; 60
   00EF 3C                  281 	.db #0x3c	; 60
   00F0 28                  282 	.db #0x28	; 40
   00F1 00                  283 	.db #0x00	; 0
   00F2 00                  284 	.db #0x00	; 0
   00F3 00                  285 	.db #0x00	; 0
   00F4 14                  286 	.db #0x14	; 20
   00F5 00                  287 	.db #0x00	; 0
   00F6 00                  288 	.db #0x00	; 0
   00F7 00                  289 	.db #0x00	; 0
   00F8 14                  290 	.db #0x14	; 20
   00F9 00                  291 	.db #0x00	; 0
   00FA 00                  292 	.db #0x00	; 0
   00FB 00                  293 	.db #0x00	; 0
   00FC 14                  294 	.db #0x14	; 20
   00FD 14                  295 	.db #0x14	; 20
   00FE 3C                  296 	.db #0x3c	; 60
   00FF 3C                  297 	.db #0x3c	; 60
   0100 28                  298 	.db #0x28	; 40
   0101                     299 _huddigit_4:
   0101 00                  300 	.db #0x00	; 0
   0102 00                  301 	.db #0x00	; 0
   0103 00                  302 	.db #0x00	; 0
   0104 00                  303 	.db #0x00	; 0
   0105 28                  304 	.db #0x28	; 40
   0106 00                  305 	.db #0x00	; 0
   0107 00                  306 	.db #0x00	; 0
   0108 14                  307 	.db #0x14	; 20
   0109 28                  308 	.db #0x28	; 40
   010A 00                  309 	.db #0x00	; 0
   010B 00                  310 	.db #0x00	; 0
   010C 14                  311 	.db #0x14	; 20
   010D 14                  312 	.db #0x14	; 20
   010E 3C                  313 	.db #0x3c	; 60
   010F 3C                  314 	.db #0x3c	; 60
   0110 28                  315 	.db #0x28	; 40
   0111 00                  316 	.db #0x00	; 0
   0112 00                  317 	.db #0x00	; 0
   0113 00                  318 	.db #0x00	; 0
   0114 14                  319 	.db #0x14	; 20
   0115 00                  320 	.db #0x00	; 0
   0116 00                  321 	.db #0x00	; 0
   0117 00                  322 	.db #0x00	; 0
   0118 14                  323 	.db #0x14	; 20
   0119 00                  324 	.db #0x00	; 0
   011A 00                  325 	.db #0x00	; 0
   011B 00                  326 	.db #0x00	; 0
   011C 14                  327 	.db #0x14	; 20
   011D 00                  328 	.db #0x00	; 0
   011E 00                  329 	.db #0x00	; 0
   011F 00                  330 	.db #0x00	; 0
   0120 00                  331 	.db #0x00	; 0
   0121                     332 _huddigit_5:
   0121 14                  333 	.db #0x14	; 20
   0122 3C                  334 	.db #0x3c	; 60
   0123 3C                  335 	.db #0x3c	; 60
   0124 28                  336 	.db #0x28	; 40
   0125 28                  337 	.db #0x28	; 40
   0126 00                  338 	.db #0x00	; 0
   0127 00                  339 	.db #0x00	; 0
   0128 00                  340 	.db #0x00	; 0
   0129 28                  341 	.db #0x28	; 40
   012A 00                  342 	.db #0x00	; 0
   012B 00                  343 	.db #0x00	; 0
   012C 00                  344 	.db #0x00	; 0
   012D 14                  345 	.db #0x14	; 20
   012E 3C                  346 	.db #0x3c	; 60
   012F 3C                  347 	.db #0x3c	; 60
   0130 28                  348 	.db #0x28	; 40
   0131 00                  349 	.db #0x00	; 0
   0132 00                  350 	.db #0x00	; 0
   0133 00                  351 	.db #0x00	; 0
   0134 14                  352 	.db #0x14	; 20
   0135 00                  353 	.db #0x00	; 0
   0136 00                  354 	.db #0x00	; 0
   0137 00                  355 	.db #0x00	; 0
   0138 14                  356 	.db #0x14	; 20
   0139 00                  357 	.db #0x00	; 0
   013A 00                  358 	.db #0x00	; 0
   013B 00                  359 	.db #0x00	; 0
   013C 14                  360 	.db #0x14	; 20
   013D 14                  361 	.db #0x14	; 20
   013E 3C                  362 	.db #0x3c	; 60
   013F 3C                  363 	.db #0x3c	; 60
   0140 28                  364 	.db #0x28	; 40
   0141                     365 _huddigit_6:
   0141 14                  366 	.db #0x14	; 20
   0142 3C                  367 	.db #0x3c	; 60
   0143 3C                  368 	.db #0x3c	; 60
   0144 28                  369 	.db #0x28	; 40
   0145 28                  370 	.db #0x28	; 40
   0146 00                  371 	.db #0x00	; 0
   0147 00                  372 	.db #0x00	; 0
   0148 00                  373 	.db #0x00	; 0
   0149 28                  374 	.db #0x28	; 40
   014A 00                  375 	.db #0x00	; 0
   014B 00                  376 	.db #0x00	; 0
   014C 00                  377 	.db #0x00	; 0
   014D 14                  378 	.db #0x14	; 20
   014E 3C                  379 	.db #0x3c	; 60
   014F 3C                  380 	.db #0x3c	; 60
   0150 28                  381 	.db #0x28	; 40
   0151 28                  382 	.db #0x28	; 40
   0152 00                  383 	.db #0x00	; 0
   0153 00                  384 	.db #0x00	; 0
   0154 14                  385 	.db #0x14	; 20
   0155 28                  386 	.db #0x28	; 40
   0156 00                  387 	.db #0x00	; 0
   0157 00                  388 	.db #0x00	; 0
   0158 14                  389 	.db #0x14	; 20
   0159 28                  390 	.db #0x28	; 40
   015A 00                  391 	.db #0x00	; 0
   015B 00                  392 	.db #0x00	; 0
   015C 14                  393 	.db #0x14	; 20
   015D 14                  394 	.db #0x14	; 20
   015E 3C                  395 	.db #0x3c	; 60
   015F 3C                  396 	.db #0x3c	; 60
   0160 28                  397 	.db #0x28	; 40
   0161                     398 _huddigit_7:
   0161 14                  399 	.db #0x14	; 20
   0162 3C                  400 	.db #0x3c	; 60
   0163 3C                  401 	.db #0x3c	; 60
   0164 28                  402 	.db #0x28	; 40
   0165 00                  403 	.db #0x00	; 0
   0166 00                  404 	.db #0x00	; 0
   0167 00                  405 	.db #0x00	; 0
   0168 14                  406 	.db #0x14	; 20
   0169 00                  407 	.db #0x00	; 0
   016A 00                  408 	.db #0x00	; 0
   016B 00                  409 	.db #0x00	; 0
   016C 14                  410 	.db #0x14	; 20
   016D 00                  411 	.db #0x00	; 0
   016E 00                  412 	.db #0x00	; 0
   016F 00                  413 	.db #0x00	; 0
   0170 00                  414 	.db #0x00	; 0
   0171 00                  415 	.db #0x00	; 0
   0172 00                  416 	.db #0x00	; 0
   0173 00                  417 	.db #0x00	; 0
   0174 14                  418 	.db #0x14	; 20
   0175 00                  419 	.db #0x00	; 0
   0176 00                  420 	.db #0x00	; 0
   0177 00                  421 	.db #0x00	; 0
   0178 14                  422 	.db #0x14	; 20
   0179 00                  423 	.db #0x00	; 0
   017A 00                  424 	.db #0x00	; 0
   017B 00                  425 	.db #0x00	; 0
   017C 14                  426 	.db #0x14	; 20
   017D 00                  427 	.db #0x00	; 0
   017E 00                  428 	.db #0x00	; 0
   017F 00                  429 	.db #0x00	; 0
   0180 00                  430 	.db #0x00	; 0
   0181                     431 _huddigit_8:
   0181 14                  432 	.db #0x14	; 20
   0182 3C                  433 	.db #0x3c	; 60
   0183 3C                  434 	.db #0x3c	; 60
   0184 28                  435 	.db #0x28	; 40
   0185 28                  436 	.db #0x28	; 40
   0186 00                  437 	.db #0x00	; 0
   0187 00                  438 	.db #0x00	; 0
   0188 14                  439 	.db #0x14	; 20
   0189 28                  440 	.db #0x28	; 40
   018A 00                  441 	.db #0x00	; 0
   018B 00                  442 	.db #0x00	; 0
   018C 14                  443 	.db #0x14	; 20
   018D 14                  444 	.db #0x14	; 20
   018E 3C                  445 	.db #0x3c	; 60
   018F 3C                  446 	.db #0x3c	; 60
   0190 28                  447 	.db #0x28	; 40
   0191 28                  448 	.db #0x28	; 40
   0192 00                  449 	.db #0x00	; 0
   0193 00                  450 	.db #0x00	; 0
   0194 14                  451 	.db #0x14	; 20
   0195 28                  452 	.db #0x28	; 40
   0196 00                  453 	.db #0x00	; 0
   0197 00                  454 	.db #0x00	; 0
   0198 14                  455 	.db #0x14	; 20
   0199 28                  456 	.db #0x28	; 40
   019A 00                  457 	.db #0x00	; 0
   019B 00                  458 	.db #0x00	; 0
   019C 14                  459 	.db #0x14	; 20
   019D 14                  460 	.db #0x14	; 20
   019E 3C                  461 	.db #0x3c	; 60
   019F 3C                  462 	.db #0x3c	; 60
   01A0 28                  463 	.db #0x28	; 40
   01A1                     464 _huddigit_9:
   01A1 14                  465 	.db #0x14	; 20
   01A2 3C                  466 	.db #0x3c	; 60
   01A3 3C                  467 	.db #0x3c	; 60
   01A4 28                  468 	.db #0x28	; 40
   01A5 28                  469 	.db #0x28	; 40
   01A6 00                  470 	.db #0x00	; 0
   01A7 00                  471 	.db #0x00	; 0
   01A8 14                  472 	.db #0x14	; 20
   01A9 28                  473 	.db #0x28	; 40
   01AA 00                  474 	.db #0x00	; 0
   01AB 00                  475 	.db #0x00	; 0
   01AC 14                  476 	.db #0x14	; 20
   01AD 14                  477 	.db #0x14	; 20
   01AE 3C                  478 	.db #0x3c	; 60
   01AF 3C                  479 	.db #0x3c	; 60
   01B0 28                  480 	.db #0x28	; 40
   01B1 00                  481 	.db #0x00	; 0
   01B2 00                  482 	.db #0x00	; 0
   01B3 00                  483 	.db #0x00	; 0
   01B4 14                  484 	.db #0x14	; 20
   01B5 00                  485 	.db #0x00	; 0
   01B6 00                  486 	.db #0x00	; 0
   01B7 00                  487 	.db #0x00	; 0
   01B8 14                  488 	.db #0x14	; 20
   01B9 00                  489 	.db #0x00	; 0
   01BA 00                  490 	.db #0x00	; 0
   01BB 00                  491 	.db #0x00	; 0
   01BC 14                  492 	.db #0x14	; 20
   01BD 14                  493 	.db #0x14	; 20
   01BE 3C                  494 	.db #0x3c	; 60
   01BF 3C                  495 	.db #0x3c	; 60
   01C0 28                  496 	.db #0x28	; 40
                            497 ;src/systems/hud.c:95: static void hud_draw_digits(u16 value, u8 digits, u8 startx, u8 y) {
                            498 ;	---------------------------------
                            499 ; Function hud_draw_digits
                            500 ; ---------------------------------
   01C1                     501 _hud_draw_digits:
   01C1 DD E5         [15]  502 	push	ix
   01C3 DD 21 00 00   [14]  503 	ld	ix,#0
   01C7 DD 39         [15]  504 	add	ix,sp
   01C9 3B            [ 6]  505 	dec	sp
                            506 ;src/systems/hud.c:101: divisor = 1;
   01CA 01 01 00      [10]  507 	ld	bc, #0x0001
                            508 ;src/systems/hud.c:102: for (i = 1; i < digits; ++i) {
   01CD 1E 01         [ 7]  509 	ld	e, #0x01
   01CF                     510 00106$:
   01CF 7B            [ 4]  511 	ld	a, e
   01D0 DD 96 06      [19]  512 	sub	a, 6 (ix)
   01D3 30 0B         [12]  513 	jr	NC,00101$
                            514 ;src/systems/hud.c:103: divisor *= 10;
   01D5 69            [ 4]  515 	ld	l, c
   01D6 60            [ 4]  516 	ld	h, b
   01D7 29            [11]  517 	add	hl, hl
   01D8 29            [11]  518 	add	hl, hl
   01D9 09            [11]  519 	add	hl, bc
   01DA 29            [11]  520 	add	hl, hl
   01DB 4D            [ 4]  521 	ld	c, l
   01DC 44            [ 4]  522 	ld	b, h
                            523 ;src/systems/hud.c:102: for (i = 1; i < digits; ++i) {
   01DD 1C            [ 4]  524 	inc	e
   01DE 18 EF         [12]  525 	jr	00106$
   01E0                     526 00101$:
                            527 ;src/systems/hud.c:106: for (i = 0; i < digits; ++i) {
   01E0 DD 36 FF 00   [19]  528 	ld	-1 (ix), #0x00
   01E4                     529 00109$:
   01E4 DD 7E FF      [19]  530 	ld	a, -1 (ix)
   01E7 DD 96 06      [19]  531 	sub	a, 6 (ix)
   01EA 30 79         [12]  532 	jr	NC,00111$
                            533 ;src/systems/hud.c:107: digit = (u8)(value / divisor);
   01EC C5            [11]  534 	push	bc
   01ED C5            [11]  535 	push	bc
   01EE DD 6E 04      [19]  536 	ld	l,4 (ix)
   01F1 DD 66 05      [19]  537 	ld	h,5 (ix)
   01F4 E5            [11]  538 	push	hl
   01F5 CDr00r00      [17]  539 	call	__divuint
   01F8 F1            [10]  540 	pop	af
   01F9 F1            [10]  541 	pop	af
   01FA 5D            [ 4]  542 	ld	e, l
   01FB C1            [10]  543 	pop	bc
                            544 ;src/systems/hud.c:108: value = (u16)(value % divisor);
   01FC C5            [11]  545 	push	bc
   01FD D5            [11]  546 	push	de
   01FE C5            [11]  547 	push	bc
   01FF DD 6E 04      [19]  548 	ld	l,4 (ix)
   0202 DD 66 05      [19]  549 	ld	h,5 (ix)
   0205 E5            [11]  550 	push	hl
   0206 CDr00r00      [17]  551 	call	__moduint
   0209 F1            [10]  552 	pop	af
   020A F1            [10]  553 	pop	af
   020B D1            [10]  554 	pop	de
   020C C1            [10]  555 	pop	bc
   020D DD 75 04      [19]  556 	ld	4 (ix), l
   0210 DD 74 05      [19]  557 	ld	5 (ix), h
                            558 ;src/systems/hud.c:110: pvmem = cpct_getScreenPtr(CPCT_VMEM_START, startx + (i * 4), y);
   0213 DD 7E FF      [19]  559 	ld	a, -1 (ix)
   0216 87            [ 4]  560 	add	a, a
   0217 87            [ 4]  561 	add	a, a
   0218 57            [ 4]  562 	ld	d, a
   0219 DD 7E 07      [19]  563 	ld	a, 7 (ix)
   021C 82            [ 4]  564 	add	a, d
   021D 57            [ 4]  565 	ld	d, a
   021E C5            [11]  566 	push	bc
   021F D5            [11]  567 	push	de
   0220 DD 7E 08      [19]  568 	ld	a, 8 (ix)
   0223 F5            [11]  569 	push	af
   0224 33            [ 6]  570 	inc	sp
   0225 D5            [11]  571 	push	de
   0226 33            [ 6]  572 	inc	sp
   0227 21 00 C0      [10]  573 	ld	hl, #0xc000
   022A E5            [11]  574 	push	hl
   022B CDr00r00      [17]  575 	call	_cpct_getScreenPtr
   022E D1            [10]  576 	pop	de
   022F C1            [10]  577 	pop	bc
                            578 ;src/systems/hud.c:111: cpct_drawSprite((u8*)hud_get_number_sprite(digit), pvmem, 4, 8);
   0230 E5            [11]  579 	push	hl
   0231 C5            [11]  580 	push	bc
   0232 7B            [ 4]  581 	ld	a, e
   0233 F5            [11]  582 	push	af
   0234 33            [ 6]  583 	inc	sp
   0235 CDr00r00      [17]  584 	call	_hud_get_number_sprite
   0238 33            [ 6]  585 	inc	sp
   0239 EB            [ 4]  586 	ex	de,hl
   023A C1            [10]  587 	pop	bc
   023B E1            [10]  588 	pop	hl
   023C D5            [11]  589 	push	de
   023D FD E1         [14]  590 	pop	iy
   023F C5            [11]  591 	push	bc
   0240 11 04 08      [10]  592 	ld	de, #0x0804
   0243 D5            [11]  593 	push	de
   0244 E5            [11]  594 	push	hl
   0245 FD E5         [15]  595 	push	iy
   0247 CDr00r00      [17]  596 	call	_cpct_drawSprite
   024A C1            [10]  597 	pop	bc
                            598 ;src/systems/hud.c:113: if (divisor > 1) {
   024B 3E 01         [ 7]  599 	ld	a, #0x01
   024D B9            [ 4]  600 	cp	a, c
   024E 3E 00         [ 7]  601 	ld	a, #0x00
   0250 98            [ 4]  602 	sbc	a, b
   0251 30 0C         [12]  603 	jr	NC,00110$
                            604 ;src/systems/hud.c:114: divisor /= 10;
   0253 21 0A 00      [10]  605 	ld	hl, #0x000a
   0256 E5            [11]  606 	push	hl
   0257 C5            [11]  607 	push	bc
   0258 CDr00r00      [17]  608 	call	__divuint
   025B F1            [10]  609 	pop	af
   025C F1            [10]  610 	pop	af
   025D 4D            [ 4]  611 	ld	c, l
   025E 44            [ 4]  612 	ld	b, h
   025F                     613 00110$:
                            614 ;src/systems/hud.c:106: for (i = 0; i < digits; ++i) {
   025F DD 34 FF      [23]  615 	inc	-1 (ix)
   0262 C3rE4r01      [10]  616 	jp	00109$
   0265                     617 00111$:
   0265 33            [ 6]  618 	inc	sp
   0266 DD E1         [14]  619 	pop	ix
   0268 C9            [10]  620 	ret
                            621 ;src/systems/hud.c:119: void hudinit(void) {
                            622 ;	---------------------------------
                            623 ; Function hudinit
                            624 ; ---------------------------------
   0269                     625 _hudinit::
                            626 ;src/systems/hud.c:120: currenthealth = 3;
   0269 21r00r00      [10]  627 	ld	hl,#_currenthealth + 0
   026C 36 03         [10]  628 	ld	(hl), #0x03
                            629 ;src/systems/hud.c:121: currentscore  = 0;
   026E 21 00 00      [10]  630 	ld	hl, #0x0000
   0271 22r01r00      [16]  631 	ld	(_currentscore), hl
                            632 ;src/systems/hud.c:122: currenttime   = 90;
   0274 21r03r00      [10]  633 	ld	hl,#_currenttime + 0
   0277 36 5A         [10]  634 	ld	(hl), #0x5a
                            635 ;src/systems/hud.c:123: currentlives  = 3;
   0279 21r04r00      [10]  636 	ld	hl,#_currentlives + 0
   027C 36 03         [10]  637 	ld	(hl), #0x03
                            638 ;src/systems/hud.c:124: currentweapon = 0;
   027E 21r05r00      [10]  639 	ld	hl,#_currentweapon + 0
   0281 36 00         [10]  640 	ld	(hl), #0x00
   0283 C9            [10]  641 	ret
                            642 ;src/systems/hud.c:127: void hudupdate(u8 lives, u16 score, u8 time, u8 weapon) {
                            643 ;	---------------------------------
                            644 ; Function hudupdate
                            645 ; ---------------------------------
   0284                     646 _hudupdate::
                            647 ;src/systems/hud.c:128: currenthealth = lives;
   0284 21 02 00      [10]  648 	ld	hl, #2+0
   0287 39            [11]  649 	add	hl, sp
   0288 7E            [ 7]  650 	ld	a, (hl)
   0289 32r00r00      [13]  651 	ld	(#_currenthealth + 0),a
                            652 ;src/systems/hud.c:129: currentscore  = score;
   028C 21 03 00      [10]  653 	ld	hl, #3+0
   028F 39            [11]  654 	add	hl, sp
   0290 7E            [ 7]  655 	ld	a, (hl)
   0291 32r01r00      [13]  656 	ld	(#_currentscore + 0),a
   0294 21 04 00      [10]  657 	ld	hl, #3+1
   0297 39            [11]  658 	add	hl, sp
   0298 7E            [ 7]  659 	ld	a, (hl)
   0299 32r02r00      [13]  660 	ld	(#_currentscore + 1),a
                            661 ;src/systems/hud.c:130: currenttime   = time;
   029C 21 05 00      [10]  662 	ld	hl, #5+0
   029F 39            [11]  663 	add	hl, sp
   02A0 7E            [ 7]  664 	ld	a, (hl)
   02A1 32r03r00      [13]  665 	ld	(#_currenttime + 0),a
                            666 ;src/systems/hud.c:131: currentlives  = lives;
   02A4 21 02 00      [10]  667 	ld	hl, #2+0
   02A7 39            [11]  668 	add	hl, sp
   02A8 7E            [ 7]  669 	ld	a, (hl)
   02A9 32r04r00      [13]  670 	ld	(#_currentlives + 0),a
                            671 ;src/systems/hud.c:132: currentweapon = weapon;
   02AC 21 06 00      [10]  672 	ld	hl, #6+0
   02AF 39            [11]  673 	add	hl, sp
   02B0 7E            [ 7]  674 	ld	a, (hl)
   02B1 32r05r00      [13]  675 	ld	(#_currentweapon + 0),a
   02B4 C9            [10]  676 	ret
                            677 ;src/systems/hud.c:135: void hudrender(void) {
                            678 ;	---------------------------------
                            679 ; Function hudrender
                            680 ; ---------------------------------
   02B5                     681 _hudrender::
                            682 ;src/systems/hud.c:141: for (i = 0; i < currenthealth; ++i) {
   02B5 0E 00         [ 7]  683 	ld	c, #0x00
   02B7                     684 00103$:
   02B7 21r00r00      [10]  685 	ld	hl, #_currenthealth
                            686 ;src/systems/hud.c:142: pvmem = cpct_getScreenPtr(CPCT_VMEM_START, (i * 8), 2);
   02BA 79            [ 4]  687 	ld	a,c
   02BB BE            [ 7]  688 	cp	a,(hl)
   02BC 30 24         [12]  689 	jr	NC,00101$
   02BE 07            [ 4]  690 	rlca
   02BF 07            [ 4]  691 	rlca
   02C0 07            [ 4]  692 	rlca
   02C1 E6 F8         [ 7]  693 	and	a, #0xf8
   02C3 47            [ 4]  694 	ld	b, a
   02C4 C5            [11]  695 	push	bc
   02C5 3E 02         [ 7]  696 	ld	a, #0x02
   02C7 F5            [11]  697 	push	af
   02C8 33            [ 6]  698 	inc	sp
   02C9 C5            [11]  699 	push	bc
   02CA 33            [ 6]  700 	inc	sp
   02CB 21 00 C0      [10]  701 	ld	hl, #0xc000
   02CE E5            [11]  702 	push	hl
   02CF CDr00r00      [17]  703 	call	_cpct_getScreenPtr
   02D2 11 04 08      [10]  704 	ld	de, #0x0804
   02D5 D5            [11]  705 	push	de
   02D6 E5            [11]  706 	push	hl
   02D7 21r00r00      [10]  707 	ld	hl, #_hudhealthbar_data
   02DA E5            [11]  708 	push	hl
   02DB CDr00r00      [17]  709 	call	_cpct_drawSprite
   02DE C1            [10]  710 	pop	bc
                            711 ;src/systems/hud.c:141: for (i = 0; i < currenthealth; ++i) {
   02DF 0C            [ 4]  712 	inc	c
   02E0 18 D5         [12]  713 	jr	00103$
   02E2                     714 00101$:
                            715 ;src/systems/hud.c:146: scoretemp = currentscore;
   02E2 2Ar01r00      [16]  716 	ld	hl, (_currentscore)
                            717 ;src/systems/hud.c:147: hud_draw_digits(scoretemp, 4, 24, 2);
   02E5 01 18 02      [10]  718 	ld	bc, #0x0218
   02E8 C5            [11]  719 	push	bc
   02E9 3E 04         [ 7]  720 	ld	a, #0x04
   02EB F5            [11]  721 	push	af
   02EC 33            [ 6]  722 	inc	sp
   02ED E5            [11]  723 	push	hl
   02EE CDrC1r01      [17]  724 	call	_hud_draw_digits
   02F1 F1            [10]  725 	pop	af
   02F2 F1            [10]  726 	pop	af
   02F3 33            [ 6]  727 	inc	sp
                            728 ;src/systems/hud.c:149: timetemp = currenttime;
   02F4 21r03r00      [10]  729 	ld	hl,#_currenttime + 0
   02F7 4E            [ 7]  730 	ld	c, (hl)
                            731 ;src/systems/hud.c:150: hud_draw_digits((u16)timetemp, 3, 56, 2);
   02F8 06 00         [ 7]  732 	ld	b, #0x00
   02FA 21 38 02      [10]  733 	ld	hl, #0x0238
   02FD E5            [11]  734 	push	hl
   02FE 3E 03         [ 7]  735 	ld	a, #0x03
   0300 F5            [11]  736 	push	af
   0301 33            [ 6]  737 	inc	sp
   0302 C5            [11]  738 	push	bc
   0303 CDrC1r01      [17]  739 	call	_hud_draw_digits
   0306 F1            [10]  740 	pop	af
                            741 ;src/systems/hud.c:152: pvmem = cpct_getScreenPtr(CPCT_VMEM_START, 2, 180);
   0307 33            [ 6]  742 	inc	sp
   0308 21 02 B4      [10]  743 	ld	hl,#0xb402
   030B E3            [19]  744 	ex	(sp),hl
   030C 21 00 C0      [10]  745 	ld	hl, #0xc000
   030F E5            [11]  746 	push	hl
   0310 CDr00r00      [17]  747 	call	_cpct_getScreenPtr
                            748 ;src/systems/hud.c:153: cpct_drawSprite((u8*)hudlives, pvmem, 4, 8);
   0313 01r61r00      [10]  749 	ld	bc, #_hudlives+0
   0316 11 04 08      [10]  750 	ld	de, #0x0804
   0319 D5            [11]  751 	push	de
   031A E5            [11]  752 	push	hl
   031B C5            [11]  753 	push	bc
   031C CDr00r00      [17]  754 	call	_cpct_drawSprite
                            755 ;src/systems/hud.c:155: pvmem = cpct_getScreenPtr(CPCT_VMEM_START, 12, 180);
   031F 21 0C B4      [10]  756 	ld	hl, #0xb40c
   0322 E5            [11]  757 	push	hl
   0323 21 00 C0      [10]  758 	ld	hl, #0xc000
   0326 E5            [11]  759 	push	hl
   0327 CDr00r00      [17]  760 	call	_cpct_getScreenPtr
                            761 ;src/systems/hud.c:156: cpct_drawSprite((u8*)hud_get_number_sprite(currentlives % 10), pvmem, 4, 8);
   032A E5            [11]  762 	push	hl
   032B 3E 0A         [ 7]  763 	ld	a, #0x0a
   032D F5            [11]  764 	push	af
   032E 33            [ 6]  765 	inc	sp
   032F 3Ar04r00      [13]  766 	ld	a, (_currentlives)
   0332 F5            [11]  767 	push	af
   0333 33            [ 6]  768 	inc	sp
   0334 CDr00r00      [17]  769 	call	__moduchar
   0337 F1            [10]  770 	pop	af
   0338 55            [ 4]  771 	ld	d, l
   0339 D5            [11]  772 	push	de
   033A 33            [ 6]  773 	inc	sp
   033B CDr00r00      [17]  774 	call	_hud_get_number_sprite
   033E 33            [ 6]  775 	inc	sp
   033F C1            [10]  776 	pop	bc
   0340 11 04 08      [10]  777 	ld	de, #0x0804
   0343 D5            [11]  778 	push	de
   0344 C5            [11]  779 	push	bc
   0345 E5            [11]  780 	push	hl
   0346 CDr00r00      [17]  781 	call	_cpct_drawSprite
                            782 ;src/systems/hud.c:158: pvmem = cpct_getScreenPtr(CPCT_VMEM_START, 70, 180);
   0349 21 46 B4      [10]  783 	ld	hl, #0xb446
   034C E5            [11]  784 	push	hl
   034D 21 00 C0      [10]  785 	ld	hl, #0xc000
   0350 E5            [11]  786 	push	hl
   0351 CDr00r00      [17]  787 	call	_cpct_getScreenPtr
                            788 ;src/systems/hud.c:159: cpct_drawSprite((u8*)hud_get_number_sprite(currentweapon % 10), pvmem, 4, 8);
   0354 E5            [11]  789 	push	hl
   0355 3E 0A         [ 7]  790 	ld	a, #0x0a
   0357 F5            [11]  791 	push	af
   0358 33            [ 6]  792 	inc	sp
   0359 3Ar05r00      [13]  793 	ld	a, (_currentweapon)
   035C F5            [11]  794 	push	af
   035D 33            [ 6]  795 	inc	sp
   035E CDr00r00      [17]  796 	call	__moduchar
   0361 F1            [10]  797 	pop	af
   0362 55            [ 4]  798 	ld	d, l
   0363 D5            [11]  799 	push	de
   0364 33            [ 6]  800 	inc	sp
   0365 CDr00r00      [17]  801 	call	_hud_get_number_sprite
   0368 33            [ 6]  802 	inc	sp
   0369 C1            [10]  803 	pop	bc
   036A 11 04 08      [10]  804 	ld	de, #0x0804
   036D D5            [11]  805 	push	de
   036E C5            [11]  806 	push	bc
   036F E5            [11]  807 	push	hl
   0370 CDr00r00      [17]  808 	call	_cpct_drawSprite
   0373 C9            [10]  809 	ret
                            810 	.area _CODE
                            811 	.area _INITIALIZER
                            812 	.area _CABS (ABS)
