                              1 ;--------------------------------------------------------
                              2 ; File Created by SDCC : free open source ANSI-C Compiler
                              3 ; Version 3.6.8 #9946 (Mac OS X ppc)
                              4 ;--------------------------------------------------------
                              5 	.module projectilesprites
                              6 	.optsdcc -mz80
                              7 	
                              8 ;--------------------------------------------------------
                              9 ; Public variables in this module
                             10 ;--------------------------------------------------------
                             11 	.globl _imp_fireball
                             12 	.globl _crossbow_bolt
                             13 	.globl _lance_projectile
                             14 ;--------------------------------------------------------
                             15 ; special function registers
                             16 ;--------------------------------------------------------
                             17 ;--------------------------------------------------------
                             18 ; ram data
                             19 ;--------------------------------------------------------
                             20 	.area _DATA
                             21 ;--------------------------------------------------------
                             22 ; ram data
                             23 ;--------------------------------------------------------
                             24 	.area _INITIALIZED
                             25 ;--------------------------------------------------------
                             26 ; absolute external ram data
                             27 ;--------------------------------------------------------
                             28 	.area _DABS (ABS)
                             29 ;--------------------------------------------------------
                             30 ; global & static initialisations
                             31 ;--------------------------------------------------------
                             32 	.area _HOME
                             33 	.area _GSINIT
                             34 	.area _GSFINAL
                             35 	.area _GSINIT
                             36 ;--------------------------------------------------------
                             37 ; Home
                             38 ;--------------------------------------------------------
                             39 	.area _HOME
                             40 	.area _HOME
                             41 ;--------------------------------------------------------
                             42 ; code
                             43 ;--------------------------------------------------------
                             44 	.area _CODE
                             45 	.area _CODE
   0000                      46 _lance_projectile:
   0000 00                   47 	.db #0x00	; 0
   0001 18                   48 	.db #0x18	; 24
   0002 3C                   49 	.db #0x3c	; 60
   0003 7E                   50 	.db #0x7e	; 126
   0004 00                   51 	.db 0x00
   0005 00                   52 	.db 0x00
   0006 00                   53 	.db 0x00
   0007 00                   54 	.db 0x00
   0008                      55 _crossbow_bolt:
   0008 3C                   56 	.db #0x3c	; 60
   0009 7E                   57 	.db #0x7e	; 126
   000A 00                   58 	.db 0x00
   000B 00                   59 	.db 0x00
   000C                      60 _imp_fireball:
   000C 3C                   61 	.db #0x3c	; 60
   000D 00                   62 	.db 0x00
   000E 00                   63 	.db 0x00
   000F 00                   64 	.db 0x00
                             65 	.area _INITIALIZER
                             66 	.area _CABS (ABS)
