                              1 ;--------------------------------------------------------
                              2 ; File Created by SDCC : free open source ANSI-C Compiler
                              3 ; Version 3.6.8 #9946 (Mac OS X ppc)
                              4 ;--------------------------------------------------------
                              5 	.module healthbar
                              6 	.optsdcc -mz80
                              7 	
                              8 ;--------------------------------------------------------
                              9 ; Public variables in this module
                             10 ;--------------------------------------------------------
                             11 	.globl _hudhealthbar_data
                             12 ;--------------------------------------------------------
                             13 ; special function registers
                             14 ;--------------------------------------------------------
                             15 ;--------------------------------------------------------
                             16 ; ram data
                             17 ;--------------------------------------------------------
                             18 	.area _DATA
                             19 ;--------------------------------------------------------
                             20 ; ram data
                             21 ;--------------------------------------------------------
                             22 	.area _INITIALIZED
                             23 ;--------------------------------------------------------
                             24 ; absolute external ram data
                             25 ;--------------------------------------------------------
                             26 	.area _DABS (ABS)
                             27 ;--------------------------------------------------------
                             28 ; global & static initialisations
                             29 ;--------------------------------------------------------
                             30 	.area _HOME
                             31 	.area _GSINIT
                             32 	.area _GSFINAL
                             33 	.area _GSINIT
                             34 ;--------------------------------------------------------
                             35 ; Home
                             36 ;--------------------------------------------------------
                             37 	.area _HOME
                             38 	.area _HOME
                             39 ;--------------------------------------------------------
                             40 ; code
                             41 ;--------------------------------------------------------
                             42 	.area _CODE
                             43 	.area _CODE
   0000                      44 _hudhealthbar_data:
   0000 00                   45 	.db #0x00	; 0
   0001 FF                   46 	.db #0xff	; 255
   0002 FF                   47 	.db #0xff	; 255
   0003 FF                   48 	.db #0xff	; 255
   0004 FF                   49 	.db #0xff	; 255
   0005 FF                   50 	.db #0xff	; 255
   0006 FF                   51 	.db #0xff	; 255
   0007 00                   52 	.db #0x00	; 0
   0008 FF                   53 	.db #0xff	; 255
   0009 00                   54 	.db #0x00	; 0
   000A 00                   55 	.db #0x00	; 0
   000B 00                   56 	.db #0x00	; 0
   000C 00                   57 	.db #0x00	; 0
   000D 00                   58 	.db #0x00	; 0
   000E 00                   59 	.db #0x00	; 0
   000F FF                   60 	.db #0xff	; 255
   0010 FF                   61 	.db #0xff	; 255
   0011 00                   62 	.db #0x00	; 0
   0012 00                   63 	.db #0x00	; 0
   0013 00                   64 	.db #0x00	; 0
   0014 00                   65 	.db #0x00	; 0
   0015 00                   66 	.db #0x00	; 0
   0016 00                   67 	.db #0x00	; 0
   0017 FF                   68 	.db #0xff	; 255
   0018 00                   69 	.db #0x00	; 0
   0019 FF                   70 	.db #0xff	; 255
   001A FF                   71 	.db #0xff	; 255
   001B FF                   72 	.db #0xff	; 255
   001C FF                   73 	.db #0xff	; 255
   001D FF                   74 	.db #0xff	; 255
   001E FF                   75 	.db #0xff	; 255
   001F 00                   76 	.db #0x00	; 0
   0020 FF                   77 	.db #0xff	; 255
   0021 00                   78 	.db #0x00	; 0
   0022 00                   79 	.db #0x00	; 0
   0023 00                   80 	.db #0x00	; 0
   0024 00                   81 	.db #0x00	; 0
   0025 00                   82 	.db #0x00	; 0
   0026 00                   83 	.db #0x00	; 0
   0027 FF                   84 	.db #0xff	; 255
   0028 FF                   85 	.db #0xff	; 255
   0029 00                   86 	.db #0x00	; 0
   002A 00                   87 	.db #0x00	; 0
   002B 00                   88 	.db #0x00	; 0
   002C 00                   89 	.db #0x00	; 0
   002D 00                   90 	.db #0x00	; 0
   002E 00                   91 	.db #0x00	; 0
   002F FF                   92 	.db #0xff	; 255
   0030 FF                   93 	.db #0xff	; 255
   0031 00                   94 	.db #0x00	; 0
   0032 00                   95 	.db #0x00	; 0
   0033 00                   96 	.db #0x00	; 0
   0034 00                   97 	.db #0x00	; 0
   0035 00                   98 	.db #0x00	; 0
   0036 00                   99 	.db #0x00	; 0
   0037 FF                  100 	.db #0xff	; 255
   0038 00                  101 	.db #0x00	; 0
   0039 FF                  102 	.db #0xff	; 255
   003A FF                  103 	.db #0xff	; 255
   003B FF                  104 	.db #0xff	; 255
   003C FF                  105 	.db #0xff	; 255
   003D FF                  106 	.db #0xff	; 255
   003E FF                  107 	.db #0xff	; 255
   003F 00                  108 	.db #0x00	; 0
                            109 	.area _INITIALIZER
                            110 	.area _CABS (ABS)
