                              1 ;--------------------------------------------------------
                              2 ; File Created by SDCC : free open source ANSI-C Compiler
                              3 ; Version 3.6.8 #9946 (Mac OS X ppc)
                              4 ;--------------------------------------------------------
                              5 	.module hud
                              6 	.optsdcc -mz80
                              7 	
                              8 ;--------------------------------------------------------
                              9 ; Public variables in this module
                             10 ;--------------------------------------------------------
                             11 	.globl _cpct_getScreenPtr
                             12 	.globl _cpct_drawSprite
                             13 	.globl _hudinit
                             14 	.globl _hudupdate
                             15 	.globl _hudrender
                             16 ;--------------------------------------------------------
                             17 ; special function registers
                             18 ;--------------------------------------------------------
                             19 ;--------------------------------------------------------
                             20 ; ram data
                             21 ;--------------------------------------------------------
                             22 	.area _DATA
   0000                      23 _currenthealth:
   0000                      24 	.ds 1
   0001                      25 _currentscore:
   0001                      26 	.ds 2
   0003                      27 _currenttime:
   0003                      28 	.ds 1
   0004                      29 _currentlives:
   0004                      30 	.ds 1
                             31 ;--------------------------------------------------------
                             32 ; ram data
                             33 ;--------------------------------------------------------
                             34 	.area _INITIALIZED
   0000                      35 _hudnumbers:
   0000                      36 	.ds 20
                             37 ;--------------------------------------------------------
                             38 ; absolute external ram data
                             39 ;--------------------------------------------------------
                             40 	.area _DABS (ABS)
                             41 ;--------------------------------------------------------
                             42 ; global & static initialisations
                             43 ;--------------------------------------------------------
                             44 	.area _HOME
                             45 	.area _GSINIT
                             46 	.area _GSFINAL
                             47 	.area _GSINIT
                             48 ;--------------------------------------------------------
                             49 ; Home
                             50 ;--------------------------------------------------------
                             51 	.area _HOME
                             52 	.area _HOME
                             53 ;--------------------------------------------------------
                             54 ; code
                             55 ;--------------------------------------------------------
                             56 	.area _CODE
                             57 ;src/systems/hud.c:18: static void hud_draw_digits(u16 value, u8 digits, u8 startx, u8 y) {
                             58 ;	---------------------------------
                             59 ; Function hud_draw_digits
                             60 ; ---------------------------------
   0000                      61 _hud_draw_digits:
   0000 DD E5         [15]   62 	push	ix
   0002 DD 21 00 00   [14]   63 	ld	ix,#0
   0006 DD 39         [15]   64 	add	ix,sp
   0008 3B            [ 6]   65 	dec	sp
                             66 ;src/systems/hud.c:24: divisor = 1;
   0009 01 01 00      [10]   67 	ld	bc, #0x0001
                             68 ;src/systems/hud.c:25: for (i = 1; i < digits; ++i) {
   000C 1E 01         [ 7]   69 	ld	e, #0x01
   000E                      70 00106$:
   000E 7B            [ 4]   71 	ld	a, e
   000F DD 96 06      [19]   72 	sub	a, 6 (ix)
   0012 30 0B         [12]   73 	jr	NC,00101$
                             74 ;src/systems/hud.c:26: divisor *= 10;
   0014 69            [ 4]   75 	ld	l, c
   0015 60            [ 4]   76 	ld	h, b
   0016 29            [11]   77 	add	hl, hl
   0017 29            [11]   78 	add	hl, hl
   0018 09            [11]   79 	add	hl, bc
   0019 29            [11]   80 	add	hl, hl
   001A 4D            [ 4]   81 	ld	c, l
   001B 44            [ 4]   82 	ld	b, h
                             83 ;src/systems/hud.c:25: for (i = 1; i < digits; ++i) {
   001C 1C            [ 4]   84 	inc	e
   001D 18 EF         [12]   85 	jr	00106$
   001F                      86 00101$:
                             87 ;src/systems/hud.c:29: for (i = 0; i < digits; ++i) {
   001F DD 36 FF 00   [19]   88 	ld	-1 (ix), #0x00
   0023                      89 00109$:
   0023 DD 7E FF      [19]   90 	ld	a, -1 (ix)
   0026 DD 96 06      [19]   91 	sub	a, 6 (ix)
   0029 30 7B         [12]   92 	jr	NC,00111$
                             93 ;src/systems/hud.c:30: digit = (u8)(value / divisor);
   002B C5            [11]   94 	push	bc
   002C C5            [11]   95 	push	bc
   002D DD 6E 04      [19]   96 	ld	l,4 (ix)
   0030 DD 66 05      [19]   97 	ld	h,5 (ix)
   0033 E5            [11]   98 	push	hl
   0034 CDr00r00      [17]   99 	call	__divuint
   0037 F1            [10]  100 	pop	af
   0038 F1            [10]  101 	pop	af
   0039 5D            [ 4]  102 	ld	e, l
   003A C1            [10]  103 	pop	bc
                            104 ;src/systems/hud.c:31: value = (u16)(value % divisor);
   003B C5            [11]  105 	push	bc
   003C D5            [11]  106 	push	de
   003D C5            [11]  107 	push	bc
   003E DD 6E 04      [19]  108 	ld	l,4 (ix)
   0041 DD 66 05      [19]  109 	ld	h,5 (ix)
   0044 E5            [11]  110 	push	hl
   0045 CDr00r00      [17]  111 	call	__moduint
   0048 F1            [10]  112 	pop	af
   0049 F1            [10]  113 	pop	af
   004A D1            [10]  114 	pop	de
   004B C1            [10]  115 	pop	bc
   004C DD 75 04      [19]  116 	ld	4 (ix), l
   004F DD 74 05      [19]  117 	ld	5 (ix), h
                            118 ;src/systems/hud.c:33: pvmem = cpct_getScreenPtr(CPCT_VMEM_START, startx + (i * 8), y);
   0052 DD 7E FF      [19]  119 	ld	a, -1 (ix)
   0055 07            [ 4]  120 	rlca
   0056 07            [ 4]  121 	rlca
   0057 07            [ 4]  122 	rlca
   0058 E6 F8         [ 7]  123 	and	a, #0xf8
   005A 57            [ 4]  124 	ld	d, a
   005B DD 7E 07      [19]  125 	ld	a, 7 (ix)
   005E 82            [ 4]  126 	add	a, d
   005F 57            [ 4]  127 	ld	d, a
   0060 C5            [11]  128 	push	bc
   0061 D5            [11]  129 	push	de
   0062 DD 7E 08      [19]  130 	ld	a, 8 (ix)
   0065 F5            [11]  131 	push	af
   0066 33            [ 6]  132 	inc	sp
   0067 D5            [11]  133 	push	de
   0068 33            [ 6]  134 	inc	sp
   0069 21 00 C0      [10]  135 	ld	hl, #0xc000
   006C E5            [11]  136 	push	hl
   006D CDr00r00      [17]  137 	call	_cpct_getScreenPtr
   0070 D1            [10]  138 	pop	de
   0071 C1            [10]  139 	pop	bc
                            140 ;src/systems/hud.c:34: cpct_drawSprite((u8*)hudnumbers[digit], pvmem, 8, 8);
   0072 E5            [11]  141 	push	hl
   0073 FD E1         [14]  142 	pop	iy
   0075 26 00         [ 7]  143 	ld	h, #0x00
   0077 6B            [ 4]  144 	ld	l, e
   0078 29            [11]  145 	add	hl, hl
   0079 11r00r00      [10]  146 	ld	de, #_hudnumbers
   007C 19            [11]  147 	add	hl, de
   007D 5E            [ 7]  148 	ld	e, (hl)
   007E 23            [ 6]  149 	inc	hl
   007F 56            [ 7]  150 	ld	d, (hl)
   0080 C5            [11]  151 	push	bc
   0081 21 08 08      [10]  152 	ld	hl, #0x0808
   0084 E5            [11]  153 	push	hl
   0085 FD E5         [15]  154 	push	iy
   0087 D5            [11]  155 	push	de
   0088 CDr00r00      [17]  156 	call	_cpct_drawSprite
   008B C1            [10]  157 	pop	bc
                            158 ;src/systems/hud.c:36: if (divisor > 1) {
   008C 3E 01         [ 7]  159 	ld	a, #0x01
   008E B9            [ 4]  160 	cp	a, c
   008F 3E 00         [ 7]  161 	ld	a, #0x00
   0091 98            [ 4]  162 	sbc	a, b
   0092 30 0C         [12]  163 	jr	NC,00110$
                            164 ;src/systems/hud.c:37: divisor /= 10;
   0094 21 0A 00      [10]  165 	ld	hl, #0x000a
   0097 E5            [11]  166 	push	hl
   0098 C5            [11]  167 	push	bc
   0099 CDr00r00      [17]  168 	call	__divuint
   009C F1            [10]  169 	pop	af
   009D F1            [10]  170 	pop	af
   009E 4D            [ 4]  171 	ld	c, l
   009F 44            [ 4]  172 	ld	b, h
   00A0                     173 00110$:
                            174 ;src/systems/hud.c:29: for (i = 0; i < digits; ++i) {
   00A0 DD 34 FF      [23]  175 	inc	-1 (ix)
   00A3 C3r23r00      [10]  176 	jp	00109$
   00A6                     177 00111$:
   00A6 33            [ 6]  178 	inc	sp
   00A7 DD E1         [14]  179 	pop	ix
   00A9 C9            [10]  180 	ret
   00AA                     181 __hud_dummy_sprite:
   00AA 00                  182 	.db #0x00	; 0
   00AB 00                  183 	.db 0x00
   00AC 00                  184 	.db 0x00
   00AD 00                  185 	.db 0x00
   00AE 00                  186 	.db 0x00
   00AF 00                  187 	.db 0x00
   00B0 00                  188 	.db 0x00
   00B1 00                  189 	.db 0x00
   00B2 00                  190 	.db 0x00
   00B3 00                  191 	.db 0x00
   00B4 00                  192 	.db 0x00
   00B5 00                  193 	.db 0x00
   00B6 00                  194 	.db 0x00
   00B7 00                  195 	.db 0x00
   00B8 00                  196 	.db 0x00
   00B9 00                  197 	.db 0x00
   00BA 00                  198 	.db 0x00
   00BB 00                  199 	.db 0x00
   00BC 00                  200 	.db 0x00
   00BD 00                  201 	.db 0x00
   00BE 00                  202 	.db 0x00
   00BF 00                  203 	.db 0x00
   00C0 00                  204 	.db 0x00
   00C1 00                  205 	.db 0x00
   00C2 00                  206 	.db 0x00
   00C3 00                  207 	.db 0x00
   00C4 00                  208 	.db 0x00
   00C5 00                  209 	.db 0x00
   00C6 00                  210 	.db 0x00
   00C7 00                  211 	.db 0x00
   00C8 00                  212 	.db 0x00
   00C9 00                  213 	.db 0x00
   00CA 00                  214 	.db 0x00
   00CB 00                  215 	.db 0x00
   00CC 00                  216 	.db 0x00
   00CD 00                  217 	.db 0x00
   00CE 00                  218 	.db 0x00
   00CF 00                  219 	.db 0x00
   00D0 00                  220 	.db 0x00
   00D1 00                  221 	.db 0x00
   00D2 00                  222 	.db 0x00
   00D3 00                  223 	.db 0x00
   00D4 00                  224 	.db 0x00
   00D5 00                  225 	.db 0x00
   00D6 00                  226 	.db 0x00
   00D7 00                  227 	.db 0x00
   00D8 00                  228 	.db 0x00
   00D9 00                  229 	.db 0x00
   00DA 00                  230 	.db 0x00
   00DB 00                  231 	.db 0x00
   00DC 00                  232 	.db 0x00
   00DD 00                  233 	.db 0x00
   00DE 00                  234 	.db 0x00
   00DF 00                  235 	.db 0x00
   00E0 00                  236 	.db 0x00
   00E1 00                  237 	.db 0x00
   00E2 00                  238 	.db 0x00
   00E3 00                  239 	.db 0x00
   00E4 00                  240 	.db 0x00
   00E5 00                  241 	.db 0x00
   00E6 00                  242 	.db 0x00
   00E7 00                  243 	.db 0x00
   00E8 00                  244 	.db 0x00
   00E9 00                  245 	.db 0x00
   00EA                     246 _hudhealth:
   00EA 00                  247 	.db #0x00	; 0
   00EB 00                  248 	.db 0x00
   00EC 00                  249 	.db 0x00
   00ED 00                  250 	.db 0x00
   00EE 00                  251 	.db 0x00
   00EF 00                  252 	.db 0x00
   00F0 00                  253 	.db 0x00
   00F1 00                  254 	.db 0x00
   00F2 00                  255 	.db 0x00
   00F3 00                  256 	.db 0x00
   00F4 00                  257 	.db 0x00
   00F5 00                  258 	.db 0x00
   00F6 00                  259 	.db 0x00
   00F7 00                  260 	.db 0x00
   00F8 00                  261 	.db 0x00
   00F9 00                  262 	.db 0x00
   00FA 00                  263 	.db 0x00
   00FB 00                  264 	.db 0x00
   00FC 00                  265 	.db 0x00
   00FD 00                  266 	.db 0x00
   00FE 00                  267 	.db 0x00
   00FF 00                  268 	.db 0x00
   0100 00                  269 	.db 0x00
   0101 00                  270 	.db 0x00
   0102 00                  271 	.db 0x00
   0103 00                  272 	.db 0x00
   0104 00                  273 	.db 0x00
   0105 00                  274 	.db 0x00
   0106 00                  275 	.db 0x00
   0107 00                  276 	.db 0x00
   0108 00                  277 	.db 0x00
   0109 00                  278 	.db 0x00
   010A 00                  279 	.db 0x00
   010B 00                  280 	.db 0x00
   010C 00                  281 	.db 0x00
   010D 00                  282 	.db 0x00
   010E 00                  283 	.db 0x00
   010F 00                  284 	.db 0x00
   0110 00                  285 	.db 0x00
   0111 00                  286 	.db 0x00
   0112 00                  287 	.db 0x00
   0113 00                  288 	.db 0x00
   0114 00                  289 	.db 0x00
   0115 00                  290 	.db 0x00
   0116 00                  291 	.db 0x00
   0117 00                  292 	.db 0x00
   0118 00                  293 	.db 0x00
   0119 00                  294 	.db 0x00
   011A 00                  295 	.db 0x00
   011B 00                  296 	.db 0x00
   011C 00                  297 	.db 0x00
   011D 00                  298 	.db 0x00
   011E 00                  299 	.db 0x00
   011F 00                  300 	.db 0x00
   0120 00                  301 	.db 0x00
   0121 00                  302 	.db 0x00
   0122 00                  303 	.db 0x00
   0123 00                  304 	.db 0x00
   0124 00                  305 	.db 0x00
   0125 00                  306 	.db 0x00
   0126 00                  307 	.db 0x00
   0127 00                  308 	.db 0x00
   0128 00                  309 	.db 0x00
   0129 00                  310 	.db 0x00
   012A                     311 _hudlives:
   012A 00                  312 	.db #0x00	; 0
   012B 00                  313 	.db 0x00
   012C 00                  314 	.db 0x00
   012D 00                  315 	.db 0x00
   012E 00                  316 	.db 0x00
   012F 00                  317 	.db 0x00
   0130 00                  318 	.db 0x00
   0131 00                  319 	.db 0x00
   0132 00                  320 	.db 0x00
   0133 00                  321 	.db 0x00
   0134 00                  322 	.db 0x00
   0135 00                  323 	.db 0x00
   0136 00                  324 	.db 0x00
   0137 00                  325 	.db 0x00
   0138 00                  326 	.db 0x00
   0139 00                  327 	.db 0x00
   013A 00                  328 	.db 0x00
   013B 00                  329 	.db 0x00
   013C 00                  330 	.db 0x00
   013D 00                  331 	.db 0x00
   013E 00                  332 	.db 0x00
   013F 00                  333 	.db 0x00
   0140 00                  334 	.db 0x00
   0141 00                  335 	.db 0x00
   0142 00                  336 	.db 0x00
   0143 00                  337 	.db 0x00
   0144 00                  338 	.db 0x00
   0145 00                  339 	.db 0x00
   0146 00                  340 	.db 0x00
   0147 00                  341 	.db 0x00
   0148 00                  342 	.db 0x00
   0149 00                  343 	.db 0x00
   014A 00                  344 	.db 0x00
   014B 00                  345 	.db 0x00
   014C 00                  346 	.db 0x00
   014D 00                  347 	.db 0x00
   014E 00                  348 	.db 0x00
   014F 00                  349 	.db 0x00
   0150 00                  350 	.db 0x00
   0151 00                  351 	.db 0x00
   0152 00                  352 	.db 0x00
   0153 00                  353 	.db 0x00
   0154 00                  354 	.db 0x00
   0155 00                  355 	.db 0x00
   0156 00                  356 	.db 0x00
   0157 00                  357 	.db 0x00
   0158 00                  358 	.db 0x00
   0159 00                  359 	.db 0x00
   015A 00                  360 	.db 0x00
   015B 00                  361 	.db 0x00
   015C 00                  362 	.db 0x00
   015D 00                  363 	.db 0x00
   015E 00                  364 	.db 0x00
   015F 00                  365 	.db 0x00
   0160 00                  366 	.db 0x00
   0161 00                  367 	.db 0x00
   0162 00                  368 	.db 0x00
   0163 00                  369 	.db 0x00
   0164 00                  370 	.db 0x00
   0165 00                  371 	.db 0x00
   0166 00                  372 	.db 0x00
   0167 00                  373 	.db 0x00
   0168 00                  374 	.db 0x00
   0169 00                  375 	.db 0x00
                            376 ;src/systems/hud.c:42: void hudinit(void) {
                            377 ;	---------------------------------
                            378 ; Function hudinit
                            379 ; ---------------------------------
   016A                     380 _hudinit::
                            381 ;src/systems/hud.c:43: currenthealth = 3;
   016A 21r00r00      [10]  382 	ld	hl,#_currenthealth + 0
   016D 36 03         [10]  383 	ld	(hl), #0x03
                            384 ;src/systems/hud.c:44: currentscore  = 0;
   016F 21 00 00      [10]  385 	ld	hl, #0x0000
   0172 22r01r00      [16]  386 	ld	(_currentscore), hl
                            387 ;src/systems/hud.c:45: currenttime   = 90;
   0175 21r03r00      [10]  388 	ld	hl,#_currenttime + 0
   0178 36 5A         [10]  389 	ld	(hl), #0x5a
                            390 ;src/systems/hud.c:46: currentlives  = 3;
   017A 21r04r00      [10]  391 	ld	hl,#_currentlives + 0
   017D 36 03         [10]  392 	ld	(hl), #0x03
   017F C9            [10]  393 	ret
                            394 ;src/systems/hud.c:49: void hudupdate(u8 health, u16 score, u8 time, u8 lives) {
                            395 ;	---------------------------------
                            396 ; Function hudupdate
                            397 ; ---------------------------------
   0180                     398 _hudupdate::
                            399 ;src/systems/hud.c:50: currenthealth = health;
   0180 21 02 00      [10]  400 	ld	hl, #2+0
   0183 39            [11]  401 	add	hl, sp
   0184 7E            [ 7]  402 	ld	a, (hl)
   0185 32r00r00      [13]  403 	ld	(#_currenthealth + 0),a
                            404 ;src/systems/hud.c:51: currentscore  = score;
   0188 21 03 00      [10]  405 	ld	hl, #3+0
   018B 39            [11]  406 	add	hl, sp
   018C 7E            [ 7]  407 	ld	a, (hl)
   018D 32r01r00      [13]  408 	ld	(#_currentscore + 0),a
   0190 21 04 00      [10]  409 	ld	hl, #3+1
   0193 39            [11]  410 	add	hl, sp
   0194 7E            [ 7]  411 	ld	a, (hl)
   0195 32r02r00      [13]  412 	ld	(#_currentscore + 1),a
                            413 ;src/systems/hud.c:52: currenttime   = time;
   0198 21 05 00      [10]  414 	ld	hl, #5+0
   019B 39            [11]  415 	add	hl, sp
   019C 7E            [ 7]  416 	ld	a, (hl)
   019D 32r03r00      [13]  417 	ld	(#_currenttime + 0),a
                            418 ;src/systems/hud.c:53: currentlives  = lives;
   01A0 21 06 00      [10]  419 	ld	hl, #6+0
   01A3 39            [11]  420 	add	hl, sp
   01A4 7E            [ 7]  421 	ld	a, (hl)
   01A5 32r04r00      [13]  422 	ld	(#_currentlives + 0),a
   01A8 C9            [10]  423 	ret
                            424 ;src/systems/hud.c:56: void hudrender(void) {
                            425 ;	---------------------------------
                            426 ; Function hudrender
                            427 ; ---------------------------------
   01A9                     428 _hudrender::
                            429 ;src/systems/hud.c:62: for (i = 0; i < currenthealth; ++i) {
   01A9 0E 00         [ 7]  430 	ld	c, #0x00
   01AB                     431 00103$:
   01AB 21r00r00      [10]  432 	ld	hl, #_currenthealth
                            433 ;src/systems/hud.c:63: pvmem = cpct_getScreenPtr(CPCT_VMEM_START, 2 + (i * 8), 2);
   01AE 79            [ 4]  434 	ld	a,c
   01AF BE            [ 7]  435 	cp	a,(hl)
   01B0 30 26         [12]  436 	jr	NC,00101$
   01B2 07            [ 4]  437 	rlca
   01B3 07            [ 4]  438 	rlca
   01B4 07            [ 4]  439 	rlca
   01B5 E6 F8         [ 7]  440 	and	a, #0xf8
   01B7 47            [ 4]  441 	ld	b, a
   01B8 04            [ 4]  442 	inc	b
   01B9 04            [ 4]  443 	inc	b
   01BA C5            [11]  444 	push	bc
   01BB 3E 02         [ 7]  445 	ld	a, #0x02
   01BD F5            [11]  446 	push	af
   01BE 33            [ 6]  447 	inc	sp
   01BF C5            [11]  448 	push	bc
   01C0 33            [ 6]  449 	inc	sp
   01C1 21 00 C0      [10]  450 	ld	hl, #0xc000
   01C4 E5            [11]  451 	push	hl
   01C5 CDr00r00      [17]  452 	call	_cpct_getScreenPtr
   01C8 11 08 08      [10]  453 	ld	de, #0x0808
   01CB D5            [11]  454 	push	de
   01CC E5            [11]  455 	push	hl
   01CD 21rEAr00      [10]  456 	ld	hl, #_hudhealth
   01D0 E5            [11]  457 	push	hl
   01D1 CDr00r00      [17]  458 	call	_cpct_drawSprite
   01D4 C1            [10]  459 	pop	bc
                            460 ;src/systems/hud.c:62: for (i = 0; i < currenthealth; ++i) {
   01D5 0C            [ 4]  461 	inc	c
   01D6 18 D3         [12]  462 	jr	00103$
   01D8                     463 00101$:
                            464 ;src/systems/hud.c:67: scoretemp = currentscore;
   01D8 2Ar01r00      [16]  465 	ld	hl, (_currentscore)
                            466 ;src/systems/hud.c:68: hud_draw_digits(scoretemp, 5, 88, 2);
   01DB 01 58 02      [10]  467 	ld	bc, #0x0258
   01DE C5            [11]  468 	push	bc
   01DF 3E 05         [ 7]  469 	ld	a, #0x05
   01E1 F5            [11]  470 	push	af
   01E2 33            [ 6]  471 	inc	sp
   01E3 E5            [11]  472 	push	hl
   01E4 CDr00r00      [17]  473 	call	_hud_draw_digits
   01E7 F1            [10]  474 	pop	af
   01E8 F1            [10]  475 	pop	af
   01E9 33            [ 6]  476 	inc	sp
                            477 ;src/systems/hud.c:70: timetemp = currenttime;
   01EA 21r03r00      [10]  478 	ld	hl,#_currenttime + 0
   01ED 4E            [ 7]  479 	ld	c, (hl)
                            480 ;src/systems/hud.c:71: hud_draw_digits((u16)timetemp, 3, 56, 2);
   01EE 06 00         [ 7]  481 	ld	b, #0x00
   01F0 21 38 02      [10]  482 	ld	hl, #0x0238
   01F3 E5            [11]  483 	push	hl
   01F4 3E 03         [ 7]  484 	ld	a, #0x03
   01F6 F5            [11]  485 	push	af
   01F7 33            [ 6]  486 	inc	sp
   01F8 C5            [11]  487 	push	bc
   01F9 CDr00r00      [17]  488 	call	_hud_draw_digits
   01FC F1            [10]  489 	pop	af
                            490 ;src/systems/hud.c:73: pvmem = cpct_getScreenPtr(CPCT_VMEM_START, 2, 180);
   01FD 33            [ 6]  491 	inc	sp
   01FE 21 02 B4      [10]  492 	ld	hl,#0xb402
   0201 E3            [19]  493 	ex	(sp),hl
   0202 21 00 C0      [10]  494 	ld	hl, #0xc000
   0205 E5            [11]  495 	push	hl
   0206 CDr00r00      [17]  496 	call	_cpct_getScreenPtr
                            497 ;src/systems/hud.c:74: cpct_drawSprite((u8*)hudlives, pvmem, 8, 8);
   0209 01r2Ar01      [10]  498 	ld	bc, #_hudlives+0
   020C 11 08 08      [10]  499 	ld	de, #0x0808
   020F D5            [11]  500 	push	de
   0210 E5            [11]  501 	push	hl
   0211 C5            [11]  502 	push	bc
   0212 CDr00r00      [17]  503 	call	_cpct_drawSprite
                            504 ;src/systems/hud.c:76: pvmem = cpct_getScreenPtr(CPCT_VMEM_START, 12, 180);
   0215 21 0C B4      [10]  505 	ld	hl, #0xb40c
   0218 E5            [11]  506 	push	hl
   0219 21 00 C0      [10]  507 	ld	hl, #0xc000
   021C E5            [11]  508 	push	hl
   021D CDr00r00      [17]  509 	call	_cpct_getScreenPtr
                            510 ;src/systems/hud.c:77: cpct_drawSprite((u8*)hudnumbers[currentlives % 10], pvmem, 8, 8);
   0220 E5            [11]  511 	push	hl
   0221 3E 0A         [ 7]  512 	ld	a, #0x0a
   0223 F5            [11]  513 	push	af
   0224 33            [ 6]  514 	inc	sp
   0225 3Ar04r00      [13]  515 	ld	a, (_currentlives)
   0228 F5            [11]  516 	push	af
   0229 33            [ 6]  517 	inc	sp
   022A CDr00r00      [17]  518 	call	__moduchar
   022D F1            [10]  519 	pop	af
   022E C1            [10]  520 	pop	bc
   022F 26 00         [ 7]  521 	ld	h, #0x00
   0231 29            [11]  522 	add	hl, hl
   0232 11r00r00      [10]  523 	ld	de, #_hudnumbers
   0235 19            [11]  524 	add	hl, de
   0236 5E            [ 7]  525 	ld	e, (hl)
   0237 23            [ 6]  526 	inc	hl
   0238 56            [ 7]  527 	ld	d, (hl)
   0239 21 08 08      [10]  528 	ld	hl, #0x0808
   023C E5            [11]  529 	push	hl
   023D C5            [11]  530 	push	bc
   023E D5            [11]  531 	push	de
   023F CDr00r00      [17]  532 	call	_cpct_drawSprite
   0242 C9            [10]  533 	ret
                            534 	.area _CODE
                            535 	.area _INITIALIZER
   0000                     536 __xinit__hudnumbers:
   0000rAAr00               537 	.dw __hud_dummy_sprite
   0002rAAr00               538 	.dw __hud_dummy_sprite
   0004rAAr00               539 	.dw __hud_dummy_sprite
   0006rAAr00               540 	.dw __hud_dummy_sprite
   0008rAAr00               541 	.dw __hud_dummy_sprite
   000ArAAr00               542 	.dw __hud_dummy_sprite
   000CrAAr00               543 	.dw __hud_dummy_sprite
   000ErAAr00               544 	.dw __hud_dummy_sprite
   0010rAAr00               545 	.dw __hud_dummy_sprite
   0012rAAr00               546 	.dw __hud_dummy_sprite
                            547 	.area _CABS (ABS)
