                              1 ;--------------------------------------------------------
                              2 ; File Created by SDCC : free open source ANSI-C Compiler
                              3 ; Version 3.6.8 #9946 (Mac OS X ppc)
                              4 ;--------------------------------------------------------
                              5 	.module collision
                              6 	.optsdcc -mz80
                              7 	
                              8 ;--------------------------------------------------------
                              9 ; Public variables in this module
                             10 ;--------------------------------------------------------
                             11 	.globl _tilemap_ground_y
                             12 	.globl _collision_init
                             13 	.globl _collision_is_on_ground
                             14 	.globl _collision_clamp_y_to_ground
                             15 ;--------------------------------------------------------
                             16 ; special function registers
                             17 ;--------------------------------------------------------
                             18 ;--------------------------------------------------------
                             19 ; ram data
                             20 ;--------------------------------------------------------
                             21 	.area _DATA
                             22 ;--------------------------------------------------------
                             23 ; ram data
                             24 ;--------------------------------------------------------
                             25 	.area _INITIALIZED
   0000                      26 _ggroundy:
   0000                      27 	.ds 2
                             28 ;--------------------------------------------------------
                             29 ; absolute external ram data
                             30 ;--------------------------------------------------------
                             31 	.area _DABS (ABS)
                             32 ;--------------------------------------------------------
                             33 ; global & static initialisations
                             34 ;--------------------------------------------------------
                             35 	.area _HOME
                             36 	.area _GSINIT
                             37 	.area _GSFINAL
                             38 	.area _GSINIT
                             39 ;--------------------------------------------------------
                             40 ; Home
                             41 ;--------------------------------------------------------
                             42 	.area _HOME
                             43 	.area _HOME
                             44 ;--------------------------------------------------------
                             45 ; code
                             46 ;--------------------------------------------------------
                             47 	.area _CODE
                             48 ;src/systems/collision.c:6: void collision_init(void) {
                             49 ;	---------------------------------
                             50 ; Function collision_init
                             51 ; ---------------------------------
   0000                      52 _collision_init::
                             53 ;src/systems/collision.c:7: ggroundy = (i16)tilemap_ground_y();
   0000 CDr00r00      [17]   54 	call	_tilemap_ground_y
   0003 FD 21r00r00   [14]   55 	ld	iy, #_ggroundy
   0007 FD 75 00      [19]   56 	ld	0 (iy), l
   000A FD 36 01 00   [19]   57 	ld	1 (iy), #0x00
   000E C9            [10]   58 	ret
                             59 ;src/systems/collision.c:10: u8 collision_is_on_ground(i16 y, u8 h) {
                             60 ;	---------------------------------
                             61 ; Function collision_is_on_ground
                             62 ; ---------------------------------
   000F                      63 _collision_is_on_ground::
                             64 ;src/systems/collision.c:12: feet = y + (i16)h;
   000F 21 04 00      [10]   65 	ld	hl, #4+0
   0012 39            [11]   66 	add	hl, sp
   0013 4E            [ 7]   67 	ld	c, (hl)
   0014 06 00         [ 7]   68 	ld	b, #0x00
   0016 21 02 00      [10]   69 	ld	hl, #2
   0019 39            [11]   70 	add	hl, sp
   001A 7E            [ 7]   71 	ld	a, (hl)
   001B 23            [ 6]   72 	inc	hl
   001C 66            [ 7]   73 	ld	h, (hl)
   001D 6F            [ 4]   74 	ld	l, a
   001E 09            [11]   75 	add	hl, bc
   001F 4D            [ 4]   76 	ld	c, l
   0020 44            [ 4]   77 	ld	b, h
                             78 ;src/systems/collision.c:13: return (u8)(feet >= ggroundy);
   0021 21r00r00      [10]   79 	ld	hl, #_ggroundy
   0024 79            [ 4]   80 	ld	a, c
   0025 96            [ 7]   81 	sub	a, (hl)
   0026 78            [ 4]   82 	ld	a, b
   0027 23            [ 6]   83 	inc	hl
   0028 9E            [ 7]   84 	sbc	a, (hl)
   0029 E2r2Er00      [10]   85 	jp	PO, 00103$
   002C EE 80         [ 7]   86 	xor	a, #0x80
   002E                      87 00103$:
   002E 07            [ 4]   88 	rlca
   002F E6 01         [ 7]   89 	and	a,#0x01
   0031 EE 01         [ 7]   90 	xor	a, #0x01
   0033 6F            [ 4]   91 	ld	l, a
   0034 C9            [10]   92 	ret
                             93 ;src/systems/collision.c:16: i16 collision_clamp_y_to_ground(i16 y, u8 h) {
                             94 ;	---------------------------------
                             95 ; Function collision_clamp_y_to_ground
                             96 ; ---------------------------------
   0035                      97 _collision_clamp_y_to_ground::
                             98 ;src/systems/collision.c:18: maxy = ggroundy - (i16)h;
   0035 21 04 00      [10]   99 	ld	hl, #4+0
   0038 39            [11]  100 	add	hl, sp
   0039 4E            [ 7]  101 	ld	c, (hl)
   003A 06 00         [ 7]  102 	ld	b, #0x00
   003C FD 21r00r00   [14]  103 	ld	iy, #_ggroundy
   0040 FD 7E 00      [19]  104 	ld	a, 0 (iy)
   0043 91            [ 4]  105 	sub	a, c
   0044 4F            [ 4]  106 	ld	c, a
   0045 FD 7E 01      [19]  107 	ld	a, 1 (iy)
   0048 98            [ 4]  108 	sbc	a, b
   0049 47            [ 4]  109 	ld	b, a
                            110 ;src/systems/collision.c:19: if (y > maxy) {
   004A 79            [ 4]  111 	ld	a, c
   004B FD 21 02 00   [14]  112 	ld	iy, #2
   004F FD 39         [15]  113 	add	iy, sp
   0051 FD 96 00      [19]  114 	sub	a, 0 (iy)
   0054 78            [ 4]  115 	ld	a, b
   0055 FD 9E 01      [19]  116 	sbc	a, 1 (iy)
   0058 E2r5Dr00      [10]  117 	jp	PO, 00109$
   005B EE 80         [ 7]  118 	xor	a, #0x80
   005D                     119 00109$:
   005D F2r63r00      [10]  120 	jp	P, 00102$
                            121 ;src/systems/collision.c:20: return maxy;
   0060 69            [ 4]  122 	ld	l, c
   0061 60            [ 4]  123 	ld	h, b
   0062 C9            [10]  124 	ret
   0063                     125 00102$:
                            126 ;src/systems/collision.c:22: return y;
   0063 C1            [10]  127 	pop	bc
   0064 E1            [10]  128 	pop	hl
   0065 E5            [11]  129 	push	hl
   0066 C5            [11]  130 	push	bc
   0067 C9            [10]  131 	ret
                            132 	.area _CODE
                            133 	.area _INITIALIZER
   0000                     134 __xinit__ggroundy:
   0000 A0 00               135 	.dw #0x00a0
                            136 	.area _CABS (ABS)
