                              1 ;--------------------------------------------------------
                              2 ; File Created by SDCC : free open source ANSI-C Compiler
                              3 ; Version 3.6.8 #9946 (Mac OS X ppc)
                              4 ;--------------------------------------------------------
                              5 	.module main
                              6 	.optsdcc -mz80
                              7 	
                              8 ;--------------------------------------------------------
                              9 ; Public variables in this module
                             10 ;--------------------------------------------------------
                             11 	.globl _main
                             12 	.globl _cpc_entry_wrapper
                             13 	.globl _game_render
                             14 	.globl _game_update
                             15 	.globl _game_init
                             16 	.globl _cpct_waitVSYNC
                             17 ;--------------------------------------------------------
                             18 ; special function registers
                             19 ;--------------------------------------------------------
                             20 ;--------------------------------------------------------
                             21 ; ram data
                             22 ;--------------------------------------------------------
                             23 	.area _DATA
                             24 ;--------------------------------------------------------
                             25 ; ram data
                             26 ;--------------------------------------------------------
                             27 	.area _INITIALIZED
                             28 ;--------------------------------------------------------
                             29 ; absolute external ram data
                             30 ;--------------------------------------------------------
                             31 	.area _DABS (ABS)
                             32 ;--------------------------------------------------------
                             33 ; global & static initialisations
                             34 ;--------------------------------------------------------
                             35 	.area _HOME
                             36 	.area _GSINIT
                             37 	.area _GSFINAL
                             38 	.area _GSINIT
                             39 ;--------------------------------------------------------
                             40 ; Home
                             41 ;--------------------------------------------------------
                             42 	.area _HOME
                             43 	.area _HOME
                             44 ;--------------------------------------------------------
                             45 ; code
                             46 ;--------------------------------------------------------
                             47 	.area _CODE
                             48 ;src/main.c:4: void cpc_entry_wrapper(void) __naked {
                             49 ;	---------------------------------
                             50 ; Function cpc_entry_wrapper
                             51 ; ---------------------------------
   0000                      52 _cpc_entry_wrapper::
                             53 ;src/main.c:23: __endasm;
                             54 	.globl	cpc_run_address
                             55 	.globl	s__INITIALIZER
                             56 	.globl	s__INITIALIZED
                             57 	.globl	l__INITIALIZER
   0000                      58 	    cpc_run_address::
   0000 F3            [ 4]   59 	di
   0001 31 F0 BF      [10]   60 	ld	sp, #0xBFF0
   0004 01r00r00      [10]   61 	ld	bc, #l__INITIALIZER
   0007 78            [ 4]   62 	ld	a, b
   0008 B1            [ 4]   63 	or	c
   0009 28 08         [12]   64 	jr	z, 00001$
   000B 11r00r00      [10]   65 	ld	de, #s__INITIALIZED
   000E 21r00r00      [10]   66 	ld	hl, #s__INITIALIZER
   0011 ED B0         [21]   67 	ldir
   0013                      68 	00001$:
   0013 CDr17r00      [17]   69 	call	_main
   0016 C9            [10]   70 	ret
                             71 ;src/main.c:26: void main(void) {
                             72 ;	---------------------------------
                             73 ; Function main
                             74 ; ---------------------------------
   0017                      75 _main::
                             76 ;src/main.c:31: __endasm;
   0017 F3            [ 4]   77 	di
   0018 31 F0 BF      [10]   78 	ld	sp, #0xBFF0
                             79 ;src/main.c:33: game_init();
   001B CDr00r00      [17]   80 	call	_game_init
                             81 ;src/main.c:34: while (1) {
   001E                      82 00102$:
                             83 ;src/main.c:35: game_update();
   001E CDr00r00      [17]   84 	call	_game_update
                             85 ;src/main.c:36: cpct_waitVSYNC();  /* sync BEFORE clear+draw: beam is at top when we start clearing */
   0021 CDr00r00      [17]   86 	call	_cpct_waitVSYNC
                             87 ;src/main.c:37: game_render();
   0024 CDr00r00      [17]   88 	call	_game_render
   0027 18 F5         [12]   89 	jr	00102$
                             90 	.area _CODE
                             91 	.area _INITIALIZER
                             92 	.area _CABS (ABS)
