                              1 ;--------------------------------------------------------
                              2 ; File Created by SDCC : free open source ANSI-C Compiler
                              3 ; Version 3.6.8 #9946 (Mac OS X ppc)
                              4 ;--------------------------------------------------------
                              5 	.module hud
                              6 	.optsdcc -mz80
                              7 	
                              8 ;--------------------------------------------------------
                              9 ; Public variables in this module
                             10 ;--------------------------------------------------------
                             11 	.globl _cpct_getScreenPtr
                             12 	.globl _cpct_drawSprite
                             13 	.globl _hudinit
                             14 	.globl _hudupdate
                             15 	.globl _hudrender
                             16 ;--------------------------------------------------------
                             17 ; special function registers
                             18 ;--------------------------------------------------------
                             19 ;--------------------------------------------------------
                             20 ; ram data
                             21 ;--------------------------------------------------------
                             22 	.area _DATA
   0000                      23 _currenthealth:
   0000                      24 	.ds 1
   0001                      25 _currentscore:
   0001                      26 	.ds 2
   0003                      27 _currenttime:
   0003                      28 	.ds 1
   0004                      29 _currentlives:
   0004                      30 	.ds 1
   0005                      31 _currentweapon:
   0005                      32 	.ds 1
                             33 ;--------------------------------------------------------
                             34 ; ram data
                             35 ;--------------------------------------------------------
                             36 	.area _INITIALIZED
   0000                      37 _hudnumbers:
   0000                      38 	.ds 20
                             39 ;--------------------------------------------------------
                             40 ; absolute external ram data
                             41 ;--------------------------------------------------------
                             42 	.area _DABS (ABS)
                             43 ;--------------------------------------------------------
                             44 ; global & static initialisations
                             45 ;--------------------------------------------------------
                             46 	.area _HOME
                             47 	.area _GSINIT
                             48 	.area _GSFINAL
                             49 	.area _GSINIT
                             50 ;--------------------------------------------------------
                             51 ; Home
                             52 ;--------------------------------------------------------
                             53 	.area _HOME
                             54 	.area _HOME
                             55 ;--------------------------------------------------------
                             56 ; code
                             57 ;--------------------------------------------------------
                             58 	.area _CODE
                             59 ;src/systems/hud.c:18: static void hud_draw_digits(u16 value, u8 digits, u8 startx, u8 y) {
                             60 ;	---------------------------------
                             61 ; Function hud_draw_digits
                             62 ; ---------------------------------
   0000                      63 _hud_draw_digits:
   0000 DD E5         [15]   64 	push	ix
   0002 DD 21 00 00   [14]   65 	ld	ix,#0
   0006 DD 39         [15]   66 	add	ix,sp
   0008 3B            [ 6]   67 	dec	sp
                             68 ;src/systems/hud.c:24: divisor = 1;
   0009 01 01 00      [10]   69 	ld	bc, #0x0001
                             70 ;src/systems/hud.c:25: for (i = 1; i < digits; ++i) {
   000C 1E 01         [ 7]   71 	ld	e, #0x01
   000E                      72 00106$:
   000E 7B            [ 4]   73 	ld	a, e
   000F DD 96 06      [19]   74 	sub	a, 6 (ix)
   0012 30 0B         [12]   75 	jr	NC,00101$
                             76 ;src/systems/hud.c:26: divisor *= 10;
   0014 69            [ 4]   77 	ld	l, c
   0015 60            [ 4]   78 	ld	h, b
   0016 29            [11]   79 	add	hl, hl
   0017 29            [11]   80 	add	hl, hl
   0018 09            [11]   81 	add	hl, bc
   0019 29            [11]   82 	add	hl, hl
   001A 4D            [ 4]   83 	ld	c, l
   001B 44            [ 4]   84 	ld	b, h
                             85 ;src/systems/hud.c:25: for (i = 1; i < digits; ++i) {
   001C 1C            [ 4]   86 	inc	e
   001D 18 EF         [12]   87 	jr	00106$
   001F                      88 00101$:
                             89 ;src/systems/hud.c:29: for (i = 0; i < digits; ++i) {
   001F DD 36 FF 00   [19]   90 	ld	-1 (ix), #0x00
   0023                      91 00109$:
   0023 DD 7E FF      [19]   92 	ld	a, -1 (ix)
   0026 DD 96 06      [19]   93 	sub	a, 6 (ix)
   0029 30 7B         [12]   94 	jr	NC,00111$
                             95 ;src/systems/hud.c:30: digit = (u8)(value / divisor);
   002B C5            [11]   96 	push	bc
   002C C5            [11]   97 	push	bc
   002D DD 6E 04      [19]   98 	ld	l,4 (ix)
   0030 DD 66 05      [19]   99 	ld	h,5 (ix)
   0033 E5            [11]  100 	push	hl
   0034 CDr00r00      [17]  101 	call	__divuint
   0037 F1            [10]  102 	pop	af
   0038 F1            [10]  103 	pop	af
   0039 5D            [ 4]  104 	ld	e, l
   003A C1            [10]  105 	pop	bc
                            106 ;src/systems/hud.c:31: value = (u16)(value % divisor);
   003B C5            [11]  107 	push	bc
   003C D5            [11]  108 	push	de
   003D C5            [11]  109 	push	bc
   003E DD 6E 04      [19]  110 	ld	l,4 (ix)
   0041 DD 66 05      [19]  111 	ld	h,5 (ix)
   0044 E5            [11]  112 	push	hl
   0045 CDr00r00      [17]  113 	call	__moduint
   0048 F1            [10]  114 	pop	af
   0049 F1            [10]  115 	pop	af
   004A D1            [10]  116 	pop	de
   004B C1            [10]  117 	pop	bc
   004C DD 75 04      [19]  118 	ld	4 (ix), l
   004F DD 74 05      [19]  119 	ld	5 (ix), h
                            120 ;src/systems/hud.c:33: pvmem = cpct_getScreenPtr(CPCT_VMEM_START, startx + (i * 8), y);
   0052 DD 7E FF      [19]  121 	ld	a, -1 (ix)
   0055 07            [ 4]  122 	rlca
   0056 07            [ 4]  123 	rlca
   0057 07            [ 4]  124 	rlca
   0058 E6 F8         [ 7]  125 	and	a, #0xf8
   005A 57            [ 4]  126 	ld	d, a
   005B DD 7E 07      [19]  127 	ld	a, 7 (ix)
   005E 82            [ 4]  128 	add	a, d
   005F 57            [ 4]  129 	ld	d, a
   0060 C5            [11]  130 	push	bc
   0061 D5            [11]  131 	push	de
   0062 DD 7E 08      [19]  132 	ld	a, 8 (ix)
   0065 F5            [11]  133 	push	af
   0066 33            [ 6]  134 	inc	sp
   0067 D5            [11]  135 	push	de
   0068 33            [ 6]  136 	inc	sp
   0069 21 00 C0      [10]  137 	ld	hl, #0xc000
   006C E5            [11]  138 	push	hl
   006D CDr00r00      [17]  139 	call	_cpct_getScreenPtr
   0070 D1            [10]  140 	pop	de
   0071 C1            [10]  141 	pop	bc
                            142 ;src/systems/hud.c:34: cpct_drawSprite((u8*)hudnumbers[digit], pvmem, 8, 8);
   0072 E5            [11]  143 	push	hl
   0073 FD E1         [14]  144 	pop	iy
   0075 26 00         [ 7]  145 	ld	h, #0x00
   0077 6B            [ 4]  146 	ld	l, e
   0078 29            [11]  147 	add	hl, hl
   0079 11r00r00      [10]  148 	ld	de, #_hudnumbers
   007C 19            [11]  149 	add	hl, de
   007D 5E            [ 7]  150 	ld	e, (hl)
   007E 23            [ 6]  151 	inc	hl
   007F 56            [ 7]  152 	ld	d, (hl)
   0080 C5            [11]  153 	push	bc
   0081 21 08 08      [10]  154 	ld	hl, #0x0808
   0084 E5            [11]  155 	push	hl
   0085 FD E5         [15]  156 	push	iy
   0087 D5            [11]  157 	push	de
   0088 CDr00r00      [17]  158 	call	_cpct_drawSprite
   008B C1            [10]  159 	pop	bc
                            160 ;src/systems/hud.c:36: if (divisor > 1) {
   008C 3E 01         [ 7]  161 	ld	a, #0x01
   008E B9            [ 4]  162 	cp	a, c
   008F 3E 00         [ 7]  163 	ld	a, #0x00
   0091 98            [ 4]  164 	sbc	a, b
   0092 30 0C         [12]  165 	jr	NC,00110$
                            166 ;src/systems/hud.c:37: divisor /= 10;
   0094 21 0A 00      [10]  167 	ld	hl, #0x000a
   0097 E5            [11]  168 	push	hl
   0098 C5            [11]  169 	push	bc
   0099 CDr00r00      [17]  170 	call	__divuint
   009C F1            [10]  171 	pop	af
   009D F1            [10]  172 	pop	af
   009E 4D            [ 4]  173 	ld	c, l
   009F 44            [ 4]  174 	ld	b, h
   00A0                     175 00110$:
                            176 ;src/systems/hud.c:29: for (i = 0; i < digits; ++i) {
   00A0 DD 34 FF      [23]  177 	inc	-1 (ix)
   00A3 C3r23r00      [10]  178 	jp	00109$
   00A6                     179 00111$:
   00A6 33            [ 6]  180 	inc	sp
   00A7 DD E1         [14]  181 	pop	ix
   00A9 C9            [10]  182 	ret
   00AA                     183 __hud_dummy_sprite:
   00AA 00                  184 	.db #0x00	; 0
   00AB 00                  185 	.db 0x00
   00AC 00                  186 	.db 0x00
   00AD 00                  187 	.db 0x00
   00AE 00                  188 	.db 0x00
   00AF 00                  189 	.db 0x00
   00B0 00                  190 	.db 0x00
   00B1 00                  191 	.db 0x00
   00B2 00                  192 	.db 0x00
   00B3 00                  193 	.db 0x00
   00B4 00                  194 	.db 0x00
   00B5 00                  195 	.db 0x00
   00B6 00                  196 	.db 0x00
   00B7 00                  197 	.db 0x00
   00B8 00                  198 	.db 0x00
   00B9 00                  199 	.db 0x00
   00BA 00                  200 	.db 0x00
   00BB 00                  201 	.db 0x00
   00BC 00                  202 	.db 0x00
   00BD 00                  203 	.db 0x00
   00BE 00                  204 	.db 0x00
   00BF 00                  205 	.db 0x00
   00C0 00                  206 	.db 0x00
   00C1 00                  207 	.db 0x00
   00C2 00                  208 	.db 0x00
   00C3 00                  209 	.db 0x00
   00C4 00                  210 	.db 0x00
   00C5 00                  211 	.db 0x00
   00C6 00                  212 	.db 0x00
   00C7 00                  213 	.db 0x00
   00C8 00                  214 	.db 0x00
   00C9 00                  215 	.db 0x00
   00CA 00                  216 	.db 0x00
   00CB 00                  217 	.db 0x00
   00CC 00                  218 	.db 0x00
   00CD 00                  219 	.db 0x00
   00CE 00                  220 	.db 0x00
   00CF 00                  221 	.db 0x00
   00D0 00                  222 	.db 0x00
   00D1 00                  223 	.db 0x00
   00D2 00                  224 	.db 0x00
   00D3 00                  225 	.db 0x00
   00D4 00                  226 	.db 0x00
   00D5 00                  227 	.db 0x00
   00D6 00                  228 	.db 0x00
   00D7 00                  229 	.db 0x00
   00D8 00                  230 	.db 0x00
   00D9 00                  231 	.db 0x00
   00DA 00                  232 	.db 0x00
   00DB 00                  233 	.db 0x00
   00DC 00                  234 	.db 0x00
   00DD 00                  235 	.db 0x00
   00DE 00                  236 	.db 0x00
   00DF 00                  237 	.db 0x00
   00E0 00                  238 	.db 0x00
   00E1 00                  239 	.db 0x00
   00E2 00                  240 	.db 0x00
   00E3 00                  241 	.db 0x00
   00E4 00                  242 	.db 0x00
   00E5 00                  243 	.db 0x00
   00E6 00                  244 	.db 0x00
   00E7 00                  245 	.db 0x00
   00E8 00                  246 	.db 0x00
   00E9 00                  247 	.db 0x00
   00EA                     248 _hudhealth:
   00EA 00                  249 	.db #0x00	; 0
   00EB 00                  250 	.db 0x00
   00EC 00                  251 	.db 0x00
   00ED 00                  252 	.db 0x00
   00EE 00                  253 	.db 0x00
   00EF 00                  254 	.db 0x00
   00F0 00                  255 	.db 0x00
   00F1 00                  256 	.db 0x00
   00F2 00                  257 	.db 0x00
   00F3 00                  258 	.db 0x00
   00F4 00                  259 	.db 0x00
   00F5 00                  260 	.db 0x00
   00F6 00                  261 	.db 0x00
   00F7 00                  262 	.db 0x00
   00F8 00                  263 	.db 0x00
   00F9 00                  264 	.db 0x00
   00FA 00                  265 	.db 0x00
   00FB 00                  266 	.db 0x00
   00FC 00                  267 	.db 0x00
   00FD 00                  268 	.db 0x00
   00FE 00                  269 	.db 0x00
   00FF 00                  270 	.db 0x00
   0100 00                  271 	.db 0x00
   0101 00                  272 	.db 0x00
   0102 00                  273 	.db 0x00
   0103 00                  274 	.db 0x00
   0104 00                  275 	.db 0x00
   0105 00                  276 	.db 0x00
   0106 00                  277 	.db 0x00
   0107 00                  278 	.db 0x00
   0108 00                  279 	.db 0x00
   0109 00                  280 	.db 0x00
   010A 00                  281 	.db 0x00
   010B 00                  282 	.db 0x00
   010C 00                  283 	.db 0x00
   010D 00                  284 	.db 0x00
   010E 00                  285 	.db 0x00
   010F 00                  286 	.db 0x00
   0110 00                  287 	.db 0x00
   0111 00                  288 	.db 0x00
   0112 00                  289 	.db 0x00
   0113 00                  290 	.db 0x00
   0114 00                  291 	.db 0x00
   0115 00                  292 	.db 0x00
   0116 00                  293 	.db 0x00
   0117 00                  294 	.db 0x00
   0118 00                  295 	.db 0x00
   0119 00                  296 	.db 0x00
   011A 00                  297 	.db 0x00
   011B 00                  298 	.db 0x00
   011C 00                  299 	.db 0x00
   011D 00                  300 	.db 0x00
   011E 00                  301 	.db 0x00
   011F 00                  302 	.db 0x00
   0120 00                  303 	.db 0x00
   0121 00                  304 	.db 0x00
   0122 00                  305 	.db 0x00
   0123 00                  306 	.db 0x00
   0124 00                  307 	.db 0x00
   0125 00                  308 	.db 0x00
   0126 00                  309 	.db 0x00
   0127 00                  310 	.db 0x00
   0128 00                  311 	.db 0x00
   0129 00                  312 	.db 0x00
   012A                     313 _hudlives:
   012A 00                  314 	.db #0x00	; 0
   012B 00                  315 	.db 0x00
   012C 00                  316 	.db 0x00
   012D 00                  317 	.db 0x00
   012E 00                  318 	.db 0x00
   012F 00                  319 	.db 0x00
   0130 00                  320 	.db 0x00
   0131 00                  321 	.db 0x00
   0132 00                  322 	.db 0x00
   0133 00                  323 	.db 0x00
   0134 00                  324 	.db 0x00
   0135 00                  325 	.db 0x00
   0136 00                  326 	.db 0x00
   0137 00                  327 	.db 0x00
   0138 00                  328 	.db 0x00
   0139 00                  329 	.db 0x00
   013A 00                  330 	.db 0x00
   013B 00                  331 	.db 0x00
   013C 00                  332 	.db 0x00
   013D 00                  333 	.db 0x00
   013E 00                  334 	.db 0x00
   013F 00                  335 	.db 0x00
   0140 00                  336 	.db 0x00
   0141 00                  337 	.db 0x00
   0142 00                  338 	.db 0x00
   0143 00                  339 	.db 0x00
   0144 00                  340 	.db 0x00
   0145 00                  341 	.db 0x00
   0146 00                  342 	.db 0x00
   0147 00                  343 	.db 0x00
   0148 00                  344 	.db 0x00
   0149 00                  345 	.db 0x00
   014A 00                  346 	.db 0x00
   014B 00                  347 	.db 0x00
   014C 00                  348 	.db 0x00
   014D 00                  349 	.db 0x00
   014E 00                  350 	.db 0x00
   014F 00                  351 	.db 0x00
   0150 00                  352 	.db 0x00
   0151 00                  353 	.db 0x00
   0152 00                  354 	.db 0x00
   0153 00                  355 	.db 0x00
   0154 00                  356 	.db 0x00
   0155 00                  357 	.db 0x00
   0156 00                  358 	.db 0x00
   0157 00                  359 	.db 0x00
   0158 00                  360 	.db 0x00
   0159 00                  361 	.db 0x00
   015A 00                  362 	.db 0x00
   015B 00                  363 	.db 0x00
   015C 00                  364 	.db 0x00
   015D 00                  365 	.db 0x00
   015E 00                  366 	.db 0x00
   015F 00                  367 	.db 0x00
   0160 00                  368 	.db 0x00
   0161 00                  369 	.db 0x00
   0162 00                  370 	.db 0x00
   0163 00                  371 	.db 0x00
   0164 00                  372 	.db 0x00
   0165 00                  373 	.db 0x00
   0166 00                  374 	.db 0x00
   0167 00                  375 	.db 0x00
   0168 00                  376 	.db 0x00
   0169 00                  377 	.db 0x00
                            378 ;src/systems/hud.c:42: void hudinit(void) {
                            379 ;	---------------------------------
                            380 ; Function hudinit
                            381 ; ---------------------------------
   016A                     382 _hudinit::
                            383 ;src/systems/hud.c:43: currenthealth = 3;
   016A 21r00r00      [10]  384 	ld	hl,#_currenthealth + 0
   016D 36 03         [10]  385 	ld	(hl), #0x03
                            386 ;src/systems/hud.c:44: currentscore  = 0;
   016F 21 00 00      [10]  387 	ld	hl, #0x0000
   0172 22r01r00      [16]  388 	ld	(_currentscore), hl
                            389 ;src/systems/hud.c:45: currenttime   = 90;
   0175 21r03r00      [10]  390 	ld	hl,#_currenttime + 0
   0178 36 5A         [10]  391 	ld	(hl), #0x5a
                            392 ;src/systems/hud.c:46: currentlives  = 3;
   017A 21r04r00      [10]  393 	ld	hl,#_currentlives + 0
   017D 36 03         [10]  394 	ld	(hl), #0x03
                            395 ;src/systems/hud.c:47: currentweapon = 0;
   017F 21r05r00      [10]  396 	ld	hl,#_currentweapon + 0
   0182 36 00         [10]  397 	ld	(hl), #0x00
   0184 C9            [10]  398 	ret
                            399 ;src/systems/hud.c:50: void hudupdate(u8 lives, u16 score, u8 time, u8 weapon) {
                            400 ;	---------------------------------
                            401 ; Function hudupdate
                            402 ; ---------------------------------
   0185                     403 _hudupdate::
                            404 ;src/systems/hud.c:51: currenthealth = lives;
   0185 21 02 00      [10]  405 	ld	hl, #2+0
   0188 39            [11]  406 	add	hl, sp
   0189 7E            [ 7]  407 	ld	a, (hl)
   018A 32r00r00      [13]  408 	ld	(#_currenthealth + 0),a
                            409 ;src/systems/hud.c:52: currentscore  = score;
   018D 21 03 00      [10]  410 	ld	hl, #3+0
   0190 39            [11]  411 	add	hl, sp
   0191 7E            [ 7]  412 	ld	a, (hl)
   0192 32r01r00      [13]  413 	ld	(#_currentscore + 0),a
   0195 21 04 00      [10]  414 	ld	hl, #3+1
   0198 39            [11]  415 	add	hl, sp
   0199 7E            [ 7]  416 	ld	a, (hl)
   019A 32r02r00      [13]  417 	ld	(#_currentscore + 1),a
                            418 ;src/systems/hud.c:53: currenttime   = time;
   019D 21 05 00      [10]  419 	ld	hl, #5+0
   01A0 39            [11]  420 	add	hl, sp
   01A1 7E            [ 7]  421 	ld	a, (hl)
   01A2 32r03r00      [13]  422 	ld	(#_currenttime + 0),a
                            423 ;src/systems/hud.c:54: currentlives  = lives;
   01A5 21 02 00      [10]  424 	ld	hl, #2+0
   01A8 39            [11]  425 	add	hl, sp
   01A9 7E            [ 7]  426 	ld	a, (hl)
   01AA 32r04r00      [13]  427 	ld	(#_currentlives + 0),a
                            428 ;src/systems/hud.c:55: currentweapon = weapon;
   01AD 21 06 00      [10]  429 	ld	hl, #6+0
   01B0 39            [11]  430 	add	hl, sp
   01B1 7E            [ 7]  431 	ld	a, (hl)
   01B2 32r05r00      [13]  432 	ld	(#_currentweapon + 0),a
   01B5 C9            [10]  433 	ret
                            434 ;src/systems/hud.c:58: void hudrender(void) {
                            435 ;	---------------------------------
                            436 ; Function hudrender
                            437 ; ---------------------------------
   01B6                     438 _hudrender::
                            439 ;src/systems/hud.c:64: for (i = 0; i < currenthealth; ++i) {
   01B6 0E 00         [ 7]  440 	ld	c, #0x00
   01B8                     441 00103$:
   01B8 21r00r00      [10]  442 	ld	hl, #_currenthealth
                            443 ;src/systems/hud.c:65: pvmem = cpct_getScreenPtr(CPCT_VMEM_START, 2 + (i * 8), 2);
   01BB 79            [ 4]  444 	ld	a,c
   01BC BE            [ 7]  445 	cp	a,(hl)
   01BD 30 26         [12]  446 	jr	NC,00101$
   01BF 07            [ 4]  447 	rlca
   01C0 07            [ 4]  448 	rlca
   01C1 07            [ 4]  449 	rlca
   01C2 E6 F8         [ 7]  450 	and	a, #0xf8
   01C4 47            [ 4]  451 	ld	b, a
   01C5 04            [ 4]  452 	inc	b
   01C6 04            [ 4]  453 	inc	b
   01C7 C5            [11]  454 	push	bc
   01C8 3E 02         [ 7]  455 	ld	a, #0x02
   01CA F5            [11]  456 	push	af
   01CB 33            [ 6]  457 	inc	sp
   01CC C5            [11]  458 	push	bc
   01CD 33            [ 6]  459 	inc	sp
   01CE 21 00 C0      [10]  460 	ld	hl, #0xc000
   01D1 E5            [11]  461 	push	hl
   01D2 CDr00r00      [17]  462 	call	_cpct_getScreenPtr
   01D5 11 08 08      [10]  463 	ld	de, #0x0808
   01D8 D5            [11]  464 	push	de
   01D9 E5            [11]  465 	push	hl
   01DA 21rEAr00      [10]  466 	ld	hl, #_hudhealth
   01DD E5            [11]  467 	push	hl
   01DE CDr00r00      [17]  468 	call	_cpct_drawSprite
   01E1 C1            [10]  469 	pop	bc
                            470 ;src/systems/hud.c:64: for (i = 0; i < currenthealth; ++i) {
   01E2 0C            [ 4]  471 	inc	c
   01E3 18 D3         [12]  472 	jr	00103$
   01E5                     473 00101$:
                            474 ;src/systems/hud.c:69: scoretemp = currentscore;
   01E5 2Ar01r00      [16]  475 	ld	hl, (_currentscore)
                            476 ;src/systems/hud.c:70: hud_draw_digits(scoretemp, 5, 88, 2);
   01E8 01 58 02      [10]  477 	ld	bc, #0x0258
   01EB C5            [11]  478 	push	bc
   01EC 3E 05         [ 7]  479 	ld	a, #0x05
   01EE F5            [11]  480 	push	af
   01EF 33            [ 6]  481 	inc	sp
   01F0 E5            [11]  482 	push	hl
   01F1 CDr00r00      [17]  483 	call	_hud_draw_digits
   01F4 F1            [10]  484 	pop	af
   01F5 F1            [10]  485 	pop	af
   01F6 33            [ 6]  486 	inc	sp
                            487 ;src/systems/hud.c:72: timetemp = currenttime;
   01F7 21r03r00      [10]  488 	ld	hl,#_currenttime + 0
   01FA 4E            [ 7]  489 	ld	c, (hl)
                            490 ;src/systems/hud.c:73: hud_draw_digits((u16)timetemp, 3, 56, 2);
   01FB 06 00         [ 7]  491 	ld	b, #0x00
   01FD 21 38 02      [10]  492 	ld	hl, #0x0238
   0200 E5            [11]  493 	push	hl
   0201 3E 03         [ 7]  494 	ld	a, #0x03
   0203 F5            [11]  495 	push	af
   0204 33            [ 6]  496 	inc	sp
   0205 C5            [11]  497 	push	bc
   0206 CDr00r00      [17]  498 	call	_hud_draw_digits
   0209 F1            [10]  499 	pop	af
                            500 ;src/systems/hud.c:75: pvmem = cpct_getScreenPtr(CPCT_VMEM_START, 2, 180);
   020A 33            [ 6]  501 	inc	sp
   020B 21 02 B4      [10]  502 	ld	hl,#0xb402
   020E E3            [19]  503 	ex	(sp),hl
   020F 21 00 C0      [10]  504 	ld	hl, #0xc000
   0212 E5            [11]  505 	push	hl
   0213 CDr00r00      [17]  506 	call	_cpct_getScreenPtr
                            507 ;src/systems/hud.c:76: cpct_drawSprite((u8*)hudlives, pvmem, 8, 8);
   0216 01r2Ar01      [10]  508 	ld	bc, #_hudlives+0
   0219 11 08 08      [10]  509 	ld	de, #0x0808
   021C D5            [11]  510 	push	de
   021D E5            [11]  511 	push	hl
   021E C5            [11]  512 	push	bc
   021F CDr00r00      [17]  513 	call	_cpct_drawSprite
                            514 ;src/systems/hud.c:78: pvmem = cpct_getScreenPtr(CPCT_VMEM_START, 12, 180);
   0222 21 0C B4      [10]  515 	ld	hl, #0xb40c
   0225 E5            [11]  516 	push	hl
   0226 21 00 C0      [10]  517 	ld	hl, #0xc000
   0229 E5            [11]  518 	push	hl
   022A CDr00r00      [17]  519 	call	_cpct_getScreenPtr
                            520 ;src/systems/hud.c:79: cpct_drawSprite((u8*)hudnumbers[currentlives % 10], pvmem, 8, 8);
   022D E5            [11]  521 	push	hl
   022E 3E 0A         [ 7]  522 	ld	a, #0x0a
   0230 F5            [11]  523 	push	af
   0231 33            [ 6]  524 	inc	sp
   0232 3Ar04r00      [13]  525 	ld	a, (_currentlives)
   0235 F5            [11]  526 	push	af
   0236 33            [ 6]  527 	inc	sp
   0237 CDr00r00      [17]  528 	call	__moduchar
   023A F1            [10]  529 	pop	af
   023B C1            [10]  530 	pop	bc
   023C 26 00         [ 7]  531 	ld	h, #0x00
   023E 29            [11]  532 	add	hl, hl
   023F 11r00r00      [10]  533 	ld	de, #_hudnumbers
   0242 19            [11]  534 	add	hl, de
   0243 5E            [ 7]  535 	ld	e, (hl)
   0244 23            [ 6]  536 	inc	hl
   0245 56            [ 7]  537 	ld	d, (hl)
   0246 21 08 08      [10]  538 	ld	hl, #0x0808
   0249 E5            [11]  539 	push	hl
   024A C5            [11]  540 	push	bc
   024B D5            [11]  541 	push	de
   024C CDr00r00      [17]  542 	call	_cpct_drawSprite
                            543 ;src/systems/hud.c:81: pvmem = cpct_getScreenPtr(CPCT_VMEM_START, 70, 180);
   024F 21 46 B4      [10]  544 	ld	hl, #0xb446
   0252 E5            [11]  545 	push	hl
   0253 21 00 C0      [10]  546 	ld	hl, #0xc000
   0256 E5            [11]  547 	push	hl
   0257 CDr00r00      [17]  548 	call	_cpct_getScreenPtr
                            549 ;src/systems/hud.c:82: cpct_drawSprite((u8*)hudnumbers[currentweapon % 10], pvmem, 8, 8);
   025A E5            [11]  550 	push	hl
   025B 3E 0A         [ 7]  551 	ld	a, #0x0a
   025D F5            [11]  552 	push	af
   025E 33            [ 6]  553 	inc	sp
   025F 3Ar05r00      [13]  554 	ld	a, (_currentweapon)
   0262 F5            [11]  555 	push	af
   0263 33            [ 6]  556 	inc	sp
   0264 CDr00r00      [17]  557 	call	__moduchar
   0267 F1            [10]  558 	pop	af
   0268 C1            [10]  559 	pop	bc
   0269 26 00         [ 7]  560 	ld	h, #0x00
   026B 29            [11]  561 	add	hl, hl
   026C 11r00r00      [10]  562 	ld	de, #_hudnumbers
   026F 19            [11]  563 	add	hl, de
   0270 5E            [ 7]  564 	ld	e, (hl)
   0271 23            [ 6]  565 	inc	hl
   0272 56            [ 7]  566 	ld	d, (hl)
   0273 21 08 08      [10]  567 	ld	hl, #0x0808
   0276 E5            [11]  568 	push	hl
   0277 C5            [11]  569 	push	bc
   0278 D5            [11]  570 	push	de
   0279 CDr00r00      [17]  571 	call	_cpct_drawSprite
   027C C9            [10]  572 	ret
                            573 	.area _CODE
                            574 	.area _INITIALIZER
   0000                     575 __xinit__hudnumbers:
   0000rAAr00               576 	.dw __hud_dummy_sprite
   0002rAAr00               577 	.dw __hud_dummy_sprite
   0004rAAr00               578 	.dw __hud_dummy_sprite
   0006rAAr00               579 	.dw __hud_dummy_sprite
   0008rAAr00               580 	.dw __hud_dummy_sprite
   000ArAAr00               581 	.dw __hud_dummy_sprite
   000CrAAr00               582 	.dw __hud_dummy_sprite
   000ErAAr00               583 	.dw __hud_dummy_sprite
   0010rAAr00               584 	.dw __hud_dummy_sprite
   0012rAAr00               585 	.dw __hud_dummy_sprite
                            586 	.area _CABS (ABS)
