                              1 ;--------------------------------------------------------
                              2 ; File Created by SDCC : free open source ANSI-C Compiler
                              3 ; Version 3.6.8 #9946 (Mac OS X ppc)
                              4 ;--------------------------------------------------------
                              5 	.module game
                              6 	.optsdcc -mz80
                              7 	
                              8 ;--------------------------------------------------------
                              9 ; Public variables in this module
                             10 ;--------------------------------------------------------
                             11 	.globl _hudrender
                             12 	.globl _hudupdate
                             13 	.globl _hudinit
                             14 	.globl _projectilerender
                             15 	.globl _projectileupdate
                             16 	.globl _projectilefire
                             17 	.globl _projectileinit
                             18 	.globl _enemydamage
                             19 	.globl _enemyrender
                             20 	.globl _enemyupdate
                             21 	.globl _enemyspawn
                             22 	.globl _enemyinit
                             23 	.globl _playerrender
                             24 	.globl _playerupdate
                             25 	.globl _playerinit
                             26 	.globl _collision_is_on_trap
                             27 	.globl _collision_init
                             28 	.globl _input_is_shoot_just_pressed
                             29 	.globl _input_update
                             30 	.globl _tilemap_goal_x
                             31 	.globl _tilemap_ground_y
                             32 	.globl _tilemap_render
                             33 	.globl _tilemap_init
                             34 	.globl _cpct_getScreenPtr
                             35 	.globl _cpct_setVideoMode
                             36 	.globl _cpct_drawSolidBox
                             37 	.globl _cpct_memset
                             38 	.globl _cpct_disableFirmware
                             39 	.globl _game_init
                             40 	.globl _game_update
                             41 	.globl _game_render
                             42 ;--------------------------------------------------------
                             43 ; special function registers
                             44 ;--------------------------------------------------------
                             45 ;--------------------------------------------------------
                             46 ; ram data
                             47 ;--------------------------------------------------------
                             48 	.area _DATA
   0000                      49 _g_player:
   0000                      50 	.ds 9
   0009                      51 _g_enemies:
   0009                      52 	.ds 60
   0045                      53 _g_projectiles:
   0045                      54 	.ds 60
   0081                      55 _g_lives:
   0081                      56 	.ds 1
   0082                      57 _g_score:
   0082                      58 	.ds 2
   0084                      59 _g_timeleft:
   0084                      60 	.ds 1
   0085                      61 _g_weapondisplay:
   0085                      62 	.ds 1
   0086                      63 _g_currentwave:
   0086                      64 	.ds 1
   0087                      65 _g_aliveenemies:
   0087                      66 	.ds 1
   0088                      67 _g_wavecooldown:
   0088                      68 	.ds 1
   0089                      69 _g_damagecooldown:
   0089                      70 	.ds 1
   008A                      71 _g_shootcooldown:
   008A                      72 	.ds 1
   008B                      73 _g_victory:
   008B                      74 	.ds 1
   008C                      75 _g_gameover:
   008C                      76 	.ds 1
   008D                      77 _g_framecounter:
   008D                      78 	.ds 2
   008F                      79 _g_checkpointx:
   008F                      80 	.ds 1
   0090                      81 _g_checkpointy:
   0090                      82 	.ds 1
   0091                      83 _g_checkpointactive:
   0091                      84 	.ds 1
   0092                      85 _g_boss:
   0092                      86 	.ds 10
   009C                      87 _g_bossactive:
   009C                      88 	.ds 1
   009D                      89 _g_bossphase:
   009D                      90 	.ds 1
                             91 ;--------------------------------------------------------
                             92 ; ram data
                             93 ;--------------------------------------------------------
                             94 	.area _INITIALIZED
                             95 ;--------------------------------------------------------
                             96 ; absolute external ram data
                             97 ;--------------------------------------------------------
                             98 	.area _DABS (ABS)
                             99 ;--------------------------------------------------------
                            100 ; global & static initialisations
                            101 ;--------------------------------------------------------
                            102 	.area _HOME
                            103 	.area _GSINIT
                            104 	.area _GSFINAL
                            105 	.area _GSINIT
                            106 ;--------------------------------------------------------
                            107 ; Home
                            108 ;--------------------------------------------------------
                            109 	.area _HOME
                            110 	.area _HOME
                            111 ;--------------------------------------------------------
                            112 ; code
                            113 ;--------------------------------------------------------
                            114 	.area _CODE
                            115 ;src/game.c:38: static void reset_player_to_checkpoint(void) {
                            116 ;	---------------------------------
                            117 ; Function reset_player_to_checkpoint
                            118 ; ---------------------------------
   0000                     119 _reset_player_to_checkpoint:
                            120 ;src/game.c:39: g_player.x = g_checkpointx;
   0000 21r00r00      [10]  121 	ld	hl, #_g_player
   0003 3Ar8Fr00      [13]  122 	ld	a,(#_g_checkpointx + 0)
   0006 77            [ 7]  123 	ld	(hl), a
                            124 ;src/game.c:40: g_player.y = g_checkpointy;
   0007 21r01r00      [10]  125 	ld	hl, #(_g_player + 0x0001)
   000A 3Ar90r00      [13]  126 	ld	a,(#_g_checkpointy + 0)
   000D 77            [ 7]  127 	ld	(hl), a
                            128 ;src/game.c:41: g_player.vx = 0;
   000E 21r02r00      [10]  129 	ld	hl, #(_g_player + 0x0002)
   0011 36 00         [10]  130 	ld	(hl), #0x00
                            131 ;src/game.c:42: g_player.vy = 0;
   0013 21r03r00      [10]  132 	ld	hl, #(_g_player + 0x0003)
   0016 36 00         [10]  133 	ld	(hl), #0x00
   0018 C9            [10]  134 	ret
                            135 ;src/game.c:45: static u8 rect_overlap(i16 ax, i16 ay, u8 aw, u8 ah, i16 bx, i16 by, u8 bw, u8 bh) {
                            136 ;	---------------------------------
                            137 ; Function rect_overlap
                            138 ; ---------------------------------
   0019                     139 _rect_overlap:
   0019 DD E5         [15]  140 	push	ix
   001B DD 21 00 00   [14]  141 	ld	ix,#0
   001F DD 39         [15]  142 	add	ix,sp
                            143 ;src/game.c:46: if (ax + aw <= bx) return 0;
   0021 DD 4E 08      [19]  144 	ld	c, 8 (ix)
   0024 06 00         [ 7]  145 	ld	b, #0x00
   0026 DD 6E 04      [19]  146 	ld	l,4 (ix)
   0029 DD 66 05      [19]  147 	ld	h,5 (ix)
   002C 09            [11]  148 	add	hl, bc
   002D DD 7E 0A      [19]  149 	ld	a, 10 (ix)
   0030 95            [ 4]  150 	sub	a, l
   0031 DD 7E 0B      [19]  151 	ld	a, 11 (ix)
   0034 9C            [ 4]  152 	sbc	a, h
   0035 E2r3Ar00      [10]  153 	jp	PO, 00127$
   0038 EE 80         [ 7]  154 	xor	a, #0x80
   003A                     155 00127$:
   003A FAr41r00      [10]  156 	jp	M, 00102$
   003D 2E 00         [ 7]  157 	ld	l, #0x00
   003F 18 62         [12]  158 	jr	00109$
   0041                     159 00102$:
                            160 ;src/game.c:47: if (bx + bw <= ax) return 0;
   0041 DD 4E 0E      [19]  161 	ld	c, 14 (ix)
   0044 06 00         [ 7]  162 	ld	b, #0x00
   0046 DD 6E 0A      [19]  163 	ld	l,10 (ix)
   0049 DD 66 0B      [19]  164 	ld	h,11 (ix)
   004C 09            [11]  165 	add	hl, bc
   004D DD 7E 04      [19]  166 	ld	a, 4 (ix)
   0050 95            [ 4]  167 	sub	a, l
   0051 DD 7E 05      [19]  168 	ld	a, 5 (ix)
   0054 9C            [ 4]  169 	sbc	a, h
   0055 E2r5Ar00      [10]  170 	jp	PO, 00128$
   0058 EE 80         [ 7]  171 	xor	a, #0x80
   005A                     172 00128$:
   005A FAr61r00      [10]  173 	jp	M, 00104$
   005D 2E 00         [ 7]  174 	ld	l, #0x00
   005F 18 42         [12]  175 	jr	00109$
   0061                     176 00104$:
                            177 ;src/game.c:48: if (ay + ah <= by) return 0;
   0061 DD 4E 09      [19]  178 	ld	c, 9 (ix)
   0064 06 00         [ 7]  179 	ld	b, #0x00
   0066 DD 6E 06      [19]  180 	ld	l,6 (ix)
   0069 DD 66 07      [19]  181 	ld	h,7 (ix)
   006C 09            [11]  182 	add	hl, bc
   006D DD 7E 0C      [19]  183 	ld	a, 12 (ix)
   0070 95            [ 4]  184 	sub	a, l
   0071 DD 7E 0D      [19]  185 	ld	a, 13 (ix)
   0074 9C            [ 4]  186 	sbc	a, h
   0075 E2r7Ar00      [10]  187 	jp	PO, 00129$
   0078 EE 80         [ 7]  188 	xor	a, #0x80
   007A                     189 00129$:
   007A FAr81r00      [10]  190 	jp	M, 00106$
   007D 2E 00         [ 7]  191 	ld	l, #0x00
   007F 18 22         [12]  192 	jr	00109$
   0081                     193 00106$:
                            194 ;src/game.c:49: if (by + bh <= ay) return 0;
   0081 DD 4E 0F      [19]  195 	ld	c, 15 (ix)
   0084 06 00         [ 7]  196 	ld	b, #0x00
   0086 DD 6E 0C      [19]  197 	ld	l,12 (ix)
   0089 DD 66 0D      [19]  198 	ld	h,13 (ix)
   008C 09            [11]  199 	add	hl, bc
   008D DD 7E 06      [19]  200 	ld	a, 6 (ix)
   0090 95            [ 4]  201 	sub	a, l
   0091 DD 7E 07      [19]  202 	ld	a, 7 (ix)
   0094 9C            [ 4]  203 	sbc	a, h
   0095 E2r9Ar00      [10]  204 	jp	PO, 00130$
   0098 EE 80         [ 7]  205 	xor	a, #0x80
   009A                     206 00130$:
   009A FArA1r00      [10]  207 	jp	M, 00108$
   009D 2E 00         [ 7]  208 	ld	l, #0x00
   009F 18 02         [12]  209 	jr	00109$
   00A1                     210 00108$:
                            211 ;src/game.c:50: return 1;
   00A1 2E 01         [ 7]  212 	ld	l, #0x01
   00A3                     213 00109$:
   00A3 DD E1         [14]  214 	pop	ix
   00A5 C9            [10]  215 	ret
                            216 ;src/game.c:53: static void spawn_wave(u8 wave) {
                            217 ;	---------------------------------
                            218 ; Function spawn_wave
                            219 ; ---------------------------------
   00A6                     220 _spawn_wave:
   00A6 DD E5         [15]  221 	push	ix
   00A8 DD 21 00 00   [14]  222 	ld	ix,#0
   00AC DD 39         [15]  223 	add	ix,sp
   00AE F5            [11]  224 	push	af
   00AF F5            [11]  225 	push	af
   00B0 3B            [ 6]  226 	dec	sp
                            227 ;src/game.c:57: for (i = 0; i < MAX_ENEMIES; ++i) {
   00B1 01r09r00      [10]  228 	ld	bc, #_g_enemies+0
   00B4 1E 00         [ 7]  229 	ld	e, #0x00
   00B6                     230 00117$:
                            231 ;src/game.c:58: enemyinit(&g_enemies[i]);
   00B6 D5            [11]  232 	push	de
   00B7 16 00         [ 7]  233 	ld	d,#0x00
   00B9 6B            [ 4]  234 	ld	l, e
   00BA 62            [ 4]  235 	ld	h, d
   00BB 29            [11]  236 	add	hl, hl
   00BC 29            [11]  237 	add	hl, hl
   00BD 19            [11]  238 	add	hl, de
   00BE 29            [11]  239 	add	hl, hl
   00BF D1            [10]  240 	pop	de
   00C0 09            [11]  241 	add	hl, bc
   00C1 C5            [11]  242 	push	bc
   00C2 D5            [11]  243 	push	de
   00C3 E5            [11]  244 	push	hl
   00C4 CDr00r00      [17]  245 	call	_enemyinit
   00C7 F1            [10]  246 	pop	af
   00C8 D1            [10]  247 	pop	de
   00C9 C1            [10]  248 	pop	bc
                            249 ;src/game.c:57: for (i = 0; i < MAX_ENEMIES; ++i) {
   00CA 1C            [ 4]  250 	inc	e
   00CB 7B            [ 4]  251 	ld	a, e
   00CC D6 06         [ 7]  252 	sub	a, #0x06
   00CE 38 E6         [12]  253 	jr	C,00117$
                            254 ;src/game.c:62: else if (wave == 1) count = 3;
   00D0 DD 7E 04      [19]  255 	ld	a, 4 (ix)
   00D3 3D            [ 4]  256 	dec	a
   00D4 20 04         [12]  257 	jr	NZ,00190$
   00D6 3E 01         [ 7]  258 	ld	a,#0x01
   00D8 18 01         [12]  259 	jr	00191$
   00DA                     260 00190$:
   00DA AF            [ 4]  261 	xor	a,a
   00DB                     262 00191$:
   00DB 5F            [ 4]  263 	ld	e, a
                            264 ;src/game.c:61: if (wave == 0) count = 2;
   00DC DD 7E 04      [19]  265 	ld	a, 4 (ix)
   00DF B7            [ 4]  266 	or	a, a
   00E0 20 06         [12]  267 	jr	NZ,00106$
   00E2 DD 36 FB 02   [19]  268 	ld	-5 (ix), #0x02
   00E6 18 0E         [12]  269 	jr	00107$
   00E8                     270 00106$:
                            271 ;src/game.c:62: else if (wave == 1) count = 3;
   00E8 7B            [ 4]  272 	ld	a, e
   00E9 B7            [ 4]  273 	or	a, a
   00EA 28 06         [12]  274 	jr	Z,00103$
   00EC DD 36 FB 03   [19]  275 	ld	-5 (ix), #0x03
   00F0 18 04         [12]  276 	jr	00107$
   00F2                     277 00103$:
                            278 ;src/game.c:63: else count = 4;
   00F2 DD 36 FB 04   [19]  279 	ld	-5 (ix), #0x04
   00F6                     280 00107$:
                            281 ;src/game.c:65: if (count > MAX_ENEMIES) count = MAX_ENEMIES;
   00F6 3E 06         [ 7]  282 	ld	a, #0x06
   00F8 DD 96 FB      [19]  283 	sub	a, -5 (ix)
   00FB 30 04         [12]  284 	jr	NC,00148$
   00FD DD 36 FB 06   [19]  285 	ld	-5 (ix), #0x06
                            286 ;src/game.c:67: for (i = 0; i < count; ++i) {
   0101                     287 00148$:
   0101 DD 73 FF      [19]  288 	ld	-1 (ix), e
   0104 DD 36 FC 00   [19]  289 	ld	-4 (ix), #0x00
   0108                     290 00120$:
   0108 DD 7E FC      [19]  291 	ld	a, -4 (ix)
   010B DD 96 FB      [19]  292 	sub	a, -5 (ix)
   010E D2r9Br01      [10]  293 	jp	NC, 00116$
                            294 ;src/game.c:70: if (wave == 0) type = 0;
   0111 DD 7E 04      [19]  295 	ld	a, 4 (ix)
   0114 B7            [ 4]  296 	or	a,a
   0115 20 03         [12]  297 	jr	NZ,00114$
   0117 5F            [ 4]  298 	ld	e,a
   0118 18 27         [12]  299 	jr	00115$
   011A                     300 00114$:
                            301 ;src/game.c:71: else if (wave == 1) type = (u8)((i == 0) ? 1 : 0);
   011A DD 7E FF      [19]  302 	ld	a, -1 (ix)
   011D B7            [ 4]  303 	or	a, a
   011E 28 0E         [12]  304 	jr	Z,00111$
   0120 DD 7E FC      [19]  305 	ld	a, -4 (ix)
   0123 B7            [ 4]  306 	or	a, a
   0124 20 04         [12]  307 	jr	NZ,00124$
   0126 1E 01         [ 7]  308 	ld	e, #0x01
   0128 18 17         [12]  309 	jr	00115$
   012A                     310 00124$:
   012A 1E 00         [ 7]  311 	ld	e, #0x00
   012C 18 13         [12]  312 	jr	00115$
   012E                     313 00111$:
                            314 ;src/game.c:72: else type = (u8)((i == 0 || i == 3) ? 2 : 1);
   012E DD 7E FC      [19]  315 	ld	a, -4 (ix)
   0131 B7            [ 4]  316 	or	a, a
   0132 28 07         [12]  317 	jr	Z,00129$
   0134 DD 7E FC      [19]  318 	ld	a, -4 (ix)
   0137 D6 03         [ 7]  319 	sub	a, #0x03
   0139 20 04         [12]  320 	jr	NZ,00126$
   013B                     321 00129$:
   013B 1E 02         [ 7]  322 	ld	e, #0x02
   013D 18 02         [12]  323 	jr	00127$
   013F                     324 00126$:
   013F 1E 01         [ 7]  325 	ld	e, #0x01
   0141                     326 00127$:
   0141                     327 00115$:
                            328 ;src/game.c:74: spawn_y = (type == 2) ? 84 : 112;
   0141 7B            [ 4]  329 	ld	a, e
   0142 D6 02         [ 7]  330 	sub	a, #0x02
   0144 20 04         [12]  331 	jr	NZ,00131$
   0146 16 54         [ 7]  332 	ld	d, #0x54
   0148 18 02         [12]  333 	jr	00132$
   014A                     334 00131$:
   014A 16 70         [ 7]  335 	ld	d, #0x70
   014C                     336 00132$:
                            337 ;src/game.c:75: enemyspawn(&g_enemies[i], (u8)(46 + (i * 8)), spawn_y, type, (u8)((i & 1) ? 1 : 0));
   014C DD CB FC 46   [20]  338 	bit	0, -4 (ix)
   0150 28 06         [12]  339 	jr	Z,00133$
   0152 DD 36 FE 01   [19]  340 	ld	-2 (ix), #0x01
   0156 18 04         [12]  341 	jr	00134$
   0158                     342 00133$:
   0158 DD 36 FE 00   [19]  343 	ld	-2 (ix), #0x00
   015C                     344 00134$:
   015C DD 7E FC      [19]  345 	ld	a, -4 (ix)
   015F 07            [ 4]  346 	rlca
   0160 07            [ 4]  347 	rlca
   0161 07            [ 4]  348 	rlca
   0162 E6 F8         [ 7]  349 	and	a, #0xf8
   0164 C6 2E         [ 7]  350 	add	a, #0x2e
   0166 DD 77 FD      [19]  351 	ld	-3 (ix), a
   0169 D5            [11]  352 	push	de
   016A DD 5E FC      [19]  353 	ld	e,-4 (ix)
   016D 16 00         [ 7]  354 	ld	d,#0x00
   016F 6B            [ 4]  355 	ld	l, e
   0170 62            [ 4]  356 	ld	h, d
   0171 29            [11]  357 	add	hl, hl
   0172 29            [11]  358 	add	hl, hl
   0173 19            [11]  359 	add	hl, de
   0174 29            [11]  360 	add	hl, hl
   0175 D1            [10]  361 	pop	de
   0176 09            [11]  362 	add	hl, bc
   0177 E5            [11]  363 	push	hl
   0178 FD E1         [14]  364 	pop	iy
   017A C5            [11]  365 	push	bc
   017B DD 7E FE      [19]  366 	ld	a, -2 (ix)
   017E F5            [11]  367 	push	af
   017F 33            [ 6]  368 	inc	sp
   0180 7B            [ 4]  369 	ld	a, e
   0181 F5            [11]  370 	push	af
   0182 33            [ 6]  371 	inc	sp
   0183 D5            [11]  372 	push	de
   0184 33            [ 6]  373 	inc	sp
   0185 DD 7E FD      [19]  374 	ld	a, -3 (ix)
   0188 F5            [11]  375 	push	af
   0189 33            [ 6]  376 	inc	sp
   018A FD E5         [15]  377 	push	iy
   018C CDr00r00      [17]  378 	call	_enemyspawn
   018F 21 06 00      [10]  379 	ld	hl, #6
   0192 39            [11]  380 	add	hl, sp
   0193 F9            [ 6]  381 	ld	sp, hl
   0194 C1            [10]  382 	pop	bc
                            383 ;src/game.c:67: for (i = 0; i < count; ++i) {
   0195 DD 34 FC      [23]  384 	inc	-4 (ix)
   0198 C3r08r01      [10]  385 	jp	00120$
   019B                     386 00116$:
                            387 ;src/game.c:78: g_aliveenemies = count;
   019B DD 7E FB      [19]  388 	ld	a, -5 (ix)
   019E 32r87r00      [13]  389 	ld	(#_g_aliveenemies + 0),a
   01A1 DD F9         [10]  390 	ld	sp, ix
   01A3 DD E1         [14]  391 	pop	ix
   01A5 C9            [10]  392 	ret
                            393 ;src/game.c:81: static void spawn_boss(void) {
                            394 ;	---------------------------------
                            395 ; Function spawn_boss
                            396 ; ---------------------------------
   01A6                     397 _spawn_boss:
                            398 ;src/game.c:82: enemyinit(&g_boss);
   01A6 21r92r00      [10]  399 	ld	hl, #_g_boss
   01A9 E5            [11]  400 	push	hl
   01AA CDr00r00      [17]  401 	call	_enemyinit
   01AD F1            [10]  402 	pop	af
                            403 ;src/game.c:83: enemyspawn(&g_boss, 68, 112, 1, 0);
   01AE 21 01 00      [10]  404 	ld	hl, #0x0001
   01B1 E5            [11]  405 	push	hl
   01B2 21 44 70      [10]  406 	ld	hl, #0x7044
   01B5 E5            [11]  407 	push	hl
   01B6 21r92r00      [10]  408 	ld	hl, #_g_boss
   01B9 E5            [11]  409 	push	hl
   01BA CDr00r00      [17]  410 	call	_enemyspawn
   01BD 21 06 00      [10]  411 	ld	hl, #6
   01C0 39            [11]  412 	add	hl, sp
   01C1 F9            [ 6]  413 	ld	sp, hl
                            414 ;src/game.c:84: g_boss.w = 10;
   01C2 21r96r00      [10]  415 	ld	hl, #(_g_boss + 0x0004)
   01C5 36 0A         [10]  416 	ld	(hl), #0x0a
                            417 ;src/game.c:85: g_boss.h = 18;
   01C7 21r97r00      [10]  418 	ld	hl, #(_g_boss + 0x0005)
   01CA 36 12         [10]  419 	ld	(hl), #0x12
                            420 ;src/game.c:86: g_boss.health = 10;
   01CC 21r99r00      [10]  421 	ld	hl, #(_g_boss + 0x0007)
   01CF 36 0A         [10]  422 	ld	(hl), #0x0a
                            423 ;src/game.c:87: g_boss.reward = 1500;
   01D1 21r9Ar00      [10]  424 	ld	hl, #(_g_boss + 0x0008)
   01D4 36 DC         [10]  425 	ld	(hl), #0xdc
                            426 ;src/game.c:88: g_boss.kind = 3;
   01D6 21r9Br00      [10]  427 	ld	hl, #(_g_boss + 0x0009)
   01D9 36 03         [10]  428 	ld	(hl), #0x03
                            429 ;src/game.c:89: g_boss.vx = -1;
   01DB 21r94r00      [10]  430 	ld	hl, #(_g_boss + 0x0002)
   01DE 36 FF         [10]  431 	ld	(hl), #0xff
                            432 ;src/game.c:90: g_bossactive = 1;
   01E0 21r9Cr00      [10]  433 	ld	hl,#_g_bossactive + 0
   01E3 36 01         [10]  434 	ld	(hl), #0x01
                            435 ;src/game.c:91: g_bossphase = 0;
   01E5 21r9Dr00      [10]  436 	ld	hl,#_g_bossphase + 0
   01E8 36 00         [10]  437 	ld	(hl), #0x00
   01EA C9            [10]  438 	ret
                            439 ;src/game.c:94: static void try_fire_projectile(void) {
                            440 ;	---------------------------------
                            441 ; Function try_fire_projectile
                            442 ; ---------------------------------
   01EB                     443 _try_fire_projectile:
   01EB DD E5         [15]  444 	push	ix
   01ED DD 21 00 00   [14]  445 	ld	ix,#0
   01F1 DD 39         [15]  446 	add	ix,sp
   01F3 21 FA FF      [10]  447 	ld	hl, #-6
   01F6 39            [11]  448 	add	hl, sp
   01F7 F9            [ 6]  449 	ld	sp, hl
                            450 ;src/game.c:98: if (!input_is_shoot_just_pressed()) return;
   01F8 CDr00r00      [17]  451 	call	_input_is_shoot_just_pressed
   01FB DD 75 FF      [19]  452 	ld	-1 (ix), l
   01FE 7D            [ 4]  453 	ld	a, l
   01FF B7            [ 4]  454 	or	a, a
   0200 CAr7Fr02      [10]  455 	jp	Z,00110$
                            456 ;src/game.c:99: if (g_shootcooldown) return;
   0203 3Ar8Ar00      [13]  457 	ld	a,(#_g_shootcooldown + 0)
   0206 B7            [ 4]  458 	or	a, a
   0207 20 76         [12]  459 	jr	NZ,00110$
                            460 ;src/game.c:101: dir = g_player.facing_left ? -3 : 3;
   0209 3Ar07r00      [13]  461 	ld	a, (#_g_player + 7)
   020C B7            [ 4]  462 	or	a, a
   020D 28 04         [12]  463 	jr	Z,00112$
   020F 0E FD         [ 7]  464 	ld	c, #0xfd
   0211 18 02         [12]  465 	jr	00113$
   0213                     466 00112$:
   0213 0E 03         [ 7]  467 	ld	c, #0x03
   0215                     468 00113$:
   0215 DD 71 FA      [19]  469 	ld	-6 (ix), c
                            470 ;src/game.c:103: for (i = 0; i < MAX_PROJECTILES; ++i) {
   0218 DD 36 FB 00   [19]  471 	ld	-5 (ix), #0x00
   021C                     472 00108$:
                            473 ;src/game.c:104: if (!g_projectiles[i].active) {
   021C DD 4E FB      [19]  474 	ld	c,-5 (ix)
   021F 06 00         [ 7]  475 	ld	b,#0x00
   0221 69            [ 4]  476 	ld	l, c
   0222 60            [ 4]  477 	ld	h, b
   0223 29            [11]  478 	add	hl, hl
   0224 29            [11]  479 	add	hl, hl
   0225 09            [11]  480 	add	hl, bc
   0226 29            [11]  481 	add	hl, hl
   0227 01r45r00      [10]  482 	ld	bc,#_g_projectiles
   022A 09            [11]  483 	add	hl,bc
   022B DD 75 FD      [19]  484 	ld	-3 (ix), l
   022E DD 74 FE      [19]  485 	ld	-2 (ix), h
   0231 11 06 00      [10]  486 	ld	de, #0x0006
   0234 19            [11]  487 	add	hl, de
   0235 7E            [ 7]  488 	ld	a, (hl)
   0236 B7            [ 4]  489 	or	a, a
   0237 20 3C         [12]  490 	jr	NZ,00109$
                            491 ;src/game.c:105: projectilefire(&g_projectiles[i], (u8)(g_player.x + 2), (u8)(g_player.y + 6), dir, 0);
   0239 3Ar01r00      [13]  492 	ld	a,(#_g_player + 1)
   023C DD 77 FF      [19]  493 	ld	-1 (ix), a
   023F C6 06         [ 7]  494 	add	a, #0x06
   0241 DD 77 FF      [19]  495 	ld	-1 (ix), a
   0244 3Ar00r00      [13]  496 	ld	a,(#_g_player + 0)
   0247 DD 77 FC      [19]  497 	ld	-4 (ix), a
   024A DD 34 FC      [23]  498 	inc	-4 (ix)
   024D DD 34 FC      [23]  499 	inc	-4 (ix)
   0250 AF            [ 4]  500 	xor	a, a
   0251 F5            [11]  501 	push	af
   0252 33            [ 6]  502 	inc	sp
   0253 DD 66 FA      [19]  503 	ld	h, -6 (ix)
   0256 DD 6E FF      [19]  504 	ld	l, -1 (ix)
   0259 E5            [11]  505 	push	hl
   025A DD 7E FC      [19]  506 	ld	a, -4 (ix)
   025D F5            [11]  507 	push	af
   025E 33            [ 6]  508 	inc	sp
   025F DD 6E FD      [19]  509 	ld	l,-3 (ix)
   0262 DD 66 FE      [19]  510 	ld	h,-2 (ix)
   0265 E5            [11]  511 	push	hl
   0266 CDr00r00      [17]  512 	call	_projectilefire
   0269 21 06 00      [10]  513 	ld	hl, #6
   026C 39            [11]  514 	add	hl, sp
   026D F9            [ 6]  515 	ld	sp, hl
                            516 ;src/game.c:106: g_shootcooldown = 8;
   026E 21r8Ar00      [10]  517 	ld	hl,#_g_shootcooldown + 0
   0271 36 08         [10]  518 	ld	(hl), #0x08
                            519 ;src/game.c:107: break;
   0273 18 0A         [12]  520 	jr	00110$
   0275                     521 00109$:
                            522 ;src/game.c:103: for (i = 0; i < MAX_PROJECTILES; ++i) {
   0275 DD 34 FB      [23]  523 	inc	-5 (ix)
   0278 DD 7E FB      [19]  524 	ld	a, -5 (ix)
   027B D6 06         [ 7]  525 	sub	a, #0x06
   027D 38 9D         [12]  526 	jr	C,00108$
   027F                     527 00110$:
   027F DD F9         [10]  528 	ld	sp, ix
   0281 DD E1         [14]  529 	pop	ix
   0283 C9            [10]  530 	ret
                            531 ;src/game.c:112: static void register_player_hit(void) {
                            532 ;	---------------------------------
                            533 ; Function register_player_hit
                            534 ; ---------------------------------
   0284                     535 _register_player_hit:
                            536 ;src/game.c:113: if (g_lives) {
   0284 FD 21r81r00   [14]  537 	ld	iy, #_g_lives
   0288 FD 7E 00      [19]  538 	ld	a, 0 (iy)
   028B B7            [ 4]  539 	or	a, a
   028C 28 03         [12]  540 	jr	Z,00102$
                            541 ;src/game.c:114: g_lives--;
   028E FD 35 00      [23]  542 	dec	0 (iy)
   0291                     543 00102$:
                            544 ;src/game.c:116: if (g_lives == 0) {
   0291 3Ar81r00      [13]  545 	ld	a,(#_g_lives + 0)
   0294 B7            [ 4]  546 	or	a, a
   0295 20 06         [12]  547 	jr	NZ,00104$
                            548 ;src/game.c:117: g_gameover = 1;
   0297 21r8Cr00      [10]  549 	ld	hl,#_g_gameover + 0
   029A 36 01         [10]  550 	ld	(hl), #0x01
                            551 ;src/game.c:118: return;
   029C C9            [10]  552 	ret
   029D                     553 00104$:
                            554 ;src/game.c:121: reset_player_to_checkpoint();
   029D CDr00r00      [17]  555 	call	_reset_player_to_checkpoint
                            556 ;src/game.c:122: g_damagecooldown = 40;
   02A0 21r89r00      [10]  557 	ld	hl,#_g_damagecooldown + 0
   02A3 36 28         [10]  558 	ld	(hl), #0x28
   02A5 C9            [10]  559 	ret
                            560 ;src/game.c:125: void game_init(void) {
                            561 ;	---------------------------------
                            562 ; Function game_init
                            563 ; ---------------------------------
   02A6                     564 _game_init::
                            565 ;src/game.c:128: cpct_disableFirmware();
   02A6 CDr00r00      [17]  566 	call	_cpct_disableFirmware
                            567 ;src/game.c:129: cpct_setVideoMode(1);
   02A9 2E 01         [ 7]  568 	ld	l, #0x01
   02AB CDr00r00      [17]  569 	call	_cpct_setVideoMode
                            570 ;src/game.c:130: cpct_clearScreen(0x00);
   02AE 21 00 40      [10]  571 	ld	hl, #0x4000
   02B1 E5            [11]  572 	push	hl
   02B2 AF            [ 4]  573 	xor	a, a
   02B3 F5            [11]  574 	push	af
   02B4 33            [ 6]  575 	inc	sp
   02B5 26 C0         [ 7]  576 	ld	h, #0xc0
   02B7 E5            [11]  577 	push	hl
   02B8 CDr00r00      [17]  578 	call	_cpct_memset
                            579 ;src/game.c:131: tilemap_init();
   02BB CDr00r00      [17]  580 	call	_tilemap_init
                            581 ;src/game.c:132: collision_init();
   02BE CDr00r00      [17]  582 	call	_collision_init
                            583 ;src/game.c:133: playerinit(&g_player);
   02C1 21r00r00      [10]  584 	ld	hl, #_g_player
   02C4 E5            [11]  585 	push	hl
   02C5 CDr00r00      [17]  586 	call	_playerinit
   02C8 F1            [10]  587 	pop	af
                            588 ;src/game.c:134: hudinit();
   02C9 CDr00r00      [17]  589 	call	_hudinit
                            590 ;src/game.c:136: for (i = 0; i < MAX_PROJECTILES; ++i) {
   02CC 0E 00         [ 7]  591 	ld	c, #0x00
   02CE                     592 00102$:
                            593 ;src/game.c:137: projectileinit(&g_projectiles[i]);
   02CE 06 00         [ 7]  594 	ld	b,#0x00
   02D0 69            [ 4]  595 	ld	l, c
   02D1 60            [ 4]  596 	ld	h, b
   02D2 29            [11]  597 	add	hl, hl
   02D3 29            [11]  598 	add	hl, hl
   02D4 09            [11]  599 	add	hl, bc
   02D5 29            [11]  600 	add	hl, hl
   02D6 11r45r00      [10]  601 	ld	de, #_g_projectiles
   02D9 19            [11]  602 	add	hl, de
   02DA C5            [11]  603 	push	bc
   02DB E5            [11]  604 	push	hl
   02DC CDr00r00      [17]  605 	call	_projectileinit
   02DF F1            [10]  606 	pop	af
   02E0 C1            [10]  607 	pop	bc
                            608 ;src/game.c:136: for (i = 0; i < MAX_PROJECTILES; ++i) {
   02E1 0C            [ 4]  609 	inc	c
   02E2 79            [ 4]  610 	ld	a, c
   02E3 D6 06         [ 7]  611 	sub	a, #0x06
   02E5 38 E7         [12]  612 	jr	C,00102$
                            613 ;src/game.c:140: g_lives = 3;
   02E7 21r81r00      [10]  614 	ld	hl,#_g_lives + 0
   02EA 36 03         [10]  615 	ld	(hl), #0x03
                            616 ;src/game.c:141: g_score = 0;
   02EC 21 00 00      [10]  617 	ld	hl, #0x0000
   02EF 22r82r00      [16]  618 	ld	(_g_score), hl
                            619 ;src/game.c:142: g_timeleft = 99;
   02F2 FD 21r84r00   [14]  620 	ld	iy, #_g_timeleft
   02F6 FD 36 00 63   [19]  621 	ld	0 (iy), #0x63
                            622 ;src/game.c:143: g_weapondisplay = 1;
   02FA FD 21r85r00   [14]  623 	ld	iy, #_g_weapondisplay
   02FE FD 36 00 01   [19]  624 	ld	0 (iy), #0x01
                            625 ;src/game.c:144: g_currentwave = 0;
   0302 FD 21r86r00   [14]  626 	ld	iy, #_g_currentwave
   0306 FD 36 00 00   [19]  627 	ld	0 (iy), #0x00
                            628 ;src/game.c:145: g_wavecooldown = 1;
   030A FD 21r88r00   [14]  629 	ld	iy, #_g_wavecooldown
   030E FD 36 00 01   [19]  630 	ld	0 (iy), #0x01
                            631 ;src/game.c:146: g_damagecooldown = 0;
   0312 FD 21r89r00   [14]  632 	ld	iy, #_g_damagecooldown
   0316 FD 36 00 00   [19]  633 	ld	0 (iy), #0x00
                            634 ;src/game.c:147: g_shootcooldown = 0;
   031A FD 21r8Ar00   [14]  635 	ld	iy, #_g_shootcooldown
   031E FD 36 00 00   [19]  636 	ld	0 (iy), #0x00
                            637 ;src/game.c:148: g_victory = 0;
   0322 FD 21r8Br00   [14]  638 	ld	iy, #_g_victory
   0326 FD 36 00 00   [19]  639 	ld	0 (iy), #0x00
                            640 ;src/game.c:149: g_gameover = 0;
   032A FD 21r8Cr00   [14]  641 	ld	iy, #_g_gameover
   032E FD 36 00 00   [19]  642 	ld	0 (iy), #0x00
                            643 ;src/game.c:150: g_framecounter = 0;
   0332 2E 00         [ 7]  644 	ld	l, #0x00
   0334 22r8Dr00      [16]  645 	ld	(_g_framecounter), hl
                            646 ;src/game.c:151: g_checkpointx = 20;
   0337 21r8Fr00      [10]  647 	ld	hl,#_g_checkpointx + 0
   033A 36 14         [10]  648 	ld	(hl), #0x14
                            649 ;src/game.c:152: g_checkpointy = 120;
   033C 21r90r00      [10]  650 	ld	hl,#_g_checkpointy + 0
   033F 36 78         [10]  651 	ld	(hl), #0x78
                            652 ;src/game.c:153: g_checkpointactive = 0;
   0341 21r91r00      [10]  653 	ld	hl,#_g_checkpointactive + 0
   0344 36 00         [10]  654 	ld	(hl), #0x00
                            655 ;src/game.c:154: g_bossactive = 0;
   0346 21r9Cr00      [10]  656 	ld	hl,#_g_bossactive + 0
   0349 36 00         [10]  657 	ld	(hl), #0x00
                            658 ;src/game.c:155: enemyinit(&g_boss);
   034B 21r92r00      [10]  659 	ld	hl, #_g_boss
   034E E5            [11]  660 	push	hl
   034F CDr00r00      [17]  661 	call	_enemyinit
   0352 F1            [10]  662 	pop	af
   0353 C9            [10]  663 	ret
                            664 ;src/game.c:158: void game_update(void) {
                            665 ;	---------------------------------
                            666 ; Function game_update
                            667 ; ---------------------------------
   0354                     668 _game_update::
   0354 DD E5         [15]  669 	push	ix
   0356 DD 21 00 00   [14]  670 	ld	ix,#0
   035A DD 39         [15]  671 	add	ix,sp
   035C 21 E7 FF      [10]  672 	ld	hl, #-25
   035F 39            [11]  673 	add	hl, sp
   0360 F9            [ 6]  674 	ld	sp, hl
                            675 ;src/game.c:162: input_update();
   0361 CDr00r00      [17]  676 	call	_input_update
                            677 ;src/game.c:164: if (g_gameover || g_victory) {
   0364 3Ar8Cr00      [13]  678 	ld	a,(#_g_gameover + 0)
   0367 B7            [ 4]  679 	or	a, a
   0368 C2rC2r08      [10]  680 	jp	NZ,00178$
   036B 3Ar8Br00      [13]  681 	ld	a,(#_g_victory + 0)
   036E B7            [ 4]  682 	or	a, a
                            683 ;src/game.c:165: return;
   036F C2rC2r08      [10]  684 	jp	NZ,00178$
                            685 ;src/game.c:168: playerupdate(&g_player);
   0372 21r00r00      [10]  686 	ld	hl, #_g_player
   0375 E5            [11]  687 	push	hl
   0376 CDr00r00      [17]  688 	call	_playerupdate
   0379 F1            [10]  689 	pop	af
                            690 ;src/game.c:169: try_fire_projectile();
   037A CDrEBr01      [17]  691 	call	_try_fire_projectile
                            692 ;src/game.c:171: if (g_shootcooldown) g_shootcooldown--;
   037D FD 21r8Ar00   [14]  693 	ld	iy, #_g_shootcooldown
   0381 FD 7E 00      [19]  694 	ld	a, 0 (iy)
   0384 B7            [ 4]  695 	or	a, a
   0385 28 03         [12]  696 	jr	Z,00105$
   0387 FD 35 00      [23]  697 	dec	0 (iy)
   038A                     698 00105$:
                            699 ;src/game.c:172: if (g_damagecooldown) g_damagecooldown--;
   038A FD 21r89r00   [14]  700 	ld	iy, #_g_damagecooldown
   038E FD 7E 00      [19]  701 	ld	a, 0 (iy)
   0391 B7            [ 4]  702 	or	a, a
   0392 28 03         [12]  703 	jr	Z,00189$
   0394 FD 35 00      [23]  704 	dec	0 (iy)
                            705 ;src/game.c:174: for (i = 0; i < MAX_PROJECTILES; ++i) {
   0397                     706 00189$:
   0397 0E 00         [ 7]  707 	ld	c, #0x00
   0399                     708 00171$:
                            709 ;src/game.c:175: projectileupdate(&g_projectiles[i]);
   0399 06 00         [ 7]  710 	ld	b,#0x00
   039B 69            [ 4]  711 	ld	l, c
   039C 60            [ 4]  712 	ld	h, b
   039D 29            [11]  713 	add	hl, hl
   039E 29            [11]  714 	add	hl, hl
   039F 09            [11]  715 	add	hl, bc
   03A0 29            [11]  716 	add	hl, hl
   03A1 11r45r00      [10]  717 	ld	de, #_g_projectiles
   03A4 19            [11]  718 	add	hl, de
   03A5 C5            [11]  719 	push	bc
   03A6 E5            [11]  720 	push	hl
   03A7 CDr00r00      [17]  721 	call	_projectileupdate
   03AA F1            [10]  722 	pop	af
   03AB C1            [10]  723 	pop	bc
                            724 ;src/game.c:174: for (i = 0; i < MAX_PROJECTILES; ++i) {
   03AC 0C            [ 4]  725 	inc	c
   03AD 79            [ 4]  726 	ld	a, c
   03AE D6 06         [ 7]  727 	sub	a, #0x06
   03B0 38 E7         [12]  728 	jr	C,00171$
                            729 ;src/game.c:178: for (i = 0; i < MAX_ENEMIES; ++i) {
   03B2 0E 00         [ 7]  730 	ld	c, #0x00
   03B4                     731 00173$:
                            732 ;src/game.c:179: enemyupdate(&g_enemies[i]);
   03B4 06 00         [ 7]  733 	ld	b,#0x00
   03B6 69            [ 4]  734 	ld	l, c
   03B7 60            [ 4]  735 	ld	h, b
   03B8 29            [11]  736 	add	hl, hl
   03B9 29            [11]  737 	add	hl, hl
   03BA 09            [11]  738 	add	hl, bc
   03BB 29            [11]  739 	add	hl, hl
   03BC 11r09r00      [10]  740 	ld	de, #_g_enemies
   03BF 19            [11]  741 	add	hl, de
   03C0 C5            [11]  742 	push	bc
   03C1 E5            [11]  743 	push	hl
   03C2 CDr00r00      [17]  744 	call	_enemyupdate
   03C5 F1            [10]  745 	pop	af
   03C6 C1            [10]  746 	pop	bc
                            747 ;src/game.c:178: for (i = 0; i < MAX_ENEMIES; ++i) {
   03C7 0C            [ 4]  748 	inc	c
   03C8 79            [ 4]  749 	ld	a, c
   03C9 D6 06         [ 7]  750 	sub	a, #0x06
   03CB 38 E7         [12]  751 	jr	C,00173$
                            752 ;src/game.c:182: if (g_bossactive) {
   03CD 3Ar9Cr00      [13]  753 	ld	a,(#_g_bossactive + 0)
   03D0 B7            [ 4]  754 	or	a, a
   03D1 28 71         [12]  755 	jr	Z,00208$
                            756 ;src/game.c:183: if (g_boss.health > 4) g_bossphase = 0;
   03D3 21r99r00      [10]  757 	ld	hl, #_g_boss + 7
   03D6 4E            [ 7]  758 	ld	c, (hl)
   03D7 3E 04         [ 7]  759 	ld	a, #0x04
   03D9 91            [ 4]  760 	sub	a, c
   03DA 30 07         [12]  761 	jr	NC,00111$
   03DC 21r9Dr00      [10]  762 	ld	hl,#_g_bossphase + 0
   03DF 36 00         [10]  763 	ld	(hl), #0x00
   03E1 18 05         [12]  764 	jr	00112$
   03E3                     765 00111$:
                            766 ;src/game.c:184: else g_bossphase = 1;
   03E3 21r9Dr00      [10]  767 	ld	hl,#_g_bossphase + 0
   03E6 36 01         [10]  768 	ld	(hl), #0x01
   03E8                     769 00112$:
                            770 ;src/game.c:186: g_boss.vx = (i8)(g_player.x + 2 < g_boss.x ? -(g_bossphase ? 2 : 1) : (g_bossphase ? 2 : 1));
   03E8 3Ar00r00      [13]  771 	ld	a,(#_g_player + 0)
   03EB DD 77 F7      [19]  772 	ld	-9 (ix), a
   03EE DD 77 E9      [19]  773 	ld	-23 (ix), a
   03F1 DD 36 EA 00   [19]  774 	ld	-22 (ix), #0x00
   03F5 DD 7E E9      [19]  775 	ld	a, -23 (ix)
   03F8 C6 02         [ 7]  776 	add	a, #0x02
   03FA DD 77 E9      [19]  777 	ld	-23 (ix), a
   03FD DD 7E EA      [19]  778 	ld	a, -22 (ix)
   0400 CE 00         [ 7]  779 	adc	a, #0x00
   0402 DD 77 EA      [19]  780 	ld	-22 (ix), a
   0405 21r92r00      [10]  781 	ld	hl, #_g_boss + 0
   0408 4E            [ 7]  782 	ld	c, (hl)
   0409 06 00         [ 7]  783 	ld	b, #0x00
   040B DD 7E E9      [19]  784 	ld	a, -23 (ix)
   040E 91            [ 4]  785 	sub	a, c
   040F DD 7E EA      [19]  786 	ld	a, -22 (ix)
   0412 98            [ 4]  787 	sbc	a, b
   0413 E2r18r04      [10]  788 	jp	PO, 00369$
   0416 EE 80         [ 7]  789 	xor	a, #0x80
   0418                     790 00369$:
   0418 F2r2Cr04      [10]  791 	jp	P, 00180$
   041B 3Ar9Dr00      [13]  792 	ld	a,(#_g_bossphase + 0)
   041E B7            [ 4]  793 	or	a, a
   041F 28 04         [12]  794 	jr	Z,00182$
   0421 0E 02         [ 7]  795 	ld	c, #0x02
   0423 18 02         [12]  796 	jr	00183$
   0425                     797 00182$:
   0425 0E 01         [ 7]  798 	ld	c, #0x01
   0427                     799 00183$:
   0427 AF            [ 4]  800 	xor	a, a
   0428 91            [ 4]  801 	sub	a, c
   0429 4F            [ 4]  802 	ld	c, a
   042A 18 0C         [12]  803 	jr	00181$
   042C                     804 00180$:
   042C 3Ar9Dr00      [13]  805 	ld	a,(#_g_bossphase + 0)
   042F B7            [ 4]  806 	or	a, a
   0430 28 04         [12]  807 	jr	Z,00184$
   0432 0E 02         [ 7]  808 	ld	c, #0x02
   0434 18 02         [12]  809 	jr	00185$
   0436                     810 00184$:
   0436 0E 01         [ 7]  811 	ld	c, #0x01
   0438                     812 00185$:
   0438                     813 00181$:
   0438 21r94r00      [10]  814 	ld	hl, #(_g_boss + 0x0002)
   043B 71            [ 7]  815 	ld	(hl), c
                            816 ;src/game.c:187: enemyupdate(&g_boss);
   043C 21r92r00      [10]  817 	ld	hl, #_g_boss
   043F E5            [11]  818 	push	hl
   0440 CDr00r00      [17]  819 	call	_enemyupdate
   0443 F1            [10]  820 	pop	af
                            821 ;src/game.c:190: for (i = 0; i < MAX_PROJECTILES; ++i) {
   0444                     822 00208$:
   0444 0E 00         [ 7]  823 	ld	c, #0x00
   0446                     824 00176$:
                            825 ;src/game.c:191: if (!g_projectiles[i].active) continue;
   0446 06 00         [ 7]  826 	ld	b,#0x00
   0448 69            [ 4]  827 	ld	l, c
   0449 60            [ 4]  828 	ld	h, b
   044A 29            [11]  829 	add	hl, hl
   044B 29            [11]  830 	add	hl, hl
   044C 09            [11]  831 	add	hl, bc
   044D 29            [11]  832 	add	hl, hl
   044E EB            [ 4]  833 	ex	de,hl
   044F 21r45r00      [10]  834 	ld	hl, #_g_projectiles
   0452 19            [11]  835 	add	hl,de
   0453 EB            [ 4]  836 	ex	de,hl
   0454 21 06 00      [10]  837 	ld	hl, #0x0006
   0457 19            [11]  838 	add	hl,de
   0458 DD 75 E9      [19]  839 	ld	-23 (ix), l
   045B DD 74 EA      [19]  840 	ld	-22 (ix), h
   045E 7E            [ 7]  841 	ld	a, (hl)
   045F B7            [ 4]  842 	or	a, a
   0460 CAr81r06      [10]  843 	jp	Z, 00133$
                            844 ;src/game.c:192: for (j = 0; j < MAX_ENEMIES; ++j) {
   0463 DD 36 E7 00   [19]  845 	ld	-25 (ix), #0x00
   0467                     846 00175$:
                            847 ;src/game.c:193: if (!g_enemies[j].active) continue;
   0467 D5            [11]  848 	push	de
   0468 DD 5E E7      [19]  849 	ld	e,-25 (ix)
   046B 16 00         [ 7]  850 	ld	d,#0x00
   046D 6B            [ 4]  851 	ld	l, e
   046E 62            [ 4]  852 	ld	h, d
   046F 29            [11]  853 	add	hl, hl
   0470 29            [11]  854 	add	hl, hl
   0471 19            [11]  855 	add	hl, de
   0472 29            [11]  856 	add	hl, hl
   0473 D1            [10]  857 	pop	de
   0474 3Er09         [ 7]  858 	ld	a, #<(_g_enemies)
   0476 85            [ 4]  859 	add	a, l
   0477 DD 77 FE      [19]  860 	ld	-2 (ix), a
   047A 3Es00         [ 7]  861 	ld	a, #>(_g_enemies)
   047C 8C            [ 4]  862 	adc	a, h
   047D DD 77 FF      [19]  863 	ld	-1 (ix), a
   0480 DD 6E FE      [19]  864 	ld	l,-2 (ix)
   0483 DD 66 FF      [19]  865 	ld	h,-1 (ix)
   0486 C5            [11]  866 	push	bc
   0487 01 06 00      [10]  867 	ld	bc, #0x0006
   048A 09            [11]  868 	add	hl, bc
   048B C1            [10]  869 	pop	bc
   048C 46            [ 7]  870 	ld	b, (hl)
                            871 ;src/game.c:194: if (!rect_overlap((i16)g_projectiles[i].x, (i16)g_projectiles[i].y, g_projectiles[i].w, g_projectiles[i].h,
   048D 21 05 00      [10]  872 	ld	hl, #0x0005
   0490 19            [11]  873 	add	hl,de
   0491 DD 75 FC      [19]  874 	ld	-4 (ix), l
   0494 DD 74 FD      [19]  875 	ld	-3 (ix), h
   0497 21 04 00      [10]  876 	ld	hl, #0x0004
   049A 19            [11]  877 	add	hl,de
   049B DD 75 F0      [19]  878 	ld	-16 (ix), l
   049E DD 74 F1      [19]  879 	ld	-15 (ix), h
   04A1 21 01 00      [10]  880 	ld	hl, #0x0001
   04A4 19            [11]  881 	add	hl,de
   04A5 DD 75 EE      [19]  882 	ld	-18 (ix), l
   04A8 DD 74 EF      [19]  883 	ld	-17 (ix), h
                            884 ;src/game.c:196: if (enemydamage(&g_enemies[j], g_projectiles[i].damage)) {
   04AB 21 07 00      [10]  885 	ld	hl, #0x0007
   04AE 19            [11]  886 	add	hl,de
   04AF DD 75 EC      [19]  887 	ld	-20 (ix), l
   04B2 DD 74 ED      [19]  888 	ld	-19 (ix), h
                            889 ;src/game.c:193: if (!g_enemies[j].active) continue;
   04B5 78            [ 4]  890 	ld	a, b
   04B6 B7            [ 4]  891 	or	a, a
   04B7 CArAFr05      [10]  892 	jp	Z, 00125$
                            893 ;src/game.c:195: (i16)g_enemies[j].x, (i16)g_enemies[j].y, g_enemies[j].w, g_enemies[j].h)) continue;
   04BA DD 6E FE      [19]  894 	ld	l,-2 (ix)
   04BD DD 66 FF      [19]  895 	ld	h,-1 (ix)
   04C0 23            [ 6]  896 	inc	hl
   04C1 23            [ 6]  897 	inc	hl
   04C2 23            [ 6]  898 	inc	hl
   04C3 23            [ 6]  899 	inc	hl
   04C4 23            [ 6]  900 	inc	hl
   04C5 7E            [ 7]  901 	ld	a, (hl)
   04C6 DD 77 F7      [19]  902 	ld	-9 (ix), a
   04C9 DD 6E FE      [19]  903 	ld	l,-2 (ix)
   04CC DD 66 FF      [19]  904 	ld	h,-1 (ix)
   04CF 23            [ 6]  905 	inc	hl
   04D0 23            [ 6]  906 	inc	hl
   04D1 23            [ 6]  907 	inc	hl
   04D2 23            [ 6]  908 	inc	hl
   04D3 7E            [ 7]  909 	ld	a, (hl)
   04D4 DD 77 EB      [19]  910 	ld	-21 (ix), a
   04D7 DD 6E FE      [19]  911 	ld	l,-2 (ix)
   04DA DD 66 FF      [19]  912 	ld	h,-1 (ix)
   04DD 23            [ 6]  913 	inc	hl
   04DE 46            [ 7]  914 	ld	b, (hl)
   04DF DD 70 FA      [19]  915 	ld	-6 (ix), b
   04E2 DD 36 FB 00   [19]  916 	ld	-5 (ix), #0x00
   04E6 DD 6E FE      [19]  917 	ld	l,-2 (ix)
   04E9 DD 66 FF      [19]  918 	ld	h,-1 (ix)
   04EC 46            [ 7]  919 	ld	b, (hl)
   04ED DD 70 F8      [19]  920 	ld	-8 (ix), b
   04F0 DD 36 F9 00   [19]  921 	ld	-7 (ix), #0x00
                            922 ;src/game.c:194: if (!rect_overlap((i16)g_projectiles[i].x, (i16)g_projectiles[i].y, g_projectiles[i].w, g_projectiles[i].h,
   04F4 DD 6E FC      [19]  923 	ld	l,-4 (ix)
   04F7 DD 66 FD      [19]  924 	ld	h,-3 (ix)
   04FA 7E            [ 7]  925 	ld	a, (hl)
   04FB DD 77 F6      [19]  926 	ld	-10 (ix), a
   04FE DD 6E F0      [19]  927 	ld	l,-16 (ix)
   0501 DD 66 F1      [19]  928 	ld	h,-15 (ix)
   0504 46            [ 7]  929 	ld	b, (hl)
   0505 DD 6E EE      [19]  930 	ld	l,-18 (ix)
   0508 DD 66 EF      [19]  931 	ld	h,-17 (ix)
   050B 6E            [ 7]  932 	ld	l, (hl)
   050C DD 75 F4      [19]  933 	ld	-12 (ix), l
   050F DD 36 F5 00   [19]  934 	ld	-11 (ix), #0x00
   0513 1A            [ 7]  935 	ld	a, (de)
   0514 DD 77 F2      [19]  936 	ld	-14 (ix), a
   0517 DD 36 F3 00   [19]  937 	ld	-13 (ix), #0x00
   051B C5            [11]  938 	push	bc
   051C D5            [11]  939 	push	de
   051D DD 66 F7      [19]  940 	ld	h, -9 (ix)
   0520 DD 6E EB      [19]  941 	ld	l, -21 (ix)
   0523 E5            [11]  942 	push	hl
   0524 DD 6E FA      [19]  943 	ld	l,-6 (ix)
   0527 DD 66 FB      [19]  944 	ld	h,-5 (ix)
   052A E5            [11]  945 	push	hl
   052B DD 6E F8      [19]  946 	ld	l,-8 (ix)
   052E DD 66 F9      [19]  947 	ld	h,-7 (ix)
   0531 E5            [11]  948 	push	hl
   0532 DD 7E F6      [19]  949 	ld	a, -10 (ix)
   0535 F5            [11]  950 	push	af
   0536 33            [ 6]  951 	inc	sp
   0537 C5            [11]  952 	push	bc
   0538 33            [ 6]  953 	inc	sp
   0539 DD 6E F4      [19]  954 	ld	l,-12 (ix)
   053C DD 66 F5      [19]  955 	ld	h,-11 (ix)
   053F E5            [11]  956 	push	hl
   0540 DD 6E F2      [19]  957 	ld	l,-14 (ix)
   0543 DD 66 F3      [19]  958 	ld	h,-13 (ix)
   0546 E5            [11]  959 	push	hl
   0547 CDr19r00      [17]  960 	call	_rect_overlap
   054A FD 21 0C 00   [14]  961 	ld	iy, #12
   054E FD 39         [15]  962 	add	iy, sp
   0550 FD F9         [10]  963 	ld	sp, iy
   0552 D1            [10]  964 	pop	de
   0553 C1            [10]  965 	pop	bc
   0554 7D            [ 4]  966 	ld	a, l
   0555 B7            [ 4]  967 	or	a, a
   0556 28 57         [12]  968 	jr	Z,00125$
                            969 ;src/game.c:196: if (enemydamage(&g_enemies[j], g_projectiles[i].damage)) {
   0558 DD 6E EC      [19]  970 	ld	l,-20 (ix)
   055B DD 66 ED      [19]  971 	ld	h,-19 (ix)
   055E 66            [ 7]  972 	ld	h, (hl)
   055F DD 6E FE      [19]  973 	ld	l, -2 (ix)
   0562 DD 46 FF      [19]  974 	ld	b, -1 (ix)
   0565 C5            [11]  975 	push	bc
   0566 D5            [11]  976 	push	de
   0567 E5            [11]  977 	push	hl
   0568 33            [ 6]  978 	inc	sp
   0569 60            [ 4]  979 	ld	h, b
   056A E5            [11]  980 	push	hl
   056B CDr00r00      [17]  981 	call	_enemydamage
   056E F1            [10]  982 	pop	af
   056F 33            [ 6]  983 	inc	sp
   0570 D1            [10]  984 	pop	de
   0571 C1            [10]  985 	pop	bc
   0572 7D            [ 4]  986 	ld	a, l
   0573 B7            [ 4]  987 	or	a, a
   0574 28 2F         [12]  988 	jr	Z,00124$
                            989 ;src/game.c:197: g_score = (u16)(g_score + g_enemies[j].reward);
   0576 DD 6E FE      [19]  990 	ld	l,-2 (ix)
   0579 DD 66 FF      [19]  991 	ld	h,-1 (ix)
   057C C5            [11]  992 	push	bc
   057D 01 08 00      [10]  993 	ld	bc, #0x0008
   0580 09            [11]  994 	add	hl, bc
   0581 C1            [10]  995 	pop	bc
   0582 6E            [ 7]  996 	ld	l, (hl)
   0583 DD 75 F2      [19]  997 	ld	-14 (ix), l
   0586 DD 36 F3 00   [19]  998 	ld	-13 (ix), #0x00
   058A 21r82r00      [10]  999 	ld	hl, #_g_score
   058D 7E            [ 7] 1000 	ld	a, (hl)
   058E DD 86 F2      [19] 1001 	add	a, -14 (ix)
   0591 77            [ 7] 1002 	ld	(hl), a
   0592 23            [ 6] 1003 	inc	hl
   0593 7E            [ 7] 1004 	ld	a, (hl)
   0594 DD 8E F3      [19] 1005 	adc	a, -13 (ix)
   0597 77            [ 7] 1006 	ld	(hl), a
                           1007 ;src/game.c:198: if (g_aliveenemies) g_aliveenemies--;
   0598 FD 21r87r00   [14] 1008 	ld	iy, #_g_aliveenemies
   059C FD 7E 00      [19] 1009 	ld	a, 0 (iy)
   059F B7            [ 4] 1010 	or	a, a
   05A0 28 03         [12] 1011 	jr	Z,00124$
   05A2 FD 35 00      [23] 1012 	dec	0 (iy)
   05A5                    1013 00124$:
                           1014 ;src/game.c:200: g_projectiles[i].active = 0;
   05A5 DD 6E E9      [19] 1015 	ld	l,-23 (ix)
   05A8 DD 66 EA      [19] 1016 	ld	h,-22 (ix)
   05AB 36 00         [10] 1017 	ld	(hl), #0x00
                           1018 ;src/game.c:201: break;
   05AD 18 0B         [12] 1019 	jr	00126$
   05AF                    1020 00125$:
                           1021 ;src/game.c:192: for (j = 0; j < MAX_ENEMIES; ++j) {
   05AF DD 34 E7      [23] 1022 	inc	-25 (ix)
   05B2 DD 7E E7      [19] 1023 	ld	a, -25 (ix)
   05B5 D6 06         [ 7] 1024 	sub	a, #0x06
   05B7 DAr67r04      [10] 1025 	jp	C, 00175$
   05BA                    1026 00126$:
                           1027 ;src/game.c:204: if (g_bossactive && g_projectiles[i].active && rect_overlap((i16)g_projectiles[i].x, (i16)g_projectiles[i].y, g_projectiles[i].w, g_projectiles[i].h,
   05BA 3Ar9Cr00      [13] 1028 	ld	a,(#_g_bossactive + 0)
   05BD B7            [ 4] 1029 	or	a, a
   05BE CAr81r06      [10] 1030 	jp	Z, 00133$
   05C1 DD 6E E9      [19] 1031 	ld	l,-23 (ix)
   05C4 DD 66 EA      [19] 1032 	ld	h,-22 (ix)
   05C7 7E            [ 7] 1033 	ld	a, (hl)
   05C8 B7            [ 4] 1034 	or	a, a
   05C9 CAr81r06      [10] 1035 	jp	Z, 00133$
                           1036 ;src/game.c:205: (i16)g_boss.x, (i16)g_boss.y, g_boss.w, g_boss.h)) {
   05CC 21r97r00      [10] 1037 	ld	hl, #(_g_boss + 0x0005) + 0
   05CF 46            [ 7] 1038 	ld	b, (hl)
   05D0 3Ar96r00      [13] 1039 	ld	a, (#(_g_boss + 0x0004) + 0)
   05D3 21r93r00      [10] 1040 	ld	hl, #(_g_boss + 0x0001) + 0
   05D6 6E            [ 7] 1041 	ld	l, (hl)
   05D7 DD 75 F2      [19] 1042 	ld	-14 (ix), l
   05DA DD 36 F3 00   [19] 1043 	ld	-13 (ix), #0x00
   05DE 21r92r00      [10] 1044 	ld	hl, #_g_boss + 0
   05E1 6E            [ 7] 1045 	ld	l, (hl)
   05E2 DD 75 F4      [19] 1046 	ld	-12 (ix), l
   05E5 DD 36 F5 00   [19] 1047 	ld	-11 (ix), #0x00
                           1048 ;src/game.c:204: if (g_bossactive && g_projectiles[i].active && rect_overlap((i16)g_projectiles[i].x, (i16)g_projectiles[i].y, g_projectiles[i].w, g_projectiles[i].h,
   05E9 DD 6E FC      [19] 1049 	ld	l,-4 (ix)
   05EC DD 66 FD      [19] 1050 	ld	h,-3 (ix)
   05EF F5            [11] 1051 	push	af
   05F0 7E            [ 7] 1052 	ld	a, (hl)
   05F1 DD 77 F6      [19] 1053 	ld	-10 (ix), a
   05F4 F1            [10] 1054 	pop	af
   05F5 DD 6E F0      [19] 1055 	ld	l,-16 (ix)
   05F8 DD 66 F1      [19] 1056 	ld	h,-15 (ix)
   05FB F5            [11] 1057 	push	af
   05FC 7E            [ 7] 1058 	ld	a, (hl)
   05FD DD 77 F8      [19] 1059 	ld	-8 (ix), a
   0600 F1            [10] 1060 	pop	af
   0601 DD 6E EE      [19] 1061 	ld	l,-18 (ix)
   0604 DD 66 EF      [19] 1062 	ld	h,-17 (ix)
   0607 6E            [ 7] 1063 	ld	l, (hl)
   0608 DD 75 FA      [19] 1064 	ld	-6 (ix), l
   060B DD 36 FB 00   [19] 1065 	ld	-5 (ix), #0x00
   060F F5            [11] 1066 	push	af
   0610 1A            [ 7] 1067 	ld	a, (de)
   0611 5F            [ 4] 1068 	ld	e, a
   0612 F1            [10] 1069 	pop	af
   0613 16 00         [ 7] 1070 	ld	d, #0x00
   0615 C5            [11] 1071 	push	bc
   0616 C5            [11] 1072 	push	bc
   0617 33            [ 6] 1073 	inc	sp
   0618 F5            [11] 1074 	push	af
   0619 33            [ 6] 1075 	inc	sp
   061A DD 6E F2      [19] 1076 	ld	l,-14 (ix)
   061D DD 66 F3      [19] 1077 	ld	h,-13 (ix)
   0620 E5            [11] 1078 	push	hl
   0621 DD 6E F4      [19] 1079 	ld	l,-12 (ix)
   0624 DD 66 F5      [19] 1080 	ld	h,-11 (ix)
   0627 E5            [11] 1081 	push	hl
   0628 DD 66 F6      [19] 1082 	ld	h, -10 (ix)
   062B DD 6E F8      [19] 1083 	ld	l, -8 (ix)
   062E E5            [11] 1084 	push	hl
   062F DD 6E FA      [19] 1085 	ld	l,-6 (ix)
   0632 DD 66 FB      [19] 1086 	ld	h,-5 (ix)
   0635 E5            [11] 1087 	push	hl
   0636 D5            [11] 1088 	push	de
   0637 CDr19r00      [17] 1089 	call	_rect_overlap
   063A FD 21 0C 00   [14] 1090 	ld	iy, #12
   063E FD 39         [15] 1091 	add	iy, sp
   0640 FD F9         [10] 1092 	ld	sp, iy
   0642 C1            [10] 1093 	pop	bc
   0643 7D            [ 4] 1094 	ld	a, l
   0644 B7            [ 4] 1095 	or	a, a
   0645 28 3A         [12] 1096 	jr	Z,00133$
                           1097 ;src/game.c:206: g_projectiles[i].active = 0;
   0647 DD 6E E9      [19] 1098 	ld	l,-23 (ix)
   064A DD 66 EA      [19] 1099 	ld	h,-22 (ix)
   064D 36 00         [10] 1100 	ld	(hl), #0x00
                           1101 ;src/game.c:207: if (enemydamage(&g_boss, g_projectiles[i].damage)) {
   064F DD 6E EC      [19] 1102 	ld	l,-20 (ix)
   0652 DD 66 ED      [19] 1103 	ld	h,-19 (ix)
   0655 46            [ 7] 1104 	ld	b, (hl)
   0656 11r92r00      [10] 1105 	ld	de, #_g_boss
   0659 C5            [11] 1106 	push	bc
   065A C5            [11] 1107 	push	bc
   065B 33            [ 6] 1108 	inc	sp
   065C D5            [11] 1109 	push	de
   065D CDr00r00      [17] 1110 	call	_enemydamage
   0660 F1            [10] 1111 	pop	af
   0661 33            [ 6] 1112 	inc	sp
   0662 C1            [10] 1113 	pop	bc
   0663 7D            [ 4] 1114 	ld	a, l
   0664 B7            [ 4] 1115 	or	a, a
   0665 28 1A         [12] 1116 	jr	Z,00133$
                           1117 ;src/game.c:208: g_bossactive = 0;
   0667 21r9Cr00      [10] 1118 	ld	hl,#_g_bossactive + 0
   066A 36 00         [10] 1119 	ld	(hl), #0x00
                           1120 ;src/game.c:209: g_score = (u16)(g_score + g_boss.reward);
   066C 21r9Ar00      [10] 1121 	ld	hl, #_g_boss + 8
   066F 5E            [ 7] 1122 	ld	e, (hl)
   0670 16 00         [ 7] 1123 	ld	d, #0x00
   0672 21r82r00      [10] 1124 	ld	hl, #_g_score
   0675 7E            [ 7] 1125 	ld	a, (hl)
   0676 83            [ 4] 1126 	add	a, e
   0677 77            [ 7] 1127 	ld	(hl), a
   0678 23            [ 6] 1128 	inc	hl
   0679 7E            [ 7] 1129 	ld	a, (hl)
   067A 8A            [ 4] 1130 	adc	a, d
   067B 77            [ 7] 1131 	ld	(hl), a
                           1132 ;src/game.c:210: g_victory = 1;
   067C 21r8Br00      [10] 1133 	ld	hl,#_g_victory + 0
   067F 36 01         [10] 1134 	ld	(hl), #0x01
   0681                    1135 00133$:
                           1136 ;src/game.c:190: for (i = 0; i < MAX_PROJECTILES; ++i) {
   0681 0C            [ 4] 1137 	inc	c
   0682 79            [ 4] 1138 	ld	a, c
   0683 D6 06         [ 7] 1139 	sub	a, #0x06
   0685 DAr46r04      [10] 1140 	jp	C, 00176$
                           1141 ;src/game.c:216: for (i = 0; i < MAX_ENEMIES; ++i) {
                           1142 ;src/game.c:215: if (!g_damagecooldown) {
   0688 3Ar89r00      [13] 1143 	ld	a,(#_g_damagecooldown + 0)
   068B B7            [ 4] 1144 	or	a, a
   068C C2rF6r07      [10] 1145 	jp	NZ, 00149$
                           1146 ;src/game.c:216: for (i = 0; i < MAX_ENEMIES; ++i) {
   068F DD 36 E8 00   [19] 1147 	ld	-24 (ix), #0x00
   0693                    1148 00177$:
                           1149 ;src/game.c:217: if (!g_enemies[i].active) continue;
   0693 DD 4E E8      [19] 1150 	ld	c,-24 (ix)
   0696 06 00         [ 7] 1151 	ld	b,#0x00
   0698 69            [ 4] 1152 	ld	l, c
   0699 60            [ 4] 1153 	ld	h, b
   069A 29            [11] 1154 	add	hl, hl
   069B 29            [11] 1155 	add	hl, hl
   069C 09            [11] 1156 	add	hl, bc
   069D 29            [11] 1157 	add	hl, hl
   069E 4D            [ 4] 1158 	ld	c, l
   069F 44            [ 4] 1159 	ld	b, h
   06A0 21r09r00      [10] 1160 	ld	hl, #_g_enemies
   06A3 09            [11] 1161 	add	hl,bc
   06A4 DD 75 F2      [19] 1162 	ld	-14 (ix), l
   06A7 DD 74 F3      [19] 1163 	ld	-13 (ix), h
   06AA 11 06 00      [10] 1164 	ld	de, #0x0006
   06AD 19            [11] 1165 	add	hl, de
   06AE 7E            [ 7] 1166 	ld	a, (hl)
   06AF B7            [ 4] 1167 	or	a, a
   06B0 CAr40r07      [10] 1168 	jp	Z, 00139$
                           1169 ;src/game.c:219: (i16)g_enemies[i].x, (i16)g_enemies[i].y, g_enemies[i].w, g_enemies[i].h)) {
   06B3 DD 7E F2      [19] 1170 	ld	a, -14 (ix)
   06B6 DD 77 F4      [19] 1171 	ld	-12 (ix), a
   06B9 DD 7E F3      [19] 1172 	ld	a, -13 (ix)
   06BC DD 77 F5      [19] 1173 	ld	-11 (ix), a
   06BF DD 6E F4      [19] 1174 	ld	l,-12 (ix)
   06C2 DD 66 F5      [19] 1175 	ld	h,-11 (ix)
   06C5 11 05 00      [10] 1176 	ld	de, #0x0005
   06C8 19            [11] 1177 	add	hl, de
   06C9 7E            [ 7] 1178 	ld	a, (hl)
   06CA DD 77 F4      [19] 1179 	ld	-12 (ix), a
   06CD DD 6E F2      [19] 1180 	ld	l,-14 (ix)
   06D0 DD 66 F3      [19] 1181 	ld	h,-13 (ix)
   06D3 11 04 00      [10] 1182 	ld	de, #0x0004
   06D6 19            [11] 1183 	add	hl, de
   06D7 7E            [ 7] 1184 	ld	a, (hl)
   06D8 DD 77 F6      [19] 1185 	ld	-10 (ix), a
   06DB DD 6E F2      [19] 1186 	ld	l,-14 (ix)
   06DE DD 66 F3      [19] 1187 	ld	h,-13 (ix)
   06E1 23            [ 6] 1188 	inc	hl
   06E2 4E            [ 7] 1189 	ld	c, (hl)
   06E3 06 00         [ 7] 1190 	ld	b, #0x00
   06E5 DD 6E F2      [19] 1191 	ld	l,-14 (ix)
   06E8 DD 66 F3      [19] 1192 	ld	h,-13 (ix)
   06EB 5E            [ 7] 1193 	ld	e, (hl)
   06EC 16 00         [ 7] 1194 	ld	d, #0x00
                           1195 ;src/game.c:218: if (rect_overlap((i16)g_player.x, (i16)g_player.y, g_player.w, g_player.h,
   06EE 3Ar05r00      [13] 1196 	ld	a,(#(_g_player + 0x0005) + 0)
   06F1 DD 77 F2      [19] 1197 	ld	-14 (ix), a
   06F4 3Ar04r00      [13] 1198 	ld	a,(#(_g_player + 0x0004) + 0)
   06F7 DD 77 F8      [19] 1199 	ld	-8 (ix), a
   06FA 3Ar01r00      [13] 1200 	ld	a, (#(_g_player + 0x0001) + 0)
   06FD DD 77 FA      [19] 1201 	ld	-6 (ix), a
   0700 DD 36 FB 00   [19] 1202 	ld	-5 (ix), #0x00
   0704 3Ar00r00      [13] 1203 	ld	a, (#_g_player + 0)
   0707 DD 77 EC      [19] 1204 	ld	-20 (ix), a
   070A DD 36 ED 00   [19] 1205 	ld	-19 (ix), #0x00
   070E DD 66 F4      [19] 1206 	ld	h, -12 (ix)
   0711 DD 6E F6      [19] 1207 	ld	l, -10 (ix)
   0714 E5            [11] 1208 	push	hl
   0715 C5            [11] 1209 	push	bc
   0716 D5            [11] 1210 	push	de
   0717 DD 66 F2      [19] 1211 	ld	h, -14 (ix)
   071A DD 6E F8      [19] 1212 	ld	l, -8 (ix)
   071D E5            [11] 1213 	push	hl
   071E DD 6E FA      [19] 1214 	ld	l,-6 (ix)
   0721 DD 66 FB      [19] 1215 	ld	h,-5 (ix)
   0724 E5            [11] 1216 	push	hl
   0725 DD 6E EC      [19] 1217 	ld	l,-20 (ix)
   0728 DD 66 ED      [19] 1218 	ld	h,-19 (ix)
   072B E5            [11] 1219 	push	hl
   072C CDr19r00      [17] 1220 	call	_rect_overlap
   072F FD 21 0C 00   [14] 1221 	ld	iy, #12
   0733 FD 39         [15] 1222 	add	iy, sp
   0735 FD F9         [10] 1223 	ld	sp, iy
   0737 7D            [ 4] 1224 	ld	a, l
   0738 B7            [ 4] 1225 	or	a, a
   0739 28 05         [12] 1226 	jr	Z,00139$
                           1227 ;src/game.c:220: register_player_hit();
   073B CDr84r02      [17] 1228 	call	_register_player_hit
                           1229 ;src/game.c:221: break;
   073E 18 0B         [12] 1230 	jr	00140$
   0740                    1231 00139$:
                           1232 ;src/game.c:216: for (i = 0; i < MAX_ENEMIES; ++i) {
   0740 DD 34 E8      [23] 1233 	inc	-24 (ix)
   0743 DD 7E E8      [19] 1234 	ld	a, -24 (ix)
   0746 D6 06         [ 7] 1235 	sub	a, #0x06
   0748 DAr93r06      [10] 1236 	jp	C, 00177$
   074B                    1237 00140$:
                           1238 ;src/game.c:225: if (!g_damagecooldown && g_bossactive && rect_overlap((i16)g_player.x, (i16)g_player.y, g_player.w, g_player.h,
   074B 3Ar89r00      [13] 1239 	ld	a,(#_g_damagecooldown + 0)
   074E B7            [ 4] 1240 	or	a, a
   074F 20 6E         [12] 1241 	jr	NZ,00142$
   0751 3Ar9Cr00      [13] 1242 	ld	a,(#_g_bossactive + 0)
   0754 B7            [ 4] 1243 	or	a, a
   0755 28 68         [12] 1244 	jr	Z,00142$
                           1245 ;src/game.c:226: (i16)g_boss.x, (i16)g_boss.y, g_boss.w, g_boss.h)) {
   0757 3Ar97r00      [13] 1246 	ld	a,(#(_g_boss + 0x0005) + 0)
   075A DD 77 F2      [19] 1247 	ld	-14 (ix), a
   075D 3Ar96r00      [13] 1248 	ld	a,(#(_g_boss + 0x0004) + 0)
   0760 DD 77 F4      [19] 1249 	ld	-12 (ix), a
   0763 21r93r00      [10] 1250 	ld	hl, #(_g_boss + 0x0001) + 0
   0766 5E            [ 7] 1251 	ld	e, (hl)
   0767 16 00         [ 7] 1252 	ld	d, #0x00
   0769 21r92r00      [10] 1253 	ld	hl, #_g_boss + 0
   076C 4E            [ 7] 1254 	ld	c, (hl)
   076D 06 00         [ 7] 1255 	ld	b, #0x00
                           1256 ;src/game.c:225: if (!g_damagecooldown && g_bossactive && rect_overlap((i16)g_player.x, (i16)g_player.y, g_player.w, g_player.h,
   076F 3Ar05r00      [13] 1257 	ld	a,(#(_g_player + 0x0005) + 0)
   0772 DD 77 F6      [19] 1258 	ld	-10 (ix), a
   0775 3Ar04r00      [13] 1259 	ld	a,(#(_g_player + 0x0004) + 0)
   0778 DD 77 F8      [19] 1260 	ld	-8 (ix), a
   077B 3Ar01r00      [13] 1261 	ld	a, (#(_g_player + 0x0001) + 0)
   077E DD 77 FA      [19] 1262 	ld	-6 (ix), a
   0781 DD 36 FB 00   [19] 1263 	ld	-5 (ix), #0x00
   0785 3Ar00r00      [13] 1264 	ld	a, (#_g_player + 0)
   0788 DD 77 EC      [19] 1265 	ld	-20 (ix), a
   078B DD 36 ED 00   [19] 1266 	ld	-19 (ix), #0x00
   078F DD 66 F2      [19] 1267 	ld	h, -14 (ix)
   0792 DD 6E F4      [19] 1268 	ld	l, -12 (ix)
   0795 E5            [11] 1269 	push	hl
   0796 D5            [11] 1270 	push	de
   0797 C5            [11] 1271 	push	bc
   0798 DD 66 F6      [19] 1272 	ld	h, -10 (ix)
   079B DD 6E F8      [19] 1273 	ld	l, -8 (ix)
   079E E5            [11] 1274 	push	hl
   079F DD 6E FA      [19] 1275 	ld	l,-6 (ix)
   07A2 DD 66 FB      [19] 1276 	ld	h,-5 (ix)
   07A5 E5            [11] 1277 	push	hl
   07A6 DD 6E EC      [19] 1278 	ld	l,-20 (ix)
   07A9 DD 66 ED      [19] 1279 	ld	h,-19 (ix)
   07AC E5            [11] 1280 	push	hl
   07AD CDr19r00      [17] 1281 	call	_rect_overlap
   07B0 FD 21 0C 00   [14] 1282 	ld	iy, #12
   07B4 FD 39         [15] 1283 	add	iy, sp
   07B6 FD F9         [10] 1284 	ld	sp, iy
   07B8 7D            [ 4] 1285 	ld	a, l
   07B9 B7            [ 4] 1286 	or	a, a
   07BA 28 03         [12] 1287 	jr	Z,00142$
                           1288 ;src/game.c:227: register_player_hit();
   07BC CDr84r02      [17] 1289 	call	_register_player_hit
   07BF                    1290 00142$:
                           1291 ;src/game.c:230: if (!g_damagecooldown && collision_is_on_trap((i16)g_player.x, (i16)g_player.y, g_player.w, g_player.h)) {
   07BF 3Ar89r00      [13] 1292 	ld	a,(#_g_damagecooldown + 0)
   07C2 B7            [ 4] 1293 	or	a, a
   07C3 20 31         [12] 1294 	jr	NZ,00149$
   07C5 3Ar05r00      [13] 1295 	ld	a, (#(_g_player + 0x0005) + 0)
   07C8 21r04r00      [10] 1296 	ld	hl, #(_g_player + 0x0004) + 0
   07CB 56            [ 7] 1297 	ld	d, (hl)
   07CC 21r01r00      [10] 1298 	ld	hl, #(_g_player + 0x0001) + 0
   07CF 4E            [ 7] 1299 	ld	c, (hl)
   07D0 06 00         [ 7] 1300 	ld	b, #0x00
   07D2 21r00r00      [10] 1301 	ld	hl, #_g_player + 0
   07D5 6E            [ 7] 1302 	ld	l, (hl)
   07D6 DD 75 F2      [19] 1303 	ld	-14 (ix), l
   07D9 DD 36 F3 00   [19] 1304 	ld	-13 (ix), #0x00
   07DD F5            [11] 1305 	push	af
   07DE 33            [ 6] 1306 	inc	sp
   07DF D5            [11] 1307 	push	de
   07E0 33            [ 6] 1308 	inc	sp
   07E1 C5            [11] 1309 	push	bc
   07E2 DD 6E F2      [19] 1310 	ld	l,-14 (ix)
   07E5 DD 66 F3      [19] 1311 	ld	h,-13 (ix)
   07E8 E5            [11] 1312 	push	hl
   07E9 CDr00r00      [17] 1313 	call	_collision_is_on_trap
   07EC F1            [10] 1314 	pop	af
   07ED F1            [10] 1315 	pop	af
   07EE F1            [10] 1316 	pop	af
   07EF 7D            [ 4] 1317 	ld	a, l
   07F0 B7            [ 4] 1318 	or	a, a
   07F1 28 03         [12] 1319 	jr	Z,00149$
                           1320 ;src/game.c:231: register_player_hit();
   07F3 CDr84r02      [17] 1321 	call	_register_player_hit
   07F6                    1322 00149$:
                           1323 ;src/game.c:235: if (!g_checkpointactive && g_player.x >= 44) {
   07F6 FD 21r91r00   [14] 1324 	ld	iy, #_g_checkpointactive
   07FA FD 7E 00      [19] 1325 	ld	a, 0 (iy)
   07FD B7            [ 4] 1326 	or	a, a
   07FE 20 1E         [12] 1327 	jr	NZ,00151$
   0800 3Ar00r00      [13] 1328 	ld	a, (#_g_player + 0)
   0803 D6 2C         [ 7] 1329 	sub	a, #0x2c
   0805 38 17         [12] 1330 	jr	C,00151$
                           1331 ;src/game.c:236: g_checkpointactive = 1;
   0807 FD 36 00 01   [19] 1332 	ld	0 (iy), #0x01
                           1333 ;src/game.c:237: g_checkpointx = 44;
   080B 21r8Fr00      [10] 1334 	ld	hl,#_g_checkpointx + 0
   080E 36 2C         [10] 1335 	ld	(hl), #0x2c
                           1336 ;src/game.c:238: g_checkpointy = (u8)(tilemap_ground_y() - g_player.h);
   0810 CDr00r00      [17] 1337 	call	_tilemap_ground_y
   0813 4D            [ 4] 1338 	ld	c, l
   0814 21r05r00      [10] 1339 	ld	hl, #(_g_player + 0x0005) + 0
   0817 46            [ 7] 1340 	ld	b, (hl)
   0818 21r90r00      [10] 1341 	ld	hl, #_g_checkpointy
   081B 79            [ 4] 1342 	ld	a, c
   081C 90            [ 4] 1343 	sub	a, b
   081D 77            [ 7] 1344 	ld	(hl), a
   081E                    1345 00151$:
                           1346 ;src/game.c:241: g_weapondisplay = 1;
   081E 21r85r00      [10] 1347 	ld	hl,#_g_weapondisplay + 0
   0821 36 01         [10] 1348 	ld	(hl), #0x01
                           1349 ;src/game.c:243: if (!g_bossactive && g_aliveenemies == 0 && !g_gameover) {
   0823 3Ar9Cr00      [13] 1350 	ld	a,(#_g_bossactive + 0)
   0826 B7            [ 4] 1351 	or	a, a
   0827 20 45         [12] 1352 	jr	NZ,00162$
   0829 3Ar87r00      [13] 1353 	ld	a,(#_g_aliveenemies + 0)
   082C B7            [ 4] 1354 	or	a, a
   082D 20 3F         [12] 1355 	jr	NZ,00162$
   082F 3Ar8Cr00      [13] 1356 	ld	a,(#_g_gameover + 0)
   0832 B7            [ 4] 1357 	or	a, a
   0833 20 39         [12] 1358 	jr	NZ,00162$
                           1359 ;src/game.c:244: if (g_currentwave < TOTAL_WAVES) {
   0835 3Ar86r00      [13] 1360 	ld	a,(#_g_currentwave + 0)
   0838 D6 03         [ 7] 1361 	sub	a, #0x03
   083A 30 20         [12] 1362 	jr	NC,00159$
                           1363 ;src/game.c:245: if (g_wavecooldown == 0) {
   083C 3Ar88r00      [13] 1364 	ld	a,(#_g_wavecooldown + 0)
   083F B7            [ 4] 1365 	or	a, a
   0840 20 14         [12] 1366 	jr	NZ,00154$
                           1367 ;src/game.c:246: spawn_wave(g_currentwave);
   0842 3Ar86r00      [13] 1368 	ld	a, (_g_currentwave)
   0845 F5            [11] 1369 	push	af
   0846 33            [ 6] 1370 	inc	sp
   0847 CDrA6r00      [17] 1371 	call	_spawn_wave
   084A 33            [ 6] 1372 	inc	sp
                           1373 ;src/game.c:247: g_currentwave++;
   084B 21r86r00      [10] 1374 	ld	hl, #_g_currentwave+0
   084E 34            [11] 1375 	inc	(hl)
                           1376 ;src/game.c:248: g_wavecooldown = 90;
   084F 21r88r00      [10] 1377 	ld	hl,#_g_wavecooldown + 0
   0852 36 5A         [10] 1378 	ld	(hl), #0x5a
   0854 18 18         [12] 1379 	jr	00162$
   0856                    1380 00154$:
                           1381 ;src/game.c:250: g_wavecooldown--;
   0856 21r88r00      [10] 1382 	ld	hl, #_g_wavecooldown+0
   0859 35            [11] 1383 	dec	(hl)
   085A 18 12         [12] 1384 	jr	00162$
   085C                    1385 00159$:
                           1386 ;src/game.c:252: } else if (g_player.x >= (u8)(tilemap_goal_x() - 2)) {
   085C 21r00r00      [10] 1387 	ld	hl, #_g_player + 0
   085F 4E            [ 7] 1388 	ld	c, (hl)
   0860 C5            [11] 1389 	push	bc
   0861 CDr00r00      [17] 1390 	call	_tilemap_goal_x
   0864 C1            [10] 1391 	pop	bc
   0865 2D            [ 4] 1392 	dec	l
   0866 2D            [ 4] 1393 	dec	l
   0867 79            [ 4] 1394 	ld	a, c
   0868 95            [ 4] 1395 	sub	a, l
   0869 38 03         [12] 1396 	jr	C,00162$
                           1397 ;src/game.c:253: spawn_boss();
   086B CDrA6r01      [17] 1398 	call	_spawn_boss
   086E                    1399 00162$:
                           1400 ;src/game.c:257: g_framecounter++;
   086E FD 21r8Dr00   [14] 1401 	ld	iy, #_g_framecounter
   0872 FD 34 00      [23] 1402 	inc	0 (iy)
   0875 20 03         [12] 1403 	jr	NZ,00370$
   0877 FD 34 01      [23] 1404 	inc	1 (iy)
   087A                    1405 00370$:
                           1406 ;src/game.c:258: if ((g_framecounter % 50) == 0 && g_timeleft > 0) {
   087A 21 32 00      [10] 1407 	ld	hl, #0x0032
   087D E5            [11] 1408 	push	hl
   087E 2Ar8Dr00      [16] 1409 	ld	hl, (_g_framecounter)
   0881 E5            [11] 1410 	push	hl
   0882 CDr00r00      [17] 1411 	call	__moduint
   0885 F1            [10] 1412 	pop	af
   0886 F1            [10] 1413 	pop	af
   0887 7C            [ 4] 1414 	ld	a, h
   0888 B5            [ 4] 1415 	or	a,l
   0889 20 0D         [12] 1416 	jr	NZ,00166$
   088B FD 21r84r00   [14] 1417 	ld	iy, #_g_timeleft
   088F FD 7E 00      [19] 1418 	ld	a, 0 (iy)
   0892 B7            [ 4] 1419 	or	a, a
   0893 28 03         [12] 1420 	jr	Z,00166$
                           1421 ;src/game.c:259: g_timeleft--;
   0895 FD 35 00      [23] 1422 	dec	0 (iy)
   0898                    1423 00166$:
                           1424 ;src/game.c:261: if (g_timeleft == 0 && !g_victory) {
   0898 3Ar84r00      [13] 1425 	ld	a,(#_g_timeleft + 0)
   089B B7            [ 4] 1426 	or	a, a
   089C 20 0B         [12] 1427 	jr	NZ,00169$
   089E 3Ar8Br00      [13] 1428 	ld	a,(#_g_victory + 0)
   08A1 B7            [ 4] 1429 	or	a, a
   08A2 20 05         [12] 1430 	jr	NZ,00169$
                           1431 ;src/game.c:262: g_gameover = 1;
   08A4 21r8Cr00      [10] 1432 	ld	hl,#_g_gameover + 0
   08A7 36 01         [10] 1433 	ld	(hl), #0x01
   08A9                    1434 00169$:
                           1435 ;src/game.c:265: hudupdate(g_lives, g_score, g_timeleft, g_weapondisplay);
   08A9 3Ar85r00      [13] 1436 	ld	a, (_g_weapondisplay)
   08AC F5            [11] 1437 	push	af
   08AD 33            [ 6] 1438 	inc	sp
   08AE 3Ar84r00      [13] 1439 	ld	a, (_g_timeleft)
   08B1 F5            [11] 1440 	push	af
   08B2 33            [ 6] 1441 	inc	sp
   08B3 2Ar82r00      [16] 1442 	ld	hl, (_g_score)
   08B6 E5            [11] 1443 	push	hl
   08B7 3Ar81r00      [13] 1444 	ld	a, (_g_lives)
   08BA F5            [11] 1445 	push	af
   08BB 33            [ 6] 1446 	inc	sp
   08BC CDr00r00      [17] 1447 	call	_hudupdate
   08BF F1            [10] 1448 	pop	af
   08C0 F1            [10] 1449 	pop	af
   08C1 33            [ 6] 1450 	inc	sp
   08C2                    1451 00178$:
   08C2 DD F9         [10] 1452 	ld	sp, ix
   08C4 DD E1         [14] 1453 	pop	ix
   08C6 C9            [10] 1454 	ret
                           1455 ;src/game.c:268: void game_render(void) {
                           1456 ;	---------------------------------
                           1457 ; Function game_render
                           1458 ; ---------------------------------
   08C7                    1459 _game_render::
                           1460 ;src/game.c:271: cpct_clearScreen(0x00);
   08C7 21 00 40      [10] 1461 	ld	hl, #0x4000
   08CA E5            [11] 1462 	push	hl
   08CB AF            [ 4] 1463 	xor	a, a
   08CC F5            [11] 1464 	push	af
   08CD 33            [ 6] 1465 	inc	sp
   08CE 26 C0         [ 7] 1466 	ld	h, #0xc0
   08D0 E5            [11] 1467 	push	hl
   08D1 CDr00r00      [17] 1468 	call	_cpct_memset
                           1469 ;src/game.c:272: tilemap_render();
   08D4 CDr00r00      [17] 1470 	call	_tilemap_render
                           1471 ;src/game.c:274: for (i = 0; i < MAX_PROJECTILES; ++i) {
   08D7 0E 00         [ 7] 1472 	ld	c, #0x00
   08D9                    1473 00113$:
                           1474 ;src/game.c:275: projectilerender(&g_projectiles[i]);
   08D9 06 00         [ 7] 1475 	ld	b,#0x00
   08DB 69            [ 4] 1476 	ld	l, c
   08DC 60            [ 4] 1477 	ld	h, b
   08DD 29            [11] 1478 	add	hl, hl
   08DE 29            [11] 1479 	add	hl, hl
   08DF 09            [11] 1480 	add	hl, bc
   08E0 29            [11] 1481 	add	hl, hl
   08E1 11r45r00      [10] 1482 	ld	de, #_g_projectiles
   08E4 19            [11] 1483 	add	hl, de
   08E5 C5            [11] 1484 	push	bc
   08E6 E5            [11] 1485 	push	hl
   08E7 CDr00r00      [17] 1486 	call	_projectilerender
   08EA F1            [10] 1487 	pop	af
   08EB C1            [10] 1488 	pop	bc
                           1489 ;src/game.c:274: for (i = 0; i < MAX_PROJECTILES; ++i) {
   08EC 0C            [ 4] 1490 	inc	c
   08ED 79            [ 4] 1491 	ld	a, c
   08EE D6 06         [ 7] 1492 	sub	a, #0x06
   08F0 38 E7         [12] 1493 	jr	C,00113$
                           1494 ;src/game.c:278: for (i = 0; i < MAX_ENEMIES; ++i) {
   08F2 0E 00         [ 7] 1495 	ld	c, #0x00
   08F4                    1496 00115$:
                           1497 ;src/game.c:279: enemyrender(&g_enemies[i]);
   08F4 06 00         [ 7] 1498 	ld	b,#0x00
   08F6 69            [ 4] 1499 	ld	l, c
   08F7 60            [ 4] 1500 	ld	h, b
   08F8 29            [11] 1501 	add	hl, hl
   08F9 29            [11] 1502 	add	hl, hl
   08FA 09            [11] 1503 	add	hl, bc
   08FB 29            [11] 1504 	add	hl, hl
   08FC 11r09r00      [10] 1505 	ld	de, #_g_enemies
   08FF 19            [11] 1506 	add	hl, de
   0900 C5            [11] 1507 	push	bc
   0901 E5            [11] 1508 	push	hl
   0902 CDr00r00      [17] 1509 	call	_enemyrender
   0905 F1            [10] 1510 	pop	af
   0906 C1            [10] 1511 	pop	bc
                           1512 ;src/game.c:278: for (i = 0; i < MAX_ENEMIES; ++i) {
   0907 0C            [ 4] 1513 	inc	c
   0908 79            [ 4] 1514 	ld	a, c
   0909 D6 06         [ 7] 1515 	sub	a, #0x06
   090B 38 E7         [12] 1516 	jr	C,00115$
                           1517 ;src/game.c:282: if (g_bossactive) {
   090D 3Ar9Cr00      [13] 1518 	ld	a,(#_g_bossactive + 0)
   0910 B7            [ 4] 1519 	or	a, a
   0911 28 45         [12] 1520 	jr	Z,00104$
                           1521 ;src/game.c:283: enemyrender(&g_boss);
   0913 21r92r00      [10] 1522 	ld	hl, #_g_boss
   0916 E5            [11] 1523 	push	hl
   0917 CDr00r00      [17] 1524 	call	_enemyrender
                           1525 ;src/game.c:284: cpct_drawSolidBox(cpct_getScreenPtr(CPCT_VMEM_START, 24, 10), 0x44, 32, 2);
   091A 21 18 0A      [10] 1526 	ld	hl, #0x0a18
   091D E3            [19] 1527 	ex	(sp),hl
   091E 21 00 C0      [10] 1528 	ld	hl, #0xc000
   0921 E5            [11] 1529 	push	hl
   0922 CDr00r00      [17] 1530 	call	_cpct_getScreenPtr
   0925 01 20 02      [10] 1531 	ld	bc, #0x0220
   0928 C5            [11] 1532 	push	bc
   0929 3E 44         [ 7] 1533 	ld	a, #0x44
   092B F5            [11] 1534 	push	af
   092C 33            [ 6] 1535 	inc	sp
   092D E5            [11] 1536 	push	hl
   092E CDr00r00      [17] 1537 	call	_cpct_drawSolidBox
   0931 F1            [10] 1538 	pop	af
   0932 F1            [10] 1539 	pop	af
   0933 33            [ 6] 1540 	inc	sp
                           1541 ;src/game.c:285: cpct_drawSolidBox(cpct_getScreenPtr(CPCT_VMEM_START, 24, 10), 0x5C, (u8)(g_boss.health * 3), 2);
   0934 3Ar99r00      [13] 1542 	ld	a, (#_g_boss + 7)
   0937 4F            [ 4] 1543 	ld	c, a
   0938 87            [ 4] 1544 	add	a, a
   0939 81            [ 4] 1545 	add	a, c
   093A 57            [ 4] 1546 	ld	d, a
   093B D5            [11] 1547 	push	de
   093C 21 18 0A      [10] 1548 	ld	hl, #0x0a18
   093F E5            [11] 1549 	push	hl
   0940 21 00 C0      [10] 1550 	ld	hl, #0xc000
   0943 E5            [11] 1551 	push	hl
   0944 CDr00r00      [17] 1552 	call	_cpct_getScreenPtr
   0947 4D            [ 4] 1553 	ld	c, l
   0948 44            [ 4] 1554 	ld	b, h
   0949 D1            [10] 1555 	pop	de
   094A 3E 02         [ 7] 1556 	ld	a, #0x02
   094C F5            [11] 1557 	push	af
   094D 33            [ 6] 1558 	inc	sp
   094E 1E 5C         [ 7] 1559 	ld	e, #0x5c
   0950 D5            [11] 1560 	push	de
   0951 C5            [11] 1561 	push	bc
   0952 CDr00r00      [17] 1562 	call	_cpct_drawSolidBox
   0955 F1            [10] 1563 	pop	af
   0956 F1            [10] 1564 	pop	af
   0957 33            [ 6] 1565 	inc	sp
   0958                    1566 00104$:
                           1567 ;src/game.c:288: playerrender(&g_player);
   0958 21r00r00      [10] 1568 	ld	hl, #_g_player
   095B E5            [11] 1569 	push	hl
   095C CDr00r00      [17] 1570 	call	_playerrender
   095F F1            [10] 1571 	pop	af
                           1572 ;src/game.c:289: hudrender();
   0960 CDr00r00      [17] 1573 	call	_hudrender
                           1574 ;src/game.c:291: if (g_victory) {
   0963 3Ar8Br00      [13] 1575 	ld	a,(#_g_victory + 0)
   0966 B7            [ 4] 1576 	or	a, a
   0967 28 1B         [12] 1577 	jr	Z,00111$
                           1578 ;src/game.c:292: cpct_drawSolidBox(cpct_getScreenPtr(CPCT_VMEM_START, 28, 72), 0x5C, 24, 8);
   0969 21 1C 48      [10] 1579 	ld	hl, #0x481c
   096C E5            [11] 1580 	push	hl
   096D 21 00 C0      [10] 1581 	ld	hl, #0xc000
   0970 E5            [11] 1582 	push	hl
   0971 CDr00r00      [17] 1583 	call	_cpct_getScreenPtr
   0974 01 18 08      [10] 1584 	ld	bc, #0x0818
   0977 C5            [11] 1585 	push	bc
   0978 3E 5C         [ 7] 1586 	ld	a, #0x5c
   097A F5            [11] 1587 	push	af
   097B 33            [ 6] 1588 	inc	sp
   097C E5            [11] 1589 	push	hl
   097D CDr00r00      [17] 1590 	call	_cpct_drawSolidBox
   0980 F1            [10] 1591 	pop	af
   0981 F1            [10] 1592 	pop	af
   0982 33            [ 6] 1593 	inc	sp
   0983 C9            [10] 1594 	ret
   0984                    1595 00111$:
                           1596 ;src/game.c:293: } else if (g_gameover) {
   0984 3Ar8Cr00      [13] 1597 	ld	a,(#_g_gameover + 0)
   0987 B7            [ 4] 1598 	or	a, a
   0988 28 1B         [12] 1599 	jr	Z,00108$
                           1600 ;src/game.c:294: cpct_drawSolidBox(cpct_getScreenPtr(CPCT_VMEM_START, 28, 72), 0x4C, 24, 8);
   098A 21 1C 48      [10] 1601 	ld	hl, #0x481c
   098D E5            [11] 1602 	push	hl
   098E 21 00 C0      [10] 1603 	ld	hl, #0xc000
   0991 E5            [11] 1604 	push	hl
   0992 CDr00r00      [17] 1605 	call	_cpct_getScreenPtr
   0995 01 18 08      [10] 1606 	ld	bc, #0x0818
   0998 C5            [11] 1607 	push	bc
   0999 3E 4C         [ 7] 1608 	ld	a, #0x4c
   099B F5            [11] 1609 	push	af
   099C 33            [ 6] 1610 	inc	sp
   099D E5            [11] 1611 	push	hl
   099E CDr00r00      [17] 1612 	call	_cpct_drawSolidBox
   09A1 F1            [10] 1613 	pop	af
   09A2 F1            [10] 1614 	pop	af
   09A3 33            [ 6] 1615 	inc	sp
   09A4 C9            [10] 1616 	ret
   09A5                    1617 00108$:
                           1618 ;src/game.c:295: } else if (g_checkpointactive) {
   09A5 3Ar91r00      [13] 1619 	ld	a,(#_g_checkpointactive + 0)
   09A8 B7            [ 4] 1620 	or	a, a
   09A9 C8            [11] 1621 	ret	Z
                           1622 ;src/game.c:296: cpct_drawSolidBox(cpct_getScreenPtr(CPCT_VMEM_START, g_checkpointx, (u8)(g_checkpointy - 8)), 0x3A, 2, 8);
   09AA 3Ar90r00      [13] 1623 	ld	a,(#_g_checkpointy + 0)
   09AD C6 F8         [ 7] 1624 	add	a, #0xf8
   09AF 47            [ 4] 1625 	ld	b, a
   09B0 C5            [11] 1626 	push	bc
   09B1 33            [ 6] 1627 	inc	sp
   09B2 3Ar8Fr00      [13] 1628 	ld	a, (_g_checkpointx)
   09B5 F5            [11] 1629 	push	af
   09B6 33            [ 6] 1630 	inc	sp
   09B7 21 00 C0      [10] 1631 	ld	hl, #0xc000
   09BA E5            [11] 1632 	push	hl
   09BB CDr00r00      [17] 1633 	call	_cpct_getScreenPtr
   09BE 01 02 08      [10] 1634 	ld	bc, #0x0802
   09C1 C5            [11] 1635 	push	bc
   09C2 3E 3A         [ 7] 1636 	ld	a, #0x3a
   09C4 F5            [11] 1637 	push	af
   09C5 33            [ 6] 1638 	inc	sp
   09C6 E5            [11] 1639 	push	hl
   09C7 CDr00r00      [17] 1640 	call	_cpct_drawSolidBox
   09CA F1            [10] 1641 	pop	af
   09CB F1            [10] 1642 	pop	af
   09CC 33            [ 6] 1643 	inc	sp
   09CD C9            [10] 1644 	ret
                           1645 	.area _CODE
                           1646 	.area _INITIALIZER
                           1647 	.area _CABS (ABS)
